it=3 best=0.6111
it=896 best=0.5833
DONE
it=24 best=0.6000
DONE
it=1 best=3.5833
it=11 best=1.5833
it=157 best=0.6111
DONE
it=1 best=2.5000
it=365 best=1.5833
it=534 best=0.6000
DONE
it=7 best=0.6111
it=40 best=0.6000
DONE
it=5 best=1.5000
CEX NsH`CMAUX?jLUaFIOq_ twin_free=False chi4=False
it=8 best=0.5000
CEX Ndh`CMAU\?jLUaFIOq_ twin_free=False chi4=False
DONE
it=12 best=1.5833
it=218 best=0.6250
DONE
it=3 best=2.5833
it=6 best=1.6111
it=13 best=0.6000
DONE
it=10 best=0.6000
DONE
it=4 best=4.1667
it=12 best=3.5000
it=23 best=2.5833
it=29 best=1.5833
it=92 best=0.6250
it=397 best=0.5833
DONE
it=0 best=4.5000
it=2 best=1.5833
it=7 best=0.5833
DONE
it=3 best=3.5000
it=5 best=1.5000
it=8 best=0.6111
it=10 best=0.5833
DONE
it=1 best=3.0000
it=4 best=2.5000
it=7 best=1.5000
it=43 best=0.6250
DONE
it=2 best=0.6111
it=54 best=0.6000
DONE
it=5 best=2.6111
it=7 best=2.5833
it=10 best=1.5833
it=41 best=0.6250
it=900 best=0.5833
DONE
it=3 best=3.5000
it=4 best=2.5667
it=9 best=1.5833
it=222 best=0.6000
DONE
it=1 best=4.0000
it=5 best=3.5000
it=6 best=2.5000
it=11 best=1.5833
it=29 best=0.6000
DONE
it=14 best=1.5833
it=51 best=0.6250
DONE
it=6 best=1.5000
it=9 best=0.6250
it=11 best=0.6111
it=15 best=0.6000
DONE
it=0 best=4.5667
it=3 best=3.5833
it=6 best=2.5833
it=10 best=1.5833
it=72 best=0.6000
DONE
it=601 best=0.5833
DONE
it=0 best=3.5000
it=6 best=0.6000
it=9 best=0.5833
DONE
it=3 best=0.6111
it=971 best=0.5833
DONE
it=11 best=0.6000
DONE
it=361 best=0.6000
it=742 best=0.5833
DONE
it=16 best=1.5833
it=54 best=0.6250
DONE
it=9 best=1.6111
it=35 best=0.6111
it=36 best=0.6000
DONE
it=4 best=1.5833
it=22 best=0.5833
DONE
it=2 best=1.6111
it=12 best=0.6111
it=28 best=0.6000
DONE
it=0 best=2.5000
it=12 best=1.5000
it=26 best=0.6111
it=31 best=0.5833
DONE
it=6 best=5.5000
it=13 best=3.5000
it=16 best=1.5000
it=21 best=0.5833
DONE
it=0 best=0.6000
DONE
DONE
it=5 best=2.5714
it=11 best=0.6111
DONE
it=11 best=1.5833
it=16 best=0.6250
DONE
DONE
it=275 best=1.5833
it=277 best=0.6000
DONE
it=1 best=0.5833
DONE
it=7 best=2.5000
it=8 best=0.6000
DONE
it=0 best=0.6250
it=10 best=0.6111
it=165 best=0.6000
DONE
it=28 best=0.6000
DONE
it=12 best=0.6250
it=34 best=0.6111
it=381 best=0.5833
DONE
it=0 best=0.5833
DONE
it=7 best=0.6111
it=22 best=0.6000
DONE
it=1 best=3.0000
it=4 best=1.0000
CEX N]R@QCx@m?fhCaaSdgO twin_free=False chi4=False
it=15 best=0.5000
DONE
it=4 best=2.5000
it=18 best=1.6111
it=51 best=1.5833
it=64 best=0.5833
DONE
it=1 best=1.5833
it=15 best=0.6000
DONE
it=6 best=3.5000
it=11 best=2.5833
it=38 best=1.5833
it=87 best=0.6250
DONE
it=13 best=2.6111
it=14 best=0.6111
it=451 best=0.5833
DONE
it=4 best=1.5833
it=5 best=0.6000
DONE
it=9 best=1.5833
it=25 best=0.5833
DONE
it=31 best=0.6000
DONE
it=3 best=3.5833
it=11 best=3.5667
it=12 best=2.5833
it=48 best=0.6000
DONE
it=6 best=1.6250
it=8 best=0.6250
it=9 best=0.5833
DONE
it=1 best=0.6250
it=16 best=0.5833
DONE
it=7 best=9.0000
it=10 best=4.5000
it=13 best=3.5833
it=20 best=3.5000
it=28 best=0.6250
it=840 best=0.5833
DONE
it=0 best=1.6250
it=11 best=0.6111
it=102 best=0.6000
DONE
it=1 best=2.5000
it=8 best=1.5833
it=25 best=0.6250
DONE
it=82 best=0.6000
DONE
it=4 best=2.5000
it=9 best=1.5000
it=11 best=0.6111
it=74 best=0.5833
DONE
it=4 best=1.6250
it=15 best=0.6111
it=29 best=0.6000
DONE
it=5 best=0.6111
DONE
DONE
it=3 best=1.6000
it=57 best=0.6250
DONE
it=1 best=1.4167
it=4 best=0.6111
it=6 best=0.6000
DONE
it=13 best=1.5833
it=19 best=0.6000
DONE
it=1 best=1.6111
it=12 best=1.5833
it=28 best=0.6250
DONE
it=6 best=2.3333
it=19 best=0.5833
DONE
it=3 best=1.5000
it=34 best=0.5833
DONE
it=8 best=2.5833
it=14 best=1.5833
it=19 best=0.6000
DONE
it=1 best=3.0000
it=3 best=2.0000
it=11 best=1.5000
it=22 best=0.6000
DONE
it=6 best=1.5833
it=12 best=0.5833
DONE
it=10 best=1.5000
it=21 best=0.5833
DONE
DONE
it=38 best=0.6111
it=184 best=0.5833
DONE
it=10 best=1.5000
it=28 best=0.6000
DONE
it=0 best=0.5833
DONE
it=17 best=0.6250
DONE
it=2 best=2.5000
it=18 best=0.6111
it=69 best=0.6000
DONE
it=1 best=1.0909
it=13 best=0.6111
it=1133 best=0.5833
DONE
it=3 best=1.6111
it=23 best=1.5833
it=36 best=0.6250
DONE
it=2 best=3.5833
it=6 best=2.6250
it=7 best=0.6250
it=10 best=0.5833
DONE
it=15 best=0.6111
it=76 best=0.6000
DONE
it=25 best=1.5833
it=32 best=0.6000
DONE
it=1228 best=0.5833
DONE
it=7 best=1.0833
it=64 best=0.6111
it=503 best=0.5833
DONE
CEX N?SFnhCkLWGBAx|?tC_ twin_free=False chi4=False
it=27 best=0.5000
DONE
DONE
it=1 best=2.1667
CEX NP_[IfOpE_LO@ZI]DV? twin_free=False chi4=False
it=9 best=0.5000
CEX NP_[IvOpE_LO@ZG]DV? twin_free=False chi4=False
CEX NP_[IvOpE_LO@ZImDV? twin_free=False chi4=False
DONE
it=1 best=3.5000
it=2 best=2.5000
it=15 best=1.5833
it=55 best=0.6000
DONE
it=142 best=1.6000
it=167 best=0.6250
DONE
it=13 best=2.9611
it=21 best=1.9611
DONE
DONE
it=16 best=3.2333
it=33 best=2.3833
DONE
it=21 best=2.9611
it=372 best=1.9611
DONE
it=24 best=2.9611
it=52 best=1.9611
DONE
DONE
it=10 best=1.8111
it=317 best=1.2250
it=796 best=0.7500
DONE
it=646 best=1.3333
it=682 best=1.2250
DONE
it=0 best=6.1000
it=3 best=4.8000
it=4 best=3.8000
it=14 best=2.9500
it=16 best=1.2250
DONE
it=0 best=4.3000
it=4 best=3.3000
it=11 best=2.3000
it=13 best=2.1500
it=14 best=1.3000
it=18 best=1.1500
DONE
it=1 best=0.7500
CEX NO\sM_C`?VmUA{GsYCG twin_free=False chi4=False
DONE
it=1 best=2.3000
it=2 best=1.9500
CEX NoQXpIWKAFm?_taTGsG twin_free=False chi4=False
it=3 best=0.8000
CEX NoQXpGwKAFm?_|aTGsG twin_free=False chi4=False
CEX NoQXpGwMAFm?_|_TGsG twin_free=False chi4=False
DONE
it=4 best=1.6500
CEX NFCGVEGWjL[oDSPgT?W twin_free=True chi4=False
it=11 best=0.5000
CEX NFCGVEGWjL[oDSDg\?W twin_free=False chi4=False
DONE
it=2 best=5.1000
it=3 best=2.9500
it=49 best=2.3833
DONE
DONE
it=65 best=3.6000
DONE
it=1 best=2.1000
it=6 best=1.9611
DONE
it=5 best=2.5500
CEX NPDi_gSa}RD[IwqWY?o twin_free=False chi4=False
it=11 best=1.5500
DONE
it=2 best=7.7000
it=10 best=7.2500
it=11 best=4.1000
it=14 best=2.1000
it=15 best=1.9500
CEX NBEk_HiiPUQKPFPd\G? twin_free=False chi4=False
it=17 best=0.9500
DONE
it=0 best=4.2500
it=1 best=3.3333
it=8 best=3.1111
it=412 best=2.3833
DONE
it=23 best=3.3000
it=43 best=2.3000
it=44 best=1.9500
it=138 best=1.8111
it=309 best=1.2250
DONE
it=5 best=2.3333
it=10 best=2.2333
DONE
it=3 best=0.7500
CEX N?cVN_Q@ZOlccB{C@kW twin_free=False chi4=False
DONE
DONE
DONE
DONE
DONE
CEX NPUKU`UHokWBX_aMcwg twin_free=False chi4=False
it=4 best=1.5500
DONE
it=275 best=1.3333
DONE
it=7 best=1.9611
DONE
CEX N_lqTaE`b`q?WLQ\?x_ twin_free=False chi4=False
DONE
DONE
it=0 best=4.1500
it=5 best=3.8500
it=42 best=2.2333
it=506 best=1.9611
DONE
it=3 best=4.1000
it=8 best=2.9500
DONE
it=2 best=3.4667
it=5 best=3.4500
it=10 best=3.1500
it=12 best=2.3000
it=30 best=2.1000
it=34 best=1.9500
DONE
it=7 best=4.3833
it=9 best=3.6000
DONE
it=18 best=1.9611
DONE
it=84 best=2.3833
DONE
it=2 best=4.1500
it=7 best=3.5409
it=8 best=3.2500
it=13 best=3.1000
it=31 best=1.2250
DONE
it=3448 best=3.4750
DONE
DONE
DONE
it=0 best=4.9500
it=3 best=4.1000
it=6 best=2.5409
it=10 best=1.8500
CEX NE?nOCU@`q|MMCy[WgO twin_free=False chi4=False
it=55 best=1.5500
DONE
it=29 best=2.9611
it=31 best=2.1111
DONE
it=6 best=1.2250
DONE
DONE
it=1 best=3.1000
it=56 best=2.3833
DONE
it=8 best=5.0333
it=172 best=3.9000
DONE
it=38 best=1.9611
DONE
DONE
it=0 best=1.9611
DONE
it=6 best=4.5167
it=8 best=4.2333
it=10 best=3.1111
DONE
it=1 best=4.9500
it=2 best=4.1000
it=3 best=1.2250
DONE
it=3 best=4.1000
it=5 best=2.6455
it=69 best=2.3833
DONE
it=8 best=3.4000
it=14 best=1.8833
it=27 best=1.8111
it=99 best=1.2250
DONE
DONE
it=84 best=0.7500
CEX NF@LGF_QfQAmyOEgSiG twin_free=False chi4=False
CEX NF@LGf_QfQ?my@EgSiG twin_free=False chi4=False
DONE
it=45 best=4.6667
it=59 best=3.3000
it=578 best=2.3833
it=633 best=2.1111
DONE
it=8 best=1.3833
it=207 best=0.7500
CEX NXsSaNCcPRGRJ@CWdqG twin_free=False chi4=False
DONE
it=0 best=4.3000
it=1 best=3.1500
it=3 best=2.9500
it=5 best=1.9500
CEX NXSUeGma@[CYHcsJcYG twin_free=False chi4=False
it=22 best=1.8500
DONE
it=2 best=3.3000
it=723 best=2.3833
it=739 best=2.1111
DONE
DONE
it=0 best=1.8000
it=3 best=1.3333
it=11 best=0.7500
DONE
it=3 best=2.2500
it=19 best=2.1000
it=31 best=1.8111
it=813 best=1.3333
it=828 best=1.2250
DONE
it=9 best=2.3333
it=25 best=1.2250
DONE
it=29 best=3.3333
it=31 best=2.2250
it=53 best=1.9611
DONE
it=0 best=5.2500
it=4 best=5.1000
it=5 best=4.2333
it=31 best=3.1111
it=36 best=2.1111
CEX NWsEEgmt@UeOpBoJY`? twin_free=False chi4=False
it=1927 best=1.8500
CEX NWsME_ft@UeOpBoJY`? twin_free=False chi4=False
DONE
it=0 best=3.3333
it=1 best=3.2333
it=5 best=2.3833
DONE
it=0 best=4.9500
it=5 best=4.4000
it=12 best=3.4000
it=19 best=1.8111
DONE
it=54 best=1.9611
DONE
it=14 best=1.2250
DONE
it=4 best=3.8000
it=13 best=3.3333
it=18 best=3.1111
it=37 best=2.1111
DONE
it=0 best=4.1500
it=3 best=4.1000
it=6 best=3.7000
it=7 best=3.1111
it=28 best=2.1111
DONE
it=53 best=1.9611
DONE
it=9 best=4.2333
it=92 best=3.1111
DONE
it=0 best=3.4667
CEX NKLMPiHhA`@JLgo@_ZG twin_free=False chi4=False
it=4 best=0.8000
DONE
it=4 best=4.5500
it=6 best=4.5333
it=10 best=3.2333
it=34 best=2.3833
DONE
CEX N?@nsjwIODQbIQsC~@? twin_free=False chi4=False
it=39 best=1.2500
CEX N?@nsjOIWDQbIQsC~@? twin_free=False chi4=False
it=68 best=0.9500
CEX N?@nsjWGWDQbIQsC~@? twin_free=False chi4=False
it=73 best=0.8000
DONE
it=7 best=3.9000
DONE
it=1 best=7.2333
it=9 best=4.2333
it=23 best=3.9000
DONE
DONE
CEX N@DT\ZOBIesA@JSp\?O twin_free=False chi4=False
it=0 best=0.8000
DONE
it=5 best=1.9500
it=65 best=1.8111
it=233 best=1.3333
it=248 best=1.2250
DONE
it=0 best=3.2250
it=6 best=1.2250
DONE
it=13 best=2.3833
DONE
it=2 best=3.2250
it=6 best=2.2250
it=11 best=1.2250
DONE
it=0 best=1.0000
DONE
it=3 best=1.9611
DONE
it=2 best=5.0833
it=8 best=4.2333
it=41 best=3.1111
it=52 best=2.1111
DONE
it=2 best=1.9611
DONE
it=5 best=4.9611
it=15 best=3.8111
it=23 best=3.1111
DONE
it=16 best=3.2333
it=18 best=2.3833
DONE
it=9 best=2.6333
it=16 best=1.4667
CEX NFomHSDwGi@REgwIWgo twin_free=False chi4=False
it=17 best=1.2500
it=87 best=1.2250
DONE
it=1 best=5.7000
it=8 best=4.5500
it=19 best=3.3333
it=27 best=2.3333
it=43 best=1.2250
DONE
it=1 best=1.3833
it=44 best=1.3000
it=77 best=1.1500
it=103 best=0.7500
CEX N@s_F?TBv@`xt_t_[S? twin_free=False chi4=False
DONE
it=6 best=3.3333
it=14 best=3.2333
it=19 best=2.3833
DONE
it=0 best=5.0000
it=4 best=3.8500
it=52 best=3.2333
it=73 best=2.3833
DONE
it=4 best=3.5000
it=11 best=2.9500
it=52 best=2.2250
it=59 best=1.2250
DONE
CEX NbiPITcg?tsHElXAaMG twin_free=False chi4=False
it=0 best=1.5500
DONE
it=13 best=5.1111
it=22 best=4.9611
it=30 best=3.8111
it=33 best=2.9611
it=1085 best=2.3833
DONE
it=0 best=2.3833
DONE
DONE
it=10 best=2.9500
it=275 best=2.3833
DONE
it=17 best=3.0833
it=410 best=2.3833
it=1123 best=1.9611
DONE
DONE
it=1 best=4.4000
it=2 best=3.1000
it=5 best=2.1000
it=22 best=1.9611
DONE
it=1 best=5.5167
it=8 best=4.2333
it=18 best=3.4750
DONE
it=54 best=3.1111
DONE
it=6 best=1.9500
it=22 best=1.2250
DONE
it=0 best=3.4000
it=7 best=2.5500
CEX N?|A?QvwOcshloOIuwG twin_free=False chi4=False
it=9 best=1.5500
DONE
it=6 best=3.1000
it=10 best=1.3333
it=1006 best=1.2250
DONE
it=0 best=2.9500
it=1 best=1.9500
CEX NLi`AsDSLAJTBeog?ig twin_free=False chi4=False
it=6 best=0.9500
DONE
it=8 best=2.2250
it=10 best=1.2250
DONE
it=1 best=3.2333
it=57 best=2.3833
DONE
it=38 best=1.2250
DONE
it=4 best=2.1111
DONE
it=0 best=5.2500
it=3 best=4.1000
it=43 best=2.9500
it=54 best=1.9500
DONE
it=9 best=4.5500
it=10 best=4.4000
it=20 best=3.3333
it=32 best=2.2250
it=37 best=1.2250
DONE
it=20 best=1.5409
it=36 best=0.7500
CEX NAwtaK_ESb@s`KWBwe? twin_free=False chi4=True
it=560 best=0.3000
CEX NaWtaL_ESr@s`KWBoeG twin_free=False chi4=False
DONE
it=524 best=2.2333
DONE
it=5 best=1.9500
CEX NKqaG?zTTEWC?MMpbgo twin_free=False chi4=False
it=7 best=1.1000
DONE
it=12 best=3.9000
DONE
it=0 best=1.2250
it=855 best=0.7500
CEX NFO\OfdiTQ?bwPChGbG twin_free=False chi4=False
DONE
DONE
it=0 best=2.2250
it=14 best=2.1111
CEX Ns_brqD?iwOJ`S`SNCw twin_free=False chi4=False
it=198 best=1.8500
DONE
it=1 best=1.9611
DONE
it=1 best=2.1500
it=15 best=1.9500
CEX NKLLLGJhIUwCSsCtAY_ twin_free=False chi4=False
it=118 best=1.8500
DONE
it=40 best=2.2333
it=157 best=1.9611
DONE
it=1 best=2.4000
it=22 best=1.8500
CEX NCz_z_LFFDkE[G_``hG twin_free=False chi4=False
it=58 best=1.5500
CEX NCz_ZcLFFDkE[G_`b`G twin_free=False chi4=False
DONE
it=6 best=4.4500
it=7 best=1.9500
it=11 best=1.2250
DONE
it=13 best=4.9611
it=20 best=2.9611
it=107 best=1.9611
DONE
it=9 best=0.7500
DONE
it=3 best=4.5500
it=14 best=3.4000
it=27 best=2.5500
it=33 best=2.3833
DONE
it=4 best=3.0250
it=133 best=2.1111
DONE
it=12 best=7.5167
it=14 best=5.6667
it=16 best=5.1833
DONE
it=0 best=2.6333
CEX NXsgggOI}HDSoPowABW twin_free=False chi4=False
it=4 best=0.9500
DONE
it=1 best=5.1000
it=4 best=4.2500
it=8 best=4.1111
it=9 best=2.9611
DONE
DONE
it=6 best=1.0000
it=34 best=0.7500
DONE
it=27 best=3.0833
DONE
it=0 best=2.9500
it=1 best=2.4000
it=12 best=1.9611
it=21 best=1.3333
DONE
it=10 best=2.1000
it=18 best=1.8833
DONE
it=4 best=2.3333
it=18 best=1.3333
it=91 best=1.2250
DONE
it=229 best=3.6000
DONE
it=0 best=1.2250
DONE
it=5 best=4.2500
it=12 best=2.6909
it=18 best=2.5500
CEX NidASauGpYQaOMQXUoW twin_free=False chi4=False
it=19 best=1.5500
DONE
it=21 best=1.9611
DONE
CEX NICUPMoj?cXHRIjAGN? twin_free=False chi4=False
CEX NICUPMoj@cXHRIrAGN? twin_free=False chi4=False
DONE
DONE
it=2 best=4.6667
it=11 best=4.5167
it=67 best=3.3000
DONE
it=1 best=3.6000
DONE
it=1 best=6.3000
it=4 best=4.1500
it=9 best=2.9500
DONE
it=4 best=3.8500
it=34 best=3.2333
it=40 best=2.2333
DONE
it=111 best=2.2333
it=351 best=1.9611
DONE
it=4 best=3.4955
it=7 best=1.8500
CEX NlDGTLACYaTDhehe@KW twin_free=False chi4=False
it=43 best=1.5500
DONE
it=2 best=1.3000
CEX N?GuPboPONXgKdrOrB? twin_free=False chi4=False
it=8 best=0.8000
CEX N?GupboPONXgGdrOrB? twin_free=False chi4=False
CEX N?GupboPOJXgGfrOrB? twin_free=False chi4=False
CEX NG?upaw@wYXgKFrOyB? twin_free=False chi4=False
DONE
it=2 best=1.3000
CEX NANeV?KBT_eUq@?yeUO twin_free=False chi4=False
it=250 best=1.2500
DONE
DONE
it=0 best=3.3333
it=1 best=1.8111
it=69 best=1.3333
it=3650 best=1.2250
DONE
it=1 best=2.4667
it=15 best=2.4500
it=21 best=1.2250
DONE
it=1 best=3.2333
DONE
it=11 best=3.2500
it=21 best=3.0833
it=27 best=2.9611
it=41 best=1.9611
DONE
it=10 best=1.9500
it=36 best=1.2250
DONE
it=1 best=5.4000
it=7 best=4.7000
it=17 best=3.2333
it=18 best=1.9611
DONE
it=580 best=2.3833
DONE
it=1 best=1.9611
DONE
it=2 best=1.2250
it=23 best=0.7500
DONE
DONE
it=14 best=2.1111
it=15 best=1.9611
DONE
it=1 best=3.6333
it=4 best=3.4833
it=14 best=1.2250
DONE
it=0 best=4.2333
it=3 best=2.9611
it=41 best=1.9611
DONE
CEX NQO]K`dChQrCGTpAfOG twin_free=False chi4=False
it=11 best=0.6500
CEX NQO]K`dChQrCWT`AfOG twin_free=True chi4=False
it=22 best=0.5000
CEX NRO]K`dChQrCWT`AdWG twin_free=False chi4=False
DONE
it=19 best=2.4000
it=21 best=1.8111
it=27 best=1.2250
DONE
it=13 best=3.1111
it=234 best=2.3833
DONE
it=0 best=4.8000
it=17 best=4.0833
it=28 best=3.0833
it=85 best=2.2333
DONE
it=10 best=3.0833
it=44 best=2.2333
it=53 best=1.9611
DONE
it=9 best=2.2250
it=11 best=1.9611
DONE
CEX N?BvdoOyNPV?BgOP`sG twin_free=False chi4=False
it=3 best=1.2500
it=1075 best=1.2250
DONE
it=13 best=1.2250
DONE
it=3 best=2.3000
it=8 best=1.5409
it=217 best=1.3333
DONE
it=16 best=4.6667
it=21 best=3.3000
DONE
DONE
it=2 best=3.9611
it=8 best=2.1111
DONE
it=1 best=2.2500
it=7 best=1.9611
it=10 best=1.8111
it=103 best=1.7167
