it=2 best=5.4571
it=12 best=4.4333
it=21 best=4.1000
it=22 best=3.4000
it=34 best=3.2500
it=41 best=2.3167
it=42 best=2.2000
it=80 best=2.0833
DONE
it=0 best=7.7833
it=4 best=7.0500
it=6 best=6.9000
it=9 best=5.6000
it=11 best=2.8000
it=15 best=1.9500
it=20 best=1.6750
DONE
it=4 best=5.1000
it=7 best=3.9333
it=153 best=3.5667
it=325 best=3.1333
DONE
it=0 best=5.8000
it=1 best=3.3500
CEX QGquE?zKc@_e@Ks@i@pu[BSWzM? twin_free=False chi4=False
it=21 best=1.5500
DONE
it=2 best=5.8500
it=3 best=4.2000
CEX QC_zuHw`gDBJESw@nBEGS?w\wWG twin_free=False chi4=False
it=27 best=2.1500
DONE
it=3 best=5.7500
it=4 best=4.3786
it=6 best=2.9500
it=18 best=1.9333
DONE
it=5 best=5.9000
it=26 best=4.3167
it=31 best=2.7833
it=33 best=1.6750
it=50 best=1.2000
DONE
it=13 best=3.8333
it=316 best=2.8333
it=601 best=2.3625
DONE
it=1 best=2.6000
it=4 best=1.9000
DONE
it=8 best=4.0167
it=19 best=2.4000
DONE
it=0 best=6.8000
it=3 best=5.0000
it=8 best=4.9655
it=14 best=4.4500
it=16 best=1.6000
it=196 best=0.9909
CEX QGTCWCalOPyHlQG`PkMbAsWOkCW twin_free=False chi4=True
it=417 best=0.7053
DONE
it=7 best=3.9333
it=70 best=2.7111
DONE
it=9 best=5.8571
it=11 best=5.8000
it=13 best=4.5000
it=27 best=2.9000
it=54 best=2.8500
it=87 best=1.9333
it=1029 best=1.7833
it=1085 best=1.2000
DONE
it=5661 best=1.7833
DONE
it=0 best=5.1000
it=3 best=5.0500
it=4 best=4.1125
it=8 best=3.2231
it=16 best=2.6000
it=77 best=2.4500
it=103 best=2.2500
it=104 best=2.1000
CEX Q?boGWPYgAdDwiBI]WJsOspQPT? twin_free=False chi4=False
it=113 best=0.9500
DONE
it=4 best=4.7000
it=23 best=2.7833
DONE
it=1011 best=2.7000
CEX Ql@\LQgS_BI[Ua?[s`isAiFAc[O twin_free=False chi4=False
it=1032 best=1.5500
CEX Ql@\LQgS_BI[Ua?[s`isQiFAc[? twin_free=False chi4=False
DONE
it=30 best=3.8333
it=491 best=2.8333
it=3679 best=2.3625
DONE
it=8 best=6.2000
it=19 best=5.9167
it=26 best=4.9167
it=27 best=4.7500
it=34 best=4.6000
it=67 best=3.7000
it=188 best=3.0833
DONE
it=7 best=9.2516
it=10 best=9.2091
it=12 best=6.4500
it=16 best=5.7833
it=18 best=3.9500
it=22 best=3.8000
it=26 best=2.1000
it=60 best=1.7833
it=125 best=1.6750
DONE
it=4 best=4.5500
it=13 best=2.7833
it=41 best=1.9333
DONE
it=2 best=7.7500
it=6 best=4.1167
it=70 best=3.2667
it=2376 best=3.1333
DONE
it=8 best=7.5500
it=10 best=6.2500
it=15 best=5.1000
it=25 best=4.3167
it=32 best=4.0625
it=91 best=3.0625
DONE
DONE
it=5796 best=5.3833
DONE
it=18 best=4.9455
CEX QXJ?xGaFMEOWosuWOW?x\UHG_\_ twin_free=False chi4=False
it=83 best=1.7000
CEX QXJ?xIAFMEOWosUWOW?x\UHG_\_ twin_free=False chi4=False
it=161 best=1.1000
DONE
it=4 best=2.9500
it=15 best=1.9500
it=27 best=1.9333
DONE
it=11 best=5.0000
it=13 best=3.7000
it=27 best=2.7000
CEX Q?ALOKE}[B?R}X?C~KjgI]APUH? twin_free=False chi4=False
it=35 best=1.8500
DONE
it=15 best=6.7833
it=19 best=4.7833
it=21 best=3.9333
it=63 best=3.1333
DONE
it=18 best=6.7000
it=40 best=5.5500
it=49 best=4.5500
it=67 best=3.7000
it=94 best=3.5500
it=95 best=3.4000
CEX QcA??{??B|oH^l^lTUB|g_At`oG twin_free=False chi4=False
it=153 best=2.6000
DONE
DONE
it=44 best=2.2500
it=47 best=2.1000
it=65 best=1.6750
it=358 best=1.2000
DONE
it=2 best=2.7000
it=7 best=2.6833
DONE
it=4 best=4.2667
DONE
it=5 best=7.2500
it=6 best=5.3167
it=8 best=3.7000
it=9 best=3.0000
it=52 best=2.7111
DONE
it=2 best=4.1944
it=8 best=3.5500
it=46 best=1.9333
DONE
it=0 best=3.1500
it=37 best=1.7000
CEX Q@?F^O_eMx\_GEvGka?fL?bWTaG twin_free=False chi4=False
DONE
it=14 best=4.1000
it=19 best=1.3167
DONE
it=5 best=5.8000
it=6 best=4.9667
it=11 best=3.8167
it=26 best=3.8000
it=35 best=2.4500
it=47 best=2.3000
it=57 best=2.2500
CEX QOBXroD_hoNC@T]CZCSDU@VJAi? twin_free=False chi4=False
it=62 best=1.1000
DONE
it=3 best=4.5500
it=119 best=2.9833
DONE
it=0 best=5.2833
it=1 best=4.8000
it=3 best=3.3000
it=22 best=2.9417
it=28 best=2.8500
it=35 best=1.9333
DONE
it=6 best=6.0000
it=21 best=5.0500
it=22 best=4.9000
it=162 best=4.5667
it=163 best=3.8667
DONE
it=1 best=4.7833
it=6 best=4.4000
it=13 best=3.5500
it=66 best=2.2500
it=83 best=1.6750
DONE
it=21 best=5.2833
DONE
it=0 best=7.2500
it=7 best=5.8667
it=8 best=5.5500
it=18 best=4.0000
it=48 best=2.7111
DONE
it=2 best=2.0625
it=1795 best=1.9333
DONE
it=0 best=5.1000
it=7 best=3.3786
it=21 best=2.7500
it=84 best=0.9909
CEX QlOYIHOCtRAPiLCOsegu@hLUi`? twin_free=False chi4=False
DONE
it=5 best=6.7500
it=16 best=3.5500
it=20 best=2.9333
it=26 best=2.0833
DONE
it=8 best=5.8500
it=18 best=5.0625
it=80 best=4.1167
it=225 best=3.2667
DONE
it=8 best=2.8500
CEX Q?oHrhc|BGWoM@EJO\ORwp_vs?O twin_free=False chi4=False
it=19 best=1.8500
DONE
it=11 best=4.7500
it=17 best=3.9333
it=177 best=3.0833
it=1261 best=2.5611
DONE
it=16 best=4.6000
it=27 best=4.5500
it=30 best=3.9333
it=43 best=2.7111
DONE
it=6 best=6.8500
it=7 best=4.8500
it=9 best=3.9333
it=12 best=2.7833
it=147 best=1.9333
DONE
it=14 best=4.0833
it=23 best=3.3167
it=30 best=2.7000
it=31 best=1.9333
CEX Q?}@hjB\EEE_opAJOYGUgBIjo@W twin_free=False chi4=False
it=40 best=1.5500
DONE
it=2 best=2.7833
it=7 best=2.5611
it=1199 best=1.9333
DONE
it=0 best=3.9000
it=4 best=3.7500
it=6 best=3.1000
it=51 best=2.7833
it=53 best=2.5611
it=223 best=2.3625
DONE
it=0 best=3.6000
it=3 best=3.1333
DONE
it=24 best=3.3000
it=30 best=3.3000
it=58 best=2.7500
it=388 best=2.2125
DONE
it=2 best=3.9333
it=51 best=3.4333
DONE
DONE
it=6 best=3.8333
DONE
it=18 best=2.7833
DONE
it=6 best=5.4500
it=28 best=5.1500
it=46 best=4.4167
it=126 best=3.5667
DONE
it=0 best=4.9000
it=10 best=3.4500
it=21 best=3.0955
it=422 best=2.6833
DONE
it=13 best=5.4500
it=27 best=2.1000
it=59 best=1.9333
CEX QBAkoNH@kq|IySPaRINQ_C@sagg twin_free=False chi4=False
DONE
it=1 best=7.1500
it=2 best=6.3000
it=3 best=3.6000
it=15 best=2.7833
it=37 best=1.7833
DONE
it=2 best=1.9500
CEX QECEOd?OFYXGj[LlEu`dGbSCus? twin_free=False chi4=False
it=5 best=1.8500
DONE
it=0 best=8.9000
it=2 best=5.7000
it=20 best=4.5500
it=44 best=2.7833
it=117 best=1.9333
DONE
it=4 best=2.2500
it=7 best=1.9333
DONE
it=2 best=6.0000
it=13 best=5.7000
it=36 best=5.2833
DONE
it=37 best=2.5611
it=299 best=1.9333
DONE
it=3 best=4.7000
it=14 best=4.5500
it=29 best=3.4000
it=101 best=3.1333
DONE
it=7 best=4.7000
it=32 best=4.5500
it=34 best=3.9333
DONE
it=0 best=6.9000
it=20 best=1.7833
it=44 best=1.6750
it=143 best=1.2000
DONE
it=0 best=4.3000
it=27 best=3.9333
DONE
it=1 best=6.1500
it=7 best=3.2500
it=70 best=1.9333
DONE
it=56 best=3.8667
DONE
it=5 best=4.4500
it=135 best=3.8667
DONE
it=64 best=3.1333
DONE
it=2 best=3.3000
it=14 best=2.8333
it=1317 best=2.6833
DONE
it=0 best=2.7500
it=33 best=2.4944
CEX QIQ|_ah@iLACiViVGc]AgCGsJCg twin_free=False chi4=False
it=97 best=1.8500
DONE
it=2 best=6.2500
it=7 best=5.5500
it=17 best=4.0625
it=58 best=3.9333
DONE
it=16 best=3.4000
it=59 best=2.7833
DONE
it=0 best=3.7000
it=10 best=3.2125
DONE
it=2 best=3.9333
it=7 best=3.7500
it=10 best=2.4000
it=103 best=1.9333
DONE
it=6 best=7.6000
it=18 best=6.7056
it=378 best=5.8333
DONE
it=0 best=3.8667
it=5 best=3.7500
it=483 best=3.2125
it=489 best=2.3625
DONE
it=5 best=4.0833
it=5573 best=3.1333
DONE
it=64 best=5.4167
it=81 best=5.2667
DONE
it=2 best=5.6333
it=9 best=5.3167
it=14 best=3.7000
DONE
it=21 best=5.7500
it=30 best=4.7500
it=45 best=4.6000
it=59 best=3.9833
it=141 best=3.1333
DONE
it=27 best=2.4000
it=52 best=2.2125
DONE
it=5 best=7.2000
it=10 best=5.9000
it=23 best=5.4167
it=25 best=5.2667
it=875 best=3.9833
DONE
it=15 best=2.9500
it=21 best=2.1000
DONE
it=32 best=3.5667
DONE
it=0 best=3.5500
it=4 best=2.1000
CEX Q?JGn_sqn_?au@Ax?b^CHAzBo@G twin_free=False chi4=False
it=9 best=0.9500
CEX Q?JGn_sqn_?bu@Ax?b^CHAyBo@G twin_free=False chi4=False
DONE
it=0 best=5.8500
it=4 best=5.5667
it=51 best=5.3833
DONE
it=5 best=7.7833
it=8 best=5.7833
it=11 best=5.0167
it=13 best=4.7500
it=15 best=2.9500
it=23 best=2.4000
it=31 best=2.2125
DONE
it=3 best=3.4500
CEX QraS`DLXbC@hZ_cIqCoqoASWacW twin_free=False chi4=False
it=6 best=0.9500
CEX QraSbDKXbC@hZ_cIqCoqoASWacW twin_free=False chi4=False
it=31 best=0.8000
CEX QraSbDmXbC@hZ_cIqCoqoASXaCW twin_free=False chi4=False
DONE
it=13 best=1.7833
it=16 best=1.6750
DONE
it=4 best=3.9000
it=5 best=3.5500
it=7 best=2.5611
it=867 best=1.9333
DONE
it=3 best=6.0500
it=28 best=4.6000
it=41 best=3.7500
it=56 best=3.0000
it=71 best=2.7111
it=2240 best=2.0833
DONE
it=23 best=2.9500
it=40 best=2.7833
it=450 best=1.9333
DONE
it=12 best=3.5500
it=20 best=3.4000
it=22 best=1.9333
DONE
it=3 best=5.1000
it=11 best=3.7833
it=19 best=2.8333
it=541 best=2.7111
it=2486 best=2.3625
DONE
it=14 best=5.1000
it=16 best=4.9500
it=31 best=3.7500
it=36 best=2.7833
DONE
it=2 best=6.4000
it=8 best=6.2500
it=11 best=5.1000
it=28 best=3.9500
it=46 best=3.9333
it=48 best=2.9333
it=64 best=1.9333
DONE
it=16 best=5.9000
it=24 best=4.7500
it=40 best=4.4000
it=49 best=4.2500
it=63 best=3.1000
DONE
it=7 best=6.5500
it=42 best=4.9333
it=51 best=2.7111
it=107 best=1.9333
DONE
it=1 best=6.6000
it=6 best=5.7000
it=20 best=5.2833
DONE
it=21 best=4.9833
it=35 best=3.9833
it=60 best=3.1333
it=1062 best=2.8333
it=2049 best=2.3625
DONE
it=12 best=5.3000
it=16 best=3.6000
it=17 best=2.4857
it=30 best=1.7500
CEX Q[EAhTKREACVKMa_ighgQa_kPpG twin_free=False chi4=False
CEX Q]E?hTKREACVKMq_aghgQq_kPpG twin_free=False chi4=False
CEX QME_hTKqEACVKMq_agh`qq_kTPG twin_free=False chi4=False
it=404 best=1.5500
DONE
it=2 best=6.7833
it=9 best=6.6000
it=11 best=5.6000
it=19 best=4.4500
it=22 best=1.9500
it=23 best=1.2000
DONE
it=36 best=2.7111
it=410 best=1.9333
DONE
it=8 best=4.2909
it=12 best=3.9000
it=56 best=3.4500
it=123 best=2.7111
DONE
it=3 best=2.1000
it=8 best=1.9333
DONE
it=5 best=2.9333
it=21 best=2.7833
it=37 best=1.9333
DONE
it=1 best=6.4409
it=4 best=4.5909
it=11 best=4.3955
it=29 best=4.3000
it=128 best=3.9833
DONE
it=13 best=4.2500
it=22 best=3.4000
it=56 best=2.4000
it=57 best=1.7833
it=159 best=1.2000
DONE
it=0 best=3.5000
it=4 best=3.3000
it=9 best=2.4500
it=38 best=2.2500
it=67 best=2.1000
it=70 best=1.6750
it=1250 best=1.3167
DONE
it=0 best=6.9000
it=5 best=5.5500
it=13 best=4.4000
it=25 best=3.2500
it=31 best=2.7833
it=101 best=1.9333
DONE
it=23 best=1.6750
DONE
it=8 best=3.8333
it=9 best=2.7111
DONE
it=1 best=6.2500
it=5 best=4.3167
it=2200 best=2.8333
it=2216 best=2.7111
DONE
it=708 best=5.2667
it=724 best=4.2667
it=778 best=3.5667
DONE
it=10 best=5.5500
it=24 best=4.9455
it=29 best=4.0955
it=39 best=2.7000
CEX QFIdCRGgAWa\D{PsHa_fPa@v_EO twin_free=False chi4=False
it=75 best=1.4000
CEX QDIdERGgAWa\D{TcHa_fPa@v_EO twin_free=False chi4=False
DONE
it=128 best=3.9833
it=145 best=3.1333
DONE
it=0 best=10.8167
it=1 best=10.1500
it=5 best=10.0591
it=7 best=6.6000
it=24 best=5.9455
it=182 best=4.3500
DONE
it=1 best=5.8500
it=24 best=4.7000
it=31 best=3.7000
it=53 best=3.0000
it=159 best=2.5500
DONE
it=2 best=3.2500
it=4 best=2.9500
it=16 best=2.8000
it=19 best=2.6500
it=26 best=2.4000
CEX QXTPAeMSG[yOs_sAPiA`PJTslVO twin_free=False chi4=False
DONE
it=7 best=3.4500
it=16 best=3.2500
it=29 best=3.1000
it=36 best=2.9333
it=76 best=1.9333
DONE
it=45 best=3.8333
DONE
it=0 best=6.3000
it=6 best=4.9000
it=7 best=4.7500
it=14 best=3.9333
it=40 best=2.9333
it=67 best=1.9333
DONE
it=6 best=8.1500
it=20 best=5.1500
it=39 best=2.5611
DONE
it=0 best=4.3000
it=2 best=2.4500
it=30 best=2.2500
it=51 best=1.7833
it=163 best=1.6750
DONE
it=0 best=5.8000
it=3 best=4.9000
it=8 best=4.6000
it=80 best=2.9833
DONE
it=0 best=7.9833
it=2 best=7.5000
it=4 best=6.5000
it=8 best=5.9500
it=14 best=5.8000
it=17 best=4.4000
it=783 best=3.8333
DONE
it=27 best=6.2667
it=37 best=5.9833
it=160 best=5.4333
it=184 best=4.2833
it=234 best=3.4333
DONE
it=1 best=5.3167
it=7 best=3.6500
it=21 best=3.6000
it=29 best=2.7500
it=53 best=2.6000
it=57 best=2.3000
it=62 best=2.1409
it=1426 best=1.7833
it=2249 best=1.6750
it=3749 best=1.2000
DONE
it=2 best=4.9333
it=24 best=4.2833
it=29 best=3.4333
DONE
DONE
it=0 best=4.4000
it=19 best=3.7833
it=31 best=1.9333
DONE
it=6 best=4.8000
it=9 best=4.6500
it=13 best=1.9500
it=21 best=1.9333
DONE
it=0 best=4.9000
it=7 best=4.1500
it=111 best=3.5667
DONE
it=8 best=6.0000
it=10 best=5.8556
DONE
it=142 best=8.7833
it=199 best=7.8556
it=241 best=4.9333
it=606 best=3.8667
it=608 best=3.4333
DONE
it=9 best=6.0500
it=13 best=5.1026
it=16 best=4.7000
it=21 best=3.2500
it=31 best=3.1000
it=60 best=1.9333
DONE
it=5 best=10.5500
it=8 best=8.8500
it=21 best=8.8333
it=24 best=4.3500
DONE
it=0 best=7.8000
it=1 best=5.8000
it=2 best=4.6000
it=4 best=3.6000
it=6 best=3.4500
it=19 best=2.9500
it=65 best=2.7000
it=74 best=2.5500
it=82 best=1.9333
DONE
it=6 best=5.5611
it=21 best=2.5611
it=1750 best=2.2125
it=4949 best=1.9333
DONE
DONE
it=0 best=6.3417
it=3 best=5.3000
it=8 best=4.4500
it=10 best=4.2333
it=18 best=3.0667
it=55 best=2.2167
DONE
it=0 best=5.9000
it=40 best=5.7000
it=57 best=5.2833
DONE
it=1 best=1.9333
DONE
it=0 best=6.0500
it=9 best=4.9000
it=24 best=4.8500
it=25 best=4.2667
DONE
it=2 best=5.7500
it=7 best=3.5500
it=42 best=3.4000
it=110 best=2.7833
it=159 best=1.9333
DONE
it=5 best=2.4000
it=11 best=2.2125
it=116 best=1.9333
DONE
it=0 best=4.2000
it=6 best=2.3786
it=66 best=1.6750
DONE
it=0 best=4.8500
it=18 best=4.7111
it=24 best=3.9833
it=28 best=2.8333
DONE
it=8 best=5.7000
it=10 best=4.6500
it=15 best=4.2455
it=21 best=3.2909
it=30 best=2.8500
DONE
it=1 best=6.8000
it=2 best=6.0803
it=3 best=4.7000
it=5 best=3.5500
it=26 best=2.7111
DONE
DONE
it=13 best=3.2500
it=16 best=1.6750
it=77 best=1.2000
DONE
it=3 best=6.7833
it=4 best=6.2500
it=7 best=4.9333
it=66 best=2.9333
it=89 best=2.7833
it=91 best=1.9333
DONE
it=0 best=9.4500
it=1 best=6.4500
it=2 best=3.9000
it=11 best=3.6000
it=18 best=3.0833
it=28 best=2.9333
it=37 best=2.0833
DONE
it=35 best=3.0500
it=42 best=3.0000
it=57 best=2.0833
it=65 best=1.9333
DONE
it=34 best=0.9909
it=68 best=0.7053
DONE
it=4 best=5.4000
it=6 best=4.2500
it=7 best=1.6750
DONE
it=132 best=3.1333
DONE
it=48 best=3.5500
it=61 best=3.4000
it=66 best=1.7833
DONE
it=4 best=2.1000
CEX QkLPKSdakGEJAgQiO_yasKUHPY? twin_free=False chi4=False
it=18 best=1.1000
CEX QkHXKSdakGEJAgUiO_yasKUHPY? twin_free=False chi4=False
CEX QkHPKSdakWEJAgUgO_yasKUHPY? twin_free=False chi4=False
CEX QkLPKSdakWEJAgSiO_yasKUHPY? twin_free=False chi4=False
CEX QkLTGSdaKWEJAgSiO_yasKUHPY? twin_free=False chi4=False
CEX QkLTGUdAkWEJAgSiO_yasKUHPY? twin_free=False chi4=False
CEX QkLPKUcAkWEJAgSiO_yasKUHPY? twin_free=False chi4=False
DONE
DONE
it=7 best=4.9000
it=9 best=3.4000
it=32 best=3.0955
DONE
it=15 best=5.7500
it=42 best=5.2667
it=85 best=4.2667
DONE
it=2 best=5.3000
it=18 best=3.5000
it=19 best=3.0955
it=34 best=2.9417
it=77 best=2.5500
it=111 best=1.7833
it=281 best=1.6750
DONE
it=8 best=3.7833
it=85 best=3.0833
it=126 best=2.3625
DONE
it=1 best=3.3000
DONE
it=3 best=4.9000
it=5 best=2.9000
it=6 best=2.5500
it=12 best=1.7833
DONE
it=2 best=4.9833
it=5 best=4.1333
it=1704 best=3.1333
DONE
it=526 best=5.2500
DONE
it=0 best=3.7000
it=10 best=1.9333
DONE
it=15 best=7.6000
it=18 best=3.5500
it=21 best=2.5500
it=64 best=2.4000
it=82 best=2.2500
it=96 best=1.4000
it=119 best=1.3167
DONE
it=1 best=14.8167
it=2 best=11.6000
it=11 best=11.4500
it=12 best=9.2500
it=14 best=6.7500
it=16 best=6.0500
it=21 best=5.9000
it=41 best=5.8500
it=45 best=3.8333
DONE
it=2 best=6.0667
it=18 best=4.7833
it=28 best=2.7833
it=30 best=1.9333
DONE
it=38 best=3.9833
DONE
it=1 best=4.6000
it=2 best=1.8000
it=5 best=1.6500
CEX QWv?S?gI@mD_LooEa}Afgsl?Rd? twin_free=False chi4=False
it=22 best=0.9500
CEX QWv?S?gI?nD_LooEa}Afgsl?Rd? twin_free=False chi4=False
it=27 best=0.8000
CEX QWv?U?gI?nD_LooEa}?fgsl?Rd? twin_free=False chi4=False
CEX QWv?U?gI@mD_LooEa}?fgsl?Rd? twin_free=False chi4=False
DONE
it=0 best=7.3000
it=1 best=6.2500
it=2 best=4.7500
it=11 best=4.2909
it=21 best=4.0955
it=42 best=2.7000
it=65 best=2.5500
it=958 best=1.9333
DONE
it=4 best=6.0000
it=5 best=6.0000
it=7 best=5.9833
it=10 best=5.3000
it=12 best=3.2833
it=13 best=3.1947
it=15 best=2.3786
DONE
it=27 best=1.9333
DONE
it=5 best=3.6000
it=9 best=2.2500
it=35 best=1.6750
it=1971 best=1.2000
DONE
it=2 best=2.9500
it=9 best=2.9333
it=33 best=1.9333
DONE
it=0 best=5.6000
it=30 best=4.3833
it=51 best=3.0833
DONE
it=88 best=2.8333
DONE
it=8 best=4.7833
it=18 best=2.7833
it=47 best=1.9333
DONE
it=5 best=4.7500
it=9 best=3.7500
it=20 best=2.9500
it=34 best=2.9333
it=94 best=1.9333
DONE
it=4 best=4.5000
it=5 best=3.8000
it=6 best=1.2000
DONE
it=1 best=6.7500
it=3 best=5.7500
it=15 best=4.7500
it=24 best=3.6000
it=83 best=3.3444
it=110 best=2.6444
it=117 best=2.4944
CEX Q_[GRmuDBCmoAZT?PIkQYaTQaR? twin_free=False chi4=False
it=259 best=1.8500
DONE
it=0 best=3.0000
DONE
it=18 best=7.3000
it=23 best=7.0000
it=39 best=6.7056
it=44 best=6.4167
it=85 best=5.4333
it=107 best=5.2833
DONE
DONE
it=0 best=6.3667
it=8 best=5.3500
it=16 best=3.9000
it=69 best=3.8333
it=287 best=2.7111
DONE
it=3 best=4.4500
it=16 best=3.1333
DONE
it=122 best=5.4333
it=127 best=5.3833
DONE
it=0 best=6.0000
it=1 best=5.1667
it=20 best=4.2125
it=24 best=2.8333
it=336 best=2.3625
DONE
it=22 best=5.2833
DONE
it=3 best=1.9333
DONE
it=6 best=4.7500
it=15 best=2.7833
it=30 best=1.9333
DONE
it=12 best=3.2000
it=24 best=2.9333
it=91 best=2.0833
DONE
it=1 best=7.3000
it=29 best=7.0056
it=47 best=6.8556
it=56 best=5.8556
it=121 best=4.9333
DONE
it=10 best=2.4000
it=22 best=2.2500
it=53 best=2.2125
it=599 best=1.9333
DONE
it=0 best=5.5500
it=4 best=1.9333
DONE
it=1175 best=2.6833
it=2381 best=2.5611
it=2859 best=1.9333
DONE
it=6 best=4.6833
it=17 best=3.8333
it=52 best=2.8333
it=212 best=2.3625
it=223 best=2.0833
DONE
it=13 best=4.2500
it=19 best=1.6750
it=480 best=1.2000
DONE
it=0 best=5.9000
it=2 best=3.7500
it=5 best=2.1000
CEX QMM`cQIaAJhoPsCAgmMSAG\OoMo twin_free=False chi4=False
it=22 best=1.2500
DONE
it=4 best=5.9333
it=11 best=5.2125
it=50 best=4.0833
it=51 best=3.9333
DONE
it=1 best=7.7833
it=4 best=4.9333
it=13 best=4.5611
it=237 best=2.6833
it=872 best=2.5611
DONE
it=5 best=7.7500
it=19 best=7.0955
it=23 best=6.2303
it=43 best=5.0955
it=77 best=1.9333
DONE
it=1066 best=2.3625
DONE
it=1 best=9.8000
it=2 best=8.7833
it=7 best=8.0833
it=8 best=6.7944
it=16 best=6.7000
it=17 best=5.5500
it=22 best=5.3167
it=30 best=4.8500
it=42 best=2.9333
it=57 best=1.9333
DONE
it=9 best=4.9000
it=306 best=4.5667
it=327 best=3.8667
DONE
it=0 best=6.9333
it=7 best=4.2500
it=14 best=3.8500
it=22 best=2.7000
DONE
it=21 best=4.2606
it=35 best=3.0500
CEX QBC_a^iC\AHrcPycXq?HURebiOO twin_free=False chi4=False
it=164 best=2.3000
DONE
it=11 best=7.8500
it=17 best=7.1667
it=30 best=4.9333
it=40 best=2.0833
CEX Qs\Ba?sS?iPyHSbsGD{V_OJp_LO twin_free=False chi4=False
it=76 best=1.8500
CEX QsXBa?sS?yPyHSbsGD{V_OJpoDO twin_free=False chi4=False
DONE
it=2 best=7.1500
it=9 best=6.6500
it=17 best=3.9000
it=59 best=3.3000
CEX QidCiAtQhEGDlTJPHDTihIp@?jW twin_free=False chi4=False
it=284 best=2.7500
CEX QiDKiAtQhEGDlTiPHDTihIp@?jW twin_free=False chi4=False
DONE
it=10 best=2.2125
it=48 best=1.9333
DONE
it=432 best=3.5667
DONE
it=12 best=2.9333
it=20 best=2.0833
DONE
it=41 best=1.8553
CEX Q[GsItIU_AoirAr?CMYsXKJOol? twin_free=False chi4=False
DONE
it=0 best=2.6500
it=2 best=2.4500
it=16 best=1.8000
it=28 best=1.2000
DONE
DONE
it=6 best=5.4000
it=21 best=5.2500
it=23 best=4.2500
it=26 best=2.9500
it=46 best=1.9500
CEX Q@@gHVYy_Jq_ua?\cCua@uaWiKO twin_free=False chi4=False
it=67 best=1.5500
DONE
it=1 best=5.7500
it=29 best=3.9000
it=48 best=3.2455
it=62 best=3.1500
it=73 best=2.8333
it=89 best=2.7111
it=1755 best=2.3625
it=1782 best=2.0833
DONE
it=15 best=5.7500
it=38 best=5.4167
it=41 best=5.2667
it=1053 best=4.5667
it=1061 best=4.2667
it=1168 best=3.5667
DONE
it=1 best=6.5500
it=2 best=5.8500
it=5 best=4.1500
it=34 best=3.2667
DONE
it=24 best=3.8667
DONE
it=0 best=8.1000
it=4 best=6.9500
it=6 best=6.2500
it=21 best=4.2000
it=65 best=3.7833
it=68 best=1.9333
DONE
it=23 best=2.1000
CEX QFBc??]qRU[KFo?M|GG}AGKcUCg twin_free=False chi4=False
it=31 best=0.9500
CEX QFBc??]qRU[KFo?M{GG}AGKc]Cg twin_free=False chi4=False
it=42 best=0.8000
CEX QFBc??]qRU[KFo?M{K?}AGKc]Dg twin_free=False chi4=False
DONE
it=12 best=1.6750
it=855 best=1.2000
DONE
it=13 best=5.0000
it=15 best=4.4167
it=85 best=3.5667
it=592 best=3.1333
DONE
it=2 best=5.3444
it=6 best=5.2667
it=41 best=5.2333
DONE
it=45 best=2.1409
DONE
it=0 best=3.8333
DONE
it=0 best=5.7833
it=9 best=5.4417
it=13 best=4.8500
it=38 best=3.5667
DONE
DONE
it=3 best=5.9877
it=10 best=5.5167
it=25 best=5.4500
it=123 best=4.3500
DONE
it=1 best=4.7500
it=10 best=4.7000
it=19 best=3.9333
it=55 best=2.7833
it=701 best=2.3625
DONE
it=6 best=3.6000
it=49 best=3.4500
CEX QbYaIIZgoosXOKWIGdCuFF@qZB_ twin_free=False chi4=False
it=50 best=2.3000
DONE
it=1 best=4.9000
it=8 best=4.5500
it=16 best=3.7833
it=58 best=2.9333
it=76 best=2.8333
it=4502 best=2.3625
DONE
it=4 best=1.2000
DONE
it=22 best=2.3167
it=26 best=1.3167
it=86 best=1.2000
DONE
it=5 best=3.9333
it=17 best=2.5611
DONE
it=13 best=6.2167
it=24 best=6.1500
it=41 best=5.2667
it=64 best=5.2333
DONE
it=1 best=10.6667
it=2 best=7.7619
it=9 best=7.3000
it=11 best=5.3000
it=19 best=3.3000
it=27 best=2.2231
it=29 best=1.8333
it=588 best=1.7833
it=955 best=1.6750
DONE
it=7 best=2.6000
it=25 best=1.8289
it=63 best=1.7500
it=143 best=1.6750
it=364 best=1.3167
DONE
it=11 best=4.1571
it=14 best=4.1500
it=17 best=3.2500
it=34 best=2.8500
it=52 best=2.5611
it=517 best=2.3625
DONE
it=0 best=5.2409
it=5 best=4.1500
it=10 best=2.7000
it=15 best=2.5000
it=18 best=0.7000
CEX QBySBGMwK@KpXAXaBYS@KEuCXPO twin_free=False chi4=False
CEX QBySBGZwK@KpXAXaBYS@KEuCXPO twin_free=False chi4=False
DONE
it=8 best=4.6000
it=54 best=4.5667
DONE
DONE
it=5 best=6.3167
it=8 best=6.1667
it=15 best=5.3167
it=18 best=4.4944
it=19 best=4.3444
it=21 best=3.5500
it=22 best=2.7000
CEX QFAKVAGiALksgAD{a}OqKy?Z_@o twin_free=False chi4=False
it=32 best=1.8500
DONE
it=3 best=5.4333
it=15 best=5.2833
DONE
it=0 best=6.4500
it=3 best=4.4000
it=10 best=4.3000
it=29 best=3.6000
it=38 best=3.1333
it=39 best=2.9833
DONE
it=19 best=7.1333
it=33 best=3.9833
DONE
it=1 best=2.8026
it=3 best=2.7500
DONE
it=0 best=4.7000
it=2 best=2.8333
DONE
it=5 best=1.9333
DONE
it=0 best=4.7500
it=5 best=3.7500
it=20 best=2.4000
it=34 best=1.9333
DONE
it=6 best=1.7833
it=10 best=1.2000
DONE
it=13 best=1.9333
DONE
it=14 best=3.0955
it=38 best=2.4500
it=491 best=1.9333
DONE
it=6 best=4.9000
it=15 best=4.0833
it=17 best=2.7111
DONE
it=0 best=7.2500
it=1 best=6.2500
it=13 best=4.7000
it=15 best=2.7833
it=43 best=1.9333
DONE
it=7 best=5.5500
it=12 best=2.7833
it=105 best=1.9333
DONE
it=13 best=7.4500
it=16 best=6.3000
it=19 best=5.2667
it=35 best=5.2333
DONE
it=4 best=4.2125
it=28 best=2.9333
it=73 best=1.9333
DONE
it=5 best=8.5500
it=11 best=3.9000
CEX Q?~o\?LB?Y]VB@Cg{BIecBPRqyG twin_free=False chi4=False
it=20 best=2.6000
CEX Q?~o]?LB?Y]VB@Cg{BHecBPRqyG twin_free=False chi4=False
CEX Q?~o]?LB?Y]VB@GgyBHecBPRqyG twin_free=False chi4=False
CEX Q?~o]?LB?Y]VBPGgyBHe_B@VqyG twin_free=False chi4=False
CEX Q?~o]?LB?Y]VBPGkY@Xe_B@VqyG twin_free=False chi4=False
DONE
it=3 best=5.0000
it=18 best=4.0000
DONE
it=36 best=3.2000
it=47 best=2.7833
it=62 best=1.9333
DONE
it=1 best=6.3000
it=16 best=4.6000
it=20 best=4.1000
it=27 best=3.7833
it=36 best=3.5500
it=38 best=2.6000
it=39 best=2.1000
it=53 best=1.9333
DONE
it=10 best=2.5500
it=24 best=1.7833
DONE
it=16 best=4.2667
it=511 best=3.5667
DONE
it=0 best=3.2500
it=114 best=2.7111
it=589 best=1.9333
DONE
it=11 best=7.9500
it=12 best=4.7000
it=19 best=3.7000
it=20 best=3.6000
it=36 best=2.3000
it=173 best=1.7833
DONE
it=3 best=3.8333
DONE
it=3 best=6.0500
it=10 best=5.3000
it=19 best=2.6000
it=22 best=2.6000
it=199 best=2.4000
CEX QE_xPoOCcNWwp[wKDEbOoC_~DoG twin_free=False chi4=False
it=204 best=1.2500
it=1544 best=1.2000
DONE
it=6 best=3.4500
it=30 best=3.3000
it=31 best=2.4500
it=39 best=2.4500
it=47 best=2.2500
it=65 best=2.1000
it=74 best=1.6750
DONE
DONE
it=5 best=5.3167
it=6 best=5.1667
it=11 best=4.4944
it=31 best=4.3444
it=35 best=3.3444
it=52 best=2.6444
CEX QaA?LuQN?A_kPWmbgMLs\Yb@kg? twin_free=False chi4=False
it=97 best=1.8500
CEX QA?ALuynAJ?kPWmb_MLs\y@Jk?_ twin_free=False chi4=False
DONE
it=12 best=2.1000
it=55 best=1.9333
DONE
it=2 best=7.1500
it=3 best=6.9500
it=14 best=5.7500
it=17 best=4.4500
it=22 best=2.4000
DONE
it=5 best=5.0500
it=6 best=3.7500
it=25 best=3.6000
it=29 best=2.7500
DONE
it=1 best=4.5611
it=605 best=3.9333
it=612 best=3.8333
DONE
it=21 best=2.4000
CEX QHsOUfOIPZ@Gsfh`?u`ZCSA^ES? twin_free=False chi4=False
it=26 best=1.5500
DONE
it=4 best=8.0136
it=7 best=7.1500
it=9 best=5.0667
it=13 best=4.7500
it=15 best=4.6000
it=17 best=4.5500
it=24 best=3.5500
it=25 best=2.4000
it=50 best=1.9333
DONE
it=5 best=5.9000
it=16 best=4.6000
it=40 best=3.7500
it=56 best=2.3167
it=63 best=2.2000
it=88 best=1.7833
DONE
it=71 best=3.1333
DONE
it=5 best=6.6000
it=7 best=6.2667
it=14 best=5.5286
it=15 best=4.3000
it=32 best=3.3000
it=38 best=2.1500
DONE
it=6 best=2.4000
CEX Q@?gGGaufU\WDJuWAd`AdyojS_O twin_free=False chi4=False
it=38 best=1.5500
DONE
DONE
it=16 best=3.9333
it=530 best=3.1333
DONE
it=6 best=8.5500
it=7 best=7.7833
it=12 best=6.7833
it=21 best=4.7833
it=171 best=4.1333
it=2467 best=3.1333
DONE
it=1 best=8.7000
it=18 best=7.0000
it=19 best=5.8500
it=24 best=5.0000
it=25 best=4.0000
it=32 best=2.3625
DONE
it=2 best=3.9333
it=46 best=2.9333
it=47 best=1.9333
DONE
it=9 best=6.2333
it=20 best=5.3167
it=23 best=4.4944
it=33 best=3.5500
it=43 best=3.4500
CEX Qo@ZCL`@@GG?enenKG[txenGxS? twin_free=False chi4=False
it=151 best=2.7500
DONE
it=1 best=6.6500
it=6 best=6.1045
it=8 best=5.8000
it=12 best=4.9500
it=16 best=3.7500
it=34 best=3.5500
it=41 best=1.7833
it=355 best=1.2000
DONE
it=0 best=4.6974
it=9 best=2.9000
it=62 best=2.8500
it=121 best=2.8333
it=1016 best=2.6833
DONE
it=1 best=6.3833
it=2 best=2.3625
DONE
it=23 best=5.2833
DONE
it=8 best=6.4500
it=13 best=6.3000
it=14 best=5.1500
it=15 best=3.4500
it=27 best=2.7000
it=43 best=2.4000
it=45 best=1.6750
it=726 best=1.2000
DONE
it=12 best=8.8500
it=18 best=6.1500
it=19 best=4.0000
it=48 best=2.8500
it=101 best=2.7111
it=546 best=2.5611
it=634 best=1.9333
DONE
it=6 best=3.4000
CEX QCwoYIbBJc{QKs[cSY?X^wcCrOO twin_free=False chi4=False
it=112 best=2.6000
CEX QCwoYIbBNC{QKs[cEY?X^wcCrOO twin_free=False chi4=False
DONE
it=7 best=1.7833
DONE
it=8 best=7.7833
it=18 best=6.4500
it=20 best=6.3652
it=34 best=5.4500
it=36 best=4.3000
it=39 best=4.1500
it=53 best=3.4500
it=56 best=2.9833
it=69 best=2.8500
it=85 best=2.7000
DONE
it=47 best=1.3167
DONE
it=1 best=4.7500
it=10 best=3.9000
it=19 best=3.9000
it=24 best=3.1333
DONE
it=6 best=5.9000
it=14 best=4.9000
it=19 best=4.7000
it=45 best=4.6444
it=49 best=3.6444
it=101 best=3.1333
DONE
it=0 best=6.4500
it=10 best=5.6000
it=11 best=5.3167
it=12 best=5.0625
it=46 best=4.6833
it=780 best=4.0833
DONE
it=11 best=4.1000
it=12 best=3.4000
it=51 best=2.7833
it=97 best=1.9333
DONE
it=9 best=3.9000
it=12 best=2.6000
it=27 best=1.9909
it=42 best=1.8333
it=668 best=1.7500
it=677 best=1.6000
it=742 best=0.7053
CEX QXGeS`Lv@AhGGs_GQDokYDbP[J? twin_free=False chi4=True
CEX QXGeS`Lv@AhGGsGKQDokYDbR[J? twin_free=False chi4=False
DONE
it=0 best=3.3444
it=2 best=3.2125
it=34 best=2.3625
DONE
it=7 best=4.2500
it=23 best=3.8333
it=66 best=2.7111
DONE
it=1 best=6.6000
it=13 best=6.1000
it=14 best=5.4500
it=31 best=5.3167
it=32 best=4.1944
it=39 best=3.2125
it=51 best=3.0833
DONE
it=9 best=8.8026
it=14 best=7.2167
it=15 best=5.7500
it=20 best=4.6000
it=29 best=4.0500
it=33 best=2.8333
it=2011 best=2.3625
DONE
it=4 best=4.9500
it=19 best=3.3167
it=21 best=3.0667
it=33 best=2.9333
it=40 best=2.8333
it=109 best=2.2125
DONE
it=4 best=6.8167
it=7 best=4.6000
it=8 best=4.1944
it=21 best=3.3167
it=27 best=2.8500
it=34 best=2.7111
it=1363 best=1.9333
DONE
it=1 best=8.8500
it=8 best=8.5611
it=17 best=7.6833
it=30 best=5.8333
it=59 best=5.7111
it=794 best=4.9333
it=813 best=3.7833
it=830 best=1.9333
DONE
it=2 best=5.9000
it=5 best=5.2333
it=13 best=3.2909
it=17 best=2.4500
it=1817 best=1.9333
DONE
it=21 best=1.9500
it=158 best=1.8000
it=169 best=1.7833
DONE
it=4 best=16.8556
it=20 best=15.8556
it=21 best=15.4167
it=36 best=14.5667
it=49 best=10.3833
it=75 best=5.8333
DONE
it=3 best=6.6500
it=5 best=5.4000
it=7 best=4.1000
it=17 best=3.4000
it=43 best=2.5611
it=59 best=1.9333
DONE
it=1 best=3.4944
it=13 best=2.3625
CEX QX_`Uh[GYwjaTCtcOTuk_?z?gBW twin_free=False chi4=False
it=2702 best=2.3000
DONE
it=8 best=6.1167
it=63 best=3.8333
it=304 best=3.0833
DONE
it=8 best=4.9333
it=43 best=3.9333
it=54 best=3.0833
it=58 best=2.9333
it=113 best=2.7111
it=4787 best=2.0833
DONE
it=9 best=8.6500
it=10 best=5.6000
CEX QPJYPJGcr?_t@KCyK?}OMcqJXE? twin_free=False chi4=False
it=19 best=1.1000
DONE
it=11 best=3.9500
it=33 best=3.1000
it=38 best=1.6750
DONE
it=14 best=4.4167
it=261 best=3.5667
it=466 best=3.1333
DONE
it=1 best=1.7500
it=2 best=0.7667
CEX QoYZ_IG@BbmM_s@gRIGO][?oBoW twin_free=False chi4=True
it=6 best=0.7500
it=1798 best=0.7053
DONE
it=3 best=5.5500
it=9 best=4.9333
it=13 best=3.9333
DONE
it=1 best=7.3447
it=22 best=6.3667
it=26 best=6.3000
it=27 best=5.7000
it=30 best=5.4667
it=42 best=1.9333
DONE
DONE
it=1 best=8.5136
it=2 best=5.8167
it=5 best=3.2214
it=11 best=2.4500
it=60 best=2.4000
it=62 best=2.2500
it=366 best=1.7833
DONE
it=7 best=6.7500
it=9 best=5.7500
it=14 best=3.7500
it=19 best=3.4000
it=25 best=3.1500
it=30 best=3.0000
it=40 best=2.6833
it=140 best=1.9333
DONE
it=242 best=3.2667
DONE
it=39 best=6.4167
it=79 best=5.1333
it=80 best=4.1333
it=1697 best=3.1333
DONE
it=5 best=5.2500
it=6 best=4.4500
it=15 best=4.0667
it=23 best=3.4000
it=26 best=2.2500
CEX QakaRAVWGOh_kbkb@i[mOkbIVO? twin_free=False chi4=False
it=33 best=2.1500
DONE
it=0 best=7.9444
it=3 best=6.6444
it=5 best=4.9333
it=16 best=4.8333
it=18 best=2.9833
DONE
it=28 best=3.6000
it=32 best=3.4000
it=47 best=2.4000
it=53 best=1.7833
DONE
it=2 best=3.1500
it=16 best=2.8333
it=555 best=2.5611
DONE
it=0 best=9.0000
it=11 best=6.1500
it=24 best=6.0731
it=27 best=6.0071
it=30 best=5.1333
it=32 best=4.6500
it=35 best=4.2167
it=37 best=3.0000
it=56 best=2.8333
it=1437 best=2.3625
DONE
it=7 best=7.4500
it=9 best=6.7056
it=1376 best=5.8333
DONE
it=6 best=5.6000
it=21 best=5.5500
it=24 best=3.7000
it=29 best=2.9833
DONE
it=1 best=12.6000
it=2 best=9.9000
it=4 best=9.2000
it=9 best=8.2000
it=18 best=8.0500
it=33 best=6.8500
it=43 best=6.1500
it=54 best=4.2125
it=60 best=3.8667
it=68 best=3.4333
DONE
it=6 best=4.8500
it=28 best=4.1500
DONE
it=3 best=5.4667
it=9 best=4.0833
it=32 best=2.7111
DONE
it=59 best=3.2125
it=97 best=2.3625
DONE
it=23 best=4.1500
it=24 best=3.8500
it=26 best=2.7111
it=249 best=2.6833
DONE
it=12 best=2.4000
it=24 best=1.2000
DONE
it=13 best=7.3667
it=17 best=4.7000
it=27 best=3.1500
it=31 best=2.7000
it=44 best=2.0833
DONE
it=8 best=1.4500
DONE
it=3 best=9.0000
it=12 best=7.9833
it=30 best=7.2667
it=63 best=6.8556
it=127 best=6.7056
it=433 best=5.8333
DONE
it=2 best=9.4667
it=14 best=8.4667
it=16 best=7.4667
it=26 best=6.4667
it=30 best=5.8500
it=38 best=5.3000
it=41 best=3.9000
CEX QlhYqoWGDNBBhxEEgCgot`{?WY_ twin_free=False chi4=False
it=72 best=3.2000
DONE
it=7 best=5.4167
it=37 best=5.2667
DONE
it=4 best=6.6000
it=11 best=6.0833
it=23 best=5.9000
DONE
it=3 best=2.7833
it=8 best=1.9333
DONE
it=25 best=4.9000
it=27 best=3.6000
DONE
it=0 best=4.1000
it=13 best=4.0833
it=14 best=3.9333
it=27 best=2.9833
DONE
it=7 best=4.5500
DONE
it=1 best=9.9500
it=3 best=8.2500
it=16 best=8.1000
it=22 best=7.4500
it=23 best=2.4500
it=93 best=2.2500
it=104 best=1.7833
DONE
it=3 best=2.9333
it=10 best=2.7833
it=29 best=1.9333
DONE
it=0 best=7.8500
it=2 best=6.7000
it=3 best=6.0955
it=7 best=4.7000
it=20 best=4.5500
DONE
it=2 best=4.7500
it=9 best=4.5500
it=21 best=3.7000
it=42 best=3.0833
DONE
it=0 best=7.1500
it=19 best=4.3000
it=20 best=3.4500
it=41 best=3.4333
it=45 best=3.1333
DONE
it=1 best=5.7000
it=7 best=5.0833
it=9 best=3.9333
it=46 best=3.0833
DONE
it=0 best=2.5500
it=16 best=1.9333
DONE
it=19 best=6.2333
it=21 best=5.9000
it=24 best=4.8500
it=27 best=4.5611
it=209 best=3.9333
it=214 best=2.5611
it=691 best=1.9333
DONE
it=10 best=4.0833
it=45 best=3.9333
it=1284 best=3.1333
DONE
it=4 best=6.3000
it=7 best=5.1000
it=8 best=2.9500
CEX QlSTTQGP{Ocd@aSWpAqNPj?PPEG twin_free=False chi4=False
it=11 best=1.2500
DONE
it=5 best=6.6000
it=9 best=6.3667
it=45 best=5.8500
it=55 best=4.7000
it=75 best=3.0625
DONE
it=1 best=2.2500
it=2 best=1.6750
DONE
it=5 best=11.4000
it=13 best=10.9333
it=17 best=7.8333
it=36 best=4.3500
DONE
it=20 best=4.0500
it=28 best=3.4000
it=30 best=1.7833
DONE
it=8 best=4.0000
DONE
it=0 best=4.7500
it=6 best=4.3444
it=16 best=3.5500
it=23 best=2.4000
CEX Qs[_SK`aCLIub?[UaUSXA[Ud`Go twin_free=False chi4=False
it=148 best=2.3625
DONE
it=0 best=4.5500
it=1 best=4.2500
it=5 best=3.4000
it=28 best=1.7833
it=230 best=1.3167
DONE
it=3 best=6.8556
it=16 best=5.8556
DONE
it=2 best=5.5500
it=14 best=4.0000
it=31 best=3.7000
DONE
it=27 best=5.7500
it=32 best=4.5500
it=42 best=3.9455
it=82 best=2.5500
DONE
it=9 best=6.6000
it=20 best=3.4000
it=32 best=3.3000
CEX QsGpAtYR`Bok`W[?ppHB`UbcILO twin_free=False chi4=False
it=37 best=2.1500
DONE
it=4 best=4.5500
it=7 best=3.8333
DONE
it=16 best=2.7500
it=32 best=1.3167
it=66 best=1.2000
DONE
it=1 best=3.7500
it=4 best=2.4000
it=25 best=1.7833
it=985 best=1.6750
it=1651 best=1.2000
DONE
it=0 best=4.7500
it=4 best=3.1409
it=30 best=2.8333
it=42 best=2.6000
it=131 best=1.9333
DONE
it=0 best=7.7000
it=1 best=6.8500
it=8 best=5.7000
it=12 best=5.6500
it=18 best=5.5000
it=22 best=5.1167
it=1128 best=3.8333
DONE
it=0 best=6.4167
it=75 best=4.3500
DONE
it=0 best=9.1500
it=14 best=9.0917
it=35 best=8.4476
it=2193 best=8.4214
it=2221 best=5.8333
DONE
it=4 best=3.0000
it=10 best=2.8500
it=48 best=2.6833
it=414 best=2.2125
it=3869 best=1.9333
DONE
it=3 best=5.7500
it=6 best=5.4500
it=57 best=4.7000
it=60 best=4.5500
it=131 best=3.9333
it=206 best=3.0833
it=994 best=2.7111
DONE
it=1 best=4.8000
it=6 best=3.8571
it=9 best=3.5500
it=11 best=1.4000
it=23 best=1.2000
DONE
it=6 best=3.7000
it=13 best=1.3000
CEX Q?lLg?JlUA?`LI{H?FAUL{PJpC_ twin_free=False chi4=False
it=91 best=1.2500
CEX Q?LLg?JlUQ?`LI{H?FAUL{PJpC_ twin_free=False chi4=False
DONE
it=1 best=7.7833
it=6 best=7.5611
it=10 best=5.5611
it=185 best=4.5611
it=341 best=4.0625
it=404 best=3.5667
DONE
