it=4 best=4.5000
it=12 best=3.5000
it=21 best=2.5000
it=25 best=1.5000
it=180 best=0.6000
DONE
DONE
it=4 best=5.0000
it=20 best=4.0000
it=29 best=2.5000
it=32 best=1.5833
it=118 best=0.5833
DONE
it=9 best=2.4167
it=21 best=0.5833
DONE
it=1 best=3.5000
it=7 best=1.5833
it=248 best=1.5714
it=1599 best=0.6000
DONE
it=22 best=3.0909
it=32 best=3.0455
it=33 best=2.5000
it=68 best=1.5667
it=94 best=0.5667
DONE
it=2 best=6.9545
it=7 best=6.2500
it=10 best=4.4167
it=15 best=3.5000
it=19 best=1.5000
it=40 best=0.5833
DONE
it=3 best=0.5667
DONE
it=3 best=4.5000
it=5 best=3.5556
it=13 best=2.5714
it=384 best=1.5714
it=474 best=0.6111
DONE
it=3 best=2.5833
it=5 best=1.5833
it=8 best=0.5833
DONE
it=1 best=5.1667
it=27 best=3.5500
it=46 best=1.5667
it=78 best=0.5833
DONE
it=21 best=1.5000
it=85 best=0.5833
DONE
it=27 best=1.5833
it=78 best=1.5714
it=1103 best=0.6111
DONE
it=9 best=2.0909
it=29 best=2.0455
it=165 best=0.5833
DONE
it=3 best=2.5000
it=11 best=1.5833
it=70 best=1.5714
it=2828 best=0.6111
DONE
it=1 best=5.2500
it=9 best=3.3333
it=26 best=1.5000
it=122 best=0.6111
it=301 best=0.6000
it=1141 best=0.5667
DONE
it=0 best=2.5833
it=12 best=2.5667
it=16 best=1.5833
it=883 best=0.6000
DONE
it=0 best=2.3000
it=20 best=0.5667
DONE
it=4 best=0.5833
it=27 best=0.5667
DONE
it=117 best=0.5833
DONE
it=38 best=4.5476
it=43 best=2.5714
DONE
it=1 best=4.0000
it=2 best=3.5000
it=43 best=2.5000
it=48 best=1.5833
it=70 best=0.5833
DONE
it=15 best=2.5556
it=37 best=0.5833
DONE
it=30 best=0.6111
DONE
it=2552 best=0.5667
DONE
it=2 best=5.1250
it=5 best=4.0000
it=33 best=3.5000
it=37 best=2.5000
it=49 best=1.5833
it=91 best=0.6000
it=1063 best=0.5667
DONE
it=1 best=6.0000
it=2 best=5.5000
it=4 best=4.5000
it=6 best=2.5833
it=209 best=0.5833
DONE
it=9 best=1.5625
it=22 best=0.5625
DONE
it=3 best=1.5000
it=99 best=0.5667
DONE
it=0 best=5.3000
it=11 best=5.0000
it=21 best=4.0000
it=50 best=2.5000
it=61 best=1.5833
it=65 best=0.5667
DONE
it=83 best=1.5833
it=414 best=1.5714
it=418 best=0.6111
DONE
it=1 best=3.0455
it=12 best=2.5000
it=20 best=1.5833
it=740 best=0.5833
DONE
it=12 best=2.5833
it=14 best=1.5833
it=25 best=0.5833
it=106 best=0.5667
DONE
it=2 best=3.0909
it=9 best=2.6111
it=26 best=1.5833
it=187 best=0.6000
it=448 best=0.5667
DONE
it=17 best=1.5000
it=43 best=0.6250
it=44 best=0.5833
it=205 best=0.5625
DONE
it=1 best=12.8947
it=7 best=11.1667
it=11 best=7.3333
it=12 best=4.5000
it=19 best=3.1000
it=40 best=3.0455
it=52 best=2.5000
it=67 best=1.5833
it=132 best=0.6000
it=481 best=0.5833
DONE
it=3 best=5.3000
it=9 best=4.4583
it=25 best=3.5000
it=33 best=2.5625
it=41 best=1.5625
it=80 best=0.5833
DONE
it=1 best=3.5000
it=2 best=2.5833
it=29 best=1.5714
it=370 best=0.6000
DONE
it=3 best=3.5000
it=5 best=2.5000
it=26 best=1.5833
it=52 best=0.5833
DONE
it=4 best=5.4167
it=8 best=2.5000
it=17 best=1.5833
it=19 best=0.6000
it=1960 best=0.5833
DONE
it=5 best=0.6111
it=85 best=0.5833
it=498 best=0.5667
DONE
it=11 best=0.5833
DONE
it=4 best=1.5000
it=25 best=0.5833
it=107 best=0.5667
DONE
it=2 best=4.4167
it=7 best=1.5833
it=13 best=0.5667
DONE
it=9 best=2.5667
it=82 best=1.5714
it=3941 best=0.6000
DONE
it=20 best=1.5833
it=59 best=0.5833
DONE
it=29 best=2.5833
it=39 best=1.5833
it=113 best=0.6000
it=756 best=0.5667
DONE
it=3 best=6.5000
it=5 best=4.0000
it=8 best=2.5000
it=73 best=2.0667
it=101 best=1.5000
CEX QAWKpEXeTg@@XldPKubLgAA~DCG twin_free=False chi4=False
it=103 best=0.5000
DONE
it=6 best=4.0000
it=10 best=2.0000
it=30 best=1.3000
CEX QicsIDACaWhaO_kRSMOXeI[apm? twin_free=False chi4=False
it=31 best=0.5000
DONE
it=1 best=5.4167
it=2 best=2.5000
it=9 best=1.5000
CEX QrDaBQMY@SQyDAI_qjJ@LOJQBQG twin_free=False chi4=False
it=26 best=0.5000
DONE
it=3 best=3.5000
it=5 best=3.0000
it=6 best=2.0455
it=12 best=1.5000
it=49 best=0.5833
DONE
it=3 best=3.5833
it=5 best=2.5833
it=24 best=1.5833
it=1319 best=1.5714
it=1406 best=0.6111
DONE
it=2 best=8.3000
it=19 best=7.4667
it=21 best=6.5000
it=25 best=2.5556
it=300 best=1.5667
it=306 best=0.5833
DONE
it=6 best=4.5000
it=9 best=3.5000
it=31 best=2.5833
it=432 best=0.5833
DONE
it=7 best=0.5833
DONE
it=2 best=4.3000
it=4 best=3.4000
it=5 best=2.5000
it=15 best=1.5833
it=18 best=0.5833
DONE
it=3 best=5.0000
it=6 best=1.5000
it=20 best=0.5833
it=23 best=0.5667
DONE
DONE
it=7 best=3.1333
it=58 best=2.8333
it=1171 best=2.0833
DONE
it=22 best=5.1333
DONE
CEX QFZb?g[wOwBoao_yAa^BXF_C?}G twin_free=False chi4=False
it=38 best=1.8500
DONE
it=4 best=6.4500
it=5 best=6.0167
it=6 best=4.0833
it=8 best=2.9000
it=23 best=2.7000
it=28 best=1.7833
DONE
it=5405 best=2.7111
DONE
it=0 best=10.1667
it=2 best=9.0000
it=7 best=8.1500
it=12 best=6.6000
it=25 best=4.9500
it=31 best=2.9500
it=58 best=1.2000
DONE
it=22 best=2.3000
it=48 best=-0.7000
it=2759 best=-0.7000
DONE
it=0 best=6.6000
it=2 best=6.4125
it=3 best=5.3955
it=33 best=4.6000
it=38 best=4.5667
it=42 best=4.2667
it=2541 best=3.5667
DONE
it=2100 best=1.3167
DONE
it=1 best=3.4000
it=8 best=3.2500
it=14 best=2.3167
it=16 best=2.2125
DONE
it=13 best=3.6000
it=14 best=3.4000
it=24 best=1.6750
DONE
it=8 best=5.6000
it=25 best=4.5500
DONE
it=5 best=8.4476
it=289 best=8.4214
it=296 best=6.9833
it=331 best=5.8333
DONE
it=1 best=6.2500
it=4 best=6.0500
it=20 best=5.9000
it=26 best=5.4500
it=32 best=5.3000
it=39 best=5.2667
it=45 best=4.2667
DONE
it=0 best=4.0833
it=5 best=2.9333
it=22 best=2.0833
DONE
it=38 best=3.2125
it=43 best=2.0833
DONE
it=3 best=5.3000
it=11 best=3.5000
it=24 best=2.3071
it=42 best=2.3000
it=44 best=2.1000
DONE
it=8 best=3.2231
it=39 best=1.7500
it=46 best=1.3000
DONE
DONE
it=4 best=3.5500
it=10 best=2.9333
it=17 best=1.9333
DONE
it=7 best=5.9500
it=24 best=5.1000
it=25 best=4.0833
it=48 best=3.3000
it=82 best=3.2667
DONE
it=802 best=5.8333
DONE
it=4 best=8.7500
it=5 best=6.4500
it=7 best=5.7500
it=8 best=5.0000
it=10 best=3.8333
it=261 best=3.0833
DONE
it=1 best=3.4000
it=2 best=2.4000
it=10 best=1.4000
it=12 best=1.4000
CEX QRCQ?``Js\XgWQboPsQ?rGBYQaW twin_free=False chi4=False
it=62 best=1.2500
CEX QRCQ?`dJs[XgWQboPSQ?rGBYQaW twin_free=False chi4=False
it=165 best=0.8000
CEX QR?Q?`dJs[XgWQboRSQ?rGBYYaW twin_free=False chi4=False
CEX QR?Q?`dJs]XgWAborSQ?rGBYYaW twin_free=False chi4=False
DONE
it=1 best=4.5611
it=7 best=2.5611
it=521 best=1.9333
DONE
it=4 best=2.8333
it=565 best=2.2125
DONE
it=6 best=3.9000
it=8 best=3.7500
it=18 best=1.2000
DONE
it=0 best=2.1500
it=14 best=1.9000
it=24 best=1.7500
it=31 best=0.9909
CEX Q?AqNo@kfpFS@UMgHeFpC?qN?FG twin_free=False chi4=False
DONE
it=2 best=3.9000
it=16 best=1.6750
DONE
it=0 best=4.3000
it=7 best=3.9500
it=89 best=3.9333
DONE
it=4 best=5.1167
it=42 best=4.1333
it=1232 best=3.8667
DONE
it=5 best=7.2500
it=7 best=3.7833
it=10 best=1.9333
DONE
it=12 best=3.5500
DONE
it=11 best=2.9500
it=17 best=2.7833
DONE
it=45 best=5.4167
it=72 best=4.5667
it=181 best=3.8667
DONE
it=1 best=6.3000
it=4 best=5.3000
it=6 best=4.1500
it=9 best=3.6000
it=10 best=2.6000
it=28 best=2.5500
it=45 best=1.9333
DONE
it=7 best=7.8000
it=17 best=7.0000
it=28 best=4.5000
it=33 best=2.9500
DONE
it=3 best=7.0167
it=5 best=6.1667
it=13 best=5.7000
it=14 best=4.6000
DONE
it=5 best=7.3000
it=7 best=5.9500
it=14 best=5.0833
it=15 best=3.2125
DONE
it=5 best=5.8500
it=15 best=4.0625
it=17 best=3.8333
DONE
it=20 best=2.8333
it=60 best=2.3625
CEX QLFGhSio]BDRDE?XwKpSrq_OTcW twin_free=False chi4=False
it=4645 best=2.3000
DONE
it=0 best=3.0000
CEX QPZOooWo}?P?owHzC|eF?Hz?O]O twin_free=False chi4=False
it=27 best=1.8500
CEX QPZOooWo}?P?owHzC|bF?Hz?O]O twin_free=False chi4=False
it=30 best=1.5500
DONE
it=7 best=6.8083
it=9 best=6.6583
it=10 best=6.0000
it=16 best=5.0000
it=22 best=3.2125
it=23 best=2.3625
DONE
it=0 best=8.4143
it=11 best=6.2286
it=13 best=5.3786
it=17 best=4.8235
it=20 best=4.0591
CEX Qg_xqpEG\AUCPfPfBDCK`EGe`@g twin_free=False chi4=False
it=30 best=0.8000
DONE
it=5 best=4.7000
DONE
it=2 best=6.0500
it=3 best=4.7500
it=5 best=3.9000
it=8 best=3.6000
it=29 best=3.3000
it=47 best=2.8333
it=437 best=2.3625
DONE
it=6 best=11.2000
it=26 best=9.7500
it=37 best=6.7500
it=41 best=5.6000
it=59 best=3.6000
it=62 best=1.6750
it=1159 best=1.2000
DONE
it=0 best=13.7500
it=15 best=13.0500
it=19 best=11.9000
it=23 best=7.4000
it=41 best=4.5500
it=69 best=3.9333
it=85 best=3.4333
DONE
it=843 best=2.8333
it=2139 best=2.3625
DONE
it=15 best=2.7833
it=26 best=1.7833
DONE
it=0 best=3.9833
DONE
it=4 best=4.0000
it=9 best=2.8500
it=25 best=2.7111
it=4321 best=2.5611
DONE
it=1 best=7.3167
it=5 best=4.7000
it=17 best=4.5500
it=28 best=3.9833
it=69 best=3.1333
DONE
it=3 best=5.4500
it=12 best=4.4500
it=36 best=3.7500
it=521 best=3.5500
it=586 best=2.5500
it=594 best=1.9333
DONE
it=7 best=2.5500
it=49 best=2.3625
DONE
it=7 best=4.4500
it=9 best=4.2455
it=14 best=3.2909
it=29 best=2.4500
CEX Q@VVCOdsM`Db@u@uIGdOFChCkWg twin_free=False chi4=False
it=132 best=2.1500
CEX Q@VVCOdsM`Db@u@uICtOBCpCkWg twin_free=False chi4=False
it=250 best=1.5500
DONE
it=1 best=5.9500
it=4 best=4.9500
it=7 best=2.9500
it=28 best=2.8000
it=30 best=2.7500
it=33 best=1.9000
it=99 best=1.6750
it=423 best=1.3167
it=439 best=1.2000
DONE
it=4 best=8.1115
it=7 best=7.1500
it=16 best=5.9000
it=22 best=5.7500
it=72 best=4.3955
it=94 best=3.8667
it=143 best=3.7500
CEX Q??ayx[@FojA}CgxZ_Fo_?znwOG twin_free=False chi4=False
it=171 best=2.7500
DONE
it=1 best=6.9000
it=7 best=5.7000
it=31 best=3.9333
it=39 best=2.9333
it=40 best=2.0833
it=120 best=1.9333
DONE
it=0 best=7.1000
it=3 best=5.9833
it=16 best=2.8667
it=27 best=2.0500
CEX QYNIOQRcpkEw_BHKhESeBHKf@HG twin_free=False chi4=False
it=43 best=1.7000
it=430 best=1.3167
CEX QYNIPIRoPKQWcQHL`FceBHLfHHG twin_free=False chi4=False
DONE
CEX QGBHgEwLUSehOlqd?Qeq@@YYxA_ twin_free=False chi4=False
it=18 best=1.8500
DONE
it=0 best=7.0833
it=3 best=6.0667
it=4 best=5.0833
it=31 best=4.5500
it=77 best=3.9833
DONE
it=0 best=6.3000
it=2 best=5.9000
it=6 best=5.4000
it=14 best=1.6750
DONE
it=1 best=12.3071
it=2 best=10.3071
it=6 best=9.1000
it=7 best=5.6000
it=9 best=5.5500
it=15 best=2.4000
it=41 best=2.2500
it=47 best=2.1000
it=48 best=1.7833
it=175 best=1.6750
it=333 best=1.2000
DONE
it=0 best=5.4167
it=15 best=5.2667
DONE
it=5 best=1.7833
it=22 best=1.6750
it=603 best=1.3167
DONE
it=0 best=12.9500
it=4 best=12.3000
it=10 best=6.0500
it=27 best=5.2000
it=28 best=3.1500
it=31 best=2.7000
CEX QpTciCid[@DHOdDQdR@SoOdQTaw twin_free=False chi4=False
it=60 best=1.8500
DONE
it=0 best=9.9000
it=11 best=4.9000
it=21 best=3.9000
it=49 best=3.7500
it=54 best=2.7500
it=56 best=2.6000
it=67 best=1.9500
it=115 best=1.2000
it=155 best=1.2000
CEX QLIGgi_QwhIcGFqosXapDEGjBGG twin_free=False chi4=False
it=348 best=0.9500
DONE
it=21 best=5.5000
it=24 best=4.0500
it=31 best=3.8000
it=35 best=2.7500
it=47 best=2.0667
it=55 best=2.0500
CEX QpGaqpWeCwCB`x@{C^CNGWAt[C_ twin_free=False chi4=False
it=68 best=1.7000
DONE
it=1 best=5.7000
it=11 best=5.4167
it=14 best=4.5667
it=62 best=3.8667
DONE
it=8 best=4.4944
it=34 best=3.8667
DONE
it=12 best=4.5500
it=36 best=3.9333
it=73 best=3.0833
DONE
it=0 best=4.5500
it=96 best=3.8333
DONE
it=2 best=6.2125
it=5 best=5.5125
it=27 best=4.2125
it=36 best=3.2125
DONE
it=16 best=2.4000
CEX QL_OtNA`aaspJIIKIIorgp_TXS? twin_free=False chi4=False
DONE
it=0 best=7.7500
it=3 best=6.6526
it=6 best=4.6789
it=14 best=3.9000
it=41 best=2.9000
it=58 best=1.8553
DONE
it=6 best=6.6000
it=7 best=5.6000
it=8 best=5.4500
it=14 best=4.9417
it=49 best=3.7000
it=61 best=1.7833
DONE
it=6 best=6.8000
it=8 best=6.6500
it=10 best=4.9000
it=14 best=3.6000
it=15 best=3.4000
it=31 best=2.7833
it=46 best=2.6833
DONE
it=5 best=4.6000
it=13 best=3.5500
it=53 best=2.8333
DONE
it=18 best=3.4000
it=19 best=3.2500
it=24 best=2.7833
it=92 best=2.5611
it=1255 best=2.3625
DONE
it=5 best=3.9000
it=15 best=3.6000
it=28 best=3.5500
DONE
it=651 best=1.9333
DONE
it=8 best=4.4000
it=13 best=3.4000
DONE
it=11 best=5.0955
it=21 best=3.6000
CEX QieSdaoOQ^Q@Rx@lDqaQAkEeoYO twin_free=False chi4=False
it=36 best=2.7500
DONE
it=2 best=8.0000
it=7 best=6.1500
it=12 best=5.8000
it=14 best=4.6000
it=19 best=3.6500
it=30 best=2.5500
CEX QAC@OQtzEM\?CtDp\_O@rz?cRSg twin_free=False chi4=False
it=35 best=1.5500
CEX QAC@OQtzEML?Ctdp\_O@rz?cRSg twin_free=False chi4=False
DONE
it=28 best=6.2500
it=37 best=5.2500
it=38 best=4.3167
it=44 best=3.2000
it=45 best=2.2000
it=72 best=1.3167
it=96 best=1.2000
it=247 best=1.2000
DONE
it=6 best=3.7500
it=14 best=2.4000
CEX Q?AigFxiFoV?i_TSggoDp}OCD]? twin_free=False chi4=False
it=26 best=1.2500
it=274 best=1.2000
DONE
it=3 best=8.2231
it=16 best=7.5500
it=19 best=4.9333
it=65 best=2.7111
it=676 best=1.9333
DONE
it=2 best=2.7833
it=12 best=2.2500
it=48 best=1.7833
it=73 best=1.2000
DONE
DONE
it=6 best=3.8333
it=11 best=2.8333
it=427 best=2.7111
DONE
it=18 best=5.3000
it=22 best=4.0500
it=25 best=2.4500
it=41 best=2.1409
CEX Q?_EdGJJc@}cAr|GjHBwO?D^saG twin_free=False chi4=False
it=46 best=1.8500
CEX Q?_Ed_JJc`}cAr|GhhBw??D^saG twin_free=False chi4=False
it=132 best=1.5500
DONE
it=3 best=5.2833
DONE
it=1 best=2.4500
it=78 best=1.6000
DONE
it=9 best=4.9000
it=35 best=3.8667
DONE
it=5 best=2.0500
CEX Qdi?tE?AQhjkgb?OieIxAXkPep? twin_free=False chi4=False
it=17 best=1.4000
DONE
it=6 best=7.0500
it=12 best=5.4167
it=13 best=4.0000
it=16 best=3.7000
it=22 best=3.5500
it=23 best=2.7833
it=28 best=1.7833
it=70 best=1.2000
DONE
it=14 best=4.9333
DONE
it=0 best=5.8000
it=22 best=3.3167
it=27 best=3.0667
it=39 best=1.7833
DONE
it=6 best=2.8333
it=1159 best=2.3625
DONE
it=5 best=6.1000
it=9 best=2.9333
it=21 best=2.7833
DONE
it=13 best=3.5500
it=29 best=1.9333
DONE
it=6 best=5.0625
it=36 best=4.0625
it=68 best=2.2125
DONE
CEX QDXV?GKw^@KKEqCwP_lGEBf@P_w twin_free=False chi4=False
