it=10 best=8.0000
it=17 best=6.0000
it=19 best=5.5000
it=32 best=3.5556
it=52 best=2.5556
it=327 best=0.5909
DONE
it=2 best=5.5000
it=8 best=2.1000
CEX TihDgw[GTgU_QfQbG\aDwgWqSP_w`QDw?`AV twin_free=False chi4=False
it=34 best=0.5000
DONE
it=6 best=3.5000
it=48 best=0.5833
it=282 best=0.5625
DONE
it=10 best=6.8750
it=12 best=6.0000
it=18 best=5.9286
it=46 best=3.5000
it=125 best=2.5556
it=626 best=0.5714
DONE
it=2 best=7.0000
it=3 best=4.1667
it=7 best=3.1667
it=17 best=2.5500
it=1271 best=0.5909
DONE
it=2 best=9.5000
it=3 best=2.5476
it=16 best=1.5556
it=26 best=0.5556
DONE
it=1 best=9.3333
it=4 best=7.5000
it=6 best=7.3333
it=8 best=7.3000
it=14 best=6.3333
it=18 best=5.4444
it=35 best=5.2500
it=38 best=4.1667
it=55 best=3.5000
DONE
it=7 best=4.3000
it=29 best=3.5000
it=40 best=2.5000
it=53 best=1.5000
it=160 best=0.6000
DONE
it=1 best=13.3333
it=3 best=10.0000
it=5 best=9.8293
it=7 best=8.8293
it=11 best=8.8000
it=16 best=8.0000
it=23 best=4.5000
it=43 best=3.1667
it=51 best=2.5000
it=52 best=2.0000
it=73 best=1.1000
it=81 best=0.5625
DONE
it=2 best=10.8333
it=5 best=9.0000
it=8 best=8.0000
it=16 best=5.5000
it=17 best=2.5000
it=48 best=1.5625
it=109 best=0.5833
DONE
it=0 best=8.9000
it=1 best=7.0000
it=15 best=5.0000
it=16 best=4.0000
it=19 best=3.0000
it=125 best=2.5000
it=211 best=1.5667
it=724 best=0.5714
DONE
it=6 best=4.5000
it=31 best=3.5000
it=34 best=1.5556
it=115 best=0.5714
DONE
it=0 best=8.5000
it=8 best=7.5556
it=13 best=6.5625
it=27 best=6.5000
it=31 best=5.5000
it=77 best=4.5476
it=80 best=3.5476
it=106 best=2.5476
it=430 best=1.5625
it=1099 best=0.5909
DONE
it=14 best=8.0000
it=15 best=7.0682
it=21 best=4.0500
it=82 best=4.0227
it=131 best=3.5000
it=135 best=2.5556
it=143 best=0.5833
DONE
it=0 best=4.8077
it=54 best=3.4167
CEX T?ApfpMGC`xQRaKHzA@?X}??FPWIXS`cfIPQ twin_free=False chi4=False
it=72 best=0.5000
CEX T?ApfpMGC`xQRaKHxQH?X}??FPWIXS`cfIPQ twin_free=False chi4=False
CEX T?ApFpMGC`xQRaKHzQ@?X}??FPWIXS`cfIPQ twin_free=False chi4=False
CEX T?ApfpMGC`xQRaGHzAH?X}??FPWIXS`cfIPQ twin_free=False chi4=False
CEX T?ApFpMGC`zQRaKGxQH?X}??FPWIXS`cfIPQ twin_free=False chi4=False
CEX T?ApFpMGC`zQRaGHzQH?X}??FPWIXS`cfYPQ twin_free=False chi4=False
DONE
it=41 best=5.5000
it=52 best=5.0000
it=54 best=4.5000
it=148 best=0.5556
DONE
it=0 best=17.8000
it=8 best=14.0476
it=13 best=11.0000
it=15 best=9.0714
it=21 best=6.0000
it=38 best=5.0000
it=47 best=3.5000
it=73 best=2.5667
DONE
it=1 best=15.7500
it=2 best=15.6000
it=5 best=11.8750
it=7 best=5.8000
it=9 best=4.0000
it=22 best=3.0000
it=31 best=2.5000
it=45 best=1.5625
it=47 best=0.5833
DONE
it=0 best=3.5000
it=3 best=2.5000
it=83 best=1.5833
it=133 best=1.5667
it=354 best=0.5833
DONE
it=0 best=17.9024
it=3 best=15.1667
it=4 best=13.0000
it=9 best=12.5000
it=19 best=10.5000
it=22 best=8.5000
it=25 best=7.5000
it=35 best=7.0000
it=38 best=6.0000
it=57 best=4.5000
it=86 best=3.5000
it=91 best=2.5000
it=800 best=1.5625
DONE
it=3 best=4.5417
it=57 best=3.5476
it=125 best=2.5476
DONE
it=0 best=6.0303
it=9 best=6.0000
it=59 best=5.0682
it=71 best=5.0600
it=226 best=4.5000
it=230 best=3.5476
it=233 best=2.5476
it=243 best=0.5714
DONE
it=0 best=10.5000
it=1 best=7.3889
it=2 best=4.0000
it=8 best=3.5000
it=11 best=1.5833
it=19 best=0.5833
DONE
it=3 best=11.5000
it=11 best=11.0000
it=17 best=9.3333
it=20 best=7.8000
it=23 best=7.6667
it=30 best=6.5000
it=58 best=2.5556
it=64 best=1.5625
it=104 best=0.5667
DONE
it=10 best=4.5000
it=21 best=3.5625
it=57 best=2.5667
it=1010 best=2.5625
it=1702 best=2.5556
it=1715 best=0.5909
DONE
it=8 best=4.0000
it=36 best=3.3000
it=155 best=2.5000
it=168 best=0.5667
DONE
it=4 best=7.0000
it=16 best=6.0227
it=45 best=5.5000
it=79 best=2.5556
it=1320 best=1.5625
it=1326 best=0.5909
DONE
it=3 best=7.2500
it=7 best=4.5000
it=19 best=4.2500
it=21 best=3.2500
it=50 best=2.5000
it=90 best=1.5833
it=98 best=0.5833
it=215 best=0.5714
DONE
it=6 best=14.5000
it=12 best=11.1667
it=14 best=10.1667
it=25 best=9.2500
it=49 best=7.3000
it=67 best=3.5000
it=75 best=1.5667
it=86 best=0.5833
DONE
it=3 best=11.2500
it=10 best=9.7586
it=13 best=7.8889
it=14 best=6.5000
it=25 best=6.2500
it=28 best=4.5500
it=38 best=2.5625
it=65 best=1.5625
it=105 best=0.5625
DONE
it=3 best=18.5000
it=4 best=17.0000
it=5 best=15.7500
it=6 best=15.6667
it=9 best=9.5000
it=16 best=8.0000
it=18 best=7.0000
it=22 best=5.9286
it=48 best=5.0750
it=170 best=5.0000
it=181 best=4.5000
it=187 best=3.5000
it=217 best=2.5000
it=263 best=1.5833
it=889 best=1.5667
it=967 best=0.5833
DONE
it=4 best=8.8333
it=10 best=7.8571
it=11 best=6.6000
it=15 best=4.0500
it=16 best=3.0000
it=20 best=2.5000
it=22 best=0.5833
it=2109 best=0.5714
DONE
it=2 best=8.6667
it=3 best=8.0143
it=10 best=4.8000
it=61 best=3.0000
it=71 best=2.5000
it=99 best=0.5625
DONE
it=15 best=7.5000
it=34 best=6.5000
it=38 best=5.5000
it=60 best=4.5000
it=78 best=3.5000
it=129 best=1.5000
it=164 best=0.5667
it=4511 best=0.5556
DONE
it=3 best=2.5000
it=12 best=1.5000
it=107 best=0.5833
it=549 best=0.5625
DONE
it=3 best=9.0000
it=10 best=8.0333
it=14 best=6.8571
it=29 best=4.5000
it=44 best=0.5500
DONE
it=2 best=7.4000
it=3 best=4.0833
it=21 best=4.0000
it=60 best=2.5667
it=1252 best=1.5714
it=3242 best=1.5625
it=3399 best=0.5909
DONE
it=13 best=11.8000
it=27 best=9.8333
it=39 best=6.0000
it=47 best=5.0000
it=48 best=4.5000
it=53 best=3.5000
it=86 best=2.5000
it=99 best=1.5667
it=110 best=0.5833
DONE
it=4 best=9.0000
it=28 best=8.6667
it=33 best=4.8333
it=42 best=4.0000
it=49 best=3.0000
it=63 best=2.5000
it=180 best=1.5833
it=590 best=0.5833
it=1582 best=0.5714
DONE
it=2 best=5.5000
it=28 best=4.5000
it=33 best=3.5556
it=240 best=1.5625
it=243 best=0.5909
DONE
it=9 best=10.0000
it=16 best=7.0294
it=17 best=7.0000
it=19 best=5.0000
it=21 best=4.9062
it=36 best=4.5000
it=172 best=2.5667
it=179 best=2.5556
it=180 best=1.5556
it=238 best=0.5714
DONE
it=2 best=12.1500
it=5 best=12.0000
it=13 best=11.8500
it=18 best=9.7500
it=41 best=8.1500
it=74 best=7.8500
it=93 best=6.8500
it=99 best=5.8500
it=124 best=5.0000
it=242 best=3.9625
DONE
it=1 best=10.1500
it=9 best=9.4833
it=12 best=9.4500
it=16 best=7.7833
it=21 best=7.5167
it=50 best=7.4667
it=53 best=6.7000
it=63 best=5.8500
it=72 best=5.5500
it=94 best=4.4333
DONE
it=2 best=8.3000
it=13 best=6.4500
it=22 best=5.8214
it=48 best=5.1500
it=235 best=4.5333
it=255 best=3.5333
DONE
it=9 best=12.1000
it=18 best=9.6000
it=31 best=9.3500
it=33 best=8.6500
it=35 best=7.8000
it=50 best=6.9000
it=66 best=6.7500
it=125 best=5.3000
it=135 best=5.1500
it=150 best=4.3000
DONE
it=2 best=3.7000
it=9 best=3.6000
CEX TbQ\SoQOpHrAWHiKTE?MFeACQJcoSBJG\dcM twin_free=False chi4=False
it=30 best=2.3000
DONE
it=1 best=5.3833
it=2 best=3.1500
it=32 best=2.5333
DONE
it=0 best=11.8167
it=15 best=9.7667
it=17 best=8.0000
it=20 best=7.8500
it=34 best=6.3500
it=35 best=5.5000
it=44 best=3.8125
DONE
it=5 best=2.6167
it=13 best=1.8500
it=14 best=1.7000
CEX T[`HqPAH]CeHLYUCOkIo``HUADUCk@jOLGQk twin_free=False chi4=False
it=18 best=1.2500
CEX T[`HqPAH]CeHLYUCOkIo``HUEDUCk@bOLGQk twin_free=False chi4=False
CEX T[`HqPAHYCeHLYUCOlIo``HUEDUCk@bOLGQk twin_free=False chi4=False
it=70 best=1.1000
DONE
it=25 best=4.1500
it=147 best=3.7333
DONE
it=2 best=8.6000
it=6 best=5.1500
it=43 best=4.3000
it=73 best=3.0000
it=111 best=2.6833
DONE
it=10 best=8.2500
it=19 best=8.1000
it=23 best=6.2875
it=32 best=5.0833
it=56 best=4.7500
it=135 best=3.2000
it=149 best=3.0500
it=159 best=2.8500
it=160 best=2.7000
it=169 best=2.2333
DONE
it=3 best=6.8500
it=8 best=6.0000
it=11 best=5.1250
it=21 best=4.5500
it=33 best=3.5500
it=34 best=3.4000
it=45 best=2.7667
DONE
it=2 best=6.5048
it=3 best=6.5000
it=11 best=5.5000
it=55 best=4.9803
it=209 best=4.9000
it=274 best=4.7500
it=293 best=3.5833
DONE
it=6 best=10.0833
it=17 best=9.7500
it=32 best=9.7000
it=36 best=9.0000
it=50 best=7.2000
it=73 best=7.0500
it=86 best=5.9167
it=111 best=4.9167
it=130 best=4.5333
DONE
it=0 best=9.7500
it=4 best=9.0833
it=5 best=9.0500
it=18 best=7.4500
it=41 best=6.1667
it=3519 best=5.6167
DONE
it=5 best=11.5500
it=29 best=10.0556
it=39 best=9.1714
it=255 best=8.0976
it=259 best=7.0214
DONE
it=2 best=3.4000
it=68 best=2.7667
DONE
it=5 best=9.0833
it=7 best=7.4000
it=27 best=6.4083
it=43 best=5.5583
it=44 best=5.0500
it=73 best=3.9000
it=87 best=3.6000
CEX TLCQPKQSERTea[QWTeDX_hcOQNqaHoc^bK_D twin_free=False chi4=False
it=125 best=2.6000
CEX TLCQPKQSARTea[QWTeDX_heOQNqaHoc^bK_D twin_free=False chi4=False
DONE
it=0 best=5.3000
it=1 best=4.3000
it=65 best=3.8000
it=142 best=2.8500
it=186 best=2.7000
DONE
it=0 best=8.5333
it=10 best=8.2500
it=25 best=6.2000
it=26 best=6.0500
it=47 best=5.7000
it=57 best=3.9500
it=113 best=3.9167
DONE
it=6 best=6.7500
it=22 best=5.6000
it=25 best=5.4500
it=34 best=4.6000
it=41 best=4.4500
it=74 best=2.7500
it=1954 best=1.7500
DONE
it=9 best=7.1500
it=14 best=4.8000
it=15 best=4.7045
it=33 best=3.3500
it=51 best=2.3500
it=89 best=2.2000
DONE
it=8 best=4.6000
it=13 best=3.7500
CEX TWvE?SmKPaEOKOoN`bub@J_V?}M@{PiAKMYO twin_free=False chi4=False
it=44 best=2.9000
it=1608 best=2.8125
it=2161 best=2.3500
DONE
DONE
it=5 best=3.3500
it=30 best=2.7409
it=3898 best=2.4553
DONE
it=7 best=8.3500
it=17 best=6.8125
it=35 best=5.8125
it=38 best=4.6833
DONE
it=9 best=7.4500
it=10 best=6.3000
it=33 best=5.6000
it=69 best=3.7333
it=4383 best=3.5500
DONE
it=1 best=8.0500
it=12 best=6.9714
it=25 best=6.8214
it=48 best=6.8125
it=53 best=6.4500
it=113 best=6.2500
it=1953 best=5.8056
DONE
it=17 best=9.0500
it=28 best=7.4500
it=34 best=7.1500
it=36 best=6.1500
it=40 best=5.1083
it=46 best=3.6000
it=64 best=3.1125
DONE
it=3 best=7.2167
it=4 best=3.8125
it=33 best=3.6625
it=38 best=3.5333
DONE
it=5 best=3.2500
it=203 best=2.5333
DONE
it=1 best=10.1000
it=4 best=9.9667
it=7 best=5.4500
it=27 best=4.1000
it=44 best=3.9500
it=75 best=3.9000
it=88 best=2.9000
it=124 best=2.0500
CEX TMCp`_OPt@hxOQiKcEs\CIKagqE^?AARzF?g twin_free=False chi4=False
it=129 best=1.4000
CEX TMCp`_OPt@hxOQiKeAs\CIKagqE^@AARzF?g twin_free=False chi4=False
DONE
it=0 best=13.2667
it=2 best=12.3059
it=5 best=12.2500
it=14 best=12.2000
it=17 best=11.7773
it=18 best=11.2000
it=21 best=9.7000
it=23 best=9.5500
it=34 best=6.7000
it=40 best=5.4000
it=53 best=5.1000
it=227 best=4.2500
DONE
it=4 best=7.5000
it=30 best=6.9500
it=31 best=6.2000
it=53 best=4.9167
it=62 best=4.5333
DONE
it=36 best=1.6500
DONE
it=9 best=8.3000
it=38 best=7.6000
it=41 best=6.4500
it=76 best=6.0500
it=92 best=5.5500
it=116 best=4.3167
it=1248 best=3.8500
DONE
it=13 best=8.4000
it=58 best=8.0976
it=77 best=7.6476
it=593 best=7.0214
DONE
it=1 best=7.6667
it=3 best=5.9500
it=30 best=4.6333
it=39 best=4.6167
it=44 best=3.7000
it=47 best=2.7667
DONE
it=10 best=5.8500
it=31 best=4.2500
it=49 best=3.7000
it=147 best=3.5333
it=153 best=2.5333
it=917 best=2.3833
DONE
it=0 best=8.4000
it=2 best=7.5000
it=24 best=7.3500
it=61 best=6.9500
it=71 best=6.8000
it=72 best=5.8500
it=93 best=4.0500
it=98 best=3.2000
it=109 best=3.0667
DONE
it=3 best=3.8500
it=655 best=3.2500
DONE
it=31 best=6.0500
it=35 best=5.2000
it=43 best=4.5500
it=48 best=4.1500
it=77 best=4.0000
it=114 best=3.3833
it=131 best=2.5333
DONE
it=8 best=6.5000
it=11 best=5.8500
it=14 best=4.8125
it=23 best=4.6167
it=148 best=4.4667
DONE
it=0 best=11.4500
it=4 best=11.3000
it=5 best=11.1500
it=10 best=10.1500
it=16 best=9.8167
it=18 best=6.6500
it=33 best=6.5500
it=74 best=6.0000
it=79 best=4.7667
it=88 best=4.5333
it=136 best=3.5333
DONE
it=10 best=5.2500
it=11 best=4.5000
it=29 best=3.9786
DONE
it=9 best=6.6333
it=10 best=6.5000
it=23 best=5.8500
it=37 best=1.1833
DONE
it=0 best=5.9750
it=20 best=5.2000
it=37 best=4.1500
it=39 best=1.9167
DONE
it=12 best=4.0667
it=15 best=3.7333
DONE
it=11 best=21.6333
it=13 best=17.2500
it=17 best=14.6000
it=18 best=11.0500
it=37 best=8.0500
it=41 best=7.0500
it=56 best=6.0500
it=62 best=5.5500
it=83 best=5.0000
it=100 best=4.6500
CEX TlIAsPPU@LcyUBHscyPMcgkaaqDDcAoZ|[?M twin_free=False chi4=False
it=135 best=4.4000
DONE
it=0 best=23.0000
it=2 best=22.0000
it=4 best=17.9833
it=9 best=16.5000
it=14 best=15.5000
it=15 best=13.6667
it=17 best=8.4500
it=25 best=6.6000
it=31 best=6.0667
it=37 best=4.0667
it=49 best=3.9667
CEX TWAYuqAMHpCwMG@ufCHJ?u@V?]qGtE?|_b?N twin_free=False chi4=False
it=77 best=2.7500
it=1053 best=2.6833
DONE
it=2 best=15.7333
it=7 best=14.4333
it=10 best=14.4000
it=19 best=11.8833
it=29 best=10.9071
it=33 best=9.7000
it=40 best=7.7333
it=41 best=6.9583
it=58 best=5.6500
it=72 best=4.9000
it=84 best=4.8333
it=93 best=3.3500
it=119 best=3.0000
it=125 best=2.5333
DONE
DONE
it=5 best=13.0000
it=17 best=12.2500
it=18 best=11.6000
it=34 best=9.7500
it=35 best=8.6000
it=40 best=4.4000
it=41 best=2.7000
it=143 best=2.5500
it=145 best=2.4000
it=370 best=1.9167
DONE
it=0 best=9.2500
it=2 best=8.9000
it=13 best=7.4500
it=24 best=5.8500
it=30 best=5.5500
it=51 best=3.8500
it=62 best=3.5333
