it=15 best=9.0167
it=16 best=8.8500
it=25 best=8.0333
it=37 best=6.1500
it=46 best=4.9167
it=48 best=3.9167
DONE
it=4 best=14.9667
it=5 best=8.7500
it=17 best=6.5000
it=25 best=5.7500
it=44 best=5.4500
it=72 best=5.1500
it=120 best=4.5333
it=152 best=3.5333
DONE
it=2 best=9.8333
it=3 best=8.6333
it=16 best=8.0500
it=25 best=7.6786
it=29 best=5.6786
it=98 best=5.1500
it=102 best=4.5333
DONE
it=6 best=4.8500
it=7 best=2.8500
it=46 best=2.7667
it=167 best=1.9167
DONE
it=3 best=18.1000
it=9 best=16.9000
it=11 best=16.0500
it=13 best=11.3500
it=14 best=9.3833
it=22 best=7.9000
it=30 best=6.6071
it=62 best=5.8500
it=113 best=4.5000
it=202 best=3.5789
it=1941 best=3.2500
DONE
it=1 best=18.4500
it=3 best=17.5000
it=12 best=13.3000
it=18 best=12.3000
it=23 best=8.3000
it=25 best=8.0738
it=27 best=6.3500
it=28 best=4.3000
it=255 best=4.1500
it=350 best=3.5333
DONE
it=0 best=9.3000
it=2 best=8.4500
it=5 best=8.3500
it=7 best=7.3000
it=15 best=6.2000
it=33 best=5.8500
it=35 best=4.7000
it=60 best=4.5333
it=123 best=3.5333
DONE
it=5 best=4.9167
it=13 best=4.7667
it=19 best=4.6500
it=55 best=2.9167
it=390 best=2.5333
it=1909 best=2.0667
it=1964 best=1.9167
DONE
it=4 best=10.3000
it=9 best=9.1500
it=10 best=8.6000
it=11 best=7.3500
it=17 best=6.1500
it=33 best=5.5333
it=460 best=4.7667
it=474 best=3.7667
it=490 best=1.9167
DONE
it=0 best=11.7000
it=3 best=10.4000
it=38 best=8.3500
it=49 best=8.2000
it=50 best=6.9000
it=55 best=3.4000
it=60 best=3.3000
CEX Td`PWEcSlIaTJTYPOaHYgYPHP_cGaYdTckSD twin_free=False chi4=False
it=66 best=2.3000
DONE
it=8 best=5.7500
it=41 best=5.5500
it=98 best=4.5333
it=4341 best=3.5333
it=6069 best=2.5333
DONE
it=2 best=6.4500
it=5 best=6.4000
it=8 best=4.6000
it=14 best=3.1000
it=122 best=3.0500
DONE
it=12 best=4.0500
it=26 best=3.8500
it=44 best=3.7000
it=77 best=3.3833
it=143 best=2.5333
DONE
it=0 best=6.0667
it=3 best=5.3500
it=87 best=4.6625
DONE
it=10 best=9.5000
it=14 best=8.6500
it=15 best=7.7500
it=17 best=6.7500
it=18 best=4.9167
it=29 best=3.9167
it=33 best=3.1500
it=36 best=1.9500
it=47 best=1.8500
DONE
it=1 best=9.9500
it=6 best=8.5000
it=11 best=7.5000
it=13 best=7.3500
it=21 best=6.5395
it=23 best=6.3500
it=72 best=6.3000
it=75 best=3.8500
it=97 best=2.7667
DONE
it=34 best=7.7000
it=40 best=6.0667
it=55 best=5.9167
it=86 best=4.8125
it=503 best=4.7667
DONE
it=9 best=7.6500
it=24 best=7.5000
it=45 best=7.1000
it=83 best=6.9056
it=700 best=6.6167
it=727 best=6.4667
DONE
it=6 best=6.3000
it=14 best=1.3000
it=175 best=1.3000
it=2717 best=1.3000
it=3524 best=1.3000
it=4659 best=0.3000
it=4699 best=0.3000
it=4743 best=-0.7000
it=4786 best=-0.7000
DONE
it=17 best=8.8474
it=19 best=8.4000
it=22 best=7.5000
it=42 best=7.3500
it=43 best=7.0500
it=45 best=6.9625
it=66 best=6.3000
it=75 best=5.8000
it=611 best=5.6167
DONE
it=1 best=6.3833
it=29 best=5.5333
it=77 best=4.8125
it=89 best=4.5333
DONE
it=1 best=6.8500
it=2 best=6.0000
it=4 best=5.8500
it=23 best=4.7000
it=60 best=4.6000
it=62 best=4.4667
DONE
it=1 best=7.8000
it=7 best=7.6000
it=9 best=6.1500
it=10 best=4.1500
it=21 best=2.8500
it=29 best=2.8500
it=51 best=2.7000
it=104 best=2.6625
DONE
it=4 best=4.6000
it=35 best=4.0500
it=42 best=3.8231
it=54 best=3.6500
it=78 best=3.6000
it=89 best=3.4500
it=93 best=2.8125
DONE
it=3 best=6.0000
it=4 best=4.8500
it=43 best=3.9167
DONE
it=0 best=8.1000
it=12 best=5.9071
it=18 best=5.7333
it=36 best=5.6000
it=38 best=2.6833
it=59 best=2.5333
it=1788 best=1.9167
DONE
it=4 best=8.2500
it=5 best=6.2000
it=19 best=6.0500
it=23 best=5.2000
it=38 best=3.5500
it=49 best=2.3833
DONE
it=0 best=5.9500
it=11 best=3.8000
it=26 best=3.1000
it=31 best=2.2500
CEX Tk?{K?zUq@GggB@KfPiuCgBUCWQuC\OY@RAL twin_free=False chi4=False
it=40 best=1.1000
DONE
it=6 best=9.3000
it=14 best=7.2500
it=28 best=4.6000
it=75 best=3.6000
it=115 best=3.5231
it=121 best=3.2789
it=124 best=2.3500
it=158 best=2.2789
it=177 best=1.2789
DONE
it=6 best=10.5000
it=8 best=8.4000
it=10 best=7.4500
it=16 best=6.7500
it=19 best=5.7500
it=33 best=5.1000
it=48 best=4.4000
it=49 best=3.4000
it=66 best=2.7000
it=70 best=2.3833
DONE
it=5 best=9.0000
it=7 best=4.9000
it=22 best=4.0500
it=37 best=3.0500
it=72 best=2.8125
it=6492 best=2.3500
CEX TCwLH@TAiisagIhCBWyeM\C@TQEI_?TY[IlM twin_free=False chi4=False
it=6959 best=2.3000
DONE
it=5 best=7.6000
it=9 best=5.6000
it=44 best=5.2000
it=62 best=5.1500
DONE
it=0 best=14.4000
it=1 best=13.7600
it=3 best=13.7500
it=5 best=11.7500
it=6 best=11.6000
it=10 best=11.1000
it=11 best=9.6500
it=16 best=7.2000
it=22 best=6.4000
it=23 best=5.3000
it=507 best=4.6000
DONE
it=4 best=8.1500
it=11 best=6.9833
it=12 best=3.2333
it=14 best=3.2269
it=21 best=3.0000
it=173 best=2.2000
DONE
it=3 best=3.8500
it=23 best=2.6833
DONE
it=0 best=4.1000
it=10 best=4.0000
it=114 best=3.9625
DONE
it=1 best=6.1250
it=10 best=5.3500
it=15 best=5.1500
it=631 best=4.5500
it=647 best=3.7000
it=2343 best=3.5333
it=2682 best=2.3833
DONE
it=4 best=7.4500
it=11 best=5.6000
it=20 best=3.7000
it=22 best=2.8500
DONE
it=2 best=6.5500
it=7 best=5.4833
it=31 best=4.0000
it=35 best=3.1500
it=188 best=2.5333
DONE
it=27 best=4.8500
it=56 best=4.1500
it=294 best=2.5333
DONE
it=0 best=7.0500
it=15 best=5.7409
it=255 best=5.3500
it=303 best=5.1750
it=737 best=4.5000
it=743 best=3.8909
it=757 best=3.7333
it=774 best=3.5417
it=931 best=2.8125
DONE
it=2 best=19.2231
it=5 best=15.0500
it=7 best=12.4500
it=13 best=11.6000
it=17 best=9.4000
it=25 best=8.5500
it=28 best=7.5000
it=69 best=7.3500
it=185 best=6.1125
it=223 best=5.8125
it=2405 best=5.5500
it=2415 best=4.5500
it=2491 best=3.8500
DONE
it=5 best=7.3000
it=25 best=6.2500
it=27 best=5.4000
it=177 best=3.9625
DONE
it=10 best=4.4500
it=13 best=3.6000
it=33 best=2.4500
CEX T?WJGJPerGce|?s@Y?_TVer?Cpna?gUVBp?S twin_free=False chi4=False
it=179 best=1.7000
CEX T?WJGJPerGce|?{?Y?_TVer?CpmaGgUVBp?S twin_free=False chi4=False
it=181 best=1.5500
DONE
it=21 best=2.7667
it=26 best=1.7667
it=36 best=1.6500
DONE
it=2 best=10.5000
it=4 best=8.8000
it=21 best=6.6000
it=27 best=5.9000
it=34 best=3.8500
it=94 best=2.7000
it=97 best=2.5500
it=113 best=1.7667
DONE
it=1 best=4.2500
it=47 best=4.2000
it=83 best=3.3500
it=190 best=2.2000
