it=9 best=9.0000
it=47 best=7.0000
it=48 best=5.0000
it=75 best=5.0000
it=124 best=3.0000
it=210 best=2.0625
it=236 best=1.0833
it=259 best=1.0556
it=405 best=0.0714
DONE
it=4 best=12.0000
it=10 best=8.8000
it=32 best=7.9583
it=40 best=7.9444
it=87 best=6.0500
it=112 best=4.0476
it=414 best=3.0500
it=1732 best=2.0500
it=2020 best=0.0833
DONE
it=2 best=10.0000
it=4 best=8.5000
it=21 best=6.0000
it=33 best=4.0000
it=45 best=3.5000
it=58 best=2.8000
it=77 best=2.0000
it=82 best=1.0500
it=108 best=0.0556
DONE
it=2 best=19.0000
it=4 best=16.0000
it=8 best=15.0000
it=14 best=12.5000
it=15 best=8.5000
it=64 best=7.8000
it=65 best=5.8000
it=114 best=3.6000
it=180 best=3.0400
it=187 best=2.0400
it=278 best=0.0714
DONE
it=0 best=19.3000
it=1 best=18.8333
it=4 best=16.8000
it=5 best=14.7500
it=10 best=13.7500
it=13 best=11.6000
it=15 best=10.6000
it=22 best=9.5000
it=67 best=7.8000
it=80 best=6.8000
it=99 best=5.0000
it=151 best=4.0000
it=167 best=1.0000
it=236 best=0.0417
DONE
it=6 best=15.0000
it=19 best=13.0000
it=27 best=12.0000
it=43 best=10.7500
it=50 best=9.5000
it=62 best=2.6667
it=148 best=0.0833
DONE
it=0 best=14.0000
it=13 best=12.8000
it=25 best=12.5000
it=27 best=7.9500
it=30 best=6.9333
it=41 best=6.0000
it=45 best=5.0000
it=64 best=2.0556
it=388 best=1.0625
it=1157 best=0.0769
DONE
it=175 best=14.5000
it=190 best=13.5000
it=198 best=11.8667
it=202 best=11.7758
it=204 best=11.0000
it=207 best=9.0000
it=210 best=6.0000
it=211 best=6.0000
it=222 best=5.0000
it=239 best=3.0455
it=271 best=2.0000
it=311 best=1.0500
it=1126 best=0.0714
DONE
it=1 best=23.0000
it=6 best=22.6389
it=15 best=18.8333
it=18 best=18.5882
it=23 best=16.9273
it=27 best=13.7500
it=29 best=12.7500
it=30 best=9.0000
it=31 best=7.6000
it=44 best=7.5000
it=63 best=5.0000
it=67 best=5.0000
it=78 best=2.9231
it=96 best=1.0833
it=615 best=0.0833
DONE
it=8 best=13.6000
it=17 best=12.5000
it=24 best=11.5000
it=32 best=10.5000
it=41 best=7.7500
it=43 best=7.0000
it=46 best=7.0000
it=84 best=6.6667
it=98 best=4.0500
it=128 best=2.0625
it=161 best=1.0625
it=167 best=0.0667
it=5489 best=0.0556
it=6770 best=0.0417
DONE
it=1 best=20.8571
it=7 best=19.0000
it=9 best=17.0000
it=17 best=11.0000
it=48 best=10.7500
it=53 best=7.8000
it=58 best=6.0000
it=69 best=5.0000
it=88 best=3.6667
it=90 best=2.6667
it=152 best=0.0625
DONE
it=1 best=13.6000
it=2 best=11.0000
it=12 best=6.9500
it=25 best=5.0000
it=47 best=4.0000
it=52 best=2.0500
it=157 best=2.0476
it=161 best=1.0476
it=223 best=0.0476
DONE
it=5 best=19.7228
it=7 best=18.5294
it=11 best=17.6538
it=12 best=11.8000
it=22 best=9.9000
it=24 best=8.0000
it=35 best=7.0000
it=65 best=6.8571
it=75 best=5.7500
it=76 best=4.0000
it=151 best=3.0000
it=289 best=2.0000
it=323 best=1.0667
it=1013 best=0.0714
DONE
it=3 best=7.0000
it=16 best=6.0000
it=17 best=5.0000
it=66 best=4.0625
it=160 best=2.0556
it=686 best=2.0476
it=726 best=1.0625
it=3799 best=0.0833
DONE
it=0 best=23.6136
it=2 best=22.2500
it=3 best=21.6667
it=6 best=18.5000
it=16 best=17.8000
it=21 best=17.8000
it=27 best=16.0000
it=28 best=14.0000
it=45 best=13.0000
it=58 best=10.8000
it=61 best=9.0167
it=79 best=8.9286
it=89 best=7.8000
it=97 best=4.0357
it=149 best=3.0357
it=199 best=2.0556
DONE
it=7 best=9.9333
it=11 best=7.6667
it=18 best=5.9444
it=19 best=3.0000
it=2722 best=2.0556
DONE
it=0 best=21.6818
it=1 best=17.6875
it=4 best=13.8333
it=6 best=12.8333
it=8 best=11.0000
it=16 best=10.5000
it=25 best=9.0000
it=34 best=8.8621
it=36 best=8.7069
it=39 best=5.9286
it=68 best=5.9167
it=138 best=5.0000
it=143 best=4.9091
it=169 best=3.8000
it=179 best=2.8000
it=182 best=1.0500
it=185 best=0.0500
DONE
it=2 best=15.6667
it=5 best=13.5000
it=12 best=12.6667
it=16 best=10.5000
it=31 best=10.5000
it=48 best=10.0000
it=50 best=8.9000
it=69 best=8.7500
it=77 best=6.7500
it=85 best=5.0556
it=102 best=4.0667
it=188 best=3.0667
it=280 best=3.0556
it=526 best=3.0417
it=535 best=2.0556
it=2222 best=0.0556
it=5040 best=0.0417
DONE
it=6 best=19.1000
it=8 best=16.5000
it=20 best=15.1667
it=21 best=9.8000
it=23 best=8.8000
it=29 best=7.9286
it=43 best=6.6000
it=46 best=5.6000
it=57 best=4.0000
it=167 best=1.6667
it=174 best=0.8000
it=186 best=0.0500
DONE
it=15 best=8.5000
it=28 best=7.5000
it=32 best=2.0000
it=66 best=1.0625
it=77 best=0.0625
DONE
it=14 best=8.0000
it=20 best=5.0000
it=68 best=3.0000
it=213 best=1.0556
it=435 best=0.0625
DONE
it=0 best=9.9512
it=9 best=9.0000
it=51 best=7.8000
it=55 best=5.5000
it=57 best=4.0000
it=109 best=3.0000
it=161 best=0.0625
DONE
it=1 best=24.7846
it=8 best=24.3333
it=10 best=22.6552
it=17 best=20.8108
it=19 best=20.0000
it=21 best=17.8333
it=29 best=15.5000
it=39 best=15.0000
it=40 best=14.0000
it=47 best=10.8000
it=48 best=10.0000
it=65 best=8.0000
it=73 best=7.7500
it=100 best=6.7500
it=114 best=5.0000
it=117 best=1.0625
it=141 best=1.0500
it=199 best=0.0667
it=5054 best=0.0625
DONE
it=3 best=12.0000
it=9 best=11.6000
it=13 best=10.0000
it=25 best=7.7241
it=29 best=5.0000
it=40 best=4.0000
it=57 best=3.8000
it=58 best=2.7500
it=68 best=2.0000
it=86 best=1.0667
it=92 best=0.0625
DONE
it=4 best=17.6579
it=6 best=12.4444
it=16 best=8.6000
it=18 best=7.5000
it=23 best=4.8000
it=38 best=3.0000
it=106 best=0.0625
it=150 best=0.0625
DONE
it=1 best=8.8000
it=46 best=7.0000
it=51 best=6.0000
it=67 best=4.0500
it=111 best=3.0476
it=216 best=1.0625
DONE
it=5 best=9.0000
it=11 best=8.0000
it=49 best=6.0727
it=50 best=6.0455
it=59 best=6.0303
it=69 best=4.0667
it=80 best=3.0667
it=151 best=3.0000
it=218 best=0.0667
DONE
it=1 best=20.2346
it=6 best=18.5556
it=13 best=18.5556
it=30 best=16.1163
it=33 best=16.0000
it=39 best=14.0000
it=49 best=11.1667
it=98 best=10.5000
it=113 best=7.0000
it=140 best=6.0000
it=157 best=5.0000
it=166 best=4.0000
it=460 best=3.0750
it=598 best=2.0000
it=615 best=1.0000
it=970 best=0.0667
it=4086 best=0.0500
DONE
it=6 best=21.8294
it=10 best=19.8603
it=18 best=17.2941
it=21 best=16.6818
it=37 best=15.0000
it=39 best=12.5000
it=42 best=9.8333
it=54 best=7.9167
it=60 best=6.0000
it=68 best=5.9167
it=89 best=3.0000
it=106 best=1.0625
it=144 best=0.0625
it=587 best=0.0625
DONE
it=3 best=7.9000
it=19 best=6.0000
it=85 best=1.0667
it=433 best=0.0625
DONE
it=1 best=16.7500
it=2 best=14.6667
it=4 best=14.6000
it=5 best=13.8333
it=11 best=11.9167
it=13 best=9.9500
it=17 best=9.0000
it=22 best=6.0000
it=44 best=5.0000
it=50 best=3.0556
it=196 best=2.0500
it=500 best=0.0769
DONE
it=0 best=11.6000
it=1 best=11.4000
it=5 best=8.6000
it=12 best=5.7500
it=41 best=4.8000
it=48 best=3.8000
it=59 best=2.8000
it=115 best=2.0000
it=119 best=1.0556
it=137 best=0.0833
DONE
it=2 best=15.0000
it=6 best=12.5000
it=10 best=12.0417
it=14 best=11.8000
it=20 best=9.8333
it=25 best=7.9231
it=34 best=7.9167
it=45 best=6.0000
it=63 best=4.0000
it=141 best=2.1000
it=167 best=2.0000
it=435 best=1.0000
it=857 best=0.0667
DONE
it=0 best=9.8000
it=4 best=9.7500
it=24 best=7.0000
it=26 best=3.0000
it=33 best=1.0667
it=56 best=1.0625
it=104 best=0.0833
it=2086 best=0.0625
DONE
it=0 best=21.5000
it=1 best=16.6667
it=3 best=15.0000
it=5 best=14.8571
it=7 best=14.5000
it=8 best=13.7000
it=15 best=11.0000
it=28 best=8.6000
it=44 best=6.8000
it=46 best=5.9000
it=67 best=4.0000
it=69 best=2.0000
it=71 best=1.0000
it=196 best=0.0625
DONE
it=2 best=20.0000
it=3 best=19.5000
it=8 best=19.1667
it=18 best=16.2000
it=19 best=14.2500
it=23 best=14.1250
it=27 best=12.8750
it=28 best=11.7333
it=49 best=11.0000
it=57 best=10.0000
it=62 best=9.9583
it=66 best=7.9091
it=74 best=6.0000
it=165 best=4.9167
it=180 best=3.9167
it=210 best=3.0000
it=309 best=1.0667
it=310 best=0.0833
DONE
it=2 best=18.0000
it=5 best=14.6000
it=7 best=5.5000
it=2315 best=4.9000
it=2393 best=0.2000
it=7701 best=-1.0000
it=7863 best=-12.0000
it=7892 best=-28.0000
it=7897 best=-174.0000
DONE
it=4 best=14.7059
it=6 best=14.6667
it=14 best=13.5000
it=16 best=11.6000
it=19 best=10.5000
it=50 best=9.8750
it=61 best=8.8750
it=75 best=7.9583
it=84 best=6.9583
it=92 best=6.0000
it=143 best=5.0000
it=146 best=4.0000
it=161 best=3.0000
it=230 best=1.0556
it=981 best=1.0476
DONE
it=3 best=11.0000
it=6 best=10.0000
it=13 best=9.0000
it=39 best=7.7500
it=71 best=6.8000
it=75 best=4.0000
it=148 best=3.0714
DONE
it=3 best=13.6667
it=4 best=11.6667
it=7 best=6.7500
it=23 best=5.0000
it=26 best=1.0000
it=81 best=0.0556
DONE
it=0 best=6.8000
it=7 best=6.0000
it=13 best=1.0000
CEX WCaf?}`gCA?v@mVM?vBoK]@`wEboL?A_|wG@_O]JoOA_uBt twin_free=False chi4=False
it=19 best=0.0000
DONE
it=4 best=20.6667
it=8 best=19.2500
it=9 best=18.7500
it=18 best=17.8333
it=25 best=16.3333
it=36 best=16.2000
it=57 best=16.0000
it=64 best=15.0000
it=71 best=6.0000
it=72 best=5.8000
it=93 best=5.6667
it=137 best=3.0667
it=147 best=2.0667
it=434 best=1.0667
it=1940 best=1.0556
it=2155 best=0.0714
it=2574 best=0.0476
DONE
it=1 best=15.5625
it=17 best=15.4000
it=18 best=11.7500
it=20 best=11.3333
it=34 best=10.9231
it=36 best=10.8000
it=45 best=9.5385
it=48 best=8.5000
it=53 best=6.4000
it=55 best=5.7000
it=56 best=4.7500
it=60 best=3.8333
it=70 best=3.0000
it=137 best=0.0667
DONE
it=0 best=20.7500
it=6 best=20.4000
it=14 best=16.7500
it=21 best=15.8000
it=25 best=14.8000
it=31 best=9.8000
it=62 best=8.7500
it=78 best=7.0000
it=110 best=5.0667
it=136 best=4.0667
it=150 best=3.0625
it=2294 best=3.0417
it=2343 best=2.0556
DONE
it=1 best=13.6000
it=7 best=12.6000
it=15 best=12.2500
it=30 best=10.6667
it=31 best=10.5000
it=38 best=8.9000
it=43 best=5.7500
it=53 best=4.7500
it=61 best=3.0000
it=62 best=2.0000
it=76 best=0.0556
it=87 best=0.0500
DONE
it=1 best=18.0000
it=3 best=15.8421
it=8 best=15.6897
it=9 best=12.6897
it=11 best=12.0000
it=18 best=9.8864
it=19 best=7.9000
it=45 best=6.8000
it=59 best=6.0000
it=153 best=3.0556
it=204 best=2.0625
DONE
it=5 best=16.0000
it=6 best=12.5000
it=12 best=12.5000
it=43 best=10.5000
it=46 best=6.8000
it=77 best=6.0000
it=130 best=2.0476
it=148 best=0.0625
DONE
it=0 best=16.5000
it=13 best=15.0000
it=17 best=14.9000
it=18 best=14.8000
it=22 best=8.9048
it=31 best=5.9048
it=42 best=4.7500
it=48 best=2.6667
it=56 best=1.0000
it=83 best=0.0500
DONE
it=4 best=7.9333
it=40 best=6.0000
it=50 best=5.9444
it=58 best=5.0000
it=67 best=3.0500
it=92 best=2.0667
it=172 best=0.0833
it=1972 best=0.0556
it=5586 best=0.0476
DONE
it=8 best=5.0000
it=11 best=3.0833
it=12 best=3.0625
it=141 best=1.0625
it=341 best=1.0556
it=574 best=1.0476
it=810 best=0.0625
DONE
it=8 best=22.4000
it=19 best=21.5000
it=22 best=18.2500
it=45 best=17.1000
it=46 best=17.1000
it=48 best=15.5000
it=52 best=15.0000
it=54 best=14.6897
it=75 best=13.8000
it=77 best=11.7619
it=82 best=10.3333
it=89 best=8.8333
it=96 best=7.0000
it=117 best=6.0000
it=135 best=5.0000
it=175 best=4.8000
it=194 best=3.8000
it=198 best=3.0000
it=219 best=2.0000
it=267 best=1.0667
it=275 best=0.0833
DONE
it=4 best=25.6429
it=5 best=16.8571
it=6 best=16.2500
it=14 best=15.0000
it=15 best=11.0000
it=21 best=11.0000
it=26 best=9.5000
it=39 best=9.0000
it=49 best=8.8571
it=52 best=8.8000
it=56 best=6.9333
it=57 best=6.8000
it=71 best=6.0000
it=85 best=5.0000
it=94 best=4.0000
it=125 best=1.0667
it=178 best=0.0625
DONE
it=18 best=7.0000
it=81 best=6.0000
it=92 best=5.0000
it=104 best=4.0000
it=150 best=3.0625
DONE
it=1 best=16.6667
it=2 best=16.6000
it=13 best=12.6667
it=14 best=9.6000
it=30 best=7.8000
it=31 best=7.0000
it=44 best=6.0000
it=86 best=4.0000
it=177 best=2.0500
it=1133 best=0.0769
DONE
it=0 best=10.0175
it=7 best=7.9667
it=54 best=6.0000
it=60 best=5.0500
it=84 best=4.0500
it=138 best=2.0667
it=187 best=2.0556
it=211 best=0.0714
DONE
it=0 best=18.6364
it=10 best=18.6364
it=18 best=17.5455
it=19 best=14.0000
it=21 best=13.2000
it=24 best=11.0000
it=31 best=8.8000
it=40 best=7.6667
it=55 best=6.9333
it=71 best=3.6000
it=122 best=1.0000
it=194 best=0.0556
DONE
it=11 best=8.0000
it=23 best=6.8000
it=33 best=5.8000
it=42 best=3.9722
it=61 best=3.0000
it=152 best=1.0556
it=851 best=0.0833
DONE
it=10 best=6.5000
it=15 best=6.0000
it=27 best=5.6667
it=54 best=3.0625
it=94 best=0.0833
it=1384 best=0.0625
DONE
it=7 best=19.5000
it=10 best=18.5000
it=13 best=15.5000
it=14 best=15.0000
it=23 best=12.0000
it=31 best=8.9722
it=33 best=8.9333
it=35 best=7.0000
it=63 best=6.9000
it=67 best=6.0000
it=188 best=4.0667
DONE
it=5 best=10.8000
it=8 best=7.9333
it=13 best=6.8000
it=47 best=5.0000
it=96 best=3.0000
it=116 best=1.0667
it=1079 best=0.0667
DONE
it=5 best=8.0000
it=57 best=7.0000
it=98 best=6.0000
it=133 best=4.0625
it=174 best=3.0556
it=313 best=2.0625
DONE
it=23 best=1.0556
it=47 best=1.0500
it=94 best=0.0500
DONE
it=0 best=10.5000
it=11 best=8.0000
it=14 best=6.0000
it=66 best=6.0000
it=102 best=4.0000
DONE
it=2 best=13.7500
it=6 best=13.3333
it=7 best=11.7895
it=8 best=9.6667
it=9 best=5.0000
it=113 best=5.0000
it=143 best=4.0000
it=144 best=2.0000
it=152 best=0.0833
DONE
it=14 best=8.0000
it=40 best=4.8000
it=43 best=4.0000
it=45 best=2.6000
it=49 best=1.8333
it=56 best=0.8333
it=134 best=0.0556
DONE
it=1 best=16.5000
it=10 best=15.5000
it=13 best=14.8333
it=16 best=13.0000
it=18 best=12.7632
it=23 best=9.0000
it=28 best=7.9000
it=33 best=7.7857
it=36 best=3.9231
it=38 best=3.0000
it=103 best=2.0682
it=880 best=2.0000
it=920 best=1.0000
it=1053 best=0.0667
it=3761 best=0.0500
DONE
it=2 best=16.0000
it=6 best=12.6000
it=14 best=9.8750
it=21 best=8.9167
it=22 best=8.0000
it=33 best=7.0625
it=38 best=6.0625
it=39 best=6.0000
it=133 best=5.0000
it=175 best=3.0556
it=2005 best=2.0556
DONE
it=0 best=15.8333
it=4 best=15.0000
it=6 best=8.0000
it=59 best=6.0000
it=140 best=5.0000
it=146 best=4.0000
it=162 best=1.0476
it=197 best=0.0476
DONE
it=2 best=22.7778
it=6 best=22.7273
it=9 best=18.5000
it=10 best=16.0000
it=13 best=13.6667
it=23 best=11.0000
it=27 best=9.7500
it=30 best=7.8571
it=35 best=6.8537
it=43 best=4.9667
it=46 best=3.0000
it=81 best=2.0667
it=108 best=1.0000
it=112 best=0.0833
it=1501 best=0.0625
DONE
it=11 best=7.2222
it=20 best=6.9474
it=21 best=5.9474
it=22 best=5.0385
it=29 best=4.5000
it=51 best=4.0455
it=62 best=4.0000
it=74 best=3.0000
it=82 best=2.6000
it=130 best=1.0000
it=1641 best=0.0833
it=6224 best=0.0625
DONE
it=1 best=10.6667
it=5 best=10.5000
it=7 best=10.5000
it=16 best=8.5000
it=20 best=6.9615
it=49 best=3.0000
it=52 best=0.9000
it=168 best=0.0833
DONE
it=6 best=14.5455
it=39 best=14.4000
it=45 best=14.3846
it=46 best=12.0000
it=81 best=11.9000
it=82 best=6.5000
it=85 best=6.0000
it=95 best=5.0000
it=126 best=4.0000
it=187 best=0.0556
DONE
it=0 best=15.7143
it=14 best=14.7500
it=16 best=13.7500
it=17 best=11.5000
it=23 best=11.0000
it=25 best=8.5000
it=26 best=7.0000
it=27 best=4.0000
it=93 best=3.0000
it=231 best=0.0667
DONE
it=4 best=19.5000
it=18 best=12.5000
it=20 best=12.0000
it=24 best=6.0000
it=29 best=5.0000
it=30 best=3.8000
it=41 best=2.8000
it=46 best=2.0000
it=55 best=0.0667
it=551 best=0.0500
DONE
it=3 best=9.7500
it=7 best=8.7500
it=23 best=8.0000
it=32 best=7.0000
it=64 best=6.0000
it=82 best=5.0417
it=161 best=2.0556
it=1388 best=0.0769
DONE
it=1 best=14.5833
it=12 best=11.6667
it=19 best=9.6667
it=44 best=8.8333
it=46 best=7.8000
it=62 best=6.8000
it=63 best=6.0000
it=66 best=5.0400
it=77 best=3.0476
it=135 best=0.0714
DONE
it=0 best=10.8333
it=14 best=8.5000
it=17 best=7.6667
it=24 best=7.0000
it=40 best=5.9000
it=48 best=4.0476
it=66 best=2.0625
it=2404 best=2.0417
it=2419 best=1.0556
it=2966 best=0.0833
DONE
it=6 best=22.3049
it=9 best=19.6667
it=11 best=16.6667
it=14 best=16.5000
it=18 best=16.0000
it=19 best=9.0000
it=49 best=8.0000
it=53 best=7.9048
it=65 best=7.0000
it=79 best=6.0526
it=215 best=5.0000
it=231 best=4.0000
it=339 best=1.0625
it=445 best=1.0500
it=1446 best=0.0714
DONE
it=0 best=28.8548
it=2 best=27.8548
it=3 best=26.7500
it=6 best=24.0000
it=12 best=23.4333
it=22 best=21.6667
it=28 best=20.0000
it=39 best=13.0000
it=42 best=11.8000
it=56 best=9.8000
it=61 best=8.9583
it=63 best=7.9583
it=74 best=3.0000
it=80 best=2.0000
it=97 best=1.0500
it=2624 best=0.0714
it=4958 best=0.0476
DONE
it=1 best=15.6316
it=6 best=13.9091
it=11 best=13.6667
it=14 best=12.8537
it=27 best=8.9091
it=30 best=6.0000
it=33 best=5.0833
it=72 best=3.0000
it=3444 best=2.0682
it=6076 best=2.0000
it=6128 best=0.0556
it=6551 best=0.0417
DONE
it=4 best=13.0303
it=18 best=12.9524
it=34 best=12.0000
it=39 best=10.8000
it=44 best=9.0000
it=107 best=8.0000
it=109 best=5.0667
it=1441 best=5.0500
it=1550 best=3.0667
it=2442 best=3.0500
it=2483 best=1.0556
DONE
it=4 best=23.6585
it=9 best=23.4118
it=19 best=22.8537
it=23 best=22.0000
it=27 best=14.5000
it=33 best=10.8000
it=34 best=9.8000
it=42 best=8.8000
it=61 best=7.9000
it=112 best=5.9615
it=119 best=5.5000
it=138 best=3.7500
it=143 best=2.0000
it=411 best=0.0667
DONE
it=2 best=12.0000
it=3 best=10.8000
it=9 best=8.9167
it=18 best=4.0000
it=31 best=3.0000
DONE
it=21 best=11.0000
it=26 best=11.0000
it=27 best=10.0000
it=30 best=9.3333
it=34 best=6.8000
it=40 best=3.7500
it=46 best=2.0667
it=47 best=1.0625
it=51 best=0.0667
DONE
it=6 best=5.8571
it=20 best=5.8000
it=28 best=4.0000
it=43 best=0.0625
DONE
it=3 best=20.8173
it=5 best=16.5714
it=21 best=10.0000
it=27 best=9.0000
it=33 best=6.5000
it=35 best=4.5000
it=78 best=4.0000
it=83 best=3.0000
it=236 best=2.8000
it=281 best=2.0000
it=289 best=1.0625
it=426 best=0.0667
it=748 best=0.0500
DONE
it=1 best=16.7931
it=4 best=13.5000
it=5 best=13.0000
it=6 best=12.0000
it=11 best=10.9000
it=17 best=7.0000
it=20 best=5.0000
it=23 best=3.0667
it=28 best=3.0625
it=32 best=2.0833
it=206 best=2.0625
DONE
it=2 best=4.0556
it=23 best=3.0833
it=76 best=0.0833
DONE
it=0 best=22.5000
it=2 best=22.0000
it=3 best=20.6154
it=5 best=15.5000
it=6 best=14.0000
it=10 best=11.7500
it=12 best=10.0000
it=23 best=7.0000
it=31 best=6.0000
it=66 best=4.0625
it=164 best=2.0556
it=178 best=0.0625
DONE
it=5 best=20.4737
it=9 best=15.9091
it=11 best=14.8571
it=23 best=14.8333
it=24 best=12.5000
it=27 best=8.8000
it=29 best=8.7500
it=31 best=8.4615
it=120 best=6.9310
it=130 best=5.0000
it=136 best=4.0000
it=146 best=3.0000
it=190 best=1.0625
it=201 best=0.0833
DONE
it=1 best=22.9435
it=2 best=20.9855
it=18 best=14.0000
it=20 best=13.9737
it=23 best=13.8000
it=33 best=13.8000
it=41 best=12.5000
it=43 best=11.0000
it=48 best=10.0000
it=49 best=8.8000
it=91 best=5.9000
it=110 best=2.0625
it=129 best=1.0625
it=135 best=0.0625
DONE
it=6 best=7.7500
it=18 best=7.5000
it=19 best=7.5000
it=23 best=3.0000
it=33 best=2.0000
it=34 best=1.8000
it=39 best=1.8000
it=72 best=1.5000
it=124 best=0.0667
it=140 best=0.0625
it=209 best=0.0500
DONE
it=8 best=19.5000
it=16 best=17.0000
it=21 best=10.9000
it=25 best=7.7857
it=30 best=5.5000
it=84 best=5.0000
it=98 best=4.0000
it=101 best=2.0667
it=4369 best=0.0667
DONE
it=0 best=15.7500
it=28 best=14.7500
it=34 best=13.6000
it=45 best=11.8421
it=49 best=10.0000
it=68 best=7.5000
it=74 best=6.9091
it=111 best=5.0000
it=120 best=3.0606
it=124 best=3.0000
it=293 best=2.0000
it=890 best=1.0667
it=931 best=0.0833
DONE
it=0 best=19.3333
it=2 best=17.9286
it=4 best=14.5000
it=10 best=13.5000
it=15 best=11.0000
it=18 best=9.0278
it=19 best=6.9500
it=34 best=4.9667
it=51 best=3.0000
it=715 best=2.0556
it=1353 best=0.0833
DONE
it=27 best=7.9667
it=35 best=6.9444
it=47 best=6.0000
it=72 best=4.0500
it=88 best=2.0476
it=119 best=0.0625
DONE
it=5 best=11.6667
it=14 best=8.5000
it=39 best=7.8000
it=111 best=7.0000
it=162 best=5.0000
it=170 best=4.0476
it=238 best=3.0476
it=320 best=0.0714
DONE
it=12 best=17.3333
it=14 best=17.3333
it=17 best=17.0000
it=18 best=14.1429
it=22 best=13.0000
it=23 best=12.8000
it=34 best=11.9861
it=38 best=8.0351
it=46 best=6.8333
it=48 best=5.8333
it=66 best=4.0000
it=254 best=2.0667
it=2745 best=2.0500
it=6004 best=0.0667
it=6336 best=0.0500
DONE
it=2 best=22.0588
it=5 best=22.0000
it=13 best=19.0000
it=14 best=18.5000
it=15 best=17.0000
it=16 best=16.0000
it=21 best=14.6667
it=22 best=14.3333
it=26 best=11.0000
it=32 best=9.9206
it=33 best=8.9333
it=42 best=4.0000
it=43 best=1.0625
it=54 best=0.0667
DONE
it=2 best=15.4000
it=7 best=9.0000
it=11 best=9.0000
it=14 best=8.2500
it=21 best=4.9231
it=22 best=2.0000
it=30 best=1.0000
it=39 best=1.0000
it=45 best=0.0714
it=48 best=0.0667
it=2564 best=0.0625
DONE
it=7 best=12.0000
it=16 best=11.8125
it=18 best=11.0000
it=27 best=8.0000
it=34 best=7.7500
it=41 best=5.0667
it=55 best=4.0417
it=105 best=2.0476
it=1046 best=1.0556
DONE
it=4 best=17.6250
it=7 best=16.9000
it=9 best=16.6667
it=17 best=12.0000
it=18 best=10.8000
it=20 best=7.9231
it=22 best=5.9524
it=37 best=4.0667
it=48 best=4.0000
it=49 best=3.0789
it=96 best=3.0000
it=114 best=0.0625
DONE
it=0 best=13.8750
it=7 best=12.9000
it=10 best=12.0208
it=16 best=11.0185
it=27 best=9.0000
it=31 best=8.0357
it=33 best=5.0417
it=38 best=3.0500
it=3042 best=3.0455
DONE
it=0 best=17.8000
it=7 best=17.5000
it=11 best=15.8000
it=18 best=13.0000
it=19 best=12.0000
it=42 best=9.8571
it=43 best=9.0000
it=54 best=6.0000
it=61 best=4.8000
it=116 best=2.0500
it=210 best=1.0667
it=472 best=0.0714
DONE
it=3 best=11.8125
it=5 best=9.9464
it=12 best=8.0625
it=15 best=6.5000
it=24 best=5.0000
it=25 best=4.8333
it=34 best=2.9167
CEX W?_ZboI`Wo{dAD_ooWRHRXIZoaF`C?oj?BC]@q@rob@{dOK twin_free=False chi4=False
it=74 best=0.0000
CEX W?_ZboI`Wo{dAD_ooWRHRXIZoaF`C?ob?BC^@q@rob@{dOG twin_free=False chi4=False
CEX W?_ZboI`Wo{dAD_ooWRHRXIZoaF`CBob?BC^@q@rob@{dOC twin_free=False chi4=False
CEX W?_ZroG`wo{dAD_ooWRHRXIZoaF`CBob?BC^@q@rob@{dOC twin_free=False chi4=False
DONE
it=0 best=13.7727
it=12 best=12.0000
it=16 best=6.0400
it=17 best=6.0333
it=110 best=5.0500
it=117 best=4.0476
DONE
it=26 best=9.0000
it=27 best=8.0175
it=46 best=6.5000
it=51 best=5.8333
it=52 best=4.0000
it=374 best=2.0556
it=1627 best=1.0667
it=1730 best=0.0625
DONE
it=0 best=19.6923
it=2 best=18.7368
it=5 best=17.2000
it=7 best=16.0000
it=9 best=11.8000
it=10 best=10.4000
it=17 best=9.6667
it=20 best=6.7500
it=34 best=2.7500
it=41 best=1.7500
it=66 best=1.0000
it=192 best=0.0833
it=551 best=0.0625
it=669 best=0.0500
DONE
it=8 best=14.0000
it=18 best=11.6250
it=21 best=9.7917
it=35 best=8.8333
it=70 best=7.0000
it=97 best=6.0556
it=528 best=6.0417
it=781 best=5.0556
it=3495 best=4.0625
it=4078 best=2.0625
it=4613 best=2.0417
it=4617 best=0.0625
DONE
it=354 best=1.0556
it=5381 best=0.0833
DONE
it=10 best=18.0000
it=14 best=17.7791
it=27 best=17.7500
it=33 best=12.9138
it=41 best=7.5000
it=78 best=2.8000
it=290 best=0.0625
it=810 best=0.0500
DONE
it=0 best=21.6786
it=1 best=21.0000
it=4 best=19.7955
it=7 best=18.5882
it=10 best=17.8049
it=11 best=17.0000
it=12 best=14.8421
it=15 best=11.6667
it=18 best=11.0000
it=23 best=8.0417
it=25 best=8.0000
it=98 best=3.0000
it=158 best=2.0833
it=290 best=2.0667
it=1478 best=1.0667
it=1707 best=0.0714
DONE
it=3 best=13.0000
it=4 best=8.0000
it=15 best=5.0000
it=19 best=3.0000
it=60 best=2.0000
it=123 best=1.0667
it=128 best=1.0625
it=193 best=0.0556
DONE
it=13 best=13.0000
it=21 best=9.0000
it=28 best=8.1667
it=31 best=7.2857
it=35 best=6.0000
it=40 best=6.0000
it=55 best=4.7500
it=87 best=3.0000
it=139 best=2.0000
it=1235 best=1.8000
it=1275 best=1.8000
it=1282 best=1.0000
it=3492 best=0.0556
DONE
it=0 best=15.8226
it=3 best=14.8000
it=9 best=14.0000
it=18 best=14.0000
it=24 best=12.0000
it=27 best=12.0000
it=30 best=10.6429
it=43 best=10.1667
it=50 best=8.7500
it=52 best=6.7500
it=78 best=3.0000
it=83 best=2.0500
it=89 best=1.0500
it=94 best=0.0625
DONE
it=18 best=13.6415
it=34 best=11.5508
it=36 best=10.6667
it=38 best=9.5000
it=39 best=6.6667
it=52 best=4.6667
it=76 best=4.0000
it=2028 best=3.0476
it=4916 best=3.0357
DONE
it=3 best=15.5000
it=4 best=14.5000
it=14 best=12.5000
it=28 best=10.9000
it=33 best=8.9333
it=41 best=8.8000
it=43 best=5.9167
it=52 best=3.0000
it=120 best=0.0476
DONE
it=5 best=11.9333
it=70 best=8.9762
it=73 best=5.0370
it=241 best=2.0500
DONE
it=2 best=17.5000
it=5 best=15.6667
it=7 best=12.6667
it=8 best=7.7500
it=14 best=6.0000
it=20 best=5.0000
it=36 best=4.0417
it=46 best=4.0400
it=64 best=3.0500
it=3371 best=2.0667
it=5429 best=0.0833
DONE
it=6 best=9.9000
it=12 best=8.9333
it=36 best=7.9333
it=37 best=6.8000
it=44 best=5.8000
it=47 best=5.0000
it=55 best=2.0000
it=92 best=1.0476
it=94 best=0.0625
DONE
it=0 best=22.0000
it=1 best=21.4091
it=19 best=16.0000
it=20 best=14.8000
it=23 best=13.6190
it=26 best=12.9000
it=28 best=12.8000
it=32 best=11.8000
it=50 best=9.0000
it=56 best=9.0000
it=63 best=3.7000
it=65 best=3.0000
it=149 best=2.0556
it=168 best=0.0714
DONE
it=2 best=11.6000
it=4 best=8.2000
it=31 best=6.6000
it=53 best=4.8000
it=54 best=4.7500
it=55 best=4.0000
it=77 best=2.0667
