W1 FAIL (stubborn) ECZ_ lt-mu=-0.1121
W1 FAIL (stubborn) ECZg lt-mu=-0.4615
W1 FAIL (stubborn) EQj_ lt-mu=-0.1121
W1 FAIL (stubborn) EQjg lt-mu=-0.4615
W1 FAIL (stubborn) F?`v_ lt-mu=-0.9329
W1 FAIL (stubborn) F?`vg lt-mu=-1.2946
W1 FAIL (stubborn) FCOf_ lt-mu=-0.5396
W1 FAIL (stubborn) FCOfo lt-mu=-1.2946
W1 FAIL (stubborn) FCQe_ lt-mu=-0.0110
W1 FAIL (stubborn) FCQf_ lt-mu=-0.7044
W1 FAIL (stubborn) FCQfg lt-mu=-1.2946
W1 FAIL (stubborn) FCRdg lt-mu=-0.7301
W1 FAIL (stubborn) FCQv_ lt-mu=-0.9329
W1 FAIL (stubborn) FCQvg lt-mu=-1.2946
W1 FAIL (stubborn) FCpe_ lt-mu=-0.4808
W1 FAIL (stubborn) FCpbO lt-mu=-0.1685
W1 FAIL (stubborn) FCXf? lt-mu=-0.8123
W1 FAIL (stubborn) FCXfO lt-mu=-0.7895
W1 FAIL (stubborn) FCXfW lt-mu=-1.2946
W1 FAIL (stubborn) FCZfW lt-mu=-0.0095
W1 FAIL (stubborn) FCZUw lt-mu=-0.0582
W1 FAIL (stubborn) FCXnO lt-mu=-0.9329
W1 FAIL (stubborn) FCXmW lt-mu=-0.7895
W1 FAIL (stubborn) FCXnW lt-mu=-1.2946
W1 FAIL (stubborn) FQinW lt-mu=-1.2946
W1 FAIL (stubborn) G?ABvo lt-mu=-1.8047
W1 FAIL (stubborn) G?ABvs lt-mu=-2.1737
W1 FAIL (stubborn) G?`@f_ lt-mu=-0.7368
W1 FAIL (stubborn) G?`@fo lt-mu=-1.4211
W1 FAIL (stubborn) G?`@fc lt-mu=-1.3436
W1 FAIL (stubborn) G?`@fs lt-mu=-2.1737
W1 FAIL (stubborn) G?`Db_ lt-mu=-0.3641
W1 FAIL (stubborn) G?`Dbo lt-mu=-0.7684
W1 FAIL (stubborn) G?`Dbc lt-mu=-0.6987
W1 FAIL (stubborn) G?`Dfo lt-mu=-1.5685
W1 FAIL (stubborn) G?`Dbs lt-mu=-1.4504
W1 FAIL (stubborn) G?`Dfs lt-mu=-2.1737
W1 FAIL (stubborn) G?`Fdo lt-mu=-1.2553
W1 FAIL (stubborn) G?`Fds lt-mu=-1.5023
W1 FAIL (stubborn) G?`Dvo lt-mu=-1.8047
W1 FAIL (stubborn) G?`Dvs lt-mu=-2.1737
W1 FAIL (stubborn) G?`af? lt-mu=-0.4537
W1 FAIL (stubborn) G?`ad_ lt-mu=-0.0494
W1 FAIL (stubborn) G?`aeO lt-mu=-0.2440
W1 FAIL (stubborn) G?`af_ lt-mu=-0.9641
W1 FAIL (stubborn) G?`adg lt-mu=-0.6271
W1 FAIL (stubborn) G?`afg lt-mu=-1.4303
W1 FAIL (stubborn) G?`aew lt-mu=-0.1785
W1 FAIL (stubborn) G?`adk lt-mu=-1.4378
W1 FAIL (stubborn) G?`ae[ lt-mu=-0.1165
W1 FAIL (stubborn) G?`afk lt-mu=-2.1737
W1 FAIL (stubborn) G?`e`g lt-mu=-0.0494
W1 FAIL (stubborn) G?`bcg lt-mu=-0.3878
W1 FAIL (stubborn) G?`bf_ lt-mu=-1.3252
W1 FAIL (stubborn) G?`beg lt-mu=-0.7895
W1 FAIL (stubborn) G?`bec lt-mu=-0.7129
W1 FAIL (stubborn) G?`bfg lt-mu=-1.5962
W1 FAIL (stubborn) G?`bfc lt-mu=-1.4592
W1 FAIL (stubborn) G?`bek lt-mu=-1.4771
W1 FAIL (stubborn) G?`bfk lt-mu=-2.1737
W1 FAIL (stubborn) G?`cjc lt-mu=-1.2553
W1 FAIL (stubborn) G?`an_ lt-mu=-0.9641
W1 FAIL (stubborn) G?`alg lt-mu=-1.0320
W1 FAIL (stubborn) G?`ang lt-mu=-1.5713
W1 FAIL (stubborn) G?`alk lt-mu=-1.4378
W1 FAIL (stubborn) G?`ank lt-mu=-2.1737
W1 FAIL (stubborn) G?`bn_ lt-mu=-1.3832
W1 FAIL (stubborn) G?`bng lt-mu=-1.8047
W1 FAIL (stubborn) G?`bnc lt-mu=-1.5886
W1 FAIL (stubborn) G?`bmk lt-mu=-1.5113
W1 FAIL (stubborn) G?`bnk lt-mu=-2.1737
W1 FAIL (stubborn) G?`vAk lt-mu=-1.2761
W1 FAIL (stubborn) G?`vFc lt-mu=-0.3412
W1 FAIL (stubborn) G?`rf_ lt-mu=-1.6653
W1 FAIL (stubborn) G?`rfG lt-mu=-1.0790
W1 FAIL (stubborn) G?`reK lt-mu=-1.5482
W1 FAIL (stubborn) G?`rfg lt-mu=-1.6752
W1 FAIL (stubborn) G?`rfK lt-mu=-1.5681
W1 FAIL (stubborn) G?`rfk lt-mu=-2.1737
W1 FAIL (stubborn) G?`vfg lt-mu=-0.7334
W1 FAIL (stubborn) G?`vfk lt-mu=-0.8980
W1 FAIL (stubborn) G?`rng lt-mu=-1.8047
W1 FAIL (stubborn) G?`rnk lt-mu=-2.1737
W1 FAIL (stubborn) G?qaf? lt-mu=-0.7358
W1 FAIL (stubborn) G?qabG lt-mu=-0.2729
W1 FAIL (stubborn) G?qaew lt-mu=-0.1907
W1 FAIL (stubborn) G?qae[ lt-mu=-0.1129
W1 FAIL (stubborn) G?ovF? lt-mu=-1.2425
W1 FAIL (stubborn) G?ovFW lt-mu=-0.3577
W1 FAIL (stubborn) G?ovFK lt-mu=-0.2165
W1 FAIL (stubborn) G?ovD[ lt-mu=-0.2527
W1 FAIL (stubborn) G?ovF[ lt-mu=-0.9841
W1 FAIL (stubborn) G?qtd{ lt-mu=-0.9381
W1 FAIL (stubborn) GCOcf_ lt-mu=-0.7368
W1 FAIL (stubborn) GCOcfO lt-mu=-0.6987
W1 FAIL (stubborn) GCOcfo lt-mu=-1.4211
W1 FAIL (stubborn) GCOcfc lt-mu=-1.3436
W1 FAIL (stubborn) GCOcfs lt-mu=-2.1737
W1 FAIL (stubborn) GCOfCs lt-mu=-1.0519
W1 FAIL (stubborn) GCOfFc lt-mu=-0.0741
W1 FAIL (stubborn) GCOfDs lt-mu=-0.1419
W1 FAIL (stubborn) GCOfFs lt-mu=-0.9379
W1 FAIL (stubborn) GCOefO lt-mu=-0.8989
W1 FAIL (stubborn) GCOedo lt-mu=-0.7684
W1 FAIL (stubborn) GCOedc lt-mu=-0.6987
W1 FAIL (stubborn) GCOedK lt-mu=-0.9073
W1 FAIL (stubborn) GCOefo lt-mu=-1.5685
W1 FAIL (stubborn) GCOefg lt-mu=-0.3723
W1 FAIL (stubborn) GCOefc lt-mu=-0.0560
W1 FAIL (stubborn) GCOefS lt-mu=-1.4328
W1 FAIL (stubborn) GCOeds lt-mu=-1.4504
W1 FAIL (stubborn) GCOefK lt-mu=-0.1263
W1 FAIL (stubborn) GCOefs lt-mu=-2.1737
W1 FAIL (stubborn) GCOefk lt-mu=-0.9378
W1 FAIL (stubborn) GCOffO lt-mu=-0.0467
W1 FAIL (stubborn) GCOfeo lt-mu=-1.2553
W1 FAIL (stubborn) GCOffo lt-mu=-0.6021
W1 FAIL (stubborn) GCOffS lt-mu=-0.1546
W1 FAIL (stubborn) GCOfes lt-mu=-1.5023
W1 FAIL (stubborn) GCOfds lt-mu=-0.2040
W1 FAIL (stubborn) GCOffs lt-mu=-0.8972
W1 FAIL (stubborn) GCOevo lt-mu=-1.8047
W1 FAIL (stubborn) GCOevs lt-mu=-2.1737
W1 FAIL (stubborn) GCOfvo lt-mu=-0.9851
W1 FAIL (stubborn) GCQ`f? lt-mu=-0.6169
W1 FAIL (stubborn) GCQ`e_ lt-mu=-0.0494
W1 FAIL (stubborn) GCQ`f_ lt-mu=-0.9641
W1 FAIL (stubborn) GCQ`fG lt-mu=-0.6717
W1 FAIL (stubborn) GCQ`fg lt-mu=-1.4378
W1 FAIL (stubborn) GCQ`fk lt-mu=-2.1737
W1 FAIL (stubborn) GCQf@k lt-mu=-1.3832
W1 FAIL (stubborn) GCQfBk lt-mu=-0.3267
W1 FAIL (stubborn) GCQeeo lt-mu=-1.1685
W1 FAIL (stubborn) GCQedc lt-mu=-0.7895
W1 FAIL (stubborn) GCQeew lt-mu=-0.2779
W1 FAIL (stubborn) GCQefc lt-mu=-0.1760
W1 FAIL (stubborn) GCQefK lt-mu=-0.1374
W1 FAIL (stubborn) GCQefk lt-mu=-0.9379
W1 FAIL (stubborn) GCQdbg lt-mu=-0.9641
W1 FAIL (stubborn) GCQdfC lt-mu=-1.1369
W1 FAIL (stubborn) GCQdfg lt-mu=-1.6027
W1 FAIL (stubborn) GCQdfc lt-mu=-1.4845
W1 FAIL (stubborn) GCQdfK lt-mu=-1.4378
W1 FAIL (stubborn) GCQdfk lt-mu=-2.1737
W1 FAIL (stubborn) GCQbdc lt-mu=-0.8237
W1 FAIL (stubborn) GCQbdK lt-mu=-1.0557
W1 FAIL (stubborn) GCQbfg lt-mu=-0.4007
W1 FAIL (stubborn) GCQbfc lt-mu=-0.1571
W1 FAIL (stubborn) GCQbfK lt-mu=-0.1489
W1 FAIL (stubborn) GCQbfk lt-mu=-0.9379
W1 FAIL (stubborn) GCQbVW lt-mu=-0.3358
W1 FAIL (stubborn) GCQbVK lt-mu=-0.1928
W1 FAIL (stubborn) GCQbU[ lt-mu=-0.2082
W1 FAIL (stubborn) GCQbV[ lt-mu=-0.9840
W1 FAIL (stubborn) GCQffg lt-mu=-0.6488
W1 FAIL (stubborn) GCQffk lt-mu=-0.8974
W1 FAIL (stubborn) GCQeuw lt-mu=-0.5230
W1 FAIL (stubborn) GCQeu{ lt-mu=-0.9379
W1 FAIL (stubborn) GCQfNk lt-mu=-0.8972
W1 FAIL (stubborn) GCQdng lt-mu=-1.8047
W1 FAIL (stubborn) GCQdnk lt-mu=-2.1737
W1 FAIL (stubborn) GCQREO lt-mu=-0.2361
W1 FAIL (stubborn) GCQREk lt-mu=-0.1004
W1 FAIL (stubborn) GCQTbK lt-mu=-1.2553
W1 FAIL (stubborn) GCQTfg lt-mu=-1.5962
W1 FAIL (stubborn) GCQTfc lt-mu=-1.4592
W1 FAIL (stubborn) GCQTfK lt-mu=-1.5722
W1 FAIL (stubborn) GCQTfk lt-mu=-2.1737
W1 FAIL (stubborn) GCQTng lt-mu=-1.8047
W1 FAIL (stubborn) GCQTnk lt-mu=-2.1737
W1 FAIL (stubborn) GCQvBk lt-mu=-0.3355
W1 FAIL (stubborn) GCQvFk lt-mu=-0.9380
W1 FAIL (stubborn) GCQtbK lt-mu=-1.5482
W1 FAIL (stubborn) GCQtfg lt-mu=-1.6752
W1 FAIL (stubborn) GCQtfK lt-mu=-1.6269
W1 FAIL (stubborn) GCQtek lt-mu=-1.5681
W1 FAIL (stubborn) GCQtfk lt-mu=-2.1737
W1 FAIL (stubborn) GCQtnk lt-mu=-2.1737
W1 FAIL (stubborn) GCpbV[ lt-mu=-0.9379
W1 FAIL (stubborn) GCXb^W lt-mu=-1.8047
W1 FAIL (stubborn) GCXb^[ lt-mu=-2.1737
W1 FAIL (stubborn) GCdee{ lt-mu=-0.9841
leafy: 4086, stubborn (no good leaf): 201, W1 failures: 182
min step slack over good-leaf graphs: 0.0112065 at G?`@f?
min (leafT-mu) over stubborn graphs: -2.17365 at GCQdnk
