(0, 3) UNSAT
(0, 5) UNSAT
(0, 2) UNSAT
(0, 6) UNSAT
(0, 8) UNSAT
(0, 4) UNSAT
(0, 1) UNSAT
(0, 7) UNSAT
(0, 9) UNSAT
(0, 10) UNSAT
(1, 6) UNSAT
(1, 5) UNSAT
(1, 2) UNSAT
(1, 3) UNSAT
(1, 4) UNSAT
(1, 7) UNSAT
(1, 8) UNSAT
(1, 9) UNSAT
(2, 3) UNSAT
(2, 6) UNSAT
(2, 7) UNSAT
(2, 5) UNSAT
(2, 4) UNSAT
(1, 10) UNSAT
(2, 8) UNSAT
(2, 9) UNSAT
(2, 10) UNSAT
(3, 7) UNSAT
(3, 4) UNSAT
(3, 6) UNSAT
(3, 8) UNSAT
(3, 5) UNSAT
(3, 9) UNSAT
(3, 10) UNSAT
(4, 5) UNSAT
(4, 10) UNSAT
(4, 9) UNSAT
(4, 7) UNSAT
(4, 6) UNSAT
(4, 8) UNSAT
(5, 7) UNSAT
(5, 6) UNSAT
(5, 8) UNSAT
(6, 8) UNSAT
(5, 10) UNSAT
(6, 7) UNSAT
(5, 9) UNSAT
(6, 9) UNSAT
(6, 10) UNSAT
(7, 8) UNSAT
(7, 9) UNSAT
(7, 10) UNSAT
(9, 10) UNSAT
(8, 10) UNSAT
(8, 9) UNSAT
