== n9_sumfails.txt
GCOfBc  c in [-2.0000, -0.6667] ok=True R=22.000
H?`@fBP  c in [-2.0000, -0.6667] ok=True R=22.000
H?`@f@h  c in [-2.0000, -1.0000] ok=True R=22.000
H?`@db`  c in [-2.0000, -0.8333] ok=True R=22.000
H?`aeRS  c in [-2.0000, -0.6667] ok=True R=22.000
HCOcbQp  c in [-1.9789, -0.8163] ok=True R=21.875
HCOfBej  c in [-2.0085, -0.1163] ok=True R=44.400
HCOefDf  c in [-2.0085, -0.1163] ok=True R=44.400
== ../childE/n10_fails.txt
I?bFSyy^O  c in [-4.2683, 5.6118] ok=True R=63.920
I?bFSyx^_  c in [-4.2683, 5.7763] ok=True R=63.920
I?`ebjF^_  c in [-3.4538, 5.1184] ok=True R=63.920
I?`eelm~?  c in [-4.0938, 5.4474] ok=True R=63.920
I?`ebnM~?  c in [-4.0938, 5.4474] ok=True R=63.920
I?`ebl]~?  c in [-3.8903, 5.4474] ok=True R=63.920
I?`ea~e~?  c in [-4.0379, 5.4474] ok=True R=63.920
I?`ea|m~?  c in [-3.9821, 5.4474] ok=True R=63.920
ICpfUvy~O  c in [-4.2975, 2.7914] ok=True R=99.944
ICpfUv]~O  c in [-4.2975, 2.6810] ok=True R=99.944
ICpfUvx~_  c in [-4.2808, 2.7914] ok=True R=99.944
I?`adGl}?  c in [-3.1390, 1.5366] ok=True R=35.875
I?`a`id]_  c in [-2.9209, 1.7317] ok=True R=35.875
I?`abLuro  c in [-2.7673, 2.2768] ok=True R=63.920
I?`abLV|_  c in [-2.3785, 4.4605] ok=True R=63.920
I?`abLVz_  c in [-2.8444, 8.8819] ok=True R=63.920
I?`afNU^_  c in [-3.5192, 4.7895] ok=True R=63.920
I?`afLuv_  c in [-3.3081, 5.2829] ok=True R=63.920
I?`ejXu}O  c in [-3.8903, 5.6118] ok=True R=63.920
I?`ejXt}_  c in [-3.8903, 5.7763] ok=True R=63.920
ICXmb^N~_  c in [-4.3309, 3.0123] ok=True R=99.944
I?`DDqwV_  c in [-2.7633, 4.8182] ok=True R=35.875
I?`DDcy^?  c in [-2.7633, 4.8182] ok=True R=35.875
I?bLdZ[]o  c in [-4.3531, 5.4474] ok=True R=63.920
I?qafRh~?  c in [-2.9229, 1.9944] ok=True R=63.920
I?qafRhv_  c in [-3.2413, 4.9539] ok=True R=63.920
I?qafRX~?  c in [-3.3885, 2.7006] ok=True R=63.920
I?qafRXz_  c in [-3.3885, 2.5593] ok=True R=63.920
I?qafRL}_  c in [-3.2413, 4.9539] ok=True R=63.920
I?qafRJ~?  c in [-3.4103, 4.7895] ok=True R=63.920
I?qadZLn_  c in [-3.6786, 4.9539] ok=True R=63.920
I?qadYlv_  c in [-3.6573, 5.2829] ok=True R=63.920
I?qadYN~?  c in [-3.8105, 4.4605] ok=True R=63.920
I?qacylv_  c in [-3.2577, 2.9831] ok=True R=63.920
ICOceaYZ_  c in [-2.7633, 4.8182] ok=True R=35.875
ICrRVVj~_  c in [-4.3142, 3.0123] ok=True R=99.944
I?`fEhV^_  c in [-3.4974, 5.1184] ok=True R=63.920
I?`fBht~?  c in [-3.6786, 4.9539] ok=True R=63.920
I?`fA~U~?  c in [-4.0379, 5.4474] ok=True R=63.920
I?`fA|]~?  c in [-4.0379, 5.4474] ok=True R=63.920
I?`DTaY^?  c in [-2.7633, 4.5758] ok=True R=35.875
I?bBUjT~?  c in [-3.7896, 4.4605] ok=True R=63.920
I?bBTvY~?  c in [-4.2683, 5.4474] ok=True R=63.920
I?bBTuy~?  c in [-3.8376, 5.4474] ok=True R=63.920
ICXfRzj~_  c in [-4.2975, 2.6810] ok=True R=99.944
ICXfRvm~O  c in [-4.2975, 2.7914] ok=True R=99.944
ICXfRt}~O  c in [-4.2975, 2.6810] ok=True R=99.944
ICXfR^y~O  c in [-4.3642, 2.6810] ok=True R=99.944
ICXfR^x~_  c in [-4.3475, 2.6810] ok=True R=99.944
ICXnA|^~_  c in [-4.2975, 3.0123] ok=True R=99.944
I?AEDiM^?  c in [-3.5629, 19.2353] ok=True R=35.875
I?`eRnU~?  c in [-4.0938, 5.4474] ok=True R=63.920
ICQtenn~_  c in [-3.9453, 2.3497] ok=True R=99.944
I?ABBdiv?  c in [-2.9179, 20.1765] ok=True R=35.875
I?ABBdY|?  c in [-2.7633, 5.0606] ok=True R=35.875
I?ovCuj~?  c in [-3.8147, 5.4474] ok=True R=63.920
I?ovCuZ~?  c in [-3.8147, 5.4474] ok=True R=63.920
I?ovCuN~?  c in [-3.8705, 5.4474] ok=True R=63.920
I?ov@mf~?  c in [-3.7589, 5.4474] ok=True R=63.920
I?ov@kn~?  c in [-3.7589, 5.4474] ok=True R=63.920
ICQbefXn_  c in [-3.7584, 2.4181] ok=True R=63.920
ICQbdexv_  c in [-3.8112, 2.4181] ok=True R=63.920
ICQbcvR~?  c in [-3.8376, 5.4474] ok=True R=63.920
ICQbcur~?  c in [-3.8639, 5.4474] ok=True R=63.920
ICQbcuZ~?  c in [-3.8639, 5.4474] ok=True R=63.920
I?BDKyf}_  c in [-3.6049, 40.9231] ok=True R=63.920
I?BDKm]}O  c in [-3.6049, 40.9231] ok=True R=63.920
I?`bJ`Vro  c in [-2.7673, 2.5593] ok=True R=63.920
I?`bMjU]o  c in [-3.4974, 5.1184] ok=True R=63.920
I?`bMhuuo  c in [-3.2858, 5.6118] ok=True R=63.920
I?`bMjR^_  c in [-3.5192, 4.7895] ok=True R=63.920
I?`bJjRv_  c in [-3.3081, 5.2829] ok=True R=63.920
I?`bInU}O  c in [-3.3972, 14.9804] ok=True R=63.920
I?`bIlu}O  c in [-2.8829, 14.0000] ok=True R=63.920
I?`bInpv_  c in [-3.3526, 5.2829] ok=True R=63.920
I?`bInT}_  c in [-3.3972, 14.9804] ok=True R=63.920
I?`bIn{}_  c in [-3.4388, 4.7895] ok=True R=63.920
I?`bMn[}_  c in [-3.8705, 5.4474] ok=True R=63.920
I?qbErXz_  c in [-3.5825, 2.8418] ok=True R=63.920
I?otUqZ|_  c in [-4.0473, 5.4474] ok=True R=63.920
I?otSvF~?  c in [-3.8705, 5.4474] ok=True R=63.920
ICQbRLtn_  c in [-3.7848, 2.4181] ok=True R=63.920
ICQbRKv~?  c in [-3.8112, 5.4474] ok=True R=63.920
ICQbRKn~?  c in [-3.2413, 4.7895] ok=True R=63.920
ICQbPkv~?  c in [-3.9430, 5.4474] ok=True R=63.920
ICZJb^N~_  c in [-4.2808, 3.0123] ok=True R=99.944
I?bBEz[|_  c in [-3.2413, 5.2829] ok=True R=63.920
I?bBEn[~?  c in [-3.4538, 4.7895] ok=True R=63.920
I?`eMdt^_  c in [-3.4538, 4.7895] ok=True R=63.920
I?`eJx]}_  c in [-4.3375, 5.4474] ok=True R=63.920
I?`eMly~?  c in [-4.0379, 5.4474] ok=True R=63.920
I?`eJl{}_  c in [-3.8903, 5.4474] ok=True R=63.920
I?`eJnY~?  c in [-3.9821, 5.4474] ok=True R=63.920
I?`eI~q~?  c in [-4.0379, 5.4474] ok=True R=63.920
I?`eI|y~?  c in [-4.0379, 5.4474] ok=True R=63.920
I?ouTVY|O  c in [-4.2465, 5.4474] ok=True R=63.920
I?ouTU]|O  c in [-4.3002, 5.4474] ok=True R=63.920
ICp`fRhv_  c in [-4.0730, 1.9944] ok=True R=63.920
I?BDvM{~?  c in [-4.0938, 5.4474] ok=True R=63.920
I?AELaM^?  c in [-3.3592, 18.2941] ok=True R=35.875
I?`@dCyZO  c in [-2.6860, 2.1220] ok=True R=35.875
I?`@dCxx_  c in [-2.6860, 2.1220] ok=True R=35.875
I?`@dCxZ_  c in [-2.6860, 2.1220] ok=True R=35.875
I?`@dEb^?  c in [-2.9179, 19.2353] ok=True R=35.875
I?`@`eixO  c in [-2.6860, 2.1220] ok=True R=35.875
I?`@`eb|?  c in [-2.6332, 4.8182] ok=True R=35.875
I?`@`ebz?  c in [-2.8406, 10.5200] ok=True R=35.875
I?`@`eb^?  c in [-2.8406, 9.8800] ok=True R=35.875
I?`@`crz?  c in [-2.9179, 20.1765] ok=True R=35.875
I?`@dei^?  c in [-2.7633, 4.8182] ok=True R=35.875
I?`@dcyz?  c in [-2.7633, 5.0606] ok=True R=35.875
I?bFEj[^O  c in [-3.4538, 4.7895] ok=True R=63.920
I?`aj`fro  c in [-2.7673, 2.7006] ok=True R=63.920
I?`anbF^_  c in [-3.5192, 4.7895] ok=True R=63.920
I?`an`fv_  c in [-3.3526, 5.2829] ok=True R=63.920
I?`anJU]o  c in [-3.4974, 5.1184] ok=True R=63.920
I?`anHuuo  c in [-3.2858, 5.6118] ok=True R=63.920
I?`anJR^_  c in [-3.5192, 4.7895] ok=True R=63.920
I?`anHrv_  c in [-3.3081, 5.2829] ok=True R=63.920
I?`amhuyo  c in [-3.2858, 5.6118] ok=True R=63.920
I?`amjb^_  c in [-3.5192, 4.7895] ok=True R=63.920
I?`amhrz_  c in [-3.3081, 5.2829] ok=True R=63.920
I?`ajjeuo  c in [-3.3081, 5.6118] ok=True R=63.920
I?`ajjUyo  c in [-3.3081, 5.6118] ok=True R=63.920
I?`ajhuyo  c in [-2.8059, 4.7895] ok=True R=63.920
I?`ajjF}_  c in [-3.3526, 14.9804] ok=True R=63.920
I?`amNs]o  c in [-3.4974, 4.7895] ok=True R=63.920
I?`anjM}_  c in [-4.0379, 5.4474] ok=True R=63.920
I?`anN[}_  c in [-4.0379, 5.4474] ok=True R=63.920
I?`anL{}_  c in [-3.9430, 5.4474] ok=True R=63.920
I?`anNY~?  c in [-3.9263, 5.4474] ok=True R=63.920
I?`ajnk}_  c in [-3.8705, 5.4474] ok=True R=63.920
ICrbUvZ~_  c in [-4.2641, 3.0123] ok=True R=99.944
I?`bBhuzO  c in [-2.7673, 2.2768] ok=True R=63.920
I?`bBht~?  c in [-2.7961, 3.2458] ok=True R=61.840
I?`bBht|_  c in [-2.3785, 4.4605] ok=True R=63.920
I?`bBhtz_  c in [-2.8444, 8.6850] ok=True R=63.920
I?`bFjs^_  c in [-3.5192, 4.7895] ok=True R=63.920
I?`bBns~?  c in [-3.3081, 5.2829] ok=True R=63.920
I?`uRjF}_  c in [-4.1992, 5.6118] ok=True R=63.920
I?BFEz[~?  c in [-3.3885, 4.7895] ok=True R=63.920
I?bDtqy^O  c in [-3.2636, 4.7895] ok=True R=63.920
I?bDtrM^O  c in [-4.2683, 5.7763] ok=True R=63.920
I?`bfHl~?  c in [-3.3885, 4.7895] ok=True R=63.920
I?`behfv_  c in [-3.3081, 5.6118] ok=True R=63.920
I?`bbjd~?  c in [-3.2636, 4.9539] ok=True R=63.920
I?`bbht~?  c in [-2.8059, 4.4605] ok=True R=63.920
I?`beLuvO  c in [-3.2413, 5.2829] ok=True R=63.920
I?`beNT^_  c in [-3.4756, 5.1184] ok=True R=63.920
I?`beLtv_  c in [-3.2636, 5.6118] ok=True R=63.920
I?`benM~?  c in [-4.0379, 5.4474] ok=True R=63.920
I?`bel]~?  c in [-3.8903, 5.4474] ok=True R=63.920
ICQudnn~_  c in [-3.9281, 2.3497] ok=True R=99.944
ICpeuvm~O  c in [-4.3475, 2.6810] ok=True R=99.944
ICpeu^y~O  c in [-4.2808, 2.6810] ok=True R=99.944
ICpeu^x~_  c in [-4.2975, 2.6810] ok=True R=99.944
ICpVVVy~O  c in [-4.2808, 2.7914] ok=True R=99.944
I?BDnZ[}_  c in [-4.8876, 5.7763] ok=True R=63.920
I?BDnU{~?  c in [-4.2054, 5.4474] ok=True R=63.920
I?BDlvk~?  c in [-4.2054, 5.4474] ok=True R=63.920
I?BDl^w~?  c in [-4.2054, 5.4474] ok=True R=63.920
I?`Dd_yZO  c in [-2.6860, 1.7317] ok=True R=35.875
I?`D`qqZO  c in [-2.6860, 1.7317] ok=True R=35.875
I?bETu{^_  c in [-4.2683, 5.4474] ok=True R=63.920
I?`rb`u~?  c in [-2.7673, 2.2768] ok=True R=63.920
I?`bmhu}O  c in [-3.2636, 4.9539] ok=True R=63.920
I?`bmhl}_  c in [-3.9167, 5.6118] ok=True R=63.920
I?`bjjU}O  c in [-3.2858, 4.7895] ok=True R=63.920
I?`bjjM}O  c in [-3.9430, 5.6118] ok=True R=63.920
I?`bmXu}O  c in [-3.8903, 5.7763] ok=True R=63.920
ICQ`fJdn_  c in [-3.4321, 4.7895] ok=True R=63.920
ICQ`fItz_  c in [-3.2636, 4.9539] ok=True R=63.920
ICQ`fIl~?  c in [-3.3667, 2.7006] ok=True R=63.920
ICQ`fIl|_  c in [-3.4103, 2.5593] ok=True R=63.920
ICXb^Pn}o  c in [-3.2808, 2.0184] ok=True R=99.944
ICXbZZm~_  c in [-3.2937, 1.9080] ok=True R=99.944
I?BFLz[}_  c in [-4.4588, 5.6118] ok=True R=63.920
I?bBbjF^_  c in [-3.4103, 5.1184] ok=True R=63.920
I?bBeZd~?  c in [-3.7896, 4.4605] ok=True R=63.920
I?bBeLu^O  c in [-3.3885, 4.7895] ok=True R=63.920
I?bBbNT^_  c in [-3.4538, 5.1184] ok=True R=63.920
I?bBbLtv_  c in [-3.2413, 5.6118] ok=True R=63.920
I?bBbLV~?  c in [-3.3304, 14.9804] ok=True R=63.920
I?bBblu~?  c in [-3.2413, 4.7895] ok=True R=63.920
I?bBblm~?  c in [-3.8376, 5.4474] ok=True R=63.920
I?bLVa]^_  c in [-4.4059, 1.7119] ok=True R=63.920
I?r@fRhv_  c in [-3.6786, 4.9539] ok=True R=63.920
I?r@fRL}_  c in [-3.6573, 5.2829] ok=True R=63.920
I?r@fRJ~?  c in [-3.7589, 4.4605] ok=True R=63.920
I?revrZ~_  c in [-4.2808, 2.6810] ok=True R=99.944
