GCOfBc delta=1 Delta=4 smax=8 tau+2=6.690 L@(d=3,1 s=4) U@(d=4,4 s=8) [-2.000,-0.667]
H?`@fBP delta=1 Delta=4 smax=8 tau+2=6.690 L@(d=3,1 s=4) U@(d=4,4 s=8) [-2.000,-0.667]
H?`@f@h delta=1 Delta=4 smax=8 tau+2=6.690 L@(d=3,1 s=4) U@(d=4,4 s=8) [-2.000,-1.000]
H?`@db` delta=1 Delta=4 smax=8 tau+2=6.690 L@(d=3,1 s=4) U@(d=4,4 s=8) [-2.000,-0.833]
H?`aeRS delta=1 Delta=4 smax=8 tau+2=6.690 L@(d=1,3 s=4) U@(d=4,4 s=8) [-2.000,-0.667]
HCOcbQp delta=1 Delta=4 smax=8 tau+2=6.677 L@(d=3,1 s=4) U@(d=4,4 s=8) [-1.979,-0.816]
HCOfBej delta=1 Delta=5 smax=10 tau+2=8.663 L@(d=4,1 s=5) U@(d=5,5 s=10) [-2.009,-0.116]
HCOefDf delta=1 Delta=5 smax=10 tau+2=8.663 L@(d=4,1 s=5) U@(d=5,5 s=10) [-2.009,-0.116]
I?bFSyy^O delta=3 Delta=6 smax=11 tau+2=9.995 L@(d=3,4 s=7) U@(d=5,6 s=11) [-4.268,5.612]
I?bFSyx^_ delta=3 Delta=6 smax=11 tau+2=9.995 L@(d=3,4 s=7) U@(d=5,6 s=11) [-4.268,5.776]
I?`ebjF^_ delta=2 Delta=6 smax=11 tau+2=9.995 L@(d=3,2 s=5) U@(d=5,6 s=11) [-3.454,5.118]
I?`eelm~? delta=3 Delta=6 smax=11 tau+2=9.995 L@(d=3,5 s=8) U@(d=5,6 s=11) [-4.094,5.447]
I?`ebnM~? delta=3 Delta=6 smax=11 tau+2=9.995 L@(d=3,5 s=8) U@(d=5,6 s=11) [-4.094,5.447]
I?`ebl]~? delta=3 Delta=6 smax=11 tau+2=9.995 L@(d=3,3 s=6) U@(d=5,6 s=11) [-3.890,5.447]
I?`ea~e~? delta=3 Delta=6 smax=11 tau+2=9.995 L@(d=3,5 s=8) U@(d=5,6 s=11) [-4.038,5.447]
I?`ea|m~? delta=3 Delta=6 smax=11 tau+2=9.995 L@(d=3,5 s=8) U@(d=5,6 s=11) [-3.982,5.447]
ICpfUvy~O delta=3 Delta=7 smax=13 tau+2=11.997 L@(d=4,3 s=7) U@(d=6,7 s=13) [-4.297,2.791]
ICpfUv]~O delta=3 Delta=7 smax=13 tau+2=11.997 L@(d=3,4 s=7) U@(d=6,7 s=13) [-4.297,2.681]
ICpfUvx~_ delta=3 Delta=7 smax=13 tau+2=11.997 L@(d=4,3 s=7) U@(d=6,7 s=13) [-4.281,2.791]
I?`adGl}? delta=2 Delta=5 smax=9 tau+2=7.990 L@(d=2,2 s=4) U@(d=4,5 s=9) [-3.139,1.537]
I?`a`id]_ delta=2 Delta=5 smax=9 tau+2=7.990 L@(d=2,2 s=4) U@(d=4,5 s=9) [-2.921,1.732]
I?`abLuro delta=2 Delta=6 smax=11 tau+2=9.995 L@(d=2,2 s=4) U@(d=5,6 s=11) [-2.767,2.277]
I?`abLV|_ delta=1 Delta=6 smax=11 tau+2=9.995 L@(d=2,1 s=3) U@(d=5,6 s=11) [-2.378,4.461]
I?`abLVz_ delta=2 Delta=6 smax=11 tau+2=9.995 L@(d=2,2 s=4) U@(d=5,6 s=11) [-2.844,8.882]
I?`afNU^_ delta=2 Delta=6 smax=11 tau+2=9.995 L@(d=3,2 s=5) U@(d=5,6 s=11) [-3.519,4.789]
I?`afLuv_ delta=2 Delta=6 smax=11 tau+2=9.995 L@(d=3,2 s=5) U@(d=5,6 s=11) [-3.308,5.283]
I?`ejXu}O delta=3 Delta=6 smax=11 tau+2=9.995 L@(d=3,3 s=6) U@(d=5,6 s=11) [-3.890,5.612]
I?`ejXt}_ delta=3 Delta=6 smax=11 tau+2=9.995 L@(d=3,3 s=6) U@(d=5,6 s=11) [-3.890,5.776]
ICXmb^N~_ delta=3 Delta=7 smax=13 tau+2=11.997 L@(d=4,3 s=7) U@(d=6,7 s=13) [-4.331,3.012]
I?`DDqwV_ delta=2 Delta=5 smax=9 tau+2=7.990 L@(d=2,2 s=4) U@(d=4,5 s=9) [-2.763,4.818]
I?`DDcy^? delta=2 Delta=5 smax=9 tau+2=7.990 L@(d=2,2 s=4) U@(d=4,5 s=9) [-2.763,4.818]
I?bLdZ[]o delta=3 Delta=6 smax=11 tau+2=9.995 L@(d=3,5 s=8) U@(d=5,6 s=11) [-4.353,5.447]
I?qafRh~? delta=2 Delta=6 smax=11 tau+2=9.995 L@(d=2,2 s=4) U@(d=5,6 s=11) [-2.923,1.994]
I?qafRhv_ delta=2 Delta=6 smax=11 tau+2=9.995 L@(d=2,3 s=5) U@(d=5,6 s=11) [-3.241,4.954]
I?qafRX~? delta=2 Delta=6 smax=11 tau+2=9.995 L@(d=3,2 s=5) U@(d=5,6 s=11) [-3.389,2.701]
I?qafRXz_ delta=2 Delta=6 smax=11 tau+2=9.995 L@(d=2,3 s=5) U@(d=5,6 s=11) [-3.389,2.559]
I?qafRL}_ delta=2 Delta=6 smax=11 tau+2=9.995 L@(d=2,3 s=5) U@(d=5,6 s=11) [-3.241,4.954]
I?qafRJ~? delta=2 Delta=6 smax=11 tau+2=9.995 L@(d=2,3 s=5) U@(d=5,6 s=11) [-3.410,4.789]
I?qadZLn_ delta=2 Delta=6 smax=11 tau+2=9.995 L@(d=2,3 s=5) U@(d=5,6 s=11) [-3.679,4.954]
I?qadYlv_ delta=2 Delta=6 smax=11 tau+2=9.995 L@(d=2,3 s=5) U@(d=5,6 s=11) [-3.657,5.283]
I?qadYN~? delta=2 Delta=6 smax=11 tau+2=9.995 L@(d=2,3 s=5) U@(d=5,6 s=11) [-3.811,4.461]
I?qacylv_ delta=2 Delta=6 smax=11 tau+2=9.995 L@(d=2,5 s=7) U@(d=5,6 s=11) [-3.258,2.983]
ICOceaYZ_ delta=2 Delta=5 smax=9 tau+2=7.990 L@(d=2,2 s=4) U@(d=4,5 s=9) [-2.763,4.818]
ICrRVVj~_ delta=3 Delta=7 smax=13 tau+2=11.997 L@(d=3,4 s=7) U@(d=6,7 s=13) [-4.314,3.012]
I?`fEhV^_ delta=2 Delta=6 smax=11 tau+2=9.995 L@(d=3,2 s=5) U@(d=5,6 s=11) [-3.497,5.118]
I?`fBht~? delta=2 Delta=6 smax=11 tau+2=9.995 L@(d=3,2 s=5) U@(d=5,6 s=11) [-3.679,4.954]
I?`fA~U~? delta=3 Delta=6 smax=11 tau+2=9.995 L@(d=3,5 s=8) U@(d=5,6 s=11) [-4.038,5.447]
I?`fA|]~? delta=3 Delta=6 smax=11 tau+2=9.995 L@(d=3,5 s=8) U@(d=5,6 s=11) [-4.038,5.447]
I?`DTaY^? delta=2 Delta=5 smax=9 tau+2=7.990 L@(d=2,2 s=4) U@(d=4,5 s=9) [-2.763,4.576]
I?bBUjT~? delta=2 Delta=6 smax=11 tau+2=9.995 L@(d=2,3 s=5) U@(d=5,6 s=11) [-3.790,4.461]
I?bBTvY~? delta=3 Delta=6 smax=11 tau+2=9.995 L@(d=4,3 s=7) U@(d=5,6 s=11) [-4.268,5.447]
I?bBTuy~? delta=3 Delta=6 smax=11 tau+2=9.995 L@(d=3,3 s=6) U@(d=5,6 s=11) [-3.838,5.447]
ICXfRzj~_ delta=3 Delta=7 smax=13 tau+2=11.997 L@(d=4,3 s=7) U@(d=6,7 s=13) [-4.297,2.681]
ICXfRvm~O delta=3 Delta=7 smax=13 tau+2=11.997 L@(d=4,3 s=7) U@(d=6,7 s=13) [-4.297,2.791]
ICXfRt}~O delta=3 Delta=7 smax=13 tau+2=11.997 L@(d=3,4 s=7) U@(d=6,7 s=13) [-4.297,2.681]
ICXfR^y~O delta=3 Delta=7 smax=13 tau+2=11.997 L@(d=4,3 s=7) U@(d=6,7 s=13) [-4.364,2.681]
ICXfR^x~_ delta=3 Delta=7 smax=13 tau+2=11.997 L@(d=4,3 s=7) U@(d=6,7 s=13) [-4.348,2.681]
ICXnA|^~_ delta=3 Delta=7 smax=13 tau+2=11.997 L@(d=3,4 s=7) U@(d=6,7 s=13) [-4.297,3.012]
I?AEDiM^? delta=2 Delta=5 smax=9 tau+2=7.990 L@(d=2,3 s=5) U@(d=4,5 s=9) [-3.563,19.235]
I?`eRnU~? delta=3 Delta=6 smax=11 tau+2=9.995 L@(d=3,5 s=8) U@(d=5,6 s=11) [-4.094,5.447]
ICQtenn~_ delta=3 Delta=7 smax=13 tau+2=11.997 L@(d=4,3 s=7) U@(d=6,7 s=13) [-3.945,2.350]
I?ABBdiv? delta=2 Delta=5 smax=9 tau+2=7.990 L@(d=2,2 s=4) U@(d=4,5 s=9) [-2.918,20.176]
I?ABBdY|? delta=1 Delta=5 smax=9 tau+2=7.990 L@(d=2,2 s=4) U@(d=4,5 s=9) [-2.763,5.061]
I?ovCuj~? delta=3 Delta=6 smax=11 tau+2=9.995 L@(d=3,5 s=8) U@(d=5,6 s=11) [-3.815,5.447]
I?ovCuZ~? delta=3 Delta=6 smax=11 tau+2=9.995 L@(d=3,5 s=8) U@(d=5,6 s=11) [-3.815,5.447]
I?ovCuN~? delta=3 Delta=6 smax=11 tau+2=9.995 L@(d=3,5 s=8) U@(d=5,6 s=11) [-3.871,5.447]
I?ov@mf~? delta=3 Delta=6 smax=11 tau+2=9.995 L@(d=3,5 s=8) U@(d=5,6 s=11) [-3.759,5.447]
I?ov@kn~? delta=3 Delta=6 smax=11 tau+2=9.995 L@(d=3,5 s=8) U@(d=5,6 s=11) [-3.759,5.447]
ICQbefXn_ delta=3 Delta=6 smax=11 tau+2=9.995 L@(d=3,3 s=6) U@(d=5,6 s=11) [-3.758,2.418]
ICQbdexv_ delta=3 Delta=6 smax=11 tau+2=9.995 L@(d=3,3 s=6) U@(d=5,6 s=11) [-3.811,2.418]
ICQbcvR~? delta=3 Delta=6 smax=11 tau+2=9.995 L@(d=3,3 s=6) U@(d=5,6 s=11) [-3.838,5.447]
ICQbcur~? delta=3 Delta=6 smax=11 tau+2=9.995 L@(d=3,3 s=6) U@(d=5,6 s=11) [-3.864,5.447]
ICQbcuZ~? delta=3 Delta=6 smax=11 tau+2=9.995 L@(d=3,3 s=6) U@(d=5,6 s=11) [-3.864,5.447]
I?BDKyf}_ delta=2 Delta=6 smax=11 tau+2=9.995 L@(d=2,5 s=7) U@(d=5,6 s=11) [-3.605,40.923]
I?BDKm]}O delta=2 Delta=6 smax=11 tau+2=9.995 L@(d=2,5 s=7) U@(d=5,6 s=11) [-3.605,40.923]
I?`bJ`Vro delta=2 Delta=6 smax=11 tau+2=9.995 L@(d=2,2 s=4) U@(d=5,6 s=11) [-2.767,2.559]
I?`bMjU]o delta=2 Delta=6 smax=11 tau+2=9.995 L@(d=3,2 s=5) U@(d=5,6 s=11) [-3.497,5.118]
I?`bMhuuo delta=2 Delta=6 smax=11 tau+2=9.995 L@(d=3,2 s=5) U@(d=5,6 s=11) [-3.286,5.612]
I?`bMjR^_ delta=2 Delta=6 smax=11 tau+2=9.995 L@(d=3,2 s=5) U@(d=5,6 s=11) [-3.519,4.789]
I?`bJjRv_ delta=2 Delta=6 smax=11 tau+2=9.995 L@(d=3,2 s=5) U@(d=5,6 s=11) [-3.308,5.283]
I?`bInU}O delta=2 Delta=6 smax=11 tau+2=9.995 L@(d=3,2 s=5) U@(d=5,6 s=11) [-3.397,14.980]
I?`bIlu}O delta=2 Delta=6 smax=11 tau+2=9.995 L@(d=2,2 s=4) U@(d=5,6 s=11) [-2.883,14.000]
I?`bInpv_ delta=2 Delta=6 smax=11 tau+2=9.995 L@(d=3,2 s=5) U@(d=5,6 s=11) [-3.353,5.283]
I?`bInT}_ delta=2 Delta=6 smax=11 tau+2=9.995 L@(d=3,2 s=5) U@(d=5,6 s=11) [-3.397,14.980]
I?`bIn{}_ delta=3 Delta=6 smax=11 tau+2=9.995 L@(d=3,3 s=6) U@(d=5,6 s=11) [-3.439,4.789]
I?`bMn[}_ delta=3 Delta=6 smax=11 tau+2=9.995 L@(d=3,5 s=8) U@(d=5,6 s=11) [-3.871,5.447]
I?qbErXz_ delta=2 Delta=6 smax=11 tau+2=9.995 L@(d=2,5 s=7) U@(d=5,6 s=11) [-3.582,2.842]
I?otUqZ|_ delta=3 Delta=6 smax=11 tau+2=9.995 L@(d=3,3 s=6) U@(d=5,6 s=11) [-4.047,5.447]
I?otSvF~? delta=3 Delta=6 smax=11 tau+2=9.995 L@(d=3,5 s=8) U@(d=5,6 s=11) [-3.871,5.447]
ICQbRLtn_ delta=3 Delta=6 smax=11 tau+2=9.995 L@(d=3,3 s=6) U@(d=5,6 s=11) [-3.785,2.418]
ICQbRKv~? delta=3 Delta=6 smax=11 tau+2=9.995 L@(d=3,3 s=6) U@(d=5,6 s=11) [-3.811,5.447]
ICQbRKn~? delta=2 Delta=6 smax=11 tau+2=9.995 L@(d=3,2 s=5) U@(d=5,6 s=11) [-3.241,4.789]
ICQbPkv~? delta=3 Delta=6 smax=11 tau+2=9.995 L@(d=3,3 s=6) U@(d=5,6 s=11) [-3.943,5.447]
ICZJb^N~_ delta=3 Delta=7 smax=13 tau+2=11.997 L@(d=4,3 s=7) U@(d=6,7 s=13) [-4.281,3.012]
I?bBEz[|_ delta=2 Delta=6 smax=11 tau+2=9.995 L@(d=2,3 s=5) U@(d=5,6 s=11) [-3.241,5.283]
I?bBEn[~? delta=2 Delta=6 smax=11 tau+2=9.995 L@(d=2,3 s=5) U@(d=5,6 s=11) [-3.454,4.789]
I?`eMdt^_ delta=2 Delta=6 smax=11 tau+2=9.995 L@(d=3,2 s=5) U@(d=5,6 s=11) [-3.454,4.789]
I?`eJx]}_ delta=3 Delta=6 smax=11 tau+2=9.995 L@(d=3,4 s=7) U@(d=5,6 s=11) [-4.337,5.447]
I?`eMly~? delta=3 Delta=6 smax=11 tau+2=9.995 L@(d=3,5 s=8) U@(d=5,6 s=11) [-4.038,5.447]
I?`eJl{}_ delta=3 Delta=6 smax=11 tau+2=9.995 L@(d=3,3 s=6) U@(d=5,6 s=11) [-3.890,5.447]
I?`eJnY~? delta=3 Delta=6 smax=11 tau+2=9.995 L@(d=3,5 s=8) U@(d=5,6 s=11) [-3.982,5.447]
I?`eI~q~? delta=3 Delta=6 smax=11 tau+2=9.995 L@(d=3,5 s=8) U@(d=5,6 s=11) [-4.038,5.447]
I?`eI|y~? delta=3 Delta=6 smax=11 tau+2=9.995 L@(d=3,5 s=8) U@(d=5,6 s=11) [-4.038,5.447]
I?ouTVY|O delta=3 Delta=6 smax=11 tau+2=9.995 L@(d=3,3 s=6) U@(d=5,6 s=11) [-4.246,5.447]
I?ouTU]|O delta=3 Delta=6 smax=11 tau+2=9.995 L@(d=3,5 s=8) U@(d=5,6 s=11) [-4.300,5.447]
ICp`fRhv_ delta=3 Delta=6 smax=11 tau+2=9.995 L@(d=3,3 s=6) U@(d=5,6 s=11) [-4.073,1.994]
I?BDvM{~? delta=3 Delta=6 smax=11 tau+2=9.995 L@(d=3,5 s=8) U@(d=5,6 s=11) [-4.094,5.447]
I?AELaM^? delta=2 Delta=5 smax=9 tau+2=7.990 L@(d=2,4 s=6) U@(d=4,5 s=9) [-3.359,18.294]
I?`@dCyZO delta=2 Delta=5 smax=9 tau+2=7.990 L@(d=2,2 s=4) U@(d=4,5 s=9) [-2.686,2.122]
I?`@dCxx_ delta=2 Delta=5 smax=9 tau+2=7.990 L@(d=2,2 s=4) U@(d=4,5 s=9) [-2.686,2.122]
I?`@dCxZ_ delta=2 Delta=5 smax=9 tau+2=7.990 L@(d=2,2 s=4) U@(d=4,5 s=9) [-2.686,2.122]
I?`@dEb^? delta=2 Delta=5 smax=9 tau+2=7.990 L@(d=2,2 s=4) U@(d=4,5 s=9) [-2.918,19.235]
I?`@`eixO delta=2 Delta=5 smax=9 tau+2=7.990 L@(d=2,2 s=4) U@(d=4,5 s=9) [-2.686,2.122]
I?`@`eb|? delta=1 Delta=5 smax=9 tau+2=7.990 L@(d=3,1 s=4) U@(d=4,5 s=9) [-2.633,4.818]
I?`@`ebz? delta=2 Delta=5 smax=9 tau+2=7.990 L@(d=2,2 s=4) U@(d=4,5 s=9) [-2.841,10.520]
I?`@`eb^? delta=2 Delta=5 smax=9 tau+2=7.990 L@(d=2,2 s=4) U@(d=4,5 s=9) [-2.841,9.880]
I?`@`crz? delta=2 Delta=5 smax=9 tau+2=7.990 L@(d=2,2 s=4) U@(d=4,5 s=9) [-2.918,20.176]
I?`@dei^? delta=2 Delta=5 smax=9 tau+2=7.990 L@(d=2,2 s=4) U@(d=4,5 s=9) [-2.763,4.818]
I?`@dcyz? delta=2 Delta=5 smax=9 tau+2=7.990 L@(d=2,2 s=4) U@(d=4,5 s=9) [-2.763,5.061]
I?bFEj[^O delta=2 Delta=6 smax=11 tau+2=9.995 L@(d=2,3 s=5) U@(d=5,6 s=11) [-3.454,4.789]
I?`aj`fro delta=2 Delta=6 smax=11 tau+2=9.995 L@(d=2,2 s=4) U@(d=5,6 s=11) [-2.767,2.701]
I?`anbF^_ delta=2 Delta=6 smax=11 tau+2=9.995 L@(d=3,2 s=5) U@(d=5,6 s=11) [-3.519,4.789]
I?`an`fv_ delta=2 Delta=6 smax=11 tau+2=9.995 L@(d=3,2 s=5) U@(d=5,6 s=11) [-3.353,5.283]
I?`anJU]o delta=2 Delta=6 smax=11 tau+2=9.995 L@(d=3,2 s=5) U@(d=5,6 s=11) [-3.497,5.118]
I?`anHuuo delta=2 Delta=6 smax=11 tau+2=9.995 L@(d=3,2 s=5) U@(d=5,6 s=11) [-3.286,5.612]
I?`anJR^_ delta=2 Delta=6 smax=11 tau+2=9.995 L@(d=3,2 s=5) U@(d=5,6 s=11) [-3.519,4.789]
I?`anHrv_ delta=2 Delta=6 smax=11 tau+2=9.995 L@(d=3,2 s=5) U@(d=5,6 s=11) [-3.308,5.283]
I?`amhuyo delta=2 Delta=6 smax=11 tau+2=9.995 L@(d=3,2 s=5) U@(d=5,6 s=11) [-3.286,5.612]
I?`amjb^_ delta=2 Delta=6 smax=11 tau+2=9.995 L@(d=3,2 s=5) U@(d=5,6 s=11) [-3.519,4.789]
I?`amhrz_ delta=2 Delta=6 smax=11 tau+2=9.995 L@(d=3,2 s=5) U@(d=5,6 s=11) [-3.308,5.283]
I?`ajjeuo delta=2 Delta=6 smax=11 tau+2=9.995 L@(d=3,2 s=5) U@(d=5,6 s=11) [-3.308,5.612]
I?`ajjUyo delta=2 Delta=6 smax=11 tau+2=9.995 L@(d=3,2 s=5) U@(d=5,6 s=11) [-3.308,5.612]
I?`ajhuyo delta=2 Delta=6 smax=11 tau+2=9.995 L@(d=2,2 s=4) U@(d=5,6 s=11) [-2.806,4.789]
I?`ajjF}_ delta=2 Delta=6 smax=11 tau+2=9.995 L@(d=3,2 s=5) U@(d=5,6 s=11) [-3.353,14.980]
I?`amNs]o delta=2 Delta=6 smax=11 tau+2=9.995 L@(d=3,2 s=5) U@(d=5,6 s=11) [-3.497,4.789]
I?`anjM}_ delta=3 Delta=6 smax=11 tau+2=9.995 L@(d=3,5 s=8) U@(d=5,6 s=11) [-4.038,5.447]
I?`anN[}_ delta=3 Delta=6 smax=11 tau+2=9.995 L@(d=3,5 s=8) U@(d=5,6 s=11) [-4.038,5.447]
I?`anL{}_ delta=3 Delta=6 smax=11 tau+2=9.995 L@(d=3,3 s=6) U@(d=5,6 s=11) [-3.943,5.447]
I?`anNY~? delta=3 Delta=6 smax=11 tau+2=9.995 L@(d=3,5 s=8) U@(d=5,6 s=11) [-3.926,5.447]
I?`ajnk}_ delta=3 Delta=6 smax=11 tau+2=9.995 L@(d=3,5 s=8) U@(d=5,6 s=11) [-3.871,5.447]
ICrbUvZ~_ delta=3 Delta=7 smax=13 tau+2=11.997 L@(d=3,4 s=7) U@(d=6,7 s=13) [-4.264,3.012]
I?`bBhuzO delta=2 Delta=6 smax=11 tau+2=9.995 L@(d=2,2 s=4) U@(d=5,6 s=11) [-2.767,2.277]
I?`bBht~? delta=2 Delta=6 smax=11 tau+2=9.864 L@(d=2,2 s=4) U@(d=5,6 s=11) [-2.796,3.246]
I?`bBht|_ delta=1 Delta=6 smax=11 tau+2=9.995 L@(d=2,1 s=3) U@(d=5,6 s=11) [-2.378,4.461]
I?`bBhtz_ delta=2 Delta=6 smax=11 tau+2=9.995 L@(d=2,2 s=4) U@(d=5,6 s=11) [-2.844,8.685]
I?`bFjs^_ delta=2 Delta=6 smax=11 tau+2=9.995 L@(d=3,2 s=5) U@(d=5,6 s=11) [-3.519,4.789]
I?`bBns~? delta=2 Delta=6 smax=11 tau+2=9.995 L@(d=3,2 s=5) U@(d=5,6 s=11) [-3.308,5.283]
I?`uRjF}_ delta=3 Delta=6 smax=11 tau+2=9.995 L@(d=4,3 s=7) U@(d=5,6 s=11) [-4.199,5.612]
I?BFEz[~? delta=2 Delta=6 smax=11 tau+2=9.995 L@(d=2,3 s=5) U@(d=5,6 s=11) [-3.389,4.789]
I?bDtqy^O delta=2 Delta=6 smax=11 tau+2=9.995 L@(d=2,3 s=5) U@(d=5,6 s=11) [-3.264,4.789]
I?bDtrM^O delta=3 Delta=6 smax=11 tau+2=9.995 L@(d=3,4 s=7) U@(d=5,6 s=11) [-4.268,5.776]
I?`bfHl~? delta=2 Delta=6 smax=11 tau+2=9.995 L@(d=2,3 s=5) U@(d=5,6 s=11) [-3.389,4.789]
I?`behfv_ delta=2 Delta=6 smax=11 tau+2=9.995 L@(d=3,2 s=5) U@(d=5,6 s=11) [-3.308,5.612]
I?`bbjd~? delta=2 Delta=6 smax=11 tau+2=9.995 L@(d=3,2 s=5) U@(d=5,6 s=11) [-3.264,4.954]
I?`bbht~? delta=2 Delta=6 smax=11 tau+2=9.995 L@(d=2,2 s=4) U@(d=5,6 s=11) [-2.806,4.461]
I?`beLuvO delta=2 Delta=6 smax=11 tau+2=9.995 L@(d=3,2 s=5) U@(d=5,6 s=11) [-3.241,5.283]
I?`beNT^_ delta=2 Delta=6 smax=11 tau+2=9.995 L@(d=3,2 s=5) U@(d=5,6 s=11) [-3.476,5.118]
I?`beLtv_ delta=2 Delta=6 smax=11 tau+2=9.995 L@(d=3,2 s=5) U@(d=5,6 s=11) [-3.264,5.612]
I?`benM~? delta=3 Delta=6 smax=11 tau+2=9.995 L@(d=3,5 s=8) U@(d=5,6 s=11) [-4.038,5.447]
I?`bel]~? delta=3 Delta=6 smax=11 tau+2=9.995 L@(d=3,3 s=6) U@(d=5,6 s=11) [-3.890,5.447]
ICQudnn~_ delta=3 Delta=7 smax=13 tau+2=11.997 L@(d=4,3 s=7) U@(d=6,7 s=13) [-3.928,2.350]
ICpeuvm~O delta=3 Delta=7 smax=13 tau+2=11.997 L@(d=3,4 s=7) U@(d=6,7 s=13) [-4.348,2.681]
ICpeu^y~O delta=3 Delta=7 smax=13 tau+2=11.997 L@(d=3,4 s=7) U@(d=6,7 s=13) [-4.281,2.681]
ICpeu^x~_ delta=3 Delta=7 smax=13 tau+2=11.997 L@(d=3,4 s=7) U@(d=6,7 s=13) [-4.297,2.681]
ICpVVVy~O delta=3 Delta=7 smax=13 tau+2=11.997 L@(d=4,3 s=7) U@(d=6,7 s=13) [-4.281,2.791]
I?BDnZ[}_ delta=3 Delta=6 smax=11 tau+2=9.995 L@(d=3,5 s=8) U@(d=5,6 s=11) [-4.888,5.776]
I?BDnU{~? delta=3 Delta=6 smax=11 tau+2=9.995 L@(d=3,5 s=8) U@(d=5,6 s=11) [-4.205,5.447]
I?BDlvk~? delta=3 Delta=6 smax=11 tau+2=9.995 L@(d=3,5 s=8) U@(d=5,6 s=11) [-4.205,5.447]
I?BDl^w~? delta=3 Delta=6 smax=11 tau+2=9.995 L@(d=3,5 s=8) U@(d=5,6 s=11) [-4.205,5.447]
I?`Dd_yZO delta=2 Delta=5 smax=9 tau+2=7.990 L@(d=2,2 s=4) U@(d=4,5 s=9) [-2.686,1.732]
I?`D`qqZO delta=2 Delta=5 smax=9 tau+2=7.990 L@(d=2,2 s=4) U@(d=4,5 s=9) [-2.686,1.732]
I?bETu{^_ delta=3 Delta=6 smax=11 tau+2=9.995 L@(d=3,4 s=7) U@(d=5,6 s=11) [-4.268,5.447]
I?`rb`u~? delta=2 Delta=6 smax=11 tau+2=9.995 L@(d=2,2 s=4) U@(d=5,6 s=11) [-2.767,2.277]
I?`bmhu}O delta=2 Delta=6 smax=11 tau+2=9.995 L@(d=3,2 s=5) U@(d=5,6 s=11) [-3.264,4.954]
I?`bmhl}_ delta=3 Delta=6 smax=11 tau+2=9.995 L@(d=3,3 s=6) U@(d=5,6 s=11) [-3.917,5.612]
I?`bjjU}O delta=2 Delta=6 smax=11 tau+2=9.995 L@(d=3,2 s=5) U@(d=5,6 s=11) [-3.286,4.789]
I?`bjjM}O delta=3 Delta=6 smax=11 tau+2=9.995 L@(d=3,3 s=6) U@(d=5,6 s=11) [-3.943,5.612]
I?`bmXu}O delta=3 Delta=6 smax=11 tau+2=9.995 L@(d=3,3 s=6) U@(d=5,6 s=11) [-3.890,5.776]
ICQ`fJdn_ delta=2 Delta=6 smax=11 tau+2=9.995 L@(d=3,2 s=5) U@(d=5,6 s=11) [-3.432,4.789]
ICQ`fItz_ delta=2 Delta=6 smax=11 tau+2=9.995 L@(d=3,2 s=5) U@(d=5,6 s=11) [-3.264,4.954]
ICQ`fIl~? delta=2 Delta=6 smax=11 tau+2=9.995 L@(d=3,2 s=5) U@(d=5,6 s=11) [-3.367,2.701]
ICQ`fIl|_ delta=2 Delta=6 smax=11 tau+2=9.995 L@(d=3,2 s=5) U@(d=5,6 s=11) [-3.410,2.559]
ICXb^Pn}o delta=2 Delta=7 smax=13 tau+2=11.997 L@(d=3,2 s=5) U@(d=6,7 s=13) [-3.281,2.018]
ICXbZZm~_ delta=2 Delta=7 smax=13 tau+2=11.997 L@(d=3,2 s=5) U@(d=6,7 s=13) [-3.294,1.908]
I?BFLz[}_ delta=3 Delta=6 smax=11 tau+2=9.995 L@(d=3,5 s=8) U@(d=5,6 s=11) [-4.459,5.612]
I?bBbjF^_ delta=2 Delta=6 smax=11 tau+2=9.995 L@(d=3,2 s=5) U@(d=5,6 s=11) [-3.410,5.118]
I?bBeZd~? delta=2 Delta=6 smax=11 tau+2=9.995 L@(d=2,3 s=5) U@(d=5,6 s=11) [-3.790,4.461]
I?bBeLu^O delta=2 Delta=6 smax=11 tau+2=9.995 L@(d=3,2 s=5) U@(d=5,6 s=11) [-3.389,4.789]
I?bBbNT^_ delta=2 Delta=6 smax=11 tau+2=9.995 L@(d=3,2 s=5) U@(d=5,6 s=11) [-3.454,5.118]
I?bBbLtv_ delta=2 Delta=6 smax=11 tau+2=9.995 L@(d=3,2 s=5) U@(d=5,6 s=11) [-3.241,5.612]
I?bBbLV~? delta=2 Delta=6 smax=11 tau+2=9.995 L@(d=3,2 s=5) U@(d=5,6 s=11) [-3.330,14.980]
I?bBblu~? delta=2 Delta=6 smax=11 tau+2=9.995 L@(d=3,2 s=5) U@(d=5,6 s=11) [-3.241,4.789]
I?bBblm~? delta=3 Delta=6 smax=11 tau+2=9.995 L@(d=3,3 s=6) U@(d=5,6 s=11) [-3.838,5.447]
I?bLVa]^_ delta=3 Delta=6 smax=11 tau+2=9.995 L@(d=3,5 s=8) U@(d=5,6 s=11) [-4.406,1.712]
I?r@fRhv_ delta=2 Delta=6 smax=11 tau+2=9.995 L@(d=2,3 s=5) U@(d=5,6 s=11) [-3.679,4.954]
I?r@fRL}_ delta=2 Delta=6 smax=11 tau+2=9.995 L@(d=2,3 s=5) U@(d=5,6 s=11) [-3.657,5.283]
I?r@fRJ~? delta=2 Delta=6 smax=11 tau+2=9.995 L@(d=5,3 s=8) U@(d=5,6 s=11) [-3.759,4.461]
I?revrZ~_ delta=3 Delta=7 smax=13 tau+2=11.997 L@(d=3,4 s=7) U@(d=6,7 s=13) [-4.281,2.681]
