m=22 s=9 d=9 t=3 orbits=6 folds=0
SOLUTION: -2*<1>5 +3*<7>5 +4*<11>1
SOLUTION: -1*<1>5 -1*<4>5 +3*<7>5 +5*<0>1 -1*<11>1
SOLUTION: -1*<1>5 +1*<4>5 +3*<7>5 -5*<0>1 -1*<11>1
SOLUTION: -1*<1>5 +3*<2>5 -1*<4>5 -1*<0>1 +5*<11>1
SOLUTION: -2*<2>5 +3*<4>5 +4*<0>1
SOLUTION: -1*<2>5 +3*<4>5 -1*<7>5 -1*<0>1 +5*<11>1
SOLUTION: -1*<2>5 +3*<4>5 +1*<7>5 -1*<0>1 -5*<11>1
SOLUTION: +9*<11>1
SOLUTION: +9*<0>1
SOLUTION: +3*<7>5 -6*<11>1
SOLUTION: +3*<4>5 -6*<0>1
SOLUTION: +3*<2>5 -2*<4>5 +4*<0>1
SOLUTION: +3*<2>5 -6*<0>1
SOLUTION: +1*<1>5 +3*<2>5 -1*<4>5 -1*<0>1 -5*<11>1
SOLUTION: +3*<1>5 -1*<2>5 -1*<7>5 +5*<0>1 -1*<11>1
SOLUTION: +3*<1>5 -2*<7>5 +4*<11>1
SOLUTION: +3*<1>5 -6*<11>1
SOLUTION: +3*<1>5 +1*<2>5 -1*<7>5 -5*<0>1 -1*<11>1
m=22 s=9 d=9 t=3 folds=0 done: solutions=18 nodes=113963 leaves=2412
