== ./exhaust_icw 35 6 3 4
m=35 s=6 d=3 t=4 orbits=9 folds=0
SOLUTION: +3*<15>3 -3*<0>1
SOLUTION: +3*<5>3 -3*<0>1
m=35 s=6 d=3 t=4 folds=0 done: solutions=2 nodes=99156 leaves=5280
== ./exhaust_icw 7 6 16 2
m=7 s=6 d=6 t=2 orbits=3 folds=0
SOLUTION: +6*<0>1
SOLUTION: +3*<3>3 -3*<0>1
SOLUTION: +3*<1>3 -3*<0>1
m=7 s=6 d=6 t=2 folds=0 done: solutions=3 nodes=378 leaves=14
== ./exhaust_icw 13 6 9 3
m=13 s=6 d=6 t=3 orbits=5 folds=0
SOLUTION: -2*<1>3 +2*<4>3 +2*<7>3
SOLUTION: -2*<1>3 +2*<2>3 +2*<7>3
SOLUTION: +6*<0>1
SOLUTION: +2*<2>3 -2*<4>3 +2*<7>3
SOLUTION: +2*<2>3 +2*<4>3 -2*<7>3
SOLUTION: +2*<1>3 -2*<2>3 +2*<7>3
SOLUTION: +2*<1>3 -2*<2>3 +2*<4>3
SOLUTION: +2*<1>3 +2*<4>3 -2*<7>3
SOLUTION: +2*<1>3 +2*<2>3 -2*<4>3
m=13 s=6 d=6 t=3 folds=0 done: solutions=9 nodes=7879 leaves=205
== ./exhaust_icw 35 6 4 4
m=35 s=6 d=4 t=4 orbits=9 folds=0
SOLUTION: +3*<15>3 -3*<0>1
SOLUTION: +3*<5>3 -3*<0>1
m=35 s=6 d=4 t=4 folds=0 done: solutions=2 nodes=156331 leaves=5570
== ./exhaust_icw 5 6 36 2
m=5 s=6 d=6 t=2 orbits=2 folds=0
SOLUTION: +6*<0>1
m=5 s=6 d=6 t=2 folds=0 done: solutions=1 nodes=66 leaves=3
== ./exhaust_icw 65 6 3 16
m=65 s=6 d=3 t=16 orbits=25 folds=0
SOLUTION: -2*<1>3 +2*<11>3 +2*<36>3
SOLUTION: -2*<1>3 +2*<6>3 +2*<11>3
