m=52 s=9 d=3 t=3 orbits=15 folds=0
SOLUTION: -1*<1>6 -1*<5>6 +1*<7>6 +1*<17>6 -1*<4>3 -1*<8>3 +3*<10>3 +1*<14>3 +1*<16>3 -1*<2>3 +1*<28>3 +1*<34>3 -3*<26>1
SOLUTION: -1*<1>6 -1*<5>6 +1*<7>6 +1*<17>6 +2*<10>3 +2*<16>3 +2*<2>3 -2*<28>3 -3*<26>1
SOLUTION: -1*<1>6 -1*<5>6 +1*<7>6 +1*<17>6 +2*<8>3 +2*<10>3 +2*<16>3 -2*<34>3 -3*<0>1
SOLUTION: -1*<1>6 -1*<5>6 +1*<7>6 +1*<17>6 +1*<4>3 -1*<8>3 +1*<10>3 -1*<14>3 +3*<16>3 -1*<2>3 +1*<28>3 +1*<34>3 -3*<0>1
SOLUTION: -1*<1>6 -1*<5>6 +1*<7>6 +1*<17>6 +1*<4>3 +1*<8>3 +1*<10>3 +3*<14>3 -1*<16>3 +1*<2>3 -1*<28>3 -1*<34>3 -3*<26>1
SOLUTION: -1*<1>6 -1*<5>6 +1*<7>6 +1*<17>6 +2*<4>3 -2*<8>3 +2*<14>3 +2*<34>3 -3*<26>1
SOLUTION: -1*<1>6 -1*<5>6 +1*<7>6 +1*<17>6 +2*<4>3 +2*<14>3 -2*<2>3 +2*<28>3 -3*<0>1
SOLUTION: -1*<1>6 -1*<5>6 +1*<7>6 +1*<17>6 +3*<4>3 +1*<8>3 -1*<10>3 +1*<14>3 +1*<16>3 +1*<2>3 -1*<28>3 -1*<34>3 -3*<0>1
SOLUTION: -1*<1>6 -1*<4>3 +1*<8>3 +2*<10>3 -1*<14>3 +1*<16>3 -1*<2>3 +2*<34>3 +3*<13>2 -3*<0>1 +3*<26>1
SOLUTION: -1*<1>6 -1*<4>3 +3*<8>3 +2*<10>3 -2*<2>3 +1*<28>3 +3*<13>2
SOLUTION: -1*<1>6 -1*<4>3 +3*<8>3 +2*<10>3 +1*<2>3 -2*<28>3 +3*<13>2
SOLUTION: -1*<1>6 +1*<10>3 -1*<14>3 +1*<16>3 -1*<2>3 +3*<34>3 +3*<13>2 -3*<0>1 +3*<26>1
SOLUTION: -1*<1>6 +1*<10>3 +1*<14>3 -1*<16>3 -1*<2>3 +3*<34>3 +3*<13>2 +3*<0>1 -3*<26>1
SOLUTION: -1*<1>6 +1*<4>3 +3*<8>3 -1*<14>3 +1*<16>3 -1*<28>3 +3*<13>2 -3*<0>1 +3*<26>1
SOLUTION: -1*<1>6 +1*<4>3 +3*<8>3 +1*<14>3 -1*<16>3 -1*<28>3 +3*<13>2 +3*<0>1 -3*<26>1
SOLUTION: -1*<1>6 +2*<4>3 -1*<10>3 -2*<2>3 +1*<28>3 +3*<34>3 +3*<13>2
SOLUTION: -1*<1>6 +2*<4>3 -1*<10>3 +1*<2>3 -2*<28>3 +3*<34>3 +3*<13>2
SOLUTION: -1*<1>6 +2*<4>3 +2*<8>3 -1*<10>3 +1*<14>3 -1*<16>3 -1*<28>3 +1*<34>3 +3*<13>2 +3*<0>1 -3*<26>1
SOLUTION: -1*<1>6 +1*<5>6 -1*<7>6 +1*<17>6 -2*<4>3 +2*<10>3 +2*<28>3 +2*<34>3 -3*<26>1
SOLUTION: -1*<1>6 +1*<5>6 -1*<7>6 +1*<17>6 -1*<4>3 +1*<8>3 +1*<10>3 -1*<14>3 +1*<16>3 +3*<2>3 -1*<28>3 +1*<34>3 -3*<26>1
SOLUTION: -1*<1>6 +1*<5>6 -1*<7>6 +1*<17>6 -1*<4>3 +3*<8>3 +1*<10>3 -1*<14>3 +1*<16>3 +1*<2>3 +1*<28>3 -1*<34>3 -3*<0>1
SOLUTION: -1*<1>6 +1*<5>6 -1*<7>6 +1*<17>6 -2*<14>3 +2*<16>3 +2*<28>3 +2*<34>3 -3*<0>1
SOLUTION: -1*<1>6 +1*<5>6 -1*<7>6 +1*<17>6 +2*<8>3 +2*<14>3 -2*<16>3 +2*<2>3 -3*<26>1
SOLUTION: -1*<1>6 +1*<5>6 -1*<7>6 +1*<17>6 +1*<4>3 -1*<8>3 -1*<10>3 +1*<14>3 -1*<16>3 +1*<2>3 +1*<28>3 +3*<34>3 -3*<26>1
SOLUTION: -1*<1>6 +1*<5>6 -1*<7>6 +1*<17>6 +1*<4>3 +1*<8>3 -1*<10>3 +1*<14>3 -1*<16>3 -1*<2>3 +3*<28>3 +1*<34>3 -3*<0>1
SOLUTION: -1*<1>6 +1*<5>6 -1*<7>6 +1*<17>6 +2*<4>3 +2*<8>3 -2*<10>3 +2*<2>3 -3*<0>1
SOLUTION: -1*<5>6 -2*<4>3 -1*<8>3 +1*<10>3 +3*<16>3 +2*<34>3 +3*<13>2
SOLUTION: -1*<5>6 -2*<4>3 +2*<8>3 +1*<10>3 +3*<14>3 -1*<34>3 +3*<13>2
SOLUTION: -1*<5>6 -1*<4>3 +1*<8>3 +3*<16>3 -1*<2>3 +1*<28>3 +3*<13>2 -3*<0>1 +3*<26>1
SOLUTION: -1*<5>6 -1*<4>3 +1*<8>3 +3*<16>3 +1*<2>3 -1*<28>3 +3*<13>2 +3*<0>1 -3*<26>1
SOLUTION: -1*<5>6 -1*<4>3 +2*<8>3 +1*<14>3 +2*<16>3 +1*<2>3 -1*<28>3 -1*<34>3 +3*<13>2 +3*<0>1 -3*<26>1
SOLUTION: -1*<5>6 -1*<8>3 -1*<10>3 +2*<14>3 +1*<16>3 -1*<2>3 +1*<28>3 +2*<34>3 +3*<13>2 -3*<0>1 +3*<26>1
SOLUTION: -1*<5>6 -1*<10>3 +3*<14>3 -1*<2>3 +1*<28>3 +1*<34>3 +3*<13>2 -3*<0>1 +3*<26>1
SOLUTION: -1*<5>6 -1*<10>3 +3*<14>3 +1*<2>3 -1*<28>3 +1*<34>3 +3*<13>2 +3*<0>1 -3*<26>1
SOLUTION: -1*<5>6 +1*<4>3 -1*<8>3 -2*<10>3 +3*<16>3 +2*<34>3 +3*<13>2
SOLUTION: -1*<5>6 +1*<4>3 +2*<8>3 -2*<10>3 +3*<14>3 -1*<34>3 +3*<13>2
SOLUTION: -1*<7>6 -1*<8>3 +3*<10>3 -1*<14>3 +1*<2>3 +1*<34>3 +3*<13>2 +3*<0>1 -3*<26>1
SOLUTION: -1*<7>6 +3*<10>3 -2*<14>3 +1*<16>3 -1*<2>3 +2*<28>3 +3*<13>2
SOLUTION: -1*<7>6 +3*<10>3 +1*<14>3 -2*<16>3 -1*<2>3 +2*<28>3 +3*<13>2
SOLUTION: -1*<7>6 +1*<8>3 +3*<10>3 -1*<14>3 +1*<2>3 -1*<34>3 +3*<13>2 -3*<0>1 +3*<26>1
SOLUTION: -1*<7>6 +1*<4>3 +1*<8>3 +2*<10>3 -1*<14>3 +2*<2>3 -1*<28>3 -1*<34>3 +3*<13>2 -3*<0>1 +3*<26>1
SOLUTION: -1*<7>6 +2*<4>3 -1*<8>3 +1*<10>3 -1*<16>3 -1*<2>3 +2*<28>3 +1*<34>3 +3*<13>2 +3*<0>1 -3*<26>1
SOLUTION: -1*<7>6 +3*<4>3 -1*<8>3 -1*<16>3 +1*<28>3 +1*<34>3 +3*<13>2 +3*<0>1 -3*<26>1
SOLUTION: -1*<7>6 +3*<4>3 -2*<14>3 +1*<16>3 +2*<2>3 -1*<28>3 +3*<13>2
SOLUTION: -1*<7>6 +3*<4>3 +1*<14>3 -2*<16>3 +2*<2>3 -1*<28>3 +3*<13>2
SOLUTION: -1*<7>6 +3*<4>3 +1*<8>3 -1*<16>3 +1*<28>3 -1*<34>3 +3*<13>2 -3*<0>1 +3*<26>1
SOLUTION: -1*<17>6 -1*<4>3 -1*<8>3 +1*<10>3 -1*<14>3 +2*<16>3 +1*<2>3 +2*<28>3 +3*<13>2 +3*<0>1 -3*<26>1
SOLUTION: -1*<17>6 -1*<4>3 -1*<8>3 +1*<10>3 +1*<16>3 +3*<28>3 +3*<13>2 +3*<0>1 -3*<26>1
SOLUTION: -1*<17>6 -1*<4>3 +1*<10>3 +1*<14>3 +3*<2>3 -1*<34>3 +3*<13>2 +3*<0>1 -3*<26>1
SOLUTION: -1*<17>6 -2*<8>3 -1*<14>3 +2*<16>3 +3*<2>3 +1*<34>3 +3*<13>2
SOLUTION: -1*<17>6 -2*<8>3 +2*<14>3 -1*<16>3 +3*<28>3 +1*<34>3 +3*<13>2
SOLUTION: -1*<17>6 +1*<8>3 -1*<14>3 +2*<16>3 +3*<2>3 -2*<34>3 +3*<13>2
SOLUTION: -1*<17>6 +1*<8>3 +2*<14>3 -1*<16>3 +3*<28>3 -2*<34>3 +3*<13>2
SOLUTION: -1*<17>6 +1*<4>3 -1*<8>3 -1*<10>3 +1*<16>3 +3*<28>3 +3*<13>2 -3*<0>1 +3*<26>1
SOLUTION: -1*<17>6 +1*<4>3 -1*<10>3 +1*<14>3 +3*<2>3 -1*<34>3 +3*<13>2 -3*<0>1 +3*<26>1
SOLUTION: -1*<17>6 +1*<4>3 -1*<10>3 +2*<14>3 -1*<16>3 +2*<2>3 +1*<28>3 -1*<34>3 +3*<13>2 -3*<0>1 +3*<26>1
SOLUTION: -3*<4>3 -1*<8>3 +1*<14>3 +2*<16>3 +2*<2>3 +1*<28>3 +1*<34>3 +3*<0>1 -3*<26>1
SOLUTION: -3*<4>3 +3*<16>3 +3*<28>3
SOLUTION: -3*<4>3 +3*<14>3 +3*<28>3
SOLUTION: -3*<4>3 +1*<8>3 -1*<14>3 +1*<16>3 +1*<2>3 +2*<28>3 +2*<34>3 -3*<0>1 +3*<26>1
SOLUTION: -3*<4>3 +1*<8>3 +1*<14>3 +2*<16>3 +2*<2>3 +1*<28>3 -1*<34>3 -3*<0>1 +3*<26>1
SOLUTION: -3*<4>3 +1*<8>3 +1*<10>3 +1*<14>3 +1*<16>3 -1*<2>3 +1*<28>3 +3*<34>3 -3*<26>1
SOLUTION: -3*<4>3 +3*<8>3 +3*<28>3
SOLUTION: -3*<4>3 +3*<8>3 +3*<2>3
SOLUTION: -2*<4>3 -2*<8>3 +2*<10>3 +2*<14>3 +2*<16>3 +2*<28>3 -3*<26>1
SOLUTION: -2*<4>3 -1*<8>3 +1*<10>3 +3*<16>3 -1*<2>3 -1*<28>3 +2*<34>3 +3*<0>1 +3*<26>1
SOLUTION: -2*<4>3 -1*<8>3 +1*<10>3 +3*<16>3 +1*<2>3 +1*<28>3 +2*<34>3 -3*<0>1 -3*<26>1
SOLUTION: -2*<4>3 -1*<10>3 -1*<14>3 +1*<16>3 +1*<2>3 +2*<28>3 +3*<34>3 -3*<0>1 +3*<26>1
SOLUTION: -2*<4>3 -1*<10>3 +1*<14>3 -1*<16>3 +1*<2>3 +2*<28>3 +3*<34>3 +3*<0>1 -3*<26>1
SOLUTION: -2*<4>3 +1*<10>3 -1*<14>3 +2*<16>3 -1*<2>3 -1*<28>3 +3*<34>3 +3*<0>1 +3*<26>1
SOLUTION: -2*<4>3 +1*<8>3 -1*<10>3 +1*<14>3 +2*<16>3 +3*<2>3 -1*<34>3 -3*<0>1 +3*<26>1
SOLUTION: -2*<4>3 +2*<8>3 +2*<16>3 +2*<2>3 -2*<28>3 +2*<34>3 -3*<26>1
SOLUTION: -2*<4>3 +2*<8>3 +1*<10>3 +3*<14>3 -1*<2>3 -1*<28>3 -1*<34>3 +3*<0>1 +3*<26>1
SOLUTION: -2*<4>3 +2*<8>3 +1*<10>3 +3*<14>3 +1*<2>3 +1*<28>3 -1*<34>3 -3*<0>1 -3*<26>1
SOLUTION: -2*<4>3 +3*<8>3 +1*<10>3 +2*<14>3 -1*<16>3 -1*<2>3 -1*<28>3 +3*<0>1 +3*<26>1
SOLUTION: -1*<4>3 -2*<8>3 -1*<10>3 -1*<14>3 +2*<16>3 +3*<2>3 +1*<34>3 +3*<0>1 +3*<26>1
SOLUTION: -1*<4>3 -2*<8>3 -1*<10>3 +3*<16>3 +2*<2>3 -1*<28>3 +1*<34>3 +3*<0>1 +3*<26>1
SOLUTION: -1*<4>3 -2*<8>3 -1*<10>3 +2*<14>3 -1*<16>3 +3*<28>3 +1*<34>3 +3*<0>1 +3*<26>1
SOLUTION: -1*<4>3 -2*<8>3 -1*<10>3 +3*<14>3 -1*<2>3 +2*<28>3 +1*<34>3 +3*<0>1 +3*<26>1
SOLUTION: -1*<4>3 -1*<8>3 -2*<10>3 +2*<14>3 +1*<16>3 +3*<28>3 +1*<34>3 +3*<0>1 -3*<26>1
SOLUTION: -1*<4>3 -1*<8>3 +1*<10>3 +1*<14>3 +3*<16>3 +3*<2>3 -1*<28>3 -1*<34>3 -3*<26>1
SOLUTION: -1*<4>3 -1*<8>3 +2*<10>3 -2*<14>3 +1*<16>3 +3*<28>3 -1*<34>3 +3*<0>1 +3*<26>1
SOLUTION: -1*<4>3 -1*<8>3 +2*<10>3 +1*<14>3 -2*<16>3 +3*<28>3 -1*<34>3 +3*<0>1 +3*<26>1
SOLUTION: -1*<4>3 -1*<8>3 +3*<10>3 -1*<14>3 -1*<16>3 +1*<2>3 +3*<28>3 +1*<34>3 -3*<26>1
SOLUTION: -1*<4>3 +1*<8>3 -1*<10>3 -1*<14>3 +2*<16>3 +3*<2>3 -2*<34>3 +3*<0>1 +3*<26>1
SOLUTION: -1*<4>3 +1*<8>3 -1*<10>3 -1*<14>3 +3*<16>3 -1*<2>3 +1*<28>3 +3*<34>3 -3*<0>1
SOLUTION: -1*<4>3 +1*<8>3 -1*<10>3 +3*<16>3 +2*<2>3 -1*<28>3 -2*<34>3 +3*<0>1 +3*<26>1
SOLUTION: -1*<4>3 +1*<8>3 -1*<10>3 +2*<14>3 -1*<16>3 +3*<28>3 -2*<34>3 +3*<0>1 +3*<26>1
SOLUTION: -1*<4>3 +1*<8>3 -1*<10>3 +3*<14>3 -1*<2>3 +2*<28>3 -2*<34>3 +3*<0>1 +3*<26>1
SOLUTION: -1*<4>3 +1*<8>3 +1*<10>3 -3*<14>3 +1*<2>3 +2*<28>3 +2*<34>3 +3*<0>1 -3*<26>1
SOLUTION: -1*<4>3 +1*<8>3 +1*<10>3 -2*<14>3 -1*<16>3 +3*<28>3 +2*<34>3 +3*<0>1 -3*<26>1
SOLUTION: -1*<4>3 +1*<8>3 +1*<10>3 +3*<16>3 -2*<2>3 -1*<28>3 +2*<34>3 +3*<0>1 -3*<26>1
SOLUTION: -1*<4>3 +1*<8>3 +1*<10>3 +1*<14>3 +2*<16>3 -3*<2>3 +2*<34>3 +3*<0>1 -3*<26>1
SOLUTION: -1*<4>3 +1*<8>3 +1*<10>3 +1*<14>3 +3*<16>3 +1*<2>3 +1*<28>3 -3*<34>3 -3*<0>1
SOLUTION: -1*<4>3 +2*<8>3 +1*<10>3 -1*<14>3 -2*<16>3 +3*<2>3 +1*<34>3 +3*<0>1 -3*<26>1
SOLUTION: -1*<4>3 +2*<8>3 +1*<10>3 +2*<14>3 +1*<16>3 -3*<28>3 +1*<34>3 +3*<0>1 -3*<26>1
SOLUTION: -1*<4>3 +3*<8>3 -2*<10>3 -1*<14>3 +1*<16>3 +2*<2>3 +1*<28>3 -3*<0>1 +3*<26>1
SOLUTION: -1*<4>3 +3*<8>3 -2*<10>3 +1*<14>3 -1*<16>3 +2*<2>3 +1*<28>3 +3*<0>1 -3*<26>1
SOLUTION: -1*<4>3 +3*<8>3 -1*<10>3 +3*<14>3 -1*<16>3 +1*<2>3 -1*<28>3 +1*<34>3 -3*<26>1
SOLUTION: -1*<4>3 +3*<8>3 +2*<10>3 -1*<14>3 -1*<16>3 -2*<2>3 +1*<28>3 +3*<0>1 +3*<26>1
SOLUTION: -1*<4>3 +3*<8>3 +2*<10>3 -1*<14>3 -1*<16>3 +1*<2>3 -2*<28>3 +3*<0>1 +3*<26>1
SOLUTION: -1*<4>3 +3*<8>3 +2*<10>3 +1*<14>3 +1*<16>3 -2*<2>3 +1*<28>3 -3*<0>1 -3*<26>1
SOLUTION: -1*<4>3 +3*<8>3 +2*<10>3 +1*<14>3 +1*<16>3 +1*<2>3 -2*<28>3 -3*<0>1 -3*<26>1
SOLUTION: -3*<8>3 +3*<10>3 +3*<16>3
SOLUTION: -2*<8>3 +3*<10>3 -1*<14>3 +1*<16>3 +1*<2>3 +2*<28>3 -1*<34>3 -3*<0>1 +3*<26>1
SOLUTION: -1*<8>3 -3*<10>3 +2*<14>3 +1*<16>3 +1*<2>3 +2*<28>3 +1*<34>3 +3*<0>1 -3*<26>1
SOLUTION: -1*<8>3 +3*<10>3 -2*<14>3 +1*<16>3 -1*<2>3 +2*<28>3 -1*<34>3 +3*<0>1 +3*<26>1
SOLUTION: -1*<8>3 +3*<10>3 +1*<14>3 -2*<16>3 -1*<2>3 +2*<28>3 -1*<34>3 +3*<0>1 +3*<26>1
SOLUTION: -1*<8>3 +3*<10>3 +1*<14>3 +2*<16>3 -1*<2>3 -2*<28>3 +1*<34>3 +3*<0>1 -3*<26>1
SOLUTION: -3*<10>3 +3*<28>3 +3*<34>3
SOLUTION: -3*<10>3 +3*<2>3 +3*<34>3
SOLUTION: -3*<10>3 +3*<16>3 +3*<2>3
SOLUTION: -3*<10>3 +3*<14>3 +3*<2>3
SOLUTION: -3*<14>3 +3*<2>3 +3*<34>3
SOLUTION: -3*<16>3 +3*<28>3 +3*<34>3
SOLUTION: +3*<16>3 -3*<28>3 +3*<34>3
SOLUTION: +3*<14>3 -3*<2>3 +3*<34>3
SOLUTION: +3*<10>3 -3*<14>3 +3*<34>3
SOLUTION: +3*<10>3 +3*<28>3 -3*<34>3
SOLUTION: +3*<10>3 +3*<2>3 -3*<34>3
SOLUTION: +3*<10>3 +3*<16>3 -3*<2>3
SOLUTION: +3*<10>3 +3*<14>3 -3*<2>3
SOLUTION: +3*<10>3 +3*<14>3 -3*<34>3
SOLUTION: +1*<8>3 -3*<10>3 +2*<14>3 +1*<16>3 +1*<2>3 +2*<28>3 -1*<34>3 -3*<0>1 +3*<26>1
SOLUTION: +1*<8>3 +3*<10>3 -2*<14>3 +1*<16>3 -1*<2>3 +2*<28>3 +1*<34>3 -3*<0>1 -3*<26>1
SOLUTION: +1*<8>3 +3*<10>3 +1*<14>3 -2*<16>3 -1*<2>3 +2*<28>3 +1*<34>3 -3*<0>1 -3*<26>1
SOLUTION: +1*<8>3 +3*<10>3 +1*<14>3 +2*<16>3 -1*<2>3 -2*<28>3 -1*<34>3 -3*<0>1 +3*<26>1
SOLUTION: +2*<8>3 -3*<10>3 +1*<14>3 -1*<16>3 +2*<2>3 +1*<28>3 +1*<34>3 +3*<0>1 -3*<26>1
SOLUTION: +2*<8>3 -2*<10>3 +2*<14>3 -2*<2>3 +2*<28>3 +2*<34>3 -3*<0>1
SOLUTION: +2*<8>3 +2*<10>3 -2*<14>3 +2*<2>3 +2*<28>3 -2*<34>3 -3*<0>1
SOLUTION: +2*<8>3 +3*<10>3 -1*<14>3 -1*<16>3 -2*<2>3 +1*<28>3 -1*<34>3 +3*<0>1 +3*<26>1
SOLUTION: +2*<8>3 +3*<10>3 -1*<14>3 -1*<16>3 +1*<2>3 -2*<28>3 -1*<34>3 +3*<0>1 +3*<26>1
SOLUTION: +3*<8>3 -3*<14>3 +3*<2>3
SOLUTION: +3*<8>3 -3*<16>3 +3*<28>3
SOLUTION: +3*<8>3 +3*<16>3 -3*<28>3
SOLUTION: +3*<8>3 +3*<14>3 -3*<2>3
SOLUTION: +3*<8>3 +3*<10>3 -3*<16>3
SOLUTION: +1*<4>3 -3*<8>3 -1*<10>3 +3*<14>3 +1*<16>3 +1*<2>3 +1*<28>3 +1*<34>3 -3*<26>1
SOLUTION: +1*<4>3 -3*<8>3 +2*<10>3 -1*<14>3 +1*<16>3 +1*<2>3 +2*<28>3 -3*<0>1 +3*<26>1
SOLUTION: +1*<4>3 -3*<8>3 +2*<10>3 +1*<14>3 -1*<16>3 +1*<2>3 +2*<28>3 +3*<0>1 -3*<26>1
SOLUTION: +1*<4>3 -2*<8>3 +1*<10>3 -1*<14>3 +2*<16>3 +3*<2>3 +1*<34>3 -3*<0>1 -3*<26>1
SOLUTION: +1*<4>3 -2*<8>3 +1*<10>3 +2*<14>3 -1*<16>3 +3*<28>3 +1*<34>3 -3*<0>1 -3*<26>1
SOLUTION: +1*<4>3 -1*<8>3 -2*<10>3 +3*<16>3 -1*<2>3 -1*<28>3 +2*<34>3 +3*<0>1 +3*<26>1
SOLUTION: +1*<4>3 -1*<8>3 -2*<10>3 +3*<16>3 +1*<2>3 +1*<28>3 +2*<34>3 -3*<0>1 -3*<26>1
SOLUTION: +1*<4>3 -1*<8>3 -1*<10>3 +3*<14>3 +1*<16>3 -1*<2>3 +3*<28>3 -1*<34>3 -3*<0>1
SOLUTION: +1*<4>3 -1*<8>3 +1*<10>3 -3*<14>3 +1*<16>3 +1*<2>3 +3*<28>3 +1*<34>3 -3*<0>1
SOLUTION: +1*<4>3 -1*<8>3 +2*<10>3 +3*<16>3 -1*<2>3 +1*<28>3 -2*<34>3 -3*<0>1 +3*<26>1
SOLUTION: +1*<4>3 -1*<8>3 +2*<10>3 +3*<16>3 +1*<2>3 -1*<28>3 -2*<34>3 +3*<0>1 -3*<26>1
SOLUTION: +1*<4>3 -2*<10>3 -1*<14>3 +2*<16>3 -1*<2>3 -1*<28>3 +3*<34>3 +3*<0>1 +3*<26>1
SOLUTION: +1*<4>3 +2*<10>3 +1*<14>3 +2*<16>3 +1*<2>3 -1*<28>3 -3*<34>3 +3*<0>1 -3*<26>1
SOLUTION: +1*<4>3 +1*<8>3 -1*<10>3 -2*<14>3 -1*<16>3 +3*<28>3 +2*<34>3 -3*<0>1 +3*<26>1
SOLUTION: +1*<4>3 +1*<8>3 -1*<10>3 +1*<14>3 +2*<16>3 -3*<2>3 +2*<34>3 -3*<0>1 +3*<26>1
SOLUTION: +1*<4>3 +1*<8>3 +1*<10>3 -1*<14>3 +2*<16>3 +3*<2>3 -2*<34>3 -3*<0>1 -3*<26>1
SOLUTION: +1*<4>3 +1*<8>3 +1*<10>3 +1*<14>3 -3*<16>3 +3*<2>3 +1*<28>3 -1*<34>3 -3*<26>1
SOLUTION: +1*<4>3 +1*<8>3 +1*<10>3 +2*<14>3 -1*<16>3 +3*<28>3 -2*<34>3 -3*<0>1 -3*<26>1
SOLUTION: +1*<4>3 +1*<8>3 +2*<10>3 +1*<14>3 +2*<16>3 -3*<28>3 -1*<34>3 -3*<0>1 +3*<26>1
SOLUTION: +1*<4>3 +1*<8>3 +3*<10>3 -1*<14>3 +1*<16>3 +1*<2>3 -3*<28>3 +1*<34>3 -3*<26>1
SOLUTION: +1*<4>3 +2*<8>3 -2*<10>3 +3*<14>3 -1*<2>3 -1*<28>3 -1*<34>3 +3*<0>1 +3*<26>1
SOLUTION: +1*<4>3 +2*<8>3 -2*<10>3 +3*<14>3 +1*<2>3 +1*<28>3 -1*<34>3 -3*<0>1 -3*<26>1
SOLUTION: +1*<4>3 +2*<8>3 -1*<10>3 -1*<14>3 -2*<16>3 +3*<2>3 +1*<34>3 -3*<0>1 +3*<26>1
SOLUTION: +1*<4>3 +2*<8>3 -1*<10>3 -3*<16>3 +2*<2>3 +1*<28>3 +1*<34>3 -3*<0>1 +3*<26>1
SOLUTION: +1*<4>3 +2*<8>3 -1*<10>3 +2*<14>3 +1*<16>3 -3*<28>3 +1*<34>3 -3*<0>1 +3*<26>1
SOLUTION: +1*<4>3 +2*<8>3 -1*<10>3 +3*<14>3 -1*<2>3 -2*<28>3 +1*<34>3 -3*<0>1 +3*<26>1
SOLUTION: +1*<4>3 +2*<8>3 +2*<10>3 -3*<14>3 -1*<2>3 +1*<28>3 +1*<34>3 -3*<0>1 +3*<26>1
SOLUTION: +1*<4>3 +2*<8>3 +2*<10>3 -3*<14>3 +1*<2>3 -1*<28>3 +1*<34>3 +3*<0>1 -3*<26>1
SOLUTION: +1*<4>3 +3*<8>3 -3*<10>3 +1*<14>3 +1*<16>3 +1*<2>3 -1*<28>3 +1*<34>3 -3*<0>1
SOLUTION: +1*<4>3 +3*<8>3 -2*<10>3 +2*<14>3 -1*<16>3 -1*<2>3 -1*<28>3 +3*<0>1 +3*<26>1
SOLUTION: +1*<4>3 +3*<8>3 +2*<10>3 -2*<14>3 -1*<16>3 +1*<2>3 -1*<28>3 +3*<0>1 -3*<26>1
SOLUTION: +1*<4>3 +3*<8>3 +3*<10>3 -1*<14>3 +1*<16>3 -1*<2>3 -1*<28>3 -1*<34>3 -3*<0>1
SOLUTION: +2*<4>3 -3*<8>3 +1*<10>3 +2*<14>3 +1*<16>3 -1*<2>3 +1*<28>3 -3*<0>1 +3*<26>1
SOLUTION: +2*<4>3 -2*<8>3 -2*<16>3 +2*<2>3 +2*<28>3 +2*<34>3 -3*<26>1
SOLUTION: +2*<4>3 -2*<8>3 +1*<10>3 +3*<14>3 -1*<2>3 +1*<28>3 -1*<34>3 -3*<0>1 +3*<26>1
SOLUTION: +2*<4>3 -2*<8>3 +1*<10>3 +3*<14>3 +1*<2>3 -1*<28>3 -1*<34>3 +3*<0>1 -3*<26>1
SOLUTION: +2*<4>3 -1*<8>3 -1*<10>3 -2*<14>3 +1*<16>3 +3*<2>3 -1*<34>3 +3*<0>1 +3*<26>1
SOLUTION: +2*<4>3 -1*<8>3 -1*<10>3 +1*<14>3 -2*<16>3 +3*<2>3 -1*<34>3 +3*<0>1 +3*<26>1
SOLUTION: +2*<4>3 -1*<8>3 +1*<10>3 +2*<14>3 +1*<16>3 -3*<2>3 +1*<34>3 +3*<0>1 -3*<26>1
SOLUTION: +2*<4>3 -2*<10>3 +2*<14>3 +2*<16>3 +2*<2>3 -2*<34>3 -3*<0>1
SOLUTION: +2*<4>3 -1*<10>3 -1*<14>3 -1*<16>3 -2*<2>3 +1*<28>3 +3*<34>3 +3*<0>1 +3*<26>1
SOLUTION: +2*<4>3 -1*<10>3 -1*<14>3 -1*<16>3 +1*<2>3 -2*<28>3 +3*<34>3 +3*<0>1 +3*<26>1
SOLUTION: +2*<4>3 -1*<10>3 +1*<14>3 +1*<16>3 -2*<2>3 +1*<28>3 +3*<34>3 -3*<0>1 -3*<26>1
SOLUTION: +2*<4>3 -1*<10>3 +1*<14>3 +1*<16>3 +1*<2>3 -2*<28>3 +3*<34>3 -3*<0>1 -3*<26>1
SOLUTION: +2*<4>3 +1*<10>3 -1*<14>3 -2*<16>3 -1*<2>3 +1*<28>3 +3*<34>3 -3*<0>1 +3*<26>1
SOLUTION: +2*<4>3 +1*<10>3 -1*<14>3 +1*<16>3 +2*<2>3 +1*<28>3 -3*<34>3 -3*<0>1 +3*<26>1
SOLUTION: +2*<4>3 +1*<10>3 +1*<14>3 -1*<16>3 +2*<2>3 +1*<28>3 -3*<34>3 +3*<0>1 -3*<26>1
SOLUTION: +2*<4>3 +2*<10>3 -2*<14>3 +2*<16>3 -2*<2>3 +2*<34>3 -3*<0>1
SOLUTION: +2*<4>3 +1*<8>3 +1*<10>3 -3*<16>3 -1*<2>3 +1*<28>3 +2*<34>3 -3*<0>1 +3*<26>1
SOLUTION: +2*<4>3 +1*<8>3 +1*<10>3 -3*<16>3 +1*<2>3 -1*<28>3 +2*<34>3 +3*<0>1 -3*<26>1
SOLUTION: +2*<4>3 +2*<8>3 +2*<10>3 +2*<14>3 -2*<16>3 -2*<28>3 -3*<26>1
SOLUTION: +3*<4>3 -3*<8>3 +3*<28>3
SOLUTION: +3*<4>3 -3*<8>3 +3*<2>3
SOLUTION: +3*<4>3 -3*<8>3 +3*<16>3
SOLUTION: +3*<4>3 -1*<8>3 -2*<14>3 +1*<16>3 +2*<2>3 -1*<28>3 -1*<34>3 +3*<0>1 +3*<26>1
SOLUTION: +3*<4>3 -1*<8>3 -1*<14>3 -1*<16>3 -2*<2>3 +1*<28>3 +2*<34>3 +3*<0>1 +3*<26>1
SOLUTION: +3*<4>3 -1*<8>3 -1*<14>3 -1*<16>3 +1*<2>3 -2*<28>3 +2*<34>3 +3*<0>1 +3*<26>1
SOLUTION: +3*<4>3 -1*<8>3 +1*<14>3 -2*<16>3 +2*<2>3 -1*<28>3 -1*<34>3 +3*<0>1 +3*<26>1
SOLUTION: +3*<4>3 -1*<8>3 +1*<14>3 -1*<16>3 +2*<2>3 +1*<28>3 -2*<34>3 +3*<0>1 -3*<26>1
SOLUTION: +3*<4>3 -1*<8>3 +2*<14>3 +1*<16>3 -2*<2>3 -1*<28>3 +1*<34>3 +3*<0>1 -3*<26>1
SOLUTION: +3*<4>3 -1*<8>3 +1*<10>3 +1*<14>3 -1*<16>3 -1*<2>3 -1*<28>3 +3*<34>3 -3*<26>1
SOLUTION: +3*<4>3 -3*<14>3 +3*<34>3
SOLUTION: +3*<4>3 +3*<16>3 -3*<28>3
SOLUTION: +3*<4>3 +3*<14>3 -3*<28>3
SOLUTION: +3*<4>3 +3*<14>3 -3*<34>3
SOLUTION: +3*<4>3 +1*<8>3 -1*<10>3 -1*<14>3 -1*<16>3 +3*<2>3 +1*<28>3 -1*<34>3 -3*<0>1
SOLUTION: +3*<4>3 +1*<8>3 -2*<14>3 +1*<16>3 +2*<2>3 -1*<28>3 +1*<34>3 -3*<0>1 -3*<26>1
SOLUTION: +3*<4>3 +1*<8>3 +1*<14>3 -2*<16>3 +2*<2>3 -1*<28>3 +1*<34>3 -3*<0>1 -3*<26>1
SOLUTION: +3*<4>3 +1*<8>3 +2*<14>3 +1*<16>3 -2*<2>3 -1*<28>3 -1*<34>3 -3*<0>1 +3*<26>1
SOLUTION: +3*<4>3 +1*<8>3 +1*<10>3 +1*<14>3 -1*<16>3 -3*<2>3 +1*<28>3 +1*<34>3 -3*<0>1
SOLUTION: +3*<4>3 +3*<8>3 -3*<16>3
SOLUTION: +1*<17>6 -1*<4>3 -1*<8>3 +1*<10>3 -1*<14>3 +2*<16>3 +1*<2>3 +2*<28>3 -3*<13>2 +3*<0>1 -3*<26>1
SOLUTION: +1*<17>6 -1*<4>3 -1*<8>3 +1*<10>3 +1*<16>3 +3*<28>3 -3*<13>2 +3*<0>1 -3*<26>1
SOLUTION: +1*<17>6 -1*<4>3 +1*<10>3 +1*<14>3 +3*<2>3 -1*<34>3 -3*<13>2 +3*<0>1 -3*<26>1
SOLUTION: +1*<17>6 -2*<8>3 -1*<14>3 +2*<16>3 +3*<2>3 +1*<34>3 -3*<13>2
SOLUTION: +1*<17>6 -2*<8>3 +2*<14>3 -1*<16>3 +3*<28>3 +1*<34>3 -3*<13>2
SOLUTION: +1*<17>6 +1*<8>3 -1*<14>3 +2*<16>3 +3*<2>3 -2*<34>3 -3*<13>2
SOLUTION: +1*<17>6 +1*<8>3 +2*<14>3 -1*<16>3 +3*<28>3 -2*<34>3 -3*<13>2
SOLUTION: +1*<17>6 +1*<4>3 -1*<8>3 -1*<10>3 +1*<16>3 +3*<28>3 -3*<13>2 -3*<0>1 +3*<26>1
SOLUTION: +1*<17>6 +1*<4>3 -1*<10>3 +1*<14>3 +3*<2>3 -1*<34>3 -3*<13>2 -3*<0>1 +3*<26>1
SOLUTION: +1*<17>6 +1*<4>3 -1*<10>3 +2*<14>3 -1*<16>3 +2*<2>3 +1*<28>3 -1*<34>3 -3*<13>2 -3*<0>1 +3*<26>1
SOLUTION: +1*<7>6 -1*<8>3 +3*<10>3 -1*<14>3 +1*<2>3 +1*<34>3 -3*<13>2 +3*<0>1 -3*<26>1
SOLUTION: +1*<7>6 +3*<10>3 -2*<14>3 +1*<16>3 -1*<2>3 +2*<28>3 -3*<13>2
SOLUTION: +1*<7>6 +3*<10>3 +1*<14>3 -2*<16>3 -1*<2>3 +2*<28>3 -3*<13>2
SOLUTION: +1*<7>6 +1*<8>3 +3*<10>3 -1*<14>3 +1*<2>3 -1*<34>3 -3*<13>2 -3*<0>1 +3*<26>1
SOLUTION: +1*<7>6 +1*<4>3 +1*<8>3 +2*<10>3 -1*<14>3 +2*<2>3 -1*<28>3 -1*<34>3 -3*<13>2 -3*<0>1 +3*<26>1
SOLUTION: +1*<7>6 +2*<4>3 -1*<8>3 +1*<10>3 -1*<16>3 -1*<2>3 +2*<28>3 +1*<34>3 -3*<13>2 +3*<0>1 -3*<26>1
SOLUTION: +1*<7>6 +3*<4>3 -1*<8>3 -1*<16>3 +1*<28>3 +1*<34>3 -3*<13>2 +3*<0>1 -3*<26>1
SOLUTION: +1*<7>6 +3*<4>3 -2*<14>3 +1*<16>3 +2*<2>3 -1*<28>3 -3*<13>2
SOLUTION: +1*<7>6 +3*<4>3 +1*<14>3 -2*<16>3 +2*<2>3 -1*<28>3 -3*<13>2
SOLUTION: +1*<7>6 +3*<4>3 +1*<8>3 -1*<16>3 +1*<28>3 -1*<34>3 -3*<13>2 -3*<0>1 +3*<26>1
SOLUTION: +1*<5>6 -2*<4>3 -1*<8>3 +1*<10>3 +3*<16>3 +2*<34>3 -3*<13>2
SOLUTION: +1*<5>6 -2*<4>3 +2*<8>3 +1*<10>3 +3*<14>3 -1*<34>3 -3*<13>2
SOLUTION: +1*<5>6 -1*<4>3 +1*<8>3 +3*<16>3 -1*<2>3 +1*<28>3 -3*<13>2 -3*<0>1 +3*<26>1
SOLUTION: +1*<5>6 -1*<4>3 +1*<8>3 +3*<16>3 +1*<2>3 -1*<28>3 -3*<13>2 +3*<0>1 -3*<26>1
SOLUTION: +1*<5>6 -1*<4>3 +2*<8>3 +1*<14>3 +2*<16>3 +1*<2>3 -1*<28>3 -1*<34>3 -3*<13>2 +3*<0>1 -3*<26>1
SOLUTION: +1*<5>6 -1*<8>3 -1*<10>3 +2*<14>3 +1*<16>3 -1*<2>3 +1*<28>3 +2*<34>3 -3*<13>2 -3*<0>1 +3*<26>1
SOLUTION: +1*<5>6 -1*<10>3 +3*<14>3 -1*<2>3 +1*<28>3 +1*<34>3 -3*<13>2 -3*<0>1 +3*<26>1
SOLUTION: +1*<5>6 -1*<10>3 +3*<14>3 +1*<2>3 -1*<28>3 +1*<34>3 -3*<13>2 +3*<0>1 -3*<26>1
SOLUTION: +1*<5>6 +1*<4>3 -1*<8>3 -2*<10>3 +3*<16>3 +2*<34>3 -3*<13>2
SOLUTION: +1*<5>6 +1*<4>3 +2*<8>3 -2*<10>3 +3*<14>3 -1*<34>3 -3*<13>2
SOLUTION: +1*<1>6 -1*<5>6 +1*<7>6 -1*<17>6 -2*<4>3 +2*<10>3 +2*<28>3 +2*<34>3 -3*<26>1
SOLUTION: +1*<1>6 -1*<5>6 +1*<7>6 -1*<17>6 -1*<4>3 +1*<8>3 +1*<10>3 -1*<14>3 +1*<16>3 +3*<2>3 -1*<28>3 +1*<34>3 -3*<26>1
SOLUTION: +1*<1>6 -1*<5>6 +1*<7>6 -1*<17>6 -1*<4>3 +3*<8>3 +1*<10>3 -1*<14>3 +1*<16>3 +1*<2>3 +1*<28>3 -1*<34>3 -3*<0>1
SOLUTION: +1*<1>6 -1*<5>6 +1*<7>6 -1*<17>6 -2*<14>3 +2*<16>3 +2*<28>3 +2*<34>3 -3*<0>1
SOLUTION: +1*<1>6 -1*<5>6 +1*<7>6 -1*<17>6 +2*<8>3 +2*<14>3 -2*<16>3 +2*<2>3 -3*<26>1
SOLUTION: +1*<1>6 -1*<5>6 +1*<7>6 -1*<17>6 +1*<4>3 -1*<8>3 -1*<10>3 +1*<14>3 -1*<16>3 +1*<2>3 +1*<28>3 +3*<34>3 -3*<26>1
SOLUTION: +1*<1>6 -1*<5>6 +1*<7>6 -1*<17>6 +1*<4>3 +1*<8>3 -1*<10>3 +1*<14>3 -1*<16>3 -1*<2>3 +3*<28>3 +1*<34>3 -3*<0>1
SOLUTION: +1*<1>6 -1*<5>6 +1*<7>6 -1*<17>6 +2*<4>3 +2*<8>3 -2*<10>3 +2*<2>3 -3*<0>1
SOLUTION: +1*<1>6 -1*<4>3 +1*<8>3 +2*<10>3 -1*<14>3 +1*<16>3 -1*<2>3 +2*<34>3 -3*<13>2 -3*<0>1 +3*<26>1
SOLUTION: +1*<1>6 -1*<4>3 +3*<8>3 +2*<10>3 -2*<2>3 +1*<28>3 -3*<13>2
SOLUTION: +1*<1>6 -1*<4>3 +3*<8>3 +2*<10>3 +1*<2>3 -2*<28>3 -3*<13>2
SOLUTION: +1*<1>6 +1*<10>3 -1*<14>3 +1*<16>3 -1*<2>3 +3*<34>3 -3*<13>2 -3*<0>1 +3*<26>1
SOLUTION: +1*<1>6 +1*<10>3 +1*<14>3 -1*<16>3 -1*<2>3 +3*<34>3 -3*<13>2 +3*<0>1 -3*<26>1
SOLUTION: +1*<1>6 +1*<4>3 +3*<8>3 -1*<14>3 +1*<16>3 -1*<28>3 -3*<13>2 -3*<0>1 +3*<26>1
SOLUTION: +1*<1>6 +1*<4>3 +3*<8>3 +1*<14>3 -1*<16>3 -1*<28>3 -3*<13>2 +3*<0>1 -3*<26>1
SOLUTION: +1*<1>6 +2*<4>3 -1*<10>3 -2*<2>3 +1*<28>3 +3*<34>3 -3*<13>2
SOLUTION: +1*<1>6 +2*<4>3 -1*<10>3 +1*<2>3 -2*<28>3 +3*<34>3 -3*<13>2
SOLUTION: +1*<1>6 +2*<4>3 +2*<8>3 -1*<10>3 +1*<14>3 -1*<16>3 -1*<28>3 +1*<34>3 -3*<13>2 +3*<0>1 -3*<26>1
SOLUTION: +1*<1>6 +1*<5>6 -1*<7>6 -1*<17>6 -1*<4>3 -1*<8>3 +3*<10>3 +1*<14>3 +1*<16>3 -1*<2>3 +1*<28>3 +1*<34>3 -3*<26>1
SOLUTION: +1*<1>6 +1*<5>6 -1*<7>6 -1*<17>6 +2*<10>3 +2*<16>3 +2*<2>3 -2*<28>3 -3*<26>1
SOLUTION: +1*<1>6 +1*<5>6 -1*<7>6 -1*<17>6 +2*<8>3 +2*<10>3 +2*<16>3 -2*<34>3 -3*<0>1
SOLUTION: +1*<1>6 +1*<5>6 -1*<7>6 -1*<17>6 +1*<4>3 -1*<8>3 +1*<10>3 -1*<14>3 +3*<16>3 -1*<2>3 +1*<28>3 +1*<34>3 -3*<0>1
SOLUTION: +1*<1>6 +1*<5>6 -1*<7>6 -1*<17>6 +1*<4>3 +1*<8>3 +1*<10>3 +3*<14>3 -1*<16>3 +1*<2>3 -1*<28>3 -1*<34>3 -3*<26>1
SOLUTION: +1*<1>6 +1*<5>6 -1*<7>6 -1*<17>6 +2*<4>3 -2*<8>3 +2*<14>3 +2*<34>3 -3*<26>1
SOLUTION: +1*<1>6 +1*<5>6 -1*<7>6 -1*<17>6 +2*<4>3 +2*<14>3 -2*<2>3 +2*<28>3 -3*<0>1
SOLUTION: +1*<1>6 +1*<5>6 -1*<7>6 -1*<17>6 +3*<4>3 +1*<8>3 -1*<10>3 +1*<14>3 +1*<16>3 +1*<2>3 -1*<28>3 -1*<34>3 -3*<0>1
m=52 s=9 d=3 t=3 folds=0 done: solutions=264 nodes=4807823168 leaves=352194490
