n=20: max g = 1.776e-15 types=(1, 0) sizes=(np.int64(11), np.int64(9))
n=30: max g = 0.000e+00 types=(1, 0) sizes=(np.int64(16), np.int64(14))
n=40: max g = 0.000e+00 types=(1, 0) sizes=(np.int64(21), np.int64(19))
n=50: max g = 0.000e+00 types=(1, 0) sizes=(np.int64(26), np.int64(24))
n=60: max g = 0.000e+00 types=(1, 0) sizes=(np.int64(31), np.int64(29))
n=70: max g = 0.000e+00 types=(1, 0) sizes=(np.int64(36), np.int64(34))
n=80: max g = 0.000e+00 types=(1, 0) sizes=(np.int64(41), np.int64(39))
n=90: max g = 0.000e+00 types=(1, 0) sizes=(np.int64(46), np.int64(44))
n=100: max g = 0.000e+00 types=(1, 0) sizes=(np.int64(51), np.int64(49))
n=110: max g = 0.000e+00 types=(1, 0) sizes=(np.int64(56), np.int64(54))
n=120: max g = 0.000e+00 types=(1, 0) sizes=(np.int64(61), np.int64(59))
n=130: max g = -3.553e-15 types=(1, 0) sizes=(np.int64(66), np.int64(64))
n=140: max g = 3.553e-15 types=(1, 0) sizes=(np.int64(71), np.int64(69))
n=150: max g = 0.000e+00 types=(1, 0) sizes=(np.int64(76), np.int64(74))
n=160: max g = 0.000e+00 types=(1, 0) sizes=(np.int64(81), np.int64(79))
n=170: max g = 0.000e+00 types=(1, 0) sizes=(np.int64(86), np.int64(84))
n=180: max g = 0.000e+00 types=(1, 0) sizes=(np.int64(91), np.int64(89))
n=190: max g = 3.553e-15 types=(1, 0) sizes=(np.int64(96), np.int64(94))
n=200: max g = 0.000e+00 types=(1, 0) sizes=(np.int64(101), np.int64(99))
n=225: max g = -1.975e-05 types=(1, 0) sizes=(np.int64(114), np.int64(111))
n=250: max g = 3.553e-15 types=(1, 0) sizes=(np.int64(126), np.int64(124))
n=275: max g = -1.322e-05 types=(1, 0) sizes=(np.int64(139), np.int64(136))
n=300: max g = 0.000e+00 types=(1, 0) sizes=(np.int64(151), np.int64(149))
n=325: max g = -9.468e-06 types=(1, 0) sizes=(np.int64(164), np.int64(161))
n=350: max g = 7.105e-15 types=(1, 0) sizes=(np.int64(176), np.int64(174))
n=375: max g = -7.111e-06 types=(1, 0) sizes=(np.int64(188), np.int64(187))
n=400: max g = 3.553e-15 types=(1, 0) sizes=(np.int64(201), np.int64(199))
n=425: max g = -5.536e-06 types=(1, 0) sizes=(np.int64(214), np.int64(211))
n=450: max g = 0.000e+00 types=(1, 0) sizes=(np.int64(226), np.int64(224))
n=475: max g = -4.432e-06 types=(1, 0) sizes=(np.int64(239), np.int64(236))
n=500: max g = -7.105e-15 types=(1, 0) sizes=(np.int64(251), np.int64(249))
n=525: max g = -3.628e-06 types=(1, 0) sizes=(np.int64(264), np.int64(261))
n=550: max g = 7.105e-15 types=(1, 0) sizes=(np.int64(276), np.int64(274))
n=575: max g = -3.025e-06 types=(1, 0) sizes=(np.int64(289), np.int64(286))
n=600: max g = 0.000e+00 types=(1, 0) sizes=(np.int64(301), np.int64(299))
n=625: max g = -2.560e-06 types=(1, 0) sizes=(np.int64(313), np.int64(312))
n=650: max g = 0.000e+00 types=(1, 0) sizes=(np.int64(326), np.int64(324))
n=675: max g = -2.195e-06 types=(1, 0) sizes=(np.int64(339), np.int64(336))
n=700: max g = 0.000e+00 types=(1, 0) sizes=(np.int64(351), np.int64(349))
n=725: max g = 1.017e-05 types=(0, 1) sizes=(np.int64(719), np.int64(6)) <-- POSITIVE
FIRST positive n (block-threshold class): 723 g=6.834e-07 types=(0, 1) sizes=(np.int64(717), np.int64(6))
