graphs scanned: 12005167
top direct dev-R:
  -0.0000000000  I?ACKMF`w
  -0.0505102572  I??CCEB_w
  -0.0707143601  I?aK[]Nbw
  -0.1322830106  I??EEFBow
  -0.1669697220  I???CA@_W
  -0.1757837347  I?BEMNFpw
  -0.2104874692  I???EB@oW
  -0.2386011163  I??CEFBow
  -0.2504545830  I??????~w
  -0.2583946797  I?AEMNFpw
  -0.2945700296  I?ACKMFpw
  -0.2981295726  I??EEBBow
  -0.3000000000  I????A?_G
  -0.3034147399  I?BEENFpw
  -0.3084506416  I???FB`wW
top padded A/(4m)-R:
  +0.0000000000  I~~~~~~~w
  +0.0000000000  ICe[{}^fw
  +0.0000000000  I?aK[]Nbw
  +0.0000000000  I???CA@_W
  +0.0000000000  ITm||}~nw
  +0.0000000000  I??CCEB_w
  +0.0000000000  I????A?_G
  +0.0000000000  I??????~w
  +0.0000000000  I??????_?
  -0.0000000000  I?ACKMF`w
  -0.0784271247  I??????~o
  -0.0876382852  I^~~~~~~w
  -0.0958286934  IEv]}~^vw
  -0.1056084535  I?rM]^Nrw
  -0.1174085250  I?BEMNFpw
