n=100 restart=0 mode=rand: best Phi=-0.000000
n=100 restart=1 mode=clique: best Phi=0.000000
n=100 restart=2 mode=eq: best Phi=0.000000
n=100 restart=3 mode=rand: best Phi=-0.000000
n=100 restart=4 mode=clique: best Phi=-0.000000
n=100 restart=5 mode=eq: best Phi=0.000000
n=200 restart=0 mode=rand: best Phi=-556.692946
n=200 restart=1 mode=clique: best Phi=-210.762261
n=200 restart=2 mode=eq: best Phi=0.000000
n=200 restart=3 mode=rand: best Phi=-371.213227
n=200 restart=4 mode=clique: best Phi=-65.610000
n=200 restart=5 mode=eq: best Phi=0.000000
n=300 restart=0 mode=rand: best Phi=-3721.395624
n=300 restart=1 mode=clique: best Phi=-2998.726275
n=300 restart=2 mode=eq: best Phi=0.000000
n=300 restart=3 mode=rand: best Phi=-2005.735645
n=300 restart=4 mode=clique: best Phi=-2558.126210
n=300 restart=5 mode=eq: best Phi=0.000000
n=500 restart=0 mode=rand: best Phi=-24913.044481
n=500 restart=1 mode=clique: best Phi=-20763.004489
n=500 restart=2 mode=eq: best Phi=-0.000000
n=500 restart=3 mode=rand: best Phi=-35732.489723
n=500 restart=4 mode=clique: best Phi=-7791.753492
n=500 restart=5 mode=eq: best Phi=-0.000000
n=800 restart=0 mode=rand: best Phi=-104455.203053
n=800 restart=1 mode=clique: best Phi=-1288.837172
n=800 restart=2 mode=eq: best Phi=0.000000
n=800 restart=3 mode=rand: best Phi=-142902.829355
n=800 restart=4 mode=clique: best Phi=-18080.005867
n=800 restart=5 mode=eq: best Phi=0.000000
OVERALL best Phi = 0.000000
