n=12 restart=0 mode=rand: best Phi=0.000000
n=12 restart=1 mode=clique: best Phi=0.000000
n=12 restart=2 mode=rand: best Phi=0.000000
n=12 restart=3 mode=clique: best Phi=0.000000
n=12 restart=4 mode=rand: best Phi=0.000000
n=12 restart=5 mode=clique: best Phi=0.000000
n=16 restart=0 mode=rand: best Phi=0.000000
n=16 restart=1 mode=clique: best Phi=0.000000
n=16 restart=2 mode=rand: best Phi=0.000000
n=16 restart=3 mode=clique: best Phi=0.000000
n=16 restart=4 mode=rand: best Phi=0.000000
n=16 restart=5 mode=clique: best Phi=0.000000
n=20 restart=0 mode=rand: best Phi=0.000000
n=20 restart=1 mode=clique: best Phi=0.000000
n=20 restart=2 mode=rand: best Phi=0.000000
n=20 restart=3 mode=clique: best Phi=0.000000
n=20 restart=4 mode=rand: best Phi=0.000000
n=20 restart=5 mode=clique: best Phi=0.000000
n=30 restart=0 mode=rand: best Phi=-0.000000
n=30 restart=1 mode=clique: best Phi=-0.000000
n=30 restart=2 mode=rand: best Phi=-0.250000
n=30 restart=3 mode=clique: best Phi=0.000000
n=30 restart=4 mode=rand: best Phi=-0.000000
n=30 restart=5 mode=clique: best Phi=0.000000
n=40 restart=0 mode=rand: best Phi=0.000000
n=40 restart=1 mode=clique: best Phi=0.000000
n=40 restart=2 mode=rand: best Phi=-0.000000
n=40 restart=3 mode=clique: best Phi=-0.000000
n=40 restart=4 mode=rand: best Phi=0.000000
n=40 restart=5 mode=clique: best Phi=0.000000
n=60 restart=0 mode=rand: best Phi=-0.000000
n=60 restart=1 mode=clique: best Phi=-0.000000
n=60 restart=2 mode=rand: best Phi=-0.000000
n=60 restart=3 mode=clique: best Phi=-0.000000
n=60 restart=4 mode=rand: best Phi=-0.000000
n=60 restart=5 mode=clique: best Phi=-0.000000
OVERALL best Phi = 0.000000
