n= 2: best dev-R 0.000000000 (code 1) | best phi 0.000000000 (code 1) | best g 0.000000000 (code 1)
n= 3: best dev-R -0.057190958 (code 1) | best phi 0.000000000 (code 3) | best g -0.117783036 (code 1)
n= 4: best dev-R 0.000000000 (code 3) | best phi 0.000000000 (code 7) | best g 0.000000000 (code 3)
n= 5: best dev-R -0.030306154 (code 3) | best phi 0.000000000 (code 7) | best g -0.040821995 (code 3)
n= 6: best dev-R 0.000000000 (code 7) | best phi 0.000000000 (code 7) | best g 0.000000000 (code 7)
n= 7: best dev-R -0.020513363 (code 7) | best phi 0.000000000 (code 63) | best g -0.020619287 (code 7)
n= 8: best dev-R 0.000000000 (code 15) | best phi 0.000000000 (code 127) | best g 0.000000000 (code 15)
n= 9: best dev-R -0.015480025 (code 15) | best phi 0.000000000 (code 127) | best g -0.012422520 (code 15)
n=10: best dev-R -0.000000000 (code 31) | best phi 0.000000000 (code 511) | best g 0.000000000 (code 31)
n=11: best dev-R -0.012422414 (code 31) | best phi 0.000000000 (code 1023) | best g -0.008298803 (code 31)
n=12: best dev-R 0.000000000 (code 63) | best phi 0.000000000 (code 2047) | best g 0.000000000 (code 63)
n=13: best dev-R -0.010370393 (code 63) | best phi 0.000000000 (code 4095) | best g -0.005934736 (code 63)
n=14: best dev-R 0.000000000 (code 127) | best phi 0.000000000 (code 8191) | best g 0.000000000 (code 127)
n=15: best dev-R -0.008898787 (code 127) | best phi 0.000000000 (code 16383) | best g -0.004454350 (code 127)
n=16: best dev-R 0.000000000 (code 255) | best phi 0.000000000 (code 32767) | best g -0.000000000 (code 255)
n=17: best dev-R -0.007792214 (code 255) | best phi 0.000000000 (code 32767) | best g -0.003466208 (code 511)
n=18: best dev-R 0.000000000 (code 511) | best phi 0.000000000 (code 131071) | best g 0.000000000 (code 511)
n=19: best dev-R -0.006930010 (code 511) | best phi 0.000000000 (code 262143) | best g -0.002773927 (code 1023)
n=20: best dev-R 0.000000000 (code 1023) | best phi 0.000000000 (code 524287) | best g 0.000000000 (code 1023)
n=21: best dev-R -0.006239367 (code 1023) | best phi 0.000000000 (code 524287) | best g -0.002270149 (code 1023)
n=22: best dev-R 0.000000000 (code 2047) | best phi 0.000000000 (code 2097151) | best g 0.000000000 (code 2047)
n=23: best dev-R -0.005673760 (code 2047) | best phi 0.000000000 (code 2097151) | best g -0.001892148 (code 2047)
n=24: best dev-R 0.000000000 (code 4095) | best phi 0.000000000 (code 8388607) | best g 0.000000000 (code 4095)
n=25: best dev-R -0.005202082 (code 4095) | best phi 0.000000000 (code 16777215) | best g -0.001601281 (code 4095)
n=26: best dev-R 0.000000000 (code 8191) | best phi 0.000000000 (code 33554431) | best g -0.000000000 (code 8191)
n=27: best dev-R -0.004802745 (code 8191) | best phi 0.000000000 (code 33554431) | best g -0.001372684 (code 8191)
