=== L 166320
moduli dividing L=166320: |pool|=58 budget=1.06665
deltas: {2: '7/40', 3: '0', 5: '2/5', 7: '19/40', 11: '1/2'}
float-search eta ~ 0.87598298; EXACT eta = 4664610185/5325000912 = 0.87598298
CERTIFIED (exact rationals): eta < 1 -> no covering system of Z uses only moduli from this pool (each at most once, any residues). [moduli dividing L=166320]
=== L 720720
moduli dividing L=720720: |pool|=79 budget=1.10571
deltas: {2: '7/40', 3: '0', 5: '3/8', 7: '17/40', 11: '9/20', 13: '1/2'}
float-search eta ~ 0.87262178; EXACT eta = 4020893737670507/4607831057029200 = 0.87262178
CERTIFIED (exact rationals): eta < 1 -> no covering system of Z uses only moduli from this pool (each at most once, any residues). [moduli dividing L=720720]
=== P 877
pool {p-1 : 5 <= p <= 877}: |pool|=149 budget=1.45298
deltas: {2: '0', 3: '0', 5: '2/5', 7: '19/40', 11: '19/40', 13: '19/40', 17: '19/40', 19: '1/2', 23: '1/2', 29: '1/2', 31: '1/2', 37: '1/2', 41: '1/2', 43: '1/2', 47: '1/2', 53: '1/2', 59: '1/2', 61: '1/2', 67: '1/2', 71: '1/2', 73: '1/2', 79: '1/2', 83: '1/2', 89: '1/2', 97: '1/2', 101: '1/2', 103: '1/2', 107: '1/2', 113: '1/2', 127: '1/2', 131: '1/2', 137: '1/2', 139: '1/2', 163: '1/2', 173: '1/2', 179: '1/2', 191: '1/2', 193: '1/2', 199: '1/2', 233: '1/2', 239: '1/2', 251: '1/2', 281: '1/2', 293: '1/2', 359: '1/2', 419: '1/2', 431: '1/2'}
float-search eta ~ 1.00001803; EXACT eta = 11155098763419381397330144991483031275845013214234924739355262733314029297437205942685872117433307463063837988101563033952590254532557089782237096972439320012433165648401406217465998903/11154897694321805181437675169707332386861388868300287175190328783245147165073904196491694213649625642858423873563371185002742568020105263123992116939307959859558693623383281795457920000 = 1.00001803
NOT certified: eta >= 1 (undecided by this sieve / these deltas)
=== P 1000
pool {p-1 : 5 <= p <= 1000}: |pool|=166 budget=1.47111
deltas: {2: '0', 3: '0', 5: '2/5', 7: '19/40', 11: '19/40', 13: '19/40', 17: '19/40', 19: '1/2', 23: '1/2', 29: '1/2', 31: '1/2', 37: '1/2', 41: '1/2', 43: '1/2', 47: '1/2', 53: '1/2', 59: '1/2', 61: '1/2', 67: '1/2', 71: '1/2', 73: '1/2', 79: '1/2', 83: '1/2', 89: '1/2', 97: '1/2', 101: '1/2', 103: '1/2', 107: '1/2', 113: '1/2', 127: '1/2', 131: '1/2', 137: '1/2', 139: '1/2', 151: '1/2', 163: '1/2', 173: '1/2', 179: '1/2', 191: '1/2', 193: '1/2', 199: '1/2', 233: '1/2', 239: '1/2', 251: '1/2', 281: '1/2', 293: '1/2', 359: '1/2', 419: '1/2', 431: '1/2', 443: '1/2', 491: '1/2'}
float-search eta ~ 1.01041239; EXACT eta = 85111182467898134503009288740090329239703167203365057959166578601515070507340475551377579590171640243251116533780008071551020901316620253681773437854209954284401373786782698108955621253682576595224449/84234104432863724993461902928284870037874890928032797148791583799118990955958022757882133232774929723436689497740995684286104635120327273439549433717718390044900531651782251991579509852971951327360000 = 1.01041239
NOT certified: eta >= 1 (undecided by this sieve / these deltas)
