it=0 cur=15 best=15 T=2.00 elapsed=0s
it=1 best=9 n=23 L=11 edges=[(0, 12), (1, 6), (1, 7), (1, 8), (1, 10), (1, 13), (1, 14), (1, 15), (1, 16), (2, 12), (2, 18), (3, 6), (4, 13), (5, 6), (6, 13), (8, 9), (8, 22), (10, 19), (11, 17), (12, 15), (12, 20), (14, 17), (15, 16), (18, 22), (21, 22)]
it=7 best=6 n=23 L=12 edges=[(0, 12), (0, 21), (1, 6), (1, 7), (1, 8), (1, 10), (1, 13), (1, 14), (1, 15), (1, 16), (2, 12), (2, 18), (3, 6), (4, 13), (5, 6), (6, 13), (8, 9), (8, 22), (9, 20), (10, 19), (11, 17), (12, 15), (12, 20), (14, 17), (15, 16), (18, 22), (21, 22)]
it=44 best=4 n=23 L=12 edges=[(0, 21), (1, 6), (1, 7), (1, 8), (1, 10), (1, 14), (1, 16), (2, 12), (2, 18), (3, 13), (4, 13), (5, 6), (6, 13), (8, 9), (8, 16), (8, 22), (9, 20), (10, 19), (11, 17), (12, 15), (12, 20), (14, 17), (15, 16), (19, 22), (21, 22)]
it=163 best=3 n=23 L=9 edges=[(0, 10), (1, 6), (1, 7), (1, 16), (2, 18), (3, 13), (4, 13), (4, 18), (5, 6), (6, 17), (8, 9), (8, 12), (8, 22), (9, 20), (10, 19), (11, 17), (12, 15), (12, 19), (14, 17), (15, 16), (16, 18), (21, 22)]
it=193 best=2 n=23 L=8 edges=[(0, 10), (1, 7), (1, 16), (2, 12), (2, 17), (2, 18), (3, 13), (4, 13), (5, 10), (5, 12), (6, 17), (8, 9), (8, 12), (8, 22), (9, 20), (10, 19), (11, 17), (12, 13), (12, 15), (13, 18), (14, 17), (16, 18), (21, 22)]
it=200 cur=3 best=2 T=2.00 elapsed=0s
it=400 cur=2 best=2 T=2.00 elapsed=1s
it=600 cur=14 best=2 T=2.00 elapsed=1s
it=800 cur=5 best=2 T=1.99 elapsed=1s
it=913 best=1 n=23 L=10 edges=[(0, 10), (1, 9), (1, 21), (2, 20), (2, 22), (3, 4), (3, 21), (4, 12), (5, 6), (5, 15), (6, 16), (7, 10), (7, 18), (8, 9), (8, 22), (9, 10), (9, 11), (10, 16), (11, 17), (13, 20), (14, 17), (16, 19)]
it=1000 cur=1 best=1 T=1.99 elapsed=1s
it=1200 cur=1 best=1 T=1.99 elapsed=1s
it=1400 cur=1 best=1 T=1.99 elapsed=1s
it=1600 cur=1 best=1 T=1.99 elapsed=1s
it=1800 cur=1 best=1 T=1.99 elapsed=1s
it=2000 cur=1 best=1 T=1.99 elapsed=2s
it=2200 cur=1 best=1 T=1.99 elapsed=2s
it=2400 cur=1 best=1 T=1.98 elapsed=2s
it=2600 cur=1 best=1 T=1.98 elapsed=2s
it=2800 cur=1 best=1 T=1.98 elapsed=2s
it=3000 cur=1 best=1 T=1.98 elapsed=2s
it=3200 cur=1 best=1 T=1.98 elapsed=2s
it=3400 cur=1 best=1 T=1.98 elapsed=2s
it=3600 cur=1 best=1 T=1.98 elapsed=2s
it=3800 cur=1 best=1 T=1.97 elapsed=3s
it=4000 cur=1 best=1 T=1.97 elapsed=3s
it=4200 cur=1 best=1 T=1.97 elapsed=3s
it=4400 cur=1 best=1 T=1.97 elapsed=3s
it=4600 cur=1 best=1 T=1.97 elapsed=3s
it=4800 cur=1 best=1 T=1.97 elapsed=3s
it=5000 cur=1 best=1 T=1.97 elapsed=3s
it=5200 cur=1 best=1 T=1.97 elapsed=3s
it=5400 cur=1 best=1 T=1.96 elapsed=3s
it=5600 cur=1 best=1 T=1.96 elapsed=3s
it=5800 cur=1 best=1 T=1.96 elapsed=3s
it=6000 cur=1 best=1 T=1.96 elapsed=4s
it=6200 cur=1 best=1 T=1.96 elapsed=4s
it=6400 cur=1 best=1 T=1.96 elapsed=4s
it=6600 cur=1 best=1 T=1.96 elapsed=4s
it=6800 cur=1 best=1 T=1.95 elapsed=4s
it=7000 cur=1 best=1 T=1.95 elapsed=4s
it=7200 cur=1 best=1 T=1.95 elapsed=4s
it=7400 cur=1 best=1 T=1.95 elapsed=4s
it=7600 cur=1 best=1 T=1.95 elapsed=4s
it=7800 cur=1 best=1 T=1.95 elapsed=4s
it=8000 cur=1 best=1 T=1.95 elapsed=5s
it=8200 cur=1 best=1 T=1.95 elapsed=5s
it=8400 cur=1 best=1 T=1.94 elapsed=5s
it=8600 cur=1 best=1 T=1.94 elapsed=5s
it=8800 cur=1 best=1 T=1.94 elapsed=5s
it=9000 cur=1 best=1 T=1.94 elapsed=5s
it=9200 cur=1 best=1 T=1.94 elapsed=5s
it=9400 cur=1 best=1 T=1.94 elapsed=5s
it=9600 cur=1 best=1 T=1.94 elapsed=5s
it=9800 cur=1 best=1 T=1.93 elapsed=5s
it=10000 cur=1 best=1 T=1.93 elapsed=6s
it=10200 cur=1 best=1 T=1.93 elapsed=6s
it=10400 cur=1 best=1 T=1.93 elapsed=6s
it=10600 cur=1 best=1 T=1.93 elapsed=6s
it=10800 cur=1 best=1 T=1.93 elapsed=6s
it=11000 cur=1 best=1 T=1.93 elapsed=6s
it=11200 cur=1 best=1 T=1.93 elapsed=6s
it=11400 cur=1 best=1 T=1.92 elapsed=6s
it=11600 cur=1 best=1 T=1.92 elapsed=6s
it=11800 cur=1 best=1 T=1.92 elapsed=6s
it=12000 cur=1 best=1 T=1.92 elapsed=6s
it=12200 cur=1 best=1 T=1.92 elapsed=7s
it=12400 cur=1 best=1 T=1.92 elapsed=7s
it=12600 cur=1 best=1 T=1.92 elapsed=7s
it=12800 cur=1 best=1 T=1.91 elapsed=7s
it=13000 cur=1 best=1 T=1.91 elapsed=7s
it=13200 cur=1 best=1 T=1.91 elapsed=7s
it=13400 cur=1 best=1 T=1.91 elapsed=7s
it=13600 cur=1 best=1 T=1.91 elapsed=7s
it=13800 cur=1 best=1 T=1.91 elapsed=7s
it=14000 cur=1 best=1 T=1.91 elapsed=7s
it=14200 cur=1 best=1 T=1.91 elapsed=7s
it=14400 cur=1 best=1 T=1.90 elapsed=8s
it=14600 cur=1 best=1 T=1.90 elapsed=8s
it=14800 cur=1 best=1 T=1.90 elapsed=8s
it=15000 cur=1 best=1 T=1.90 elapsed=8s
it=15200 cur=1 best=1 T=1.90 elapsed=8s
it=15400 cur=1 best=1 T=1.90 elapsed=8s
it=15600 cur=1 best=1 T=1.90 elapsed=8s
it=15800 cur=1 best=1 T=1.89 elapsed=8s
it=16000 cur=1 best=1 T=1.89 elapsed=8s
it=16200 cur=1 best=1 T=1.89 elapsed=8s
it=16400 cur=1 best=1 T=1.89 elapsed=8s
it=16600 cur=1 best=1 T=1.89 elapsed=9s
it=16800 cur=1 best=1 T=1.89 elapsed=9s
it=17000 cur=1 best=1 T=1.89 elapsed=9s
it=17200 cur=1 best=1 T=1.89 elapsed=9s
it=17400 cur=1 best=1 T=1.88 elapsed=9s
it=17600 cur=1 best=1 T=1.88 elapsed=9s
it=17800 cur=1 best=1 T=1.88 elapsed=9s
it=18000 cur=1 best=1 T=1.88 elapsed=9s
it=18200 cur=1 best=1 T=1.88 elapsed=9s
it=18400 cur=1 best=1 T=1.88 elapsed=9s
it=18600 cur=1 best=1 T=1.88 elapsed=9s
it=18800 cur=1 best=1 T=1.87 elapsed=9s
it=19000 cur=1 best=1 T=1.87 elapsed=10s
it=19200 cur=1 best=1 T=1.87 elapsed=10s
it=19400 cur=1 best=1 T=1.87 elapsed=10s
it=19600 cur=1 best=1 T=1.87 elapsed=10s
it=19800 cur=1 best=1 T=1.87 elapsed=10s
it=20000 cur=1 best=1 T=1.87 elapsed=10s
it=20200 cur=1 best=1 T=1.87 elapsed=10s
it=20400 cur=1 best=1 T=1.86 elapsed=10s
it=20600 cur=1 best=1 T=1.86 elapsed=10s
it=20800 cur=1 best=1 T=1.86 elapsed=10s
it=21000 cur=1 best=1 T=1.86 elapsed=10s
it=21200 cur=1 best=1 T=1.86 elapsed=10s
it=21400 cur=1 best=1 T=1.86 elapsed=10s
it=21600 cur=1 best=1 T=1.86 elapsed=11s
it=21800 cur=1 best=1 T=1.85 elapsed=11s
it=22000 cur=1 best=1 T=1.85 elapsed=11s
it=22200 cur=1 best=1 T=1.85 elapsed=11s
it=22400 cur=1 best=1 T=1.85 elapsed=11s
it=22600 cur=1 best=1 T=1.85 elapsed=11s
it=22800 cur=1 best=1 T=1.85 elapsed=11s
it=23000 cur=1 best=1 T=1.85 elapsed=11s
it=23200 cur=1 best=1 T=1.85 elapsed=11s
it=23400 cur=1 best=1 T=1.84 elapsed=11s
it=23600 cur=1 best=1 T=1.84 elapsed=12s
it=23800 cur=1 best=1 T=1.84 elapsed=12s
it=24000 cur=1 best=1 T=1.84 elapsed=12s
it=24200 cur=1 best=1 T=1.84 elapsed=12s
it=24400 cur=1 best=1 T=1.84 elapsed=12s
it=24600 cur=1 best=1 T=1.84 elapsed=12s
it=24800 cur=1 best=1 T=1.83 elapsed=12s
it=25000 cur=1 best=1 T=1.83 elapsed=12s
it=25200 cur=1 best=1 T=1.83 elapsed=12s
it=25400 cur=1 best=1 T=1.83 elapsed=12s
it=25600 cur=1 best=1 T=1.83 elapsed=12s
it=25800 cur=1 best=1 T=1.83 elapsed=13s
it=26000 cur=1 best=1 T=1.83 elapsed=13s
it=26200 cur=1 best=1 T=1.83 elapsed=13s
it=26400 cur=1 best=1 T=1.82 elapsed=13s
it=26600 cur=1 best=1 T=1.82 elapsed=13s
it=26800 cur=1 best=1 T=1.82 elapsed=13s
it=27000 cur=1 best=1 T=1.82 elapsed=13s
it=27200 cur=1 best=1 T=1.82 elapsed=13s
it=27400 cur=1 best=1 T=1.82 elapsed=13s
it=27600 cur=1 best=1 T=1.82 elapsed=13s
it=27800 cur=1 best=1 T=1.81 elapsed=13s
it=28000 cur=1 best=1 T=1.81 elapsed=13s
it=28200 cur=1 best=1 T=1.81 elapsed=14s
it=28400 cur=1 best=1 T=1.81 elapsed=14s
it=28600 cur=1 best=1 T=1.81 elapsed=14s
it=28800 cur=1 best=1 T=1.81 elapsed=14s
it=29000 cur=1 best=1 T=1.81 elapsed=14s
it=29200 cur=1 best=1 T=1.81 elapsed=14s
it=29400 cur=1 best=1 T=1.80 elapsed=14s
it=29600 cur=1 best=1 T=1.80 elapsed=14s
it=29800 cur=1 best=1 T=1.80 elapsed=14s
it=30000 cur=1 best=1 T=1.80 elapsed=14s
it=30200 cur=1 best=1 T=1.80 elapsed=14s
it=30400 cur=1 best=1 T=1.80 elapsed=14s
it=30600 cur=1 best=1 T=1.80 elapsed=15s
it=30800 cur=1 best=1 T=1.79 elapsed=15s
it=31000 cur=1 best=1 T=1.79 elapsed=15s
it=31200 cur=1 best=1 T=1.79 elapsed=15s
it=31400 cur=1 best=1 T=1.79 elapsed=15s
it=31600 cur=1 best=1 T=1.79 elapsed=15s
it=31800 cur=1 best=1 T=1.79 elapsed=15s
it=32000 cur=1 best=1 T=1.79 elapsed=15s
it=32200 cur=1 best=1 T=1.79 elapsed=15s
it=32400 cur=1 best=1 T=1.78 elapsed=15s
it=32600 cur=1 best=1 T=1.78 elapsed=15s
it=32800 cur=1 best=1 T=1.78 elapsed=15s
it=33000 cur=1 best=1 T=1.78 elapsed=15s
it=33200 cur=1 best=1 T=1.78 elapsed=16s
it=33400 cur=1 best=1 T=1.78 elapsed=16s
it=33600 cur=1 best=1 T=1.78 elapsed=16s
it=33800 cur=1 best=1 T=1.77 elapsed=16s
it=34000 cur=1 best=1 T=1.77 elapsed=16s
it=34200 cur=1 best=1 T=1.77 elapsed=16s
it=34400 cur=1 best=1 T=1.77 elapsed=16s
it=34600 cur=1 best=1 T=1.77 elapsed=16s
it=34800 cur=1 best=1 T=1.77 elapsed=16s
it=35000 cur=1 best=1 T=1.77 elapsed=17s
it=35200 cur=1 best=1 T=1.77 elapsed=17s
it=35400 cur=1 best=1 T=1.76 elapsed=17s
it=35600 cur=1 best=1 T=1.76 elapsed=17s
it=35800 cur=1 best=1 T=1.76 elapsed=17s
it=36000 cur=1 best=1 T=1.76 elapsed=17s
it=36200 cur=1 best=1 T=1.76 elapsed=17s
it=36400 cur=1 best=1 T=1.76 elapsed=17s
it=36600 cur=1 best=1 T=1.76 elapsed=17s
it=36800 cur=1 best=1 T=1.75 elapsed=17s
it=37000 cur=1 best=1 T=1.75 elapsed=17s
it=37200 cur=1 best=1 T=1.75 elapsed=17s
it=37400 cur=1 best=1 T=1.75 elapsed=18s
it=37600 cur=1 best=1 T=1.75 elapsed=18s
it=37800 cur=1 best=1 T=1.75 elapsed=18s
it=38000 cur=1 best=1 T=1.75 elapsed=18s
it=38200 cur=1 best=1 T=1.75 elapsed=18s
it=38400 cur=1 best=1 T=1.74 elapsed=18s
it=38600 cur=1 best=1 T=1.74 elapsed=18s
it=38800 cur=1 best=1 T=1.74 elapsed=18s
it=39000 cur=1 best=1 T=1.74 elapsed=18s
it=39200 cur=1 best=1 T=1.74 elapsed=18s
it=39400 cur=1 best=1 T=1.74 elapsed=18s
it=39600 cur=1 best=1 T=1.74 elapsed=19s
it=39800 cur=1 best=1 T=1.73 elapsed=19s
it=40000 cur=1 best=1 T=1.73 elapsed=19s
it=40200 cur=1 best=1 T=1.73 elapsed=19s
it=40400 cur=1 best=1 T=1.73 elapsed=19s
it=40600 cur=1 best=1 T=1.73 elapsed=19s
it=40800 cur=1 best=1 T=1.73 elapsed=19s
it=41000 cur=1 best=1 T=1.73 elapsed=19s
it=41200 cur=1 best=1 T=1.73 elapsed=19s
it=41400 cur=1 best=1 T=1.72 elapsed=19s
it=41600 cur=1 best=1 T=1.72 elapsed=19s
it=41800 cur=1 best=1 T=1.72 elapsed=20s
it=42000 cur=1 best=1 T=1.72 elapsed=20s
it=42200 cur=1 best=1 T=1.72 elapsed=20s
it=42400 cur=1 best=1 T=1.72 elapsed=20s
it=42600 cur=1 best=1 T=1.72 elapsed=20s
it=42800 cur=1 best=1 T=1.71 elapsed=20s
it=43000 cur=1 best=1 T=1.71 elapsed=20s
it=43200 cur=1 best=1 T=1.71 elapsed=20s
it=43400 cur=1 best=1 T=1.71 elapsed=20s
it=43600 cur=1 best=1 T=1.71 elapsed=20s
it=43800 cur=1 best=1 T=1.71 elapsed=20s
it=44000 cur=1 best=1 T=1.71 elapsed=21s
it=44200 cur=1 best=1 T=1.71 elapsed=21s
it=44400 cur=1 best=1 T=1.70 elapsed=21s
it=44600 cur=1 best=1 T=1.70 elapsed=21s
it=44800 cur=1 best=1 T=1.70 elapsed=21s
it=45000 cur=1 best=1 T=1.70 elapsed=21s
it=45200 cur=1 best=1 T=1.70 elapsed=21s
it=45400 cur=1 best=1 T=1.70 elapsed=21s
it=45600 cur=1 best=1 T=1.70 elapsed=21s
it=45800 cur=1 best=1 T=1.69 elapsed=21s
it=46000 cur=1 best=1 T=1.69 elapsed=21s
it=46200 cur=1 best=1 T=1.69 elapsed=21s
it=46400 cur=1 best=1 T=1.69 elapsed=22s
it=46600 cur=1 best=1 T=1.69 elapsed=22s
it=46800 cur=1 best=1 T=1.69 elapsed=22s
it=47000 cur=1 best=1 T=1.69 elapsed=22s
it=47200 cur=1 best=1 T=1.69 elapsed=22s
it=47400 cur=1 best=1 T=1.68 elapsed=22s
it=47600 cur=1 best=1 T=1.68 elapsed=22s
it=47800 cur=1 best=1 T=1.68 elapsed=22s
it=48000 cur=1 best=1 T=1.68 elapsed=22s
it=48200 cur=1 best=1 T=1.68 elapsed=22s
it=48400 cur=1 best=1 T=1.68 elapsed=22s
it=48600 cur=1 best=1 T=1.68 elapsed=22s
it=48800 cur=1 best=1 T=1.67 elapsed=23s
it=49000 cur=1 best=1 T=1.67 elapsed=23s
it=49200 cur=1 best=1 T=1.67 elapsed=23s
it=49400 cur=1 best=1 T=1.67 elapsed=23s
it=49600 cur=1 best=1 T=1.67 elapsed=23s
it=49800 cur=1 best=1 T=1.67 elapsed=23s
it=50000 cur=1 best=1 T=1.67 elapsed=23s
it=50200 cur=1 best=1 T=1.67 elapsed=23s
it=50400 cur=1 best=1 T=1.66 elapsed=23s
it=50600 cur=1 best=1 T=1.66 elapsed=23s
it=50800 cur=1 best=1 T=1.66 elapsed=23s
it=51000 cur=1 best=1 T=1.66 elapsed=23s
it=51200 cur=1 best=1 T=1.66 elapsed=24s
it=51400 cur=1 best=1 T=1.66 elapsed=24s
it=51600 cur=1 best=1 T=1.66 elapsed=24s
it=51800 cur=1 best=1 T=1.65 elapsed=24s
it=52000 cur=1 best=1 T=1.65 elapsed=24s
it=52200 cur=1 best=1 T=1.65 elapsed=24s
it=52400 cur=1 best=1 T=1.65 elapsed=24s
it=52600 cur=1 best=1 T=1.65 elapsed=24s
it=52800 cur=1 best=1 T=1.65 elapsed=24s
it=53000 cur=1 best=1 T=1.65 elapsed=24s
it=53200 cur=1 best=1 T=1.65 elapsed=24s
it=53400 cur=1 best=1 T=1.64 elapsed=25s
it=53600 cur=1 best=1 T=1.64 elapsed=25s
it=53800 cur=1 best=1 T=1.64 elapsed=25s
it=54000 cur=1 best=1 T=1.64 elapsed=25s
it=54200 cur=1 best=1 T=1.64 elapsed=25s
it=54400 cur=1 best=1 T=1.64 elapsed=25s
it=54600 cur=1 best=1 T=1.64 elapsed=25s
it=54800 cur=1 best=1 T=1.63 elapsed=25s
it=55000 cur=1 best=1 T=1.63 elapsed=25s
it=55200 cur=1 best=1 T=1.63 elapsed=25s
it=55400 cur=1 best=1 T=1.63 elapsed=25s
it=55600 cur=1 best=1 T=1.63 elapsed=25s
it=55800 cur=1 best=1 T=1.63 elapsed=26s
it=56000 cur=1 best=1 T=1.63 elapsed=26s
it=56200 cur=1 best=1 T=1.63 elapsed=26s
it=56400 cur=1 best=1 T=1.62 elapsed=26s
it=56600 cur=1 best=1 T=1.62 elapsed=26s
it=56800 cur=1 best=1 T=1.62 elapsed=26s
it=57000 cur=1 best=1 T=1.62 elapsed=26s
it=57200 cur=1 best=1 T=1.62 elapsed=26s
it=57400 cur=1 best=1 T=1.62 elapsed=26s
it=57600 cur=1 best=1 T=1.62 elapsed=26s
it=57800 cur=1 best=1 T=1.61 elapsed=26s
it=58000 cur=1 best=1 T=1.61 elapsed=27s
it=58200 cur=1 best=1 T=1.61 elapsed=27s
it=58400 cur=1 best=1 T=1.61 elapsed=27s
it=58600 cur=1 best=1 T=1.61 elapsed=27s
it=58800 cur=1 best=1 T=1.61 elapsed=27s
it=59000 cur=1 best=1 T=1.61 elapsed=27s
it=59200 cur=1 best=1 T=1.61 elapsed=27s
it=59400 cur=1 best=1 T=1.60 elapsed=27s
it=59600 cur=1 best=1 T=1.60 elapsed=27s
it=59800 cur=1 best=1 T=1.60 elapsed=27s
it=60000 cur=1 best=1 T=1.60 elapsed=27s
it=60200 cur=1 best=1 T=1.60 elapsed=27s
it=60400 cur=1 best=1 T=1.60 elapsed=28s
it=60600 cur=1 best=1 T=1.60 elapsed=28s
it=60800 cur=1 best=1 T=1.59 elapsed=28s
it=61000 cur=1 best=1 T=1.59 elapsed=28s
it=61200 cur=1 best=1 T=1.59 elapsed=28s
it=61400 cur=1 best=1 T=1.59 elapsed=28s
it=61600 cur=1 best=1 T=1.59 elapsed=28s
it=61800 cur=1 best=1 T=1.59 elapsed=28s
it=62000 cur=1 best=1 T=1.59 elapsed=28s
it=62200 cur=1 best=1 T=1.59 elapsed=28s
it=62400 cur=1 best=1 T=1.58 elapsed=28s
it=62600 cur=1 best=1 T=1.58 elapsed=28s
it=62800 cur=1 best=1 T=1.58 elapsed=29s
it=63000 cur=1 best=1 T=1.58 elapsed=29s
it=63200 cur=1 best=1 T=1.58 elapsed=29s
it=63400 cur=1 best=1 T=1.58 elapsed=29s
it=63600 cur=1 best=1 T=1.58 elapsed=29s
it=63800 cur=1 best=1 T=1.57 elapsed=29s
it=64000 cur=1 best=1 T=1.57 elapsed=29s
it=64200 cur=1 best=1 T=1.57 elapsed=29s
it=64400 cur=1 best=1 T=1.57 elapsed=29s
it=64600 cur=1 best=1 T=1.57 elapsed=29s
it=64800 cur=1 best=1 T=1.57 elapsed=29s
it=65000 cur=1 best=1 T=1.57 elapsed=29s
it=65200 cur=1 best=1 T=1.57 elapsed=30s
it=65400 cur=1 best=1 T=1.56 elapsed=30s
it=65600 cur=1 best=1 T=1.56 elapsed=30s
it=65800 cur=1 best=1 T=1.56 elapsed=30s
it=66000 cur=1 best=1 T=1.56 elapsed=30s
it=66200 cur=1 best=1 T=1.56 elapsed=30s
it=66400 cur=1 best=1 T=1.56 elapsed=30s
it=66600 cur=1 best=1 T=1.56 elapsed=30s
it=66800 cur=1 best=1 T=1.55 elapsed=30s
it=67000 cur=1 best=1 T=1.55 elapsed=30s
it=67200 cur=1 best=1 T=1.55 elapsed=30s
it=67400 cur=1 best=1 T=1.55 elapsed=31s
it=67600 cur=1 best=1 T=1.55 elapsed=31s
it=67800 cur=1 best=1 T=1.55 elapsed=31s
it=68000 cur=1 best=1 T=1.55 elapsed=31s
it=68200 cur=1 best=1 T=1.55 elapsed=31s
it=68400 cur=1 best=1 T=1.54 elapsed=31s
it=68600 cur=1 best=1 T=1.54 elapsed=31s
it=68800 cur=1 best=1 T=1.54 elapsed=31s
it=69000 cur=1 best=1 T=1.54 elapsed=31s
it=69200 cur=1 best=1 T=1.54 elapsed=31s
it=69400 cur=1 best=1 T=1.54 elapsed=32s
it=69600 cur=1 best=1 T=1.54 elapsed=32s
it=69800 cur=1 best=1 T=1.53 elapsed=32s
it=70000 cur=1 best=1 T=1.53 elapsed=32s
it=70200 cur=1 best=1 T=1.53 elapsed=32s
it=70400 cur=1 best=1 T=1.53 elapsed=32s
it=70600 cur=1 best=1 T=1.53 elapsed=32s
it=70800 cur=1 best=1 T=1.53 elapsed=32s
it=71000 cur=1 best=1 T=1.53 elapsed=32s
it=71200 cur=1 best=1 T=1.53 elapsed=32s
it=71400 cur=1 best=1 T=1.52 elapsed=32s
it=71600 cur=1 best=1 T=1.52 elapsed=33s
it=71800 cur=1 best=1 T=1.52 elapsed=33s
it=72000 cur=1 best=1 T=1.52 elapsed=33s
it=72200 cur=1 best=1 T=1.52 elapsed=33s
it=72400 cur=1 best=1 T=1.52 elapsed=33s
it=72600 cur=1 best=1 T=1.52 elapsed=33s
it=72800 cur=1 best=1 T=1.51 elapsed=33s
it=73000 cur=1 best=1 T=1.51 elapsed=33s
it=73200 cur=1 best=1 T=1.51 elapsed=33s
it=73400 cur=1 best=1 T=1.51 elapsed=33s
it=73600 cur=1 best=1 T=1.51 elapsed=33s
it=73800 cur=1 best=1 T=1.51 elapsed=33s
it=74000 cur=1 best=1 T=1.51 elapsed=34s
it=74200 cur=1 best=1 T=1.51 elapsed=34s
it=74400 cur=1 best=1 T=1.50 elapsed=34s
it=74600 cur=1 best=1 T=1.50 elapsed=34s
it=74800 cur=1 best=1 T=1.50 elapsed=34s
it=75000 cur=1 best=1 T=1.50 elapsed=34s
it=75200 cur=1 best=1 T=1.50 elapsed=34s
it=75400 cur=1 best=1 T=1.50 elapsed=34s
it=75600 cur=1 best=1 T=1.50 elapsed=34s
it=75800 cur=1 best=1 T=1.49 elapsed=34s
it=76000 cur=1 best=1 T=1.49 elapsed=35s
it=76200 cur=1 best=1 T=1.49 elapsed=35s
it=76400 cur=1 best=1 T=1.49 elapsed=35s
it=76600 cur=1 best=1 T=1.49 elapsed=35s
it=76800 cur=1 best=1 T=1.49 elapsed=35s
it=77000 cur=1 best=1 T=1.49 elapsed=35s
it=77200 cur=1 best=1 T=1.49 elapsed=35s
it=77400 cur=1 best=1 T=1.48 elapsed=35s
it=77600 cur=1 best=1 T=1.48 elapsed=35s
it=77800 cur=1 best=1 T=1.48 elapsed=35s
it=78000 cur=1 best=1 T=1.48 elapsed=35s
it=78200 cur=1 best=1 T=1.48 elapsed=36s
it=78400 cur=1 best=1 T=1.48 elapsed=36s
it=78600 cur=1 best=1 T=1.48 elapsed=36s
it=78800 cur=1 best=1 T=1.47 elapsed=36s
it=79000 cur=1 best=1 T=1.47 elapsed=36s
it=79200 cur=1 best=1 T=1.47 elapsed=36s
it=79400 cur=1 best=1 T=1.47 elapsed=36s
it=79600 cur=1 best=1 T=1.47 elapsed=36s
it=79800 cur=1 best=1 T=1.47 elapsed=36s
it=80000 cur=1 best=1 T=1.47 elapsed=36s
it=80200 cur=1 best=1 T=1.47 elapsed=37s
it=80400 cur=1 best=1 T=1.46 elapsed=37s
it=80600 cur=1 best=1 T=1.46 elapsed=37s
it=80800 cur=1 best=1 T=1.46 elapsed=37s
it=81000 cur=1 best=1 T=1.46 elapsed=37s
it=81200 cur=1 best=1 T=1.46 elapsed=37s
it=81400 cur=1 best=1 T=1.46 elapsed=37s
it=81600 cur=1 best=1 T=1.46 elapsed=37s
it=81800 cur=1 best=1 T=1.45 elapsed=37s
it=82000 cur=1 best=1 T=1.45 elapsed=37s
it=82200 cur=1 best=1 T=1.45 elapsed=37s
it=82400 cur=1 best=1 T=1.45 elapsed=37s
it=82600 cur=1 best=1 T=1.45 elapsed=38s
it=82800 cur=1 best=1 T=1.45 elapsed=38s
it=83000 cur=1 best=1 T=1.45 elapsed=38s
it=83200 cur=1 best=1 T=1.45 elapsed=38s
it=83400 cur=1 best=1 T=1.44 elapsed=38s
it=83600 cur=1 best=1 T=1.44 elapsed=38s
it=83800 cur=1 best=1 T=1.44 elapsed=38s
it=84000 cur=1 best=1 T=1.44 elapsed=38s
it=84200 cur=1 best=1 T=1.44 elapsed=38s
it=84400 cur=1 best=1 T=1.44 elapsed=38s
it=84600 cur=1 best=1 T=1.44 elapsed=38s
it=84800 cur=1 best=1 T=1.43 elapsed=38s
it=85000 cur=1 best=1 T=1.43 elapsed=39s
it=85200 cur=1 best=1 T=1.43 elapsed=39s
it=85400 cur=1 best=1 T=1.43 elapsed=39s
it=85600 cur=1 best=1 T=1.43 elapsed=39s
it=85800 cur=1 best=1 T=1.43 elapsed=39s
it=86000 cur=1 best=1 T=1.43 elapsed=39s
it=86200 cur=1 best=1 T=1.43 elapsed=39s
it=86400 cur=1 best=1 T=1.42 elapsed=39s
it=86600 cur=1 best=1 T=1.42 elapsed=39s
it=86800 cur=1 best=1 T=1.42 elapsed=39s
it=87000 cur=1 best=1 T=1.42 elapsed=40s
it=87200 cur=1 best=1 T=1.42 elapsed=40s
it=87400 cur=1 best=1 T=1.42 elapsed=40s
it=87600 cur=1 best=1 T=1.42 elapsed=40s
it=87800 cur=1 best=1 T=1.41 elapsed=40s
it=88000 cur=1 best=1 T=1.41 elapsed=40s
it=88200 cur=1 best=1 T=1.41 elapsed=40s
it=88400 cur=1 best=1 T=1.41 elapsed=40s
it=88600 cur=1 best=1 T=1.41 elapsed=40s
it=88800 cur=1 best=1 T=1.41 elapsed=40s
it=89000 cur=1 best=1 T=1.41 elapsed=40s
it=89200 cur=1 best=1 T=1.41 elapsed=40s
it=89400 cur=1 best=1 T=1.40 elapsed=41s
it=89600 cur=1 best=1 T=1.40 elapsed=41s
it=89800 cur=1 best=1 T=1.40 elapsed=41s
it=90000 cur=1 best=1 T=1.40 elapsed=41s
it=90200 cur=1 best=1 T=1.40 elapsed=41s
it=90400 cur=1 best=1 T=1.40 elapsed=41s
it=90600 cur=1 best=1 T=1.40 elapsed=41s
it=90800 cur=1 best=1 T=1.39 elapsed=41s
it=91000 cur=1 best=1 T=1.39 elapsed=41s
it=91200 cur=1 best=1 T=1.39 elapsed=41s
it=91400 cur=1 best=1 T=1.39 elapsed=42s
it=91600 cur=1 best=1 T=1.39 elapsed=42s
it=91800 cur=1 best=1 T=1.39 elapsed=42s
it=92000 cur=1 best=1 T=1.39 elapsed=42s
it=92200 cur=1 best=1 T=1.39 elapsed=42s
it=92400 cur=1 best=1 T=1.38 elapsed=42s
it=92600 cur=1 best=1 T=1.38 elapsed=42s
it=92800 cur=1 best=1 T=1.38 elapsed=42s
it=93000 cur=1 best=1 T=1.38 elapsed=42s
it=93200 cur=1 best=1 T=1.38 elapsed=42s
it=93400 cur=1 best=1 T=1.38 elapsed=42s
it=93600 cur=1 best=1 T=1.38 elapsed=42s
it=93800 cur=1 best=1 T=1.37 elapsed=42s
it=94000 cur=1 best=1 T=1.37 elapsed=43s
it=94200 cur=1 best=1 T=1.37 elapsed=43s
it=94400 cur=1 best=1 T=1.37 elapsed=43s
it=94600 cur=1 best=1 T=1.37 elapsed=43s
it=94800 cur=1 best=1 T=1.37 elapsed=43s
it=95000 cur=1 best=1 T=1.37 elapsed=43s
it=95200 cur=1 best=1 T=1.37 elapsed=43s
it=95400 cur=1 best=1 T=1.36 elapsed=43s
it=95600 cur=1 best=1 T=1.36 elapsed=43s
it=95800 cur=1 best=1 T=1.36 elapsed=43s
it=96000 cur=1 best=1 T=1.36 elapsed=43s
it=96200 cur=1 best=1 T=1.36 elapsed=43s
it=96400 cur=1 best=1 T=1.36 elapsed=44s
it=96600 cur=1 best=1 T=1.36 elapsed=44s
it=96800 cur=1 best=1 T=1.35 elapsed=44s
it=97000 cur=1 best=1 T=1.35 elapsed=44s
it=97200 cur=1 best=1 T=1.35 elapsed=44s
it=97400 cur=1 best=1 T=1.35 elapsed=44s
it=97600 cur=1 best=1 T=1.35 elapsed=44s
it=97800 cur=1 best=1 T=1.35 elapsed=44s
it=98000 cur=1 best=1 T=1.35 elapsed=44s
it=98200 cur=1 best=1 T=1.35 elapsed=44s
it=98400 cur=1 best=1 T=1.34 elapsed=45s
it=98600 cur=1 best=1 T=1.34 elapsed=45s
it=98800 cur=1 best=1 T=1.34 elapsed=45s
it=99000 cur=1 best=1 T=1.34 elapsed=45s
it=99200 cur=1 best=1 T=1.34 elapsed=45s
it=99400 cur=1 best=1 T=1.34 elapsed=45s
it=99600 cur=1 best=1 T=1.34 elapsed=45s
it=99800 cur=1 best=1 T=1.33 elapsed=45s
it=100000 cur=1 best=1 T=1.33 elapsed=45s
it=100200 cur=1 best=1 T=1.33 elapsed=45s
it=100400 cur=1 best=1 T=1.33 elapsed=46s
it=100600 cur=1 best=1 T=1.33 elapsed=46s
it=100800 cur=1 best=1 T=1.33 elapsed=46s
it=101000 cur=1 best=1 T=1.33 elapsed=46s
it=101200 cur=1 best=1 T=1.33 elapsed=46s
it=101400 cur=1 best=1 T=1.32 elapsed=46s
it=101600 cur=1 best=1 T=1.32 elapsed=46s
it=101800 cur=1 best=1 T=1.32 elapsed=46s
it=102000 cur=1 best=1 T=1.32 elapsed=46s
it=102200 cur=1 best=1 T=1.32 elapsed=46s
it=102400 cur=1 best=1 T=1.32 elapsed=46s
it=102600 cur=1 best=1 T=1.32 elapsed=46s
it=102800 cur=1 best=1 T=1.31 elapsed=46s
it=103000 cur=1 best=1 T=1.31 elapsed=47s
it=103200 cur=1 best=1 T=1.31 elapsed=47s
it=103400 cur=1 best=1 T=1.31 elapsed=47s
it=103600 cur=1 best=1 T=1.31 elapsed=47s
it=103800 cur=1 best=1 T=1.31 elapsed=47s
it=104000 cur=1 best=1 T=1.31 elapsed=47s
it=104200 cur=1 best=1 T=1.31 elapsed=47s
it=104400 cur=1 best=1 T=1.30 elapsed=47s
it=104600 cur=1 best=1 T=1.30 elapsed=47s
it=104800 cur=1 best=1 T=1.30 elapsed=47s
it=105000 cur=1 best=1 T=1.30 elapsed=47s
it=105200 cur=1 best=1 T=1.30 elapsed=47s
it=105400 cur=1 best=1 T=1.30 elapsed=48s
it=105600 cur=1 best=1 T=1.30 elapsed=48s
it=105800 cur=1 best=1 T=1.29 elapsed=48s
it=106000 cur=1 best=1 T=1.29 elapsed=48s
it=106200 cur=1 best=1 T=1.29 elapsed=48s
it=106400 cur=1 best=1 T=1.29 elapsed=48s
it=106600 cur=1 best=1 T=1.29 elapsed=48s
it=106800 cur=1 best=1 T=1.29 elapsed=48s
it=107000 cur=1 best=1 T=1.29 elapsed=48s
it=107200 cur=1 best=1 T=1.29 elapsed=48s
it=107400 cur=1 best=1 T=1.28 elapsed=48s
it=107600 cur=1 best=1 T=1.28 elapsed=48s
it=107800 cur=1 best=1 T=1.28 elapsed=49s
it=108000 cur=1 best=1 T=1.28 elapsed=49s
it=108200 cur=1 best=1 T=1.28 elapsed=49s
it=108400 cur=1 best=1 T=1.28 elapsed=49s
it=108600 cur=1 best=1 T=1.28 elapsed=49s
it=108800 cur=1 best=1 T=1.27 elapsed=49s
it=109000 cur=1 best=1 T=1.27 elapsed=49s
it=109200 cur=1 best=1 T=1.27 elapsed=49s
it=109400 cur=1 best=1 T=1.27 elapsed=49s
it=109600 cur=1 best=1 T=1.27 elapsed=49s
it=109800 cur=1 best=1 T=1.27 elapsed=49s
it=110000 cur=1 best=1 T=1.27 elapsed=49s
it=110200 cur=1 best=1 T=1.27 elapsed=50s
it=110400 cur=1 best=1 T=1.26 elapsed=50s
it=110600 cur=1 best=1 T=1.26 elapsed=50s
it=110800 cur=1 best=1 T=1.26 elapsed=50s
it=111000 cur=1 best=1 T=1.26 elapsed=50s
it=111200 cur=1 best=1 T=1.26 elapsed=50s
it=111400 cur=1 best=1 T=1.26 elapsed=50s
it=111600 cur=1 best=1 T=1.26 elapsed=50s
it=111800 cur=1 best=1 T=1.25 elapsed=50s
it=112000 cur=1 best=1 T=1.25 elapsed=50s
it=112200 cur=1 best=1 T=1.25 elapsed=50s
it=112400 cur=1 best=1 T=1.25 elapsed=51s
it=112600 cur=1 best=1 T=1.25 elapsed=51s
it=112800 cur=1 best=1 T=1.25 elapsed=51s
it=113000 cur=1 best=1 T=1.25 elapsed=51s
it=113200 cur=1 best=1 T=1.25 elapsed=51s
it=113400 cur=1 best=1 T=1.24 elapsed=51s
it=113600 cur=1 best=1 T=1.24 elapsed=51s
it=113800 cur=1 best=1 T=1.24 elapsed=51s
it=114000 cur=1 best=1 T=1.24 elapsed=51s
it=114200 cur=1 best=1 T=1.24 elapsed=51s
it=114400 cur=1 best=1 T=1.24 elapsed=52s
it=114600 cur=1 best=1 T=1.24 elapsed=52s
it=114800 cur=1 best=1 T=1.23 elapsed=52s
it=115000 cur=1 best=1 T=1.23 elapsed=52s
it=115200 cur=1 best=1 T=1.23 elapsed=52s
it=115400 cur=1 best=1 T=1.23 elapsed=52s
it=115600 cur=1 best=1 T=1.23 elapsed=52s
it=115800 cur=1 best=1 T=1.23 elapsed=52s
it=116000 cur=1 best=1 T=1.23 elapsed=52s
it=116200 cur=1 best=1 T=1.23 elapsed=52s
it=116400 cur=1 best=1 T=1.22 elapsed=52s
it=116600 cur=1 best=1 T=1.22 elapsed=53s
it=116800 cur=1 best=1 T=1.22 elapsed=53s
it=117000 cur=1 best=1 T=1.22 elapsed=53s
it=117200 cur=1 best=1 T=1.22 elapsed=53s
it=117400 cur=1 best=1 T=1.22 elapsed=53s
it=117600 cur=1 best=1 T=1.22 elapsed=53s
it=117800 cur=1 best=1 T=1.21 elapsed=53s
it=118000 cur=1 best=1 T=1.21 elapsed=53s
it=118200 cur=1 best=1 T=1.21 elapsed=53s
it=118400 cur=1 best=1 T=1.21 elapsed=53s
it=118600 cur=1 best=1 T=1.21 elapsed=53s
it=118800 cur=1 best=1 T=1.21 elapsed=53s
it=119000 cur=1 best=1 T=1.21 elapsed=53s
it=119200 cur=1 best=1 T=1.21 elapsed=54s
it=119400 cur=1 best=1 T=1.20 elapsed=54s
it=119600 cur=1 best=1 T=1.20 elapsed=54s
it=119800 cur=1 best=1 T=1.20 elapsed=54s
it=120000 cur=1 best=1 T=1.20 elapsed=54s
it=120200 cur=1 best=1 T=1.20 elapsed=54s
it=120400 cur=1 best=1 T=1.20 elapsed=54s
it=120600 cur=1 best=1 T=1.20 elapsed=54s
it=120800 cur=1 best=1 T=1.19 elapsed=54s
it=121000 cur=1 best=1 T=1.19 elapsed=54s
it=121200 cur=1 best=1 T=1.19 elapsed=54s
it=121400 cur=1 best=1 T=1.19 elapsed=54s
it=121600 cur=1 best=1 T=1.19 elapsed=54s
it=121800 cur=1 best=1 T=1.19 elapsed=55s
it=122000 cur=1 best=1 T=1.19 elapsed=55s
it=122200 cur=1 best=1 T=1.19 elapsed=55s
it=122400 cur=1 best=1 T=1.18 elapsed=55s
it=122600 cur=1 best=1 T=1.18 elapsed=55s
it=122800 cur=1 best=1 T=1.18 elapsed=55s
it=123000 cur=1 best=1 T=1.18 elapsed=55s
it=123200 cur=1 best=1 T=1.18 elapsed=55s
it=123400 cur=1 best=1 T=1.18 elapsed=55s
it=123600 cur=1 best=1 T=1.18 elapsed=55s
it=123800 cur=1 best=1 T=1.17 elapsed=55s
it=124000 cur=1 best=1 T=1.17 elapsed=55s
it=124200 cur=1 best=1 T=1.17 elapsed=56s
it=124400 cur=1 best=1 T=1.17 elapsed=56s
it=124600 cur=1 best=1 T=1.17 elapsed=56s
it=124800 cur=1 best=1 T=1.17 elapsed=56s
it=125000 cur=1 best=1 T=1.17 elapsed=56s
it=125200 cur=1 best=1 T=1.17 elapsed=56s
it=125400 cur=1 best=1 T=1.16 elapsed=56s
it=125600 cur=1 best=1 T=1.16 elapsed=56s
it=125800 cur=1 best=1 T=1.16 elapsed=56s
it=126000 cur=1 best=1 T=1.16 elapsed=56s
it=126200 cur=1 best=1 T=1.16 elapsed=56s
it=126400 cur=1 best=1 T=1.16 elapsed=57s
it=126600 cur=1 best=1 T=1.16 elapsed=57s
it=126800 cur=1 best=1 T=1.15 elapsed=57s
it=127000 cur=1 best=1 T=1.15 elapsed=57s
it=127200 cur=1 best=1 T=1.15 elapsed=57s
it=127400 cur=1 best=1 T=1.15 elapsed=57s
it=127600 cur=1 best=1 T=1.15 elapsed=57s
it=127800 cur=1 best=1 T=1.15 elapsed=57s
it=128000 cur=1 best=1 T=1.15 elapsed=57s
it=128200 cur=1 best=1 T=1.15 elapsed=57s
it=128400 cur=1 best=1 T=1.14 elapsed=58s
it=128600 cur=1 best=1 T=1.14 elapsed=58s
it=128800 cur=1 best=1 T=1.14 elapsed=58s
it=129000 cur=1 best=1 T=1.14 elapsed=58s
it=129200 cur=1 best=1 T=1.14 elapsed=58s
it=129400 cur=1 best=1 T=1.14 elapsed=58s
it=129600 cur=1 best=1 T=1.14 elapsed=58s
it=129800 cur=1 best=1 T=1.13 elapsed=58s
it=130000 cur=1 best=1 T=1.13 elapsed=58s
it=130200 cur=1 best=1 T=1.13 elapsed=58s
it=130400 cur=1 best=1 T=1.13 elapsed=58s
it=130600 cur=1 best=1 T=1.13 elapsed=58s
it=130800 cur=1 best=1 T=1.13 elapsed=59s
it=131000 cur=1 best=1 T=1.13 elapsed=59s
it=131200 cur=1 best=1 T=1.13 elapsed=59s
it=131400 cur=1 best=1 T=1.12 elapsed=59s
it=131600 cur=1 best=1 T=1.12 elapsed=59s
it=131800 cur=1 best=1 T=1.12 elapsed=59s
it=132000 cur=1 best=1 T=1.12 elapsed=59s
it=132200 cur=1 best=1 T=1.12 elapsed=59s
it=132400 cur=1 best=1 T=1.12 elapsed=59s
it=132600 cur=1 best=1 T=1.12 elapsed=59s
it=132800 cur=1 best=1 T=1.11 elapsed=59s
it=133000 cur=1 best=1 T=1.11 elapsed=59s
it=133200 cur=1 best=1 T=1.11 elapsed=60s
it=133400 cur=1 best=1 T=1.11 elapsed=60s
it=133600 cur=1 best=1 T=1.11 elapsed=60s
it=133800 cur=1 best=1 T=1.11 elapsed=60s
it=134000 cur=1 best=1 T=1.11 elapsed=60s
it=134200 cur=1 best=1 T=1.11 elapsed=60s
it=134400 cur=1 best=1 T=1.10 elapsed=60s
it=134600 cur=1 best=1 T=1.10 elapsed=60s
it=134800 cur=1 best=1 T=1.10 elapsed=60s
it=135000 cur=1 best=1 T=1.10 elapsed=60s
it=135200 cur=1 best=1 T=1.10 elapsed=60s
it=135400 cur=1 best=1 T=1.10 elapsed=61s
it=135600 cur=1 best=1 T=1.10 elapsed=61s
it=135800 cur=1 best=1 T=1.09 elapsed=61s
it=136000 cur=1 best=1 T=1.09 elapsed=61s
it=136200 cur=1 best=1 T=1.09 elapsed=61s
it=136400 cur=1 best=1 T=1.09 elapsed=61s
it=136600 cur=1 best=1 T=1.09 elapsed=61s
it=136800 cur=1 best=1 T=1.09 elapsed=61s
it=137000 cur=1 best=1 T=1.09 elapsed=61s
it=137200 cur=1 best=1 T=1.09 elapsed=61s
it=137400 cur=1 best=1 T=1.08 elapsed=61s
it=137600 cur=1 best=1 T=1.08 elapsed=61s
it=137800 cur=1 best=1 T=1.08 elapsed=61s
it=138000 cur=1 best=1 T=1.08 elapsed=62s
it=138200 cur=1 best=1 T=1.08 elapsed=62s
it=138400 cur=1 best=1 T=1.08 elapsed=62s
it=138600 cur=1 best=1 T=1.08 elapsed=62s
it=138800 cur=1 best=1 T=1.07 elapsed=62s
it=139000 cur=1 best=1 T=1.07 elapsed=62s
it=139200 cur=1 best=1 T=1.07 elapsed=62s
it=139400 cur=1 best=1 T=1.07 elapsed=62s
it=139600 cur=1 best=1 T=1.07 elapsed=62s
it=139800 cur=1 best=1 T=1.07 elapsed=62s
it=140000 cur=1 best=1 T=1.07 elapsed=63s
it=140200 cur=1 best=1 T=1.07 elapsed=63s
it=140400 cur=1 best=1 T=1.06 elapsed=63s
it=140600 cur=1 best=1 T=1.06 elapsed=63s
it=140800 cur=1 best=1 T=1.06 elapsed=63s
it=141000 cur=1 best=1 T=1.06 elapsed=63s
it=141200 cur=1 best=1 T=1.06 elapsed=63s
it=141400 cur=1 best=1 T=1.06 elapsed=63s
it=141600 cur=1 best=1 T=1.06 elapsed=63s
it=141800 cur=1 best=1 T=1.05 elapsed=63s
it=142000 cur=1 best=1 T=1.05 elapsed=63s
it=142200 cur=1 best=1 T=1.05 elapsed=64s
it=142400 cur=1 best=1 T=1.05 elapsed=64s
it=142600 cur=1 best=1 T=1.05 elapsed=64s
it=142800 cur=1 best=1 T=1.05 elapsed=64s
it=143000 cur=1 best=1 T=1.05 elapsed=64s
it=143200 cur=1 best=1 T=1.05 elapsed=64s
it=143400 cur=1 best=1 T=1.04 elapsed=64s
it=143600 cur=1 best=1 T=1.04 elapsed=64s
it=143800 cur=1 best=1 T=1.04 elapsed=64s
it=144000 cur=1 best=1 T=1.04 elapsed=64s
it=144200 cur=1 best=1 T=1.04 elapsed=64s
it=144400 cur=1 best=1 T=1.04 elapsed=65s
it=144600 cur=1 best=1 T=1.04 elapsed=65s
it=144800 cur=1 best=1 T=1.03 elapsed=65s
it=145000 cur=1 best=1 T=1.03 elapsed=65s
it=145200 cur=1 best=1 T=1.03 elapsed=65s
it=145400 cur=1 best=1 T=1.03 elapsed=65s
it=145600 cur=1 best=1 T=1.03 elapsed=65s
it=145800 cur=1 best=1 T=1.03 elapsed=65s
it=146000 cur=1 best=1 T=1.03 elapsed=65s
it=146200 cur=1 best=1 T=1.03 elapsed=65s
it=146400 cur=1 best=1 T=1.02 elapsed=65s
it=146600 cur=1 best=1 T=1.02 elapsed=65s
it=146800 cur=1 best=1 T=1.02 elapsed=66s
it=147000 cur=1 best=1 T=1.02 elapsed=66s
it=147200 cur=1 best=1 T=1.02 elapsed=66s
it=147400 cur=1 best=1 T=1.02 elapsed=66s
it=147600 cur=1 best=1 T=1.02 elapsed=66s
it=147800 cur=1 best=1 T=1.01 elapsed=66s
it=148000 cur=1 best=1 T=1.01 elapsed=66s
it=148200 cur=1 best=1 T=1.01 elapsed=66s
it=148400 cur=1 best=1 T=1.01 elapsed=66s
it=148600 cur=1 best=1 T=1.01 elapsed=66s
it=148800 cur=1 best=1 T=1.01 elapsed=66s
it=149000 cur=1 best=1 T=1.01 elapsed=66s
it=149200 cur=1 best=1 T=1.01 elapsed=67s
it=149400 cur=1 best=1 T=1.00 elapsed=67s
it=149600 cur=1 best=1 T=1.00 elapsed=67s
it=149800 cur=1 best=1 T=1.00 elapsed=67s
it=150000 cur=1 best=1 T=1.00 elapsed=67s
it=150200 cur=1 best=1 T=1.00 elapsed=67s
it=150400 cur=1 best=1 T=1.00 elapsed=67s
it=150600 cur=1 best=1 T=1.00 elapsed=67s
it=150800 cur=1 best=1 T=0.99 elapsed=67s
it=151000 cur=1 best=1 T=0.99 elapsed=67s
it=151200 cur=1 best=1 T=0.99 elapsed=67s
it=151400 cur=1 best=1 T=0.99 elapsed=68s
it=151600 cur=1 best=1 T=0.99 elapsed=68s
it=151800 cur=1 best=1 T=0.99 elapsed=68s
it=152000 cur=1 best=1 T=0.99 elapsed=68s
it=152200 cur=1 best=1 T=0.99 elapsed=68s
it=152400 cur=1 best=1 T=0.98 elapsed=68s
it=152600 cur=1 best=1 T=0.98 elapsed=68s
it=152800 cur=1 best=1 T=0.98 elapsed=68s
it=153000 cur=1 best=1 T=0.98 elapsed=68s
it=153200 cur=1 best=1 T=0.98 elapsed=68s
it=153400 cur=1 best=1 T=0.98 elapsed=69s
it=153600 cur=1 best=1 T=0.98 elapsed=69s
it=153800 cur=1 best=1 T=0.97 elapsed=69s
it=154000 cur=1 best=1 T=0.97 elapsed=69s
it=154200 cur=1 best=1 T=0.97 elapsed=69s
it=154400 cur=1 best=1 T=0.97 elapsed=69s
it=154600 cur=1 best=1 T=0.97 elapsed=69s
it=154800 cur=1 best=1 T=0.97 elapsed=69s
it=155000 cur=1 best=1 T=0.97 elapsed=69s
it=155200 cur=1 best=1 T=0.97 elapsed=69s
it=155400 cur=1 best=1 T=0.96 elapsed=70s
it=155600 cur=1 best=1 T=0.96 elapsed=70s
it=155800 cur=1 best=1 T=0.96 elapsed=70s
it=156000 cur=1 best=1 T=0.96 elapsed=70s
it=156200 cur=1 best=1 T=0.96 elapsed=70s
it=156400 cur=1 best=1 T=0.96 elapsed=70s
it=156600 cur=1 best=1 T=0.96 elapsed=70s
it=156800 cur=1 best=1 T=0.95 elapsed=70s
it=157000 cur=1 best=1 T=0.95 elapsed=70s
it=157200 cur=1 best=1 T=0.95 elapsed=70s
it=157400 cur=1 best=1 T=0.95 elapsed=70s
it=157600 cur=1 best=1 T=0.95 elapsed=70s
it=157800 cur=1 best=1 T=0.95 elapsed=70s
it=158000 cur=1 best=1 T=0.95 elapsed=71s
it=158200 cur=1 best=1 T=0.95 elapsed=71s
it=158400 cur=1 best=1 T=0.94 elapsed=71s
it=158600 cur=1 best=1 T=0.94 elapsed=71s
it=158800 cur=1 best=1 T=0.94 elapsed=71s
it=159000 cur=1 best=1 T=0.94 elapsed=71s
it=159200 cur=1 best=1 T=0.94 elapsed=71s
it=159400 cur=1 best=1 T=0.94 elapsed=71s
it=159600 cur=1 best=1 T=0.94 elapsed=71s
it=159800 cur=1 best=1 T=0.93 elapsed=71s
it=160000 cur=1 best=1 T=0.93 elapsed=71s
it=160200 cur=1 best=1 T=0.93 elapsed=71s
it=160400 cur=1 best=1 T=0.93 elapsed=71s
it=160600 cur=1 best=1 T=0.93 elapsed=72s
it=160800 cur=1 best=1 T=0.93 elapsed=72s
it=161000 cur=1 best=1 T=0.93 elapsed=72s
it=161200 cur=1 best=1 T=0.93 elapsed=72s
it=161400 cur=1 best=1 T=0.92 elapsed=72s
it=161600 cur=1 best=1 T=0.92 elapsed=72s
it=161800 cur=1 best=1 T=0.92 elapsed=72s
it=162000 cur=1 best=1 T=0.92 elapsed=72s
it=162200 cur=1 best=1 T=0.92 elapsed=72s
it=162400 cur=1 best=1 T=0.92 elapsed=72s
it=162600 cur=1 best=1 T=0.92 elapsed=72s
it=162800 cur=1 best=1 T=0.91 elapsed=73s
it=163000 cur=1 best=1 T=0.91 elapsed=73s
it=163200 cur=1 best=1 T=0.91 elapsed=73s
it=163400 cur=1 best=1 T=0.91 elapsed=73s
it=163600 cur=1 best=1 T=0.91 elapsed=73s
it=163800 cur=1 best=1 T=0.91 elapsed=73s
it=164000 cur=1 best=1 T=0.91 elapsed=73s
it=164200 cur=1 best=1 T=0.91 elapsed=73s
it=164400 cur=1 best=1 T=0.90 elapsed=73s
it=164600 cur=1 best=1 T=0.90 elapsed=73s
it=164800 cur=1 best=1 T=0.90 elapsed=74s
it=165000 cur=1 best=1 T=0.90 elapsed=74s
it=165200 cur=1 best=1 T=0.90 elapsed=74s
it=165400 cur=1 best=1 T=0.90 elapsed=74s
it=165600 cur=1 best=1 T=0.90 elapsed=74s
it=165800 cur=1 best=1 T=0.89 elapsed=74s
it=166000 cur=1 best=1 T=0.89 elapsed=74s
it=166200 cur=1 best=1 T=0.89 elapsed=74s
it=166400 cur=1 best=1 T=0.89 elapsed=74s
it=166600 cur=1 best=1 T=0.89 elapsed=74s
it=166800 cur=1 best=1 T=0.89 elapsed=74s
it=167000 cur=1 best=1 T=0.89 elapsed=75s
it=167200 cur=1 best=1 T=0.89 elapsed=75s
it=167400 cur=1 best=1 T=0.88 elapsed=75s
it=167600 cur=1 best=1 T=0.88 elapsed=75s
it=167800 cur=1 best=1 T=0.88 elapsed=75s
it=168000 cur=1 best=1 T=0.88 elapsed=75s
it=168200 cur=1 best=1 T=0.88 elapsed=75s
it=168400 cur=1 best=1 T=0.88 elapsed=75s
it=168600 cur=1 best=1 T=0.88 elapsed=75s
it=168800 cur=1 best=1 T=0.87 elapsed=76s
it=169000 cur=1 best=1 T=0.87 elapsed=76s
it=169200 cur=1 best=1 T=0.87 elapsed=76s
it=169400 cur=1 best=1 T=0.87 elapsed=76s
it=169600 cur=1 best=1 T=0.87 elapsed=76s
it=169800 cur=1 best=1 T=0.87 elapsed=76s
it=170000 cur=1 best=1 T=0.87 elapsed=76s
it=170200 cur=1 best=1 T=0.87 elapsed=76s
it=170400 cur=1 best=1 T=0.86 elapsed=76s
it=170600 cur=1 best=1 T=0.86 elapsed=76s
it=170800 cur=1 best=1 T=0.86 elapsed=76s
it=171000 cur=1 best=1 T=0.86 elapsed=77s
it=171200 cur=1 best=1 T=0.86 elapsed=77s
it=171400 cur=1 best=1 T=0.86 elapsed=77s
it=171600 cur=1 best=1 T=0.86 elapsed=77s
it=171800 cur=1 best=1 T=0.85 elapsed=77s
it=172000 cur=1 best=1 T=0.85 elapsed=77s
it=172200 cur=1 best=1 T=0.85 elapsed=77s
it=172400 cur=1 best=1 T=0.85 elapsed=77s
it=172600 cur=1 best=1 T=0.85 elapsed=77s
it=172800 cur=1 best=1 T=0.85 elapsed=77s
it=173000 cur=1 best=1 T=0.85 elapsed=77s
it=173200 cur=1 best=1 T=0.85 elapsed=77s
it=173400 cur=1 best=1 T=0.84 elapsed=78s
it=173600 cur=1 best=1 T=0.84 elapsed=78s
it=173800 cur=1 best=1 T=0.84 elapsed=78s
it=174000 cur=1 best=1 T=0.84 elapsed=78s
it=174200 cur=1 best=1 T=0.84 elapsed=78s
it=174400 cur=1 best=1 T=0.84 elapsed=78s
it=174600 cur=1 best=1 T=0.84 elapsed=78s
it=174800 cur=1 best=1 T=0.83 elapsed=78s
it=175000 cur=1 best=1 T=0.83 elapsed=78s
it=175200 cur=1 best=1 T=0.83 elapsed=78s
it=175400 cur=1 best=1 T=0.83 elapsed=78s
it=175600 cur=1 best=1 T=0.83 elapsed=79s
it=175800 cur=1 best=1 T=0.83 elapsed=79s
it=176000 cur=1 best=1 T=0.83 elapsed=79s
it=176200 cur=1 best=1 T=0.83 elapsed=79s
it=176400 cur=1 best=1 T=0.82 elapsed=79s
it=176600 cur=1 best=1 T=0.82 elapsed=79s
it=176800 cur=1 best=1 T=0.82 elapsed=79s
it=177000 cur=1 best=1 T=0.82 elapsed=79s
it=177200 cur=1 best=1 T=0.82 elapsed=79s
it=177400 cur=1 best=1 T=0.82 elapsed=79s
it=177600 cur=1 best=1 T=0.82 elapsed=79s
it=177800 cur=1 best=1 T=0.81 elapsed=80s
it=178000 cur=1 best=1 T=0.81 elapsed=80s
it=178200 cur=1 best=1 T=0.81 elapsed=80s
it=178400 cur=1 best=1 T=0.81 elapsed=80s
it=178600 cur=1 best=1 T=0.81 elapsed=80s
it=178800 cur=1 best=1 T=0.81 elapsed=80s
it=179000 cur=1 best=1 T=0.81 elapsed=80s
it=179200 cur=1 best=1 T=0.81 elapsed=80s
it=179400 cur=1 best=1 T=0.80 elapsed=80s
it=179600 cur=1 best=1 T=0.80 elapsed=80s
it=179800 cur=1 best=1 T=0.80 elapsed=80s
it=180000 cur=1 best=1 T=0.80 elapsed=81s
it=180200 cur=1 best=1 T=0.80 elapsed=81s
it=180400 cur=1 best=1 T=0.80 elapsed=81s
it=180600 cur=1 best=1 T=0.80 elapsed=81s
it=180800 cur=1 best=1 T=0.79 elapsed=81s
it=181000 cur=1 best=1 T=0.79 elapsed=81s
it=181200 cur=1 best=1 T=0.79 elapsed=81s
it=181400 cur=1 best=1 T=0.79 elapsed=81s
it=181600 cur=1 best=1 T=0.79 elapsed=81s
it=181800 cur=1 best=1 T=0.79 elapsed=81s
it=182000 cur=1 best=1 T=0.79 elapsed=81s
it=182200 cur=1 best=1 T=0.79 elapsed=82s
it=182400 cur=1 best=1 T=0.78 elapsed=82s
it=182600 cur=1 best=1 T=0.78 elapsed=82s
it=182800 cur=1 best=1 T=0.78 elapsed=82s
it=183000 cur=1 best=1 T=0.78 elapsed=82s
it=183200 cur=1 best=1 T=0.78 elapsed=82s
it=183400 cur=1 best=1 T=0.78 elapsed=82s
it=183600 cur=1 best=1 T=0.78 elapsed=82s
it=183800 cur=1 best=1 T=0.77 elapsed=82s
it=184000 cur=1 best=1 T=0.77 elapsed=82s
it=184200 cur=1 best=1 T=0.77 elapsed=82s
it=184400 cur=1 best=1 T=0.77 elapsed=83s
it=184600 cur=1 best=1 T=0.77 elapsed=83s
it=184800 cur=1 best=1 T=0.77 elapsed=83s
it=185000 cur=1 best=1 T=0.77 elapsed=83s
it=185200 cur=1 best=1 T=0.77 elapsed=83s
it=185400 cur=1 best=1 T=0.76 elapsed=83s
it=185600 cur=1 best=1 T=0.76 elapsed=83s
it=185800 cur=1 best=1 T=0.76 elapsed=83s
it=186000 cur=1 best=1 T=0.76 elapsed=83s
it=186200 cur=1 best=1 T=0.76 elapsed=83s
it=186400 cur=1 best=1 T=0.76 elapsed=83s
it=186600 cur=1 best=1 T=0.76 elapsed=84s
it=186800 cur=1 best=1 T=0.75 elapsed=84s
it=187000 cur=1 best=1 T=0.75 elapsed=84s
it=187200 cur=1 best=1 T=0.75 elapsed=84s
it=187400 cur=1 best=1 T=0.75 elapsed=84s
it=187600 cur=1 best=1 T=0.75 elapsed=84s
it=187800 cur=1 best=1 T=0.75 elapsed=84s
it=188000 cur=1 best=1 T=0.75 elapsed=84s
it=188200 cur=1 best=1 T=0.75 elapsed=84s
it=188400 cur=1 best=1 T=0.74 elapsed=84s
it=188600 cur=1 best=1 T=0.74 elapsed=84s
it=188800 cur=1 best=1 T=0.74 elapsed=85s
it=189000 cur=1 best=1 T=0.74 elapsed=85s
it=189200 cur=1 best=1 T=0.74 elapsed=85s
it=189400 cur=1 best=1 T=0.74 elapsed=85s
it=189600 cur=1 best=1 T=0.74 elapsed=85s
it=189800 cur=1 best=1 T=0.73 elapsed=85s
it=190000 cur=1 best=1 T=0.73 elapsed=85s
it=190200 cur=1 best=1 T=0.73 elapsed=85s
it=190400 cur=1 best=1 T=0.73 elapsed=85s
it=190600 cur=1 best=1 T=0.73 elapsed=85s
it=190800 cur=1 best=1 T=0.73 elapsed=85s
it=191000 cur=1 best=1 T=0.73 elapsed=86s
it=191200 cur=1 best=1 T=0.73 elapsed=86s
it=191400 cur=1 best=1 T=0.72 elapsed=86s
it=191600 cur=1 best=1 T=0.72 elapsed=86s
it=191800 cur=1 best=1 T=0.72 elapsed=86s
it=192000 cur=1 best=1 T=0.72 elapsed=86s
it=192200 cur=1 best=1 T=0.72 elapsed=86s
it=192400 cur=1 best=1 T=0.72 elapsed=86s
it=192600 cur=1 best=1 T=0.72 elapsed=86s
it=192800 cur=1 best=1 T=0.71 elapsed=86s
it=193000 cur=1 best=1 T=0.71 elapsed=86s
it=193200 cur=1 best=1 T=0.71 elapsed=87s
it=193400 cur=1 best=1 T=0.71 elapsed=87s
it=193600 cur=1 best=1 T=0.71 elapsed=87s
it=193800 cur=1 best=1 T=0.71 elapsed=87s
it=194000 cur=1 best=1 T=0.71 elapsed=87s
it=194200 cur=1 best=1 T=0.71 elapsed=87s
it=194400 cur=1 best=1 T=0.70 elapsed=87s
it=194600 cur=1 best=1 T=0.70 elapsed=87s
it=194800 cur=1 best=1 T=0.70 elapsed=87s
it=195000 cur=1 best=1 T=0.70 elapsed=87s
it=195200 cur=1 best=1 T=0.70 elapsed=87s
it=195400 cur=1 best=1 T=0.70 elapsed=88s
it=195600 cur=1 best=1 T=0.70 elapsed=88s
it=195800 cur=1 best=1 T=0.69 elapsed=88s
it=196000 cur=1 best=1 T=0.69 elapsed=88s
it=196200 cur=1 best=1 T=0.69 elapsed=88s
it=196400 cur=1 best=1 T=0.69 elapsed=88s
it=196600 cur=1 best=1 T=0.69 elapsed=88s
it=196800 cur=1 best=1 T=0.69 elapsed=88s
it=197000 cur=1 best=1 T=0.69 elapsed=88s
it=197200 cur=1 best=1 T=0.69 elapsed=88s
it=197400 cur=1 best=1 T=0.68 elapsed=89s
it=197600 cur=1 best=1 T=0.68 elapsed=89s
it=197800 cur=1 best=1 T=0.68 elapsed=89s
it=198000 cur=1 best=1 T=0.68 elapsed=89s
it=198200 cur=1 best=1 T=0.68 elapsed=89s
it=198400 cur=1 best=1 T=0.68 elapsed=89s
it=198600 cur=1 best=1 T=0.68 elapsed=89s
it=198800 cur=1 best=1 T=0.67 elapsed=89s
it=199000 cur=1 best=1 T=0.67 elapsed=89s
it=199200 cur=1 best=1 T=0.67 elapsed=89s
it=199400 cur=1 best=1 T=0.67 elapsed=90s
it=199600 cur=1 best=1 T=0.67 elapsed=90s
it=199800 cur=1 best=1 T=0.67 elapsed=90s
it=200000 cur=1 best=1 T=0.67 elapsed=90s
it=200200 cur=1 best=1 T=0.67 elapsed=90s
it=200400 cur=1 best=1 T=0.66 elapsed=90s
it=200600 cur=1 best=1 T=0.66 elapsed=90s
it=200800 cur=1 best=1 T=0.66 elapsed=90s
it=201000 cur=1 best=1 T=0.66 elapsed=90s
it=201200 cur=1 best=1 T=0.66 elapsed=90s
it=201400 cur=1 best=1 T=0.66 elapsed=91s
it=201600 cur=1 best=1 T=0.66 elapsed=91s
it=201800 cur=1 best=1 T=0.65 elapsed=91s
it=202000 cur=1 best=1 T=0.65 elapsed=91s
it=202200 cur=1 best=1 T=0.65 elapsed=91s
it=202400 cur=1 best=1 T=0.65 elapsed=91s
it=202600 cur=1 best=1 T=0.65 elapsed=91s
it=202800 cur=1 best=1 T=0.65 elapsed=91s
it=203000 cur=1 best=1 T=0.65 elapsed=91s
it=203200 cur=1 best=1 T=0.65 elapsed=91s
it=203400 cur=1 best=1 T=0.64 elapsed=91s
it=203600 cur=1 best=1 T=0.64 elapsed=92s
it=203800 cur=1 best=1 T=0.64 elapsed=92s
it=204000 cur=1 best=1 T=0.64 elapsed=92s
it=204200 cur=1 best=1 T=0.64 elapsed=92s
it=204400 cur=1 best=1 T=0.64 elapsed=92s
it=204600 cur=1 best=1 T=0.64 elapsed=92s
it=204800 cur=1 best=1 T=0.63 elapsed=92s
it=205000 cur=1 best=1 T=0.63 elapsed=92s
it=205200 cur=1 best=1 T=0.63 elapsed=92s
it=205400 cur=1 best=1 T=0.63 elapsed=92s
it=205600 cur=1 best=1 T=0.63 elapsed=93s
it=205800 cur=1 best=1 T=0.63 elapsed=93s
it=206000 cur=1 best=1 T=0.63 elapsed=93s
it=206200 cur=1 best=1 T=0.63 elapsed=93s
it=206400 cur=1 best=1 T=0.62 elapsed=93s
it=206600 cur=1 best=1 T=0.62 elapsed=93s
it=206800 cur=1 best=1 T=0.62 elapsed=93s
it=207000 cur=1 best=1 T=0.62 elapsed=93s
it=207200 cur=1 best=1 T=0.62 elapsed=93s
it=207400 cur=1 best=1 T=0.62 elapsed=93s
it=207600 cur=1 best=1 T=0.62 elapsed=93s
it=207800 cur=1 best=1 T=0.61 elapsed=93s
it=208000 cur=1 best=1 T=0.61 elapsed=93s
it=208200 cur=1 best=1 T=0.61 elapsed=93s
it=208400 cur=1 best=1 T=0.61 elapsed=93s
it=208600 cur=1 best=1 T=0.61 elapsed=94s
it=208800 cur=1 best=1 T=0.61 elapsed=94s
it=209000 cur=1 best=1 T=0.61 elapsed=94s
it=209200 cur=1 best=1 T=0.61 elapsed=94s
it=209400 cur=1 best=1 T=0.60 elapsed=94s
it=209600 cur=1 best=1 T=0.60 elapsed=94s
it=209800 cur=1 best=1 T=0.60 elapsed=94s
it=210000 cur=1 best=1 T=0.60 elapsed=94s
it=210200 cur=1 best=1 T=0.60 elapsed=94s
it=210400 cur=1 best=1 T=0.60 elapsed=94s
it=210600 cur=1 best=1 T=0.60 elapsed=94s
it=210800 cur=1 best=1 T=0.59 elapsed=95s
it=211000 cur=1 best=1 T=0.59 elapsed=95s
it=211200 cur=1 best=1 T=0.59 elapsed=95s
it=211400 cur=1 best=1 T=0.59 elapsed=95s
it=211600 cur=1 best=1 T=0.59 elapsed=95s
it=211800 cur=1 best=1 T=0.59 elapsed=95s
it=212000 cur=1 best=1 T=0.59 elapsed=95s
it=212200 cur=1 best=1 T=0.59 elapsed=95s
it=212400 cur=1 best=1 T=0.58 elapsed=95s
it=212600 cur=1 best=1 T=0.58 elapsed=95s
it=212800 cur=1 best=1 T=0.58 elapsed=95s
it=213000 cur=1 best=1 T=0.58 elapsed=96s
it=213200 cur=1 best=1 T=0.58 elapsed=96s
it=213400 cur=1 best=1 T=0.58 elapsed=96s
it=213600 cur=1 best=1 T=0.58 elapsed=96s
it=213800 cur=1 best=1 T=0.57 elapsed=96s
it=214000 cur=1 best=1 T=0.57 elapsed=96s
it=214200 cur=1 best=1 T=0.57 elapsed=96s
it=214400 cur=1 best=1 T=0.57 elapsed=96s
it=214600 cur=1 best=1 T=0.57 elapsed=96s
it=214800 cur=1 best=1 T=0.57 elapsed=96s
it=215000 cur=1 best=1 T=0.57 elapsed=97s
it=215200 cur=1 best=1 T=0.57 elapsed=97s
it=215400 cur=1 best=1 T=0.56 elapsed=97s
it=215600 cur=1 best=1 T=0.56 elapsed=97s
it=215800 cur=1 best=1 T=0.56 elapsed=97s
it=216000 cur=1 best=1 T=0.56 elapsed=97s
it=216200 cur=1 best=1 T=0.56 elapsed=97s
it=216400 cur=1 best=1 T=0.56 elapsed=97s
it=216600 cur=1 best=1 T=0.56 elapsed=97s
it=216800 cur=1 best=1 T=0.55 elapsed=97s
it=217000 cur=1 best=1 T=0.55 elapsed=97s
it=217200 cur=1 best=1 T=0.55 elapsed=97s
it=217400 cur=1 best=1 T=0.55 elapsed=98s
it=217600 cur=1 best=1 T=0.55 elapsed=98s
it=217800 cur=1 best=1 T=0.55 elapsed=98s
it=218000 cur=1 best=1 T=0.55 elapsed=98s
it=218200 cur=1 best=1 T=0.55 elapsed=98s
it=218400 cur=1 best=1 T=0.54 elapsed=98s
it=218600 cur=1 best=1 T=0.54 elapsed=98s
it=218800 cur=1 best=1 T=0.54 elapsed=98s
it=219000 cur=1 best=1 T=0.54 elapsed=98s
it=219200 cur=1 best=1 T=0.54 elapsed=98s
it=219400 cur=1 best=1 T=0.54 elapsed=98s
it=219600 cur=1 best=1 T=0.54 elapsed=98s
it=219800 cur=1 best=1 T=0.53 elapsed=99s
it=220000 cur=1 best=1 T=0.53 elapsed=99s
it=220200 cur=1 best=1 T=0.53 elapsed=99s
it=220400 cur=1 best=1 T=0.53 elapsed=99s
it=220600 cur=1 best=1 T=0.53 elapsed=99s
it=220800 cur=1 best=1 T=0.53 elapsed=99s
it=221000 cur=1 best=1 T=0.53 elapsed=99s
it=221200 cur=1 best=1 T=0.53 elapsed=99s
it=221400 cur=1 best=1 T=0.52 elapsed=99s
it=221600 cur=1 best=1 T=0.52 elapsed=99s
it=221800 cur=1 best=1 T=0.52 elapsed=99s
it=222000 cur=1 best=1 T=0.52 elapsed=99s
it=222200 cur=1 best=1 T=0.52 elapsed=100s
it=222400 cur=1 best=1 T=0.52 elapsed=100s
it=222600 cur=1 best=1 T=0.52 elapsed=100s
it=222800 cur=1 best=1 T=0.51 elapsed=100s
it=223000 cur=1 best=1 T=0.51 elapsed=100s
it=223200 cur=1 best=1 T=0.51 elapsed=100s
it=223400 cur=1 best=1 T=0.51 elapsed=100s
it=223600 cur=1 best=1 T=0.51 elapsed=100s
it=223800 cur=1 best=1 T=0.51 elapsed=100s
it=224000 cur=1 best=1 T=0.51 elapsed=100s
it=224200 cur=1 best=1 T=0.51 elapsed=100s
it=224400 cur=1 best=1 T=0.50 elapsed=101s
it=224600 cur=1 best=1 T=0.50 elapsed=101s
it=224800 cur=1 best=1 T=0.50 elapsed=101s
it=225000 cur=1 best=1 T=0.50 elapsed=101s
it=225200 cur=1 best=1 T=0.50 elapsed=101s
it=225400 cur=1 best=1 T=0.50 elapsed=101s
it=225600 cur=1 best=1 T=0.50 elapsed=101s
it=225800 cur=1 best=1 T=0.49 elapsed=101s
it=226000 cur=1 best=1 T=0.49 elapsed=101s
it=226200 cur=1 best=1 T=0.49 elapsed=101s
it=226400 cur=1 best=1 T=0.49 elapsed=101s
it=226600 cur=1 best=1 T=0.49 elapsed=102s
it=226800 cur=1 best=1 T=0.49 elapsed=102s
it=227000 cur=1 best=1 T=0.49 elapsed=102s
it=227200 cur=1 best=1 T=0.49 elapsed=102s
it=227400 cur=1 best=1 T=0.48 elapsed=102s
it=227600 cur=1 best=1 T=0.48 elapsed=102s
it=227800 cur=1 best=1 T=0.48 elapsed=102s
it=228000 cur=1 best=1 T=0.48 elapsed=102s
it=228200 cur=1 best=1 T=0.48 elapsed=102s
it=228400 cur=1 best=1 T=0.48 elapsed=102s
it=228600 cur=1 best=1 T=0.48 elapsed=102s
it=228800 cur=1 best=1 T=0.47 elapsed=103s
it=229000 cur=1 best=1 T=0.47 elapsed=103s
it=229200 cur=1 best=1 T=0.47 elapsed=103s
it=229400 cur=1 best=1 T=0.47 elapsed=103s
it=229600 cur=1 best=1 T=0.47 elapsed=103s
it=229800 cur=1 best=1 T=0.47 elapsed=103s
it=230000 cur=1 best=1 T=0.47 elapsed=103s
it=230200 cur=1 best=1 T=0.47 elapsed=103s
it=230400 cur=1 best=1 T=0.46 elapsed=103s
it=230600 cur=1 best=1 T=0.46 elapsed=103s
it=230800 cur=1 best=1 T=0.46 elapsed=103s
it=231000 cur=1 best=1 T=0.46 elapsed=104s
it=231200 cur=1 best=1 T=0.46 elapsed=104s
it=231400 cur=1 best=1 T=0.46 elapsed=104s
it=231600 cur=1 best=1 T=0.46 elapsed=104s
it=231800 cur=1 best=1 T=0.45 elapsed=104s
it=232000 cur=1 best=1 T=0.45 elapsed=104s
it=232200 cur=1 best=1 T=0.45 elapsed=104s
it=232400 cur=1 best=1 T=0.45 elapsed=104s
it=232600 cur=1 best=1 T=0.45 elapsed=104s
it=232800 cur=1 best=1 T=0.45 elapsed=104s
it=233000 cur=1 best=1 T=0.45 elapsed=104s
it=233200 cur=1 best=1 T=0.45 elapsed=105s
it=233400 cur=1 best=1 T=0.44 elapsed=105s
it=233600 cur=1 best=1 T=0.44 elapsed=105s
it=233800 cur=1 best=1 T=0.44 elapsed=105s
it=234000 cur=1 best=1 T=0.44 elapsed=105s
it=234200 cur=1 best=1 T=0.44 elapsed=105s
it=234400 cur=1 best=1 T=0.44 elapsed=105s
it=234600 cur=1 best=1 T=0.44 elapsed=105s
it=234800 cur=1 best=1 T=0.43 elapsed=105s
it=235000 cur=1 best=1 T=0.43 elapsed=105s
it=235200 cur=1 best=1 T=0.43 elapsed=105s
it=235400 cur=1 best=1 T=0.43 elapsed=106s
it=235600 cur=1 best=1 T=0.43 elapsed=106s
it=235800 cur=1 best=1 T=0.43 elapsed=106s
it=236000 cur=1 best=1 T=0.43 elapsed=106s
it=236200 cur=1 best=1 T=0.43 elapsed=106s
it=236400 cur=1 best=1 T=0.42 elapsed=106s
it=236600 cur=1 best=1 T=0.42 elapsed=106s
it=236800 cur=1 best=1 T=0.42 elapsed=106s
it=237000 cur=1 best=1 T=0.42 elapsed=106s
it=237200 cur=1 best=1 T=0.42 elapsed=106s
it=237400 cur=1 best=1 T=0.42 elapsed=106s
it=237600 cur=1 best=1 T=0.42 elapsed=106s
it=237800 cur=1 best=1 T=0.41 elapsed=107s
it=238000 cur=1 best=1 T=0.41 elapsed=107s
it=238200 cur=1 best=1 T=0.41 elapsed=107s
it=238400 cur=1 best=1 T=0.41 elapsed=107s
it=238600 cur=1 best=1 T=0.41 elapsed=107s
it=238800 cur=1 best=1 T=0.41 elapsed=107s
it=239000 cur=1 best=1 T=0.41 elapsed=107s
it=239200 cur=1 best=1 T=0.41 elapsed=107s
it=239400 cur=1 best=1 T=0.40 elapsed=107s
it=239600 cur=1 best=1 T=0.40 elapsed=107s
it=239800 cur=1 best=1 T=0.40 elapsed=107s
it=240000 cur=1 best=1 T=0.40 elapsed=107s
it=240200 cur=1 best=1 T=0.40 elapsed=107s
it=240400 cur=1 best=1 T=0.40 elapsed=108s
it=240600 cur=1 best=1 T=0.40 elapsed=108s
it=240800 cur=1 best=1 T=0.39 elapsed=108s
it=241000 cur=1 best=1 T=0.39 elapsed=108s
it=241200 cur=1 best=1 T=0.39 elapsed=108s
it=241400 cur=1 best=1 T=0.39 elapsed=108s
it=241600 cur=1 best=1 T=0.39 elapsed=108s
it=241800 cur=1 best=1 T=0.39 elapsed=108s
it=242000 cur=1 best=1 T=0.39 elapsed=108s
it=242200 cur=1 best=1 T=0.39 elapsed=108s
it=242400 cur=1 best=1 T=0.38 elapsed=108s
it=242600 cur=1 best=1 T=0.38 elapsed=109s
it=242800 cur=1 best=1 T=0.38 elapsed=109s
it=243000 cur=1 best=1 T=0.38 elapsed=109s
it=243200 cur=1 best=1 T=0.38 elapsed=109s
it=243400 cur=1 best=1 T=0.38 elapsed=109s
it=243600 cur=1 best=1 T=0.38 elapsed=109s
it=243800 cur=1 best=1 T=0.37 elapsed=109s
it=244000 cur=1 best=1 T=0.37 elapsed=109s
it=244200 cur=1 best=1 T=0.37 elapsed=109s
it=244400 cur=1 best=1 T=0.37 elapsed=109s
it=244600 cur=1 best=1 T=0.37 elapsed=109s
it=244800 cur=1 best=1 T=0.37 elapsed=110s
it=245000 cur=1 best=1 T=0.37 elapsed=110s
it=245200 cur=1 best=1 T=0.37 elapsed=110s
it=245400 cur=1 best=1 T=0.36 elapsed=110s
it=245600 cur=1 best=1 T=0.36 elapsed=110s
it=245800 cur=1 best=1 T=0.36 elapsed=110s
it=246000 cur=1 best=1 T=0.36 elapsed=110s
it=246200 cur=1 best=1 T=0.36 elapsed=110s
it=246400 cur=1 best=1 T=0.36 elapsed=110s
it=246600 cur=1 best=1 T=0.36 elapsed=110s
it=246800 cur=1 best=1 T=0.35 elapsed=110s
it=247000 cur=1 best=1 T=0.35 elapsed=111s
it=247200 cur=1 best=1 T=0.35 elapsed=111s
it=247400 cur=1 best=1 T=0.35 elapsed=111s
it=247600 cur=1 best=1 T=0.35 elapsed=111s
it=247800 cur=1 best=1 T=0.35 elapsed=111s
it=248000 cur=1 best=1 T=0.35 elapsed=111s
it=248200 cur=1 best=1 T=0.35 elapsed=111s
it=248400 cur=1 best=1 T=0.34 elapsed=111s
it=248600 cur=1 best=1 T=0.34 elapsed=111s
it=248800 cur=1 best=1 T=0.34 elapsed=111s
it=249000 cur=1 best=1 T=0.34 elapsed=111s
it=249200 cur=1 best=1 T=0.34 elapsed=112s
it=249400 cur=1 best=1 T=0.34 elapsed=112s
it=249600 cur=1 best=1 T=0.34 elapsed=112s
it=249800 cur=1 best=1 T=0.33 elapsed=112s
it=250000 cur=1 best=1 T=0.33 elapsed=112s
it=250200 cur=1 best=1 T=0.33 elapsed=112s
it=250400 cur=1 best=1 T=0.33 elapsed=112s
it=250600 cur=1 best=1 T=0.33 elapsed=112s
it=250800 cur=1 best=1 T=0.33 elapsed=112s
it=251000 cur=1 best=1 T=0.33 elapsed=112s
it=251200 cur=1 best=1 T=0.33 elapsed=112s
it=251400 cur=1 best=1 T=0.32 elapsed=113s
it=251600 cur=1 best=1 T=0.32 elapsed=113s
it=251800 cur=1 best=1 T=0.32 elapsed=113s
it=252000 cur=1 best=1 T=0.32 elapsed=113s
it=252200 cur=1 best=1 T=0.32 elapsed=113s
it=252400 cur=1 best=1 T=0.32 elapsed=113s
it=252600 cur=1 best=1 T=0.32 elapsed=113s
it=252800 cur=1 best=1 T=0.31 elapsed=113s
it=253000 cur=1 best=1 T=0.31 elapsed=113s
it=253200 cur=1 best=1 T=0.31 elapsed=113s
it=253400 cur=1 best=1 T=0.31 elapsed=113s
it=253600 cur=1 best=1 T=0.31 elapsed=113s
it=253800 cur=1 best=1 T=0.31 elapsed=114s
it=254000 cur=1 best=1 T=0.31 elapsed=114s
it=254200 cur=1 best=1 T=0.31 elapsed=114s
it=254400 cur=1 best=1 T=0.30 elapsed=114s
it=254600 cur=1 best=1 T=0.30 elapsed=114s
it=254800 cur=1 best=1 T=0.30 elapsed=114s
it=255000 cur=1 best=1 T=0.30 elapsed=114s
it=255200 cur=1 best=1 T=0.30 elapsed=114s
it=255400 cur=1 best=1 T=0.30 elapsed=114s
it=255600 cur=1 best=1 T=0.30 elapsed=114s
it=255800 cur=1 best=1 T=0.29 elapsed=115s
it=256000 cur=1 best=1 T=0.29 elapsed=115s
it=256200 cur=1 best=1 T=0.29 elapsed=115s
it=256400 cur=1 best=1 T=0.29 elapsed=115s
it=256600 cur=1 best=1 T=0.29 elapsed=115s
it=256800 cur=1 best=1 T=0.29 elapsed=115s
it=257000 cur=1 best=1 T=0.29 elapsed=115s
it=257200 cur=1 best=1 T=0.29 elapsed=115s
it=257400 cur=1 best=1 T=0.28 elapsed=115s
it=257600 cur=1 best=1 T=0.28 elapsed=115s
it=257800 cur=1 best=1 T=0.28 elapsed=115s
it=258000 cur=1 best=1 T=0.28 elapsed=115s
it=258200 cur=1 best=1 T=0.28 elapsed=115s
it=258400 cur=1 best=1 T=0.28 elapsed=116s
it=258600 cur=1 best=1 T=0.28 elapsed=116s
it=258800 cur=1 best=1 T=0.27 elapsed=116s
it=259000 cur=1 best=1 T=0.27 elapsed=116s
it=259200 cur=1 best=1 T=0.27 elapsed=116s
it=259400 cur=1 best=1 T=0.27 elapsed=116s
it=259600 cur=1 best=1 T=0.27 elapsed=116s
it=259800 cur=1 best=1 T=0.27 elapsed=116s
it=260000 cur=1 best=1 T=0.27 elapsed=116s
it=260200 cur=1 best=1 T=0.27 elapsed=116s
it=260400 cur=1 best=1 T=0.26 elapsed=116s
it=260600 cur=1 best=1 T=0.26 elapsed=117s
it=260800 cur=1 best=1 T=0.26 elapsed=117s
it=261000 cur=1 best=1 T=0.26 elapsed=117s
it=261200 cur=1 best=1 T=0.26 elapsed=117s
it=261400 cur=1 best=1 T=0.26 elapsed=117s
it=261600 cur=1 best=1 T=0.26 elapsed=117s
it=261800 cur=1 best=1 T=0.25 elapsed=117s
it=262000 cur=1 best=1 T=0.25 elapsed=117s
it=262200 cur=1 best=1 T=0.25 elapsed=117s
it=262400 cur=1 best=1 T=0.25 elapsed=118s
it=262600 cur=1 best=1 T=0.25 elapsed=118s
it=262800 cur=1 best=1 T=0.25 elapsed=118s
it=263000 cur=1 best=1 T=0.25 elapsed=118s
it=263200 cur=1 best=1 T=0.25 elapsed=118s
it=263400 cur=1 best=1 T=0.24 elapsed=118s
it=263600 cur=1 best=1 T=0.24 elapsed=118s
it=263800 cur=1 best=1 T=0.24 elapsed=118s
it=264000 cur=1 best=1 T=0.24 elapsed=118s
it=264200 cur=1 best=1 T=0.24 elapsed=118s
it=264400 cur=1 best=1 T=0.24 elapsed=118s
it=264600 cur=1 best=1 T=0.24 elapsed=118s
it=264800 cur=1 best=1 T=0.23 elapsed=119s
it=265000 cur=1 best=1 T=0.23 elapsed=119s
it=265200 cur=1 best=1 T=0.23 elapsed=119s
it=265400 cur=1 best=1 T=0.23 elapsed=119s
it=265600 cur=1 best=1 T=0.23 elapsed=119s
it=265800 cur=1 best=1 T=0.23 elapsed=119s
it=266000 cur=1 best=1 T=0.23 elapsed=119s
it=266200 cur=1 best=1 T=0.23 elapsed=119s
it=266400 cur=1 best=1 T=0.22 elapsed=119s
it=266600 cur=1 best=1 T=0.22 elapsed=119s
it=266800 cur=1 best=1 T=0.22 elapsed=119s
it=267000 cur=1 best=1 T=0.22 elapsed=120s
it=267200 cur=1 best=1 T=0.22 elapsed=120s
it=267400 cur=1 best=1 T=0.22 elapsed=120s
it=267600 cur=1 best=1 T=0.22 elapsed=120s
it=267800 cur=1 best=1 T=0.21 elapsed=120s
it=268000 cur=1 best=1 T=0.21 elapsed=120s
it=268200 cur=1 best=1 T=0.21 elapsed=120s
it=268400 cur=1 best=1 T=0.21 elapsed=120s
it=268600 cur=1 best=1 T=0.21 elapsed=120s
it=268800 cur=1 best=1 T=0.21 elapsed=120s
it=269000 cur=1 best=1 T=0.21 elapsed=120s
it=269200 cur=1 best=1 T=0.21 elapsed=120s
it=269400 cur=1 best=1 T=0.20 elapsed=121s
it=269600 cur=1 best=1 T=0.20 elapsed=121s
it=269800 cur=1 best=1 T=0.20 elapsed=121s
it=270000 cur=1 best=1 T=0.20 elapsed=121s
it=270200 cur=1 best=1 T=0.20 elapsed=121s
it=270400 cur=1 best=1 T=0.20 elapsed=121s
it=270600 cur=1 best=1 T=0.20 elapsed=121s
it=270800 cur=1 best=1 T=0.19 elapsed=121s
it=271000 cur=1 best=1 T=0.19 elapsed=121s
it=271200 cur=1 best=1 T=0.19 elapsed=121s
it=271400 cur=1 best=1 T=0.19 elapsed=121s
it=271600 cur=1 best=1 T=0.19 elapsed=121s
it=271800 cur=1 best=1 T=0.19 elapsed=122s
it=272000 cur=1 best=1 T=0.19 elapsed=122s
it=272200 cur=1 best=1 T=0.19 elapsed=122s
it=272400 cur=1 best=1 T=0.18 elapsed=122s
it=272600 cur=1 best=1 T=0.18 elapsed=122s
it=272800 cur=1 best=1 T=0.18 elapsed=122s
it=273000 cur=1 best=1 T=0.18 elapsed=122s
it=273200 cur=1 best=1 T=0.18 elapsed=122s
it=273400 cur=1 best=1 T=0.18 elapsed=122s
it=273600 cur=1 best=1 T=0.18 elapsed=122s
it=273800 cur=1 best=1 T=0.17 elapsed=122s
it=274000 cur=1 best=1 T=0.17 elapsed=122s
it=274200 cur=1 best=1 T=0.17 elapsed=123s
it=274400 cur=1 best=1 T=0.17 elapsed=123s
it=274600 cur=1 best=1 T=0.17 elapsed=123s
it=274800 cur=1 best=1 T=0.17 elapsed=123s
it=275000 cur=1 best=1 T=0.17 elapsed=123s
it=275200 cur=1 best=1 T=0.17 elapsed=123s
it=275400 cur=1 best=1 T=0.16 elapsed=123s
it=275600 cur=1 best=1 T=0.16 elapsed=123s
it=275800 cur=1 best=1 T=0.16 elapsed=123s
it=276000 cur=1 best=1 T=0.16 elapsed=123s
it=276200 cur=1 best=1 T=0.16 elapsed=123s
it=276400 cur=1 best=1 T=0.16 elapsed=124s
it=276600 cur=1 best=1 T=0.16 elapsed=124s
it=276800 cur=1 best=1 T=0.15 elapsed=124s
it=277000 cur=1 best=1 T=0.15 elapsed=124s
it=277200 cur=1 best=1 T=0.15 elapsed=124s
it=277400 cur=1 best=1 T=0.15 elapsed=124s
it=277600 cur=1 best=1 T=0.15 elapsed=124s
it=277800 cur=1 best=1 T=0.15 elapsed=124s
it=278000 cur=1 best=1 T=0.15 elapsed=124s
it=278200 cur=1 best=1 T=0.15 elapsed=124s
it=278400 cur=1 best=1 T=0.14 elapsed=124s
it=278600 cur=1 best=1 T=0.14 elapsed=124s
it=278800 cur=1 best=1 T=0.14 elapsed=124s
it=279000 cur=1 best=1 T=0.14 elapsed=125s
it=279200 cur=1 best=1 T=0.14 elapsed=125s
it=279400 cur=1 best=1 T=0.14 elapsed=125s
it=279600 cur=1 best=1 T=0.14 elapsed=125s
it=279800 cur=1 best=1 T=0.13 elapsed=125s
it=280000 cur=1 best=1 T=0.13 elapsed=125s
it=280200 cur=1 best=1 T=0.13 elapsed=125s
it=280400 cur=1 best=1 T=0.13 elapsed=125s
it=280600 cur=1 best=1 T=0.13 elapsed=125s
it=280800 cur=1 best=1 T=0.13 elapsed=125s
it=281000 cur=1 best=1 T=0.13 elapsed=125s
it=281200 cur=1 best=1 T=0.13 elapsed=125s
it=281400 cur=1 best=1 T=0.12 elapsed=126s
it=281600 cur=1 best=1 T=0.12 elapsed=126s
it=281800 cur=1 best=1 T=0.12 elapsed=126s
it=282000 cur=1 best=1 T=0.12 elapsed=126s
it=282200 cur=1 best=1 T=0.12 elapsed=126s
it=282400 cur=1 best=1 T=0.12 elapsed=126s
it=282600 cur=1 best=1 T=0.12 elapsed=126s
it=282800 cur=1 best=1 T=0.11 elapsed=126s
it=283000 cur=1 best=1 T=0.11 elapsed=126s
it=283200 cur=1 best=1 T=0.11 elapsed=126s
it=283400 cur=1 best=1 T=0.11 elapsed=126s
it=283600 cur=1 best=1 T=0.11 elapsed=126s
it=283800 cur=1 best=1 T=0.11 elapsed=127s
it=284000 cur=1 best=1 T=0.11 elapsed=127s
it=284200 cur=1 best=1 T=0.11 elapsed=127s
it=284400 cur=1 best=1 T=0.10 elapsed=127s
it=284600 cur=1 best=1 T=0.10 elapsed=127s
it=284800 cur=1 best=1 T=0.10 elapsed=127s
it=285000 cur=1 best=1 T=0.10 elapsed=127s
it=285200 cur=1 best=1 T=0.10 elapsed=127s
it=285400 cur=1 best=1 T=0.10 elapsed=127s
it=285600 cur=1 best=1 T=0.10 elapsed=127s
it=285800 cur=1 best=1 T=0.09 elapsed=128s
it=286000 cur=1 best=1 T=0.09 elapsed=128s
it=286200 cur=1 best=1 T=0.09 elapsed=128s
it=286400 cur=1 best=1 T=0.09 elapsed=128s
it=286600 cur=1 best=1 T=0.09 elapsed=128s
it=286800 cur=1 best=1 T=0.09 elapsed=128s
it=287000 cur=1 best=1 T=0.09 elapsed=128s
it=287200 cur=1 best=1 T=0.09 elapsed=128s
it=287400 cur=1 best=1 T=0.08 elapsed=128s
it=287600 cur=1 best=1 T=0.08 elapsed=128s
it=287800 cur=1 best=1 T=0.08 elapsed=128s
it=288000 cur=1 best=1 T=0.08 elapsed=128s
it=288200 cur=1 best=1 T=0.08 elapsed=128s
it=288400 cur=1 best=1 T=0.08 elapsed=129s
it=288600 cur=1 best=1 T=0.08 elapsed=129s
it=288800 cur=1 best=1 T=0.07 elapsed=129s
it=289000 cur=1 best=1 T=0.07 elapsed=129s
it=289200 cur=1 best=1 T=0.07 elapsed=129s
it=289400 cur=1 best=1 T=0.07 elapsed=129s
it=289600 cur=1 best=1 T=0.07 elapsed=129s
it=289800 cur=1 best=1 T=0.07 elapsed=129s
it=290000 cur=1 best=1 T=0.07 elapsed=129s
it=290200 cur=1 best=1 T=0.07 elapsed=129s
it=290400 cur=1 best=1 T=0.06 elapsed=129s
it=290600 cur=1 best=1 T=0.06 elapsed=129s
it=290800 cur=1 best=1 T=0.06 elapsed=130s
it=291000 cur=1 best=1 T=0.06 elapsed=130s
it=291200 cur=1 best=1 T=0.06 elapsed=130s
it=291400 cur=1 best=1 T=0.06 elapsed=130s
it=291600 cur=1 best=1 T=0.06 elapsed=130s
it=291800 cur=1 best=1 T=0.05 elapsed=130s
it=292000 cur=1 best=1 T=0.05 elapsed=130s
it=292200 cur=1 best=1 T=0.05 elapsed=130s
it=292400 cur=1 best=1 T=0.05 elapsed=130s
it=292600 cur=1 best=1 T=0.05 elapsed=130s
it=292800 cur=1 best=1 T=0.05 elapsed=130s
it=293000 cur=1 best=1 T=0.05 elapsed=130s
it=293200 cur=1 best=1 T=0.05 elapsed=130s
it=293400 cur=1 best=1 T=0.05 elapsed=131s
it=293600 cur=1 best=1 T=0.05 elapsed=131s
it=293800 cur=1 best=1 T=0.05 elapsed=131s
it=294000 cur=1 best=1 T=0.05 elapsed=131s
it=294200 cur=1 best=1 T=0.05 elapsed=131s
it=294400 cur=1 best=1 T=0.05 elapsed=131s
it=294600 cur=1 best=1 T=0.05 elapsed=131s
it=294800 cur=1 best=1 T=0.05 elapsed=131s
it=295000 cur=1 best=1 T=0.05 elapsed=131s
it=295200 cur=1 best=1 T=0.05 elapsed=131s
it=295400 cur=1 best=1 T=0.05 elapsed=131s
it=295600 cur=1 best=1 T=0.05 elapsed=131s
it=295800 cur=1 best=1 T=0.05 elapsed=131s
it=296000 cur=1 best=1 T=0.05 elapsed=132s
it=296200 cur=1 best=1 T=0.05 elapsed=132s
it=296400 cur=1 best=1 T=0.05 elapsed=132s
it=296600 cur=1 best=1 T=0.05 elapsed=132s
it=296800 cur=1 best=1 T=0.05 elapsed=132s
it=297000 cur=1 best=1 T=0.05 elapsed=132s
it=297200 cur=1 best=1 T=0.05 elapsed=132s
it=297400 cur=1 best=1 T=0.05 elapsed=132s
it=297600 cur=1 best=1 T=0.05 elapsed=132s
it=297800 cur=1 best=1 T=0.05 elapsed=132s
it=298000 cur=1 best=1 T=0.05 elapsed=132s
it=298200 cur=1 best=1 T=0.05 elapsed=132s
it=298400 cur=1 best=1 T=0.05 elapsed=133s
it=298600 cur=1 best=1 T=0.05 elapsed=133s
it=298800 cur=1 best=1 T=0.05 elapsed=133s
it=299000 cur=1 best=1 T=0.05 elapsed=133s
it=299200 cur=1 best=1 T=0.05 elapsed=133s
it=299400 cur=1 best=1 T=0.05 elapsed=133s
it=299600 cur=1 best=1 T=0.05 elapsed=133s
it=299800 cur=1 best=1 T=0.05 elapsed=133s
DONE n=23 best=1
