it=1 best=8 n=14 L=9 edges=[(0, 3), (0, 8), (0, 9), (1, 5), (2, 7), (2, 12), (3, 13), (4, 5), (4, 6), (5, 7), (5, 11), (6, 8), (7, 8), (9, 10)]
it=6 best=7 n=14 L=9 edges=[(0, 3), (0, 8), (0, 9), (1, 5), (2, 7), (2, 12), (3, 13), (4, 5), (4, 6), (5, 7), (5, 10), (5, 11), (7, 8), (7, 11), (9, 10)]
it=0 best=12 n=18 L=12 edges=[(0, 3), (0, 11), (0, 15), (1, 15), (1, 16), (1, 17), (2, 4), (2, 6), (2, 7), (3, 10), (3, 13), (4, 5), (4, 11), (5, 14), (5, 15), (8, 11), (9, 15), (10, 17), (12, 15), (14, 15)]
it=0 best=14 n=18 L=13 edges=[(0, 14), (1, 5), (1, 7), (1, 10), (2, 11), (2, 16), (3, 13), (4, 16), (5, 8), (5, 9), (5, 13), (6, 17), (8, 12), (8, 17), (9, 12), (10, 11), (10, 17), (13, 14), (14, 17), (15, 17)]
it=0 best=9 n=14 L=10 edges=[(0, 10), (0, 12), (1, 3), (1, 6), (1, 7), (1, 12), (1, 13), (2, 11), (4, 9), (5, 9), (5, 10), (5, 13), (6, 10), (8, 10), (8, 13), (9, 11), (9, 12), (12, 13)]
it=1 best=12 n=18 L=13 edges=[(0, 14), (1, 5), (1, 7), (1, 10), (2, 11), (2, 16), (3, 13), (4, 16), (5, 8), (5, 9), (5, 13), (6, 17), (8, 12), (8, 16), (8, 17), (9, 12), (10, 11), (10, 17), (13, 14), (14, 17), (15, 17)]
it=6 best=4 n=14 L=8 edges=[(0, 10), (1, 3), (1, 7), (1, 12), (1, 13), (2, 11), (4, 9), (5, 9), (5, 10), (5, 13), (6, 10), (8, 10), (8, 13), (9, 11), (9, 12)]
it=24 best=5 n=14 L=8 edges=[(0, 8), (1, 5), (2, 7), (2, 12), (3, 13), (4, 5), (4, 6), (5, 10), (5, 11), (7, 8), (7, 11), (9, 10), (9, 11), (9, 13)]
it=4 best=11 n=18 L=12 edges=[(0, 3), (0, 11), (0, 15), (1, 15), (1, 16), (1, 17), (2, 3), (2, 4), (2, 6), (2, 7), (3, 10), (3, 13), (4, 5), (4, 11), (4, 13), (5, 14), (5, 15), (8, 11), (9, 15), (10, 17), (12, 15), (14, 15)]
it=28 best=1 n=14 L=6 edges=[(0, 8), (1, 5), (2, 7), (2, 12), (3, 13), (4, 5), (4, 6), (5, 10), (5, 11), (7, 8), (7, 11), (9, 11), (9, 13)]
it=23 best=3 n=14 L=8 edges=[(0, 10), (1, 3), (1, 12), (1, 13), (2, 11), (3, 7), (4, 5), (4, 9), (5, 10), (5, 13), (6, 13), (8, 13), (9, 11), (9, 12)]
it=10 best=7 n=18 L=10 edges=[(0, 3), (0, 11), (0, 15), (1, 15), (1, 16), (1, 17), (2, 3), (2, 4), (2, 6), (2, 7), (3, 10), (3, 13), (4, 5), (4, 11), (4, 13), (5, 14), (5, 15), (8, 11), (9, 15), (12, 15), (14, 15)]
it=20 best=9 n=14 L=12 edges=[(0, 1), (0, 4), (0, 7), (0, 10), (1, 2), (1, 6), (1, 7), (1, 10), (1, 12), (3, 8), (3, 11), (3, 13), (4, 9), (4, 10), (4, 13), (5, 7), (5, 10), (5, 13), (6, 11), (7, 12), (8, 10), (9, 10), (10, 12), (10, 13)]
it=24 best=4 n=18 L=10 edges=[(0, 3), (0, 11), (0, 15), (1, 15), (1, 16), (1, 17), (2, 3), (2, 6), (2, 7), (3, 10), (3, 13), (4, 5), (4, 11), (4, 13), (4, 16), (5, 14), (8, 11), (9, 15), (12, 15), (14, 15)]
it=20 best=10 n=18 L=12 edges=[(0, 9), (1, 5), (1, 7), (2, 11), (3, 13), (4, 6), (4, 16), (5, 6), (5, 8), (5, 9), (5, 10), (5, 13), (6, 14), (6, 17), (8, 16), (8, 17), (10, 11), (10, 17), (11, 14), (12, 13), (13, 14), (14, 17), (15, 17)]
it=44 best=3 n=18 L=8 edges=[(0, 3), (0, 15), (1, 15), (1, 17), (2, 3), (2, 6), (2, 7), (3, 9), (3, 10), (3, 13), (4, 11), (4, 13), (4, 14), (4, 16), (5, 14), (8, 11), (12, 15), (14, 15)]
it=27 best=9 n=18 L=11 edges=[(0, 9), (1, 5), (1, 7), (2, 10), (2, 11), (3, 13), (4, 16), (5, 6), (5, 8), (5, 9), (5, 10), (5, 13), (5, 16), (6, 11), (6, 14), (6, 17), (8, 16), (8, 17), (10, 11), (11, 14), (12, 13), (13, 14), (14, 17), (15, 17)]
it=54 best=8 n=18 L=11 edges=[(0, 9), (1, 5), (1, 7), (1, 10), (1, 12), (1, 16), (2, 5), (2, 10), (2, 11), (2, 12), (3, 13), (4, 16), (5, 6), (5, 8), (5, 9), (5, 10), (5, 11), (7, 14), (8, 16), (10, 11), (11, 17), (12, 13), (15, 17)]
it=494 best=2 n=14 L=8 edges=[(0, 1), (0, 6), (1, 2), (1, 10), (2, 11), (3, 5), (3, 6), (3, 8), (3, 11), (4, 8), (6, 13), (7, 10), (9, 10), (9, 12)]
it=78 best=8 n=14 L=9 edges=[(0, 9), (1, 2), (1, 7), (1, 10), (1, 11), (1, 12), (1, 13), (2, 4), (2, 9), (3, 7), (4, 6), (4, 9), (5, 10), (6, 7), (7, 8), (7, 9), (7, 12), (9, 10), (10, 12)]
it=120 best=4 n=18 L=9 edges=[(0, 16), (1, 7), (1, 10), (1, 14), (1, 16), (2, 12), (3, 7), (3, 11), (3, 13), (4, 12), (5, 9), (6, 10), (8, 16), (9, 13), (10, 11), (10, 12), (10, 14), (14, 17), (15, 17)]
it=102 best=7 n=14 L=10 edges=[(0, 9), (0, 12), (1, 2), (1, 10), (1, 11), (1, 12), (1, 13), (2, 6), (2, 9), (3, 7), (4, 6), (4, 9), (4, 11), (5, 9), (6, 7), (6, 10), (7, 8), (7, 12), (10, 12)]
it=163 best=2 n=18 L=10 edges=[(0, 16), (1, 7), (1, 10), (1, 16), (2, 12), (3, 11), (3, 13), (3, 15), (3, 16), (4, 10), (4, 12), (5, 9), (6, 10), (8, 16), (9, 13), (10, 11), (10, 12), (10, 14), (11, 12), (14, 15), (14, 17), (15, 17)]
it=111 best=6 n=14 L=7 edges=[(0, 9), (1, 2), (1, 10), (1, 11), (1, 12), (1, 13), (2, 6), (3, 7), (4, 6), (4, 9), (5, 9), (6, 7), (6, 10), (6, 11), (7, 8), (10, 12)]
it=122 best=5 n=14 L=6 edges=[(0, 9), (1, 2), (1, 6), (1, 10), (1, 12), (1, 13), (3, 7), (4, 6), (4, 9), (5, 9), (6, 7), (6, 10), (6, 11), (7, 8)]
it=129 best=4 n=14 L=5 edges=[(0, 9), (1, 2), (1, 6), (1, 10), (1, 12), (1, 13), (3, 7), (4, 6), (5, 9), (6, 7), (6, 11), (7, 8), (7, 9)]
it=1020 best=1 n=14 L=6 edges=[(0, 5), (0, 12), (1, 4), (2, 7), (2, 13), (3, 13), (4, 7), (4, 8), (4, 9), (6, 12), (7, 8), (7, 10), (7, 11), (7, 12), (7, 13)]
it=603 best=1 n=18 L=8 edges=[(0, 14), (1, 6), (1, 13), (1, 17), (2, 12), (3, 5), (3, 17), (4, 10), (6, 14), (7, 8), (7, 10), (8, 10), (8, 17), (9, 11), (9, 15), (11, 15), (12, 15), (12, 17), (15, 16)]
it=334 best=2 n=14 L=7 edges=[(0, 5), (0, 12), (1, 9), (2, 10), (2, 13), (3, 5), (3, 8), (3, 12), (4, 5), (4, 6), (4, 11), (5, 10), (6, 7), (9, 12)]
it=1328 best=1 n=14 L=6 edges=[(0, 4), (0, 10), (1, 3), (1, 10), (2, 7), (2, 12), (3, 5), (3, 9), (4, 13), (5, 10), (6, 12), (8, 10), (10, 11), (10, 12)]
it=1610 best=1 n=18 L=6 edges=[(0, 4), (0, 10), (0, 12), (0, 13), (1, 11), (2, 13), (3, 4), (4, 7), (4, 9), (4, 14), (5, 9), (6, 7), (8, 16), (10, 11), (13, 15), (13, 16), (13, 17)]
it=1 best=12 n=20 L=11 edges=[(0, 6), (0, 14), (1, 17), (2, 14), (3, 14), (3, 16), (4, 19), (5, 12), (5, 14), (5, 17), (7, 10), (7, 11), (8, 11), (8, 14), (9, 15), (9, 18), (10, 12), (10, 19), (13, 19), (14, 17), (14, 18), (14, 19)]
it=5 best=11 n=20 L=13 edges=[(0, 6), (0, 14), (1, 17), (2, 5), (2, 14), (2, 15), (3, 14), (3, 16), (4, 19), (5, 12), (5, 14), (5, 17), (7, 10), (7, 11), (8, 11), (8, 14), (9, 10), (9, 12), (9, 15), (9, 18), (10, 12), (10, 19), (13, 19), (14, 17), (14, 18), (14, 19)]
it=12 best=5 n=20 L=10 edges=[(0, 6), (0, 14), (1, 17), (2, 5), (2, 15), (3, 14), (3, 16), (4, 19), (5, 12), (5, 14), (5, 17), (7, 11), (8, 11), (8, 14), (9, 10), (9, 12), (9, 18), (10, 12), (10, 19), (13, 19), (14, 17), (14, 18), (14, 19)]
it=1 best=13 n=20 L=14 edges=[(0, 2), (0, 19), (1, 11), (1, 19), (2, 13), (3, 5), (4, 12), (4, 17), (5, 7), (5, 11), (5, 14), (5, 15), (5, 16), (6, 7), (7, 9), (7, 13), (7, 18), (8, 11), (10, 13), (11, 18), (12, 14), (13, 17), (17, 18)]
it=63 best=4 n=20 L=8 edges=[(0, 3), (0, 6), (0, 14), (1, 17), (2, 5), (2, 15), (3, 5), (3, 14), (3, 16), (4, 19), (5, 14), (5, 17), (7, 11), (8, 11), (8, 14), (9, 10), (9, 12), (9, 18), (13, 19), (14, 17), (14, 18), (14, 19)]
it=71 best=2 n=20 L=7 edges=[(0, 6), (0, 14), (1, 17), (2, 5), (2, 15), (3, 5), (3, 14), (3, 16), (4, 13), (4, 14), (4, 19), (5, 14), (5, 17), (7, 11), (8, 11), (8, 14), (9, 10), (9, 12), (9, 18), (13, 19), (14, 17), (14, 18), (14, 19)]
it=10 best=11 n=20 L=14 edges=[(0, 2), (0, 19), (1, 11), (1, 19), (2, 9), (3, 5), (4, 17), (5, 7), (5, 15), (5, 16), (6, 7), (7, 9), (7, 13), (7, 15), (7, 18), (8, 11), (9, 12), (10, 13), (10, 18), (11, 13), (11, 18), (12, 14), (13, 17), (17, 18)]
it=16 best=8 n=20 L=15 edges=[(0, 2), (0, 19), (1, 11), (1, 19), (2, 9), (3, 5), (3, 6), (4, 17), (5, 7), (5, 15), (5, 16), (6, 7), (7, 9), (7, 13), (7, 15), (7, 18), (8, 11), (9, 12), (10, 13), (10, 18), (11, 13), (11, 18), (12, 14), (13, 17), (15, 19), (17, 18)]
it=3 best=15 n=24 L=18 edges=[(0, 23), (1, 2), (1, 5), (2, 6), (2, 9), (3, 7), (3, 21), (4, 8), (4, 14), (5, 6), (5, 12), (5, 15), (5, 19), (6, 21), (6, 22), (7, 9), (7, 21), (9, 10), (9, 17), (10, 16), (10, 18), (11, 18), (12, 22), (13, 23), (14, 20), (14, 23), (15, 18), (15, 23), (17, 18), (17, 21), (18, 20), (19, 20), (20, 21)]
it=51 best=7 n=20 L=15 edges=[(0, 2), (0, 19), (1, 11), (1, 19), (2, 9), (3, 5), (3, 6), (3, 18), (4, 17), (5, 15), (5, 16), (6, 7), (7, 9), (7, 13), (7, 15), (8, 11), (9, 11), (9, 12), (10, 13), (10, 18), (11, 18), (12, 14), (12, 18), (13, 17), (15, 19)]
it=11 best=12 n=24 L=17 edges=[(0, 23), (1, 2), (1, 5), (1, 10), (2, 9), (3, 7), (3, 21), (4, 8), (4, 14), (5, 6), (5, 12), (5, 15), (5, 19), (5, 20), (6, 21), (7, 9), (7, 21), (9, 10), (9, 17), (10, 16), (11, 18), (12, 22), (13, 23), (14, 20), (14, 23), (15, 18), (15, 23), (17, 18), (17, 21), (19, 20), (20, 21), (20, 22)]
it=500 best=1 n=20 L=8 edges=[(0, 3), (0, 16), (1, 16), (2, 19), (3, 12), (4, 15), (5, 12), (5, 19), (6, 8), (7, 13), (8, 18), (9, 10), (9, 12), (9, 18), (11, 19), (12, 14), (12, 15), (13, 19), (16, 17)]
it=32 best=6 n=24 L=11 edges=[(0, 5), (0, 14), (0, 15), (0, 20), (0, 21), (1, 9), (2, 8), (2, 14), (2, 22), (3, 21), (4, 11), (4, 12), (4, 14), (4, 16), (5, 13), (6, 9), (6, 16), (6, 21), (6, 22), (7, 21), (10, 23), (14, 23), (16, 19), (16, 20), (17, 22), (18, 19)]
it=28 best=11 n=24 L=18 edges=[(0, 23), (1, 2), (1, 5), (1, 10), (2, 9), (3, 7), (3, 21), (4, 8), (4, 14), (5, 6), (5, 12), (5, 15), (5, 17), (5, 20), (6, 21), (7, 9), (7, 18), (7, 21), (9, 10), (9, 11), (9, 17), (10, 16), (11, 18), (12, 22), (13, 23), (14, 19), (14, 20), (14, 23), (15, 18), (15, 23), (17, 18), (17, 21), (19, 20), (20, 21), (20, 22)]
it=358 best=6 n=20 L=14 edges=[(0, 7), (0, 9), (0, 17), (0, 18), (0, 19), (1, 3), (1, 4), (1, 10), (1, 14), (1, 16), (2, 5), (3, 4), (4, 6), (4, 9), (4, 16), (4, 17), (5, 6), (6, 7), (6, 12), (6, 17), (8, 14), (8, 15), (8, 16), (8, 19), (10, 19), (11, 15), (13, 17), (17, 19), (18, 19)]
it=112 best=10 n=24 L=19 edges=[(0, 23), (1, 2), (1, 4), (1, 12), (2, 7), (2, 9), (3, 4), (3, 7), (3, 21), (4, 8), (4, 20), (5, 6), (5, 15), (5, 17), (7, 15), (7, 18), (7, 21), (8, 14), (8, 20), (9, 10), (9, 17), (9, 21), (10, 16), (10, 21), (11, 18), (13, 23), (14, 19), (14, 23), (15, 18), (15, 23), (16, 20), (17, 18), (17, 22), (19, 20), (20, 21), (20, 22), (21, 22)]
it=724 best=4 n=20 L=11 edges=[(0, 2), (1, 3), (1, 14), (2, 4), (2, 5), (2, 14), (3, 4), (3, 7), (3, 15), (4, 15), (4, 16), (4, 19), (6, 13), (7, 18), (8, 10), (8, 13), (8, 19), (9, 13), (9, 16), (11, 12), (12, 13), (13, 17), (14, 15)]
it=296 best=6 n=24 L=11 edges=[(0, 17), (1, 2), (1, 9), (1, 13), (1, 15), (2, 9), (2, 10), (3, 4), (3, 21), (5, 6), (5, 15), (5, 21), (7, 16), (7, 18), (8, 20), (9, 15), (10, 21), (11, 18), (12, 17), (13, 23), (14, 19), (14, 22), (15, 18), (15, 22), (17, 18), (20, 22), (21, 22)]
it=353 best=5 n=24 L=9 edges=[(0, 17), (1, 8), (2, 9), (2, 10), (3, 4), (3, 13), (3, 21), (3, 23), (4, 23), (5, 6), (5, 15), (5, 21), (7, 18), (8, 20), (9, 15), (11, 16), (11, 20), (12, 17), (14, 19), (14, 22), (15, 18), (15, 22), (17, 18), (20, 22), (21, 22)]
it=458 best=3 n=24 L=10 edges=[(0, 17), (1, 8), (2, 10), (3, 17), (3, 21), (4, 8), (4, 23), (5, 6), (5, 20), (7, 18), (8, 20), (9, 10), (9, 14), (9, 15), (11, 15), (11, 16), (11, 20), (11, 21), (12, 17), (13, 20), (13, 21), (14, 19), (14, 22), (15, 18), (18, 21)]
it=470 best=1 n=24 L=8 edges=[(0, 17), (1, 8), (2, 10), (3, 17), (3, 21), (4, 8), (4, 23), (5, 6), (5, 20), (7, 18), (8, 20), (9, 10), (9, 14), (9, 15), (11, 15), (11, 16), (11, 20), (11, 21), (12, 17), (13, 21), (14, 19), (14, 22), (15, 18)]
it=431 best=5 n=24 L=12 edges=[(0, 4), (0, 8), (0, 15), (0, 23), (1, 6), (1, 15), (2, 7), (3, 7), (3, 19), (3, 20), (4, 7), (4, 12), (4, 22), (5, 10), (5, 11), (5, 19), (7, 9), (7, 10), (7, 11), (7, 14), (7, 16), (8, 19), (8, 21), (9, 20), (13, 23), (14, 15), (17, 18), (18, 20)]
it=447 best=3 n=24 L=9 edges=[(0, 4), (0, 8), (0, 15), (0, 23), (1, 6), (1, 15), (2, 7), (3, 7), (3, 19), (4, 7), (4, 12), (4, 22), (5, 10), (5, 11), (5, 19), (7, 9), (7, 10), (7, 11), (7, 16), (7, 20), (8, 21), (9, 18), (9, 20), (13, 23), (14, 15), (15, 16), (17, 18)]
it=2077 best=3 n=20 L=10 edges=[(0, 1), (0, 16), (2, 6), (2, 14), (3, 10), (3, 13), (4, 5), (4, 7), (4, 19), (5, 19), (7, 10), (7, 11), (7, 12), (7, 16), (7, 18), (8, 12), (8, 17), (9, 13), (10, 12), (10, 13), (10, 15), (10, 16), (12, 15), (14, 15), (15, 18)]
it=2218 best=2 n=20 L=8 edges=[(0, 1), (0, 4), (0, 10), (0, 12), (0, 16), (2, 14), (3, 10), (4, 19), (5, 19), (6, 16), (7, 11), (7, 16), (7, 18), (8, 12), (8, 17), (9, 10), (9, 13), (10, 15), (12, 15), (14, 15), (15, 16)]
it=4800 best=1 n=20 L=8 edges=[(0, 14), (1, 11), (2, 13), (3, 18), (4, 16), (5, 12), (6, 12), (6, 17), (7, 14), (7, 16), (8, 17), (8, 18), (9, 19), (10, 11), (10, 17), (10, 19), (12, 18), (13, 19), (15, 19), (16, 17), (17, 18)]
it=2041 best=1 n=24 L=6 edges=[(0, 17), (1, 4), (2, 15), (3, 21), (4, 11), (5, 18), (6, 10), (6, 21), (6, 23), (7, 8), (7, 16), (9, 14), (9, 21), (11, 18), (11, 19), (12, 13), (12, 20), (13, 18), (15, 17), (15, 18), (16, 18), (17, 22), (18, 21)]
it=0 best=14 n=18 L=14 edges=[(0, 9), (1, 6), (2, 9), (2, 10), (3, 16), (4, 9), (4, 12), (4, 14), (4, 17), (5, 8), (5, 13), (5, 16), (6, 7), (7, 16), (8, 17), (10, 11), (11, 12), (11, 14), (13, 17), (14, 15), (14, 16), (14, 17), (16, 17)]
it=1 best=11 n=16 L=11 edges=[(0, 1), (0, 4), (0, 6), (0, 7), (0, 9), (0, 10), (0, 14), (1, 5), (1, 11), (2, 3), (3, 4), (3, 13), (5, 7), (5, 15), (6, 12), (7, 11), (7, 15), (8, 9), (11, 14), (12, 15)]
it=1 best=12 n=18 L=13 edges=[(0, 9), (1, 6), (2, 9), (2, 10), (3, 16), (4, 9), (4, 14), (4, 17), (5, 8), (5, 13), (5, 16), (6, 7), (7, 16), (8, 17), (10, 11), (11, 12), (11, 14), (13, 17), (14, 15), (14, 16), (14, 17), (16, 17)]
it=6 best=10 n=16 L=10 edges=[(0, 1), (0, 4), (0, 6), (0, 7), (0, 9), (0, 10), (0, 14), (1, 5), (1, 11), (2, 3), (3, 4), (3, 13), (5, 7), (5, 15), (7, 11), (7, 15), (8, 9), (11, 14), (12, 15), (14, 15)]
it=7 best=10 n=18 L=13 edges=[(0, 9), (1, 6), (2, 9), (2, 10), (3, 5), (3, 16), (4, 6), (4, 17), (5, 8), (5, 13), (5, 16), (6, 7), (7, 16), (10, 11), (11, 12), (11, 14), (13, 17), (14, 15), (14, 16), (14, 17), (16, 17)]
it=15 best=7 n=16 L=7 edges=[(0, 4), (0, 6), (0, 7), (0, 9), (0, 10), (0, 14), (1, 5), (1, 11), (2, 3), (3, 4), (3, 13), (5, 7), (7, 11), (7, 15), (8, 9), (12, 15)]
it=42 best=6 n=16 L=7 edges=[(0, 4), (0, 6), (0, 7), (0, 9), (0, 14), (1, 5), (1, 8), (1, 11), (2, 3), (3, 4), (4, 13), (5, 7), (7, 10), (7, 11), (7, 15), (12, 15)]
it=0 best=16 n=26 L=18 edges=[(0, 3), (0, 18), (0, 19), (1, 5), (1, 6), (1, 20), (2, 20), (4, 9), (5, 12), (5, 13), (5, 14), (5, 16), (5, 23), (5, 24), (6, 8), (6, 14), (6, 15), (7, 17), (7, 20), (7, 22), (8, 10), (9, 11), (10, 12), (11, 12), (11, 25), (12, 18), (15, 20), (16, 19), (16, 21), (16, 25), (17, 22), (18, 22), (20, 22)]
it=59 best=5 n=16 L=8 edges=[(0, 2), (0, 3), (0, 4), (0, 6), (0, 9), (0, 14), (1, 5), (1, 8), (1, 11), (2, 3), (3, 12), (4, 9), (4, 13), (5, 7), (7, 10), (7, 14), (7, 15)]
it=60 best=4 n=16 L=8 edges=[(0, 2), (0, 3), (0, 4), (0, 6), (0, 9), (0, 14), (1, 5), (1, 8), (1, 10), (1, 11), (2, 3), (3, 12), (4, 9), (4, 13), (5, 7), (7, 10), (7, 14), (7, 15)]
it=4 best=15 n=22 L=16 edges=[(0, 20), (1, 2), (1, 15), (1, 20), (2, 5), (3, 4), (3, 8), (3, 10), (3, 13), (3, 19), (3, 20), (3, 21), (4, 5), (4, 7), (4, 9), (4, 17), (5, 8), (6, 10), (7, 10), (7, 15), (7, 16), (7, 18), (9, 14), (10, 17), (11, 18), (12, 13), (14, 20), (15, 21), (16, 17)]
it=5 best=9 n=22 L=15 edges=[(0, 20), (1, 2), (1, 15), (1, 20), (2, 5), (3, 4), (3, 8), (3, 10), (3, 13), (3, 19), (3, 20), (4, 5), (4, 7), (4, 9), (4, 17), (5, 8), (6, 10), (7, 10), (7, 15), (7, 16), (7, 18), (9, 14), (10, 17), (11, 18), (12, 13), (14, 20), (15, 21), (16, 17)]
it=7 best=8 n=22 L=13 edges=[(0, 20), (1, 2), (1, 15), (1, 20), (2, 5), (3, 4), (3, 8), (3, 10), (3, 13), (3, 19), (3, 20), (4, 5), (4, 7), (4, 17), (5, 8), (6, 10), (7, 10), (7, 15), (7, 16), (7, 18), (9, 14), (10, 17), (11, 18), (12, 13), (14, 20), (15, 21), (16, 17)]
it=45 best=9 n=18 L=14 edges=[(0, 6), (0, 9), (1, 6), (2, 9), (2, 10), (3, 4), (3, 5), (4, 11), (4, 16), (5, 8), (5, 12), (5, 13), (5, 16), (6, 7), (7, 16), (8, 9), (9, 16), (10, 11), (10, 13), (10, 14), (11, 14), (11, 17), (14, 15), (14, 17), (16, 17)]
it=310 best=3 n=16 L=7 edges=[(0, 6), (0, 9), (1, 10), (2, 3), (3, 4), (3, 12), (4, 9), (5, 7), (5, 9), (5, 13), (6, 14), (8, 13), (8, 15), (10, 11), (10, 13)]
it=315 best=2 n=16 L=7 edges=[(0, 6), (0, 9), (1, 10), (2, 3), (3, 4), (3, 12), (4, 9), (5, 7), (5, 9), (5, 13), (6, 14), (8, 9), (8, 13), (8, 15), (10, 11), (10, 13)]
it=492 best=1 n=16 L=6 edges=[(0, 9), (1, 9), (2, 12), (2, 13), (3, 4), (3, 5), (3, 6), (3, 15), (6, 9), (6, 11), (6, 13), (6, 15), (7, 10), (8, 15), (9, 14), (10, 11)]
it=38 best=14 n=26 L=16 edges=[(0, 3), (0, 18), (0, 19), (0, 20), (1, 5), (1, 6), (1, 20), (2, 7), (2, 20), (4, 9), (5, 12), (5, 13), (5, 16), (5, 24), (6, 8), (6, 14), (6, 15), (7, 17), (8, 10), (9, 11), (11, 12), (12, 18), (15, 20), (15, 24), (16, 21), (16, 23), (16, 25), (17, 20), (17, 22), (17, 24), (18, 22), (20, 22)]
it=42 best=12 n=26 L=15 edges=[(0, 3), (0, 18), (0, 19), (0, 20), (1, 5), (1, 6), (1, 20), (2, 7), (2, 20), (4, 9), (5, 12), (5, 13), (5, 16), (5, 24), (6, 8), (6, 14), (6, 15), (7, 17), (8, 10), (9, 11), (11, 12), (12, 18), (15, 20), (16, 21), (16, 25), (17, 20), (17, 22), (17, 24), (18, 22), (20, 22), (20, 23)]
it=73 best=8 n=26 L=14 edges=[(0, 1), (0, 3), (0, 19), (1, 5), (1, 12), (1, 20), (2, 7), (4, 9), (5, 7), (5, 13), (5, 16), (5, 24), (6, 8), (6, 14), (6, 15), (6, 18), (7, 17), (8, 10), (8, 11), (9, 11), (11, 12), (12, 22), (15, 20), (16, 21), (16, 25), (17, 20), (17, 22), (17, 24), (18, 22), (20, 22), (20, 23)]
it=141 best=6 n=22 L=12 edges=[(0, 17), (0, 20), (0, 21), (1, 2), (1, 15), (2, 4), (2, 5), (3, 13), (3, 20), (4, 15), (4, 17), (5, 11), (6, 15), (7, 10), (8, 18), (9, 14), (10, 17), (10, 20), (11, 16), (11, 17), (11, 18), (12, 17), (12, 18), (14, 20), (15, 16), (17, 19)]
it=133 best=6 n=26 L=12 edges=[(0, 3), (0, 19), (1, 5), (1, 12), (2, 7), (3, 20), (4, 9), (5, 7), (5, 13), (5, 16), (5, 23), (5, 24), (6, 8), (6, 14), (6, 15), (7, 17), (8, 10), (8, 16), (9, 11), (10, 24), (11, 12), (12, 22), (16, 21), (16, 25), (17, 24), (18, 22), (20, 23)]
it=139 best=1 n=26 L=10 edges=[(0, 3), (0, 19), (1, 5), (1, 12), (2, 7), (3, 20), (4, 9), (5, 7), (5, 13), (5, 23), (5, 24), (6, 8), (6, 14), (6, 15), (7, 17), (8, 10), (8, 16), (9, 11), (9, 12), (10, 24), (11, 12), (12, 22), (16, 21), (16, 25), (18, 22), (20, 23)]
it=182 best=5 n=22 L=10 edges=[(0, 20), (1, 2), (2, 4), (2, 17), (3, 5), (3, 6), (3, 13), (3, 19), (3, 20), (5, 11), (6, 11), (6, 15), (7, 10), (8, 18), (9, 14), (10, 20), (11, 16), (11, 17), (12, 18), (14, 20), (15, 16), (15, 17), (17, 21), (18, 19)]
it=190 best=3 n=22 L=10 edges=[(0, 20), (1, 2), (2, 4), (2, 17), (3, 5), (3, 13), (3, 16), (3, 19), (3, 20), (5, 11), (6, 11), (6, 15), (7, 10), (8, 18), (9, 14), (10, 20), (11, 16), (11, 17), (12, 18), (14, 20), (15, 16), (15, 17), (15, 20), (17, 21), (18, 19)]
it=667 best=1 n=22 L=8 edges=[(0, 14), (1, 6), (1, 14), (1, 20), (2, 4), (3, 4), (3, 12), (3, 14), (3, 16), (4, 11), (5, 9), (6, 7), (6, 20), (8, 13), (9, 13), (9, 14), (9, 19), (10, 13), (10, 21), (11, 14), (11, 17), (13, 14), (15, 20), (18, 19)]
it=203 best=6 n=18 L=14 edges=[(0, 7), (0, 13), (0, 15), (1, 3), (1, 16), (2, 4), (2, 13), (2, 16), (2, 17), (3, 15), (4, 6), (4, 10), (4, 15), (5, 11), (5, 13), (5, 16), (6, 13), (6, 17), (8, 12), (9, 11), (9, 13), (9, 16), (10, 13), (10, 15), (11, 17), (12, 13), (14, 17)]
it=581 best=1 n=18 L=8 edges=[(0, 7), (0, 13), (0, 17), (1, 17), (2, 3), (2, 9), (2, 10), (3, 10), (4, 8), (4, 11), (4, 12), (4, 16), (5, 17), (6, 13), (7, 14), (7, 17), (8, 12), (9, 10), (10, 17), (11, 17), (15, 16)]
it=3 best=6 n=13 L=8 edges=[(0, 2), (0, 5), (0, 9), (0, 10), (0, 12), (1, 6), (2, 9), (2, 11), (3, 8), (3, 9), (4, 9), (5, 9), (6, 8), (7, 10)]
it=5 best=5 n=13 L=8 edges=[(0, 2), (0, 5), (0, 6), (0, 9), (0, 10), (0, 12), (1, 6), (2, 9), (2, 11), (3, 8), (3, 9), (4, 9), (5, 9), (6, 8), (7, 10)]
it=85 best=4 n=13 L=7 edges=[(0, 9), (0, 12), (1, 6), (2, 7), (3, 8), (3, 9), (4, 5), (4, 9), (5, 9), (6, 10), (7, 9), (7, 10), (8, 9), (8, 10), (9, 11)]
it=123 best=3 n=13 L=8 edges=[(0, 9), (0, 12), (1, 6), (2, 10), (2, 11), (3, 11), (4, 5), (4, 9), (6, 9), (6, 10), (7, 10), (8, 9), (8, 10), (8, 11), (10, 12)]
it=360 best=2 n=13 L=6 edges=[(0, 5), (0, 10), (1, 3), (2, 4), (3, 6), (4, 6), (4, 8), (4, 10), (6, 9), (6, 11), (7, 10), (9, 10), (10, 12)]
it=819 best=1 n=13 L=6 edges=[(0, 1), (1, 7), (1, 12), (2, 10), (2, 11), (3, 6), (3, 11), (4, 6), (4, 11), (5, 12), (8, 11), (9, 10), (9, 11), (10, 11), (11, 12)]
it=2 best=9 n=15 L=12 edges=[(0, 6), (1, 2), (1, 6), (1, 8), (1, 10), (2, 3), (3, 7), (3, 11), (4, 6), (4, 14), (5, 6), (5, 7), (5, 9), (6, 9), (6, 12), (9, 14), (10, 13), (11, 13), (12, 13)]
it=3 best=8 n=15 L=12 edges=[(0, 6), (1, 2), (1, 6), (1, 8), (1, 10), (2, 3), (3, 7), (3, 11), (4, 6), (4, 14), (5, 6), (5, 7), (5, 8), (5, 9), (6, 9), (6, 12), (9, 14), (10, 13), (11, 13), (12, 13)]
it=46 best=6 n=15 L=8 edges=[(0, 6), (1, 2), (1, 4), (1, 10), (2, 7), (2, 9), (3, 7), (3, 11), (5, 9), (6, 9), (7, 11), (7, 13), (8, 13), (9, 14), (12, 13), (13, 14)]
it=48 best=5 n=15 L=6 edges=[(0, 6), (1, 2), (1, 4), (1, 10), (2, 7), (2, 9), (3, 7), (3, 11), (5, 9), (6, 9), (7, 11), (7, 13), (8, 13), (9, 14), (12, 13)]
it=57 best=3 n=15 L=6 edges=[(0, 6), (1, 2), (1, 4), (1, 10), (2, 7), (2, 9), (3, 7), (3, 11), (5, 9), (6, 9), (7, 9), (7, 11), (7, 13), (8, 13), (9, 14), (12, 13)]
it=0 best=11 n=15 L=11 edges=[(0, 4), (0, 7), (0, 9), (0, 12), (1, 10), (2, 8), (3, 13), (4, 8), (4, 9), (5, 7), (5, 12), (5, 14), (6, 9), (6, 11), (6, 13), (8, 13), (10, 12), (12, 13)]
it=22 best=9 n=15 L=13 edges=[(0, 4), (0, 7), (0, 9), (0, 12), (1, 10), (2, 8), (3, 10), (3, 13), (4, 6), (4, 8), (4, 9), (4, 14), (5, 6), (5, 12), (5, 14), (6, 9), (6, 11), (6, 13), (7, 14), (10, 12), (11, 13), (12, 13)]
it=274 best=2 n=15 L=9 edges=[(0, 8), (1, 3), (1, 13), (2, 6), (3, 4), (3, 5), (3, 8), (4, 6), (4, 8), (5, 9), (5, 10), (6, 10), (6, 12), (7, 13), (11, 12), (11, 14), (12, 14)]
it=437 best=1 n=15 L=6 edges=[(0, 2), (0, 3), (0, 10), (0, 14), (1, 6), (2, 11), (4, 7), (4, 12), (5, 6), (5, 9), (6, 11), (7, 12), (8, 12), (8, 13), (11, 12)]
it=86 best=8 n=15 L=11 edges=[(0, 2), (0, 6), (0, 9), (0, 12), (0, 14), (1, 10), (2, 8), (2, 9), (2, 12), (3, 13), (4, 6), (4, 7), (4, 8), (4, 9), (4, 14), (5, 6), (5, 8), (6, 10), (6, 13), (8, 9), (8, 10), (11, 13)]
it=87 best=7 n=15 L=10 edges=[(0, 2), (0, 6), (0, 9), (0, 12), (0, 14), (1, 10), (2, 8), (2, 9), (3, 13), (4, 6), (4, 7), (4, 8), (4, 9), (4, 14), (5, 6), (5, 8), (6, 10), (6, 13), (8, 9), (8, 10), (11, 13)]
it=96 best=6 n=15 L=9 edges=[(0, 2), (0, 6), (0, 12), (1, 10), (2, 8), (2, 9), (3, 13), (4, 6), (4, 7), (4, 8), (4, 9), (4, 14), (5, 6), (5, 8), (6, 8), (6, 10), (6, 13), (8, 9), (8, 10), (11, 13)]
it=118 best=5 n=15 L=7 edges=[(0, 2), (0, 12), (1, 10), (2, 8), (2, 9), (2, 13), (3, 13), (4, 7), (4, 9), (4, 12), (4, 14), (5, 8), (6, 10), (8, 10), (11, 12)]
it=209 best=4 n=15 L=8 edges=[(0, 2), (1, 10), (2, 4), (2, 5), (2, 8), (2, 10), (2, 14), (3, 12), (3, 13), (4, 7), (4, 12), (5, 8), (6, 10), (6, 12), (9, 12), (9, 14), (10, 11), (10, 14)]
it=333 best=1 n=15 L=8 edges=[(0, 5), (1, 4), (1, 8), (2, 12), (3, 12), (3, 13), (4, 7), (4, 12), (5, 13), (6, 9), (6, 12), (7, 8), (9, 10), (9, 14), (10, 11)]
it=110 best=6 n=17 L=10 edges=[(0, 14), (1, 3), (1, 5), (1, 14), (1, 16), (2, 11), (2, 15), (4, 9), (4, 15), (5, 7), (6, 10), (6, 15), (7, 8), (10, 13), (11, 13), (12, 14), (13, 14), (13, 16)]
it=178 best=5 n=17 L=7 edges=[(0, 14), (1, 3), (2, 8), (2, 11), (2, 14), (3, 10), (3, 14), (4, 9), (4, 15), (5, 7), (6, 15), (7, 8), (8, 15), (8, 16), (9, 15), (12, 14), (13, 14), (14, 16)]
it=225 best=3 n=17 L=7 edges=[(0, 14), (1, 3), (2, 11), (2, 14), (2, 15), (3, 10), (3, 14), (4, 9), (5, 7), (6, 15), (7, 8), (8, 9), (8, 15), (12, 14), (12, 15), (13, 14), (14, 15), (14, 16)]
it=586 best=1 n=17 L=8 edges=[(0, 3), (0, 9), (1, 3), (2, 11), (3, 7), (4, 10), (5, 6), (5, 11), (5, 14), (6, 7), (6, 8), (6, 12), (6, 13), (6, 15), (8, 11), (10, 16), (13, 16)]
it=18 best=11 n=19 L=13 edges=[(0, 3), (0, 4), (0, 10), (0, 17), (1, 5), (1, 11), (1, 16), (2, 13), (2, 16), (3, 9), (3, 17), (4, 7), (4, 8), (4, 11), (4, 18), (6, 10), (8, 10), (10, 12), (11, 17), (12, 15), (14, 15), (15, 18)]
it=34 best=10 n=19 L=12 edges=[(0, 3), (0, 4), (0, 17), (1, 5), (1, 11), (1, 16), (2, 13), (2, 16), (3, 9), (3, 17), (4, 7), (4, 8), (4, 11), (4, 18), (6, 10), (7, 10), (8, 10), (8, 17), (12, 15), (14, 15), (15, 18), (17, 18)]
it=37 best=9 n=19 L=11 edges=[(0, 3), (0, 4), (0, 17), (1, 5), (1, 11), (1, 16), (2, 13), (2, 16), (3, 9), (3, 17), (4, 7), (4, 8), (4, 11), (4, 18), (6, 10), (8, 10), (8, 17), (12, 15), (14, 15), (15, 18), (17, 18)]
it=41 best=7 n=19 L=11 edges=[(0, 3), (0, 4), (0, 17), (1, 5), (1, 11), (1, 16), (2, 13), (2, 16), (3, 9), (3, 17), (4, 7), (4, 8), (4, 11), (4, 15), (4, 18), (6, 10), (8, 10), (8, 17), (12, 15), (14, 15), (15, 18), (17, 18)]
it=112 best=6 n=19 L=12 edges=[(0, 5), (0, 14), (1, 10), (1, 11), (1, 12), (1, 14), (1, 16), (2, 5), (2, 9), (2, 13), (3, 18), (4, 8), (4, 11), (5, 6), (6, 10), (7, 17), (8, 17), (12, 15), (12, 17), (12, 18), (13, 17), (17, 18)]
it=117 best=3 n=19 L=12 edges=[(0, 5), (0, 7), (0, 14), (1, 10), (1, 11), (1, 12), (1, 14), (1, 16), (2, 5), (2, 9), (2, 13), (3, 18), (4, 8), (4, 11), (5, 6), (6, 10), (7, 17), (8, 17), (12, 15), (12, 17), (12, 18), (13, 17), (17, 18)]
it=502 best=1 n=19 L=8 edges=[(0, 4), (0, 9), (0, 10), (0, 12), (1, 11), (2, 8), (2, 12), (3, 12), (4, 9), (4, 16), (5, 8), (5, 12), (5, 15), (6, 7), (6, 14), (7, 14), (8, 11), (10, 17), (11, 13), (12, 18), (14, 18)]
it=2 best=11 n=21 L=15 edges=[(0, 2), (0, 14), (0, 18), (1, 7), (2, 11), (2, 12), (2, 20), (3, 7), (3, 9), (3, 20), (4, 10), (4, 20), (5, 14), (5, 18), (6, 11), (6, 12), (7, 11), (8, 11), (8, 14), (9, 11), (9, 13), (9, 19), (11, 13), (11, 15), (13, 14), (15, 17), (16, 20), (18, 19)]
it=12 best=7 n=21 L=11 edges=[(0, 14), (0, 18), (1, 7), (2, 11), (2, 20), (3, 7), (3, 20), (4, 10), (4, 20), (5, 14), (5, 18), (6, 11), (6, 12), (7, 11), (8, 14), (9, 11), (9, 13), (9, 19), (11, 15), (13, 14), (14, 18), (15, 17), (16, 20), (18, 19)]
it=37 best=4 n=21 L=10 edges=[(0, 14), (0, 18), (1, 7), (2, 11), (2, 20), (3, 7), (3, 12), (4, 10), (4, 20), (5, 14), (5, 18), (6, 12), (7, 11), (8, 14), (9, 11), (9, 13), (9, 19), (11, 15), (13, 14), (14, 18), (15, 17), (16, 20), (18, 19)]
it=1 best=9 n=23 L=11 edges=[(0, 12), (1, 6), (1, 7), (1, 8), (1, 10), (1, 13), (1, 14), (1, 15), (1, 16), (2, 12), (2, 18), (3, 6), (4, 13), (5, 6), (6, 13), (8, 9), (8, 22), (10, 19), (11, 17), (12, 15), (12, 20), (14, 17), (15, 16), (18, 22), (21, 22)]
it=7 best=6 n=23 L=12 edges=[(0, 12), (0, 21), (1, 6), (1, 7), (1, 8), (1, 10), (1, 13), (1, 14), (1, 15), (1, 16), (2, 12), (2, 18), (3, 6), (4, 13), (5, 6), (6, 13), (8, 9), (8, 22), (9, 20), (10, 19), (11, 17), (12, 15), (12, 20), (14, 17), (15, 16), (18, 22), (21, 22)]
it=44 best=4 n=23 L=12 edges=[(0, 21), (1, 6), (1, 7), (1, 8), (1, 10), (1, 14), (1, 16), (2, 12), (2, 18), (3, 13), (4, 13), (5, 6), (6, 13), (8, 9), (8, 16), (8, 22), (9, 20), (10, 19), (11, 17), (12, 15), (12, 20), (14, 17), (15, 16), (19, 22), (21, 22)]
it=163 best=3 n=23 L=9 edges=[(0, 10), (1, 6), (1, 7), (1, 16), (2, 18), (3, 13), (4, 13), (4, 18), (5, 6), (6, 17), (8, 9), (8, 12), (8, 22), (9, 20), (10, 19), (11, 17), (12, 15), (12, 19), (14, 17), (15, 16), (16, 18), (21, 22)]
it=193 best=2 n=23 L=8 edges=[(0, 10), (1, 7), (1, 16), (2, 12), (2, 17), (2, 18), (3, 13), (4, 13), (5, 10), (5, 12), (6, 17), (8, 9), (8, 12), (8, 22), (9, 20), (10, 19), (11, 17), (12, 13), (12, 15), (13, 18), (14, 17), (16, 18), (21, 22)]
it=913 best=1 n=23 L=10 edges=[(0, 10), (1, 9), (1, 21), (2, 20), (2, 22), (3, 4), (3, 21), (4, 12), (5, 6), (5, 15), (6, 16), (7, 10), (7, 18), (8, 9), (8, 22), (9, 10), (9, 11), (10, 16), (11, 17), (13, 20), (14, 17), (16, 19)]
it=2771 best=2 n=21 L=10 edges=[(0, 7), (0, 9), (1, 10), (2, 4), (2, 5), (2, 6), (3, 14), (3, 17), (4, 6), (4, 10), (4, 12), (4, 17), (6, 16), (7, 14), (8, 9), (10, 13), (11, 14), (11, 15), (13, 14), (14, 20), (17, 19), (18, 19)]
it=4822 best=1 n=21 L=8 edges=[(0, 2), (0, 6), (0, 18), (1, 18), (2, 6), (3, 4), (3, 20), (4, 8), (4, 17), (5, 6), (5, 11), (5, 15), (6, 14), (6, 16), (6, 19), (6, 20), (7, 13), (9, 11), (10, 11), (12, 13), (12, 14), (13, 16)]
