it=0 cur=10 best=10 T=2.00 elapsed=0s
it=20 best=9 n=14 L=12 edges=[(0, 1), (0, 4), (0, 7), (0, 10), (1, 2), (1, 6), (1, 7), (1, 10), (1, 12), (3, 8), (3, 11), (3, 13), (4, 9), (4, 10), (4, 13), (5, 7), (5, 10), (5, 13), (6, 11), (7, 12), (8, 10), (9, 10), (10, 12), (10, 13)]
it=78 best=8 n=14 L=9 edges=[(0, 9), (1, 2), (1, 7), (1, 10), (1, 11), (1, 12), (1, 13), (2, 4), (2, 9), (3, 7), (4, 6), (4, 9), (5, 10), (6, 7), (7, 8), (7, 9), (7, 12), (9, 10), (10, 12)]
it=102 best=7 n=14 L=10 edges=[(0, 9), (0, 12), (1, 2), (1, 10), (1, 11), (1, 12), (1, 13), (2, 6), (2, 9), (3, 7), (4, 6), (4, 9), (4, 11), (5, 9), (6, 7), (6, 10), (7, 8), (7, 12), (10, 12)]
it=111 best=6 n=14 L=7 edges=[(0, 9), (1, 2), (1, 10), (1, 11), (1, 12), (1, 13), (2, 6), (3, 7), (4, 6), (4, 9), (5, 9), (6, 7), (6, 10), (6, 11), (7, 8), (10, 12)]
it=122 best=5 n=14 L=6 edges=[(0, 9), (1, 2), (1, 6), (1, 10), (1, 12), (1, 13), (3, 7), (4, 6), (4, 9), (5, 9), (6, 7), (6, 10), (6, 11), (7, 8)]
it=129 best=4 n=14 L=5 edges=[(0, 9), (1, 2), (1, 6), (1, 10), (1, 12), (1, 13), (3, 7), (4, 6), (5, 9), (6, 7), (6, 11), (7, 8), (7, 9)]
it=200 cur=8 best=4 T=2.00 elapsed=1s
it=334 best=2 n=14 L=7 edges=[(0, 5), (0, 12), (1, 9), (2, 10), (2, 13), (3, 5), (3, 8), (3, 12), (4, 5), (4, 6), (4, 11), (5, 10), (6, 7), (9, 12)]
it=400 cur=3 best=2 T=2.00 elapsed=1s
it=600 cur=9 best=2 T=1.99 elapsed=2s
it=800 cur=7 best=2 T=1.99 elapsed=2s
it=1000 cur=7 best=2 T=1.99 elapsed=3s
it=1200 cur=7 best=2 T=1.99 elapsed=3s
it=1328 best=1 n=14 L=6 edges=[(0, 4), (0, 10), (1, 3), (1, 10), (2, 7), (2, 12), (3, 5), (3, 9), (4, 13), (5, 10), (6, 12), (8, 10), (10, 11), (10, 12)]
it=1400 cur=1 best=1 T=1.99 elapsed=3s
it=1600 cur=8 best=1 T=1.98 elapsed=3s
it=1800 cur=3 best=1 T=1.98 elapsed=3s
it=2000 cur=9 best=1 T=1.98 elapsed=3s
it=2200 cur=3 best=1 T=1.98 elapsed=4s
it=2400 cur=14 best=1 T=1.98 elapsed=4s
it=2600 cur=1 best=1 T=1.97 elapsed=4s
it=2800 cur=11 best=1 T=1.97 elapsed=4s
it=3000 cur=9 best=1 T=1.97 elapsed=4s
it=3200 cur=4 best=1 T=1.97 elapsed=4s
it=3400 cur=8 best=1 T=1.97 elapsed=5s
it=3600 cur=1 best=1 T=1.96 elapsed=5s
it=3800 cur=4 best=1 T=1.96 elapsed=5s
it=4000 cur=9 best=1 T=1.96 elapsed=5s
it=4200 cur=4 best=1 T=1.96 elapsed=6s
it=4400 cur=7 best=1 T=1.96 elapsed=6s
it=4600 cur=8 best=1 T=1.95 elapsed=6s
it=4800 cur=5 best=1 T=1.95 elapsed=9s
it=5000 cur=2 best=1 T=1.95 elapsed=9s
it=5200 cur=6 best=1 T=1.95 elapsed=10s
it=5400 cur=4 best=1 T=1.95 elapsed=10s
it=5600 cur=4 best=1 T=1.94 elapsed=10s
it=5800 cur=8 best=1 T=1.94 elapsed=10s
it=6000 cur=11 best=1 T=1.94 elapsed=10s
it=6200 cur=11 best=1 T=1.94 elapsed=10s
it=6400 cur=9 best=1 T=1.94 elapsed=10s
it=6600 cur=9 best=1 T=1.93 elapsed=10s
it=6800 cur=6 best=1 T=1.93 elapsed=11s
it=7000 cur=11 best=1 T=1.93 elapsed=11s
it=7200 cur=8 best=1 T=1.93 elapsed=11s
it=7400 cur=11 best=1 T=1.93 elapsed=11s
it=7600 cur=1 best=1 T=1.92 elapsed=11s
it=7800 cur=5 best=1 T=1.92 elapsed=11s
it=8000 cur=6 best=1 T=1.92 elapsed=11s
it=8200 cur=9 best=1 T=1.92 elapsed=11s
it=8400 cur=1 best=1 T=1.92 elapsed=11s
it=8600 cur=6 best=1 T=1.91 elapsed=11s
it=8800 cur=6 best=1 T=1.91 elapsed=12s
it=9000 cur=5 best=1 T=1.91 elapsed=12s
it=9200 cur=5 best=1 T=1.91 elapsed=13s
it=9400 cur=6 best=1 T=1.91 elapsed=13s
it=9600 cur=8 best=1 T=1.90 elapsed=13s
it=9800 cur=7 best=1 T=1.90 elapsed=13s
it=10000 cur=6 best=1 T=1.90 elapsed=13s
it=10200 cur=8 best=1 T=1.90 elapsed=13s
it=10400 cur=10 best=1 T=1.90 elapsed=13s
it=10600 cur=10 best=1 T=1.89 elapsed=13s
it=10800 cur=3 best=1 T=1.89 elapsed=13s
it=11000 cur=10 best=1 T=1.89 elapsed=14s
it=11200 cur=6 best=1 T=1.89 elapsed=14s
it=11400 cur=5 best=1 T=1.89 elapsed=14s
it=11600 cur=4 best=1 T=1.88 elapsed=14s
it=11800 cur=6 best=1 T=1.88 elapsed=14s
it=12000 cur=5 best=1 T=1.88 elapsed=14s
it=12200 cur=10 best=1 T=1.88 elapsed=14s
it=12400 cur=5 best=1 T=1.88 elapsed=14s
it=12600 cur=2 best=1 T=1.87 elapsed=14s
it=12800 cur=6 best=1 T=1.87 elapsed=15s
it=13000 cur=7 best=1 T=1.87 elapsed=15s
it=13200 cur=7 best=1 T=1.87 elapsed=15s
it=13400 cur=1 best=1 T=1.87 elapsed=15s
it=13600 cur=3 best=1 T=1.86 elapsed=15s
it=13800 cur=7 best=1 T=1.86 elapsed=15s
it=14000 cur=7 best=1 T=1.86 elapsed=15s
it=14200 cur=10 best=1 T=1.86 elapsed=15s
it=14400 cur=14 best=1 T=1.86 elapsed=15s
it=14600 cur=12 best=1 T=1.85 elapsed=16s
it=14800 cur=9 best=1 T=1.85 elapsed=16s
it=15000 cur=5 best=1 T=1.85 elapsed=16s
it=15200 cur=1 best=1 T=1.85 elapsed=17s
it=15400 cur=5 best=1 T=1.85 elapsed=17s
it=15600 cur=6 best=1 T=1.84 elapsed=18s
it=15800 cur=4 best=1 T=1.84 elapsed=18s
it=16000 cur=6 best=1 T=1.84 elapsed=18s
it=16200 cur=5 best=1 T=1.84 elapsed=18s
it=16400 cur=9 best=1 T=1.84 elapsed=19s
it=16600 cur=5 best=1 T=1.83 elapsed=19s
it=16800 cur=13 best=1 T=1.83 elapsed=19s
it=17000 cur=5 best=1 T=1.83 elapsed=19s
it=17200 cur=7 best=1 T=1.83 elapsed=19s
it=17400 cur=6 best=1 T=1.83 elapsed=19s
it=17600 cur=6 best=1 T=1.82 elapsed=20s
it=17800 cur=5 best=1 T=1.82 elapsed=20s
it=18000 cur=11 best=1 T=1.82 elapsed=20s
it=18200 cur=7 best=1 T=1.82 elapsed=20s
it=18400 cur=1 best=1 T=1.82 elapsed=20s
it=18600 cur=4 best=1 T=1.81 elapsed=20s
it=18800 cur=9 best=1 T=1.81 elapsed=20s
it=19000 cur=1 best=1 T=1.81 elapsed=20s
it=19200 cur=1 best=1 T=1.81 elapsed=20s
it=19400 cur=11 best=1 T=1.81 elapsed=20s
it=19600 cur=7 best=1 T=1.80 elapsed=21s
it=19800 cur=10 best=1 T=1.80 elapsed=21s
it=20000 cur=7 best=1 T=1.80 elapsed=21s
it=20200 cur=12 best=1 T=1.80 elapsed=21s
it=20400 cur=5 best=1 T=1.80 elapsed=21s
it=20600 cur=7 best=1 T=1.79 elapsed=22s
it=20800 cur=8 best=1 T=1.79 elapsed=22s
it=21000 cur=9 best=1 T=1.79 elapsed=23s
it=21200 cur=5 best=1 T=1.79 elapsed=24s
it=21400 cur=8 best=1 T=1.79 elapsed=24s
it=21600 cur=5 best=1 T=1.78 elapsed=24s
it=21800 cur=10 best=1 T=1.78 elapsed=24s
it=22000 cur=3 best=1 T=1.78 elapsed=24s
it=22200 cur=11 best=1 T=1.78 elapsed=24s
it=22400 cur=10 best=1 T=1.78 elapsed=24s
it=22600 cur=4 best=1 T=1.77 elapsed=24s
it=22800 cur=4 best=1 T=1.77 elapsed=25s
it=23000 cur=4 best=1 T=1.77 elapsed=25s
it=23200 cur=3 best=1 T=1.77 elapsed=25s
it=23400 cur=8 best=1 T=1.77 elapsed=25s
it=23600 cur=6 best=1 T=1.76 elapsed=25s
it=23800 cur=10 best=1 T=1.76 elapsed=25s
it=24000 cur=9 best=1 T=1.76 elapsed=25s
it=24200 cur=1 best=1 T=1.76 elapsed=25s
it=24400 cur=9 best=1 T=1.76 elapsed=26s
it=24600 cur=1 best=1 T=1.75 elapsed=26s
it=24800 cur=6 best=1 T=1.75 elapsed=26s
it=25000 cur=5 best=1 T=1.75 elapsed=26s
it=25200 cur=8 best=1 T=1.75 elapsed=26s
it=25400 cur=7 best=1 T=1.75 elapsed=26s
it=25600 cur=10 best=1 T=1.74 elapsed=26s
it=25800 cur=6 best=1 T=1.74 elapsed=26s
it=26000 cur=5 best=1 T=1.74 elapsed=26s
it=26200 cur=5 best=1 T=1.74 elapsed=26s
it=26400 cur=6 best=1 T=1.74 elapsed=26s
it=26600 cur=10 best=1 T=1.73 elapsed=26s
it=26800 cur=5 best=1 T=1.73 elapsed=26s
it=27000 cur=5 best=1 T=1.73 elapsed=26s
it=27200 cur=8 best=1 T=1.73 elapsed=27s
it=27400 cur=5 best=1 T=1.73 elapsed=27s
it=27600 cur=2 best=1 T=1.72 elapsed=27s
it=27800 cur=1 best=1 T=1.72 elapsed=27s
it=28000 cur=5 best=1 T=1.72 elapsed=27s
it=28200 cur=2 best=1 T=1.72 elapsed=27s
it=28400 cur=6 best=1 T=1.72 elapsed=27s
it=28600 cur=9 best=1 T=1.71 elapsed=27s
it=28800 cur=7 best=1 T=1.71 elapsed=27s
it=29000 cur=8 best=1 T=1.71 elapsed=28s
it=29200 cur=2 best=1 T=1.71 elapsed=28s
it=29400 cur=6 best=1 T=1.71 elapsed=28s
it=29600 cur=10 best=1 T=1.70 elapsed=28s
it=29800 cur=11 best=1 T=1.70 elapsed=28s
it=30000 cur=4 best=1 T=1.70 elapsed=28s
it=30200 cur=7 best=1 T=1.70 elapsed=28s
it=30400 cur=1 best=1 T=1.70 elapsed=29s
it=30600 cur=1 best=1 T=1.69 elapsed=29s
it=30800 cur=10 best=1 T=1.69 elapsed=29s
it=31000 cur=14 best=1 T=1.69 elapsed=29s
it=31200 cur=8 best=1 T=1.69 elapsed=29s
it=31400 cur=1 best=1 T=1.69 elapsed=29s
it=31600 cur=1 best=1 T=1.68 elapsed=30s
it=31800 cur=5 best=1 T=1.68 elapsed=30s
it=32000 cur=4 best=1 T=1.68 elapsed=30s
it=32200 cur=2 best=1 T=1.68 elapsed=30s
it=32400 cur=2 best=1 T=1.68 elapsed=30s
it=32600 cur=5 best=1 T=1.67 elapsed=30s
it=32800 cur=1 best=1 T=1.67 elapsed=30s
it=33000 cur=6 best=1 T=1.67 elapsed=30s
it=33200 cur=8 best=1 T=1.67 elapsed=30s
it=33400 cur=6 best=1 T=1.67 elapsed=30s
it=33600 cur=7 best=1 T=1.66 elapsed=30s
it=33800 cur=8 best=1 T=1.66 elapsed=31s
it=34000 cur=3 best=1 T=1.66 elapsed=31s
it=34200 cur=12 best=1 T=1.66 elapsed=31s
it=34400 cur=10 best=1 T=1.66 elapsed=31s
it=34600 cur=6 best=1 T=1.65 elapsed=31s
it=34800 cur=3 best=1 T=1.65 elapsed=31s
it=35000 cur=11 best=1 T=1.65 elapsed=32s
it=35200 cur=5 best=1 T=1.65 elapsed=32s
it=35400 cur=12 best=1 T=1.65 elapsed=32s
it=35600 cur=8 best=1 T=1.64 elapsed=32s
it=35800 cur=5 best=1 T=1.64 elapsed=32s
it=36000 cur=7 best=1 T=1.64 elapsed=32s
it=36200 cur=6 best=1 T=1.64 elapsed=32s
it=36400 cur=3 best=1 T=1.64 elapsed=32s
it=36600 cur=8 best=1 T=1.63 elapsed=32s
it=36800 cur=1 best=1 T=1.63 elapsed=32s
it=37000 cur=5 best=1 T=1.63 elapsed=33s
it=37200 cur=2 best=1 T=1.63 elapsed=33s
it=37400 cur=9 best=1 T=1.63 elapsed=33s
it=37600 cur=9 best=1 T=1.62 elapsed=33s
it=37800 cur=5 best=1 T=1.62 elapsed=33s
it=38000 cur=1 best=1 T=1.62 elapsed=33s
it=38200 cur=11 best=1 T=1.62 elapsed=33s
it=38400 cur=6 best=1 T=1.62 elapsed=34s
it=38600 cur=11 best=1 T=1.61 elapsed=34s
it=38800 cur=3 best=1 T=1.61 elapsed=34s
it=39000 cur=1 best=1 T=1.61 elapsed=34s
it=39200 cur=2 best=1 T=1.61 elapsed=34s
it=39400 cur=7 best=1 T=1.61 elapsed=34s
it=39600 cur=7 best=1 T=1.60 elapsed=34s
it=39800 cur=4 best=1 T=1.60 elapsed=34s
it=40000 cur=5 best=1 T=1.60 elapsed=34s
it=40200 cur=5 best=1 T=1.60 elapsed=34s
it=40400 cur=2 best=1 T=1.60 elapsed=34s
it=40600 cur=1 best=1 T=1.59 elapsed=34s
it=40800 cur=3 best=1 T=1.59 elapsed=34s
it=41000 cur=3 best=1 T=1.59 elapsed=35s
it=41200 cur=7 best=1 T=1.59 elapsed=35s
it=41400 cur=12 best=1 T=1.59 elapsed=35s
it=41600 cur=9 best=1 T=1.58 elapsed=35s
it=41800 cur=8 best=1 T=1.58 elapsed=36s
it=42000 cur=8 best=1 T=1.58 elapsed=36s
it=42200 cur=9 best=1 T=1.58 elapsed=36s
it=42400 cur=7 best=1 T=1.58 elapsed=36s
it=42600 cur=10 best=1 T=1.57 elapsed=36s
it=42800 cur=6 best=1 T=1.57 elapsed=36s
it=43000 cur=9 best=1 T=1.57 elapsed=36s
it=43200 cur=10 best=1 T=1.57 elapsed=38s
it=43400 cur=7 best=1 T=1.57 elapsed=38s
it=43600 cur=5 best=1 T=1.56 elapsed=38s
it=43800 cur=4 best=1 T=1.56 elapsed=38s
it=44000 cur=6 best=1 T=1.56 elapsed=38s
it=44200 cur=9 best=1 T=1.56 elapsed=38s
it=44400 cur=3 best=1 T=1.56 elapsed=38s
it=44600 cur=9 best=1 T=1.55 elapsed=39s
it=44800 cur=2 best=1 T=1.55 elapsed=39s
it=45000 cur=12 best=1 T=1.55 elapsed=39s
it=45200 cur=3 best=1 T=1.55 elapsed=39s
it=45400 cur=7 best=1 T=1.55 elapsed=39s
it=45600 cur=5 best=1 T=1.54 elapsed=39s
it=45800 cur=7 best=1 T=1.54 elapsed=39s
it=46000 cur=6 best=1 T=1.54 elapsed=39s
it=46200 cur=3 best=1 T=1.54 elapsed=39s
it=46400 cur=12 best=1 T=1.54 elapsed=39s
it=46600 cur=1 best=1 T=1.53 elapsed=39s
it=46800 cur=7 best=1 T=1.53 elapsed=39s
it=47000 cur=5 best=1 T=1.53 elapsed=39s
it=47200 cur=5 best=1 T=1.53 elapsed=39s
it=47400 cur=11 best=1 T=1.53 elapsed=40s
it=47600 cur=3 best=1 T=1.52 elapsed=40s
it=47800 cur=6 best=1 T=1.52 elapsed=40s
it=48000 cur=7 best=1 T=1.52 elapsed=40s
it=48200 cur=13 best=1 T=1.52 elapsed=40s
it=48400 cur=7 best=1 T=1.52 elapsed=40s
it=48600 cur=2 best=1 T=1.51 elapsed=40s
it=48800 cur=1 best=1 T=1.51 elapsed=40s
it=49000 cur=2 best=1 T=1.51 elapsed=40s
it=49200 cur=1 best=1 T=1.51 elapsed=40s
it=49400 cur=6 best=1 T=1.51 elapsed=40s
it=49600 cur=7 best=1 T=1.50 elapsed=40s
it=49800 cur=6 best=1 T=1.50 elapsed=40s
it=50000 cur=3 best=1 T=1.50 elapsed=40s
it=50200 cur=10 best=1 T=1.50 elapsed=41s
it=50400 cur=4 best=1 T=1.50 elapsed=41s
it=50600 cur=5 best=1 T=1.49 elapsed=41s
it=50800 cur=10 best=1 T=1.49 elapsed=41s
it=51000 cur=6 best=1 T=1.49 elapsed=41s
it=51200 cur=5 best=1 T=1.49 elapsed=41s
it=51400 cur=6 best=1 T=1.49 elapsed=42s
it=51600 cur=6 best=1 T=1.48 elapsed=42s
it=51800 cur=2 best=1 T=1.48 elapsed=42s
it=52000 cur=5 best=1 T=1.48 elapsed=42s
it=52200 cur=6 best=1 T=1.48 elapsed=42s
it=52400 cur=8 best=1 T=1.48 elapsed=42s
it=52600 cur=8 best=1 T=1.47 elapsed=42s
it=52800 cur=10 best=1 T=1.47 elapsed=43s
it=53000 cur=9 best=1 T=1.47 elapsed=43s
it=53200 cur=7 best=1 T=1.47 elapsed=43s
it=53400 cur=3 best=1 T=1.47 elapsed=43s
it=53600 cur=5 best=1 T=1.46 elapsed=43s
it=53800 cur=7 best=1 T=1.46 elapsed=43s
it=54000 cur=1 best=1 T=1.46 elapsed=44s
it=54200 cur=7 best=1 T=1.46 elapsed=44s
it=54400 cur=1 best=1 T=1.46 elapsed=44s
it=54600 cur=6 best=1 T=1.45 elapsed=44s
it=54800 cur=1 best=1 T=1.45 elapsed=44s
it=55000 cur=5 best=1 T=1.45 elapsed=44s
it=55200 cur=9 best=1 T=1.45 elapsed=44s
it=55400 cur=8 best=1 T=1.45 elapsed=44s
it=55600 cur=5 best=1 T=1.44 elapsed=44s
it=55800 cur=3 best=1 T=1.44 elapsed=44s
it=56000 cur=3 best=1 T=1.44 elapsed=44s
it=56200 cur=2 best=1 T=1.44 elapsed=44s
it=56400 cur=9 best=1 T=1.44 elapsed=44s
it=56600 cur=4 best=1 T=1.43 elapsed=45s
it=56800 cur=1 best=1 T=1.43 elapsed=45s
it=57000 cur=1 best=1 T=1.43 elapsed=45s
it=57200 cur=7 best=1 T=1.43 elapsed=45s
it=57400 cur=8 best=1 T=1.43 elapsed=45s
it=57600 cur=1 best=1 T=1.42 elapsed=45s
it=57800 cur=4 best=1 T=1.42 elapsed=45s
it=58000 cur=12 best=1 T=1.42 elapsed=45s
it=58200 cur=3 best=1 T=1.42 elapsed=47s
it=58400 cur=6 best=1 T=1.42 elapsed=47s
it=58600 cur=5 best=1 T=1.41 elapsed=47s
it=58800 cur=2 best=1 T=1.41 elapsed=47s
it=59000 cur=6 best=1 T=1.41 elapsed=47s
it=59200 cur=6 best=1 T=1.41 elapsed=47s
it=59400 cur=1 best=1 T=1.41 elapsed=47s
it=59600 cur=2 best=1 T=1.40 elapsed=47s
it=59800 cur=7 best=1 T=1.40 elapsed=47s
it=60000 cur=10 best=1 T=1.40 elapsed=48s
it=60200 cur=4 best=1 T=1.40 elapsed=48s
it=60400 cur=1 best=1 T=1.40 elapsed=48s
it=60600 cur=2 best=1 T=1.39 elapsed=48s
it=60800 cur=4 best=1 T=1.39 elapsed=48s
it=61000 cur=5 best=1 T=1.39 elapsed=48s
it=61200 cur=7 best=1 T=1.39 elapsed=48s
it=61400 cur=12 best=1 T=1.39 elapsed=49s
it=61600 cur=8 best=1 T=1.38 elapsed=49s
it=61800 cur=1 best=1 T=1.38 elapsed=49s
it=62000 cur=6 best=1 T=1.38 elapsed=49s
it=62200 cur=5 best=1 T=1.38 elapsed=49s
it=62400 cur=3 best=1 T=1.38 elapsed=50s
it=62600 cur=2 best=1 T=1.37 elapsed=50s
it=62800 cur=3 best=1 T=1.37 elapsed=50s
it=63000 cur=8 best=1 T=1.37 elapsed=50s
it=63200 cur=6 best=1 T=1.37 elapsed=50s
it=63400 cur=10 best=1 T=1.37 elapsed=50s
it=63600 cur=6 best=1 T=1.36 elapsed=50s
it=63800 cur=8 best=1 T=1.36 elapsed=50s
it=64000 cur=14 best=1 T=1.36 elapsed=51s
it=64200 cur=9 best=1 T=1.36 elapsed=52s
it=64400 cur=3 best=1 T=1.36 elapsed=52s
it=64600 cur=3 best=1 T=1.35 elapsed=52s
it=64800 cur=3 best=1 T=1.35 elapsed=52s
it=65000 cur=1 best=1 T=1.35 elapsed=52s
it=65200 cur=1 best=1 T=1.35 elapsed=52s
it=65400 cur=6 best=1 T=1.35 elapsed=52s
it=65600 cur=6 best=1 T=1.34 elapsed=52s
it=65800 cur=5 best=1 T=1.34 elapsed=52s
it=66000 cur=10 best=1 T=1.34 elapsed=52s
it=66200 cur=1 best=1 T=1.34 elapsed=52s
it=66400 cur=3 best=1 T=1.34 elapsed=52s
it=66600 cur=3 best=1 T=1.33 elapsed=52s
it=66800 cur=12 best=1 T=1.33 elapsed=52s
it=67000 cur=5 best=1 T=1.33 elapsed=52s
it=67200 cur=2 best=1 T=1.33 elapsed=53s
it=67400 cur=4 best=1 T=1.33 elapsed=53s
it=67600 cur=6 best=1 T=1.32 elapsed=53s
it=67800 cur=5 best=1 T=1.32 elapsed=53s
it=68000 cur=9 best=1 T=1.32 elapsed=53s
it=68200 cur=3 best=1 T=1.32 elapsed=53s
it=68400 cur=6 best=1 T=1.32 elapsed=53s
it=68600 cur=1 best=1 T=1.31 elapsed=53s
it=68800 cur=1 best=1 T=1.31 elapsed=53s
it=69000 cur=1 best=1 T=1.31 elapsed=53s
it=69200 cur=1 best=1 T=1.31 elapsed=53s
it=69400 cur=1 best=1 T=1.31 elapsed=54s
it=69600 cur=1 best=1 T=1.30 elapsed=54s
it=69800 cur=1 best=1 T=1.30 elapsed=54s
it=70000 cur=1 best=1 T=1.30 elapsed=54s
it=70200 cur=1 best=1 T=1.30 elapsed=54s
it=70400 cur=1 best=1 T=1.30 elapsed=54s
it=70600 cur=1 best=1 T=1.29 elapsed=54s
it=70800 cur=1 best=1 T=1.29 elapsed=54s
it=71000 cur=1 best=1 T=1.29 elapsed=54s
it=71200 cur=1 best=1 T=1.29 elapsed=54s
it=71400 cur=1 best=1 T=1.29 elapsed=54s
it=71600 cur=1 best=1 T=1.28 elapsed=54s
it=71800 cur=1 best=1 T=1.28 elapsed=54s
it=72000 cur=5 best=1 T=1.28 elapsed=54s
it=72200 cur=1 best=1 T=1.28 elapsed=54s
it=72400 cur=1 best=1 T=1.28 elapsed=54s
it=72600 cur=5 best=1 T=1.27 elapsed=54s
it=72800 cur=2 best=1 T=1.27 elapsed=54s
it=73000 cur=7 best=1 T=1.27 elapsed=54s
it=73200 cur=9 best=1 T=1.27 elapsed=55s
it=73400 cur=5 best=1 T=1.27 elapsed=55s
it=73600 cur=7 best=1 T=1.26 elapsed=55s
it=73800 cur=2 best=1 T=1.26 elapsed=55s
it=74000 cur=6 best=1 T=1.26 elapsed=55s
it=74200 cur=6 best=1 T=1.26 elapsed=55s
it=74400 cur=1 best=1 T=1.26 elapsed=55s
it=74600 cur=1 best=1 T=1.25 elapsed=55s
it=74800 cur=1 best=1 T=1.25 elapsed=55s
it=75000 cur=6 best=1 T=1.25 elapsed=55s
it=75200 cur=9 best=1 T=1.25 elapsed=55s
it=75400 cur=7 best=1 T=1.25 elapsed=55s
it=75600 cur=6 best=1 T=1.24 elapsed=56s
it=75800 cur=6 best=1 T=1.24 elapsed=56s
it=76000 cur=9 best=1 T=1.24 elapsed=56s
it=76200 cur=3 best=1 T=1.24 elapsed=56s
it=76400 cur=11 best=1 T=1.24 elapsed=56s
it=76600 cur=7 best=1 T=1.23 elapsed=56s
it=76800 cur=5 best=1 T=1.23 elapsed=56s
it=77000 cur=1 best=1 T=1.23 elapsed=56s
it=77200 cur=10 best=1 T=1.23 elapsed=57s
it=77400 cur=1 best=1 T=1.23 elapsed=57s
it=77600 cur=5 best=1 T=1.22 elapsed=57s
it=77800 cur=1 best=1 T=1.22 elapsed=57s
it=78000 cur=1 best=1 T=1.22 elapsed=57s
it=78200 cur=1 best=1 T=1.22 elapsed=57s
it=78400 cur=1 best=1 T=1.22 elapsed=57s
it=78600 cur=5 best=1 T=1.21 elapsed=57s
it=78800 cur=3 best=1 T=1.21 elapsed=57s
it=79000 cur=1 best=1 T=1.21 elapsed=57s
it=79200 cur=1 best=1 T=1.21 elapsed=57s
it=79400 cur=1 best=1 T=1.21 elapsed=57s
it=79600 cur=5 best=1 T=1.20 elapsed=57s
it=79800 cur=4 best=1 T=1.20 elapsed=57s
it=80000 cur=2 best=1 T=1.20 elapsed=57s
it=80200 cur=6 best=1 T=1.20 elapsed=57s
it=80400 cur=2 best=1 T=1.20 elapsed=58s
it=80600 cur=2 best=1 T=1.19 elapsed=58s
it=80800 cur=6 best=1 T=1.19 elapsed=58s
it=81000 cur=7 best=1 T=1.19 elapsed=58s
it=81200 cur=5 best=1 T=1.19 elapsed=58s
it=81400 cur=1 best=1 T=1.19 elapsed=58s
it=81600 cur=3 best=1 T=1.18 elapsed=58s
it=81800 cur=2 best=1 T=1.18 elapsed=58s
it=82000 cur=2 best=1 T=1.18 elapsed=58s
it=82200 cur=1 best=1 T=1.18 elapsed=58s
it=82400 cur=6 best=1 T=1.18 elapsed=58s
it=82600 cur=4 best=1 T=1.17 elapsed=58s
it=82800 cur=5 best=1 T=1.17 elapsed=58s
it=83000 cur=3 best=1 T=1.17 elapsed=58s
it=83200 cur=6 best=1 T=1.17 elapsed=58s
it=83400 cur=2 best=1 T=1.17 elapsed=58s
it=83600 cur=2 best=1 T=1.16 elapsed=59s
it=83800 cur=3 best=1 T=1.16 elapsed=59s
it=84000 cur=1 best=1 T=1.16 elapsed=59s
it=84200 cur=1 best=1 T=1.16 elapsed=59s
it=84400 cur=1 best=1 T=1.16 elapsed=59s
it=84600 cur=1 best=1 T=1.15 elapsed=59s
it=84800 cur=1 best=1 T=1.15 elapsed=59s
it=85000 cur=1 best=1 T=1.15 elapsed=59s
it=85200 cur=1 best=1 T=1.15 elapsed=59s
it=85400 cur=1 best=1 T=1.15 elapsed=59s
it=85600 cur=3 best=1 T=1.14 elapsed=59s
it=85800 cur=3 best=1 T=1.14 elapsed=59s
it=86000 cur=3 best=1 T=1.14 elapsed=59s
it=86200 cur=3 best=1 T=1.14 elapsed=59s
it=86400 cur=5 best=1 T=1.14 elapsed=59s
it=86600 cur=6 best=1 T=1.13 elapsed=59s
it=86800 cur=5 best=1 T=1.13 elapsed=59s
it=87000 cur=1 best=1 T=1.13 elapsed=59s
it=87200 cur=1 best=1 T=1.13 elapsed=59s
it=87400 cur=4 best=1 T=1.13 elapsed=60s
it=87600 cur=11 best=1 T=1.12 elapsed=60s
it=87800 cur=2 best=1 T=1.12 elapsed=60s
it=88000 cur=2 best=1 T=1.12 elapsed=60s
it=88200 cur=4 best=1 T=1.12 elapsed=60s
it=88400 cur=12 best=1 T=1.12 elapsed=60s
it=88600 cur=3 best=1 T=1.11 elapsed=60s
it=88800 cur=6 best=1 T=1.11 elapsed=60s
it=89000 cur=2 best=1 T=1.11 elapsed=60s
it=89200 cur=7 best=1 T=1.11 elapsed=60s
it=89400 cur=1 best=1 T=1.11 elapsed=60s
it=89600 cur=1 best=1 T=1.10 elapsed=60s
it=89800 cur=1 best=1 T=1.10 elapsed=60s
it=90000 cur=1 best=1 T=1.10 elapsed=60s
it=90200 cur=1 best=1 T=1.10 elapsed=60s
it=90400 cur=1 best=1 T=1.10 elapsed=60s
it=90600 cur=1 best=1 T=1.09 elapsed=61s
it=90800 cur=1 best=1 T=1.09 elapsed=61s
it=91000 cur=1 best=1 T=1.09 elapsed=61s
it=91200 cur=1 best=1 T=1.09 elapsed=61s
it=91400 cur=1 best=1 T=1.09 elapsed=61s
it=91600 cur=1 best=1 T=1.08 elapsed=61s
it=91800 cur=1 best=1 T=1.08 elapsed=61s
it=92000 cur=1 best=1 T=1.08 elapsed=61s
it=92200 cur=2 best=1 T=1.08 elapsed=61s
it=92400 cur=5 best=1 T=1.08 elapsed=61s
it=92600 cur=5 best=1 T=1.07 elapsed=61s
it=92800 cur=7 best=1 T=1.07 elapsed=61s
it=93000 cur=3 best=1 T=1.07 elapsed=61s
it=93200 cur=5 best=1 T=1.07 elapsed=61s
it=93400 cur=2 best=1 T=1.07 elapsed=61s
it=93600 cur=7 best=1 T=1.06 elapsed=61s
it=93800 cur=3 best=1 T=1.06 elapsed=61s
it=94000 cur=5 best=1 T=1.06 elapsed=61s
it=94200 cur=1 best=1 T=1.06 elapsed=62s
it=94400 cur=1 best=1 T=1.06 elapsed=62s
it=94600 cur=1 best=1 T=1.05 elapsed=62s
it=94800 cur=3 best=1 T=1.05 elapsed=62s
it=95000 cur=7 best=1 T=1.05 elapsed=63s
it=95200 cur=6 best=1 T=1.05 elapsed=64s
it=95400 cur=7 best=1 T=1.05 elapsed=65s
it=95600 cur=8 best=1 T=1.04 elapsed=65s
it=95800 cur=3 best=1 T=1.04 elapsed=65s
it=96000 cur=4 best=1 T=1.04 elapsed=65s
it=96200 cur=5 best=1 T=1.04 elapsed=65s
it=96400 cur=1 best=1 T=1.04 elapsed=65s
it=96600 cur=1 best=1 T=1.03 elapsed=65s
it=96800 cur=1 best=1 T=1.03 elapsed=65s
it=97000 cur=8 best=1 T=1.03 elapsed=65s
it=97200 cur=1 best=1 T=1.03 elapsed=65s
it=97400 cur=1 best=1 T=1.03 elapsed=65s
it=97600 cur=1 best=1 T=1.02 elapsed=65s
it=97800 cur=1 best=1 T=1.02 elapsed=65s
it=98000 cur=1 best=1 T=1.02 elapsed=65s
it=98200 cur=1 best=1 T=1.02 elapsed=65s
it=98400 cur=1 best=1 T=1.02 elapsed=65s
it=98600 cur=1 best=1 T=1.01 elapsed=65s
it=98800 cur=2 best=1 T=1.01 elapsed=65s
it=99000 cur=6 best=1 T=1.01 elapsed=66s
it=99200 cur=5 best=1 T=1.01 elapsed=66s
it=99400 cur=2 best=1 T=1.01 elapsed=66s
it=99600 cur=3 best=1 T=1.00 elapsed=66s
it=99800 cur=3 best=1 T=1.00 elapsed=66s
it=100000 cur=3 best=1 T=1.00 elapsed=66s
it=100200 cur=3 best=1 T=1.00 elapsed=66s
it=100400 cur=3 best=1 T=1.00 elapsed=66s
it=100600 cur=3 best=1 T=0.99 elapsed=66s
it=100800 cur=2 best=1 T=0.99 elapsed=66s
it=101000 cur=4 best=1 T=0.99 elapsed=66s
it=101200 cur=4 best=1 T=0.99 elapsed=66s
it=101400 cur=4 best=1 T=0.99 elapsed=66s
it=101600 cur=1 best=1 T=0.98 elapsed=66s
it=101800 cur=1 best=1 T=0.98 elapsed=67s
it=102000 cur=1 best=1 T=0.98 elapsed=67s
it=102200 cur=1 best=1 T=0.98 elapsed=67s
it=102400 cur=3 best=1 T=0.98 elapsed=67s
it=102600 cur=4 best=1 T=0.97 elapsed=67s
it=102800 cur=8 best=1 T=0.97 elapsed=67s
it=103000 cur=6 best=1 T=0.97 elapsed=67s
it=103200 cur=2 best=1 T=0.97 elapsed=67s
it=103400 cur=6 best=1 T=0.97 elapsed=67s
it=103600 cur=1 best=1 T=0.96 elapsed=67s
it=103800 cur=1 best=1 T=0.96 elapsed=67s
it=104000 cur=1 best=1 T=0.96 elapsed=67s
it=104200 cur=1 best=1 T=0.96 elapsed=67s
it=104400 cur=2 best=1 T=0.96 elapsed=67s
it=104600 cur=3 best=1 T=0.95 elapsed=67s
it=104800 cur=7 best=1 T=0.95 elapsed=67s
it=105000 cur=8 best=1 T=0.95 elapsed=68s
it=105200 cur=2 best=1 T=0.95 elapsed=68s
it=105400 cur=2 best=1 T=0.95 elapsed=68s
it=105600 cur=6 best=1 T=0.94 elapsed=68s
it=105800 cur=6 best=1 T=0.94 elapsed=68s
it=106000 cur=1 best=1 T=0.94 elapsed=68s
it=106200 cur=1 best=1 T=0.94 elapsed=68s
it=106400 cur=1 best=1 T=0.94 elapsed=68s
it=106600 cur=1 best=1 T=0.93 elapsed=68s
it=106800 cur=1 best=1 T=0.93 elapsed=68s
it=107000 cur=1 best=1 T=0.93 elapsed=68s
it=107200 cur=5 best=1 T=0.93 elapsed=69s
it=107400 cur=5 best=1 T=0.93 elapsed=69s
it=107600 cur=5 best=1 T=0.92 elapsed=69s
it=107800 cur=1 best=1 T=0.92 elapsed=69s
it=108000 cur=1 best=1 T=0.92 elapsed=69s
it=108200 cur=1 best=1 T=0.92 elapsed=69s
it=108400 cur=1 best=1 T=0.92 elapsed=69s
it=108600 cur=1 best=1 T=0.91 elapsed=69s
it=108800 cur=1 best=1 T=0.91 elapsed=69s
it=109000 cur=1 best=1 T=0.91 elapsed=69s
it=109200 cur=4 best=1 T=0.91 elapsed=69s
it=109400 cur=3 best=1 T=0.91 elapsed=69s
it=109600 cur=2 best=1 T=0.90 elapsed=69s
it=109800 cur=2 best=1 T=0.90 elapsed=69s
it=110000 cur=2 best=1 T=0.90 elapsed=69s
it=110200 cur=1 best=1 T=0.90 elapsed=69s
it=110400 cur=1 best=1 T=0.90 elapsed=69s
it=110600 cur=1 best=1 T=0.89 elapsed=69s
it=110800 cur=6 best=1 T=0.89 elapsed=69s
it=111000 cur=6 best=1 T=0.89 elapsed=69s
it=111200 cur=1 best=1 T=0.89 elapsed=70s
it=111400 cur=1 best=1 T=0.89 elapsed=70s
it=111600 cur=1 best=1 T=0.88 elapsed=70s
it=111800 cur=1 best=1 T=0.88 elapsed=70s
it=112000 cur=1 best=1 T=0.88 elapsed=70s
it=112200 cur=1 best=1 T=0.88 elapsed=70s
it=112400 cur=1 best=1 T=0.88 elapsed=70s
it=112600 cur=1 best=1 T=0.87 elapsed=70s
it=112800 cur=4 best=1 T=0.87 elapsed=70s
it=113000 cur=3 best=1 T=0.87 elapsed=70s
it=113200 cur=3 best=1 T=0.87 elapsed=70s
it=113400 cur=2 best=1 T=0.87 elapsed=70s
it=113600 cur=2 best=1 T=0.86 elapsed=70s
it=113800 cur=2 best=1 T=0.86 elapsed=70s
it=114000 cur=6 best=1 T=0.86 elapsed=70s
it=114200 cur=3 best=1 T=0.86 elapsed=70s
it=114400 cur=4 best=1 T=0.86 elapsed=70s
it=114600 cur=3 best=1 T=0.85 elapsed=70s
it=114800 cur=3 best=1 T=0.85 elapsed=70s
it=115000 cur=3 best=1 T=0.85 elapsed=71s
it=115200 cur=6 best=1 T=0.85 elapsed=71s
it=115400 cur=1 best=1 T=0.85 elapsed=71s
it=115600 cur=1 best=1 T=0.84 elapsed=71s
it=115800 cur=1 best=1 T=0.84 elapsed=71s
it=116000 cur=1 best=1 T=0.84 elapsed=71s
it=116200 cur=1 best=1 T=0.84 elapsed=71s
it=116400 cur=1 best=1 T=0.84 elapsed=71s
it=116600 cur=1 best=1 T=0.83 elapsed=71s
it=116800 cur=1 best=1 T=0.83 elapsed=71s
it=117000 cur=1 best=1 T=0.83 elapsed=71s
it=117200 cur=1 best=1 T=0.83 elapsed=71s
it=117400 cur=1 best=1 T=0.83 elapsed=71s
it=117600 cur=1 best=1 T=0.82 elapsed=71s
it=117800 cur=3 best=1 T=0.82 elapsed=71s
it=118000 cur=1 best=1 T=0.82 elapsed=71s
it=118200 cur=3 best=1 T=0.82 elapsed=71s
it=118400 cur=3 best=1 T=0.82 elapsed=71s
it=118600 cur=2 best=1 T=0.81 elapsed=71s
it=118800 cur=2 best=1 T=0.81 elapsed=71s
it=119000 cur=1 best=1 T=0.81 elapsed=71s
it=119200 cur=5 best=1 T=0.81 elapsed=71s
it=119400 cur=1 best=1 T=0.81 elapsed=71s
it=119600 cur=1 best=1 T=0.80 elapsed=71s
it=119800 cur=1 best=1 T=0.80 elapsed=71s
it=120000 cur=1 best=1 T=0.80 elapsed=71s
it=120200 cur=1 best=1 T=0.80 elapsed=72s
it=120400 cur=1 best=1 T=0.80 elapsed=72s
it=120600 cur=1 best=1 T=0.79 elapsed=72s
it=120800 cur=1 best=1 T=0.79 elapsed=72s
it=121000 cur=1 best=1 T=0.79 elapsed=72s
it=121200 cur=1 best=1 T=0.79 elapsed=72s
it=121400 cur=1 best=1 T=0.79 elapsed=72s
it=121600 cur=1 best=1 T=0.78 elapsed=72s
it=121800 cur=4 best=1 T=0.78 elapsed=72s
it=122000 cur=1 best=1 T=0.78 elapsed=72s
it=122200 cur=1 best=1 T=0.78 elapsed=72s
it=122400 cur=1 best=1 T=0.78 elapsed=72s
it=122600 cur=1 best=1 T=0.77 elapsed=72s
it=122800 cur=3 best=1 T=0.77 elapsed=72s
it=123000 cur=1 best=1 T=0.77 elapsed=72s
it=123200 cur=2 best=1 T=0.77 elapsed=72s
it=123400 cur=2 best=1 T=0.77 elapsed=72s
it=123600 cur=2 best=1 T=0.76 elapsed=72s
it=123800 cur=2 best=1 T=0.76 elapsed=72s
it=124000 cur=2 best=1 T=0.76 elapsed=72s
it=124200 cur=4 best=1 T=0.76 elapsed=72s
it=124400 cur=5 best=1 T=0.76 elapsed=73s
it=124600 cur=4 best=1 T=0.75 elapsed=73s
it=124800 cur=1 best=1 T=0.75 elapsed=73s
it=125000 cur=6 best=1 T=0.75 elapsed=73s
it=125200 cur=6 best=1 T=0.75 elapsed=73s
it=125400 cur=7 best=1 T=0.75 elapsed=73s
it=125600 cur=3 best=1 T=0.74 elapsed=73s
it=125800 cur=3 best=1 T=0.74 elapsed=73s
it=126000 cur=4 best=1 T=0.74 elapsed=73s
it=126200 cur=2 best=1 T=0.74 elapsed=74s
it=126400 cur=1 best=1 T=0.74 elapsed=74s
it=126600 cur=1 best=1 T=0.73 elapsed=74s
it=126800 cur=1 best=1 T=0.73 elapsed=74s
it=127000 cur=1 best=1 T=0.73 elapsed=74s
it=127200 cur=1 best=1 T=0.73 elapsed=74s
it=127400 cur=1 best=1 T=0.73 elapsed=74s
it=127600 cur=1 best=1 T=0.72 elapsed=74s
it=127800 cur=1 best=1 T=0.72 elapsed=74s
it=128000 cur=1 best=1 T=0.72 elapsed=74s
it=128200 cur=1 best=1 T=0.72 elapsed=74s
it=128400 cur=1 best=1 T=0.72 elapsed=74s
it=128600 cur=1 best=1 T=0.71 elapsed=74s
it=128800 cur=1 best=1 T=0.71 elapsed=74s
it=129000 cur=1 best=1 T=0.71 elapsed=74s
it=129200 cur=1 best=1 T=0.71 elapsed=74s
it=129400 cur=1 best=1 T=0.71 elapsed=74s
it=129600 cur=1 best=1 T=0.70 elapsed=74s
it=129800 cur=1 best=1 T=0.70 elapsed=74s
it=130000 cur=1 best=1 T=0.70 elapsed=74s
it=130200 cur=1 best=1 T=0.70 elapsed=74s
it=130400 cur=1 best=1 T=0.70 elapsed=74s
it=130600 cur=1 best=1 T=0.69 elapsed=74s
it=130800 cur=1 best=1 T=0.69 elapsed=74s
it=131000 cur=1 best=1 T=0.69 elapsed=74s
it=131200 cur=7 best=1 T=0.69 elapsed=74s
it=131400 cur=4 best=1 T=0.69 elapsed=75s
it=131600 cur=6 best=1 T=0.68 elapsed=75s
it=131800 cur=2 best=1 T=0.68 elapsed=75s
it=132000 cur=2 best=1 T=0.68 elapsed=75s
it=132200 cur=2 best=1 T=0.68 elapsed=75s
it=132400 cur=2 best=1 T=0.68 elapsed=75s
it=132600 cur=3 best=1 T=0.67 elapsed=75s
it=132800 cur=3 best=1 T=0.67 elapsed=75s
it=133000 cur=2 best=1 T=0.67 elapsed=75s
it=133200 cur=2 best=1 T=0.67 elapsed=75s
it=133400 cur=2 best=1 T=0.67 elapsed=75s
it=133600 cur=3 best=1 T=0.66 elapsed=75s
it=133800 cur=2 best=1 T=0.66 elapsed=76s
it=134000 cur=2 best=1 T=0.66 elapsed=76s
it=134200 cur=3 best=1 T=0.66 elapsed=76s
it=134400 cur=3 best=1 T=0.66 elapsed=76s
it=134600 cur=4 best=1 T=0.65 elapsed=76s
it=134800 cur=4 best=1 T=0.65 elapsed=76s
it=135000 cur=6 best=1 T=0.65 elapsed=76s
it=135200 cur=3 best=1 T=0.65 elapsed=77s
it=135400 cur=3 best=1 T=0.65 elapsed=77s
it=135600 cur=3 best=1 T=0.64 elapsed=77s
it=135800 cur=3 best=1 T=0.64 elapsed=77s
it=136000 cur=3 best=1 T=0.64 elapsed=78s
it=136200 cur=3 best=1 T=0.64 elapsed=78s
it=136400 cur=3 best=1 T=0.64 elapsed=78s
it=136600 cur=3 best=1 T=0.63 elapsed=78s
it=136800 cur=3 best=1 T=0.63 elapsed=78s
it=137000 cur=3 best=1 T=0.63 elapsed=79s
it=137200 cur=3 best=1 T=0.63 elapsed=79s
it=137400 cur=3 best=1 T=0.63 elapsed=79s
it=137600 cur=3 best=1 T=0.62 elapsed=79s
it=137800 cur=3 best=1 T=0.62 elapsed=79s
it=138000 cur=3 best=1 T=0.62 elapsed=80s
it=138200 cur=3 best=1 T=0.62 elapsed=80s
it=138400 cur=3 best=1 T=0.62 elapsed=80s
it=138600 cur=3 best=1 T=0.61 elapsed=80s
it=138800 cur=3 best=1 T=0.61 elapsed=80s
it=139000 cur=3 best=1 T=0.61 elapsed=80s
it=139200 cur=3 best=1 T=0.61 elapsed=80s
it=139400 cur=3 best=1 T=0.61 elapsed=81s
it=139600 cur=3 best=1 T=0.60 elapsed=81s
it=139800 cur=3 best=1 T=0.60 elapsed=81s
it=140000 cur=3 best=1 T=0.60 elapsed=81s
it=140200 cur=3 best=1 T=0.60 elapsed=81s
it=140400 cur=3 best=1 T=0.60 elapsed=81s
it=140600 cur=6 best=1 T=0.59 elapsed=81s
it=140800 cur=3 best=1 T=0.59 elapsed=81s
it=141000 cur=3 best=1 T=0.59 elapsed=82s
it=141200 cur=3 best=1 T=0.59 elapsed=82s
it=141400 cur=3 best=1 T=0.59 elapsed=82s
it=141600 cur=3 best=1 T=0.58 elapsed=82s
it=141800 cur=3 best=1 T=0.58 elapsed=82s
it=142000 cur=4 best=1 T=0.58 elapsed=82s
it=142200 cur=4 best=1 T=0.58 elapsed=83s
it=142400 cur=4 best=1 T=0.58 elapsed=83s
it=142600 cur=4 best=1 T=0.57 elapsed=83s
it=142800 cur=4 best=1 T=0.57 elapsed=83s
it=143000 cur=4 best=1 T=0.57 elapsed=83s
it=143200 cur=4 best=1 T=0.57 elapsed=83s
it=143400 cur=2 best=1 T=0.57 elapsed=83s
it=143600 cur=2 best=1 T=0.56 elapsed=83s
it=143800 cur=2 best=1 T=0.56 elapsed=83s
it=144000 cur=2 best=1 T=0.56 elapsed=83s
it=144200 cur=2 best=1 T=0.56 elapsed=83s
it=144400 cur=2 best=1 T=0.56 elapsed=83s
it=144600 cur=2 best=1 T=0.55 elapsed=84s
it=144800 cur=2 best=1 T=0.55 elapsed=84s
it=145000 cur=2 best=1 T=0.55 elapsed=84s
it=145200 cur=2 best=1 T=0.55 elapsed=84s
it=145400 cur=2 best=1 T=0.55 elapsed=84s
it=145600 cur=2 best=1 T=0.54 elapsed=84s
it=145800 cur=2 best=1 T=0.54 elapsed=84s
it=146000 cur=2 best=1 T=0.54 elapsed=84s
it=146200 cur=2 best=1 T=0.54 elapsed=84s
it=146400 cur=2 best=1 T=0.54 elapsed=84s
it=146600 cur=2 best=1 T=0.53 elapsed=84s
it=146800 cur=2 best=1 T=0.53 elapsed=84s
it=147000 cur=2 best=1 T=0.53 elapsed=84s
it=147200 cur=2 best=1 T=0.53 elapsed=84s
it=147400 cur=2 best=1 T=0.53 elapsed=84s
it=147600 cur=2 best=1 T=0.52 elapsed=84s
it=147800 cur=2 best=1 T=0.52 elapsed=84s
it=148000 cur=2 best=1 T=0.52 elapsed=85s
it=148200 cur=2 best=1 T=0.52 elapsed=85s
it=148400 cur=2 best=1 T=0.52 elapsed=85s
it=148600 cur=2 best=1 T=0.51 elapsed=85s
it=148800 cur=2 best=1 T=0.51 elapsed=85s
it=149000 cur=2 best=1 T=0.51 elapsed=85s
it=149200 cur=2 best=1 T=0.51 elapsed=85s
it=149400 cur=2 best=1 T=0.51 elapsed=85s
it=149600 cur=2 best=1 T=0.50 elapsed=85s
it=149800 cur=2 best=1 T=0.50 elapsed=85s
it=150000 cur=2 best=1 T=0.50 elapsed=85s
it=150200 cur=2 best=1 T=0.50 elapsed=85s
it=150400 cur=2 best=1 T=0.50 elapsed=85s
it=150600 cur=2 best=1 T=0.49 elapsed=85s
it=150800 cur=2 best=1 T=0.49 elapsed=85s
it=151000 cur=2 best=1 T=0.49 elapsed=85s
it=151200 cur=2 best=1 T=0.49 elapsed=86s
it=151400 cur=2 best=1 T=0.49 elapsed=86s
it=151600 cur=4 best=1 T=0.48 elapsed=86s
it=151800 cur=4 best=1 T=0.48 elapsed=86s
it=152000 cur=3 best=1 T=0.48 elapsed=86s
it=152200 cur=3 best=1 T=0.48 elapsed=86s
it=152400 cur=3 best=1 T=0.48 elapsed=86s
it=152600 cur=3 best=1 T=0.47 elapsed=86s
it=152800 cur=3 best=1 T=0.47 elapsed=86s
it=153000 cur=3 best=1 T=0.47 elapsed=86s
it=153200 cur=3 best=1 T=0.47 elapsed=86s
it=153400 cur=3 best=1 T=0.47 elapsed=86s
it=153600 cur=3 best=1 T=0.46 elapsed=86s
it=153800 cur=3 best=1 T=0.46 elapsed=86s
it=154000 cur=3 best=1 T=0.46 elapsed=86s
it=154200 cur=3 best=1 T=0.46 elapsed=87s
it=154400 cur=3 best=1 T=0.46 elapsed=87s
it=154600 cur=3 best=1 T=0.45 elapsed=87s
it=154800 cur=2 best=1 T=0.45 elapsed=87s
it=155000 cur=2 best=1 T=0.45 elapsed=87s
it=155200 cur=2 best=1 T=0.45 elapsed=87s
it=155400 cur=2 best=1 T=0.45 elapsed=87s
it=155600 cur=2 best=1 T=0.44 elapsed=87s
it=155800 cur=2 best=1 T=0.44 elapsed=87s
it=156000 cur=2 best=1 T=0.44 elapsed=87s
it=156200 cur=2 best=1 T=0.44 elapsed=87s
it=156400 cur=2 best=1 T=0.44 elapsed=87s
it=156600 cur=2 best=1 T=0.43 elapsed=87s
it=156800 cur=2 best=1 T=0.43 elapsed=87s
it=157000 cur=2 best=1 T=0.43 elapsed=87s
it=157200 cur=2 best=1 T=0.43 elapsed=87s
it=157400 cur=2 best=1 T=0.43 elapsed=87s
it=157600 cur=2 best=1 T=0.42 elapsed=87s
it=157800 cur=2 best=1 T=0.42 elapsed=87s
it=158000 cur=2 best=1 T=0.42 elapsed=87s
it=158200 cur=2 best=1 T=0.42 elapsed=87s
it=158400 cur=2 best=1 T=0.42 elapsed=87s
it=158600 cur=2 best=1 T=0.41 elapsed=87s
it=158800 cur=2 best=1 T=0.41 elapsed=87s
it=159000 cur=2 best=1 T=0.41 elapsed=88s
it=159200 cur=3 best=1 T=0.41 elapsed=88s
it=159400 cur=1 best=1 T=0.41 elapsed=88s
it=159600 cur=1 best=1 T=0.40 elapsed=88s
it=159800 cur=1 best=1 T=0.40 elapsed=88s
it=160000 cur=1 best=1 T=0.40 elapsed=88s
it=160200 cur=1 best=1 T=0.40 elapsed=88s
it=160400 cur=1 best=1 T=0.40 elapsed=88s
it=160600 cur=1 best=1 T=0.39 elapsed=88s
it=160800 cur=1 best=1 T=0.39 elapsed=88s
it=161000 cur=1 best=1 T=0.39 elapsed=88s
it=161200 cur=1 best=1 T=0.39 elapsed=88s
it=161400 cur=1 best=1 T=0.39 elapsed=88s
it=161600 cur=1 best=1 T=0.38 elapsed=88s
it=161800 cur=1 best=1 T=0.38 elapsed=88s
it=162000 cur=1 best=1 T=0.38 elapsed=88s
it=162200 cur=1 best=1 T=0.38 elapsed=88s
it=162400 cur=1 best=1 T=0.38 elapsed=88s
it=162600 cur=1 best=1 T=0.37 elapsed=88s
it=162800 cur=1 best=1 T=0.37 elapsed=88s
it=163000 cur=1 best=1 T=0.37 elapsed=88s
it=163200 cur=1 best=1 T=0.37 elapsed=88s
it=163400 cur=1 best=1 T=0.37 elapsed=88s
it=163600 cur=1 best=1 T=0.36 elapsed=88s
it=163800 cur=1 best=1 T=0.36 elapsed=88s
it=164000 cur=1 best=1 T=0.36 elapsed=88s
it=164200 cur=1 best=1 T=0.36 elapsed=88s
it=164400 cur=1 best=1 T=0.36 elapsed=88s
it=164600 cur=1 best=1 T=0.35 elapsed=88s
it=164800 cur=1 best=1 T=0.35 elapsed=88s
it=165000 cur=2 best=1 T=0.35 elapsed=88s
it=165200 cur=3 best=1 T=0.35 elapsed=88s
it=165400 cur=1 best=1 T=0.35 elapsed=88s
it=165600 cur=1 best=1 T=0.34 elapsed=88s
it=165800 cur=1 best=1 T=0.34 elapsed=89s
it=166000 cur=1 best=1 T=0.34 elapsed=89s
it=166200 cur=1 best=1 T=0.34 elapsed=89s
it=166400 cur=1 best=1 T=0.34 elapsed=89s
it=166600 cur=1 best=1 T=0.33 elapsed=89s
it=166800 cur=1 best=1 T=0.33 elapsed=89s
it=167000 cur=1 best=1 T=0.33 elapsed=89s
it=167200 cur=1 best=1 T=0.33 elapsed=89s
it=167400 cur=1 best=1 T=0.33 elapsed=89s
it=167600 cur=1 best=1 T=0.32 elapsed=89s
it=167800 cur=1 best=1 T=0.32 elapsed=89s
it=168000 cur=1 best=1 T=0.32 elapsed=89s
it=168200 cur=1 best=1 T=0.32 elapsed=89s
it=168400 cur=1 best=1 T=0.32 elapsed=89s
it=168600 cur=1 best=1 T=0.31 elapsed=89s
it=168800 cur=1 best=1 T=0.31 elapsed=89s
it=169000 cur=1 best=1 T=0.31 elapsed=89s
it=169200 cur=1 best=1 T=0.31 elapsed=89s
it=169400 cur=1 best=1 T=0.31 elapsed=89s
it=169600 cur=1 best=1 T=0.30 elapsed=89s
it=169800 cur=1 best=1 T=0.30 elapsed=89s
it=170000 cur=1 best=1 T=0.30 elapsed=89s
it=170200 cur=1 best=1 T=0.30 elapsed=89s
it=170400 cur=1 best=1 T=0.30 elapsed=89s
it=170600 cur=1 best=1 T=0.29 elapsed=89s
it=170800 cur=1 best=1 T=0.29 elapsed=89s
it=171000 cur=1 best=1 T=0.29 elapsed=89s
it=171200 cur=1 best=1 T=0.29 elapsed=89s
it=171400 cur=1 best=1 T=0.29 elapsed=89s
it=171600 cur=1 best=1 T=0.28 elapsed=89s
it=171800 cur=1 best=1 T=0.28 elapsed=89s
it=172000 cur=1 best=1 T=0.28 elapsed=89s
it=172200 cur=1 best=1 T=0.28 elapsed=89s
it=172400 cur=1 best=1 T=0.28 elapsed=89s
it=172600 cur=1 best=1 T=0.27 elapsed=89s
it=172800 cur=1 best=1 T=0.27 elapsed=89s
it=173000 cur=1 best=1 T=0.27 elapsed=90s
it=173200 cur=1 best=1 T=0.27 elapsed=90s
it=173400 cur=1 best=1 T=0.27 elapsed=90s
it=173600 cur=1 best=1 T=0.26 elapsed=90s
it=173800 cur=1 best=1 T=0.26 elapsed=90s
it=174000 cur=1 best=1 T=0.26 elapsed=90s
it=174200 cur=1 best=1 T=0.26 elapsed=90s
it=174400 cur=1 best=1 T=0.26 elapsed=90s
it=174600 cur=1 best=1 T=0.25 elapsed=90s
it=174800 cur=1 best=1 T=0.25 elapsed=90s
it=175000 cur=1 best=1 T=0.25 elapsed=90s
it=175200 cur=1 best=1 T=0.25 elapsed=90s
it=175400 cur=1 best=1 T=0.25 elapsed=90s
it=175600 cur=1 best=1 T=0.24 elapsed=90s
it=175800 cur=1 best=1 T=0.24 elapsed=90s
it=176000 cur=1 best=1 T=0.24 elapsed=90s
it=176200 cur=1 best=1 T=0.24 elapsed=90s
it=176400 cur=1 best=1 T=0.24 elapsed=90s
it=176600 cur=1 best=1 T=0.23 elapsed=90s
it=176800 cur=1 best=1 T=0.23 elapsed=90s
it=177000 cur=1 best=1 T=0.23 elapsed=90s
it=177200 cur=1 best=1 T=0.23 elapsed=90s
it=177400 cur=1 best=1 T=0.23 elapsed=90s
it=177600 cur=1 best=1 T=0.22 elapsed=90s
it=177800 cur=1 best=1 T=0.22 elapsed=90s
it=178000 cur=1 best=1 T=0.22 elapsed=90s
it=178200 cur=1 best=1 T=0.22 elapsed=90s
it=178400 cur=1 best=1 T=0.22 elapsed=90s
it=178600 cur=1 best=1 T=0.21 elapsed=90s
it=178800 cur=1 best=1 T=0.21 elapsed=90s
it=179000 cur=1 best=1 T=0.21 elapsed=90s
it=179200 cur=1 best=1 T=0.21 elapsed=90s
it=179400 cur=1 best=1 T=0.21 elapsed=90s
it=179600 cur=1 best=1 T=0.20 elapsed=91s
it=179800 cur=1 best=1 T=0.20 elapsed=91s
it=180000 cur=1 best=1 T=0.20 elapsed=91s
it=180200 cur=1 best=1 T=0.20 elapsed=91s
it=180400 cur=1 best=1 T=0.20 elapsed=91s
it=180600 cur=1 best=1 T=0.19 elapsed=91s
it=180800 cur=1 best=1 T=0.19 elapsed=91s
it=181000 cur=1 best=1 T=0.19 elapsed=91s
it=181200 cur=1 best=1 T=0.19 elapsed=91s
it=181400 cur=1 best=1 T=0.19 elapsed=91s
it=181600 cur=1 best=1 T=0.18 elapsed=91s
it=181800 cur=1 best=1 T=0.18 elapsed=91s
it=182000 cur=1 best=1 T=0.18 elapsed=91s
it=182200 cur=1 best=1 T=0.18 elapsed=91s
it=182400 cur=1 best=1 T=0.18 elapsed=91s
it=182600 cur=1 best=1 T=0.17 elapsed=91s
it=182800 cur=1 best=1 T=0.17 elapsed=91s
it=183000 cur=1 best=1 T=0.17 elapsed=91s
it=183200 cur=1 best=1 T=0.17 elapsed=91s
it=183400 cur=1 best=1 T=0.17 elapsed=91s
it=183600 cur=1 best=1 T=0.16 elapsed=91s
it=183800 cur=1 best=1 T=0.16 elapsed=91s
it=184000 cur=1 best=1 T=0.16 elapsed=91s
it=184200 cur=1 best=1 T=0.16 elapsed=91s
it=184400 cur=1 best=1 T=0.16 elapsed=91s
it=184600 cur=1 best=1 T=0.15 elapsed=91s
it=184800 cur=1 best=1 T=0.15 elapsed=91s
it=185000 cur=1 best=1 T=0.15 elapsed=91s
it=185200 cur=1 best=1 T=0.15 elapsed=91s
it=185400 cur=1 best=1 T=0.15 elapsed=91s
it=185600 cur=1 best=1 T=0.14 elapsed=91s
it=185800 cur=1 best=1 T=0.14 elapsed=92s
it=186000 cur=1 best=1 T=0.14 elapsed=92s
it=186200 cur=1 best=1 T=0.14 elapsed=92s
it=186400 cur=1 best=1 T=0.14 elapsed=92s
it=186600 cur=1 best=1 T=0.13 elapsed=92s
it=186800 cur=1 best=1 T=0.13 elapsed=92s
it=187000 cur=1 best=1 T=0.13 elapsed=92s
it=187200 cur=1 best=1 T=0.13 elapsed=92s
it=187400 cur=1 best=1 T=0.13 elapsed=92s
it=187600 cur=1 best=1 T=0.12 elapsed=92s
it=187800 cur=1 best=1 T=0.12 elapsed=92s
it=188000 cur=1 best=1 T=0.12 elapsed=92s
it=188200 cur=1 best=1 T=0.12 elapsed=92s
it=188400 cur=1 best=1 T=0.12 elapsed=92s
it=188600 cur=1 best=1 T=0.11 elapsed=92s
it=188800 cur=1 best=1 T=0.11 elapsed=92s
it=189000 cur=1 best=1 T=0.11 elapsed=92s
it=189200 cur=1 best=1 T=0.11 elapsed=92s
it=189400 cur=1 best=1 T=0.11 elapsed=92s
it=189600 cur=1 best=1 T=0.10 elapsed=92s
it=189800 cur=1 best=1 T=0.10 elapsed=92s
it=190000 cur=1 best=1 T=0.10 elapsed=92s
it=190200 cur=1 best=1 T=0.10 elapsed=92s
it=190400 cur=1 best=1 T=0.10 elapsed=92s
it=190600 cur=1 best=1 T=0.09 elapsed=92s
it=190800 cur=1 best=1 T=0.09 elapsed=92s
it=191000 cur=1 best=1 T=0.09 elapsed=92s
it=191200 cur=1 best=1 T=0.09 elapsed=92s
it=191400 cur=1 best=1 T=0.09 elapsed=92s
it=191600 cur=1 best=1 T=0.08 elapsed=92s
it=191800 cur=1 best=1 T=0.08 elapsed=92s
it=192000 cur=1 best=1 T=0.08 elapsed=93s
it=192200 cur=1 best=1 T=0.08 elapsed=93s
it=192400 cur=1 best=1 T=0.08 elapsed=93s
it=192600 cur=1 best=1 T=0.07 elapsed=93s
it=192800 cur=1 best=1 T=0.07 elapsed=93s
it=193000 cur=1 best=1 T=0.07 elapsed=93s
it=193200 cur=1 best=1 T=0.07 elapsed=93s
it=193400 cur=1 best=1 T=0.07 elapsed=93s
it=193600 cur=1 best=1 T=0.06 elapsed=93s
it=193800 cur=1 best=1 T=0.06 elapsed=93s
it=194000 cur=1 best=1 T=0.06 elapsed=93s
it=194200 cur=1 best=1 T=0.06 elapsed=93s
it=194400 cur=1 best=1 T=0.06 elapsed=93s
it=194600 cur=1 best=1 T=0.05 elapsed=93s
it=194800 cur=1 best=1 T=0.05 elapsed=93s
it=195000 cur=1 best=1 T=0.05 elapsed=93s
it=195200 cur=1 best=1 T=0.05 elapsed=93s
it=195400 cur=1 best=1 T=0.05 elapsed=93s
it=195600 cur=1 best=1 T=0.05 elapsed=93s
it=195800 cur=1 best=1 T=0.05 elapsed=93s
it=196000 cur=1 best=1 T=0.05 elapsed=93s
it=196200 cur=1 best=1 T=0.05 elapsed=93s
it=196400 cur=1 best=1 T=0.05 elapsed=93s
it=196600 cur=1 best=1 T=0.05 elapsed=93s
it=196800 cur=1 best=1 T=0.05 elapsed=93s
it=197000 cur=1 best=1 T=0.05 elapsed=93s
it=197200 cur=1 best=1 T=0.05 elapsed=93s
it=197400 cur=1 best=1 T=0.05 elapsed=94s
it=197600 cur=1 best=1 T=0.05 elapsed=94s
it=197800 cur=1 best=1 T=0.05 elapsed=94s
it=198000 cur=1 best=1 T=0.05 elapsed=94s
it=198200 cur=1 best=1 T=0.05 elapsed=94s
it=198400 cur=1 best=1 T=0.05 elapsed=94s
it=198600 cur=1 best=1 T=0.05 elapsed=94s
it=198800 cur=1 best=1 T=0.05 elapsed=94s
it=199000 cur=1 best=1 T=0.05 elapsed=94s
it=199200 cur=1 best=1 T=0.05 elapsed=94s
it=199400 cur=1 best=1 T=0.05 elapsed=94s
it=199600 cur=1 best=1 T=0.05 elapsed=94s
it=199800 cur=1 best=1 T=0.05 elapsed=94s
DONE n=14 best=1
