it=0 cur=16 best=16 T=2.00 elapsed=0s
it=3 best=15 n=24 L=18 edges=[(0, 23), (1, 2), (1, 5), (2, 6), (2, 9), (3, 7), (3, 21), (4, 8), (4, 14), (5, 6), (5, 12), (5, 15), (5, 19), (6, 21), (6, 22), (7, 9), (7, 21), (9, 10), (9, 17), (10, 16), (10, 18), (11, 18), (12, 22), (13, 23), (14, 20), (14, 23), (15, 18), (15, 23), (17, 18), (17, 21), (18, 20), (19, 20), (20, 21)]
it=11 best=12 n=24 L=17 edges=[(0, 23), (1, 2), (1, 5), (1, 10), (2, 9), (3, 7), (3, 21), (4, 8), (4, 14), (5, 6), (5, 12), (5, 15), (5, 19), (5, 20), (6, 21), (7, 9), (7, 21), (9, 10), (9, 17), (10, 16), (11, 18), (12, 22), (13, 23), (14, 20), (14, 23), (15, 18), (15, 23), (17, 18), (17, 21), (19, 20), (20, 21), (20, 22)]
it=28 best=11 n=24 L=18 edges=[(0, 23), (1, 2), (1, 5), (1, 10), (2, 9), (3, 7), (3, 21), (4, 8), (4, 14), (5, 6), (5, 12), (5, 15), (5, 17), (5, 20), (6, 21), (7, 9), (7, 18), (7, 21), (9, 10), (9, 11), (9, 17), (10, 16), (11, 18), (12, 22), (13, 23), (14, 19), (14, 20), (14, 23), (15, 18), (15, 23), (17, 18), (17, 21), (19, 20), (20, 21), (20, 22)]
it=112 best=10 n=24 L=19 edges=[(0, 23), (1, 2), (1, 4), (1, 12), (2, 7), (2, 9), (3, 4), (3, 7), (3, 21), (4, 8), (4, 20), (5, 6), (5, 15), (5, 17), (7, 15), (7, 18), (7, 21), (8, 14), (8, 20), (9, 10), (9, 17), (9, 21), (10, 16), (10, 21), (11, 18), (13, 23), (14, 19), (14, 23), (15, 18), (15, 23), (16, 20), (17, 18), (17, 22), (19, 20), (20, 21), (20, 22), (21, 22)]
it=200 cur=13 best=10 T=2.00 elapsed=13s
it=296 best=6 n=24 L=11 edges=[(0, 17), (1, 2), (1, 9), (1, 13), (1, 15), (2, 9), (2, 10), (3, 4), (3, 21), (5, 6), (5, 15), (5, 21), (7, 16), (7, 18), (8, 20), (9, 15), (10, 21), (11, 18), (12, 17), (13, 23), (14, 19), (14, 22), (15, 18), (15, 22), (17, 18), (20, 22), (21, 22)]
it=353 best=5 n=24 L=9 edges=[(0, 17), (1, 8), (2, 9), (2, 10), (3, 4), (3, 13), (3, 21), (3, 23), (4, 23), (5, 6), (5, 15), (5, 21), (7, 18), (8, 20), (9, 15), (11, 16), (11, 20), (12, 17), (14, 19), (14, 22), (15, 18), (15, 22), (17, 18), (20, 22), (21, 22)]
it=400 cur=6 best=5 T=1.99 elapsed=16s
it=458 best=3 n=24 L=10 edges=[(0, 17), (1, 8), (2, 10), (3, 17), (3, 21), (4, 8), (4, 23), (5, 6), (5, 20), (7, 18), (8, 20), (9, 10), (9, 14), (9, 15), (11, 15), (11, 16), (11, 20), (11, 21), (12, 17), (13, 20), (13, 21), (14, 19), (14, 22), (15, 18), (18, 21)]
it=470 best=1 n=24 L=8 edges=[(0, 17), (1, 8), (2, 10), (3, 17), (3, 21), (4, 8), (4, 23), (5, 6), (5, 20), (7, 18), (8, 20), (9, 10), (9, 14), (9, 15), (11, 15), (11, 16), (11, 20), (11, 21), (12, 17), (13, 21), (14, 19), (14, 22), (15, 18)]
it=600 cur=14 best=1 T=1.99 elapsed=16s
it=800 cur=13 best=1 T=1.98 elapsed=17s
it=1000 cur=12 best=1 T=1.98 elapsed=17s
it=1200 cur=3 best=1 T=1.97 elapsed=17s
it=1400 cur=9 best=1 T=1.97 elapsed=18s
it=1600 cur=11 best=1 T=1.96 elapsed=21s
it=1800 cur=8 best=1 T=1.96 elapsed=32s
it=2000 cur=3 best=1 T=1.95 elapsed=33s
it=2200 cur=13 best=1 T=1.95 elapsed=33s
it=2400 cur=8 best=1 T=1.94 elapsed=37s
it=2600 cur=13 best=1 T=1.94 elapsed=37s
it=2800 cur=13 best=1 T=1.93 elapsed=37s
it=3000 cur=2 best=1 T=1.93 elapsed=38s
it=3200 cur=20 best=1 T=1.92 elapsed=39s
it=3400 cur=7 best=1 T=1.92 elapsed=42s
it=3600 cur=6 best=1 T=1.91 elapsed=42s
it=3800 cur=12 best=1 T=1.91 elapsed=42s
it=4000 cur=4 best=1 T=1.90 elapsed=43s
it=4200 cur=11 best=1 T=1.90 elapsed=43s
it=4400 cur=10 best=1 T=1.89 elapsed=51s
it=4600 cur=10 best=1 T=1.89 elapsed=55s
it=4800 cur=12 best=1 T=1.88 elapsed=56s
it=5000 cur=14 best=1 T=1.88 elapsed=56s
it=5200 cur=6 best=1 T=1.87 elapsed=57s
it=5400 cur=2 best=1 T=1.86 elapsed=57s
it=5600 cur=10 best=1 T=1.86 elapsed=57s
it=5800 cur=14 best=1 T=1.85 elapsed=59s
it=6000 cur=13 best=1 T=1.85 elapsed=60s
it=6200 cur=21 best=1 T=1.84 elapsed=90s
it=6400 cur=7 best=1 T=1.84 elapsed=94s
it=6600 cur=8 best=1 T=1.83 elapsed=95s
it=6800 cur=8 best=1 T=1.83 elapsed=95s
it=7000 cur=2 best=1 T=1.82 elapsed=95s
it=7200 cur=12 best=1 T=1.82 elapsed=96s
it=7400 cur=9 best=1 T=1.81 elapsed=96s
it=7600 cur=5 best=1 T=1.81 elapsed=96s
it=7800 cur=1 best=1 T=1.80 elapsed=96s
it=8000 cur=8 best=1 T=1.80 elapsed=98s
it=8200 cur=8 best=1 T=1.79 elapsed=103s
it=8400 cur=9 best=1 T=1.79 elapsed=103s
it=8600 cur=10 best=1 T=1.78 elapsed=103s
it=8800 cur=9 best=1 T=1.78 elapsed=104s
it=9000 cur=6 best=1 T=1.77 elapsed=106s
it=9200 cur=6 best=1 T=1.77 elapsed=106s
it=9400 cur=2 best=1 T=1.77 elapsed=106s
it=9600 cur=10 best=1 T=1.76 elapsed=106s
it=9800 cur=13 best=1 T=1.75 elapsed=107s
it=10000 cur=6 best=1 T=1.75 elapsed=108s
it=10200 cur=4 best=1 T=1.75 elapsed=108s
it=10400 cur=3 best=1 T=1.74 elapsed=109s
it=10600 cur=3 best=1 T=1.73 elapsed=109s
it=10800 cur=8 best=1 T=1.73 elapsed=110s
it=11000 cur=6 best=1 T=1.73 elapsed=111s
it=11200 cur=6 best=1 T=1.72 elapsed=111s
it=11400 cur=4 best=1 T=1.72 elapsed=112s
it=11600 cur=9 best=1 T=1.71 elapsed=112s
it=11800 cur=11 best=1 T=1.71 elapsed=117s
it=12000 cur=8 best=1 T=1.70 elapsed=118s
it=12200 cur=2 best=1 T=1.70 elapsed=119s
it=12400 cur=2 best=1 T=1.69 elapsed=119s
it=12600 cur=2 best=1 T=1.69 elapsed=119s
it=12800 cur=2 best=1 T=1.68 elapsed=120s
it=13000 cur=2 best=1 T=1.68 elapsed=120s
it=13200 cur=2 best=1 T=1.67 elapsed=120s
it=13400 cur=2 best=1 T=1.67 elapsed=120s
it=13600 cur=2 best=1 T=1.66 elapsed=120s
it=13800 cur=3 best=1 T=1.66 elapsed=121s
it=14000 cur=2 best=1 T=1.65 elapsed=121s
it=14200 cur=3 best=1 T=1.65 elapsed=121s
it=14400 cur=11 best=1 T=1.64 elapsed=121s
it=14600 cur=16 best=1 T=1.64 elapsed=122s
it=14800 cur=12 best=1 T=1.63 elapsed=141s
it=15000 cur=18 best=1 T=1.62 elapsed=217s
it=15200 cur=12 best=1 T=1.62 elapsed=223s
it=15400 cur=11 best=1 T=1.61 elapsed=223s
it=15600 cur=3 best=1 T=1.61 elapsed=223s
it=15800 cur=11 best=1 T=1.60 elapsed=225s
it=16000 cur=15 best=1 T=1.60 elapsed=237s
it=16200 cur=12 best=1 T=1.59 elapsed=238s
it=16400 cur=1 best=1 T=1.59 elapsed=238s
it=16600 cur=10 best=1 T=1.58 elapsed=242s
it=16800 cur=6 best=1 T=1.58 elapsed=243s
it=17000 cur=18 best=1 T=1.57 elapsed=244s
it=17200 cur=8 best=1 T=1.57 elapsed=246s
it=17400 cur=15 best=1 T=1.56 elapsed=248s
it=17600 cur=7 best=1 T=1.56 elapsed=248s
it=17800 cur=4 best=1 T=1.55 elapsed=250s
it=18000 cur=11 best=1 T=1.55 elapsed=250s
it=18200 cur=13 best=1 T=1.54 elapsed=251s
it=18400 cur=15 best=1 T=1.54 elapsed=253s
it=18600 cur=9 best=1 T=1.53 elapsed=254s
it=18800 cur=10 best=1 T=1.53 elapsed=255s
it=19000 cur=12 best=1 T=1.52 elapsed=272s
it=19200 cur=6 best=1 T=1.52 elapsed=277s
it=19400 cur=1 best=1 T=1.52 elapsed=277s
it=19600 cur=8 best=1 T=1.51 elapsed=277s
it=19800 cur=6 best=1 T=1.50 elapsed=277s
it=20000 cur=1 best=1 T=1.50 elapsed=278s
it=20200 cur=1 best=1 T=1.50 elapsed=278s
it=20400 cur=1 best=1 T=1.49 elapsed=278s
it=20600 cur=4 best=1 T=1.48 elapsed=278s
it=20800 cur=1 best=1 T=1.48 elapsed=278s
it=21000 cur=7 best=1 T=1.48 elapsed=278s
it=21200 cur=4 best=1 T=1.47 elapsed=278s
it=21400 cur=2 best=1 T=1.46 elapsed=278s
it=21600 cur=2 best=1 T=1.46 elapsed=278s
it=21800 cur=2 best=1 T=1.46 elapsed=278s
it=22000 cur=3 best=1 T=1.45 elapsed=279s
it=22200 cur=3 best=1 T=1.44 elapsed=279s
it=22400 cur=1 best=1 T=1.44 elapsed=279s
it=22600 cur=1 best=1 T=1.44 elapsed=279s
it=22800 cur=5 best=1 T=1.43 elapsed=279s
it=23000 cur=4 best=1 T=1.43 elapsed=280s
it=23200 cur=12 best=1 T=1.42 elapsed=280s
it=23400 cur=1 best=1 T=1.42 elapsed=280s
it=23600 cur=1 best=1 T=1.41 elapsed=280s
it=23800 cur=1 best=1 T=1.41 elapsed=280s
it=24000 cur=1 best=1 T=1.40 elapsed=280s
it=24200 cur=4 best=1 T=1.40 elapsed=281s
it=24400 cur=1 best=1 T=1.39 elapsed=281s
it=24600 cur=1 best=1 T=1.39 elapsed=281s
it=24800 cur=1 best=1 T=1.38 elapsed=281s
it=25000 cur=1 best=1 T=1.38 elapsed=281s
it=25200 cur=3 best=1 T=1.37 elapsed=281s
it=25400 cur=10 best=1 T=1.36 elapsed=282s
it=25600 cur=13 best=1 T=1.36 elapsed=284s
it=25800 cur=15 best=1 T=1.35 elapsed=287s
it=26000 cur=9 best=1 T=1.35 elapsed=291s
it=26200 cur=8 best=1 T=1.34 elapsed=294s
it=26400 cur=7 best=1 T=1.34 elapsed=295s
it=26600 cur=5 best=1 T=1.33 elapsed=295s
it=26800 cur=10 best=1 T=1.33 elapsed=296s
it=27000 cur=1 best=1 T=1.32 elapsed=296s
it=27200 cur=1 best=1 T=1.32 elapsed=296s
it=27400 cur=4 best=1 T=1.31 elapsed=296s
it=27600 cur=1 best=1 T=1.31 elapsed=296s
it=27800 cur=1 best=1 T=1.31 elapsed=296s
it=28000 cur=1 best=1 T=1.30 elapsed=296s
it=28200 cur=1 best=1 T=1.29 elapsed=296s
it=28400 cur=1 best=1 T=1.29 elapsed=297s
it=28600 cur=1 best=1 T=1.29 elapsed=297s
it=28800 cur=1 best=1 T=1.28 elapsed=297s
it=29000 cur=1 best=1 T=1.27 elapsed=297s
it=29200 cur=1 best=1 T=1.27 elapsed=297s
it=29400 cur=1 best=1 T=1.27 elapsed=297s
it=29600 cur=1 best=1 T=1.26 elapsed=297s
it=29800 cur=1 best=1 T=1.25 elapsed=297s
it=30000 cur=1 best=1 T=1.25 elapsed=297s
it=30200 cur=1 best=1 T=1.25 elapsed=297s
it=30400 cur=1 best=1 T=1.24 elapsed=297s
it=30600 cur=1 best=1 T=1.23 elapsed=297s
it=30800 cur=1 best=1 T=1.23 elapsed=298s
it=31000 cur=1 best=1 T=1.23 elapsed=298s
it=31200 cur=1 best=1 T=1.22 elapsed=298s
it=31400 cur=1 best=1 T=1.21 elapsed=298s
it=31600 cur=1 best=1 T=1.21 elapsed=298s
it=31800 cur=6 best=1 T=1.21 elapsed=298s
it=32000 cur=2 best=1 T=1.20 elapsed=298s
it=32200 cur=2 best=1 T=1.19 elapsed=298s
it=32400 cur=2 best=1 T=1.19 elapsed=298s
it=32600 cur=2 best=1 T=1.19 elapsed=298s
it=32800 cur=2 best=1 T=1.18 elapsed=299s
it=33000 cur=4 best=1 T=1.18 elapsed=299s
it=33200 cur=2 best=1 T=1.17 elapsed=299s
it=33400 cur=2 best=1 T=1.17 elapsed=299s
it=33600 cur=2 best=1 T=1.16 elapsed=299s
it=33800 cur=2 best=1 T=1.16 elapsed=299s
it=34000 cur=5 best=1 T=1.15 elapsed=300s
it=34200 cur=3 best=1 T=1.15 elapsed=300s
it=34400 cur=3 best=1 T=1.14 elapsed=300s
it=34600 cur=2 best=1 T=1.14 elapsed=300s
it=34800 cur=1 best=1 T=1.13 elapsed=300s
it=35000 cur=1 best=1 T=1.12 elapsed=300s
it=35200 cur=1 best=1 T=1.12 elapsed=300s
it=35400 cur=1 best=1 T=1.11 elapsed=301s
it=35600 cur=1 best=1 T=1.11 elapsed=301s
it=35800 cur=1 best=1 T=1.10 elapsed=301s
it=36000 cur=1 best=1 T=1.10 elapsed=301s
it=36200 cur=1 best=1 T=1.09 elapsed=301s
it=36400 cur=1 best=1 T=1.09 elapsed=301s
it=36600 cur=1 best=1 T=1.08 elapsed=301s
it=36800 cur=1 best=1 T=1.08 elapsed=301s
it=37000 cur=1 best=1 T=1.07 elapsed=301s
it=37200 cur=1 best=1 T=1.07 elapsed=301s
it=37400 cur=1 best=1 T=1.06 elapsed=301s
it=37600 cur=1 best=1 T=1.06 elapsed=302s
it=37800 cur=1 best=1 T=1.06 elapsed=302s
it=38000 cur=1 best=1 T=1.05 elapsed=302s
it=38200 cur=7 best=1 T=1.04 elapsed=302s
it=38400 cur=5 best=1 T=1.04 elapsed=302s
it=38600 cur=4 best=1 T=1.04 elapsed=302s
it=38800 cur=4 best=1 T=1.03 elapsed=302s
it=39000 cur=6 best=1 T=1.02 elapsed=302s
it=39200 cur=2 best=1 T=1.02 elapsed=302s
it=39400 cur=3 best=1 T=1.02 elapsed=303s
it=39600 cur=2 best=1 T=1.01 elapsed=303s
it=39800 cur=2 best=1 T=1.00 elapsed=303s
it=40000 cur=2 best=1 T=1.00 elapsed=303s
it=40200 cur=2 best=1 T=1.00 elapsed=303s
it=40400 cur=2 best=1 T=0.99 elapsed=303s
it=40600 cur=2 best=1 T=0.99 elapsed=304s
it=40800 cur=2 best=1 T=0.98 elapsed=304s
it=41000 cur=2 best=1 T=0.98 elapsed=304s
it=41200 cur=2 best=1 T=0.97 elapsed=304s
it=41400 cur=2 best=1 T=0.97 elapsed=304s
it=41600 cur=2 best=1 T=0.96 elapsed=305s
it=41800 cur=2 best=1 T=0.96 elapsed=305s
it=42000 cur=2 best=1 T=0.95 elapsed=305s
it=42200 cur=2 best=1 T=0.95 elapsed=305s
it=42400 cur=2 best=1 T=0.94 elapsed=306s
it=42600 cur=2 best=1 T=0.94 elapsed=306s
it=42800 cur=2 best=1 T=0.93 elapsed=306s
it=43000 cur=2 best=1 T=0.93 elapsed=306s
it=43200 cur=2 best=1 T=0.92 elapsed=306s
it=43400 cur=2 best=1 T=0.92 elapsed=306s
it=43600 cur=2 best=1 T=0.91 elapsed=307s
it=43800 cur=2 best=1 T=0.91 elapsed=307s
it=44000 cur=2 best=1 T=0.90 elapsed=307s
it=44200 cur=2 best=1 T=0.90 elapsed=307s
it=44400 cur=2 best=1 T=0.89 elapsed=307s
it=44600 cur=2 best=1 T=0.89 elapsed=308s
it=44800 cur=2 best=1 T=0.88 elapsed=308s
it=45000 cur=2 best=1 T=0.88 elapsed=308s
it=45200 cur=2 best=1 T=0.87 elapsed=308s
it=45400 cur=2 best=1 T=0.86 elapsed=308s
it=45600 cur=2 best=1 T=0.86 elapsed=309s
it=45800 cur=5 best=1 T=0.85 elapsed=309s
it=46000 cur=2 best=1 T=0.85 elapsed=309s
it=46200 cur=2 best=1 T=0.84 elapsed=309s
it=46400 cur=2 best=1 T=0.84 elapsed=310s
it=46600 cur=2 best=1 T=0.83 elapsed=310s
it=46800 cur=2 best=1 T=0.83 elapsed=310s
it=47000 cur=2 best=1 T=0.82 elapsed=310s
it=47200 cur=2 best=1 T=0.82 elapsed=310s
it=47400 cur=2 best=1 T=0.81 elapsed=310s
it=47600 cur=2 best=1 T=0.81 elapsed=311s
it=47800 cur=2 best=1 T=0.80 elapsed=311s
it=48000 cur=2 best=1 T=0.80 elapsed=311s
it=48200 cur=4 best=1 T=0.79 elapsed=311s
it=48400 cur=4 best=1 T=0.79 elapsed=311s
it=48600 cur=2 best=1 T=0.78 elapsed=311s
it=48800 cur=5 best=1 T=0.78 elapsed=311s
it=49000 cur=3 best=1 T=0.77 elapsed=311s
it=49200 cur=3 best=1 T=0.77 elapsed=311s
it=49400 cur=3 best=1 T=0.76 elapsed=312s
it=49600 cur=2 best=1 T=0.76 elapsed=312s
it=49800 cur=2 best=1 T=0.75 elapsed=312s
it=50000 cur=2 best=1 T=0.75 elapsed=312s
it=50200 cur=2 best=1 T=0.75 elapsed=312s
it=50400 cur=4 best=1 T=0.74 elapsed=313s
it=50600 cur=2 best=1 T=0.74 elapsed=313s
it=50800 cur=2 best=1 T=0.73 elapsed=313s
it=51000 cur=2 best=1 T=0.73 elapsed=313s
it=51200 cur=2 best=1 T=0.72 elapsed=313s
it=51400 cur=2 best=1 T=0.72 elapsed=313s
it=51600 cur=2 best=1 T=0.71 elapsed=314s
it=51800 cur=2 best=1 T=0.71 elapsed=314s
it=52000 cur=2 best=1 T=0.70 elapsed=314s
it=52200 cur=2 best=1 T=0.70 elapsed=314s
it=52400 cur=2 best=1 T=0.69 elapsed=315s
it=52600 cur=2 best=1 T=0.69 elapsed=315s
it=52800 cur=2 best=1 T=0.68 elapsed=315s
it=53000 cur=2 best=1 T=0.68 elapsed=315s
it=53200 cur=2 best=1 T=0.67 elapsed=316s
it=53400 cur=2 best=1 T=0.67 elapsed=316s
it=53600 cur=2 best=1 T=0.66 elapsed=316s
it=53800 cur=2 best=1 T=0.66 elapsed=317s
it=54000 cur=2 best=1 T=0.65 elapsed=317s
it=54200 cur=2 best=1 T=0.65 elapsed=317s
it=54400 cur=2 best=1 T=0.64 elapsed=318s
it=54600 cur=2 best=1 T=0.64 elapsed=318s
it=54800 cur=2 best=1 T=0.63 elapsed=318s
it=55000 cur=2 best=1 T=0.62 elapsed=318s
it=55200 cur=2 best=1 T=0.62 elapsed=318s
it=55400 cur=2 best=1 T=0.61 elapsed=319s
it=55600 cur=2 best=1 T=0.61 elapsed=319s
it=55800 cur=2 best=1 T=0.60 elapsed=319s
it=56000 cur=2 best=1 T=0.60 elapsed=319s
it=56200 cur=2 best=1 T=0.59 elapsed=319s
it=56400 cur=2 best=1 T=0.59 elapsed=320s
it=56600 cur=2 best=1 T=0.58 elapsed=320s
it=56800 cur=3 best=1 T=0.58 elapsed=320s
it=57000 cur=3 best=1 T=0.57 elapsed=320s
it=57200 cur=3 best=1 T=0.57 elapsed=321s
it=57400 cur=3 best=1 T=0.56 elapsed=321s
it=57600 cur=3 best=1 T=0.56 elapsed=321s
it=57800 cur=3 best=1 T=0.55 elapsed=321s
it=58000 cur=3 best=1 T=0.55 elapsed=321s
it=58200 cur=4 best=1 T=0.54 elapsed=321s
it=58400 cur=4 best=1 T=0.54 elapsed=322s
it=58600 cur=4 best=1 T=0.53 elapsed=322s
it=58800 cur=3 best=1 T=0.53 elapsed=322s
it=59000 cur=3 best=1 T=0.52 elapsed=322s
it=59200 cur=3 best=1 T=0.52 elapsed=322s
it=59400 cur=3 best=1 T=0.51 elapsed=323s
it=59600 cur=3 best=1 T=0.51 elapsed=323s
it=59800 cur=3 best=1 T=0.50 elapsed=323s
it=60000 cur=3 best=1 T=0.50 elapsed=323s
it=60200 cur=3 best=1 T=0.50 elapsed=323s
it=60400 cur=2 best=1 T=0.49 elapsed=323s
it=60600 cur=2 best=1 T=0.49 elapsed=323s
it=60800 cur=2 best=1 T=0.48 elapsed=324s
it=61000 cur=2 best=1 T=0.48 elapsed=324s
it=61200 cur=2 best=1 T=0.47 elapsed=324s
it=61400 cur=2 best=1 T=0.47 elapsed=324s
it=61600 cur=2 best=1 T=0.46 elapsed=324s
it=61800 cur=2 best=1 T=0.46 elapsed=324s
it=62000 cur=2 best=1 T=0.45 elapsed=324s
it=62200 cur=2 best=1 T=0.45 elapsed=325s
it=62400 cur=2 best=1 T=0.44 elapsed=325s
it=62600 cur=2 best=1 T=0.44 elapsed=325s
it=62800 cur=2 best=1 T=0.43 elapsed=325s
it=63000 cur=2 best=1 T=0.43 elapsed=325s
it=63200 cur=2 best=1 T=0.42 elapsed=325s
it=63400 cur=2 best=1 T=0.42 elapsed=325s
it=63600 cur=2 best=1 T=0.41 elapsed=325s
it=63800 cur=2 best=1 T=0.41 elapsed=325s
it=64000 cur=2 best=1 T=0.40 elapsed=325s
it=64200 cur=2 best=1 T=0.40 elapsed=326s
it=64400 cur=2 best=1 T=0.39 elapsed=326s
it=64600 cur=2 best=1 T=0.39 elapsed=326s
it=64800 cur=2 best=1 T=0.38 elapsed=326s
it=65000 cur=2 best=1 T=0.38 elapsed=326s
it=65200 cur=2 best=1 T=0.37 elapsed=326s
it=65400 cur=2 best=1 T=0.36 elapsed=326s
it=65600 cur=2 best=1 T=0.36 elapsed=326s
it=65800 cur=2 best=1 T=0.35 elapsed=326s
it=66000 cur=2 best=1 T=0.35 elapsed=327s
it=66200 cur=2 best=1 T=0.34 elapsed=327s
it=66400 cur=2 best=1 T=0.34 elapsed=327s
it=66600 cur=2 best=1 T=0.33 elapsed=327s
it=66800 cur=2 best=1 T=0.33 elapsed=327s
it=67000 cur=2 best=1 T=0.32 elapsed=327s
it=67200 cur=2 best=1 T=0.32 elapsed=327s
it=67400 cur=2 best=1 T=0.31 elapsed=327s
it=67600 cur=2 best=1 T=0.31 elapsed=328s
it=67800 cur=2 best=1 T=0.30 elapsed=328s
it=68000 cur=2 best=1 T=0.30 elapsed=328s
it=68200 cur=2 best=1 T=0.29 elapsed=328s
it=68400 cur=2 best=1 T=0.29 elapsed=328s
it=68600 cur=2 best=1 T=0.28 elapsed=328s
it=68800 cur=2 best=1 T=0.28 elapsed=328s
it=69000 cur=2 best=1 T=0.27 elapsed=328s
it=69200 cur=2 best=1 T=0.27 elapsed=328s
it=69400 cur=2 best=1 T=0.26 elapsed=328s
it=69600 cur=2 best=1 T=0.26 elapsed=329s
it=69800 cur=2 best=1 T=0.25 elapsed=329s
it=70000 cur=2 best=1 T=0.25 elapsed=329s
it=70200 cur=2 best=1 T=0.25 elapsed=329s
it=70400 cur=2 best=1 T=0.24 elapsed=329s
it=70600 cur=2 best=1 T=0.24 elapsed=329s
it=70800 cur=2 best=1 T=0.23 elapsed=329s
it=71000 cur=2 best=1 T=0.23 elapsed=330s
it=71200 cur=2 best=1 T=0.22 elapsed=330s
it=71400 cur=2 best=1 T=0.22 elapsed=330s
it=71600 cur=2 best=1 T=0.21 elapsed=330s
it=71800 cur=2 best=1 T=0.21 elapsed=330s
it=72000 cur=2 best=1 T=0.20 elapsed=330s
it=72200 cur=2 best=1 T=0.20 elapsed=330s
it=72400 cur=2 best=1 T=0.19 elapsed=330s
it=72600 cur=2 best=1 T=0.19 elapsed=331s
it=72800 cur=2 best=1 T=0.18 elapsed=331s
it=73000 cur=2 best=1 T=0.18 elapsed=331s
it=73200 cur=2 best=1 T=0.17 elapsed=331s
it=73400 cur=2 best=1 T=0.17 elapsed=331s
it=73600 cur=2 best=1 T=0.16 elapsed=331s
it=73800 cur=2 best=1 T=0.16 elapsed=331s
it=74000 cur=2 best=1 T=0.15 elapsed=331s
it=74200 cur=2 best=1 T=0.15 elapsed=332s
it=74400 cur=2 best=1 T=0.14 elapsed=332s
it=74600 cur=2 best=1 T=0.14 elapsed=332s
it=74800 cur=2 best=1 T=0.13 elapsed=332s
it=75000 cur=2 best=1 T=0.12 elapsed=332s
it=75200 cur=2 best=1 T=0.12 elapsed=332s
it=75400 cur=2 best=1 T=0.11 elapsed=333s
it=75600 cur=2 best=1 T=0.11 elapsed=333s
it=75800 cur=2 best=1 T=0.10 elapsed=333s
it=76000 cur=2 best=1 T=0.10 elapsed=333s
it=76200 cur=2 best=1 T=0.09 elapsed=333s
it=76400 cur=2 best=1 T=0.09 elapsed=333s
it=76600 cur=2 best=1 T=0.08 elapsed=333s
it=76800 cur=2 best=1 T=0.08 elapsed=333s
it=77000 cur=2 best=1 T=0.07 elapsed=334s
it=77200 cur=2 best=1 T=0.07 elapsed=334s
it=77400 cur=2 best=1 T=0.06 elapsed=334s
it=77600 cur=2 best=1 T=0.06 elapsed=334s
it=77800 cur=2 best=1 T=0.05 elapsed=334s
it=78000 cur=2 best=1 T=0.05 elapsed=334s
it=78200 cur=2 best=1 T=0.05 elapsed=334s
it=78400 cur=2 best=1 T=0.05 elapsed=335s
it=78600 cur=2 best=1 T=0.05 elapsed=335s
it=78800 cur=2 best=1 T=0.05 elapsed=335s
it=79000 cur=2 best=1 T=0.05 elapsed=335s
it=79200 cur=2 best=1 T=0.05 elapsed=335s
it=79400 cur=2 best=1 T=0.05 elapsed=335s
it=79600 cur=2 best=1 T=0.05 elapsed=335s
it=79800 cur=2 best=1 T=0.05 elapsed=335s
DONE n=24 best=1
