N=2162160 |mods|=131 mass=1.7945
init E=86916 (0.04020)
it=1 T=40.000 bestE=86874 (0.040179) 0.0s
it=2 T=39.999 bestE=85435 (0.039514) 0.0s
it=5 T=39.997 bestE=84836 (0.039237) 0.0s
it=10 T=39.993 bestE=84190 (0.038938) 0.0s
it=16 T=39.988 bestE=84182 (0.038934) 0.0s
it=18 T=39.986 bestE=84132 (0.038911) 0.1s
it=19 T=39.986 bestE=83110 (0.038438) 0.1s
it=22 T=39.983 bestE=82693 (0.038246) 0.1s
it=24 T=39.982 bestE=82296 (0.038062) 0.1s
it=29 T=39.978 bestE=82268 (0.038049) 0.1s
it=30 T=39.977 bestE=82204 (0.038019) 0.1s
it=33 T=39.974 bestE=82181 (0.038009) 0.1s
it=35 T=39.973 bestE=81891 (0.037875) 0.1s
it=40 T=39.969 bestE=80492 (0.037228) 0.1s
it=41 T=39.968 bestE=80472 (0.037218) 0.1s
it=43 T=39.966 bestE=80353 (0.037163) 0.1s
it=44 T=39.966 bestE=79928 (0.036967) 0.1s
it=47 T=39.963 bestE=79081 (0.036575) 0.1s
it=48 T=39.962 bestE=79041 (0.036556) 0.1s
it=49 T=39.962 bestE=78086 (0.036115) 0.1s
it=54 T=39.958 bestE=77994 (0.036072) 0.1s
it=66 T=39.948 bestE=77852 (0.036007) 0.2s
it=67 T=39.947 bestE=75452 (0.034897) 0.2s
it=69 T=39.946 bestE=75000 (0.034688) 0.2s
it=70 T=39.945 bestE=73683 (0.034078) 0.2s
it=76 T=39.940 bestE=73650 (0.034063) 0.2s
it=77 T=39.939 bestE=70117 (0.032429) 0.2s
it=79 T=39.938 bestE=69889 (0.032324) 0.2s
it=81 T=39.936 bestE=69847 (0.032304) 0.2s
it=82 T=39.935 bestE=69823 (0.032293) 0.2s
it=93 T=39.926 bestE=69754 (0.032261) 0.2s
it=94 T=39.926 bestE=69682 (0.032228) 0.2s
it=95 T=39.925 bestE=68994 (0.031910) 0.2s
it=97 T=39.923 bestE=68974 (0.031901) 0.2s
it=98 T=39.922 bestE=68900 (0.031866) 0.2s
it=99 T=39.922 bestE=68185 (0.031536) 0.3s
it=100 T=39.921 bestE=67889 (0.031399) 0.3s
it=103 T=39.918 bestE=67734 (0.031327) 0.3s
it=106 T=39.916 bestE=67714 (0.031318) 0.3s
it=107 T=39.915 bestE=67497 (0.031217) 0.3s
it=108 T=39.914 bestE=67487 (0.031213) 0.3s
it=112 T=39.911 bestE=67352 (0.031150) 0.3s
it=113 T=39.910 bestE=67288 (0.031121) 0.3s
it=114 T=39.910 bestE=67165 (0.031064) 0.3s
it=115 T=39.909 bestE=65717 (0.030394) 0.3s
it=116 T=39.908 bestE=64132 (0.029661) 0.3s
it=118 T=39.907 bestE=63826 (0.029520) 0.3s
it=120 T=39.905 bestE=63792 (0.029504) 0.3s
it=122 T=39.903 bestE=63758 (0.029488) 0.3s
it=123 T=39.903 bestE=63726 (0.029473) 0.3s
it=126 T=39.900 bestE=63146 (0.029205) 0.3s
it=127 T=39.899 bestE=62751 (0.029022) 0.3s
it=129 T=39.898 bestE=62705 (0.029001) 0.3s
it=131 T=39.896 bestE=62667 (0.028984) 0.3s
it=133 T=39.895 bestE=62642 (0.028972) 0.3s
it=134 T=39.894 bestE=62618 (0.028961) 0.3s
it=135 T=39.893 bestE=59890 (0.027699) 0.3s
it=137 T=39.891 bestE=59879 (0.027694) 0.3s
it=138 T=39.891 bestE=59239 (0.027398) 0.3s
it=142 T=39.887 bestE=58520 (0.027066) 0.4s
it=149 T=39.883 bestE=58431 (0.027024) 0.4s
it=151 T=39.881 bestE=58427 (0.027023) 0.4s
it=152 T=39.880 bestE=58422 (0.027020) 0.4s
it=153 T=39.879 bestE=58177 (0.026907) 0.4s
it=160 T=39.874 bestE=57042 (0.026382) 0.4s
it=163 T=39.871 bestE=56817 (0.026278) 0.4s
it=167 T=39.868 bestE=56742 (0.026243) 0.4s
it=168 T=39.867 bestE=56626 (0.026190) 0.4s
it=171 T=39.865 bestE=56593 (0.026174) 0.4s
it=173 T=39.863 bestE=56102 (0.025947) 0.4s
it=175 T=39.862 bestE=56082 (0.025938) 0.4s
it=179 T=39.859 bestE=56043 (0.025920) 0.4s
it=181 T=39.857 bestE=56031 (0.025914) 0.4s
it=182 T=39.856 bestE=55996 (0.025898) 0.4s
it=193 T=39.847 bestE=55988 (0.025894) 0.5s
it=198 T=39.844 bestE=55958 (0.025881) 0.5s
it=214 T=39.831 bestE=55945 (0.025875) 0.5s
it=217 T=39.828 bestE=55939 (0.025872) 0.5s
it=222 T=39.824 bestE=55880 (0.025845) 0.5s
it=224 T=39.823 bestE=55847 (0.025829) 0.5s
it=226 T=39.821 bestE=55753 (0.025786) 0.5s
it=228 T=39.820 bestE=55735 (0.025777) 0.5s
it=231 T=39.819 bestE=55729 (0.025775) 0.5s
it=233 T=39.817 bestE=53221 (0.024615) 0.5s
it=235 T=39.816 bestE=53220 (0.024614) 0.5s
it=236 T=39.815 bestE=53138 (0.024576) 0.5s
it=240 T=39.812 bestE=53127 (0.024571) 0.5s
it=242 T=39.810 bestE=53117 (0.024567) 0.6s
it=254 T=39.800 bestE=53110 (0.024563) 0.6s
it=256 T=39.799 bestE=53018 (0.024521) 0.6s
it=259 T=39.797 bestE=52975 (0.024501) 0.6s
it=260 T=39.796 bestE=52927 (0.024479) 0.6s
it=261 T=39.795 bestE=52650 (0.024351) 0.6s
it=264 T=39.793 bestE=52635 (0.024344) 0.6s
it=265 T=39.792 bestE=52483 (0.024273) 0.6s
it=271 T=39.787 bestE=52306 (0.024192) 0.6s
it=272 T=39.786 bestE=52269 (0.024174) 0.6s
it=276 T=39.783 bestE=52031 (0.024064) 0.6s
it=279 T=39.781 bestE=51988 (0.024044) 0.6s
it=281 T=39.779 bestE=51948 (0.024026) 0.6s
it=291 T=39.771 bestE=51657 (0.023891) 0.7s
it=296 T=39.767 bestE=50631 (0.023417) 0.7s
it=299 T=39.765 bestE=50626 (0.023415) 0.7s
it=300 T=39.764 bestE=50612 (0.023408) 0.7s
it=311 T=39.755 bestE=50577 (0.023392) 0.7s
it=312 T=39.754 bestE=50573 (0.023390) 0.7s
it=314 T=39.753 bestE=50419 (0.023319) 0.7s
it=315 T=39.752 bestE=50268 (0.023249) 0.7s
it=331 T=39.739 bestE=49955 (0.023104) 0.7s
it=337 T=39.734 bestE=49756 (0.023012) 0.7s
it=338 T=39.734 bestE=49722 (0.022996) 0.8s
it=339 T=39.733 bestE=49717 (0.022994) 0.8s
it=340 T=39.732 bestE=49655 (0.022965) 0.8s
it=344 T=39.729 bestE=49630 (0.022954) 0.8s
it=347 T=39.727 bestE=49585 (0.022933) 0.8s
it=348 T=39.726 bestE=49581 (0.022931) 0.8s
it=350 T=39.724 bestE=49488 (0.022888) 0.8s
it=352 T=39.723 bestE=49474 (0.022882) 0.8s
it=363 T=39.714 bestE=49452 (0.022872) 0.8s
it=364 T=39.713 bestE=49355 (0.022827) 0.8s
it=368 T=39.710 bestE=49334 (0.022817) 0.8s
it=370 T=39.708 bestE=48559 (0.022459) 0.8s
it=371 T=39.707 bestE=48291 (0.022335) 0.8s
it=372 T=39.707 bestE=48227 (0.022305) 0.8s
it=377 T=39.703 bestE=48207 (0.022296) 0.8s
it=380 T=39.700 bestE=48197 (0.022291) 0.8s
it=381 T=39.700 bestE=48194 (0.022290) 0.8s
it=384 T=39.697 bestE=47897 (0.022152) 0.8s
it=387 T=39.695 bestE=47646 (0.022036) 0.9s
it=390 T=39.692 bestE=47638 (0.022033) 0.9s
it=392 T=39.691 bestE=47628 (0.022028) 0.9s
it=393 T=39.690 bestE=47564 (0.021998) 0.9s
it=398 T=39.686 bestE=47520 (0.021978) 0.9s
it=399 T=39.685 bestE=47508 (0.021972) 0.9s
it=400 T=39.684 bestE=47484 (0.021961) 0.9s
it=404 T=39.681 bestE=47478 (0.021959) 0.9s
it=406 T=39.680 bestE=47429 (0.021936) 0.9s
it=408 T=39.678 bestE=47324 (0.021887) 0.9s
it=410 T=39.677 bestE=47276 (0.021865) 0.9s
it=412 T=39.675 bestE=47218 (0.021838) 0.9s
it=413 T=39.674 bestE=47217 (0.021838) 0.9s
it=414 T=39.673 bestE=47128 (0.021797) 0.9s
it=418 T=39.670 bestE=47127 (0.021796) 0.9s
it=420 T=39.669 bestE=46721 (0.021608) 0.9s
it=423 T=39.666 bestE=46693 (0.021596) 0.9s
it=429 T=39.661 bestE=46648 (0.021575) 0.9s
it=435 T=39.657 bestE=46611 (0.021558) 0.9s
it=442 T=39.651 bestE=46563 (0.021535) 1.0s
it=446 T=39.649 bestE=45176 (0.020894) 1.0s
it=452 T=39.644 bestE=44658 (0.020654) 1.0s
it=454 T=39.642 bestE=44638 (0.020645) 1.0s
it=459 T=39.639 bestE=44603 (0.020629) 1.0s
it=460 T=39.638 bestE=44547 (0.020603) 1.0s
it=461 T=39.638 bestE=44542 (0.020601) 1.0s
it=464 T=39.635 bestE=44518 (0.020590) 1.0s
it=470 T=39.631 bestE=44502 (0.020582) 1.0s
it=473 T=39.628 bestE=44301 (0.020489) 1.0s
it=474 T=39.627 bestE=43110 (0.019938) 1.0s
it=475 T=39.627 bestE=43106 (0.019937) 1.0s
it=476 T=39.626 bestE=43062 (0.019916) 1.0s
it=480 T=39.623 bestE=43052 (0.019912) 1.0s
it=482 T=39.621 bestE=42936 (0.019858) 1.0s
it=489 T=39.615 bestE=42918 (0.019850) 1.0s
it=493 T=39.612 bestE=42583 (0.019695) 1.0s
it=495 T=39.611 bestE=42543 (0.019676) 1.1s
it=497 T=39.609 bestE=42535 (0.019672) 1.1s
it=541 T=39.574 bestE=42504 (0.019658) 1.1s
it=547 T=39.570 bestE=42486 (0.019650) 1.2s
it=554 T=39.564 bestE=42466 (0.019641) 1.2s
it=560 T=39.559 bestE=42464 (0.019640) 1.2s
it=563 T=39.557 bestE=42439 (0.019628) 1.2s
it=566 T=39.554 bestE=42430 (0.019624) 1.2s
it=572 T=39.550 bestE=42326 (0.019576) 1.2s
it=573 T=39.549 bestE=42211 (0.019523) 1.2s
it=574 T=39.548 bestE=42163 (0.019500) 1.2s
it=575 T=39.547 bestE=41925 (0.019390) 1.2s
it=576 T=39.547 bestE=41913 (0.019385) 1.2s
it=578 T=39.545 bestE=40083 (0.018538) 1.2s
it=580 T=39.543 bestE=40065 (0.018530) 1.2s
it=582 T=39.542 bestE=40060 (0.018528) 1.2s
it=590 T=39.536 bestE=40009 (0.018504) 1.2s
it=595 T=39.532 bestE=39932 (0.018469) 1.2s
it=606 T=39.523 bestE=39910 (0.018458) 1.3s
it=608 T=39.521 bestE=39742 (0.018381) 1.3s
it=609 T=39.520 bestE=39735 (0.018377) 1.3s
it=612 T=39.518 bestE=39729 (0.018375) 1.3s
it=613 T=39.517 bestE=39546 (0.018290) 1.3s
it=615 T=39.516 bestE=39504 (0.018271) 1.3s
it=621 T=39.511 bestE=39460 (0.018250) 1.3s
it=627 T=39.506 bestE=39416 (0.018230) 1.3s
it=631 T=39.503 bestE=39412 (0.018228) 1.3s
it=634 T=39.501 bestE=39400 (0.018223) 1.3s
it=635 T=39.500 bestE=39377 (0.018212) 1.3s
it=647 T=39.490 bestE=39139 (0.018102) 1.3s
it=651 T=39.487 bestE=39084 (0.018076) 1.4s
it=652 T=39.487 bestE=39064 (0.018067) 1.4s
it=657 T=39.483 bestE=38980 (0.018028) 1.4s
it=668 T=39.474 bestE=38892 (0.017988) 1.4s
it=671 T=39.472 bestE=38864 (0.017975) 1.4s
it=674 T=39.469 bestE=38852 (0.017969) 1.4s
it=689 T=39.458 bestE=38846 (0.017966) 1.4s
it=692 T=39.456 bestE=38837 (0.017962) 1.4s
it=693 T=39.455 bestE=38584 (0.017845) 1.4s
it=697 T=39.452 bestE=38560 (0.017834) 1.4s
it=701 T=39.449 bestE=38549 (0.017829) 1.4s
it=703 T=39.447 bestE=38545 (0.017827) 1.4s
it=708 T=39.443 bestE=38541 (0.017825) 1.5s
it=715 T=39.438 bestE=38522 (0.017816) 1.5s
it=759 T=39.403 bestE=38462 (0.017789) 1.5s
it=762 T=39.401 bestE=38461 (0.017788) 1.5s
it=787 T=39.381 bestE=38374 (0.017748) 1.6s
it=788 T=39.380 bestE=38348 (0.017736) 1.6s
it=794 T=39.375 bestE=38339 (0.017732) 1.6s
it=796 T=39.374 bestE=38237 (0.017685) 1.6s
it=801 T=39.370 bestE=38133 (0.017637) 1.6s
it=802 T=39.369 bestE=38126 (0.017633) 1.6s
it=804 T=39.367 bestE=38111 (0.017626) 1.6s
it=836 T=39.342 bestE=38066 (0.017606) 1.7s
it=842 T=39.338 bestE=38056 (0.017601) 1.7s
it=869 T=39.316 bestE=38017 (0.017583) 1.8s
it=874 T=39.312 bestE=38013 (0.017581) 1.8s
it=897 T=39.294 bestE=37959 (0.017556) 1.8s
it=898 T=39.294 bestE=37948 (0.017551) 1.8s
it=908 T=39.286 bestE=37947 (0.017551) 1.8s
it=910 T=39.284 bestE=37939 (0.017547) 1.8s
it=924 T=39.273 bestE=37931 (0.017543) 1.8s
it=1012 T=39.204 bestE=37918 (0.017537) 2.0s
it=1133 T=39.109 bestE=37834 (0.017498) 2.2s
it=1185 T=39.069 bestE=37829 (0.017496) 2.3s
it=1188 T=39.066 bestE=37819 (0.017491) 2.3s
it=1202 T=39.056 bestE=37563 (0.017373) 2.3s
it=1204 T=39.055 bestE=37553 (0.017368) 2.3s
it=1209 T=39.051 bestE=37443 (0.017317) 2.3s
it=1222 T=39.040 bestE=37430 (0.017311) 2.4s
it=1224 T=39.039 bestE=37423 (0.017308) 2.4s
it=1239 T=39.027 bestE=37419 (0.017306) 2.4s
it=1249 T=39.019 bestE=37410 (0.017302) 2.4s
it=1250 T=39.019 bestE=37398 (0.017297) 2.4s
it=1251 T=39.018 bestE=37383 (0.017290) 2.4s
it=1262 T=39.009 bestE=37005 (0.017115) 2.4s
it=1426 T=38.882 bestE=36907 (0.017070) 2.7s
it=1432 T=38.877 bestE=36905 (0.017069) 2.7s
it=1436 T=38.874 bestE=36495 (0.016879) 2.7s
it=1445 T=38.867 bestE=36477 (0.016871) 2.8s
it=1446 T=38.866 bestE=36367 (0.016820) 2.8s
it=1455 T=38.859 bestE=36210 (0.016747) 2.8s
it=1466 T=38.850 bestE=36203 (0.016744) 2.8s
it=1468 T=38.849 bestE=36180 (0.016733) 2.8s
it=1473 T=38.845 bestE=36176 (0.016731) 2.8s
it=1480 T=38.840 bestE=35975 (0.016638) 2.8s
it=1481 T=38.839 bestE=35954 (0.016629) 2.8s
it=1483 T=38.837 bestE=35935 (0.016620) 2.8s
it=1485 T=38.836 bestE=35934 (0.016619) 2.8s
it=1496 T=38.827 bestE=35906 (0.016607) 2.8s
it=1509 T=38.817 bestE=35850 (0.016581) 2.9s
it=1552 T=38.784 bestE=35833 (0.016573) 2.9s
it=1560 T=38.777 bestE=35816 (0.016565) 2.9s
it=1567 T=38.772 bestE=35809 (0.016562) 3.0s
it=1571 T=38.769 bestE=35792 (0.016554) 3.0s
it=1581 T=38.761 bestE=35782 (0.016549) 3.0s
it=1592 T=38.753 bestE=35781 (0.016549) 3.0s
it=1615 T=38.735 bestE=35621 (0.016475) 3.0s
it=1620 T=38.731 bestE=35547 (0.016441) 3.0s
it=1623 T=38.729 bestE=35521 (0.016428) 3.0s
it=1626 T=38.726 bestE=35499 (0.016418) 3.1s
it=1629 T=38.724 bestE=35466 (0.016403) 3.1s
it=1630 T=38.723 bestE=35459 (0.016400) 3.1s
it=1631 T=38.722 bestE=35449 (0.016395) 3.1s
it=1638 T=38.717 bestE=35442 (0.016392) 3.1s
it=1640 T=38.715 bestE=35300 (0.016326) 3.1s
it=1642 T=38.714 bestE=35280 (0.016317) 3.1s
it=1649 T=38.708 bestE=35262 (0.016309) 3.1s
it=1652 T=38.706 bestE=35170 (0.016266) 3.1s
it=1654 T=38.705 bestE=35169 (0.016266) 3.1s
it=1657 T=38.702 bestE=35108 (0.016237) 3.1s
it=1661 T=38.699 bestE=35106 (0.016237) 3.1s
it=1669 T=38.693 bestE=35105 (0.016236) 3.1s
it=1673 T=38.690 bestE=35065 (0.016218) 3.1s
it=1675 T=38.688 bestE=34942 (0.016161) 3.1s
it=1682 T=38.683 bestE=34941 (0.016160) 3.2s
it=1683 T=38.682 bestE=34910 (0.016146) 3.2s
it=1686 T=38.680 bestE=34906 (0.016144) 3.2s
it=1688 T=38.678 bestE=34890 (0.016137) 3.2s
it=1691 T=38.676 bestE=34884 (0.016134) 3.2s
it=1737 T=38.640 bestE=34859 (0.016122) 3.2s
it=1738 T=38.640 bestE=34858 (0.016122) 3.2s
it=1742 T=38.637 bestE=34813 (0.016101) 3.2s
it=1748 T=38.632 bestE=34759 (0.016076) 3.3s
it=1754 T=38.627 bestE=34711 (0.016054) 3.3s
it=1789 T=38.600 bestE=34703 (0.016050) 3.3s
it=1790 T=38.599 bestE=34700 (0.016049) 3.3s
it=1903 T=38.512 bestE=34676 (0.016038) 3.5s
it=1913 T=38.505 bestE=34636 (0.016019) 3.5s
it=1917 T=38.502 bestE=34603 (0.016004) 3.5s
it=1930 T=38.492 bestE=34600 (0.016003) 3.6s
it=1932 T=38.490 bestE=34565 (0.015986) 3.6s
it=1934 T=38.488 bestE=34545 (0.015977) 3.6s
it=2001 T=38.437 bestE=34497 (0.015955) 3.7s
it=2006 T=38.433 bestE=34489 (0.015951) 3.7s
it=2008 T=38.432 bestE=34470 (0.015942) 3.7s
it=2011 T=38.429 bestE=34453 (0.015935) 3.7s
it=2018 T=38.424 bestE=34421 (0.015920) 3.7s
it=2021 T=38.422 bestE=34404 (0.015912) 3.7s
it=2023 T=38.420 bestE=34347 (0.015886) 3.7s
it=2025 T=38.418 bestE=34337 (0.015881) 3.7s
it=2148 T=38.325 bestE=34336 (0.015880) 3.9s
it=2152 T=38.322 bestE=34332 (0.015879) 3.9s
it=2155 T=38.320 bestE=34320 (0.015873) 3.9s
it=2157 T=38.318 bestE=34272 (0.015851) 3.9s
it=2167 T=38.310 bestE=34268 (0.015849) 3.9s
it=2189 T=38.293 bestE=34235 (0.015834) 4.0s
it=2207 T=38.280 bestE=34172 (0.015805) 4.0s
it=2212 T=38.276 bestE=34157 (0.015798) 4.0s
it=2218 T=38.271 bestE=34152 (0.015795) 4.0s
it=2220 T=38.270 bestE=34150 (0.015794) 4.0s
it=2226 T=38.265 bestE=34117 (0.015779) 4.0s
it=2230 T=38.262 bestE=34099 (0.015771) 4.0s
it=2232 T=38.261 bestE=34066 (0.015756) 4.0s
it=2727 T=37.885 bestE=33832 (0.015647) 4.9s
it=2739 T=37.877 bestE=33802 (0.015633) 4.9s
it=2742 T=37.875 bestE=33790 (0.015628) 4.9s
it=2744 T=37.873 bestE=33747 (0.015608) 4.9s
it=2746 T=37.872 bestE=33733 (0.015602) 4.9s
it=2754 T=37.865 bestE=33719 (0.015595) 4.9s
it=2758 T=37.862 bestE=33711 (0.015591) 4.9s
it=2772 T=37.852 bestE=33594 (0.015537) 4.9s
it=2809 T=37.824 bestE=33593 (0.015537) 5.0s
it=2813 T=37.821 bestE=33589 (0.015535) 5.0s
it=2928 T=37.735 bestE=33525 (0.015505) 5.2s
it=2937 T=37.729 bestE=33517 (0.015502) 5.2s
it=2946 T=37.722 bestE=33510 (0.015498) 5.2s
it=2953 T=37.717 bestE=33507 (0.015497) 5.2s
it=2954 T=37.716 bestE=33487 (0.015488) 5.2s
it=2963 T=37.709 bestE=33442 (0.015467) 5.2s
it=3469 T=37.332 bestE=33421 (0.015457) 5.8s
it=3470 T=37.332 bestE=33383 (0.015440) 5.8s
it=3513 T=37.299 bestE=33378 (0.015437) 5.8s
it=3523 T=37.292 bestE=33374 (0.015435) 5.8s
it=3525 T=37.291 bestE=33370 (0.015434) 5.8s
it=3560 T=37.264 bestE=33358 (0.015428) 5.8s
it=3566 T=37.260 bestE=33304 (0.015403) 5.9s
it=3576 T=37.252 bestE=33296 (0.015399) 5.9s
it=3611 T=37.227 bestE=33230 (0.015369) 5.9s
it=3612 T=37.226 bestE=33228 (0.015368) 5.9s
it=3614 T=37.225 bestE=33222 (0.015365) 5.9s
it=3618 T=37.222 bestE=33221 (0.015365) 5.9s
it=3640 T=37.206 bestE=33219 (0.015364) 5.9s
it=3649 T=37.199 bestE=33116 (0.015316) 5.9s
it=3656 T=37.194 bestE=33107 (0.015312) 5.9s
it=3695 T=37.166 bestE=32898 (0.015215) 5.9s
it=3722 T=37.146 bestE=32897 (0.015215) 6.0s
it=3723 T=37.145 bestE=32896 (0.015214) 6.0s
it=3725 T=37.144 bestE=32891 (0.015212) 6.0s
it=3728 T=37.142 bestE=32885 (0.015209) 6.0s
it=3731 T=37.139 bestE=32881 (0.015207) 6.0s
it=3732 T=37.139 bestE=32876 (0.015205) 6.0s
it=3943 T=36.982 bestE=32674 (0.015112) 6.1s
it=3953 T=36.975 bestE=32667 (0.015109) 6.2s
it=3960 T=36.970 bestE=32639 (0.015096) 6.2s
it=3963 T=36.967 bestE=32615 (0.015084) 6.2s
it=3964 T=36.967 bestE=32611 (0.015083) 6.2s
it=3965 T=36.966 bestE=32609 (0.015082) 6.2s
it=3967 T=36.965 bestE=32600 (0.015078) 6.2s
it=3968 T=36.964 bestE=32599 (0.015077) 6.2s
it=3976 T=36.959 bestE=32580 (0.015068) 6.2s
it=4125 T=36.849 bestE=32566 (0.015062) 6.4s
it=4135 T=36.841 bestE=32553 (0.015056) 6.4s
it=4136 T=36.841 bestE=32546 (0.015053) 6.4s
it=4141 T=36.837 bestE=32519 (0.015040) 6.4s
it=4150 T=36.830 bestE=32516 (0.015039) 6.5s
it=4152 T=36.829 bestE=32507 (0.015035) 6.5s
it=4155 T=36.827 bestE=32501 (0.015032) 6.5s
it=4156 T=36.826 bestE=32493 (0.015028) 6.5s
it=4157 T=36.825 bestE=32492 (0.015028) 6.5s
it=4159 T=36.824 bestE=32487 (0.015025) 6.5s
it=4162 T=36.822 bestE=32427 (0.014998) 6.5s
it=4170 T=36.816 bestE=32367 (0.014970) 6.5s
it=4368 T=36.671 bestE=32354 (0.014964) 6.8s
it=4370 T=36.669 bestE=32338 (0.014956) 6.8s
it=4643 T=36.471 bestE=32296 (0.014937) 7.2s
it=4670 T=36.451 bestE=32193 (0.014889) 7.3s
it=4674 T=36.448 bestE=32187 (0.014887) 7.3s
it=4677 T=36.446 bestE=32179 (0.014883) 7.3s
it=4683 T=36.442 bestE=32161 (0.014874) 7.3s
it=4686 T=36.440 bestE=32159 (0.014874) 7.3s
it=4692 T=36.435 bestE=32150 (0.014869) 7.3s
it=4713 T=36.420 bestE=31917 (0.014762) 7.3s
it=4714 T=36.419 bestE=31909 (0.014758) 7.3s
it=4723 T=36.413 bestE=31893 (0.014751) 7.3s
it=4738 T=36.402 bestE=31890 (0.014749) 7.4s
it=4741 T=36.400 bestE=31886 (0.014747) 7.4s
it=4743 T=36.398 bestE=31868 (0.014739) 7.4s
it=4745 T=36.397 bestE=31865 (0.014738) 7.4s
it=4746 T=36.396 bestE=31811 (0.014713) 7.4s
it=4747 T=36.395 bestE=31762 (0.014690) 7.4s
it=4749 T=36.394 bestE=31739 (0.014679) 7.4s
it=4750 T=36.393 bestE=31666 (0.014646) 7.4s
it=4764 T=36.383 bestE=31664 (0.014645) 7.4s
it=4929 T=36.263 bestE=31663 (0.014644) 7.6s
it=4936 T=36.258 bestE=31657 (0.014641) 7.6s
it=4937 T=36.257 bestE=31627 (0.014628) 7.6s
it=4944 T=36.252 bestE=31508 (0.014572) 7.7s
it=4982 T=36.225 bestE=31475 (0.014557) 7.7s
it=4983 T=36.224 bestE=31469 (0.014554) 7.7s
it=4990 T=36.219 bestE=31461 (0.014551) 7.7s
it=4997 T=36.214 bestE=31139 (0.014402) 7.7s
it=5008 T=36.206 bestE=31083 (0.014376) 7.8s
it=5018 T=36.199 bestE=31065 (0.014368) 7.8s
it=5021 T=36.196 bestE=31046 (0.014359) 7.8s
it=5031 T=36.189 bestE=31043 (0.014357) 7.8s
it=5032 T=36.188 bestE=30984 (0.014330) 7.8s
it=5044 T=36.180 bestE=30965 (0.014321) 7.8s
it=5046 T=36.178 bestE=30963 (0.014320) 7.8s
it=5068 T=36.162 bestE=30922 (0.014301) 7.8s
it=5073 T=36.159 bestE=30904 (0.014293) 7.8s
it=5080 T=36.154 bestE=30846 (0.014266) 7.9s
it=5085 T=36.150 bestE=30844 (0.014265) 7.9s
it=5094 T=36.144 bestE=30805 (0.014247) 7.9s
it=5143 T=36.108 bestE=30639 (0.014171) 7.9s
it=5144 T=36.107 bestE=30630 (0.014166) 7.9s
it=5148 T=36.105 bestE=30621 (0.014162) 7.9s
it=5153 T=36.101 bestE=30604 (0.014154) 7.9s
it=5443 T=35.894 bestE=30547 (0.014128) 8.1s
it=5445 T=35.892 bestE=30529 (0.014120) 8.1s
it=5446 T=35.891 bestE=30527 (0.014119) 8.1s
it=5455 T=35.885 bestE=30525 (0.014118) 8.1s
it=5456 T=35.884 bestE=30511 (0.014111) 8.1s
it=5492 T=35.858 bestE=30459 (0.014087) 8.2s
it=5554 T=35.814 bestE=30439 (0.014078) 8.2s
it=5556 T=35.813 bestE=30436 (0.014077) 8.2s
it=5564 T=35.807 bestE=30431 (0.014074) 8.2s
it=5572 T=35.801 bestE=30393 (0.014057) 8.2s
it=5575 T=35.799 bestE=30379 (0.014050) 8.2s
it=5591 T=35.787 bestE=30344 (0.014034) 8.2s
it=5612 T=35.772 bestE=30341 (0.014033) 8.3s
it=5616 T=35.770 bestE=30278 (0.014004) 8.3s
it=5618 T=35.768 bestE=30267 (0.013999) 8.3s
it=5620 T=35.767 bestE=29754 (0.013761) 8.3s
it=5645 T=35.749 bestE=29551 (0.013667) 8.3s
it=5735 T=35.685 bestE=29513 (0.013650) 8.4s
it=5741 T=35.681 bestE=29506 (0.013647) 8.4s
it=5749 T=35.675 bestE=29438 (0.013615) 8.4s
it=5755 T=35.671 bestE=29421 (0.013607) 8.4s
it=5766 T=35.663 bestE=29414 (0.013604) 8.4s
it=5780 T=35.653 bestE=29405 (0.013600) 8.5s
it=5786 T=35.649 bestE=29403 (0.013599) 8.5s
it=5788 T=35.647 bestE=29397 (0.013596) 8.5s
it=5789 T=35.647 bestE=29391 (0.013593) 8.5s
it=5793 T=35.644 bestE=29377 (0.013587) 8.5s
it=5797 T=35.641 bestE=29370 (0.013584) 8.5s
it=5855 T=35.601 bestE=29368 (0.013583) 8.6s
it=5876 T=35.586 bestE=29353 (0.013576) 8.6s
it=5882 T=35.582 bestE=29350 (0.013574) 8.6s
it=5887 T=35.578 bestE=29348 (0.013573) 8.6s
it=6059 T=35.456 bestE=29322 (0.013561) 8.9s
it=6070 T=35.448 bestE=29242 (0.013524) 8.9s
it=6571 T=35.096 bestE=29231 (0.013519) 9.7s
it=6581 T=35.089 bestE=29228 (0.013518) 9.7s
it=6586 T=35.085 bestE=29182 (0.013497) 9.7s
it=6594 T=35.080 bestE=29175 (0.013493) 9.8s
it=6597 T=35.077 bestE=29147 (0.013481) 9.8s
it=6598 T=35.077 bestE=29145 (0.013480) 9.8s
it=6607 T=35.070 bestE=29143 (0.013479) 9.8s
it=7229 T=34.637 bestE=29103 (0.013460) 10.7s
it=7233 T=34.634 bestE=29045 (0.013433) 10.7s
it=7237 T=34.631 bestE=29043 (0.013432) 10.7s
it=7239 T=34.630 bestE=29024 (0.013424) 10.8s
it=7242 T=34.628 bestE=29019 (0.013421) 10.8s
it=7249 T=34.623 bestE=29008 (0.013416) 10.8s
it=8164 T=34.000 bestE=29007 (0.013416) 12.1s
it=8165 T=33.999 bestE=28987 (0.013407) 12.1s
it=8448 T=33.809 bestE=28957 (0.013393) 12.6s
it=8472 T=33.793 bestE=28937 (0.013383) 12.7s
it=8473 T=33.792 bestE=28900 (0.013366) 12.7s
it=8478 T=33.789 bestE=28884 (0.013359) 12.7s
it=8495 T=33.778 bestE=28873 (0.013354) 12.7s
it=9094 T=33.375 bestE=28785 (0.013313) 13.7s
it=9099 T=33.372 bestE=28779 (0.013310) 13.7s
it=9100 T=33.371 bestE=28765 (0.013304) 13.7s
it=9104 T=33.369 bestE=28758 (0.013301) 13.7s
it=9116 T=33.361 bestE=28711 (0.013279) 13.7s
it=9216 T=33.295 bestE=28686 (0.013267) 13.9s
it=9225 T=33.289 bestE=28685 (0.013267) 13.9s
it=9251 T=33.272 bestE=28683 (0.013266) 13.9s
it=9317 T=33.228 bestE=28666 (0.013258) 14.0s
it=9332 T=33.218 bestE=28624 (0.013239) 14.1s
it=9710 T=32.969 bestE=28613 (0.013234) 14.4s
it=9719 T=32.963 bestE=28598 (0.013227) 14.4s
it=9741 T=32.949 bestE=28555 (0.013207) 14.5s
it=9777 T=32.926 bestE=28544 (0.013202) 14.5s
it=9790 T=32.917 bestE=28502 (0.013182) 14.5s
it=9793 T=32.915 bestE=28497 (0.013180) 14.5s
it=9841 T=32.884 bestE=28471 (0.013168) 14.5s
it=9844 T=32.882 bestE=28465 (0.013165) 14.5s
it=10561 T=32.415 bestE=28345 (0.013110) 15.4s
it=10564 T=32.413 bestE=28341 (0.013108) 15.4s
it=10565 T=32.412 bestE=28317 (0.013097) 15.4s
it=10568 T=32.410 bestE=28300 (0.013089) 15.4s
it=10570 T=32.409 bestE=28297 (0.013087) 15.4s
it=10573 T=32.407 bestE=28216 (0.013050) 15.4s
it=10629 T=32.371 bestE=28202 (0.013043) 15.5s
it=10633 T=32.368 bestE=28183 (0.013035) 15.5s
it=10653 T=32.355 bestE=28179 (0.013033) 15.5s
it=10814 T=32.252 bestE=28126 (0.013008) 15.8s
it=10826 T=32.244 bestE=28088 (0.012991) 15.8s
it=10854 T=32.226 bestE=28066 (0.012981) 15.9s
it=11532 T=31.795 bestE=28062 (0.012979) 16.6s
it=11536 T=31.792 bestE=28056 (0.012976) 16.6s
it=11583 T=31.762 bestE=28053 (0.012975) 16.7s
it=11585 T=31.761 bestE=28027 (0.012963) 16.7s
it=11747 T=31.659 bestE=28015 (0.012957) 17.0s
it=11812 T=31.618 bestE=28006 (0.012953) 17.1s
it=11818 T=31.614 bestE=28000 (0.012950) 17.1s
it=11821 T=31.612 bestE=27964 (0.012933) 17.1s
it=11822 T=31.611 bestE=27933 (0.012919) 17.1s
it=11824 T=31.610 bestE=27739 (0.012829) 17.1s
it=11915 T=31.553 bestE=27716 (0.012819) 17.2s
it=11944 T=31.535 bestE=27618 (0.012773) 17.3s
it=11945 T=31.534 bestE=27588 (0.012759) 17.3s
it=12042 T=31.474 bestE=27583 (0.012757) 17.5s
it=12204 T=31.373 bestE=27577 (0.012754) 17.7s
it=12209 T=31.370 bestE=27544 (0.012739) 17.7s
it=12211 T=31.368 bestE=27504 (0.012721) 17.7s
it=12213 T=31.367 bestE=27489 (0.012714) 17.7s
it=12214 T=31.366 bestE=27482 (0.012710) 17.7s
it=12328 T=31.295 bestE=27433 (0.012688) 17.9s
it=12336 T=31.290 bestE=27426 (0.012685) 18.0s
it=12347 T=31.283 bestE=27400 (0.012673) 18.0s
it=12351 T=31.281 bestE=27369 (0.012658) 18.0s
it=12356 T=31.277 bestE=27323 (0.012637) 18.0s
it=12365 T=31.272 bestE=27283 (0.012618) 18.0s
it=12369 T=31.269 bestE=27250 (0.012603) 18.0s
it=12408 T=31.245 bestE=27224 (0.012591) 18.1s
it=12939 T=30.917 bestE=27220 (0.012589) 19.1s
it=12944 T=30.914 bestE=27159 (0.012561) 19.1s
it=12956 T=30.906 bestE=27154 (0.012559) 19.1s
it=12958 T=30.905 bestE=27140 (0.012552) 19.1s
it=13224 T=30.741 bestE=27122 (0.012544) 19.6s
it=13330 T=30.676 bestE=27033 (0.012503) 19.8s
it=13335 T=30.673 bestE=27029 (0.012501) 19.8s
it=13341 T=30.670 bestE=27023 (0.012498) 19.8s
it=13343 T=30.669 bestE=27015 (0.012494) 19.8s
it=13344 T=30.669 bestE=27014 (0.012494) 19.8s
it=13345 T=30.668 bestE=27007 (0.012491) 19.8s
it=13943 T=30.306 bestE=26964 (0.012471) 20.9s
it=13944 T=30.306 bestE=26959 (0.012469) 20.9s
it=13949 T=30.303 bestE=26956 (0.012467) 20.9s
it=14147 T=30.184 bestE=26858 (0.012422) 21.2s
it=14158 T=30.177 bestE=26856 (0.012421) 21.3s
it=14162 T=30.174 bestE=26850 (0.012418) 21.3s
it=14166 T=30.172 bestE=26847 (0.012417) 21.3s
it=14175 T=30.167 bestE=26840 (0.012414) 21.3s
it=14176 T=30.166 bestE=26832 (0.012410) 21.3s
it=14200 T=30.152 bestE=26800 (0.012395) 21.3s
it=14203 T=30.150 bestE=26798 (0.012394) 21.3s
it=14207 T=30.147 bestE=26781 (0.012386) 21.3s
it=14213 T=30.144 bestE=26779 (0.012385) 21.3s
it=14216 T=30.142 bestE=26756 (0.012375) 21.3s
it=14217 T=30.141 bestE=26753 (0.012373) 21.3s
it=15882 T=29.161 bestE=26751 (0.012372) 23.9s
it=15887 T=29.158 bestE=26748 (0.012371) 23.9s
it=15895 T=29.154 bestE=26719 (0.012358) 23.9s
it=15903 T=29.149 bestE=26717 (0.012357) 23.9s
it=15908 T=29.146 bestE=26708 (0.012352) 24.0s
it=15911 T=29.144 bestE=26706 (0.012352) 24.0s
it=15912 T=29.144 bestE=26680 (0.012340) 24.0s
it=15916 T=29.141 bestE=26677 (0.012338) 24.0s
it=15917 T=29.141 bestE=26642 (0.012322) 24.0s
it=16317 T=28.909 bestE=26640 (0.012321) 24.6s
it=16334 T=28.899 bestE=26637 (0.012320) 24.7s
it=18180 T=27.853 bestE=26635 (0.012319) 27.4s
it=18181 T=27.853 bestE=26618 (0.012311) 27.4s
it=18189 T=27.848 bestE=26598 (0.012302) 27.4s
it=18193 T=27.846 bestE=26592 (0.012299) 27.4s
it=18208 T=27.838 bestE=26585 (0.012296) 27.4s
it=18260 T=27.809 bestE=26584 (0.012295) 27.5s
it=18271 T=27.803 bestE=26548 (0.012278) 27.5s
it=18276 T=27.800 bestE=26545 (0.012277) 27.5s
it=18326 T=27.772 bestE=26543 (0.012276) 27.5s
it=18329 T=27.771 bestE=26533 (0.012272) 27.5s
it=18337 T=27.766 bestE=26531 (0.012271) 27.5s
it=18342 T=27.763 bestE=26525 (0.012268) 27.5s
it=18350 T=27.759 bestE=26516 (0.012264) 27.5s
it=18413 T=27.724 bestE=26515 (0.012263) 27.6s
it=18435 T=27.712 bestE=26485 (0.012249) 27.6s
it=18841 T=27.489 bestE=26482 (0.012248) 28.0s
it=18842 T=27.489 bestE=26479 (0.012247) 28.0s
it=18848 T=27.485 bestE=26464 (0.012240) 28.0s
it=18849 T=27.485 bestE=26437 (0.012227) 28.0s
it=18852 T=27.483 bestE=26436 (0.012227) 28.0s
it=18858 T=27.480 bestE=26402 (0.012211) 28.1s
it=18870 T=27.473 bestE=26392 (0.012206) 28.1s
it=18871 T=27.473 bestE=26391 (0.012206) 28.1s
it=18898 T=27.458 bestE=26386 (0.012204) 28.1s
it=18900 T=27.457 bestE=26375 (0.012198) 28.1s
it=18904 T=27.455 bestE=26295 (0.012161) 28.1s
it=19037 T=27.382 bestE=26277 (0.012153) 28.3s
it=19044 T=27.378 bestE=26271 (0.012150) 28.3s
it=19370 T=27.201 bestE=26233 (0.012133) 28.9s
it=19372 T=27.199 bestE=26231 (0.012132) 28.9s
it=19377 T=27.197 bestE=26220 (0.012127) 28.9s
it=20970 T=26.346 bestE=26174 (0.012105) 31.4s
it=20972 T=26.345 bestE=26158 (0.012098) 31.4s
it=20976 T=26.343 bestE=26116 (0.012079) 31.4s
it=20999 T=26.331 bestE=26115 (0.012078) 31.4s
it=21006 T=26.328 bestE=26088 (0.012066) 31.4s
it=21039 T=26.310 bestE=26081 (0.012062) 31.5s
it=21046 T=26.306 bestE=26078 (0.012061) 31.5s
it=21049 T=26.305 bestE=26073 (0.012059) 31.5s
it=21119 T=26.268 bestE=26061 (0.012053) 31.6s
it=21202 T=26.225 bestE=26047 (0.012047) 31.7s
it=21207 T=26.222 bestE=26041 (0.012044) 31.7s
it=21225 T=26.212 bestE=26031 (0.012039) 31.8s
it=21226 T=26.212 bestE=26028 (0.012038) 31.8s
it=21228 T=26.211 bestE=26018 (0.012033) 31.8s
it=21252 T=26.198 bestE=26006 (0.012028) 31.8s
it=21266 T=26.191 bestE=25994 (0.012022) 31.8s
it=21274 T=26.187 bestE=25983 (0.012017) 31.8s
it=21302 T=26.173 bestE=25972 (0.012012) 31.9s
it=21303 T=26.172 bestE=25950 (0.012002) 31.9s
it=21427 T=26.107 bestE=25911 (0.011984) 32.1s
it=21428 T=26.107 bestE=25909 (0.011983) 32.1s
it=21954 T=25.834 bestE=25893 (0.011976) 32.9s
it=22259 T=25.676 bestE=25888 (0.011973) 33.4s
it=22479 T=25.565 bestE=25866 (0.011963) 33.7s
it=22487 T=25.561 bestE=25800 (0.011933) 33.7s
it=22493 T=25.558 bestE=25794 (0.011930) 33.7s
it=22505 T=25.551 bestE=25790 (0.011928) 33.8s
it=22522 T=25.543 bestE=25784 (0.011925) 33.8s
it=22529 T=25.539 bestE=25781 (0.011924) 33.8s
it=22552 T=25.527 bestE=25734 (0.011902) 33.8s
it=22555 T=25.526 bestE=25696 (0.011884) 33.9s
it=22801 T=25.401 bestE=25688 (0.011881) 34.2s
it=22888 T=25.358 bestE=25684 (0.011879) 34.4s
it=23128 T=25.237 bestE=25678 (0.011876) 34.7s
it=23137 T=25.233 bestE=25677 (0.011876) 34.8s
it=23141 T=25.231 bestE=25672 (0.011873) 34.8s
it=23142 T=25.230 bestE=25661 (0.011868) 34.8s
it=23150 T=25.226 bestE=25658 (0.011867) 34.8s
it=23210 T=25.196 bestE=25640 (0.011859) 34.9s
it=23333 T=25.134 bestE=25599 (0.011840) 35.1s
it=23346 T=25.128 bestE=25577 (0.011829) 35.1s
it=23353 T=25.124 bestE=25549 (0.011816) 35.1s
it=24841 T=24.392 bestE=25527 (0.011806) 37.1s
it=24923 T=24.352 bestE=25483 (0.011786) 37.1s
it=24925 T=24.352 bestE=25460 (0.011775) 37.1s
it=24941 T=24.344 bestE=25457 (0.011774) 37.1s
it=24948 T=24.340 bestE=25443 (0.011767) 37.1s
it=24951 T=24.339 bestE=25425 (0.011759) 37.1s
it=24958 T=24.335 bestE=25371 (0.011734) 37.1s
it=28040 T=22.887 bestE=25367 (0.011732) 41.6s
it=28045 T=22.884 bestE=25362 (0.011730) 41.6s
it=28046 T=22.884 bestE=25356 (0.011727) 41.6s
it=28047 T=22.883 bestE=25350 (0.011724) 41.6s
it=28050 T=22.882 bestE=25348 (0.011723) 41.6s
it=28051 T=22.882 bestE=25340 (0.011720) 41.6s
it=28085 T=22.866 bestE=25327 (0.011714) 41.7s
it=28095 T=22.861 bestE=25324 (0.011712) 41.7s
it=28169 T=22.828 bestE=25319 (0.011710) 41.8s
it=28172 T=22.826 bestE=25307 (0.011704) 41.8s
it=28178 T=22.824 bestE=25304 (0.011703) 41.8s
it=28188 T=22.819 bestE=25296 (0.011699) 41.8s
it=28193 T=22.817 bestE=25282 (0.011693) 41.8s
it=29384 T=22.283 bestE=25264 (0.011685) 43.8s
it=29739 T=22.126 bestE=25260 (0.011683) 44.3s
it=29745 T=22.123 bestE=25231 (0.011669) 44.3s
it=31069 T=21.547 bestE=25210 (0.011660) 45.9s
it=31075 T=21.544 bestE=25176 (0.011644) 46.0s
it=31085 T=21.540 bestE=25156 (0.011635) 46.0s
it=31092 T=21.537 bestE=25138 (0.011626) 46.0s
it=31093 T=21.537 bestE=25130 (0.011623) 46.0s
it=31094 T=21.536 bestE=25129 (0.011622) 46.0s
it=31104 T=21.532 bestE=25128 (0.011622) 46.0s
it=31149 T=21.512 bestE=25125 (0.011620) 46.1s
it=31150 T=21.512 bestE=25109 (0.011613) 46.1s
it=31157 T=21.509 bestE=25085 (0.011602) 46.1s
it=31165 T=21.506 bestE=25084 (0.011601) 46.1s
it=31170 T=21.503 bestE=25018 (0.011571) 46.1s
it=31266 T=21.463 bestE=24986 (0.011556) 46.3s
it=31278 T=21.457 bestE=24975 (0.011551) 46.3s
it=31290 T=21.452 bestE=24968 (0.011548) 46.3s
it=31291 T=21.452 bestE=24962 (0.011545) 46.3s
it=31306 T=21.445 bestE=24958 (0.011543) 46.3s
it=31311 T=21.443 bestE=24950 (0.011539) 46.3s
it=31327 T=21.436 bestE=24931 (0.011531) 46.4s
it=31332 T=21.434 bestE=24929 (0.011530) 46.4s
it=31338 T=21.432 bestE=24916 (0.011524) 46.4s
it=31392 T=21.409 bestE=24914 (0.011523) 46.5s
it=31400 T=21.405 bestE=24911 (0.011521) 46.5s
it=31411 T=21.400 bestE=24903 (0.011518) 46.5s
it=31497 T=21.364 bestE=24893 (0.011513) 46.6s
it=31499 T=21.363 bestE=24891 (0.011512) 46.6s
it=31514 T=21.356 bestE=24861 (0.011498) 46.7s
it=33019 T=20.726 bestE=24832 (0.011485) 49.0s
it=33024 T=20.724 bestE=24831 (0.011484) 49.0s
it=33026 T=20.724 bestE=24809 (0.011474) 49.0s
it=33034 T=20.720 bestE=24803 (0.011471) 49.0s
it=33039 T=20.718 bestE=24800 (0.011470) 49.0s
it=33085 T=20.699 bestE=24799 (0.011470) 49.1s
it=33089 T=20.697 bestE=24791 (0.011466) 49.1s
it=33111 T=20.688 bestE=24785 (0.011463) 49.1s
it=33144 T=20.675 bestE=24784 (0.011463) 49.2s
it=33150 T=20.672 bestE=24775 (0.011458) 49.2s
it=33151 T=20.672 bestE=24773 (0.011458) 49.2s
it=33156 T=20.670 bestE=24766 (0.011454) 49.2s
it=33158 T=20.669 bestE=24759 (0.011451) 49.2s
it=33168 T=20.665 bestE=24704 (0.011426) 49.2s
it=33169 T=20.664 bestE=24686 (0.011417) 49.2s
it=33170 T=20.664 bestE=24601 (0.011378) 49.2s
it=33175 T=20.662 bestE=24585 (0.011371) 49.2s
it=33513 T=20.524 bestE=24572 (0.011365) 49.7s
it=33555 T=20.506 bestE=24569 (0.011363) 49.8s
it=33558 T=20.505 bestE=24567 (0.011362) 49.8s
it=33562 T=20.503 bestE=24566 (0.011362) 49.8s
it=33574 T=20.499 bestE=24565 (0.011361) 49.8s
it=33575 T=20.498 bestE=24561 (0.011359) 49.8s
it=33597 T=20.489 bestE=24559 (0.011359) 49.8s
it=33602 T=20.487 bestE=24541 (0.011350) 49.8s
it=33978 T=20.335 bestE=24540 (0.011350) 50.4s
it=34002 T=20.325 bestE=24533 (0.011347) 50.5s
it=34005 T=20.324 bestE=24504 (0.011333) 50.5s
it=34025 T=20.316 bestE=24488 (0.011326) 50.5s
it=34122 T=20.277 bestE=24484 (0.011324) 50.7s
it=34156 T=20.263 bestE=24439 (0.011303) 50.7s
it=34161 T=20.261 bestE=24418 (0.011293) 50.7s
it=34407 T=20.162 bestE=24408 (0.011289) 51.1s
it=34410 T=20.161 bestE=24382 (0.011277) 51.1s
it=34417 T=20.158 bestE=24378 (0.011275) 51.1s
it=34427 T=20.154 bestE=24342 (0.011258) 51.1s
it=34463 T=20.139 bestE=24324 (0.011250) 51.2s
it=34470 T=20.136 bestE=24309 (0.011243) 51.2s
it=34475 T=20.134 bestE=24306 (0.011242) 51.2s
it=34742 T=20.028 bestE=24265 (0.011223) 51.6s
it=34851 T=19.984 bestE=24253 (0.011217) 51.7s
it=34856 T=19.982 bestE=24252 (0.011217) 51.7s
it=34860 T=19.980 bestE=24247 (0.011214) 51.7s
it=34874 T=19.975 bestE=24245 (0.011213) 51.7s
it=34875 T=19.974 bestE=24224 (0.011204) 51.7s
it=35395 T=19.769 bestE=24222 (0.011203) 52.1s
it=35398 T=19.768 bestE=24216 (0.011200) 52.1s
it=35529 T=19.716 bestE=24205 (0.011195) 52.2s
it=36356 T=19.395 bestE=24204 (0.011194) 53.3s
it=36375 T=19.388 bestE=24183 (0.011185) 53.4s
it=41528 T=17.498 bestE=24176 (0.011181) 59.9s
it=41530 T=17.497 bestE=24158 (0.011173) 59.9s
it=42666 T=17.106 bestE=24148 (0.011168) 61.1s
it=42670 T=17.104 bestE=24140 (0.011165) 61.1s
it=43456 T=16.839 bestE=24126 (0.011158) 62.1s
it=43457 T=16.838 bestE=24124 (0.011157) 62.1s
it=43460 T=16.837 bestE=24108 (0.011150) 62.1s
it=43463 T=16.836 bestE=24103 (0.011148) 62.1s
it=44001 T=16.656 bestE=24100 (0.011146) 62.9s
it=44005 T=16.655 bestE=24088 (0.011141) 62.9s
it=44030 T=16.647 bestE=24087 (0.011140) 62.9s
it=44051 T=16.640 bestE=24082 (0.011138) 63.0s
it=44053 T=16.639 bestE=24079 (0.011137) 63.0s
it=44063 T=16.636 bestE=24069 (0.011132) 63.0s
it=44064 T=16.635 bestE=24059 (0.011127) 63.0s
it=44070 T=16.633 bestE=24044 (0.011120) 63.0s
it=44834 T=16.382 bestE=24023 (0.011111) 64.2s
it=44839 T=16.380 bestE=24022 (0.011110) 64.2s
it=44853 T=16.376 bestE=23993 (0.011097) 64.2s
it=44855 T=16.375 bestE=23979 (0.011090) 64.2s
it=45805 T=16.069 bestE=23966 (0.011084) 65.6s
it=46045 T=15.992 bestE=23940 (0.011072) 65.9s
it=46222 T=15.936 bestE=23932 (0.011069) 66.2s
it=46249 T=15.927 bestE=23921 (0.011063) 66.3s
it=46254 T=15.925 bestE=23917 (0.011062) 66.3s
it=46260 T=15.923 bestE=23915 (0.011061) 66.3s
it=46270 T=15.920 bestE=23908 (0.011057) 66.3s
it=46271 T=15.920 bestE=23895 (0.011051) 66.3s
it=46279 T=15.917 bestE=23888 (0.011048) 66.3s
it=46281 T=15.917 bestE=23883 (0.011046) 66.3s
it=46305 T=15.909 bestE=23877 (0.011043) 66.3s
it=46306 T=15.909 bestE=23875 (0.011042) 66.3s
it=46342 T=15.898 bestE=23872 (0.011041) 66.4s
it=46357 T=15.893 bestE=23865 (0.011038) 66.4s
it=46369 T=15.889 bestE=23863 (0.011037) 66.5s
it=46706 T=15.783 bestE=23861 (0.011036) 67.0s
it=46713 T=15.780 bestE=23849 (0.011030) 67.0s
it=46716 T=15.779 bestE=23831 (0.011022) 67.0s
it=46722 T=15.778 bestE=23815 (0.011014) 67.0s
it=46729 T=15.776 bestE=23805 (0.011010) 67.0s
it=46738 T=15.773 bestE=23801 (0.011008) 67.1s
it=46792 T=15.756 bestE=23785 (0.011001) 67.2s
it=47034 T=15.680 bestE=23776 (0.010996) 67.5s
it=47356 T=15.579 bestE=23764 (0.010991) 68.0s
it=47399 T=15.566 bestE=23754 (0.010986) 68.0s
it=47404 T=15.564 bestE=23670 (0.010947) 68.0s
it=47414 T=15.561 bestE=23668 (0.010946) 68.0s
it=47434 T=15.555 bestE=23649 (0.010938) 68.0s
it=47435 T=15.555 bestE=23646 (0.010936) 68.0s
it=47451 T=15.550 bestE=23643 (0.010935) 68.0s
it=47478 T=15.542 bestE=23639 (0.010933) 68.1s
it=49606 T=14.896 bestE=23617 (0.010923) 70.8s
it=49631 T=14.889 bestE=23607 (0.010918) 70.9s
it=49706 T=14.866 bestE=23605 (0.010917) 71.0s
it=49718 T=14.863 bestE=23601 (0.010915) 71.0s
it=50148 T=14.736 bestE=23534 (0.010884) 71.7s
it=50245 T=14.707 bestE=23533 (0.010884) 71.8s
it=50251 T=14.706 bestE=23519 (0.010878) 71.8s
it=50255 T=14.704 bestE=23516 (0.010876) 71.8s
it=50265 T=14.702 bestE=23478 (0.010859) 71.9s
it=57711 T=12.675 bestE=23467 (0.010853) 82.0s
it=58296 T=12.529 bestE=23442 (0.010842) 82.9s
it=59487 T=12.235 bestE=23429 (0.010836) 84.5s
it=59489 T=12.234 bestE=23428 (0.010835) 84.5s
it=59490 T=12.234 bestE=23427 (0.010835) 84.5s
it=59497 T=12.232 bestE=23426 (0.010835) 84.6s
it=59503 T=12.231 bestE=23422 (0.010833) 84.6s
it=59512 T=12.228 bestE=23415 (0.010829) 84.6s
it=59581 T=12.212 bestE=23397 (0.010821) 84.6s
it=59584 T=12.211 bestE=23394 (0.010820) 84.6s
it=59593 T=12.209 bestE=23392 (0.010819) 84.6s
it=65873 T=10.773 bestE=23390 (0.010818) 93.8s
it=65926 T=10.762 bestE=23366 (0.010807) 93.9s
it=66639 T=10.612 bestE=23339 (0.010794) 94.9s
it=66654 T=10.608 bestE=23336 (0.010793) 94.9s
it=66668 T=10.605 bestE=23333 (0.010792) 94.9s
it=66692 T=10.601 bestE=23326 (0.010788) 95.0s
it=67700 T=10.390 bestE=23317 (0.010784) 95.9s
it=67714 T=10.387 bestE=23314 (0.010783) 95.9s
it=67715 T=10.387 bestE=23309 (0.010780) 95.9s
it=67730 T=10.384 bestE=23308 (0.010780) 95.9s
it=67732 T=10.383 bestE=23303 (0.010778) 95.9s
it=67750 T=10.379 bestE=23292 (0.010773) 95.9s
it=67765 T=10.376 bestE=23288 (0.010771) 96.0s
it=67774 T=10.374 bestE=23279 (0.010767) 96.0s
it=67790 T=10.371 bestE=23272 (0.010763) 96.0s
it=67846 T=10.360 bestE=23269 (0.010762) 96.1s
it=67866 T=10.355 bestE=23264 (0.010760) 96.1s
it=67921 T=10.344 bestE=23255 (0.010755) 96.2s
it=67941 T=10.340 bestE=23251 (0.010754) 96.2s
it=67967 T=10.335 bestE=23240 (0.010749) 96.2s
it=67983 T=10.332 bestE=23239 (0.010748) 96.2s
it=68553 T=10.215 bestE=23228 (0.010743) 97.1s
it=68557 T=10.214 bestE=23224 (0.010741) 97.1s
it=68600 T=10.205 bestE=23221 (0.010740) 97.2s
it=68607 T=10.204 bestE=23204 (0.010732) 97.2s
it=68882 T=10.148 bestE=23202 (0.010731) 97.6s
it=72932 T=9.361 bestE=23146 (0.010705) 103.8s
it=72934 T=9.361 bestE=23144 (0.010704) 103.8s
it=72939 T=9.360 bestE=23140 (0.010702) 103.8s
it=73003 T=9.348 bestE=23134 (0.010699) 103.9s
it=73075 T=9.335 bestE=23079 (0.010674) 104.1s
it=73122 T=9.326 bestE=23076 (0.010673) 104.1s
it=73124 T=9.325 bestE=23072 (0.010671) 104.1s
it=73959 T=9.171 bestE=23053 (0.010662) 105.4s
it=73971 T=9.169 bestE=23045 (0.010658) 105.4s
it=73975 T=9.168 bestE=23043 (0.010657) 105.4s
it=74071 T=9.151 bestE=23031 (0.010652) 105.5s
it=74095 T=9.146 bestE=23027 (0.010650) 105.6s
it=74667 T=9.043 bestE=23024 (0.010649) 106.4s
it=74679 T=9.040 bestE=23017 (0.010645) 106.5s
it=74802 T=9.018 bestE=23014 (0.010644) 106.7s
it=74810 T=9.017 bestE=23009 (0.010642) 106.7s
it=74817 T=9.015 bestE=23008 (0.010641) 106.7s
it=74841 T=9.011 bestE=23005 (0.010640) 106.7s
it=76919 T=8.645 bestE=22994 (0.010635) 108.8s
it=77338 T=8.574 bestE=22993 (0.010634) 109.4s
it=77397 T=8.563 bestE=22988 (0.010632) 109.5s
it=77443 T=8.556 bestE=22985 (0.010631) 109.5s
it=79646 T=8.188 bestE=22982 (0.010629) 112.8s
it=79652 T=8.187 bestE=22976 (0.010626) 112.8s
it=79653 T=8.187 bestE=22971 (0.010624) 112.8s
it=79678 T=8.183 bestE=22958 (0.010618) 112.9s
it=79788 T=8.165 bestE=22936 (0.010608) 113.1s
it=83118 T=7.642 bestE=22933 (0.010607) 117.4s
it=83169 T=7.634 bestE=22915 (0.010598) 117.5s
it=83175 T=7.633 bestE=22913 (0.010597) 117.5s
it=83225 T=7.625 bestE=22906 (0.010594) 117.6s
it=83259 T=7.620 bestE=22901 (0.010592) 117.6s
it=83294 T=7.615 bestE=22899 (0.010591) 117.7s
... it=85102 T=7.345 E=22934 best=22899 (120.0s)
it=96108 T=5.899 bestE=22895 (0.010589) 136.3s
it=98427 T=5.633 bestE=22889 (0.010586) 139.6s
it=98612 T=5.612 bestE=22888 (0.010586) 139.9s
it=98613 T=5.612 bestE=22884 (0.010584) 139.9s
it=98640 T=5.609 bestE=22880 (0.010582) 139.9s
it=98642 T=5.608 bestE=22879 (0.010582) 139.9s
it=102536 T=5.190 bestE=22874 (0.010579) 145.0s
it=102614 T=5.182 bestE=22866 (0.010576) 145.1s
it=110546 T=4.425 bestE=22864 (0.010575) 155.9s
it=110554 T=4.424 bestE=22857 (0.010571) 155.9s
it=110565 T=4.423 bestE=22852 (0.010569) 155.9s
it=110587 T=4.421 bestE=22842 (0.010564) 156.0s
it=110715 T=4.410 bestE=22836 (0.010562) 156.2s
it=110766 T=4.405 bestE=22831 (0.010559) 156.2s
it=114965 T=4.052 bestE=22826 (0.010557) 161.9s
it=114991 T=4.050 bestE=22822 (0.010555) 161.9s
it=115043 T=4.046 bestE=22821 (0.010555) 162.0s
it=115093 T=4.042 bestE=22814 (0.010551) 162.1s
it=116244 T=3.950 bestE=22811 (0.010550) 163.9s
it=117031 T=3.889 bestE=22810 (0.010550) 165.0s
it=117437 T=3.858 bestE=22807 (0.010548) 165.5s
it=117495 T=3.853 bestE=22806 (0.010548) 165.5s
it=117521 T=3.851 bestE=22805 (0.010547) 165.5s
it=118060 T=3.810 bestE=22801 (0.010545) 165.9s
it=118133 T=3.805 bestE=22799 (0.010545) 166.0s
it=118138 T=3.804 bestE=22796 (0.010543) 166.0s
it=118153 T=3.803 bestE=22793 (0.010542) 166.0s
it=129223 T=3.051 bestE=22792 (0.010541) 182.3s
it=129323 T=3.045 bestE=22788 (0.010539) 182.5s
it=129330 T=3.044 bestE=22785 (0.010538) 182.5s
it=129995 T=3.004 bestE=22784 (0.010538) 183.5s
it=130006 T=3.004 bestE=22783 (0.010537) 183.5s
it=130814 T=2.956 bestE=22779 (0.010535) 184.7s
it=130817 T=2.955 bestE=22775 (0.010533) 184.7s
it=130832 T=2.955 bestE=22773 (0.010533) 184.8s
it=131686 T=2.905 bestE=22772 (0.010532) 186.1s
it=131722 T=2.903 bestE=22761 (0.010527) 186.2s
it=144219 T=2.263 bestE=22760 (0.010527) 203.2s
it=146510 T=2.162 bestE=22757 (0.010525) 206.8s
it=147449 T=2.122 bestE=22756 (0.010525) 208.2s
it=147470 T=2.121 bestE=22751 (0.010522) 208.2s
it=147474 T=2.121 bestE=22748 (0.010521) 208.2s
it=148773 T=2.067 bestE=22746 (0.010520) 209.6s
it=148789 T=2.066 bestE=22745 (0.010520) 209.6s
it=151943 T=1.941 bestE=22744 (0.010519) 213.3s
it=151996 T=1.939 bestE=22741 (0.010518) 213.4s
it=152055 T=1.936 bestE=22740 (0.010517) 213.5s
it=152139 T=1.933 bestE=22738 (0.010516) 213.6s
it=153634 T=1.876 bestE=22736 (0.010515) 215.9s
it=159699 T=1.663 bestE=22733 (0.010514) 224.3s
it=159789 T=1.660 bestE=22725 (0.010510) 224.4s
it=161662 T=1.599 bestE=22724 (0.010510) 227.3s
it=161679 T=1.599 bestE=22723 (0.010509) 227.3s
it=161753 T=1.596 bestE=22722 (0.010509) 227.5s
it=162042 T=1.587 bestE=22719 (0.010508) 227.9s
it=162092 T=1.585 bestE=22718 (0.010507) 228.0s
it=167136 T=1.434 bestE=22716 (0.010506) 235.5s
it=168597 T=1.393 bestE=22715 (0.010506) 237.1s
it=168939 T=1.383 bestE=22713 (0.010505) 237.6s
it=169544 T=1.367 bestE=22711 (0.010504) 238.5s
it=170339 T=1.345 bestE=22709 (0.010503) 239.7s
... it=170545 T=1.340 E=22714 best=22709 (240.0s)
it=171577 T=1.313 bestE=22708 (0.010502) 241.3s
it=172223 T=1.296 bestE=22706 (0.010502) 242.0s
it=172302 T=1.294 bestE=22705 (0.010501) 242.1s
it=172321 T=1.293 bestE=22703 (0.010500) 242.1s
it=172507 T=1.288 bestE=22701 (0.010499) 242.4s
it=172958 T=1.277 bestE=22700 (0.010499) 243.1s
it=173163 T=1.272 bestE=22699 (0.010498) 243.4s
it=173362 T=1.267 bestE=22698 (0.010498) 243.6s
it=195151 T=0.821 bestE=22695 (0.010496) 275.4s
it=195232 T=0.819 bestE=22694 (0.010496) 275.5s
it=195384 T=0.817 bestE=22693 (0.010496) 275.7s
it=197031 T=0.790 bestE=22692 (0.010495) 277.6s
it=197188 T=0.788 bestE=22690 (0.010494) 277.8s
it=197244 T=0.787 bestE=22688 (0.010493) 277.9s
it=198557 T=0.767 bestE=22687 (0.010493) 279.9s
it=198613 T=0.766 bestE=22686 (0.010492) 279.9s
it=202998 T=0.702 bestE=22685 (0.010492) 285.8s
it=206874 T=0.650 bestE=22684 (0.010491) 291.0s
it=221318 T=0.487 bestE=22683 (0.010491) 311.4s
it=222044 T=0.480 bestE=22682 (0.010490) 312.4s
it=257380 T=0.238 bestE=22681 (0.010490) 359.9s
... it=257481 T=0.237 E=22681 best=22681 (360.0s)
... it=342635 T=10.437 E=23197 best=22681 (480.0s)
... it=427001 T=1.944 E=22727 best=22681 (600.0s)
... it=511307 T=0.362 E=22682 best=22681 (720.0s)
... it=597380 T=0.065 E=22681 best=22681 (840.0s)
... it=684064 T=2.784 E=22815 best=22681 (960.0s)
... it=771143 T=0.492 E=22683 best=22681 (1080.0s)
it=835133 T=0.137 bestE=22680 (0.010490) 1170.8s
... it=858026 T=0.087 E=22680 best=22680 (1200.0s)
... it=945385 T=3.670 E=22812 best=22680 (1320.0s)
... it=1028595 T=0.699 E=22690 best=22680 (1440.0s)
... it=1113796 T=0.128 E=22680 best=22680 (1560.0s)
... it=1197894 T=5.758 E=22970 best=22680 (1680.0s)
... it=1286328 T=0.989 E=22711 best=22680 (1800.0s)
it=1300123 T=0.751 bestE=22674 (0.010487) 1818.5s
it=1300409 T=0.747 bestE=22673 (0.010486) 1819.0s
it=1300949 T=0.739 bestE=22672 (0.010486) 1819.4s
it=1301105 T=0.737 bestE=22666 (0.010483) 1819.7s
it=1301137 T=0.736 bestE=22665 (0.010483) 1819.7s
it=1301722 T=0.727 bestE=22663 (0.010482) 1820.6s
it=1301819 T=0.726 bestE=22661 (0.010481) 1820.7s
it=1302294 T=0.719 bestE=22657 (0.010479) 1821.5s
it=1303778 T=0.698 bestE=22638 (0.010470) 1823.7s
it=1304394 T=0.690 bestE=22637 (0.010470) 1824.3s
it=1306559 T=0.661 bestE=22625 (0.010464) 1826.7s
it=1333136 T=0.389 bestE=22624 (0.010464) 1862.8s
it=1345275 T=0.306 bestE=22622 (0.010463) 1877.6s
... it=1377781 T=0.160 E=22622 best=22622 (1920.0s)
it=1377935 T=0.159 bestE=22613 (0.010459) 1920.3s
it=1405105 T=0.093 bestE=22612 (0.010458) 1954.9s
... it=1474322 T=5.611 E=22908 best=22612 (2040.0s)
... it=1567691 T=0.874 E=22651 best=22612 (2160.0s)
... it=1662593 T=0.132 E=22622 best=22612 (2280.0s)
... it=1754620 T=5.072 E=22830 best=22612 (2400.0s)
... it=1848400 T=0.783 E=22632 best=22612 (2520.0s)
... it=1946603 T=0.111 E=22622 best=22612 (2640.1s)
... it=2040692 T=4.079 E=22765 best=22612 (2760.1s)
... it=2132180 T=0.659 E=22623 best=22612 (2880.1s)
... it=2227498 T=0.099 E=22613 best=22612 (3000.1s)
... it=2319686 T=3.777 E=22752 best=22612 (3120.1s)
... it=2408905 T=0.638 E=22633 best=22612 (3240.1s)
... it=2501407 T=0.101 E=22622 best=22612 (3360.1s)
... it=2597120 T=3.608 E=22754 best=22612 (3480.1s)
... it=2707585 T=0.400 E=22623 best=22612 (3600.1s)
... it=2813942 T=11.532 E=23059 best=22612 (3720.1s)
... it=2902468 T=1.977 E=22649 best=22612 (3840.1s)
... it=3012066 T=0.223 E=22622 best=22612 (3960.1s)
... it=3118899 T=6.367 E=22987 best=22612 (4080.1s)
... it=3232476 T=0.663 E=22630 best=22612 (4200.1s)
... it=3331306 T=0.093 E=22612 best=22612 (4320.1s)
... it=3455661 T=1.867 E=22660 best=22612 (4440.1s)
... it=3559713 T=0.235 E=22620 best=22612 (4560.1s)
... it=3670991 T=6.145 E=22874 best=22612 (4680.1s)
... it=3779251 T=0.711 E=22622 best=22612 (4800.1s)
... it=3905657 T=0.057 E=22612 best=22612 (4920.1s)
... it=4037669 T=0.992 E=22633 best=22612 (5040.1s)
... it=4174061 T=0.066 E=22622 best=22612 (5160.1s)
... it=4307095 T=1.111 E=22682 best=22612 (5280.1s)
... it=4440526 T=0.078 E=22645 best=22612 (5400.1s)
... it=4582739 T=1.101 E=22684 best=22612 (5520.1s)
... it=4721834 T=0.069 E=22643 best=22612 (5640.1s)
... it=4853330 T=1.207 E=22637 best=22612 (5760.1s)
... it=4994132 T=0.073 E=22612 best=22612 (5880.1s)
... it=5127352 T=1.236 E=22649 best=22612 (6000.1s)
... it=5265043 T=0.080 E=22621 best=22612 (6120.1s)
... it=5390311 T=1.574 E=22645 best=22612 (6240.1s)
... it=5526889 T=0.104 E=22623 best=22612 (6360.1s)
... it=5662449 T=1.671 E=22649 best=22612 (6480.1s)
... it=5787051 T=0.140 E=22622 best=22612 (6600.1s)
... it=5923075 T=2.233 E=22641 best=22612 (6720.1s)
... it=6062165 T=0.140 E=22623 best=22612 (6840.1s)
... it=6198024 T=2.241 E=22683 best=22612 (6960.1s)
... it=6330311 T=0.161 E=22621 best=22612 (7080.1s)
... it=6466160 T=2.577 E=22697 best=22612 (7200.1s)
... it=6599136 T=0.182 E=22622 best=22612 (7320.1s)
... it=6733412 T=3.019 E=22737 best=22612 (7440.1s)
... it=6867576 T=0.209 E=22613 best=22612 (7560.1s)
... it=7004493 T=3.276 E=22713 best=22612 (7680.1s)
... it=7139700 T=0.222 E=22623 best=22612 (7800.1s)
... it=7274910 T=3.599 E=22711 best=22612 (7920.1s)
... it=7398103 T=0.309 E=22616 best=22612 (8040.1s)
... it=7524896 T=5.943 E=22888 best=22612 (8160.1s)
... it=7665390 T=0.362 E=22625 best=22612 (8280.1s)
... it=7788823 T=7.430 E=22905 best=22612 (8400.1s)
... it=7915926 T=0.590 E=22633 best=22612 (8520.1s)
... it=8036886 T=0.053 E=22622 best=22612 (8640.1s)
... it=8156626 T=1.171 E=22633 best=22612 (8760.1s)
... it=8281162 T=0.098 E=22615 best=22612 (8880.1s)
FAILED bestE=22612 (0.010458) its=8418155
