[anneal seed=2] {'steps': 2000, 'evals': 1045, 'fails': 0, 'restarts': 5} best=((9, 0.041478633880615234), 15, 33, 5, 9)
[anneal seed=2] {'steps': 4000, 'evals': 2534, 'fails': 0, 'restarts': 10} best=((10, 0.027835607528686523), 20, 34, 3, 10)
[anneal seed=2] {'steps': 6000, 'evals': 4009, 'fails': 0, 'restarts': 15} best=((10, 0.03489112854003906), 20, 33, 3, 10)
[anneal seed=2] {'steps': 8000, 'evals': 5194, 'fails': 0, 'restarts': 20} best=((11, 0.0810708999633789), 20, 34, 3, 11)
[anneal seed=2] {'steps': 10000, 'evals': 6186, 'fails': 0, 'restarts': 25} best=((11, 0.0810708999633789), 20, 34, 3, 11)
[anneal seed=2] {'steps': 14000, 'evals': 9127, 'fails': 0, 'restarts': 35} best=((11, 0.0810708999633789), 20, 34, 3, 11)
[anneal seed=2] {'steps': 16000, 'evals': 10390, 'fails': 0, 'restarts': 40} best=((11, 0.0810708999633789), 20, 34, 3, 11)
[anneal seed=2] {'steps': 20000, 'evals': 12739, 'fails': 0, 'restarts': 50} best=((11, 0.0810708999633789), 20, 34, 3, 11)
[anneal seed=2] {'steps': 22000, 'evals': 14255, 'fails': 0, 'restarts': 55} best=((11, 0.0810708999633789), 20, 34, 3, 11)
[anneal seed=2] {'steps': 26000, 'evals': 16713, 'fails': 0, 'restarts': 65} best=((11, 0.0810708999633789), 20, 34, 3, 11)
[anneal seed=2] {'steps': 28000, 'evals': 17676, 'fails': 0, 'restarts': 70} best=((11, 0.0810708999633789), 20, 34, 3, 11)
[anneal seed=2] {'steps': 30000, 'evals': 19086, 'fails': 0, 'restarts': 75} best=((11, 0.0810708999633789), 20, 34, 3, 11)
[anneal seed=2] {'steps': 32000, 'evals': 20586, 'fails': 0, 'restarts': 80} best=((11, 0.0810708999633789), 20, 34, 3, 11)
[anneal seed=2] {'steps': 34000, 'evals': 21760, 'fails': 0, 'restarts': 85} best=((11, 0.0810708999633789), 20, 34, 3, 11)
[anneal seed=2] {'steps': 36000, 'evals': 22942, 'fails': 0, 'restarts': 90} best=((11, 0.0810708999633789), 20, 34, 3, 11)
[anneal seed=2] {'steps': 38000, 'evals': 24059, 'fails': 0, 'restarts': 95} best=((11, 0.0810708999633789), 20, 34, 3, 11)
[anneal seed=2] {'steps': 40000, 'evals': 25268, 'fails': 0, 'restarts': 100} best=((11, 0.0810708999633789), 20, 34, 3, 11)
[anneal seed=2] {'steps': 42000, 'evals': 26533, 'fails': 0, 'restarts': 105} best=((11, 0.0810708999633789), 20, 34, 3, 11)
[anneal seed=2] {'steps': 44000, 'evals': 27746, 'fails': 0, 'restarts': 110} best=((11, 0.0810708999633789), 20, 34, 3, 11)
[anneal seed=2] {'steps': 46000, 'evals': 29246, 'fails': 0, 'restarts': 115} best=((11, 0.0810708999633789), 20, 34, 3, 11)
[anneal seed=2] {'steps': 50000, 'evals': 31782, 'fails': 0, 'restarts': 125} best=((11, 0.0810708999633789), 20, 34, 3, 11)
[anneal seed=2] {'steps': 52000, 'evals': 32989, 'fails': 0, 'restarts': 130} best=((11, 0.0810708999633789), 20, 34, 3, 11)
[anneal seed=2] {'steps': 54000, 'evals': 34498, 'fails': 0, 'restarts': 135} best=((11, 0.0810708999633789), 20, 34, 3, 11)
[anneal seed=2] {'steps': 56000, 'evals': 35727, 'fails': 0, 'restarts': 140} best=((11, 0.0810708999633789), 20, 34, 3, 11)
[anneal seed=2] {'steps': 58000, 'evals': 37211, 'fails': 0, 'restarts': 145} best=((11, 0.0810708999633789), 20, 34, 3, 11)
[anneal seed=2] {'steps': 60000, 'evals': 38804, 'fails': 0, 'restarts': 150} best=((11, 0.0810708999633789), 20, 34, 3, 11)
[anneal seed=2] {'steps': 62000, 'evals': 40370, 'fails': 0, 'restarts': 155} best=((11, 0.0810708999633789), 20, 34, 3, 11)
[anneal seed=2] {'steps': 64000, 'evals': 41825, 'fails': 0, 'restarts': 160} best=((11, 0.0810708999633789), 20, 34, 3, 11)
[anneal seed=2] {'steps': 66000, 'evals': 43358, 'fails': 0, 'restarts': 165} best=((11, 0.0810708999633789), 20, 34, 3, 11)
[anneal seed=2] {'steps': 68000, 'evals': 44945, 'fails': 0, 'restarts': 170} best=((11, 0.0810708999633789), 20, 34, 3, 11)
[anneal seed=2] {'steps': 72000, 'evals': 48107, 'fails': 0, 'restarts': 180} best=((11, 0.0810708999633789), 20, 34, 3, 11)
[anneal seed=2] {'steps': 74000, 'evals': 49062, 'fails': 0, 'restarts': 185} best=((11, 0.0810708999633789), 20, 34, 3, 11)
[anneal seed=2] {'steps': 76000, 'evals': 50515, 'fails': 0, 'restarts': 190} best=((11, 0.0810708999633789), 20, 34, 3, 11)
[anneal seed=2] {'steps': 78000, 'evals': 51439, 'fails': 0, 'restarts': 195} best=((11, 0.0810708999633789), 20, 34, 3, 11)
[anneal seed=2] {'steps': 80000, 'evals': 52898, 'fails': 0, 'restarts': 200} best=((11, 0.0810708999633789), 20, 34, 3, 11)
[anneal seed=2] {'steps': 82000, 'evals': 54376, 'fails': 0, 'restarts': 205} best=((11, 0.0810708999633789), 20, 34, 3, 11)
[anneal seed=2] {'steps': 86000, 'evals': 56931, 'fails': 0, 'restarts': 215} best=((11, 0.0810708999633789), 20, 34, 3, 11)
[anneal seed=2] {'steps': 88000, 'evals': 58406, 'fails': 0, 'restarts': 220} best=((11, 0.0810708999633789), 20, 34, 3, 11)
[anneal seed=2] {'steps': 90000, 'evals': 59280, 'fails': 0, 'restarts': 225} best=((11, 0.0810708999633789), 20, 34, 3, 11)
[anneal seed=2] {'steps': 92000, 'evals': 60354, 'fails': 0, 'restarts': 230} best=((11, 0.0810708999633789), 20, 34, 3, 11)
[anneal seed=2] {'steps': 94000, 'evals': 61415, 'fails': 0, 'restarts': 235} best=((11, 0.0810708999633789), 20, 34, 3, 11)
[anneal seed=2] {'steps': 98000, 'evals': 63745, 'fails': 0, 'restarts': 245} best=((11, 0.0810708999633789), 20, 34, 3, 11)
[anneal seed=2] {'steps': 104000, 'evals': 66688, 'fails': 0, 'restarts': 260} best=((11, 0.0810708999633789), 20, 34, 3, 11)
[anneal seed=2] {'steps': 106000, 'evals': 68146, 'fails': 0, 'restarts': 265} best=((11, 0.0810708999633789), 20, 34, 3, 11)
[anneal seed=2] {'steps': 108000, 'evals': 69543, 'fails': 0, 'restarts': 270} best=((11, 0.0810708999633789), 20, 34, 3, 11)
[anneal seed=2] {'steps': 110000, 'evals': 70400, 'fails': 0, 'restarts': 275} best=((11, 0.0810708999633789), 20, 34, 3, 11)
[anneal seed=2] {'steps': 116000, 'evals': 74117, 'fails': 0, 'restarts': 290} best=((11, 0.0810708999633789), 20, 34, 3, 11)
[anneal seed=2] {'steps': 118000, 'evals': 75489, 'fails': 0, 'restarts': 295} best=((11, 0.0810708999633789), 20, 34, 3, 11)
[anneal seed=2] {'steps': 120000, 'evals': 76331, 'fails': 0, 'restarts': 300} best=((11, 0.0810708999633789), 20, 34, 3, 11)
[anneal seed=2] {'steps': 128000, 'evals': 81370, 'fails': 0, 'restarts': 320} best=((11, 0.0810708999633789), 20, 34, 3, 11)
[anneal seed=2] {'steps': 132000, 'evals': 84333, 'fails': 0, 'restarts': 330} best=((11, 0.0810708999633789), 20, 34, 3, 11)
[anneal seed=2] {'steps': 138000, 'evals': 88612, 'fails': 0, 'restarts': 345} best=((12, 0.00900578498840332), 20, 34, 3, 12)
[anneal seed=2] {'steps': 140000, 'evals': 90058, 'fails': 0, 'restarts': 350} best=((12, 0.00900578498840332), 20, 34, 3, 12)
[anneal seed=2] {'steps': 146000, 'evals': 93702, 'fails': 0, 'restarts': 365} best=((12, 0.00900578498840332), 20, 34, 3, 12)
[anneal seed=2] {'steps': 148000, 'evals': 94845, 'fails': 0, 'restarts': 370} best=((12, 0.00900578498840332), 20, 34, 3, 12)
[anneal seed=2] {'steps': 150000, 'evals': 95682, 'fails': 0, 'restarts': 375} best=((12, 0.00900578498840332), 20, 34, 3, 12)
[anneal seed=2] {'steps': 152000, 'evals': 96845, 'fails': 0, 'restarts': 380} best=((12, 0.00900578498840332), 20, 34, 3, 12)
[anneal seed=2] {'steps': 154000, 'evals': 98192, 'fails': 0, 'restarts': 385} best=((12, 0.00900578498840332), 20, 34, 3, 12)
[anneal seed=2] {'steps': 158000, 'evals': 100669, 'fails': 0, 'restarts': 395} best=((12, 0.00900578498840332), 20, 34, 3, 12)
[anneal seed=2] {'steps': 160000, 'evals': 102117, 'fails': 0, 'restarts': 400} best=((12, 0.00900578498840332), 20, 34, 3, 12)
[anneal seed=2] {'steps': 162000, 'evals': 103581, 'fails': 0, 'restarts': 405} best=((12, 0.00900578498840332), 20, 34, 3, 12)
[anneal seed=2] {'steps': 164000, 'evals': 104692, 'fails': 0, 'restarts': 410} best=((12, 0.00900578498840332), 20, 34, 3, 12)
[anneal seed=2] {'steps': 166000, 'evals': 105872, 'fails': 0, 'restarts': 415} best=((12, 0.00900578498840332), 20, 34, 3, 12)
[anneal seed=2] {'steps': 168000, 'evals': 107003, 'fails': 0, 'restarts': 420} best=((12, 0.00900578498840332), 20, 34, 3, 12)
[anneal seed=2] {'steps': 170000, 'evals': 108205, 'fails': 0, 'restarts': 425} best=((12, 0.00900578498840332), 20, 34, 3, 12)
[anneal seed=2] {'steps': 172000, 'evals': 109308, 'fails': 0, 'restarts': 430} best=((12, 0.00900578498840332), 20, 34, 3, 12)
[anneal seed=2] {'steps': 174000, 'evals': 110217, 'fails': 0, 'restarts': 435} best=((12, 0.00900578498840332), 20, 34, 3, 12)
[anneal seed=2] {'steps': 176000, 'evals': 111460, 'fails': 0, 'restarts': 440} best=((12, 0.00900578498840332), 20, 34, 3, 12)
[anneal seed=2] {'steps': 178000, 'evals': 112847, 'fails': 0, 'restarts': 445} best=((12, 0.00900578498840332), 20, 34, 3, 12)
[anneal seed=2] {'steps': 182000, 'evals': 115130, 'fails': 0, 'restarts': 455} best=((12, 0.00900578498840332), 20, 34, 3, 12)
[anneal seed=2] {'steps': 186000, 'evals': 117713, 'fails': 0, 'restarts': 465} best=((12, 0.00900578498840332), 20, 34, 3, 12)
[anneal seed=2] {'steps': 188000, 'evals': 118829, 'fails': 0, 'restarts': 470} best=((12, 0.00900578498840332), 20, 34, 3, 12)
[anneal seed=2] {'steps': 190000, 'evals': 120450, 'fails': 0, 'restarts': 475} best=((12, 0.00900578498840332), 20, 34, 3, 12)
[anneal seed=2] {'steps': 192000, 'evals': 121850, 'fails': 0, 'restarts': 480} best=((12, 0.00900578498840332), 20, 34, 3, 12)
[anneal seed=2] {'steps': 194000, 'evals': 123001, 'fails': 0, 'restarts': 485} best=((12, 0.00900578498840332), 20, 34, 3, 12)
[anneal seed=2] {'steps': 198000, 'evals': 125313, 'fails': 0, 'restarts': 495} best=((12, 0.00900578498840332), 20, 34, 3, 12)
[anneal seed=2] {'steps': 200000, 'evals': 126481, 'fails': 0, 'restarts': 500} best=((12, 0.00900578498840332), 20, 34, 3, 12)
[anneal seed=2] {'steps': 202000, 'evals': 127291, 'fails': 0, 'restarts': 505} best=((12, 0.00900578498840332), 20, 34, 3, 12)
[anneal seed=2] {'steps': 206000, 'evals': 129906, 'fails': 0, 'restarts': 515} best=((12, 0.00900578498840332), 20, 34, 3, 12)
[anneal seed=2] {'steps': 210000, 'evals': 132341, 'fails': 0, 'restarts': 525} best=((12, 0.00900578498840332), 20, 34, 3, 12)
[anneal seed=2] {'steps': 216000, 'evals': 135316, 'fails': 0, 'restarts': 540} best=((12, 0.00900578498840332), 20, 34, 3, 12)
[anneal seed=2] {'steps': 218000, 'evals': 136456, 'fails': 0, 'restarts': 545} best=((12, 0.00900578498840332), 20, 34, 3, 12)
[anneal seed=2] {'steps': 222000, 'evals': 139065, 'fails': 0, 'restarts': 555} best=((12, 0.00900578498840332), 20, 34, 3, 12)
[anneal seed=2] {'steps': 226000, 'evals': 141944, 'fails': 0, 'restarts': 565} best=((12, 0.00900578498840332), 20, 34, 3, 12)
[anneal seed=2] {'steps': 228000, 'evals': 143010, 'fails': 0, 'restarts': 570} best=((12, 0.00900578498840332), 20, 34, 3, 12)
[anneal seed=2] {'steps': 230000, 'evals': 144442, 'fails': 0, 'restarts': 575} best=((12, 0.00900578498840332), 20, 34, 3, 12)
[anneal seed=2] {'steps': 232000, 'evals': 145589, 'fails': 0, 'restarts': 580} best=((12, 0.00900578498840332), 20, 34, 3, 12)
[anneal seed=2] {'steps': 234000, 'evals': 146729, 'fails': 0, 'restarts': 585} best=((12, 0.00900578498840332), 20, 34, 3, 12)
[anneal seed=2] {'steps': 240000, 'evals': 149901, 'fails': 0, 'restarts': 600} best=((12, 0.00900578498840332), 20, 34, 3, 12)
[anneal seed=2] {'steps': 244000, 'evals': 152613, 'fails': 0, 'restarts': 610} best=((12, 0.00900578498840332), 20, 34, 3, 12)
[anneal seed=2] {'steps': 248000, 'evals': 155181, 'fails': 0, 'restarts': 620} best=((12, 0.00900578498840332), 20, 34, 3, 12)
[anneal seed=2] {'steps': 250000, 'evals': 156330, 'fails': 0, 'restarts': 625} best=((12, 0.00900578498840332), 20, 34, 3, 12)
[anneal seed=2] {'steps': 252000, 'evals': 157815, 'fails': 0, 'restarts': 630} best=((12, 0.00900578498840332), 20, 34, 3, 12)
[anneal seed=2] {'steps': 254000, 'evals': 158890, 'fails': 0, 'restarts': 635} best=((12, 0.00900578498840332), 20, 34, 3, 12)
[anneal seed=2] {'steps': 256000, 'evals': 160311, 'fails': 0, 'restarts': 640} best=((12, 0.00900578498840332), 20, 34, 3, 12)
[anneal seed=2] {'steps': 258000, 'evals': 161421, 'fails': 0, 'restarts': 645} best=((12, 0.00900578498840332), 20, 34, 3, 12)
[anneal seed=2] {'steps': 264000, 'evals': 164843, 'fails': 0, 'restarts': 660} best=((12, 0.00900578498840332), 20, 34, 3, 12)
[anneal seed=2] {'steps': 268000, 'evals': 167173, 'fails': 0, 'restarts': 670} best=((12, 0.00900578498840332), 20, 34, 3, 12)
[anneal seed=2] {'steps': 270000, 'evals': 167844, 'fails': 0, 'restarts': 675} best=((12, 0.00900578498840332), 20, 34, 3, 12)
[anneal seed=2] {'steps': 272000, 'evals': 168702, 'fails': 0, 'restarts': 680} best=((12, 0.00900578498840332), 20, 34, 3, 12)
[anneal seed=2] {'steps': 274000, 'evals': 169531, 'fails': 0, 'restarts': 685} best=((12, 0.00900578498840332), 20, 34, 3, 12)
[anneal seed=2] {'steps': 278000, 'evals': 172019, 'fails': 0, 'restarts': 695} best=((12, 0.00900578498840332), 20, 34, 3, 12)
[anneal seed=2] {'steps': 280000, 'evals': 173517, 'fails': 0, 'restarts': 700} best=((12, 0.00900578498840332), 20, 34, 3, 12)
[anneal seed=2] {'steps': 282000, 'evals': 174883, 'fails': 0, 'restarts': 705} best=((12, 0.00900578498840332), 20, 34, 3, 12)
[anneal seed=2] {'steps': 284000, 'evals': 176310, 'fails': 0, 'restarts': 710} best=((12, 0.00900578498840332), 20, 34, 3, 12)
[anneal seed=2] {'steps': 286000, 'evals': 177857, 'fails': 0, 'restarts': 715} best=((12, 0.00900578498840332), 20, 34, 3, 12)
[anneal seed=2] {'steps': 288000, 'evals': 179246, 'fails': 0, 'restarts': 720} best=((12, 0.00900578498840332), 20, 34, 3, 12)
[anneal seed=2] {'steps': 290000, 'evals': 180665, 'fails': 0, 'restarts': 725} best=((12, 0.00900578498840332), 20, 34, 3, 12)
[anneal seed=2] {'steps': 292000, 'evals': 182017, 'fails': 0, 'restarts': 730} best=((12, 0.00900578498840332), 20, 34, 3, 12)
[anneal seed=2] {'steps': 294000, 'evals': 183251, 'fails': 0, 'restarts': 735} best=((12, 0.00900578498840332), 20, 34, 3, 12)
[anneal seed=2] {'steps': 298000, 'evals': 185568, 'fails': 0, 'restarts': 745} best=((12, 0.00900578498840332), 20, 34, 3, 12)
[anneal seed=2] {'steps': 308000, 'evals': 191593, 'fails': 0, 'restarts': 770} best=((12, 0.019428253173828125), 17, 34, 8, 12)
[anneal seed=2] {'steps': 312000, 'evals': 193519, 'fails': 0, 'restarts': 780} best=((12, 0.019428253173828125), 17, 34, 8, 12)
[anneal seed=2] {'steps': 314000, 'evals': 194731, 'fails': 0, 'restarts': 785} best=((12, 0.019428253173828125), 17, 34, 8, 12)
[anneal seed=2] {'steps': 318000, 'evals': 196833, 'fails': 0, 'restarts': 795} best=((12, 0.019428253173828125), 17, 34, 8, 12)
[anneal seed=2] {'steps': 322000, 'evals': 199632, 'fails': 0, 'restarts': 805} best=((12, 0.019428253173828125), 17, 34, 8, 12)
[anneal seed=2] {'steps': 324000, 'evals': 201092, 'fails': 0, 'restarts': 810} best=((12, 0.019428253173828125), 17, 34, 8, 12)
[anneal seed=2] {'steps': 326000, 'evals': 202136, 'fails': 0, 'restarts': 815} best=((12, 0.019428253173828125), 17, 34, 8, 12)
[anneal seed=2] {'steps': 330000, 'evals': 204413, 'fails': 0, 'restarts': 825} best=((12, 0.019428253173828125), 17, 34, 8, 12)
[anneal seed=2] {'steps': 332000, 'evals': 205818, 'fails': 0, 'restarts': 830} best=((12, 0.019428253173828125), 17, 34, 8, 12)
[anneal seed=2] {'steps': 334000, 'evals': 206889, 'fails': 0, 'restarts': 835} best=((12, 0.019428253173828125), 17, 34, 8, 12)
[anneal seed=2] {'steps': 336000, 'evals': 208240, 'fails': 0, 'restarts': 840} best=((12, 0.019428253173828125), 17, 34, 8, 12)
[anneal seed=2] {'steps': 342000, 'evals': 212179, 'fails': 0, 'restarts': 855} best=((12, 0.019428253173828125), 17, 34, 8, 12)
FINAL [anneal seed=2] {'steps': 342304, 'evals': 212391, 'fails': 0, 'restarts': 856} best=((12, 0.019428253173828125), 17, 34, 8, 12)
