[anneal seed=3] {'steps': 2000, 'evals': 1605, 'fails': 0, 'restarts': 5} best=((10, 0.02378249168395996), 20, 34, 4, 10)
[anneal seed=3] {'steps': 6000, 'evals': 4538, 'fails': 0, 'restarts': 15} best=((10, 0.02378249168395996), 20, 34, 4, 10)
[anneal seed=3] {'steps': 8000, 'evals': 6111, 'fails': 0, 'restarts': 20} best=((10, 0.07871127128601074), 21, 34, 3, 10)
[anneal seed=3] {'steps': 12000, 'evals': 8607, 'fails': 0, 'restarts': 30} best=((10, 0.07871127128601074), 21, 34, 3, 10)
[anneal seed=3] {'steps': 18000, 'evals': 13038, 'fails': 0, 'restarts': 45} best=((11, 0.027193069458007812), 20, 34, 3, 11)
[anneal seed=3] {'steps': 20000, 'evals': 14601, 'fails': 0, 'restarts': 50} best=((11, 0.027193069458007812), 20, 34, 3, 11)
[anneal seed=3] {'steps': 22000, 'evals': 15975, 'fails': 0, 'restarts': 55} best=((11, 0.027193069458007812), 20, 34, 3, 11)
[anneal seed=3] {'steps': 24000, 'evals': 17194, 'fails': 0, 'restarts': 60} best=((11, 0.027193069458007812), 20, 34, 3, 11)
[anneal seed=3] {'steps': 26000, 'evals': 18398, 'fails': 0, 'restarts': 65} best=((11, 0.027193069458007812), 20, 34, 3, 11)
[anneal seed=3] {'steps': 28000, 'evals': 19175, 'fails': 0, 'restarts': 70} best=((11, 0.027193069458007812), 20, 34, 3, 11)
[anneal seed=3] {'steps': 30000, 'evals': 20341, 'fails': 0, 'restarts': 75} best=((11, 0.027193069458007812), 20, 34, 3, 11)
[anneal seed=3] {'steps': 32000, 'evals': 21840, 'fails': 0, 'restarts': 80} best=((11, 0.027193069458007812), 20, 34, 3, 11)
[anneal seed=3] {'steps': 34000, 'evals': 23336, 'fails': 0, 'restarts': 85} best=((11, 0.027193069458007812), 20, 34, 3, 11)
[anneal seed=3] {'steps': 36000, 'evals': 24271, 'fails': 0, 'restarts': 90} best=((11, 0.027193069458007812), 20, 34, 3, 11)
[anneal seed=3] {'steps': 38000, 'evals': 25560, 'fails': 0, 'restarts': 95} best=((11, 0.027193069458007812), 20, 34, 3, 11)
[anneal seed=3] {'steps': 46000, 'evals': 30320, 'fails': 0, 'restarts': 115} best=((11, 0.027193069458007812), 20, 34, 3, 11)
[anneal seed=3] {'steps': 48000, 'evals': 31606, 'fails': 0, 'restarts': 120} best=((11, 0.027193069458007812), 20, 34, 3, 11)
[anneal seed=3] {'steps': 50000, 'evals': 33173, 'fails': 0, 'restarts': 125} best=((11, 0.027193069458007812), 20, 34, 3, 11)
[anneal seed=3] {'steps': 52000, 'evals': 34726, 'fails': 0, 'restarts': 130} best=((11, 0.027193069458007812), 20, 34, 3, 11)
[anneal seed=3] {'steps': 54000, 'evals': 35536, 'fails': 0, 'restarts': 135} best=((11, 0.027193069458007812), 20, 34, 3, 11)
[anneal seed=3] {'steps': 56000, 'evals': 37101, 'fails': 0, 'restarts': 140} best=((11, 0.027193069458007812), 20, 34, 3, 11)
[anneal seed=3] {'steps': 58000, 'evals': 38592, 'fails': 0, 'restarts': 145} best=((11, 0.027193069458007812), 20, 34, 3, 11)
[anneal seed=3] {'steps': 60000, 'evals': 40071, 'fails': 0, 'restarts': 150} best=((11, 0.027193069458007812), 20, 34, 3, 11)
[anneal seed=3] {'steps': 64000, 'evals': 43127, 'fails': 0, 'restarts': 160} best=((11, 0.04607534408569336), 21, 34, 4, 11)
[anneal seed=3] {'steps': 66000, 'evals': 43947, 'fails': 0, 'restarts': 165} best=((11, 0.04607534408569336), 21, 34, 4, 11)
[anneal seed=3] {'steps': 70000, 'evals': 46490, 'fails': 0, 'restarts': 175} best=((11, 0.04607534408569336), 21, 34, 4, 11)
[anneal seed=3] {'steps': 72000, 'evals': 47748, 'fails': 0, 'restarts': 180} best=((11, 0.04607534408569336), 21, 34, 4, 11)
[anneal seed=3] {'steps': 76000, 'evals': 50554, 'fails': 0, 'restarts': 190} best=((11, 0.04607534408569336), 21, 34, 4, 11)
[anneal seed=3] {'steps': 80000, 'evals': 53449, 'fails': 0, 'restarts': 200} best=((11, 0.04607534408569336), 21, 34, 4, 11)
[anneal seed=3] {'steps': 82000, 'evals': 54844, 'fails': 0, 'restarts': 205} best=((11, 0.04607534408569336), 21, 34, 4, 11)
[anneal seed=3] {'steps': 84000, 'evals': 56053, 'fails': 0, 'restarts': 210} best=((11, 0.04607534408569336), 21, 34, 4, 11)
[anneal seed=3] {'steps': 86000, 'evals': 57477, 'fails': 0, 'restarts': 215} best=((11, 0.04607534408569336), 21, 34, 4, 11)
[anneal seed=3] {'steps': 88000, 'evals': 58697, 'fails': 0, 'restarts': 220} best=((11, 0.04607534408569336), 21, 34, 4, 11)
[anneal seed=3] {'steps': 94000, 'evals': 62664, 'fails': 0, 'restarts': 235} best=((11, 0.04607534408569336), 21, 34, 4, 11)
[anneal seed=3] {'steps': 104000, 'evals': 69417, 'fails': 0, 'restarts': 260} best=((11, 0.04607534408569336), 21, 34, 4, 11)
[anneal seed=3] {'steps': 106000, 'evals': 70943, 'fails': 0, 'restarts': 265} best=((11, 0.04607534408569336), 21, 34, 4, 11)
[anneal seed=3] {'steps': 108000, 'evals': 72349, 'fails': 0, 'restarts': 270} best=((11, 0.04607534408569336), 21, 34, 4, 11)
[anneal seed=3] {'steps': 114000, 'evals': 75590, 'fails': 0, 'restarts': 285} best=((11, 0.04607534408569336), 21, 34, 4, 11)
[anneal seed=3] {'steps': 118000, 'evals': 78109, 'fails': 0, 'restarts': 295} best=((11, 0.04607534408569336), 21, 34, 4, 11)
[anneal seed=3] {'steps': 120000, 'evals': 78959, 'fails': 0, 'restarts': 300} best=((11, 0.04607534408569336), 21, 34, 4, 11)
[anneal seed=3] {'steps': 126000, 'evals': 82721, 'fails': 0, 'restarts': 315} best=((11, 0.04607534408569336), 21, 34, 4, 11)
[anneal seed=3] {'steps': 128000, 'evals': 83772, 'fails': 0, 'restarts': 320} best=((11, 0.04607534408569336), 21, 34, 4, 11)
[anneal seed=3] {'steps': 134000, 'evals': 87533, 'fails': 0, 'restarts': 335} best=((11, 0.04607534408569336), 21, 34, 4, 11)
[anneal seed=3] {'steps': 136000, 'evals': 88382, 'fails': 0, 'restarts': 340} best=((11, 0.04607534408569336), 21, 34, 4, 11)
[anneal seed=3] {'steps': 138000, 'evals': 89610, 'fails': 0, 'restarts': 345} best=((11, 0.04607534408569336), 21, 34, 4, 11)
[anneal seed=3] {'steps': 140000, 'evals': 90992, 'fails': 0, 'restarts': 350} best=((11, 0.04607534408569336), 21, 34, 4, 11)
[anneal seed=3] {'steps': 142000, 'evals': 92423, 'fails': 0, 'restarts': 355} best=((11, 0.04607534408569336), 21, 34, 4, 11)
[anneal seed=3] {'steps': 144000, 'evals': 93814, 'fails': 0, 'restarts': 360} best=((11, 0.04607534408569336), 21, 34, 4, 11)
[anneal seed=3] {'steps': 148000, 'evals': 96707, 'fails': 0, 'restarts': 370} best=((11, 0.04607534408569336), 21, 34, 4, 11)
[anneal seed=3] {'steps': 150000, 'evals': 97761, 'fails': 0, 'restarts': 375} best=((11, 0.04607534408569336), 21, 34, 4, 11)
[anneal seed=3] {'steps': 152000, 'evals': 99328, 'fails': 0, 'restarts': 380} best=((11, 0.04607534408569336), 21, 34, 4, 11)
[anneal seed=3] {'steps': 156000, 'evals': 101943, 'fails': 0, 'restarts': 390} best=((11, 0.04607534408569336), 21, 34, 4, 11)
[anneal seed=3] {'steps': 162000, 'evals': 105465, 'fails': 0, 'restarts': 405} best=((11, 0.04607534408569336), 21, 34, 4, 11)
[anneal seed=3] {'steps': 164000, 'evals': 106923, 'fails': 0, 'restarts': 410} best=((11, 0.04607534408569336), 21, 34, 4, 11)
[anneal seed=3] {'steps': 168000, 'evals': 109896, 'fails': 0, 'restarts': 420} best=((11, 0.04607534408569336), 21, 34, 4, 11)
[anneal seed=3] {'steps': 170000, 'evals': 111388, 'fails': 0, 'restarts': 425} best=((11, 0.04607534408569336), 21, 34, 4, 11)
[anneal seed=3] {'steps': 172000, 'evals': 112751, 'fails': 0, 'restarts': 430} best=((11, 0.04607534408569336), 21, 34, 4, 11)
[anneal seed=3] {'steps': 176000, 'evals': 115010, 'fails': 0, 'restarts': 440} best=((11, 0.04607534408569336), 21, 34, 4, 11)
[anneal seed=3] {'steps': 180000, 'evals': 116685, 'fails': 0, 'restarts': 450} best=((11, 0.04607534408569336), 21, 34, 4, 11)
[anneal seed=3] {'steps': 182000, 'evals': 118149, 'fails': 0, 'restarts': 455} best=((11, 0.04607534408569336), 21, 34, 4, 11)
[anneal seed=3] {'steps': 186000, 'evals': 121177, 'fails': 0, 'restarts': 465} best=((11, 0.04607534408569336), 21, 34, 4, 11)
[anneal seed=3] {'steps': 188000, 'evals': 122720, 'fails': 0, 'restarts': 470} best=((11, 0.04607534408569336), 21, 34, 4, 11)
[anneal seed=3] {'steps': 190000, 'evals': 124044, 'fails': 0, 'restarts': 475} best=((11, 0.04607534408569336), 21, 34, 4, 11)
[anneal seed=3] {'steps': 192000, 'evals': 125436, 'fails': 0, 'restarts': 480} best=((11, 0.04607534408569336), 21, 34, 4, 11)
[anneal seed=3] {'steps': 194000, 'evals': 126924, 'fails': 0, 'restarts': 485} best=((11, 0.04607534408569336), 21, 34, 4, 11)
[anneal seed=3] {'steps': 196000, 'evals': 127787, 'fails': 0, 'restarts': 490} best=((11, 0.04607534408569336), 21, 34, 4, 11)
[anneal seed=3] {'steps': 198000, 'evals': 128685, 'fails': 0, 'restarts': 495} best=((11, 0.04607534408569336), 21, 34, 4, 11)
[anneal seed=3] {'steps': 202000, 'evals': 131564, 'fails': 0, 'restarts': 505} best=((11, 0.04607534408569336), 21, 34, 4, 11)
[anneal seed=3] {'steps': 204000, 'evals': 132335, 'fails': 0, 'restarts': 510} best=((11, 0.04607534408569336), 21, 34, 4, 11)
[anneal seed=3] {'steps': 206000, 'evals': 133814, 'fails': 0, 'restarts': 515} best=((11, 0.04607534408569336), 21, 34, 4, 11)
[anneal seed=3] {'steps': 208000, 'evals': 135318, 'fails': 0, 'restarts': 520} best=((11, 0.04607534408569336), 21, 34, 4, 11)
[anneal seed=3] {'steps': 210000, 'evals': 136472, 'fails': 0, 'restarts': 525} best=((11, 0.04607534408569336), 21, 34, 4, 11)
[anneal seed=3] {'steps': 214000, 'evals': 138815, 'fails': 0, 'restarts': 535} best=((11, 0.04607534408569336), 21, 34, 4, 11)
[anneal seed=3] {'steps': 228000, 'evals': 146343, 'fails': 0, 'restarts': 570} best=((11, 0.04607534408569336), 21, 34, 4, 11)
[anneal seed=3] {'steps': 234000, 'evals': 150281, 'fails': 0, 'restarts': 585} best=((11, 0.04607534408569336), 21, 34, 4, 11)
[anneal seed=3] {'steps': 238000, 'evals': 152895, 'fails': 0, 'restarts': 595} best=((11, 0.04607534408569336), 21, 34, 4, 11)
[anneal seed=3] {'steps': 240000, 'evals': 154358, 'fails': 0, 'restarts': 600} best=((11, 0.04607534408569336), 21, 34, 4, 11)
[anneal seed=3] {'steps': 242000, 'evals': 155467, 'fails': 0, 'restarts': 605} best=((11, 0.04607534408569336), 21, 34, 4, 11)
[anneal seed=3] {'steps': 244000, 'evals': 156751, 'fails': 0, 'restarts': 610} best=((11, 0.04607534408569336), 21, 34, 4, 11)
[anneal seed=3] {'steps': 250000, 'evals': 160621, 'fails': 0, 'restarts': 625} best=((11, 0.04607534408569336), 21, 34, 4, 11)
[anneal seed=3] {'steps': 252000, 'evals': 162108, 'fails': 0, 'restarts': 630} best=((11, 0.04607534408569336), 21, 34, 4, 11)
[anneal seed=3] {'steps': 254000, 'evals': 163301, 'fails': 0, 'restarts': 635} best=((11, 0.04607534408569336), 21, 34, 4, 11)
[anneal seed=3] {'steps': 256000, 'evals': 164693, 'fails': 0, 'restarts': 640} best=((11, 0.04607534408569336), 21, 34, 4, 11)
[anneal seed=3] {'steps': 258000, 'evals': 166153, 'fails': 0, 'restarts': 645} best=((11, 0.04607534408569336), 21, 34, 4, 11)
[anneal seed=3] {'steps': 260000, 'evals': 167300, 'fails': 0, 'restarts': 650} best=((11, 0.04607534408569336), 21, 34, 4, 11)
[anneal seed=3] {'steps': 262000, 'evals': 168514, 'fails': 0, 'restarts': 655} best=((11, 0.04607534408569336), 21, 34, 4, 11)
[anneal seed=3] {'steps': 264000, 'evals': 169328, 'fails': 0, 'restarts': 660} best=((11, 0.04607534408569336), 21, 34, 4, 11)
[anneal seed=3] {'steps': 268000, 'evals': 171035, 'fails': 0, 'restarts': 670} best=((11, 0.04607534408569336), 21, 34, 4, 11)
[anneal seed=3] {'steps': 270000, 'evals': 172372, 'fails': 0, 'restarts': 675} best=((11, 0.04607534408569336), 21, 34, 4, 11)
[anneal seed=3] {'steps': 272000, 'evals': 173747, 'fails': 0, 'restarts': 680} best=((11, 0.04607534408569336), 21, 34, 4, 11)
[anneal seed=3] {'steps': 274000, 'evals': 174884, 'fails': 0, 'restarts': 685} best=((11, 0.04607534408569336), 21, 34, 4, 11)
[anneal seed=3] {'steps': 276000, 'evals': 176381, 'fails': 0, 'restarts': 690} best=((11, 0.04607534408569336), 21, 34, 4, 11)
[anneal seed=3] {'steps': 278000, 'evals': 177882, 'fails': 0, 'restarts': 695} best=((11, 0.04607534408569336), 21, 34, 4, 11)
[anneal seed=3] {'steps': 282000, 'evals': 180592, 'fails': 0, 'restarts': 705} best=((11, 0.04607534408569336), 21, 34, 4, 11)
[anneal seed=3] {'steps': 286000, 'evals': 183143, 'fails': 0, 'restarts': 715} best=((11, 0.04607534408569336), 21, 34, 4, 11)
[anneal seed=3] {'steps': 288000, 'evals': 184627, 'fails': 0, 'restarts': 720} best=((11, 0.04607534408569336), 21, 34, 4, 11)
[anneal seed=3] {'steps': 292000, 'evals': 187097, 'fails': 0, 'restarts': 730} best=((11, 0.04607534408569336), 21, 34, 4, 11)
[anneal seed=3] {'steps': 294000, 'evals': 188259, 'fails': 0, 'restarts': 735} best=((11, 0.04607534408569336), 21, 34, 4, 11)
[anneal seed=3] {'steps': 296000, 'evals': 189509, 'fails': 0, 'restarts': 740} best=((11, 0.04607534408569336), 21, 34, 4, 11)
[anneal seed=3] {'steps': 298000, 'evals': 190710, 'fails': 0, 'restarts': 745} best=((11, 0.04607534408569336), 21, 34, 4, 11)
[anneal seed=3] {'steps': 300000, 'evals': 191805, 'fails': 0, 'restarts': 750} best=((11, 0.04607534408569336), 21, 34, 4, 11)
[anneal seed=3] {'steps': 302000, 'evals': 193261, 'fails': 0, 'restarts': 755} best=((11, 0.04607534408569336), 21, 34, 4, 11)
[anneal seed=3] {'steps': 308000, 'evals': 196609, 'fails': 0, 'restarts': 770} best=((11, 0.04607534408569336), 21, 34, 4, 11)
[anneal seed=3] {'steps': 312000, 'evals': 199094, 'fails': 0, 'restarts': 780} best=((11, 0.04971909523010254), 19, 34, 4, 11)
[anneal seed=3] {'steps': 314000, 'evals': 200493, 'fails': 0, 'restarts': 785} best=((11, 0.04971909523010254), 19, 34, 4, 11)
[anneal seed=3] {'steps': 316000, 'evals': 201593, 'fails': 0, 'restarts': 790} best=((11, 0.04971909523010254), 19, 34, 4, 11)
[anneal seed=3] {'steps': 320000, 'evals': 204621, 'fails': 0, 'restarts': 800} best=((11, 0.04971909523010254), 19, 34, 4, 11)
[anneal seed=3] {'steps': 326000, 'evals': 208275, 'fails': 0, 'restarts': 815} best=((11, 0.04971909523010254), 19, 34, 4, 11)
FINAL [anneal seed=3] {'steps': 327251, 'evals': 209195, 'fails': 0, 'restarts': 819} best=((11, 0.04971909523010254), 19, 34, 4, 11)
