n=132: 31 subgroups total (incl. non-cyclic), m range 12..99
--- gens=(13, 17, 67) |H|=40 m=12 timeout=3600s
EXHAUSTED n=132 k=81 t=13 m=12 leaves=96: no multiplier-symmetric solution
--- gens=(7, 23) |H|=20 m=13 timeout=3600s
EXHAUSTED n=132 k=81 t=7 m=13 leaves=480: no multiplier-symmetric solution
--- gens=(7, 89) |H|=20 m=14 timeout=3600s
EXHAUSTED n=132 k=81 t=7 m=14 leaves=1728: no multiplier-symmetric solution
--- gens=(13, 23) |H|=20 m=14 timeout=3600s
EXHAUSTED n=132 k=81 t=13 m=14 leaves=1200: no multiplier-symmetric solution
--- gens=(17, 67) |H|=20 m=15 timeout=3600s
EXHAUSTED n=132 k=81 t=17 m=15 leaves=5664: no multiplier-symmetric solution
--- gens=(13, 17) |H|=20 m=16 timeout=3600s
EXHAUSTED n=132 k=81 t=13 m=16 leaves=19008: no multiplier-symmetric solution
--- gens=(5, 67) |H|=20 m=18 timeout=3600s
EXHAUSTED n=132 k=81 t=5 m=18 leaves=174496: no multiplier-symmetric solution
--- gens=(13, 67) |H|=20 m=18 timeout=3600s
EXHAUSTED n=132 k=81 t=13 m=18 leaves=195408: no multiplier-symmetric solution
--- gens=(35,) |H|=10 m=19 timeout=3600s
EXHAUSTED n=132 k=81 t=35 m=19 leaves=554400: no multiplier-symmetric solution
--- gens=(17,) |H|=10 m=20 timeout=3600s
EXHAUSTED n=132 k=81 t=17 m=20 leaves=2439360: no multiplier-symmetric solution
--- gens=(7,) |H|=10 m=21 timeout=3600s
EXHAUSTED n=132 k=81 t=7 m=21 leaves=7650720: no multiplier-symmetric solution
--- gens=(47,) |H|=10 m=21 timeout=3600s
EXHAUSTED n=132 k=81 t=47 m=21 leaves=4774560: no multiplier-symmetric solution
--- gens=(5,) |H|=10 m=24 timeout=3600s
EXHAUSTED n=132 k=81 t=5 m=24 leaves=169433600: no multiplier-symmetric solution
--- gens=(13,) |H|=10 m=24 timeout=3600s
EXHAUSTED n=132 k=81 t=13 m=24 leaves=153679680: no multiplier-symmetric solution
--- gens=(31,) |H|=10 m=27 timeout=3600s
TIMEOUT gens=(31,) m=27 after 3600s
SKIP gens=(25,) m=36 (> 30)
SKIP gens=(67, 89, 109) m=36 (> 30)
SKIP gens=(23, 43) m=41 (> 30)
SKIP gens=(23, 109) m=42 (> 30)
SKIP gens=(43, 89) m=46 (> 30)
SKIP gens=(89, 109) m=48 (> 30)
SKIP gens=(67, 131) m=51 (> 30)
SKIP gens=(67, 109) m=54 (> 30)
SKIP gens=(23, 67) m=66 (> 30)
SKIP gens=(131,) m=67 (> 30)
SKIP gens=(65,) m=68 (> 30)
SKIP gens=(43,) m=69 (> 30)
SKIP gens=(109,) m=72 (> 30)
SKIP gens=(23,) m=77 (> 30)
SKIP gens=(89,) m=88 (> 30)
SKIP gens=(67,) m=99 (> 30)
ALL-DONE n=132
