n=120: 117 subgroups total (incl. non-cyclic), m range 16..90
--- gens=(13, 19, 59, 71) |H|=32 m=16 timeout=3600s
EXHAUSTED n=120 k=49 t=13 m=16 leaves=9120: no multiplier-symmetric solution
--- gens=(7, 19, 71) |H|=16 m=17 timeout=3600s
EXHAUSTED n=120 k=49 t=7 m=17 leaves=20336: no multiplier-symmetric solution
--- gens=(13, 49, 59, 79) |H|=16 m=17 timeout=3600s
EXHAUSTED n=120 k=49 t=13 m=17 leaves=20336: no multiplier-symmetric solution
--- gens=(7, 49, 79, 83) |H|=16 m=18 timeout=3600s
EXHAUSTED n=120 k=49 t=7 m=18 leaves=60648: no multiplier-symmetric solution
--- gens=(13, 19, 59, 89) |H|=16 m=18 timeout=3600s
EXHAUSTED n=120 k=49 t=13 m=18 leaves=59136: no multiplier-symmetric solution
--- gens=(19, 53, 71) |H|=16 m=18 timeout=3600s
EXHAUSTED n=120 k=49 t=19 m=18 leaves=60648: no multiplier-symmetric solution
--- gens=(49, 79, 83, 89) |H|=16 m=18 timeout=3600s
EXHAUSTED n=120 k=49 t=49 m=18 leaves=59136: no multiplier-symmetric solution
--- gens=(53, 71, 109) |H|=16 m=18 timeout=3600s
EXHAUSTED n=120 k=49 t=53 m=18 leaves=59136: no multiplier-symmetric solution
--- gens=(13, 59, 109) |H|=16 m=20 timeout=3600s
EXHAUSTED n=120 k=49 t=13 m=20 leaves=497040: no multiplier-symmetric solution
--- gens=(17, 49, 79, 89) |H|=16 m=20 timeout=3600s
EXHAUSTED n=120 k=49 t=17 m=20 leaves=497040: no multiplier-symmetric solution
--- gens=(19, 83, 89) |H|=16 m=20 timeout=3600s
EXHAUSTED n=120 k=49 t=19 m=20 leaves=497040: no multiplier-symmetric solution
--- gens=(49, 53, 79, 91) |H|=16 m=20 timeout=3600s
EXHAUSTED n=120 k=49 t=49 m=20 leaves=527168: no multiplier-symmetric solution
--- gens=(49, 83, 89, 101) |H|=16 m=20 timeout=3600s
EXHAUSTED n=120 k=49 t=49 m=20 leaves=507272: no multiplier-symmetric solution
--- gens=(7, 53) |H|=8 m=22 timeout=3600s
EXHAUSTED n=120 k=49 t=7 m=22 leaves=3116520: no multiplier-symmetric solution
--- gens=(53, 71) |H|=8 m=22 timeout=3600s
EXHAUSTED n=120 k=49 t=53 m=22 leaves=3116520: no multiplier-symmetric solution
--- gens=(7, 71) |H|=8 m=23 timeout=3600s
EXHAUSTED n=120 k=49 t=7 m=23 leaves=8494200: no multiplier-symmetric solution
--- gens=(7, 83) |H|=8 m=23 timeout=3600s
EXHAUSTED n=120 k=49 t=7 m=23 leaves=8869920: no multiplier-symmetric solution
--- gens=(13, 59) |H|=8 m=23 timeout=3600s
EXHAUSTED n=120 k=49 t=13 m=23 leaves=8494200: no multiplier-symmetric solution
--- gens=(13, 71) |H|=8 m=23 timeout=3600s
EXHAUSTED n=120 k=49 t=13 m=23 leaves=8494200: no multiplier-symmetric solution
--- gens=(17, 59) |H|=8 m=23 timeout=3600s
EXHAUSTED n=120 k=49 t=17 m=23 leaves=8494200: no multiplier-symmetric solution
--- gens=(23, 101) |H|=8 m=23 timeout=3600s
EXHAUSTED n=120 k=49 t=23 m=23 leaves=8869920: no multiplier-symmetric solution
--- gens=(13, 49, 79, 109) |H|=16 m=24 timeout=3600s
EXHAUSTED n=120 k=49 t=13 m=24 leaves=42823584: no multiplier-symmetric solution
--- gens=(13, 49, 101, 109) |H|=16 m=24 timeout=3600s
EXHAUSTED n=120 k=49 t=13 m=24 leaves=41082464: no multiplier-symmetric solution
--- gens=(19, 49, 71, 79) |H|=16 m=24 timeout=3600s
EXHAUSTED n=120 k=49 t=19 m=24 leaves=37270712: no multiplier-symmetric solution
--- gens=(53, 83) |H|=8 m=24 timeout=3600s
EXHAUSTED n=120 k=49 t=53 m=24 leaves=25095528: no multiplier-symmetric solution
--- gens=(53, 91) |H|=8 m=24 timeout=3600s
EXHAUSTED n=120 k=49 t=53 m=24 leaves=25095528: no multiplier-symmetric solution
--- gens=(17, 79) |H|=8 m=25 timeout=3600s
EXHAUSTED n=120 k=49 t=17 m=25 leaves=67495896: no multiplier-symmetric solution
--- gens=(83, 91) |H|=8 m=25 timeout=3600s
EXHAUSTED n=120 k=49 t=83 m=25 leaves=67495896: no multiplier-symmetric solution
--- gens=(7, 89) |H|=8 m=26 timeout=3600s
EXHAUSTED n=120 k=49 t=7 m=26 leaves=188508128: no multiplier-symmetric solution
--- gens=(13, 17) |H|=8 m=26 timeout=3600s
EXHAUSTED n=120 k=49 t=13 m=26 leaves=227708640: no multiplier-symmetric solution
--- gens=(19, 89, 109) |H|=8 m=26 timeout=3600s
EXHAUSTED n=120 k=49 t=19 m=26 leaves=196927320: no multiplier-symmetric solution
--- gens=(23, 71) |H|=8 m=26 timeout=3600s
EXHAUSTED n=120 k=49 t=23 m=26 leaves=214870920: no multiplier-symmetric solution
--- gens=(59, 79, 109) |H|=8 m=26 timeout=3600s
EXHAUSTED n=120 k=49 t=59 m=26 leaves=196927320: no multiplier-symmetric solution
--- gens=(59, 83) |H|=8 m=26 timeout=3600s
EXHAUSTED n=120 k=49 t=59 m=26 leaves=214870920: no multiplier-symmetric solution
--- gens=(83, 89) |H|=8 m=26 timeout=3600s
