n=105 s=6: 23 subgroups
[t=17 m=14] n=105 s=6 t=17 m=14 sizes=[1, 2, 4, 4, 4, 6, 6, 6, 12, 12, 12, 12, 12, 12] approx_leaves=7984
[t=17 m=14] EXHAUSTED n=105 k=36 t=17 m=14: no multiplier-symmetric solution (leaves=0)
[t=2 m=15] n=105 s=6 t=2 m=15 sizes=[1, 2, 3, 3, 4, 4, 4, 6, 6, 12, 12, 12, 12, 12, 12] approx_leaves=32176
[t=2 m=15] EXHAUSTED n=105 k=36 t=2 m=15: no multiplier-symmetric solution (leaves=2592)
[t=52 m=15] n=105 s=6 t=52 m=15 sizes=[1, 1, 1, 4, 4, 4, 6, 6, 6, 12, 12, 12, 12, 12, 12] approx_leaves=35344
[t=52 m=15] EXHAUSTED n=105 k=36 t=52 m=15: no multiplier-symmetric solution (leaves=0)
[t=37 m=18] n=105 s=6 t=37 m=18 sizes=[1, 1, 1, 3, 3, 3, 3, 3, 3, 4, 4, 4, 12, 12, 12, 12, 12, 12] approx_leaves=769984
[t=37 m=18] EXHAUSTED n=105 k=36 t=37 m=18: no multiplier-symmetric solution (leaves=53664)
[t=59 m=23] n=105 s=6 t=59 m=23 sizes=[1, 2, 2, 2, 2, 2, 2, 2, 6, 6, 6, 6, 6, 6, 6, 6, 6, 6, 6, 6, 6, 6, 6] approx_leaves=37011520
[t=59 m=23] SKIP n=105 t=59: too many leaves (37011520 > 30000000)
[t=19 m=24] n=105 s=6 t=19 m=24 sizes=[1, 1, 1, 2, 2, 2, 2, 2, 2, 6, 6, 6, 6, 6, 6, 6, 6, 6, 6, 6, 6, 6, 6, 6] approx_leaves=136601920
[t=19 m=24] SKIP n=105 t=19: too many leaves (136601920 > 30000000)
[t=44 m=24] n=105 s=6 t=44 m=24 sizes=[1, 2, 2, 2, 2, 2, 2, 2, 3, 3, 6, 6, 6, 6, 6, 6, 6, 6, 6, 6, 6, 6, 6, 6] approx_leaves=130626496
[t=44 m=24] SKIP n=105 t=44: too many leaves (130626496 > 30000000)
[t=26 m=25] n=105 s=6 t=26 m=25 sizes=[1, 1, 1, 1, 1, 2, 2, 2, 2, 2, 6, 6, 6, 6, 6, 6, 6, 6, 6, 6, 6, 6, 6, 6, 6] approx_leaves=406369600
[t=26 m=25] SKIP n=105 t=26: too many leaves (406369600 > 30000000)
[t=4 m=27] n=105 s=6 t=4 m=27 sizes=[1, 1, 1, 2, 2, 2, 2, 2, 2, 3, 3, 3, 3, 3, 3, 6, 6, 6, 6, 6, 6, 6, 6, 6, 6, 6, 6] approx_leaves=2603013120
[t=4 m=27] SKIP n=105 t=4: too many leaves (2603013120 > 30000000)
[t=11 m=30] n=105 s=6 t=11 m=30 sizes=[1, 1, 1, 1, 1, 2, 2, 2, 2, 2, 3, 3, 3, 3, 3, 3, 3, 3, 3, 3, 6, 6, 6, 6, 6, 6, 6, 6, 6, 6] approx_leaves=50510387840
[t=11 m=30] SKIP n=105 t=11: too many leaves (50510387840 > 30000000)
[t=31 m=30] n=105 s=6 t=31 m=30 sizes=[1, 1, 1, 1, 1, 1, 1, 1, 1, 1, 1, 1, 1, 1, 1, 6, 6, 6, 6, 6, 6, 6, 6, 6, 6, 6, 6, 6, 6, 6] approx_leaves=71484562240
[t=31 m=30] SKIP n=105 t=31: too many leaves (71484562240 > 30000000)
[t=62 m=32] n=105 s=6 t=62 m=32 sizes=[1, 2, 2, 2, 2, 2, 2, 2, 2, 2, 2, 4, 4, 4, 4, 4, 4, 4, 4, 4, 4, 4, 4, 4, 4, 4, 4, 4, 4, 4, 4, 4] approx_leaves=113812249600
[t=62 m=32] SKIP n=105 t=62: too many leaves (113812249600 > 30000000)
[t=13 m=33] n=105 s=6 t=13 m=33 sizes=[1, 1, 1, 2, 2, 2, 2, 2, 2, 2, 2, 2, 4, 4, 4, 4, 4, 4, 4, 4, 4, 4, 4, 4, 4, 4, 4, 4, 4, 4, 4, 4, 4] approx_leaves=393731752960
[t=13 m=33] SKIP n=105 t=13: too many leaves (393731752960 > 30000000)
[t=8 m=35] n=105 s=6 t=8 m=35 sizes=[1, 1, 1, 1, 1, 1, 1, 2, 2, 2, 2, 2, 2, 2, 4, 4, 4, 4, 4, 4, 4, 4, 4, 4, 4, 4, 4, 4, 4, 4, 4, 4, 4, 4, 4] approx_leaves=3341080529920
[t=8 m=35] SKIP n=105 t=8: too many leaves (3341080529920 > 30000000)
[t=22 m=42] n=105 s=6 t=22 m=42 sizes=[1, 1, 1, 1, 1, 1, 1, 1, 1, 1, 1, 1, 1, 1, 1, 1, 1, 1, 1, 1, 1, 4, 4, 4, 4, 4, 4, 4, 4, 4, 4, 4, 4, 4, 4, 4, 4, 4, 4, 4, 4, 4] approx_leaves=5831989129802752
[t=22 m=42] SKIP n=105 t=22: too many leaves (5831989129802752 > 30000000)
[t=16 m=45] n=105 s=6 t=16 m=45 sizes=[1, 1, 1, 1, 1, 1, 1, 1, 1, 1, 1, 1, 1, 1, 1, 3, 3, 3, 3, 3, 3, 3, 3, 3, 3, 3, 3, 3, 3, 3, 3, 3, 3, 3, 3, 3, 3, 3, 3, 3, 3, 3, 3, 3, 3] approx_leaves=31834982939136000
[t=16 m=45] SKIP n=105 t=16: too many leaves (31834982939136000 > 30000000)
[t=104 m=53] n=105 s=6 t=104 m=53 sizes=[1, 2, 2, 2, 2, 2, 2, 2, 2, 2, 2, 2, 2, 2, 2, 2, 2, 2, 2, 2, 2, 2, 2, 2, 2, 2, 2, 2, 2, 2, 2, 2, 2, 2, 2, 2, 2, 2, 2, 2, 2, 2, 2, 2, 2, 2, 2, 2, 2, 2, 2, 2, 2] approx_leaves=11186202833492377600
[t=104 m=53] SKIP n=105 t=104: too many leaves (11186202833492377600 > 30000000)
[t=34 m=54] n=105 s=6 t=34 m=54 sizes=[1, 1, 1, 2, 2, 2, 2, 2, 2, 2, 2, 2, 2, 2, 2, 2, 2, 2, 2, 2, 2, 2, 2, 2, 2, 2, 2, 2, 2, 2, 2, 2, 2, 2, 2, 2, 2, 2, 2, 2, 2, 2, 2, 2, 2, 2, 2, 2, 2, 2, 2, 2, 2, 2] approx_leaves=30546938506844569600
[t=34 m=54] SKIP n=105 t=34: too many leaves (30546938506844569600 > 30000000)
[t=41 m=55] n=105 s=6 t=41 m=55 sizes=[1, 1, 1, 1, 1, 2, 2, 2, 2, 2, 2, 2, 2, 2, 2, 2, 2, 2, 2, 2, 2, 2, 2, 2, 2, 2, 2, 2, 2, 2, 2, 2, 2, 2, 2, 2, 2, 2, 2, 2, 2, 2, 2, 2, 2, 2, 2, 2, 2, 2, 2, 2, 2, 2, 2] approx_leaves=82175566969117081600
[t=41 m=55] SKIP n=105 t=41: too many leaves (82175566969117081600 > 30000000)
[t=29 m=56] n=105 s=6 t=29 m=56 sizes=[1, 1, 1, 1, 1, 1, 1, 2, 2, 2, 2, 2, 2, 2, 2, 2, 2, 2, 2, 2, 2, 2, 2, 2, 2, 2, 2, 2, 2, 2, 2, 2, 2, 2, 2, 2, 2, 2, 2, 2, 2, 2, 2, 2, 2, 2, 2, 2, 2, 2, 2, 2, 2, 2, 2, 2] approx_leaves=220591919876469686272
[t=29 m=56] SKIP n=105 t=29: too many leaves (220591919876469686272 > 30000000)
[t=76 m=60] n=105 s=6 t=76 m=60 sizes=[1, 1, 1, 1, 1, 1, 1, 1, 1, 1, 1, 1, 1, 1, 1, 2, 2, 2, 2, 2, 2, 2, 2, 2, 2, 2, 2, 2, 2, 2, 2, 2, 2, 2, 2, 2, 2, 2, 2, 2, 2, 2, 2, 2, 2, 2, 2, 2, 2, 2, 2, 2, 2, 2, 2, 2, 2, 2, 2, 2] approx_leaves=11174173886471974420480
[t=76 m=60] SKIP n=105 t=76: too many leaves (11174173886471974420480 > 30000000)
[t=64 m=63] n=105 s=6 t=64 m=63 sizes=[1, 1, 1, 1, 1, 1, 1, 1, 1, 1, 1, 1, 1, 1, 1, 1, 1, 1, 1, 1, 1, 2, 2, 2, 2, 2, 2, 2, 2, 2, 2, 2, 2, 2, 2, 2, 2, 2, 2, 2, 2, 2, 2, 2, 2, 2, 2, 2, 2, 2, 2, 2, 2, 2, 2, 2, 2, 2, 2, 2, 2, 2, 2] approx_leaves=206245243062331415986176
[t=64 m=63] SKIP n=105 t=64: too many leaves (206245243062331415986176 > 30000000)
[t=71 m=70] n=105 s=6 t=71 m=70 sizes=[1, 1, 1, 1, 1, 1, 1, 1, 1, 1, 1, 1, 1, 1, 1, 1, 1, 1, 1, 1, 1, 1, 1, 1, 1, 1, 1, 1, 1, 1, 1, 1, 1, 1, 1, 2, 2, 2, 2, 2, 2, 2, 2, 2, 2, 2, 2, 2, 2, 2, 2, 2, 2, 2, 2, 2, 2, 2, 2, 2, 2, 2, 2, 2, 2, 2, 2, 2, 2, 2] approx_leaves=166321713860367253270691840
[t=71 m=70] SKIP n=105 t=71: too many leaves (166321713860367253270691840 > 30000000)
ALL-DONE
