n=112 s=6: 23 subgroups
[t=3 m=19] n=112 s=6 t=3 m=19 sizes=[1, 1, 2, 2, 2, 4, 4, 6, 6, 6, 6, 6, 6, 6, 6, 12, 12, 12, 12] approx_leaves=1121312
[t=3 m=19] EXHAUSTED n=112 k=36 t=3 m=19: no multiplier-symmetric solution (leaves=79008)
[t=5 m=20] n=112 s=6 t=5 m=20 sizes=[1, 1, 1, 1, 2, 2, 4, 4, 6, 6, 6, 6, 6, 6, 6, 6, 12, 12, 12, 12] approx_leaves=3048992
[t=5 m=20] EXHAUSTED n=112 k=36 t=5 m=20: no multiplier-symmetric solution (leaves=244800)
[t=11 m=21] n=112 s=6 t=11 m=21 sizes=[1, 1, 2, 2, 2, 3, 3, 3, 3, 4, 4, 6, 6, 6, 6, 6, 6, 12, 12, 12, 12] approx_leaves=8895360
[t=11 m=21] EXHAUSTED n=112 k=36 t=11 m=21: no multiplier-symmetric solution (leaves=943424)
[t=37 m=24] n=112 s=6 t=37 m=24 sizes=[1, 1, 1, 1, 2, 2, 3, 3, 3, 3, 3, 3, 3, 3, 4, 4, 6, 6, 6, 6, 12, 12, 12, 12] approx_leaves=208944736
[t=37 m=24] SKIP n=112 t=37: too many leaves (208944736 > 30000000)
[t=31 m=25] n=112 s=6 t=31 m=25 sizes=[1, 1, 2, 2, 2, 2, 2, 2, 2, 6, 6, 6, 6, 6, 6, 6, 6, 6, 6, 6, 6, 6, 6, 6, 6] approx_leaves=177934848
[t=31 m=25] SKIP n=112 t=31: too many leaves (177934848 > 30000000)
[t=87 m=25] n=112 s=6 t=87 m=25 sizes=[1, 1, 2, 2, 2, 2, 2, 2, 2, 6, 6, 6, 6, 6, 6, 6, 6, 6, 6, 6, 6, 6, 6, 6, 6] approx_leaves=177934848
[t=87 m=25] SKIP n=112 t=87: too many leaves (177934848 > 30000000)
[t=23 m=27] n=112 s=6 t=23 m=27 sizes=[1, 1, 2, 2, 2, 2, 2, 2, 2, 3, 3, 3, 3, 6, 6, 6, 6, 6, 6, 6, 6, 6, 6, 6, 6, 6, 6] approx_leaves=1165621184
[t=23 m=27] SKIP n=112 t=23: too many leaves (1165621184 > 30000000)
[t=79 m=27] n=112 s=6 t=79 m=27 sizes=[1, 1, 2, 2, 2, 2, 2, 2, 2, 3, 3, 3, 3, 6, 6, 6, 6, 6, 6, 6, 6, 6, 6, 6, 6, 6, 6] approx_leaves=1165621184
[t=79 m=27] SKIP n=112 t=79: too many leaves (1165621184 > 30000000)
[t=73 m=28] n=112 s=6 t=73 m=28 sizes=[1, 1, 1, 1, 1, 1, 1, 1, 2, 2, 2, 2, 6, 6, 6, 6, 6, 6, 6, 6, 6, 6, 6, 6, 6, 6, 6, 6] approx_leaves=4254175744
[t=73 m=28] SKIP n=112 t=73: too many leaves (4254175744 > 30000000)
[t=17 m=32] n=112 s=6 t=17 m=32 sizes=[1, 1, 1, 1, 1, 1, 1, 1, 1, 1, 1, 1, 1, 1, 1, 1, 6, 6, 6, 6, 6, 6, 6, 6, 6, 6, 6, 6, 6, 6, 6, 6] approx_leaves=288718836224
[t=17 m=32] SKIP n=112 t=17: too many leaves (288718836224 > 30000000)
[t=9 m=36] n=112 s=6 t=9 m=36 sizes=[1, 1, 1, 1, 1, 1, 1, 1, 2, 2, 2, 2, 3, 3, 3, 3, 3, 3, 3, 3, 3, 3, 3, 3, 3, 3, 3, 3, 6, 6, 6, 6, 6, 6, 6, 6] approx_leaves=6349503778560
[t=9 m=36] SKIP n=112 t=9: too many leaves (6349503778560 > 30000000)
[t=27 m=43] n=112 s=6 t=27 m=43 sizes=[1, 1, 2, 2, 2, 2, 2, 2, 2, 2, 2, 2, 2, 2, 2, 2, 2, 2, 2, 2, 2, 2, 2, 2, 2, 2, 2, 2, 2, 4, 4, 4, 4, 4, 4, 4, 4, 4, 4, 4, 4, 4, 4] approx_leaves=1334032864845824
[t=27 m=43] SKIP n=112 t=27: too many leaves (1334032864845824 > 30000000)
[t=13 m=44] n=112 s=6 t=13 m=44 sizes=[1, 1, 1, 1, 2, 2, 2, 2, 2, 2, 2, 2, 2, 2, 2, 2, 2, 2, 2, 2, 2, 2, 2, 2, 2, 2, 2, 2, 2, 2, 4, 4, 4, 4, 4, 4, 4, 4, 4, 4, 4, 4, 4, 4] approx_leaves=3761668442894336
[t=13 m=44] SKIP n=112 t=13: too many leaves (3761668442894336 > 30000000)
[t=65 m=48] n=112 s=6 t=65 m=48 sizes=[1, 1, 1, 1, 1, 1, 1, 1, 1, 1, 1, 1, 1, 1, 1, 1, 3, 3, 3, 3, 3, 3, 3, 3, 3, 3, 3, 3, 3, 3, 3, 3, 3, 3, 3, 3, 3, 3, 3, 3, 3, 3, 3, 3, 3, 3, 3, 3] approx_leaves=139456949630828544
[t=65 m=48] SKIP n=112 t=65: too many leaves (139456949630828544 > 30000000)
[t=43 m=49] n=112 s=6 t=43 m=49 sizes=[1, 1, 1, 1, 1, 1, 1, 1, 1, 1, 1, 1, 1, 1, 2, 2, 2, 2, 2, 2, 2, 2, 2, 2, 2, 2, 2, 2, 2, 2, 2, 2, 2, 2, 2, 4, 4, 4, 4, 4, 4, 4, 4, 4, 4, 4, 4, 4, 4] approx_leaves=685493072486691840
[t=43 m=49] SKIP n=112 t=43: too many leaves (685493072486691840 > 30000000)
[t=29 m=56] n=112 s=6 t=29 m=56 sizes=[1, 1, 1, 1, 1, 1, 1, 1, 1, 1, 1, 1, 1, 1, 1, 1, 1, 1, 1, 1, 1, 1, 1, 1, 1, 1, 1, 1, 2, 2, 2, 2, 2, 2, 2, 2, 2, 2, 2, 2, 2, 2, 4, 4, 4, 4, 4, 4, 4, 4, 4, 4, 4, 4, 4, 4] approx_leaves=960761332501048379392
[t=29 m=56] SKIP n=112 t=29: too many leaves (960761332501048379392 > 30000000)
[t=55 m=57] n=112 s=6 t=55 m=57 sizes=[1, 1, 2, 2, 2, 2, 2, 2, 2, 2, 2, 2, 2, 2, 2, 2, 2, 2, 2, 2, 2, 2, 2, 2, 2, 2, 2, 2, 2, 2, 2, 2, 2, 2, 2, 2, 2, 2, 2, 2, 2, 2, 2, 2, 2, 2, 2, 2, 2, 2, 2, 2, 2, 2, 2, 2, 2] approx_leaves=73551386299917926400
[t=55 m=57] SKIP n=112 t=55: too many leaves (73551386299917926400 > 30000000)
[t=111 m=57] n=112 s=6 t=111 m=57 sizes=[1, 1, 2, 2, 2, 2, 2, 2, 2, 2, 2, 2, 2, 2, 2, 2, 2, 2, 2, 2, 2, 2, 2, 2, 2, 2, 2, 2, 2, 2, 2, 2, 2, 2, 2, 2, 2, 2, 2, 2, 2, 2, 2, 2, 2, 2, 2, 2, 2, 2, 2, 2, 2, 2, 2, 2, 2] approx_leaves=73551386299917926400
[t=111 m=57] SKIP n=112 t=111: too many leaves (73551386299917926400 > 30000000)
[t=41 m=60] n=112 s=6 t=41 m=60 sizes=[1, 1, 1, 1, 1, 1, 1, 1, 2, 2, 2, 2, 2, 2, 2, 2, 2, 2, 2, 2, 2, 2, 2, 2, 2, 2, 2, 2, 2, 2, 2, 2, 2, 2, 2, 2, 2, 2, 2, 2, 2, 2, 2, 2, 2, 2, 2, 2, 2, 2, 2, 2, 2, 2, 2, 2, 2, 2, 2, 2] approx_leaves=1364578083143326105600
[t=41 m=60] SKIP n=112 t=41: too many leaves (1364578083143326105600 > 30000000)
[t=15 m=63] n=112 s=6 t=15 m=63 sizes=[1, 1, 1, 1, 1, 1, 1, 1, 1, 1, 1, 1, 1, 1, 2, 2, 2, 2, 2, 2, 2, 2, 2, 2, 2, 2, 2, 2, 2, 2, 2, 2, 2, 2, 2, 2, 2, 2, 2, 2, 2, 2, 2, 2, 2, 2, 2, 2, 2, 2, 2, 2, 2, 2, 2, 2, 2, 2, 2, 2, 2, 2, 2] approx_leaves=24601934449048123080704
[t=15 m=63] SKIP n=112 t=15: too many leaves (24601934449048123080704 > 30000000)
[t=71 m=63] n=112 s=6 t=71 m=63 sizes=[1, 1, 1, 1, 1, 1, 1, 1, 1, 1, 1, 1, 1, 1, 2, 2, 2, 2, 2, 2, 2, 2, 2, 2, 2, 2, 2, 2, 2, 2, 2, 2, 2, 2, 2, 2, 2, 2, 2, 2, 2, 2, 2, 2, 2, 2, 2, 2, 2, 2, 2, 2, 2, 2, 2, 2, 2, 2, 2, 2, 2, 2, 2] approx_leaves=24601934449048123080704
[t=71 m=63] SKIP n=112 t=71: too many leaves (24601934449048123080704 > 30000000)
[t=97 m=64] n=112 s=6 t=97 m=64 sizes=[1, 1, 1, 1, 1, 1, 1, 1, 1, 1, 1, 1, 1, 1, 1, 1, 2, 2, 2, 2, 2, 2, 2, 2, 2, 2, 2, 2, 2, 2, 2, 2, 2, 2, 2, 2, 2, 2, 2, 2, 2, 2, 2, 2, 2, 2, 2, 2, 2, 2, 2, 2, 2, 2, 2, 2, 2, 2, 2, 2, 2, 2, 2, 2] approx_leaves=64147186409186061713408
[t=97 m=64] SKIP n=112 t=97: too many leaves (64147186409186061713408 > 30000000)
[t=57 m=84] n=112 s=6 t=57 m=84 sizes=[1, 1, 1, 1, 1, 1, 1, 1, 1, 1, 1, 1, 1, 1, 1, 1, 1, 1, 1, 1, 1, 1, 1, 1, 1, 1, 1, 1, 1, 1, 1, 1, 1, 1, 1, 1, 1, 1, 1, 1, 1, 1, 1, 1, 1, 1, 1, 1, 1, 1, 1, 1, 1, 1, 1, 1, 2, 2, 2, 2, 2, 2, 2, 2, 2, 2, 2, 2, 2, 2, 2, 2, 2, 2, 2, 2, 2, 2, 2, 2, 2, 2, 2, 2] approx_leaves=6309961289062229358190769209344
[t=57 m=84] SKIP n=112 t=57: too many leaves (6309961289062229358190769209344 > 30000000)
ALL-DONE
