15	7	15	1	0	UNSAT-exhausted	20.0	
15	7	14	1	1	UNSAT-exhausted	392.9	
15	7	13	1	2	UNSAT-exhausted	5.5	
15	7	12	1	3	UNSAT-exhausted	4.3	
15	7	11	1	4	UNSAT-exhausted	3.4	
15	7	10	1	5	UNSAT-exhausted	3.3	
15	7	9	1	6	UNSAT-exhausted	3.2	
15	7	8	1	7	UNSAT-exhausted	3.2	
15	7	7	1	8	UNSAT-exhausted	3.1	
15	7	7	2	1	TIMEOUT	1800.2	
15	7	6	1	9	UNSAT-exhausted	3.6	
15	7	6	2	3	UNSAT-exhausted	4.3	
15	7	5	1	10	UNSAT-exhausted	3.5	
15	7	5	2	5	UNSAT-exhausted	3.8	
15	7	5	3	0	TIMEOUT	1800.1	
15	7	4	1	11	UNSAT-exhausted	3.1	
15	7	4	2	7	UNSAT-exhausted	31.7	
15	7	4	3	3	UNSAT-exhausted	3.8	
15	7	3	1	12	UNSAT-exhausted	3.1	
15	7	3	2	9	UNSAT-exhausted	3.1	
15	7	3	3	6	UNSAT-exhausted	3.3	
15	7	3	4	3	UNSAT-exhausted	4.0	
15	7	3	5	0	TIMEOUT	1800.2	
15	7	2	1	13	UNSAT-exhausted	3.8	
15	7	2	2	11	UNSAT-exhausted	3.3	
15	7	2	3	9	UNSAT-exhausted	3.4	
15	7	2	4	7	TIMEOUT	1800.1	
15	7	2	5	5	UNSAT-exhausted	3.8	
15	7	2	6	3	UNSAT-exhausted	4.6	
15	7	2	7	1	TIMEOUT	1800.2	
