9	6	9	1	0	UNSAT-exhausted	0.1	
9	6	8	1	1	UNSAT-exhausted	0.1	
9	6	7	1	2	UNSAT-exhausted	0.1	
9	6	6	1	3	UNSAT-exhausted	0.1	
9	6	5	1	4	UNSAT-exhausted	0.1	
9	6	4	1	5	UNSAT-exhausted	0.1	
9	6	4	2	1	UNSAT-exhausted	0.1	
9	6	3	1	6	UNSAT-exhausted	0.1	
9	6	3	2	3	UNSAT-exhausted	0.1	
9	6	3	3	0	UNSAT-exhausted	0.1	
9	6	2	1	7	UNSAT-exhausted	0.1	
9	6	2	2	5	UNSAT-exhausted	0.1	
9	6	2	3	3	UNSAT-exhausted	0.1	
9	6	2	4	1	UNSAT-exhausted	0.1	
10	6	10	1	0	UNSAT-exhausted	0.1	
10	6	9	1	1	UNSAT-exhausted	0.1	
10	6	8	1	2	UNSAT-exhausted	0.1	
10	6	7	1	3	UNSAT-exhausted	0.1	
10	6	6	1	4	UNSAT-exhausted	0.1	
10	6	5	1	5	UNSAT-exhausted	0.1	
10	6	5	2	0	UNSAT-exhausted	0.1	
10	6	4	1	6	UNSAT-exhausted	0.1	
10	6	4	2	2	UNSAT-exhausted	0.1	
10	6	3	1	7	UNSAT-exhausted	0.1	
10	6	3	2	4	UNSAT-exhausted	0.1	
10	6	3	3	1	UNSAT-exhausted	1.3	
10	6	2	1	8	UNSAT-exhausted	0.1	
10	6	2	2	6	UNSAT-exhausted	0.1	
10	6	2	3	4	UNSAT-exhausted	0.1	
10	6	2	4	2	UNSAT-exhausted	0.1	
10	6	2	5	0	UNSAT-exhausted	0.1	
12	6	12	1	0	UNSAT-exhausted	0.1	
12	6	11	1	1	UNSAT-exhausted	0.7	
12	6	10	1	2	UNSAT-exhausted	0.1	
12	6	9	1	3	UNSAT-exhausted	0.1	
12	6	8	1	4	UNSAT-exhausted	0.1	
12	6	7	1	5	UNSAT-exhausted	0.1	
12	6	6	1	6	UNSAT-exhausted	0.1	
12	6	6	2	0	UNSAT-exhausted	0.3	
12	6	5	1	7	UNSAT-exhausted	0.1	
12	6	5	2	2	UNSAT-exhausted	0.1	
12	6	4	1	8	UNSAT-exhausted	0.1	
12	6	4	2	4	UNSAT-exhausted	0.1	
12	6	4	3	0	UNSAT-exhausted	8.8	
12	6	3	1	9	UNSAT-exhausted	0.1	
12	6	3	2	6	UNSAT-exhausted	0.1	
12	6	3	3	3	UNSAT-exhausted	0.1	
12	6	3	4	0	UNSAT-exhausted	704.5	
12	6	2	1	10	UNSAT-exhausted	0.1	
12	6	2	2	8	UNSAT-exhausted	0.1	
12	6	2	3	6	UNSAT-exhausted	0.1	
12	6	2	4	4	UNSAT-exhausted	0.1	
12	6	2	5	2	UNSAT-exhausted	0.1	
12	6	2	6	0	TIMEOUT	900.1	
