14	7	14	1	0	UNSAT-exhausted	3.6	
14	7	13	1	1	UNSAT-exhausted	67.7	
14	7	12	1	2	UNSAT-exhausted	1.8	
14	7	11	1	3	UNSAT-exhausted	1.8	
14	7	10	1	4	UNSAT-exhausted	1.7	
14	7	9	1	5	UNSAT-exhausted	1.6	
14	7	8	1	6	UNSAT-exhausted	1.6	
14	7	7	1	7	UNSAT-exhausted	2.9	
14	7	7	2	0	UNSAT-exhausted	245.5	
14	7	6	1	8	UNSAT-exhausted	1.4	
14	7	6	2	2	UNSAT-exhausted	1.8	
14	7	5	1	9	UNSAT-exhausted	1.4	
14	7	5	2	4	UNSAT-exhausted	1.5	
14	7	4	1	10	UNSAT-exhausted	1.4	
14	7	4	2	6	UNSAT-exhausted	1.4	
14	7	4	3	2	UNSAT-exhausted	1.9	
14	7	3	1	11	UNSAT-exhausted	1.5	
14	7	3	2	8	UNSAT-exhausted	1.4	
14	7	3	3	5	UNSAT-exhausted	1.5	
14	7	3	4	2	UNSAT-exhausted	2.0	
14	7	2	1	12	UNSAT-exhausted	1.5	
14	7	2	2	10	UNSAT-exhausted	1.3	
14	7	2	3	8	UNSAT-exhausted	1.5	
14	7	2	4	6	UNSAT-exhausted	1.6	
14	7	2	5	4	UNSAT-exhausted	1.8	
14	7	2	6	2	UNSAT-exhausted	2.2	
14	7	2	7	0	TIMEOUT	1800.2	
