15	6	15	1	0	UNSAT-exhausted	9.5	
15	6	14	1	1	UNSAT-exhausted	0.3	
15	6	13	1	2	UNSAT-exhausted	0.4	
15	6	12	1	3	UNSAT-exhausted	0.3	
15	6	11	1	4	UNSAT-exhausted	0.3	
15	6	10	1	5	UNSAT-exhausted	0.3	
15	6	9	1	6	UNSAT-exhausted	0.2	
15	6	8	1	7	UNSAT-exhausted	0.4	
15	6	7	1	8	UNSAT-exhausted	0.4	
15	6	7	2	1	UNSAT-exhausted	1007.3	
15	6	6	1	9	UNSAT-exhausted	0.2	
15	6	6	2	3	UNSAT-exhausted	0.3	
15	6	5	1	10	UNSAT-exhausted	0.2	
15	6	5	2	5	UNSAT-exhausted	0.3	
15	6	5	3	0	TIMEOUT	1800.1	
15	6	4	1	11	UNSAT-exhausted	0.3	
15	6	4	2	7	UNSAT-exhausted	0.3	
15	6	4	3	3	UNSAT-exhausted	0.7	
15	6	3	1	12	UNSAT-exhausted	0.3	
15	6	3	2	9	UNSAT-exhausted	0.2	
15	6	3	3	6	UNSAT-exhausted	0.3	
15	6	3	4	3	UNSAT-exhausted	0.4	
15	6	3	5	0	TIMEOUT	1800.1	
15	6	2	1	13	UNSAT-exhausted	0.3	
15	6	2	2	11	UNSAT-exhausted	0.2	
15	6	2	3	9	UNSAT-exhausted	0.2	
15	6	2	4	7	UNSAT-exhausted	0.3	
15	6	2	5	5	UNSAT-exhausted	0.2	
15	6	2	6	3	UNSAT-exhausted	0.3	
15	6	2	7	1	UNSAT-exhausted	78.5	
