18	6	18	1	0	UNSAT-exhausted	62.5	
18	6	17	1	1	UNSAT-exhausted	687.1	
18	6	16	1	2	UNSAT-exhausted	1.4	
18	6	15	1	3	UNSAT-exhausted	1.3	
18	6	14	1	4	UNSAT-exhausted	1.5	
18	6	13	1	5	UNSAT-exhausted	1.1	
18	6	12	1	6	UNSAT-exhausted	1.5	
18	6	11	1	7	TIMEOUT	1800.1	
18	6	10	1	8	UNSAT-exhausted	0.7	
18	6	9	1	9	UNSAT-exhausted	1.7	
18	6	9	2	0	TIMEOUT	1800.1	
18	6	8	1	10	UNSAT-exhausted	0.7	
18	6	8	2	2	UNSAT-exhausted	1.2	
18	6	7	1	11	UNSAT-exhausted	0.7	
18	6	7	2	4	UNSAT-exhausted	1.0	
18	6	6	1	12	UNSAT-exhausted	0.7	
18	6	6	2	6	UNSAT-exhausted	0.8	
18	6	6	3	0	TIMEOUT	1800.1	
18	6	5	1	13	UNSAT-exhausted	0.6	
18	6	5	2	8	UNSAT-exhausted	2.1	
18	6	5	3	3	UNSAT-exhausted	1.1	
18	6	4	1	14	UNSAT-exhausted	0.7	
18	6	4	2	10	UNSAT-exhausted	0.6	
18	6	4	3	6	UNSAT-exhausted	0.8	
18	6	4	4	2	UNSAT-exhausted	1.1	
18	6	3	1	15	UNSAT-exhausted	0.8	
18	6	3	2	12	UNSAT-exhausted	0.7	
18	6	3	3	9	UNSAT-exhausted	795.6	
18	6	3	4	6	UNSAT-exhausted	1.2	
18	6	3	5	3	UNSAT-exhausted	1.5	
18	6	3	6	0	TIMEOUT	1800.1	
18	6	2	1	16	UNSAT-exhausted	1.1	
18	6	2	2	14	UNSAT-exhausted	0.7	
18	6	2	3	12	UNSAT-exhausted	0.8	
18	6	2	4	10	UNSAT-exhausted	0.7	
18	6	2	5	8	UNSAT-exhausted	1.7	
18	6	2	6	6	UNSAT-exhausted	0.8	
18	6	2	7	4	UNSAT-exhausted	1.0	
18	6	2	8	2	UNSAT-exhausted	1.4	
18	6	2	9	0	TIMEOUT	1800.1	
