16	6	16	1	0	UNSAT-exhausted	0.5	
16	6	15	1	1	UNSAT-exhausted	111.9	
16	6	14	1	2	UNSAT-exhausted	0.5	
16	6	13	1	3	UNSAT-exhausted	0.5	
16	6	12	1	4	UNSAT-exhausted	0.4	
16	6	11	1	5	UNSAT-exhausted	0.4	
16	6	10	1	6	UNSAT-exhausted	0.4	
16	6	9	1	7	UNSAT-exhausted	150.1	
16	6	8	1	8	UNSAT-exhausted	0.4	
16	6	8	2	0	UNSAT-exhausted	0.5	
16	6	7	1	9	UNSAT-exhausted	0.3	
16	6	7	2	2	UNSAT-exhausted	0.5	
16	6	6	1	10	UNSAT-exhausted	0.3	
16	6	6	2	4	UNSAT-exhausted	0.4	
16	6	5	1	11	UNSAT-exhausted	0.3	
16	6	5	2	6	UNSAT-exhausted	0.4	
16	6	5	3	1	TIMEOUT	1800.1	
16	6	4	1	12	UNSAT-exhausted	0.4	
16	6	4	2	8	UNSAT-exhausted	0.3	
16	6	4	3	4	UNSAT-exhausted	0.6	
16	6	4	4	0	UNSAT-exhausted	5.5	
16	6	3	1	13	UNSAT-exhausted	0.4	
16	6	3	2	10	UNSAT-exhausted	0.4	
16	6	3	3	7	TIMEOUT	1800.1	
16	6	3	4	4	UNSAT-exhausted	0.5	
16	6	3	5	1	TIMEOUT	1800.2	
16	6	2	1	14	UNSAT-exhausted	0.5	
16	6	2	2	12	UNSAT-exhausted	0.3	
16	6	2	3	10	UNSAT-exhausted	0.5	
16	6	2	4	8	UNSAT-exhausted	0.4	
16	6	2	5	6	UNSAT-exhausted	0.3	
16	6	2	6	4	UNSAT-exhausted	0.4	
16	6	2	7	2	UNSAT-exhausted	0.5	
16	6	2	8	0	UNSAT-exhausted	356.7	
