
swept 11283 (pattern,type) combos, MAX_N=240
top 20 scores:
score=+0.000000 k=6 edges=[(0, 1), (0, 2), (0, 3), (0, 4), (1, 2), (1, 3), (1, 4), (2, 3), (2, 4), (3, 4)] types=KKKKKI wts=[9, 12, 8, 7, 7, 7] l1=42.0000 l2=0.0000 m=903 omega=43
score=+0.000000 k=6 edges=[(0, 1), (0, 2), (0, 4), (0, 5), (1, 2), (1, 3), (1, 5), (2, 3), (2, 4), (3, 4), (3, 5), (4, 5)] types=IIIIII wts=[11, 8, 10, 7, 10, 8] l1=36.0000 l2=0.0000 m=972 omega=3
score=+0.000000 k=5 edges=[(0, 1), (0, 3), (0, 4), (1, 3), (1, 4), (3, 4)] types=KKIKK wts=[12, 4, 12, 9, 12] l1=36.0000 l2=0.0000 m=666 omega=37
score=+0.000000 k=6 edges=[(1, 2), (1, 3), (2, 3)] types=KKKKII wts=[1, 9, 16, 12, 2, 3] l1=36.0000 l2=0.0000 m=666 omega=37
score=+0.000000 k=6 edges=[(0, 1), (0, 5), (1, 2), (1, 4), (2, 3), (2, 5), (3, 4), (4, 5)] types=IIIIII wts=[7, 13, 11, 4, 13, 6] l1=25.8036 l2=4.3791 m=685 omega=2
score=+0.000000 k=6 edges=[(0, 1), (0, 2), (0, 3), (0, 4), (1, 2), (1, 3), (1, 4), (2, 3), (2, 4), (3, 4)] types=IKKKKI wts=[1, 7, 9, 7, 8, 1] l1=31.0000 l2=0.0000 m=496 omega=32
score=+0.000000 k=6 edges=[(0, 1), (0, 2), (0, 4), (0, 5), (1, 2), (1, 3), (1, 4), (1, 5), (2, 3), (2, 4), (2, 5), (3, 4), (3, 5), (4, 5)] types=IIIIII wts=[8, 9, 9, 1, 9, 9] l1=36.0000 l2=0.0000 m=810 omega=5
score=+0.000000 k=6 edges=[(0, 1), (0, 3), (0, 5), (1, 2), (1, 4), (2, 3), (2, 5), (3, 4), (4, 5)] types=IIIIII wts=[12, 8, 8, 11, 9, 12] l1=29.9833 l2=0.0000 m=899 omega=2
score=+0.000000 k=6 edges=[(0, 4), (0, 5), (1, 4), (1, 5), (2, 4), (2, 5), (3, 4), (3, 5)] types=IIIKII wts=[11, 7, 10, 1, 11, 6] l1=22.2036 l2=0.0000 m=493 omega=2
score=+0.000000 k=6 edges=[(0, 2), (1, 2), (1, 3), (1, 4), (2, 5), (3, 5), (4, 5)] types=IIKIII wts=[10, 12, 1, 9, 12, 13] l1=23.4619 l2=3.0883 m=560 omega=2
score=+0.000000 k=6 edges=[(0, 4), (0, 5), (1, 4), (1, 5), (2, 4), (2, 5), (3, 4), (3, 5)] types=KIIIII wts=[1, 12, 8, 8, 8, 13] l1=24.6779 l2=0.0000 m=609 omega=2
score=+0.000000 k=6 edges=[(0, 4), (0, 5), (1, 4), (1, 5), (2, 4), (2, 5), (3, 4), (3, 5)] types=IIIIII wts=[9, 8, 7, 1, 7, 15] l1=23.4521 l2=0.0000 m=550 omega=2
score=+0.000000 k=6 edges=[(0, 1), (0, 2), (0, 3), (0, 4), (1, 2), (1, 3), (1, 4), (2, 3), (2, 4), (3, 4)] types=KKKIKI wts=[1, 7, 9, 1, 15, 5] l1=32.0000 l2=0.0000 m=528 omega=33
score=+0.000000 k=5 edges=[(0, 1), (0, 3), (0, 4), (1, 3), (1, 4), (3, 4)] types=IKIKK wts=[1, 8, 1, 7, 12] l1=27.0000 l2=0.0000 m=378 omega=28
score=+0.000000 k=5 edges=[(0, 2), (0, 3), (0, 4), (1, 2), (1, 3), (1, 4)] types=IIIII wts=[9, 7, 9, 5, 12] l1=20.3961 l2=0.0000 m=416 omega=2
score=+0.000000 k=6 edges=[(0, 1), (0, 2), (0, 3), (0, 5), (1, 2), (1, 3), (1, 4), (1, 5), (2, 4), (3, 4), (4, 5)] types=IIIIII wts=[6, 15, 6, 1, 9, 8] l1=30.0000 l2=0.0000 m=675 omega=3
score=+0.000000 k=6 edges=[(0, 1), (1, 2), (1, 4), (1, 5), (2, 3)] types=IIIIII wts=[13, 9, 7, 8, 8, 15] l1=19.9333 l2=6.7575 m=443 omega=2
score=+0.000000 k=5 edges=[(0, 1), (0, 3), (0, 4), (1, 3), (1, 4), (3, 4)] types=KKIKI wts=[7, 12, 9, 12, 1] l1=31.0000 l2=0.0000 m=496 omega=32
score=+0.000000 k=5 edges=[(0, 2), (0, 3), (0, 4), (1, 2), (1, 3), (1, 4)] types=IIKII wts=[2, 8, 1, 10, 13] l1=15.4919 l2=0.0000 m=240 omega=2
score=+0.000000 k=6 edges=[(0, 3), (0, 4), (0, 5), (3, 4), (3, 5), (4, 5)] types=KIIKKK wts=[13, 4, 12, 14, 12, 3] l1=41.0000 l2=0.0000 m=861 omega=42
