...2000/133632 done
...4000/133632 done
...6000/133632 done
...8000/133632 done
...10000/133632 done
...12000/133632 done
...14000/133632 done
...16000/133632 done
...18000/133632 done
...20000/133632 done
...22000/133632 done
...24000/133632 done
...26000/133632 done
...28000/133632 done
...30000/133632 done
...32000/133632 done
...34000/133632 done
...36000/133632 done
...38000/133632 done
...40000/133632 done
...42000/133632 done
...44000/133632 done
...46000/133632 done
...48000/133632 done
...50000/133632 done
...52000/133632 done
...54000/133632 done
...56000/133632 done
...58000/133632 done
...60000/133632 done
...62000/133632 done
...64000/133632 done
...66000/133632 done
...68000/133632 done
...70000/133632 done
...72000/133632 done
...74000/133632 done
...76000/133632 done
...78000/133632 done
...80000/133632 done
...82000/133632 done
...84000/133632 done
...86000/133632 done
...88000/133632 done
...90000/133632 done
...92000/133632 done
...94000/133632 done
...96000/133632 done
...98000/133632 done
...100000/133632 done
...102000/133632 done
...104000/133632 done
...106000/133632 done
...108000/133632 done
...110000/133632 done
...112000/133632 done
...114000/133632 done
...116000/133632 done
...118000/133632 done
...120000/133632 done
...122000/133632 done
...124000/133632 done
...126000/133632 done
...128000/133632 done
...130000/133632 done
...132000/133632 done

swept 133631 (pattern,type) combos, MAX_N=300
top 20 scores:
score=+0.000000 k=7 edges=[(0, 1), (0, 2), (0, 3), (0, 4), (0, 5), (1, 2), (1, 3), (1, 4), (1, 5), (2, 3), (2, 4), (2, 5), (3, 4), (3, 5), (4, 5)] types=KKKKKKK wts=[1, 10, 11, 9, 7, 9, 1] l1=46.0000 l2=0.0000 m=1081 omega=47
score=+0.000000 k=7 edges=[(0, 1), (0, 2), (0, 3), (0, 4), (0, 5), (1, 2), (1, 3), (1, 4), (1, 5), (2, 3), (2, 4), (2, 5), (3, 4), (3, 5), (4, 5)] types=KKKKKKI wts=[5, 7, 2, 7, 12, 9, 1] l1=41.0000 l2=0.0000 m=861 omega=42
score=+0.000000 k=7 edges=[(0, 1), (0, 2), (0, 3), (0, 4), (0, 5), (1, 2), (1, 3), (1, 4), (1, 5), (2, 3), (2, 4), (2, 5), (3, 4), (3, 5), (4, 5)] types=KKIKKKK wts=[10, 8, 1, 14, 12, 4, 1] l1=48.0000 l2=0.0000 m=1176 omega=49
score=+0.000000 k=7 edges=[(0, 1), (0, 2), (0, 3), (0, 4), (0, 5), (0, 6), (1, 2), (1, 3), (1, 4), (1, 5), (1, 6), (2, 3), (2, 4), (2, 5), (2, 6), (3, 4), (3, 5), (3, 6), (4, 5), (4, 6), (5, 6)] types=IIIIIII wts=[9, 9, 9, 9, 9, 9, 9] l1=54.0000 l2=0.0000 m=1701 omega=7
score=+0.000000 k=7 edges=[(0, 1), (0, 2), (0, 3), (0, 4), (0, 5), (1, 2), (1, 3), (1, 4), (1, 5), (2, 3), (2, 4), (2, 5), (3, 4), (3, 5), (4, 5)] types=KIKKKKK wts=[1, 1, 14, 3, 8, 11, 1] l1=37.0000 l2=0.0000 m=703 omega=38
score=+0.000000 k=7 edges=[(0, 1), (0, 2), (0, 3), (0, 4), (0, 5), (1, 2), (1, 3), (1, 4), (1, 5), (2, 3), (2, 4), (2, 5), (3, 4), (3, 5), (4, 5)] types=KKIKKKI wts=[3, 10, 1, 8, 3, 9, 8] l1=33.0000 l2=0.0000 m=561 omega=34
score=+0.000000 k=7 edges=[(0, 3), (0, 4), (1, 3), (1, 4), (2, 3), (2, 4), (4, 5), (5, 6)] types=IIIIIKI wts=[10, 5, 11, 13, 11, 1, 3] l1=25.0822 l2=2.9809 m=638 omega=2
score=+0.000000 k=7 edges=[(0, 1), (0, 3), (0, 4), (1, 2), (1, 5), (2, 3), (2, 4), (3, 5), (3, 6), (4, 5), (4, 6)] types=IIIIIII wts=[4, 7, 6, 14, 12, 2, 11] l1=25.3917 l2=6.1042 m=682 omega=2
score=+0.000000 k=7 edges=[(0, 1), (0, 2), (0, 3), (0, 4), (1, 2), (1, 3), (1, 4), (2, 3), (2, 4), (3, 4)] types=KKKKKII wts=[2, 10, 7, 12, 1, 6, 6] l1=31.0000 l2=0.0000 m=496 omega=32
score=+0.000000 k=7 edges=[(0, 3), (0, 4), (1, 2), (1, 3), (1, 4), (2, 5), (2, 6)] types=IIIIIIK wts=[2, 14, 5, 5, 16, 1, 1] l1=20.0065 l2=3.9673 m=416 omega=2
score=+0.000000 k=7 edges=[(0, 3), (0, 4), (1, 3), (1, 4), (2, 3), (2, 4), (2, 5), (5, 6)] types=KIIIIIK wts=[1, 13, 10, 8, 11, 2, 1] l1=21.5543 l2=3.6625 m=478 omega=2
score=+0.000000 k=7 edges=[(1, 2), (1, 5), (1, 6), (2, 5), (2, 6), (5, 6)] types=IKKIIKK wts=[11, 12, 11, 12, 8, 6, 12] l1=40.0000 l2=0.0000 m=820 omega=41
score=+0.000000 k=7 edges=[(0, 4), (0, 5), (1, 4), (1, 5), (2, 4), (2, 5), (3, 4), (3, 5)] types=IIIIIIK wts=[7, 11, 11, 1, 9, 9, 2] l1=23.2379 l2=1.0000 m=541 omega=2
score=+0.000000 k=7 edges=[(0, 1), (0, 3), (0, 4), (1, 2), (1, 3), (1, 4), (2, 3), (2, 4), (3, 4)] types=IIIIIII wts=[4, 12, 8, 12, 12, 2, 4] l1=36.0000 l2=0.0000 m=864 omega=4
score=+0.000000 k=7 edges=[(0, 1), (0, 5), (0, 6), (1, 2), (1, 4), (2, 3), (2, 5), (3, 4), (4, 5)] types=IIIIIII wts=[12, 12, 10, 4, 9, 12, 4] l1=28.4501 l2=7.6545 m=868 omega=2
score=+0.000000 k=7 edges=[(0, 1), (0, 2), (0, 3), (0, 4), (1, 2), (1, 3), (1, 4), (2, 3), (2, 4), (3, 4)] types=KKKKKIK wts=[7, 2, 11, 13, 6, 2, 1] l1=38.0000 l2=0.0000 m=741 omega=39
score=+0.000000 k=7 edges=[(1, 3), (1, 4), (1, 5), (1, 6), (2, 3), (2, 4), (2, 5), (2, 6), (3, 5), (3, 6), (4, 5), (4, 6), (5, 6)] types=KIIIIII wts=[4, 2, 7, 4, 5, 9, 9] l1=27.0000 l2=3.0000 m=492 omega=4
score=+0.000000 k=7 edges=[(0, 1), (0, 2), (0, 4), (0, 5), (1, 2), (1, 3), (1, 4), (1, 5), (2, 3), (2, 4), (2, 5), (3, 4), (3, 5), (4, 5)] types=IIIIIIK wts=[7, 9, 9, 2, 9, 9, 1] l1=36.0000 l2=0.0000 m=810 omega=5
score=+0.000000 k=7 edges=[(0, 1), (0, 2), (0, 3), (0, 4), (0, 5), (1, 2), (1, 3), (1, 4), (1, 5), (2, 3), (2, 4), (2, 5), (3, 4), (3, 5), (4, 5)] types=KKKKIKK wts=[13, 9, 7, 5, 1, 2, 1] l1=36.0000 l2=0.0000 m=666 omega=37
score=+0.000000 k=7 edges=[(0, 1), (0, 2), (0, 3), (0, 4), (0, 5), (1, 2), (1, 3), (1, 4), (1, 5), (2, 3), (2, 4), (2, 5), (3, 4), (3, 5), (4, 5)] types=KKKKIKI wts=[2, 12, 10, 5, 1, 11, 10] l1=40.0000 l2=0.0000 m=820 omega=41
