POSITIVE cont max! 2.3333333332571025 2 [(0, 1)] ('K', 'I') [2. 2.]
POSITIVE cont max! 2.3333333331507546 2 [(0, 1)] ('I', 'K') [2. 2.]
POSITIVE cont max! 0.8176240031002067 3 [(0, 1), (0, 2), (1, 2)] ('K', 'K', 'I') [1.00000001 5.39844719 1.61713993]
POSITIVE cont max! 0.7958018779356806 3 [(0, 1), (0, 2), (1, 2)] ('K', 'I', 'K') [1.00000001 1.62534189 6.34531733]
POSITIVE cont max! 1.351512932958391 3 [(0, 1), (0, 2), (1, 2)] ('K', 'I', 'I') [2.         1.46787658 1.44421355]
POSITIVE cont max! 0.8759198401027035 3 [(0, 1), (0, 2), (1, 2)] ('I', 'K', 'K') [1.61838944 3.02047148 1.        ]
POSITIVE cont max! 1.499999999929635 3 [(0, 1), (0, 2), (1, 2)] ('I', 'K', 'I') [1.99999933 2.         1.99999948]
POSITIVE cont max! 1.4999964472717444 3 [(0, 1), (0, 2), (1, 2)] ('I', 'I', 'K') [1.99704724 1.99777195 2.        ]
POSITIVE cont max! 0.7183627410399254 4 [(0, 1), (0, 2), (0, 3), (1, 2), (1, 3), (2, 3)] ('K', 'K', 'K', 'I') [ 4.79173609  1.00000006 10.74461669  1.6171392 ]
POSITIVE cont max! 0.6761816670473308 4 [(0, 1), (0, 2), (0, 3), (1, 2), (1, 3), (2, 3)] ('K', 'K', 'I', 'K') [ 5.39303688  1.00000002  1.6171392  25.02731696]
POSITIVE cont max! 0.9383885812454764 4 [(0, 1), (0, 2), (0, 3), (1, 2), (1, 3), (2, 3)] ('K', 'K', 'I', 'I') [1.         1.34857765 1.37167132 1.37358896]
POSITIVE cont max! 0.8262928082714893 4 [(0, 1), (0, 2), (0, 3), (1, 2), (1, 3), (2, 3)] ('K', 'I', 'K', 'K') [3.51134974 1.63673403 1.00676822 1.        ]
POSITIVE cont max! 0.8402186500171069 4 [(0, 1), (0, 2), (0, 3), (1, 2), (1, 3), (2, 3)] ('K', 'I', 'K', 'I') [8.28441509 1.36994251 1.         1.36519336]
POSITIVE cont max! 0.8026046929651898 4 [(0, 1), (0, 2), (0, 3), (1, 2), (1, 3), (2, 3)] ('K', 'I', 'I', 'K') [16.00655496  1.33404764  1.39574803  1.00000001]
POSITIVE cont max! 1.1999999999548585 4 [(0, 1), (0, 2), (0, 3), (1, 2), (1, 3), (2, 3)] ('K', 'I', 'I', 'I') [2.         1.49999889 1.50000657 1.50000561]
POSITIVE cont max! 0.7785886660642234 4 [(0, 1), (0, 2), (0, 3), (1, 2), (1, 3), (2, 3)] ('I', 'K', 'K', 'K') [1.6171392  1.         3.87492212 4.02351909]
POSITIVE cont max! 0.9423381425403701 4 [(0, 1), (0, 2), (0, 3), (1, 2), (1, 3), (2, 3)] ('I', 'K', 'K', 'I') [1.36250163 1.         1.27037084 1.37064137]
POSITIVE cont max! 0.8697965565226795 4 [(0, 1), (0, 2), (0, 3), (1, 2), (1, 3), (2, 3)] ('I', 'K', 'I', 'K') [1.37573657 5.33363246 1.35666008 1.00000001]
POSITIVE cont max! 1.1999991622833512 4 [(0, 1), (0, 2), (0, 3), (1, 2), (1, 3), (2, 3)] ('I', 'K', 'I', 'I') [1.49993878 2.         1.50088899 1.499654  ]
POSITIVE cont max! 0.9317045250458875 4 [(0, 1), (0, 2), (0, 3), (1, 2), (1, 3), (2, 3)] ('I', 'I', 'K', 'K') [1.55359453 1.17555766 1.         1.        ]
POSITIVE cont max! 0.8778571997796689 4 [(0, 1), (0, 2), (0, 3), (1, 2), (1, 3), (2, 3)] ('I', 'I', 'K', 'I') [1.26741137 1.26035479 9.9678555  1.26219445]
POSITIVE cont max! 1.199999999997555 4 [(0, 1), (0, 2), (0, 3), (1, 2), (1, 3), (2, 3)] ('I', 'I', 'I', 'K') [1.50000086 1.49999903 1.50000095 2.        ]
POSITIVE cont max! 0.6747201882631089 5 [(0, 1), (0, 2), (0, 3), (0, 4), (1, 2), (1, 3), (1, 4), (2, 3), (2, 4), (3, 4)] ('K', 'K', 'K', 'K', 'I') [ 4.18015674  4.55724693 20.53797634  1.00000004  1.62044197]
POSITIVE cont max! 0.705438609227258 5 [(0, 1), (0, 2), (0, 3), (0, 4), (1, 2), (1, 3), (1, 4), (2, 3), (2, 4), (3, 4)] ('K', 'K', 'K', 'I', 'K') [5.13600739 4.55485859 8.74697603 1.61760812 1.00000003]
POSITIVE cont max! 0.7849751232154176 5 [(0, 1), (0, 2), (0, 3), (0, 4), (1, 2), (1, 3), (1, 4), (2, 3), (2, 4), (3, 4)] ('K', 'K', 'K', 'I', 'I') [ 1.00551298  4.00250263 19.72521618  1.36671275  1.36418112]
POSITIVE cont max! 0.671239654476949 5 [(0, 1), (0, 2), (0, 3), (0, 4), (1, 2), (1, 3), (1, 4), (2, 3), (2, 4), (3, 4)] ('K', 'K', 'I', 'K', 'K') [ 1.18983793  1.00000001  1.61714257 24.11809541  8.42771926]
POSITIVE cont max! 0.7877693406380786 5 [(0, 1), (0, 2), (0, 3), (0, 4), (1, 2), (1, 3), (1, 4), (2, 3), (2, 4), (3, 4)] ('K', 'K', 'I', 'K', 'I') [10.4971359   9.78942822  1.2973663   1.00000002  1.42855102]
POSITIVE cont max! 0.8039619092790531 5 [(0, 1), (0, 2), (0, 3), (0, 4), (1, 2), (1, 3), (1, 4), (2, 3), (2, 4), (3, 4)] ('K', 'K', 'I', 'I', 'K') [9.50712412 5.25242335 1.40738551 1.32605923 1.        ]
POSITIVE cont max! 0.9419300109890258 5 [(0, 1), (0, 2), (0, 3), (0, 4), (1, 2), (1, 3), (1, 4), (2, 3), (2, 4), (3, 4)] ('K', 'K', 'I', 'I', 'I') [1.         2.00050833 1.24832651 1.2743955  1.26722381]
POSITIVE cont max! 0.6637694386879502 5 [(0, 1), (0, 2), (0, 3), (0, 4), (1, 2), (1, 3), (1, 4), (2, 3), (2, 4), (3, 4)] ('K', 'I', 'K', 'K', 'K') [17.14832305  1.6171392  17.96213129  5.03491367  1.00160181]
POSITIVE cont max! 0.8738969415278888 5 [(0, 1), (0, 2), (0, 3), (0, 4), (1, 2), (1, 3), (1, 4), (2, 3), (2, 4), (3, 4)] ('K', 'I', 'K', 'K', 'I') [2.1814204  1.35839906 1.         2.86716771 1.37243971]
POSITIVE cont max! 0.7898935275298982 5 [(0, 1), (0, 2), (0, 3), (0, 4), (1, 2), (1, 3), (1, 4), (2, 3), (2, 4), (3, 4)] ('K', 'I', 'K', 'I', 'K') [20.09041837  1.36414845  1.05092426  1.36692977  1.        ]
POSITIVE cont max! 0.8543359768230516 5 [(0, 1), (0, 2), (0, 3), (0, 4), (1, 2), (1, 3), (1, 4), (2, 3), (2, 4), (3, 4)] ('K', 'I', 'K', 'I', 'I') [14.58044661  1.24799755  1.          1.24021311  1.30036505]
POSITIVE cont max! 0.778874253122467 5 [(0, 1), (0, 2), (0, 3), (0, 4), (1, 2), (1, 3), (1, 4), (2, 3), (2, 4), (3, 4)] ('K', 'I', 'I', 'K', 'K') [12.99050886  1.36637285  1.36666153 13.75106667  1.00000003]
POSITIVE cont max! 0.941482586196539 5 [(0, 1), (0, 2), (0, 3), (0, 4), (1, 2), (1, 3), (1, 4), (2, 3), (2, 4), (3, 4)] ('K', 'I', 'I', 'K', 'I') [1.         1.37858616 1.21432235 1.54659879 1.18251736]
POSITIVE cont max! 0.9136003960725034 5 [(0, 1), (0, 2), (0, 3), (0, 4), (1, 2), (1, 3), (1, 4), (2, 3), (2, 4), (3, 4)] ('K', 'I', 'I', 'I', 'K') [4.05196884 1.25284547 1.3127586  1.22155884 1.        ]
POSITIVE cont max! 1.1111111049850066 5 [(0, 1), (0, 2), (0, 3), (0, 4), (1, 2), (1, 3), (1, 4), (2, 3), (2, 4), (3, 4)] ('K', 'I', 'I', 'I', 'I') [2.         1.33327264 1.33335461 1.33329772 1.33336283]
POSITIVE cont max! 0.7176359369843226 5 [(0, 1), (0, 2), (0, 3), (0, 4), (1, 2), (1, 3), (1, 4), (2, 3), (2, 4), (3, 4)] ('I', 'K', 'K', 'K', 'K') [ 1.61771117  2.76393801  1.13715423 11.68003843  1.00000001]
POSITIVE cont max! 0.8013766383277812 5 [(0, 1), (0, 2), (0, 3), (0, 4), (1, 2), (1, 3), (1, 4), (2, 3), (2, 4), (3, 4)] ('I', 'K', 'K', 'K', 'I') [ 1.36321983  2.56699356  1.04995399 14.05489768  1.36767017]
POSITIVE cont max! 0.8178667677275087 5 [(0, 1), (0, 2), (0, 3), (0, 4), (1, 2), (1, 3), (1, 4), (2, 3), (2, 4), (3, 4)] ('I', 'K', 'K', 'I', 'K') [1.31070784 1.94223281 9.86936779 1.41692573 1.00000004]
POSITIVE cont max! 0.905920616876017 5 [(0, 1), (0, 2), (0, 3), (0, 4), (1, 2), (1, 3), (1, 4), (2, 3), (2, 4), (3, 4)] ('I', 'K', 'K', 'I', 'I') [1.24183144 4.6446735  1.00000001 1.28181247 1.27869748]
POSITIVE cont max! 0.7833999708686861 5 [(0, 1), (0, 2), (0, 3), (0, 4), (1, 2), (1, 3), (1, 4), (2, 3), (2, 4), (3, 4)] ('I', 'K', 'I', 'K', 'K') [ 1.36574009  1.00000003  1.36515553 13.93660061 10.7161011 ]
POSITIVE cont max! 0.8301432243983982 5 [(0, 1), (0, 2), (0, 3), (0, 4), (1, 2), (1, 3), (1, 4), (2, 3), (2, 4), (3, 4)] ('I', 'K', 'I', 'K', 'I') [ 1.24388446 27.61499948  1.24272808  1.00000012  1.30186713]
POSITIVE cont max! 0.9223568263569959 5 [(0, 1), (0, 2), (0, 3), (0, 4), (1, 2), (1, 3), (1, 4), (2, 3), (2, 4), (3, 4)] ('I', 'K', 'I', 'I', 'K') [1.26906711 1.         1.26464812 1.26580551 3.29663579]
POSITIVE cont max! 1.111110987081105 5 [(0, 1), (0, 2), (0, 3), (0, 4), (1, 2), (1, 3), (1, 4), (2, 3), (2, 4), (3, 4)] ('I', 'K', 'I', 'I', 'I') [1.33356998 2.         1.33377992 1.33355009 1.33363516]
POSITIVE cont max! 0.9181172997794604 5 [(0, 1), (0, 2), (0, 3), (0, 4), (1, 2), (1, 3), (1, 4), (2, 3), (2, 4), (3, 4)] ('I', 'I', 'K', 'K', 'K') [1.43658734 1.29437155 1.14461193 1.0213725  1.        ]
POSITIVE cont max! 0.8549377372341382 5 [(0, 1), (0, 2), (0, 3), (0, 4), (1, 2), (1, 3), (1, 4), (2, 3), (2, 4), (3, 4)] ('I', 'I', 'K', 'K', 'I') [ 1.24100365  1.33230295  1.00000001 13.39249849  1.21147076]
POSITIVE cont max! 0.8526995345599744 5 [(0, 1), (0, 2), (0, 3), (0, 4), (1, 2), (1, 3), (1, 4), (2, 3), (2, 4), (3, 4)] ('I', 'I', 'K', 'I', 'K') [1.26397597 1.26324812 7.65388754 1.26275358 8.91933215]
POSITIVE cont max! 1.1111109379375392 5 [(0, 1), (0, 2), (0, 3), (0, 4), (1, 2), (1, 3), (1, 4), (2, 3), (2, 4), (3, 4)] ('I', 'I', 'K', 'I', 'I') [1.33330292 1.33328767 1.99999536 1.33331525 1.33330072]
POSITIVE cont max! 0.9431894723675001 5 [(0, 1), (0, 2), (0, 3), (0, 4), (1, 2), (1, 3), (1, 4), (2, 3), (2, 4), (3, 4)] ('I', 'I', 'I', 'K', 'K') [1.33875553 1.23443532 1.2106996  1.71685081 1.00000001]
POSITIVE cont max! 1.1083179117339341 5 [(0, 1), (0, 2), (0, 3), (0, 4), (1, 2), (1, 3), (1, 4), (2, 3), (2, 4), (3, 4)] ('I', 'I', 'I', 'K', 'I') [1.27901535 1.28066517 1.30679493 2.         1.27996727]
POSITIVE cont max! 1.1111031473064301 5 [(0, 1), (0, 2), (0, 3), (0, 4), (1, 2), (1, 3), (1, 4), (2, 3), (2, 4), (3, 4)] ('I', 'I', 'I', 'I', 'K') [1.33370568 1.33559031 1.33645845 1.33395093 2.        ]
top 20 continuous maxima:
(np.float64(2.3333333332571025), 2, ((0, 1),), ('K', 'I'), (np.float64(2.0), np.float64(2.0)))
(np.float64(2.3333333331507546), 2, ((0, 1),), ('I', 'K'), (np.float64(2.0), np.float64(2.0)))
(np.float64(1.499999999929635), 3, ((0, 1), (0, 2), (1, 2)), ('I', 'K', 'I'), (np.float64(2.0), np.float64(2.0), np.float64(2.0)))
(np.float64(1.4999964472717444), 3, ((0, 1), (0, 2), (1, 2)), ('I', 'I', 'K'), (np.float64(1.997), np.float64(1.998), np.float64(2.0)))
(np.float64(1.351512932958391), 3, ((0, 1), (0, 2), (1, 2)), ('K', 'I', 'I'), (np.float64(2.0), np.float64(1.468), np.float64(1.444)))
(np.float64(1.199999999997555), 4, ((0, 1), (0, 2), (0, 3), (1, 2), (1, 3), (2, 3)), ('I', 'I', 'I', 'K'), (np.float64(1.5), np.float64(1.5), np.float64(1.5), np.float64(2.0)))
(np.float64(1.1999999999548585), 4, ((0, 1), (0, 2), (0, 3), (1, 2), (1, 3), (2, 3)), ('K', 'I', 'I', 'I'), (np.float64(2.0), np.float64(1.5), np.float64(1.5), np.float64(1.5)))
(np.float64(1.1999991622833512), 4, ((0, 1), (0, 2), (0, 3), (1, 2), (1, 3), (2, 3)), ('I', 'K', 'I', 'I'), (np.float64(1.5), np.float64(2.0), np.float64(1.501), np.float64(1.5)))
(np.float64(1.1111111049850066), 5, ((0, 1), (0, 2), (0, 3), (0, 4), (1, 2), (1, 3), (1, 4), (2, 3), (2, 4), (3, 4)), ('K', 'I', 'I', 'I', 'I'), (np.float64(2.0), np.float64(1.333), np.float64(1.333), np.float64(1.333), np.float64(1.333)))
(np.float64(1.111110987081105), 5, ((0, 1), (0, 2), (0, 3), (0, 4), (1, 2), (1, 3), (1, 4), (2, 3), (2, 4), (3, 4)), ('I', 'K', 'I', 'I', 'I'), (np.float64(1.334), np.float64(2.0), np.float64(1.334), np.float64(1.334), np.float64(1.334)))
(np.float64(1.1111109379375392), 5, ((0, 1), (0, 2), (0, 3), (0, 4), (1, 2), (1, 3), (1, 4), (2, 3), (2, 4), (3, 4)), ('I', 'I', 'K', 'I', 'I'), (np.float64(1.333), np.float64(1.333), np.float64(2.0), np.float64(1.333), np.float64(1.333)))
(np.float64(1.1111031473064301), 5, ((0, 1), (0, 2), (0, 3), (0, 4), (1, 2), (1, 3), (1, 4), (2, 3), (2, 4), (3, 4)), ('I', 'I', 'I', 'I', 'K'), (np.float64(1.334), np.float64(1.336), np.float64(1.336), np.float64(1.334), np.float64(2.0)))
(np.float64(1.1083179117339341), 5, ((0, 1), (0, 2), (0, 3), (0, 4), (1, 2), (1, 3), (1, 4), (2, 3), (2, 4), (3, 4)), ('I', 'I', 'I', 'K', 'I'), (np.float64(1.279), np.float64(1.281), np.float64(1.307), np.float64(2.0), np.float64(1.28)))
(np.float64(0.9431894723675001), 5, ((0, 1), (0, 2), (0, 3), (0, 4), (1, 2), (1, 3), (1, 4), (2, 3), (2, 4), (3, 4)), ('I', 'I', 'I', 'K', 'K'), (np.float64(1.339), np.float64(1.234), np.float64(1.211), np.float64(1.717), np.float64(1.0)))
(np.float64(0.9423381425403701), 4, ((0, 1), (0, 2), (0, 3), (1, 2), (1, 3), (2, 3)), ('I', 'K', 'K', 'I'), (np.float64(1.363), np.float64(1.0), np.float64(1.27), np.float64(1.371)))
(np.float64(0.9419300109890258), 5, ((0, 1), (0, 2), (0, 3), (0, 4), (1, 2), (1, 3), (1, 4), (2, 3), (2, 4), (3, 4)), ('K', 'K', 'I', 'I', 'I'), (np.float64(1.0), np.float64(2.001), np.float64(1.248), np.float64(1.274), np.float64(1.267)))
(np.float64(0.941482586196539), 5, ((0, 1), (0, 2), (0, 3), (0, 4), (1, 2), (1, 3), (1, 4), (2, 3), (2, 4), (3, 4)), ('K', 'I', 'I', 'K', 'I'), (np.float64(1.0), np.float64(1.379), np.float64(1.214), np.float64(1.547), np.float64(1.183)))
(np.float64(0.9383885812454764), 4, ((0, 1), (0, 2), (0, 3), (1, 2), (1, 3), (2, 3)), ('K', 'K', 'I', 'I'), (np.float64(1.0), np.float64(1.349), np.float64(1.372), np.float64(1.374)))
(np.float64(0.9317045250458875), 4, ((0, 1), (0, 2), (0, 3), (1, 2), (1, 3), (2, 3)), ('I', 'I', 'K', 'K'), (np.float64(1.554), np.float64(1.176), np.float64(1.0), np.float64(1.0)))
(np.float64(0.9223568263569959), 5, ((0, 1), (0, 2), (0, 3), (0, 4), (1, 2), (1, 3), (1, 4), (2, 3), (2, 4), (3, 4)), ('I', 'K', 'I', 'I', 'K'), (np.float64(1.269), np.float64(1.0), np.float64(1.265), np.float64(1.266), np.float64(3.297)))
