POSITIVE cont max! 1.0000000000006821 2 [(0, 1)] ('K', 'I') [40.47331825  1.00000006]
POSITIVE cont max! 1.0000000000009095 2 [(0, 1)] ('I', 'K') [ 1.00000056 48.89557492]
POSITIVE cont max! 22500.00000000003 2 [(0, 1)] ('I', 'I') [175.06179565 175.06179725]
POSITIVE cont max! 1.0000000000027285 3 [(0, 1), (0, 2), (1, 2)] ('K', 'K', 'I') [47.30787246 22.40941349  1.00000047]
POSITIVE cont max! 1.0000000000013642 3 [(0, 1), (0, 2), (1, 2)] ('K', 'I', 'K') [35.70177427  1.00000016 17.50196963]
POSITIVE cont max! 1.000000000003638 3 [(0, 1), (0, 2), (1, 2)] ('K', 'I', 'I') [96.6045743   1.00000073  1.        ]
POSITIVE cont max! 1.000000000005457 3 [(0, 1), (0, 2), (1, 2)] ('I', 'K', 'K') [ 1.00000155 41.96963772 30.32560717]
POSITIVE cont max! 1.000000000010914 3 [(0, 1), (0, 2), (1, 2)] ('I', 'K', 'I') [ 1.         67.87623345  1.00000022]
POSITIVE cont max! 1.0000000000063665 3 [(0, 1), (0, 2), (1, 2)] ('I', 'I', 'K') [ 1.00000154  1.         84.15010445]
POSITIVE cont max! 9999.999999999964 3 [(0, 1), (0, 2), (1, 2)] ('I', 'I', 'I') [204.04869644 204.04869644 204.04869644]
POSITIVE cont max! 0.4966549760065391 4 [] ('K', 'K', 'K', 'K') [  1.           1.         298.69017558 298.69017558]
POSITIVE cont max! 0.125 4 [(2, 3)] ('K', 'I', 'I', 'I') [  1.         596.99999666   1.           1.        ]
POSITIVE cont max! 0.08384424167161342 4 [(1, 3), (2, 3)] ('K', 'I', 'K', 'K') [1.0000000e+00 1.0000000e+00 1.7640325e+03 1.0000000e+00]
POSITIVE cont max! 0.09624030572553294 4 [(1, 3), (2, 3)] ('I', 'K', 'K', 'K') [417.52831798   1.           1.           1.        ]
POSITIVE cont max! 0.03181388992214932 4 [(1, 3), (2, 3)] ('I', 'K', 'I', 'K') [1.18607849e+03 1.00000000e+00 1.00000000e+00 1.00000000e+00]
POSITIVE cont max! 0.0489644068602498 4 [(1, 3), (2, 3)] ('I', 'K', 'I', 'I') [1.35865333e+03 1.00000000e+00 1.00000000e+00 1.00000000e+00]
POSITIVE cont max! 0.04896440686024979 4 [(1, 3), (2, 3)] ('I', 'I', 'K', 'I') [1.3586533e+03 1.0000000e+00 1.0000000e+00 1.0000000e+00]
POSITIVE cont max! 0.006374100753307355 4 [(1, 3), (2, 3)] ('I', 'I', 'I', 'K') [356.4802828   1.          1.          1.       ]
POSITIVE cont max! 0.06263225288421381 4 [(0, 1), (0, 3), (1, 2)] ('K', 'K', 'K', 'I') [1.00000000e+00 2.37352127e+03 1.00000000e+00 1.00000000e+00]
POSITIVE cont max! 0.04173761770653073 4 [(0, 1), (0, 3), (1, 2), (2, 3)] ('I', 'K', 'K', 'K') [1.00000000e+00 1.00000000e+00 3.56513638e+03 1.00000000e+00]
POSITIVE cont max! 1.0000000000063665 4 [(0, 1), (0, 2), (0, 3), (1, 2), (1, 3), (2, 3)] ('K', 'K', 'K', 'I') [18.96177764 30.54316076 26.70471797  1.00000059]
POSITIVE cont max! 1.00000000001819 4 [(0, 1), (0, 2), (0, 3), (1, 2), (1, 3), (2, 3)] ('K', 'K', 'I', 'K') [40.79540528 42.97000869  1.00000127 47.79434618]
POSITIVE cont max! 1.000000000010914 4 [(0, 1), (0, 2), (0, 3), (1, 2), (1, 3), (2, 3)] ('K', 'K', 'I', 'I') [81.36300771 45.99630874  1.          1.00000003]
POSITIVE cont max! 1.000000000005457 4 [(0, 1), (0, 2), (0, 3), (1, 2), (1, 3), (2, 3)] ('K', 'I', 'K', 'K') [43.94085984  1.00000033 19.24772327 39.47604731]
POSITIVE cont max! 1.000000000010914 4 [(0, 1), (0, 2), (0, 3), (1, 2), (1, 3), (2, 3)] ('K', 'I', 'K', 'I') [91.97144215  1.00000066 42.96700169  1.        ]
POSITIVE cont max! 1.00000000001819 4 [(0, 1), (0, 2), (0, 3), (1, 2), (1, 3), (2, 3)] ('K', 'I', 'I', 'K') [69.61485172  1.          1.00000122 95.68282267]
POSITIVE cont max! 1.0000000000218279 4 [(0, 1), (0, 2), (0, 3), (1, 2), (1, 3), (2, 3)] ('K', 'I', 'I', 'I') [179.91726037   1.00000159   1.           1.        ]
POSITIVE cont max! 1.000000000009095 4 [(0, 1), (0, 2), (0, 3), (1, 2), (1, 3), (2, 3)] ('I', 'K', 'K', 'K') [ 1.00000044 34.47645686  9.76124461 37.88998764]
POSITIVE cont max! 1.0000000000200089 4 [(0, 1), (0, 2), (0, 3), (1, 2), (1, 3), (2, 3)] ('I', 'K', 'K', 'I') [ 1.00000154 75.95829691 43.67317496  1.        ]
POSITIVE cont max! 1.00000000001819 4 [(0, 1), (0, 2), (0, 3), (1, 2), (1, 3), (2, 3)] ('I', 'K', 'I', 'K') [ 1.         60.53455464  1.00000032 37.19980518]
POSITIVE cont max! 1.0000000000363798 4 [(0, 1), (0, 2), (0, 3), (1, 2), (1, 3), (2, 3)] ('I', 'K', 'I', 'I') [  1.00000123 110.83736192   1.           1.        ]
POSITIVE cont max! 1.0000000000218279 4 [(0, 1), (0, 2), (0, 3), (1, 2), (1, 3), (2, 3)] ('I', 'I', 'K', 'K') [ 1.00000103  1.         51.03629466 84.63196433]
POSITIVE cont max! 1.000000000012733 4 [(0, 1), (0, 2), (0, 3), (1, 2), (1, 3), (2, 3)] ('I', 'I', 'K', 'I') [ 1.          1.         84.44778401  1.00000014]
POSITIVE cont max! 1.000000000012733 4 [(0, 1), (0, 2), (0, 3), (1, 2), (1, 3), (2, 3)] ('I', 'I', 'I', 'K') [ 1.          1.          1.00000184 93.80638803]
POSITIVE cont max! 5624.999999999964 4 [(0, 1), (0, 2), (0, 3), (1, 2), (1, 3), (2, 3)] ('I', 'I', 'I', 'I') [116.22014273 116.22014273 116.22014273 116.22014273]
POSITIVE cont max! 0.7449748745857505 5 [] ('K', 'K', 'K', 'K', 'K') [298.5037029   1.          1.        298.5037029   1.       ]
POSITIVE cont max! 0.4962116743627121 5 [] ('K', 'K', 'K', 'K', 'I') [264.07848944   1.         264.07848944   1.          70.07995492]
POSITIVE cont max! 0.4964799838780891 5 [] ('K', 'K', 'K', 'I', 'K') [284.10695814   1.           1.          29.82241724 284.10695814]
POSITIVE cont max! 0.496423238357238 5 [] ('K', 'K', 'I', 'K', 'K') [279.45861482   1.          38.7981308  279.45861482   1.        ]
POSITIVE cont max! 0.4965697928419104 5 [] ('K', 'I', 'K', 'K', 'K') [  1.          14.72278058 292.15659587 292.15659587   1.        ]
POSITIVE cont max! 0.4983221477305051 5 [] ('K', 'I', 'I', 'K', 'K') [596.0062934   1.          1.          1.          1.       ]
POSITIVE cont max! 0.4961572401225567 5 [] ('I', 'K', 'K', 'K', 'K') [ 77.5489512  260.25984107 260.25984107   1.           1.        ]
POSITIVE cont max! 0.4982961638015695 5 [] ('I', 'K', 'K', 'K', 'I') [ 10.08508871   1.           1.         586.842945     1.        ]
POSITIVE cont max! 0.4021840655768756 5 [(3, 4)] ('K', 'K', 'K', 'K', 'I') [  1.           1.         207.99215761 206.59895177   1.37064243]
POSITIVE cont max! 0.4626102464244468 5 [(3, 4)] ('K', 'K', 'K', 'I', 'K') [  1.         930.17559614   1.           1.           1.        ]
POSITIVE cont max! 0.33258969910093583 5 [(3, 4)] ('K', 'K', 'K', 'I', 'I') [894.99712574   1.           1.           1.           1.        ]
POSITIVE cont max! 0.3329194915422704 5 [(3, 4)] ('K', 'K', 'I', 'I', 'K') [2.91702155e+00 1.29070519e+03 4.54607914e+02 1.00000000e+00
 1.00000000e+00]
POSITIVE cont max! 0.33294492836284917 5 [(3, 4)] ('K', 'I', 'K', 'K', 'I') [  1.         160.71784406   1.         287.06589372   1.        ]
POSITIVE cont max! 0.12530908613916836 5 [(3, 4)] ('K', 'I', 'K', 'I', 'K') [  1.         131.76779757 134.5411572    1.         133.20278473]
POSITIVE cont max! 0.25 5 [(3, 4)] ('K', 'I', 'K', 'I', 'I') [  1.         596.00000185   1.           1.           1.        ]
POSITIVE cont max! 0.24853302551491652 5 [(3, 4)] ('K', 'I', 'I', 'K', 'I') [2.34367444e+13 1.68331809e+13 9.18634268e+11 6.87599068e+10
 1.00000000e+00]
POSITIVE cont max! 0.08397417174273869 5 [(3, 4)] ('K', 'I', 'I', 'I', 'K') [1.07499610e+03 1.00000000e+00 6.71576804e+02 1.00000000e+00
 1.00000000e+00]
POSITIVE cont max! 0.125 5 [(3, 4)] ('K', 'I', 'I', 'I', 'I') [  1.           1.         595.99999299   1.           1.        ]
POSITIVE cont max! 0.12520801862410735 5 [(3, 4)] ('I', 'K', 'K', 'K', 'I') [  1.           1.         199.79306175 198.45556633   1.        ]
POSITIVE cont max! 0.25 5 [(3, 4)] ('I', 'K', 'K', 'I', 'I') [596.00000104   1.           1.           1.           1.        ]
POSITIVE cont max! 45.12518735421574 5 [(3, 4)] ('I', 'K', 'I', 'K', 'I') [1.00000000e+00 1.00000000e+00 1.00000000e+00 4.09040044e+11
 2.90896419e+14]
POSITIVE cont max! 45.1251873542157 5 [(3, 4)] ('I', 'I', 'K', 'I', 'K') [1.00000000e+00 1.00000000e+00 1.00000000e+00 4.79116947e+14
 6.73703828e+11]
POSITIVE cont max! 0.125 5 [(3, 4)] ('I', 'I', 'K', 'I', 'I') [131.33643333 465.66357386   1.           1.           1.        ]
POSITIVE cont max! 0.3328333984245546 5 [(0, 1), (1, 2)] ('K', 'K', 'K', 'K', 'K') [  1.        444.9855255   1.          1.        445.9855255]
POSITIVE cont max! 0.3330843434523558 5 [(0, 1), (1, 2)] ('K', 'K', 'K', 'K', 'I') [  1.         892.99228473   1.           1.           1.        ]
POSITIVE cont max! 0.1580171471185443 5 [(0, 1), (1, 2)] ('K', 'K', 'K', 'I', 'K') [  1.           1.           1.         406.81942034   1.        ]
POSITIVE cont max! 0.0827634451067513 5 [(0, 1), (1, 2)] ('K', 'K', 'I', 'K', 'I') [  1.           1.           1.           1.         784.49532303]
POSITIVE cont max! 0.0827634451067513 5 [(0, 1), (1, 2)] ('K', 'K', 'I', 'I', 'K') [  1.         1.         1.       784.495325   1.      ]
POSITIVE cont max! 0.3328253773797769 5 [(0, 1), (1, 2)] ('K', 'I', 'K', 'K', 'K') [1.00000000e+00 1.00000000e+00 1.00000000e+00 1.28689887e+03
 1.00000000e+00]
POSITIVE cont max! 93.55571179515164 5 [(0, 1), (1, 2)] ('K', 'I', 'K', 'K', 'I') [  1.        713.1777425   1.          1.          1.       ]
POSITIVE cont max! 0.09224142073299446 5 [(0, 1), (1, 2)] ('K', 'I', 'K', 'I', 'I') [  1.           1.           1.         461.80177048   1.        ]
POSITIVE cont max! 0.17396440686024978 5 [(0, 1), (1, 2)] ('K', 'I', 'I', 'K', 'I') [1.00000000e+00 1.00000000e+00 1.00000000e+00 2.26942218e+00
 1.35638390e+03]
POSITIVE cont max! 0.15259036390091268 5 [(0, 1), (1, 2)] ('K', 'I', 'I', 'I', 'K') [  1.           1.           1.         836.18120028   1.        ]
POSITIVE cont max! 0.048964406860249825 5 [(0, 1), (1, 2)] ('K', 'I', 'I', 'I', 'I') [  1.           1.           1.         494.38438012 864.26892292]
POSITIVE cont max! 0.0827634451067513 5 [(0, 1), (1, 2)] ('I', 'K', 'K', 'I', 'K') [  1.           1.           1.         784.49532667   1.        ]
POSITIVE cont max! 0.031813889922149306 5 [(0, 1), (1, 2)] ('I', 'K', 'K', 'I', 'I') [  1.           1.           1.         488.44416453 697.63431475]
POSITIVE cont max! 45.12518735420127 5 [(0, 1), (1, 2)] ('I', 'K', 'I', 'I', 'K') [5.69778084e+12 1.90467900e+11 1.29757089e+14 1.00000000e+00
 1.00000000e+00]
POSITIVE cont max! 0.006374100753307355 5 [(0, 1), (1, 2)] ('I', 'K', 'I', 'I', 'I') [  1.           1.           1.         155.94523746 200.53502737]
POSITIVE cont max! 0.20914666079625022 5 [(0, 1), (1, 2)] ('I', 'I', 'K', 'K', 'K') [1.00000000e+00 1.00000000e+00 1.00000000e+00 1.38753041e+03
 1.00000000e+00]
POSITIVE cont max! 0.15259036390091268 5 [(0, 1), (1, 2)] ('I', 'I', 'K', 'I', 'K') [  1.           1.           1.         836.18119597   1.        ]
POSITIVE cont max! 0.08324094975250773 5 [(0, 1), (1, 2)] ('I', 'I', 'I', 'K', 'K') [1.00000000e+00 1.00000000e+00 1.00000000e+00 1.79197298e+03
 1.00000000e+00]
POSITIVE cont max! 0.12500000000000033 5 [(0, 1), (1, 2)] ('I', 'I', 'I', 'I', 'K') [  1.          1.          1.        595.9999729   1.       ]
POSITIVE cont max! 0.10503871012770105 5 [(0, 2), (3, 4)] ('K', 'K', 'K', 'K', 'I') [165.91600244   1.          65.64807687 230.01880303   1.        ]
POSITIVE cont max! 0.06234353268519044 5 [(0, 2), (3, 4)] ('K', 'K', 'I', 'I', 'I') [1.00000000e+00 2.39401257e+03 1.00000000e+00 1.00000000e+00
 1.00000000e+00]
POSITIVE cont max! 0.24874360211833846 5 [(0, 2), (3, 4)] ('K', 'I', 'K', 'K', 'I') [7.91840908e+11 3.09335475e+12 5.33161767e+12 1.53870563e+10
 1.00000000e+00]
POSITIVE cont max! 0.125 5 [(0, 2), (3, 4)] ('K', 'I', 'K', 'I', 'I') [1.00000000e+00 1.19600002e+03 1.00000000e+00 1.00000000e+00
 1.00000000e+00]
POSITIVE cont max! 0.0841478605143493 5 [(0, 2), (3, 4)] ('K', 'I', 'I', 'K', 'K') [  1.           1.           1.         782.00292101 964.68245477]
POSITIVE cont max! 0.0385090059030594 5 [(0, 2), (3, 4)] ('K', 'I', 'I', 'K', 'I') [  1.         972.43767866   1.           1.           1.        ]
POSITIVE cont max! 0.03850900590305939 5 [(0, 2), (3, 4)] ('K', 'I', 'I', 'I', 'K') [  1.         972.43768146   1.           1.           1.        ]
POSITIVE cont max! 0.08277715981967049 5 [(0, 2), (3, 4)] ('I', 'K', 'K', 'K', 'K') [  1.         899.00040064   1.         237.35110696 661.64929369]
POSITIVE cont max! 0.16716992130386643 5 [(0, 2), (3, 4)] ('I', 'K', 'K', 'K', 'I') [1.0000000e+00 1.7716768e+03 1.0000000e+00 1.0000000e+00 1.0000000e+00]
POSITIVE cont max! 0.12479149441060144 5 [(0, 2), (3, 4)] ('I', 'K', 'I', 'K', 'K') [  1.           1.           1.         656.61700536 538.36018273]
POSITIVE cont max! 0.062343532699742354 5 [(0, 2), (3, 4)] ('I', 'K', 'I', 'K', 'I') [1.00000000e+00 2.39400006e+03 1.00000000e+00 1.00000000e+00
 1.00000000e+00]
POSITIVE cont max! 0.06234353268519044 5 [(0, 2), (3, 4)] ('I', 'K', 'I', 'I', 'K') [1.00000000e+00 2.39399667e+03 1.00000000e+00 1.00000000e+00
 1.00000000e+00]
POSITIVE cont max! 0.12500000000005684 5 [(0, 2), (3, 4)] ('I', 'K', 'I', 'I', 'I') [  1.12113213   1.         363.80271409   1.         233.07596422]
POSITIVE cont max! 0.03850900590305939 5 [(0, 2), (3, 4)] ('I', 'I', 'K', 'K', 'I') [  1.        972.4376726   1.          1.          1.       ]
POSITIVE cont max! 0.03850900590305939 5 [(0, 2), (3, 4)] ('I', 'I', 'K', 'I', 'K') [  1.         972.43767068   1.           1.           1.        ]
POSITIVE cont max! 0.042835392807320946 5 [(0, 2), (3, 4)] ('I', 'I', 'K', 'I', 'I') [1.00000000e+00 1.68785642e+03 1.00000000e+00 1.00000000e+00
 1.00000000e+00]
POSITIVE cont max! 0.9999999999854481 5 [(0, 1), (0, 2), (1, 2)] ('K', 'K', 'K', 'K', 'K') [3.47950089e+09 5.33016557e+09 8.77304364e+09 1.00000000e+00
 1.00000000e+00]
POSITIVE cont max! 0.12520200147992 5 [(0, 1), (0, 2), (1, 2)] ('K', 'K', 'I', 'K', 'K') [150.2062863   48.17075946   1.           1.         199.71067148]
POSITIVE cont max! 0.24916387964913156 5 [(0, 1), (0, 2), (1, 2)] ('K', 'K', 'I', 'K', 'I') [595.00281739   1.           2.00000158   1.           1.        ]
POSITIVE cont max! 0.24593340870342217 5 [(0, 1), (0, 2), (1, 2)] ('K', 'I', 'I', 'K', 'I') [7.21890408e+10 1.00000000e+00 1.00000000e+00 8.87555182e+12
 3.43641458e+13]
POSITIVE cont max! 0.12543274542713334 5 [(0, 1), (0, 2), (1, 2)] ('I', 'K', 'K', 'I', 'K') [  1.           1.          93.6758793  305.47050166   1.        ]
POSITIVE cont max! 0.1505112682851351 5 [(0, 1), (0, 2), (1, 2)] ('I', 'K', 'I', 'K', 'I') [  1.           1.           1.           1.         643.61449992]
POSITIVE cont max! 0.15051126828513534 5 [(0, 1), (0, 2), (1, 2)] ('I', 'I', 'K', 'K', 'I') [  1.          1.          1.          1.        643.6145011]
POSITIVE cont max! 0.08342779954546131 5 [(0, 1), (0, 2), (1, 2)] ('I', 'I', 'I', 'K', 'K') [1.0000000e+00 1.0000000e+00 1.0000000e+00 1.7879385e+03 1.0000000e+00]
POSITIVE cont max! 0.16666666666666685 5 [(0, 1), (0, 2), (1, 2)] ('I', 'I', 'I', 'I', 'K') [  1.           1.           1.         596.00001639   1.        ]
POSITIVE cont max! 0.2586105318769114 5 [(1, 3), (2, 3), (3, 4)] ('K', 'K', 'K', 'I', 'K') [1.66101765e+03 1.00000000e+00 1.00000000e+00 1.00000000e+00
 1.00000000e+00]
POSITIVE cont max! 0.14987714536255226 5 [(1, 3), (2, 3), (3, 4)] ('K', 'K', 'K', 'I', 'I') [1.93135945e+03 1.00000000e+00 1.00000000e+00 1.00000000e+00
 1.00000000e+00]
POSITIVE cont max! 0.24916527545428835 5 [(1, 3), (2, 3), (3, 4)] ('K', 'K', 'I', 'K', 'I') [1.97192270e+08 3.29202809e+05 1.00000000e+00 1.00000000e+00
 1.00000000e+00]
POSITIVE cont max! 45.19336529288363 5 [(1, 3), (2, 3), (3, 4)] ('K', 'I', 'K', 'K', 'I') [  1.         157.61936599   1.           1.         550.84775531]
POSITIVE cont max! 0.03586604639713187 5 [(1, 3), (2, 3), (3, 4)] ('K', 'I', 'I', 'K', 'I') [4.13070527e+03 1.00000000e+00 1.00000000e+00 1.00000000e+00
 1.00000000e+00]
POSITIVE cont max! 0.24783073629805585 5 [(1, 3), (2, 3), (3, 4)] ('I', 'K', 'K', 'K', 'I') [6.59268403e+12 1.78901430e+10 4.12357708e+12 1.00000000e+00
 1.00000000e+00]
POSITIVE cont max! 0.0053886297992464804 5 [(1, 3), (2, 3), (3, 4)] ('I', 'K', 'I', 'K', 'K') [330.32454467   1.           1.           1.           1.        ]
POSITIVE cont max! 45.13490547425786 5 [(1, 3), (2, 3), (3, 4)] ('I', 'K', 'I', 'K', 'I') [  1.           1.         915.94171639   2.19578273 642.94195125]
POSITIVE cont max! 0.09992193816839356 5 [(1, 3), (2, 3), (3, 4)] ('I', 'K', 'I', 'I', 'K') [1.291353e+03 1.000000e+00 1.000000e+00 1.000000e+00 1.000000e+00]
POSITIVE cont max! 0.24671000019225175 5 [(1, 3), (2, 3), (3, 4)] ('I', 'I', 'K', 'K', 'K') [2.57144412e+13 1.00000000e+00 5.75287421e+10 1.00000000e+00
 8.74219559e+12]
POSITIVE cont max! 0.09992193816839348 5 [(1, 3), (2, 3), (3, 4)] ('I', 'I', 'K', 'I', 'K') [1.29135301e+03 1.00000000e+00 1.00000000e+00 1.00000000e+00
 1.00000000e+00]
POSITIVE cont max! 0.052353125094885766 5 [(1, 3), (2, 3), (3, 4)] ('I', 'I', 'K', 'I', 'I') [1.20840657e+03 1.00000000e+00 1.00000000e+00 1.00000000e+00
 1.00000000e+00]
POSITIVE cont max! 0.24916527545428835 5 [(0, 4), (2, 3), (3, 4)] ('K', 'K', 'K', 'I', 'I') [1.26692151e+05 7.58896005e+07 1.00000000e+00 1.00000000e+00
 1.00000000e+00]
POSITIVE cont max! 0.06431018305011094 5 [(0, 4), (2, 3), (3, 4)] ('K', 'K', 'I', 'I', 'K') [2.28606831e+03 1.00000000e+00 1.00000000e+00 1.00000000e+00
 1.00000000e+00]
POSITIVE cont max! 0.050640134315472096 5 [(0, 4), (2, 3), (3, 4)] ('K', 'K', 'I', 'I', 'I') [1.00000000e+00 2.92595767e+03 1.00000000e+00 1.00000000e+00
 1.00000000e+00]
POSITIVE cont max! 0.1258457933165609 5 [(0, 4), (2, 3), (3, 4)] ('K', 'I', 'K', 'K', 'K') [  1.        497.4805809   1.          1.          1.       ]
POSITIVE cont max! 0.09732034668099035 5 [(0, 4), (2, 3), (3, 4)] ('K', 'I', 'K', 'I', 'I') [1.00000000e+00 1.38475773e+03 1.00000000e+00 1.00000000e+00
 1.00000000e+00]
POSITIVE cont max! 0.06263220410619397 5 [(0, 4), (2, 3), (3, 4)] ('K', 'I', 'I', 'K', 'K') [1.00000000e+00 1.00000000e+00 1.00000000e+00 1.00000000e+00
 2.37255775e+03]
POSITIVE cont max! 93.70167477867741 5 [(0, 4), (2, 3), (3, 4)] ('K', 'I', 'I', 'K', 'I') [1.37996456e+01 1.00000000e+00 1.00000000e+00 1.37996456e+01
 9.63456818e+03]
POSITIVE cont max! 0.1457981184066739 5 [(0, 4), (2, 3), (3, 4)] ('I', 'K', 'K', 'K', 'I') [1.00000000e+00 2.01981871e+03 1.00000000e+00 1.00000000e+00
 1.00000000e+00]
POSITIVE cont max! 0.050640134315472096 5 [(0, 4), (2, 3), (3, 4)] ('I', 'K', 'K', 'I', 'I') [1.00000000e+00 2.92589785e+03 1.00000000e+00 1.00000000e+00
 1.00000000e+00]
POSITIVE cont max! 0.12500126984377857 5 [(0, 4), (2, 3), (3, 4)] ('I', 'K', 'I', 'K', 'K') [1.00000000e+00 2.37766791e+03 1.00000000e+00 1.00000000e+00
 1.00000000e+00]
POSITIVE cont max! 0.08939768949984392 5 [(0, 4), (2, 3), (3, 4)] ('I', 'I', 'K', 'K', 'I') [1.00000000e+00 1.60003436e+03 1.00000000e+00 1.00000000e+00
 1.00000000e+00]
POSITIVE cont max! 0.12499999999999419 5 [(0, 4), (2, 3), (3, 4)] ('I', 'I', 'K', 'I', 'I') [1.00000000e+00 5.22491443e+18 8.72272672e+15 1.00000000e+00
 1.00000000e+00]
POSITIVE cont max! 45.12518735421571 5 [(0, 4), (2, 3), (3, 4)] ('I', 'I', 'I', 'K', 'K') [1.23371804e+14 1.00000000e+00 1.00000000e+00 1.00000000e+00
 1.73477579e+11]
POSITIVE cont max! 0.02649030085299818 5 [(0, 4), (2, 3), (3, 4)] ('I', 'I', 'I', 'I', 'K') [1.00000000e+00 2.71402521e+03 1.00000000e+00 1.00000000e+00
 1.00000000e+00]
POSITIVE cont max! 0.1672023649298353 5 [(0, 1), (1, 2), (3, 4)] ('K', 'K', 'K', 'K', 'I') [1.00000000e+00 1.00000000e+00 1.77114768e+03 1.00000000e+00
 1.00000000e+00]
POSITIVE cont max! 0.1703983725165017 5 [(0, 1), (1, 2), (3, 4)] ('K', 'I', 'K', 'K', 'K') [  1.           1.           1.         976.67964235 725.07382222]
POSITIVE cont max! 45.12691571345381 5 [(0, 1), (1, 2), (3, 4)] ('K', 'I', 'K', 'I', 'K') [1.00000000e+00 1.00000000e+00 1.00000000e+00 9.56962254e+03
 1.34628022e+01]
POSITIVE cont max! 0.06458794814534485 5 [(0, 1), (1, 2), (3, 4)] ('K', 'I', 'I', 'K', 'K') [1.00000000e+00 1.00000000e+00 1.00000000e+00 4.76252042e+02
 1.79047658e+03]
POSITIVE cont max! 0.05032413330627605 5 [(0, 1), (1, 2), (3, 4)] ('I', 'K', 'I', 'K', 'K') [1.00000000e+00 1.00000000e+00 1.00000000e+00 2.00800054e+03
 9.27961148e+02]
POSITIVE cont max! 0.20637383521534503 5 [(1, 2), (1, 3), (2, 3), (3, 4)] ('K', 'K', 'I', 'K', 'K') [2.13464745e+03 1.00000000e+00 1.00000000e+00 1.00000000e+00
 1.00000000e+00]
POSITIVE cont max! 0.03548578031768557 5 [(1, 2), (1, 3), (2, 3), (3, 4)] ('K', 'I', 'K', 'K', 'K') [2.09813607e+03 1.00000000e+00 1.00000000e+00 1.00000000e+00
 2.09713607e+03]
POSITIVE cont max! 0.04416393816063646 5 [(1, 2), (1, 3), (2, 3), (3, 4)] ('K', 'I', 'I', 'K', 'K') [1.00000000e+00 1.00000000e+00 1.00000000e+00 1.00000000e+00
 3.27404378e+03]
POSITIVE cont max! 0.007639423862858374 5 [(1, 2), (1, 3), (2, 3), (3, 4)] ('I', 'K', 'K', 'K', 'I') [595.99999992   1.           1.           1.           1.        ]
POSITIVE cont max! 0.13428202463883804 5 [(1, 2), (1, 3), (2, 3), (3, 4)] ('I', 'K', 'K', 'I', 'K') [2.97786372e+03 5.45111498e+00 1.00000000e+00 1.00000000e+00
 4.77994171e+00]
POSITIVE cont max! 0.06911509764793039 5 [(1, 2), (1, 3), (2, 3), (3, 4)] ('I', 'K', 'K', 'I', 'I') [1.99667877e+03 1.00000000e+00 1.00000000e+00 1.00000000e+00
 1.00000000e+00]
POSITIVE cont max! 0.023066506531811866 5 [(1, 2), (1, 3), (2, 3), (3, 4)] ('I', 'K', 'I', 'K', 'I') [1.91796185e+03 1.00000000e+00 1.00000000e+00 1.00000000e+00
 1.00000000e+00]
POSITIVE cont max! 0.08542601610565836 5 [(1, 2), (1, 3), (2, 3), (3, 4)] ('I', 'K', 'I', 'I', 'K') [1.51501693e+03 1.00000000e+00 1.00000000e+00 1.00000000e+00
 1.00000000e+00]
POSITIVE cont max! 0.03572986359358765 5 [(1, 2), (1, 3), (2, 3), (3, 4)] ('I', 'I', 'K', 'K', 'K') [1.00000000e+00 1.00000000e+00 1.00000000e+00 1.00000000e+00
 4.16300009e+03]
POSITIVE cont max! 45.12518735418254 5 [(1, 2), (1, 3), (2, 3), (3, 4)] ('I', 'I', 'K', 'K', 'I') [1.00000000e+00 2.90010119e+12 4.07793822e+09 1.00000000e+00
 1.00000000e+00]
POSITIVE cont max! 0.14814753258577307 5 [(1, 2), (1, 3), (2, 3), (3, 4)] ('I', 'I', 'K', 'I', 'K') [1.36312492e+36 6.78873254e+32 2.00228669e+33 1.00000000e+00
 6.29028520e+32]
POSITIVE cont max! 0.031538073885889986 5 [(1, 2), (1, 3), (2, 3), (3, 4)] ('I', 'I', 'K', 'I', 'I') [2.17625641e+03 1.00000000e+00 1.00000000e+00 1.00000000e+00
 1.00000000e+00]
POSITIVE cont max! 0.07865563343731677 5 [(1, 2), (1, 3), (2, 3), (3, 4)] ('I', 'I', 'I', 'K', 'K') [1.76300083e+03 1.00000000e+00 1.00000000e+00 1.00000000e+00
 1.00000000e+00]
POSITIVE cont max! 0.02050349354547759 5 [(1, 2), (1, 3), (2, 3), (3, 4)] ('I', 'I', 'I', 'K', 'I') [3.48563965e+03 1.00000000e+00 1.00000000e+00 1.00000000e+00
 1.00000000e+00]
POSITIVE cont max! 0.06259779188898933 5 [(1, 2), (1, 3), (2, 3), (3, 4)] ('I', 'I', 'I', 'I', 'K') [1.49836916e+03 1.00000000e+00 1.00000000e+00 1.00000000e+00
 1.00000000e+00]
POSITIVE cont max! 0.9999999999563443 5 [(0, 1), (0, 3), (1, 2), (2, 3)] ('K', 'K', 'K', 'K', 'K') [1.00000000e+00 1.00000000e+00 1.00000000e+00 8.00466714e+11
 1.00000000e+00]
POSITIVE cont max! 0.3333333333333355 5 [(0, 1), (0, 3), (1, 2), (2, 3)] ('K', 'K', 'K', 'K', 'I') [  1.           1.           1.           1.         445.99999817]
POSITIVE cont max! 0.05346398468672753 5 [(0, 1), (0, 3), (1, 2), (2, 3)] ('K', 'K', 'K', 'I', 'I') [  1.           1.           1.           1.         392.40642442]
POSITIVE cont max! 0.05346398468672753 5 [(0, 1), (0, 3), (1, 2), (2, 3)] ('K', 'K', 'I', 'K', 'I') [  1.           1.           1.           1.         392.40641006]
POSITIVE cont max! 0.24916527543973643 5 [(0, 1), (0, 3), (1, 2), (2, 3)] ('K', 'K', 'I', 'I', 'K') [1.14317780e+10 1.00000000e+00 1.00000000e+00 1.00000000e+00
 6.84766163e+12]
POSITIVE cont max! 0.06841202042162552 5 [(0, 1), (0, 3), (1, 2), (2, 3)] ('K', 'K', 'I', 'I', 'I') [1.00000000e+00 1.00000000e+00 1.00000000e+00 1.00000000e+00
 2.05112148e+03]
POSITIVE cont max! 0.041442576293775346 5 [(0, 1), (0, 3), (1, 2), (2, 3)] ('K', 'I', 'K', 'K', 'K') [1.0000000e+00 1.0000000e+00 1.0000000e+00 1.7396518e+03 1.7406518e+03]
POSITIVE cont max! 0.05346398468672753 5 [(0, 1), (0, 3), (1, 2), (2, 3)] ('K', 'I', 'K', 'K', 'I') [  1.           1.           1.           1.         392.40641462]
POSITIVE cont max! 0.06841202042162553 5 [(0, 1), (0, 3), (1, 2), (2, 3)] ('K', 'I', 'I', 'K', 'I') [1.00000000e+00 1.00000000e+00 1.00000000e+00 1.00000000e+00
 2.05112144e+03]
POSITIVE cont max! 0.03675514188944362 5 [(0, 1), (0, 3), (1, 2), (2, 3)] ('K', 'I', 'I', 'I', 'K') [1.00000000e+00 1.00000000e+00 1.00000000e+00 1.00000000e+00
 3.99700765e+03]
POSITIVE cont max! 0.11107072426614195 5 [(0, 1), (0, 3), (1, 2), (2, 3)] ('K', 'I', 'I', 'I', 'I') [  1.           1.         617.73766709   1.           1.        ]
POSITIVE cont max! 0.05346398468672642 5 [(0, 1), (0, 3), (1, 2), (2, 3)] ('I', 'K', 'K', 'K', 'I') [  1.           1.           1.           1.         392.40641703]
POSITIVE cont max! 0.1415523335419202 5 [(0, 1), (0, 3), (1, 2), (2, 3)] ('I', 'K', 'I', 'K', 'I') [  1.           1.           1.           1.         431.24828751]
POSITIVE cont max! 0.029078856881768603 5 [(0, 1), (0, 3), (1, 2), (2, 3)] ('I', 'K', 'I', 'I', 'I') [1.00000000e+00 1.00000000e+00 1.00000000e+00 1.00000000e+00
 2.33016062e+03]
POSITIVE cont max! 0.0684120204216255 5 [(0, 1), (0, 3), (1, 2), (2, 3)] ('I', 'I', 'K', 'K', 'I') [1.00000000e+00 1.00000000e+00 1.00000000e+00 1.00000000e+00
 2.05112144e+03]
POSITIVE cont max! 0.03675514188944362 5 [(0, 1), (0, 3), (1, 2), (2, 3)] ('I', 'I', 'I', 'K', 'K') [1.00000000e+00 1.00000000e+00 1.00000000e+00 1.00000000e+00
 3.99706896e+03]
POSITIVE cont max! 0.12499999999999997 5 [(0, 1), (0, 3), (1, 2), (2, 3)] ('I', 'I', 'I', 'K', 'I') [1.00000000e+00 8.19418446e+18 1.00000000e+00 1.36797738e+16
 1.00000000e+00]
POSITIVE cont max! 1.0000000000727596 5 [(0, 4), (1, 4), (2, 4), (3, 4)] ('K', 'K', 'K', 'K', 'K') [1.00000000e+00 2.37365259e+12 1.00000000e+00 1.00000000e+00
 1.00000000e+00]
POSITIVE cont max! 0.249165275512496 5 [(0, 4), (1, 4), (2, 4), (3, 4)] ('K', 'K', 'I', 'K', 'K') [8.77258666e+04 1.00000000e+00 1.00000000e+00 5.25482799e+07
 1.00000000e+00]
POSITIVE cont max! 0.035706873604794964 5 [(0, 4), (1, 4), (2, 4), (3, 4)] ('K', 'K', 'I', 'I', 'K') [1.00000000e+00 4.17011821e+03 1.00000000e+00 1.00000000e+00
 1.00000000e+00]
POSITIVE cont max! 0.12487809601589106 5 [(0, 4), (1, 4), (2, 4), (3, 4)] ('K', 'I', 'K', 'K', 'K') [2.38479156e+03 1.00000000e+00 1.00000000e+00 1.00000000e+00
 1.00000000e+00]
POSITIVE cont max! 0.03570687361934688 5 [(0, 4), (1, 4), (2, 4), (3, 4)] ('K', 'I', 'I', 'K', 'K') [1.00000000e+00 1.00000000e+00 1.00000000e+00 4.17021689e+03
 1.00000000e+00]
POSITIVE cont max! 0.1248780961468583 5 [(0, 4), (1, 4), (2, 4), (3, 4)] ('I', 'K', 'K', 'K', 'K') [1.00000000e+00 1.00000000e+00 1.00000000e+00 2.38481118e+03
 1.00000000e+00]
POSITIVE cont max! 0.03570687364845071 5 [(0, 4), (1, 4), (2, 4), (3, 4)] ('I', 'K', 'I', 'K', 'K') [1.00000000e+00 4.17011654e+03 1.00000000e+00 1.00000000e+00
 1.00000000e+00]
POSITIVE cont max! 0.24916527542518452 5 [(0, 4), (1, 4), (2, 4), (3, 4)] ('I', 'I', 'K', 'K', 'K') [1.00000000e+00 1.00000000e+00 2.58913821e+09 1.55091006e+12
 1.00000000e+00]
POSITIVE cont max! 0.9999999997526174 5 [(0, 4), (1, 3), (2, 3), (3, 4)] ('K', 'K', 'K', 'K', 'K') [1.00000000e+00 1.00000000e+00 1.01457383e+12 1.00000000e+00
 1.00000000e+00]
POSITIVE cont max! 0.12493011174956337 5 [(0, 4), (1, 3), (2, 3), (3, 4)] ('K', 'K', 'I', 'K', 'K') [2.38159187e+03 1.00000000e+00 1.00000000e+00 1.00000000e+00
 1.00000000e+00]
POSITIVE cont max! 0.04284117624047212 5 [(0, 4), (1, 3), (2, 3), (3, 4)] ('K', 'K', 'I', 'I', 'K') [3.42859804e+03 1.00000000e+00 1.00000000e+00 1.00000000e+00
 1.00000000e+00]
POSITIVE cont max! 0.041760825712117366 5 [(0, 4), (1, 3), (2, 3), (3, 4)] ('K', 'I', 'I', 'K', 'K') [1.00000000e+00 1.00000000e+00 1.00000000e+00 1.00000000e+00
 3.55847614e+03]
POSITIVE cont max! 0.1252168338833144 5 [(0, 4), (1, 3), (2, 3), (3, 4)] ('I', 'K', 'K', 'K', 'K') [1.00000000e+00 1.00000000e+00 1.00000000e+00 2.37719649e+03
 1.00000000e+00]
POSITIVE cont max! 0.04213402609457262 5 [(0, 4), (1, 3), (2, 3), (3, 4)] ('I', 'K', 'K', 'K', 'I') [1.00000000e+00 3.51985871e+03 1.00000000e+00 1.00000000e+00
 1.00000000e+00]
POSITIVE cont max! 0.06925030966871759 5 [(0, 4), (1, 3), (2, 3), (3, 4)] ('I', 'K', 'I', 'I', 'I') [  1.           1.           1.           1.         961.58846084]
POSITIVE cont max! 0.03563302133989055 5 [(0, 4), (1, 3), (2, 3), (3, 4)] ('I', 'I', 'K', 'K', 'K') [1.00000000e+00 1.00000000e+00 4.18708015e+03 1.00000000e+00
 1.00000000e+00]
POSITIVE cont max! 0.04162332160922233 5 [(0, 1), (0, 4), (1, 2), (2, 3)] ('K', 'K', 'K', 'I', 'I') [1.00000000e+00 3.58175997e+03 1.00000000e+00 1.00000000e+00
 1.00000000e+00]
POSITIVE cont max! 0.05092338167014532 5 [(0, 1), (0, 4), (1, 2), (2, 3)] ('K', 'K', 'I', 'I', 'K') [2.90258014e+03 1.00000000e+00 1.00000000e+00 1.00000000e+00
 1.00000000e+00]
POSITIVE cont max! 0.03579528765112627 5 [(0, 1), (0, 4), (1, 2), (2, 3)] ('K', 'I', 'K', 'K', 'I') [1.00000000e+00 1.00000000e+00 1.00000000e+00 4.14835757e+03
 1.00000000e+00]
POSITIVE cont max! 0.08414801966864616 5 [(0, 1), (0, 2), (1, 2), (3, 4)] ('K', 'K', 'K', 'K', 'I') [236.71415785 579.99345473 930.98386387   1.           1.        ]
POSITIVE cont max! 0.08414801962499041 5 [(0, 1), (0, 2), (1, 2), (3, 4)] ('K', 'K', 'K', 'I', 'K') [4.34862252e+02 1.04363503e+03 2.69182422e+02 1.00000000e+00
 1.00000000e+00]
POSITIVE cont max! 0.04445079975994304 5 [(0, 1), (0, 2), (1, 2), (3, 4)] ('I', 'K', 'I', 'K', 'K') [1.00000000e+00 1.00000000e+00 1.00000000e+00 1.78315251e+03
 1.44639108e+03]
POSITIVE cont max! 0.05668411487567937 5 [(0, 1), (0, 2), (1, 2), (3, 4)] ('I', 'I', 'I', 'I', 'K') [573.34295273 573.34293887 573.34293347   1.           1.        ]
POSITIVE cont max! 0.11951115152314773 5 [(0, 1), (0, 2), (0, 3), (1, 2), (2, 3)] ('K', 'K', 'K', 'K', 'I') [  1.           1.           1.           1.         507.28844715]
POSITIVE cont max! 0.041274124964010145 5 [(0, 1), (0, 2), (0, 3), (1, 2), (2, 3)] ('K', 'K', 'K', 'I', 'I') [1.00000000e+00 1.00000000e+00 1.00000000e+00 1.00000000e+00
 1.77748022e+03]
POSITIVE cont max! 0.17534705939760897 5 [(0, 1), (0, 2), (0, 3), (1, 2), (2, 3)] ('K', 'K', 'I', 'K', 'K') [1.00000000e+00 1.00000000e+00 1.00000000e+00 1.00000000e+00
 2.50021546e+03]
POSITIVE cont max! 0.06117255147360137 5 [(0, 1), (0, 2), (0, 3), (1, 2), (2, 3)] ('K', 'K', 'I', 'I', 'I') [1.00000000e+00 1.00000000e+00 1.00000000e+00 1.00000000e+00
 2.24341808e+03]
POSITIVE cont max! 0.05025740746350493 5 [(0, 1), (0, 2), (0, 3), (1, 2), (2, 3)] ('K', 'I', 'K', 'K', 'K') [1.00000000e+00 1.00000000e+00 1.00000000e+00 2.94676115e+03
 1.00000000e+00]
POSITIVE cont max! 0.0192545029515297 5 [(0, 1), (0, 2), (0, 3), (1, 2), (2, 3)] ('K', 'I', 'K', 'I', 'I') [1.00000000e+00 1.00000000e+00 1.00000000e+00 1.00000000e+00
 1.94887535e+03]
POSITIVE cont max! 0.0293635605921736 5 [(0, 1), (0, 2), (0, 3), (1, 2), (2, 3)] ('K', 'I', 'I', 'I', 'K') [1.00000000e+00 1.00000000e+00 1.00000000e+00 1.00000000e+00
 4.92533762e+03]
POSITIVE cont max! 0.023331664816055444 5 [(0, 1), (0, 2), (0, 3), (1, 2), (2, 3)] ('K', 'I', 'I', 'I', 'I') [1.00000000e+00 1.00000000e+00 1.00000000e+00 1.00000000e+00
 2.77646304e+03]
POSITIVE cont max! 0.12504848347452935 5 [(0, 1), (0, 2), (0, 3), (1, 2), (2, 3)] ('I', 'K', 'K', 'K', 'I') [  3.90773089   1.         162.14420733   1.         996.97523417]
POSITIVE cont max! 0.24916527510504238 5 [(0, 1), (0, 2), (0, 3), (1, 2), (2, 3)] ('I', 'K', 'K', 'I', 'K') [1.00000000e+00 1.44147659e+10 1.00000000e+00 1.00000000e+00
 8.63478618e+12]
POSITIVE cont max! 0.04146434758542769 5 [(0, 1), (0, 2), (0, 3), (1, 2), (2, 3)] ('I', 'K', 'I', 'I', 'I') [1.00000000e+00 1.00000000e+00 1.00000000e+00 1.00000000e+00
 2.08049917e+03]
POSITIVE cont max! 0.061172551473601317 5 [(0, 1), (0, 2), (0, 3), (1, 2), (2, 3)] ('I', 'I', 'K', 'K', 'I') [1.00000000e+00 1.00000000e+00 1.00000000e+00 1.00000000e+00
 2.24341804e+03]
POSITIVE cont max! 0.023331664816055378 5 [(0, 1), (0, 2), (0, 3), (1, 2), (2, 3)] ('I', 'I', 'K', 'I', 'I') [1.00000000e+00 1.00000000e+00 1.00000000e+00 1.00000000e+00
 2.77646303e+03]
POSITIVE cont max! 0.0414643475854277 5 [(0, 1), (0, 2), (0, 3), (1, 2), (2, 3)] ('I', 'I', 'I', 'K', 'I') [1.00000000e+00 1.00000000e+00 1.00000000e+00 1.00000000e+00
 2.08049926e+03]
POSITIVE cont max! 0.03220977439195849 5 [(0, 4), (1, 4), (2, 3), (2, 4), (3, 4)] ('K', 'K', 'I', 'I', 'K') [1.00000000e+00 4.55820794e+03 1.00000000e+00 1.00000000e+00
 1.00000000e+00]
POSITIVE cont max! 0.04994766147865448 5 [(0, 4), (1, 4), (2, 3), (2, 4), (3, 4)] ('K', 'I', 'K', 'K', 'K') [1.00000000e+00 1.00000000e+00 2.16757700e+03 8.15919882e+02
 1.00000000e+00]
POSITIVE cont max! 0.027763222838984802 5 [(0, 4), (1, 4), (2, 3), (2, 4), (3, 4)] ('K', 'I', 'K', 'I', 'K') [5.36515227e+03 1.00000000e+00 1.00000000e+00 1.00000000e+00
 1.00000000e+00]
POSITIVE cont max! 0.027763222795329057 5 [(0, 4), (1, 4), (2, 3), (2, 4), (3, 4)] ('K', 'I', 'I', 'K', 'K') [5.36527884e+03 1.00000000e+00 1.00000000e+00 1.00000000e+00
 1.00000000e+00]
POSITIVE cont max! 0.027763222955400124 5 [(0, 4), (1, 4), (2, 3), (2, 4), (3, 4)] ('I', 'K', 'K', 'I', 'K') [1.00000000e+00 5.36508443e+03 1.00000000e+00 1.00000000e+00
 1.00000000e+00]
POSITIVE cont max! 0.02776322294084821 5 [(0, 4), (1, 4), (2, 3), (2, 4), (3, 4)] ('I', 'K', 'I', 'K', 'K') [1.00000000e+00 5.36494224e+03 1.00000000e+00 1.00000000e+00
 1.00000000e+00]
POSITIVE cont max! 1.0000000000436557 5 [(0, 1), (0, 2), (0, 4), (1, 2), (2, 3)] ('K', 'K', 'K', 'K', 'K') [1.00000000e+00 1.00000000e+00 1.00000000e+00 8.52931757e+12
 1.00000000e+00]
POSITIVE cont max! 0.02776572562288493 5 [(0, 1), (0, 2), (0, 4), (1, 2), (2, 3)] ('K', 'I', 'K', 'K', 'I') [1.0000000e+00 1.0000000e+00 1.0000000e+00 5.3636271e+03 1.0000000e+00]
POSITIVE cont max! 0.027765725637436844 5 [(0, 1), (0, 2), (0, 4), (1, 2), (2, 3)] ('K', 'I', 'K', 'I', 'K') [1.00000000e+00 1.00000000e+00 1.00000000e+00 1.00000000e+00
 5.36357179e+03]
POSITIVE cont max! 0.10085501035791822 5 [(0, 1), (0, 2), (0, 4), (1, 2), (2, 3)] ('I', 'K', 'K', 'K', 'K') [1.00000000e+00 1.00000000e+00 1.00000000e+00 2.92181572e+03
 1.00000000e+00]
POSITIVE cont max! 0.03253401047550142 5 [(0, 1), (0, 2), (0, 4), (1, 2), (2, 3)] ('I', 'I', 'K', 'K', 'K') [1.0000000e+00 1.0000000e+00 1.0000000e+00 4.4859126e+03 1.0000000e+00]
POSITIVE cont max! 0.03259513899683952 5 [(0, 4), (1, 2), (1, 3), (2, 3), (3, 4)] ('K', 'I', 'K', 'I', 'K') [4.46806209e+03 1.00000000e+00 1.00000000e+00 1.00000000e+00
 1.00000000e+00]
POSITIVE cont max! 0.04996448048041202 5 [(0, 4), (1, 2), (1, 3), (2, 3), (3, 4)] ('I', 'K', 'K', 'K', 'K') [1.00000000e+00 5.49729125e+02 2.43082462e+03 1.00000000e+00
 1.00000000e+00]
POSITIVE cont max! 1.0 5 [(0, 1), (1, 3), (1, 4), (2, 3), (2, 4)] ('K', 'K', 'K', 'K', 'K') [1.22939128e+13 1.00000000e+00 1.00000000e+00 1.00000000e+00
 1.00000000e+00]
POSITIVE cont max! 0.1001348043064354 5 [(0, 1), (1, 3), (1, 4), (2, 3), (2, 4)] ('K', 'K', 'K', 'K', 'I') [2.96716517e+03 1.00000000e+00 1.00000000e+00 1.00000000e+00
 1.00000000e+00]
POSITIVE cont max! 0.03170286888780538 5 [(0, 1), (1, 3), (1, 4), (2, 3), (2, 4)] ('K', 'K', 'I', 'K', 'I') [4.66751375e+03 1.00000000e+00 1.00000000e+00 1.00000000e+00
 1.00000000e+00]
POSITIVE cont max! 0.03170286888780538 5 [(0, 1), (1, 3), (1, 4), (2, 3), (2, 4)] ('K', 'K', 'I', 'I', 'K') [4.66752179e+03 1.00000000e+00 1.00000000e+00 1.00000000e+00
 1.00000000e+00]
POSITIVE cont max! 0.11100280907703564 5 [(0, 1), (1, 3), (1, 4), (2, 3), (2, 4)] ('I', 'K', 'K', 'K', 'K') [1.00000000e+00 1.00000000e+00 1.00000000e+00 1.00000000e+00
 2.68492333e+03]
POSITIVE cont max! 0.11107338201833272 5 [(0, 1), (1, 3), (1, 4), (2, 3), (2, 4)] ('I', 'I', 'I', 'I', 'K') [  1.           1.           1.         617.72499533   1.        ]
POSITIVE cont max! 0.11148866709845606 5 [(0, 1), (0, 4), (1, 2), (2, 3), (3, 4)] ('K', 'K', 'I', 'K', 'K') [2.66083318e+03 1.00000000e+00 1.00000000e+00 1.00000000e+00
 1.00000000e+00]
POSITIVE cont max! 0.24916527554159984 5 [(0, 1), (0, 4), (1, 2), (2, 3), (3, 4)] ('K', 'I', 'K', 'K', 'K') [2.30580482e+09 1.00000000e+00 1.00000000e+00 1.38116146e+12
 1.00000000e+00]
POSITIVE cont max! 0.036323020947747864 5 [(0, 1), (0, 4), (1, 2), (2, 3), (3, 4)] ('I', 'K', 'K', 'K', 'I') [1.00000000e+00 1.00000000e+00 4.07568709e+03 1.00000000e+00
 1.00000000e+00]
POSITIVE cont max! 0.03632302090409212 5 [(0, 1), (0, 4), (1, 2), (2, 3), (3, 4)] ('I', 'I', 'K', 'K', 'K') [1.00000000e+00 1.00000000e+00 1.00000000e+00 4.07564039e+03
 1.00000000e+00]
POSITIVE cont max! 0.25166648846061435 5 [(0, 1), (0, 3), (0, 4), (1, 3), (1, 4), (3, 4)] ('K', 'K', 'K', 'I', 'K') [293.54435553  78.89770273   1.           1.         226.06002877]
POSITIVE cont max! 0.03571123427536804 5 [(0, 1), (1, 2), (1, 3), (1, 4), (2, 3), (2, 4)] ('K', 'K', 'K', 'K', 'I') [1.00000000e+00 1.00000000e+00 1.00000000e+00 4.16938874e+03
 1.00000000e+00]
POSITIVE cont max! 0.0833229721756652 5 [(0, 1), (1, 2), (1, 3), (1, 4), (2, 3), (2, 4)] ('K', 'K', 'K', 'I', 'K') [3.57140132e+03 1.00000000e+00 1.00000000e+00 1.00000000e+00
 1.00000000e+00]
POSITIVE cont max! 0.02565945265814662 5 [(0, 1), (1, 3), (1, 4), (2, 3), (2, 4), (3, 4)] ('K', 'K', 'I', 'I', 'K') [5.72693705e+03 1.00000000e+00 1.00000000e+00 1.00000000e+00
 1.00000000e+00]
POSITIVE cont max! 0.056715115206316113 5 [(0, 1), (1, 3), (1, 4), (2, 3), (2, 4), (3, 4)] ('K', 'I', 'I', 'I', 'I') [  1.           1.         572.217465   573.21748371 573.21749436]
POSITIVE cont max! 0.03572989105305169 5 [(0, 1), (0, 4), (1, 4), (2, 3), (2, 4), (3, 4)] ('K', 'K', 'K', 'I', 'K') [1.03630682e+03 3.12778382e+03 1.00000000e+00 1.00000000e+00
 1.00000000e+00]
POSITIVE cont max! 0.03572989105305169 5 [(0, 1), (0, 4), (1, 4), (2, 3), (2, 4), (3, 4)] ('K', 'K', 'I', 'K', 'K') [1.51407676e+03 2.64989807e+03 1.00000000e+00 1.00000000e+00
 1.00000000e+00]
POSITIVE cont max! 0.035729891125811264 5 [(0, 1), (0, 4), (1, 4), (2, 3), (2, 4), (3, 4)] ('K', 'I', 'K', 'K', 'K') [1.00000000e+00 1.00000000e+00 2.97460957e+03 1.18947654e+03
 1.00000000e+00]
POSITIVE cont max! 0.03571202154853381 5 [(0, 1), (0, 3), (0, 4), (1, 2), (2, 3), (3, 4)] ('K', 'I', 'K', 'K', 'K') [1.00000000e+00 1.00000000e+00 1.00000000e+00 1.00000000e+00
 4.16839388e+03]
POSITIVE cont max! 89.57032777550037 5 [(0, 1), (0, 3), (0, 4), (1, 2), (2, 3), (3, 4)] ('I', 'K', 'I', 'K', 'K') [1.29845392e+03 2.00000000e+00 1.61861350e+02 1.00000000e+00
 1.00000000e+00]
POSITIVE cont max! 0.9999999998835847 5 [(0, 2), (0, 3), (0, 4), (1, 2), (1, 3), (1, 4)] ('K', 'K', 'K', 'K', 'K') [1.000000e+00 1.000000e+00 1.000000e+00 1.000000e+00 2.182347e+12]
POSITIVE cont max! 0.025023851325386204 5 [(0, 2), (0, 3), (0, 4), (1, 2), (1, 3), (1, 4)] ('K', 'K', 'I', 'K', 'I') [1.00000000e+00 1.00000000e+00 1.00000000e+00 5.94884262e+03
 1.00000000e+00]
POSITIVE cont max! 0.025023851281730458 5 [(0, 2), (0, 3), (0, 4), (1, 2), (1, 3), (1, 4)] ('K', 'K', 'I', 'I', 'K') [1.00000000e+00 1.00000000e+00 1.00000000e+00 1.00000000e+00
 5.94870087e+03]
POSITIVE cont max! 0.999999999825377 5 [(0, 3), (0, 4), (1, 3), (1, 4), (2, 3), (2, 4), (3, 4)] ('K', 'K', 'K', 'K', 'K') [1.00000000e+00 1.00000000e+00 2.62249012e+12 1.00000000e+00
 1.00000000e+00]
POSITIVE cont max! 0.02773614642501343 5 [(0, 1), (0, 4), (1, 2), (1, 3), (1, 4), (2, 3), (3, 4)] ('I', 'K', 'K', 'K', 'K') [1.0000000e+00 1.0000000e+00 5.3758743e+03 1.0000000e+00 1.0000000e+00]
POSITIVE cont max! 0.07708846544846892 5 [(0, 2), (0, 3), (0, 4), (1, 2), (1, 3), (1, 4), (2, 4)] ('K', 'K', 'I', 'K', 'K') [1.00000000e+00 1.00000000e+00 1.00000000e+00 3.85361971e+03
 1.00000000e+00]
POSITIVE cont max! 0.023473689958336763 5 [(0, 2), (0, 3), (0, 4), (1, 2), (1, 3), (1, 4), (2, 4)] ('K', 'K', 'I', 'K', 'I') [1.00000000e+00 1.00000000e+00 1.00000000e+00 6.25147504e+03
 1.00000000e+00]
POSITIVE cont max! 0.9999999999708962 5 [(0, 1), (0, 3), (0, 4), (1, 3), (1, 4), (2, 3), (2, 4), (3, 4)] ('K', 'K', 'K', 'K', 'K') [5.91651973e+12 2.03641833e+12 1.00000000e+00 1.00000000e+00
 1.00000000e+00]
POSITIVE cont max! 0.9999369155266322 5 [(0, 1), (0, 3), (0, 4), (1, 2), (1, 4), (2, 3), (2, 4), (3, 4)] ('K', 'K', 'K', 'K', 'K') [5.61636265e+07 1.00000000e+00 1.00000000e+00 1.00000000e+00
 7.11854504e+10]
POSITIVE cont max! 1.000000000016371 5 [(0, 1), (0, 2), (0, 3), (0, 4), (1, 2), (1, 3), (1, 4), (2, 3), (2, 4), (3, 4)] ('K', 'K', 'K', 'K', 'I') [ 4.96819554 32.41659203 33.42218472 41.10890556  1.0000006 ]
POSITIVE cont max! 1.00000000001819 5 [(0, 1), (0, 2), (0, 3), (0, 4), (1, 2), (1, 3), (1, 4), (2, 3), (2, 4), (3, 4)] ('K', 'K', 'K', 'I', 'K') [23.78488633 30.29036724 33.39325179  1.00000013 35.62798709]
POSITIVE cont max! 1.0000000000727596 5 [(0, 1), (0, 2), (0, 3), (0, 4), (1, 2), (1, 3), (1, 4), (2, 3), (2, 4), (3, 4)] ('K', 'K', 'K', 'I', 'I') [ 55.55652911  71.46337141 123.42891343   1.00000092   1.        ]
POSITIVE cont max! 1.000000000010914 5 [(0, 1), (0, 2), (0, 3), (0, 4), (1, 2), (1, 3), (1, 4), (2, 3), (2, 4), (3, 4)] ('K', 'K', 'I', 'K', 'K') [43.70067656  5.98009567  1.00000064 39.30923183 36.16898706]
POSITIVE cont max! 1.0000000000873115 5 [(0, 1), (0, 2), (0, 3), (0, 4), (1, 2), (1, 3), (1, 4), (2, 3), (2, 4), (3, 4)] ('K', 'K', 'I', 'K', 'I') [ 21.2090252  112.45705394   1.0000008   97.23858052   1.        ]
POSITIVE cont max! 1.0000000000582077 5 [(0, 1), (0, 2), (0, 3), (0, 4), (1, 2), (1, 3), (1, 4), (2, 3), (2, 4), (3, 4)] ('K', 'K', 'I', 'I', 'K') [25.28922891 79.25440138  1.          1.0000001  93.6773836 ]
POSITIVE cont max! 1.0000000000363798 5 [(0, 1), (0, 2), (0, 3), (0, 4), (1, 2), (1, 3), (1, 4), (2, 3), (2, 4), (3, 4)] ('K', 'K', 'I', 'I', 'I') [95.63886817 88.89264823  1.00000058  1.          1.        ]
POSITIVE cont max! 1.00000000001819 5 [(0, 1), (0, 2), (0, 3), (0, 4), (1, 2), (1, 3), (1, 4), (2, 3), (2, 4), (3, 4)] ('K', 'I', 'K', 'K', 'K') [39.75757907  1.00000057 44.65433119 29.23550313 33.78763391]
POSITIVE cont max! 1.0000000000291038 5 [(0, 1), (0, 2), (0, 3), (0, 4), (1, 2), (1, 3), (1, 4), (2, 3), (2, 4), (3, 4)] ('K', 'I', 'K', 'K', 'I') [122.46657671   1.00000115  82.56072046  20.28536743   1.        ]
POSITIVE cont max! 1.0000000000291038 5 [(0, 1), (0, 2), (0, 3), (0, 4), (1, 2), (1, 3), (1, 4), (2, 3), (2, 4), (3, 4)] ('K', 'I', 'K', 'I', 'K') [45.67954739  1.0000009  74.34627916  1.         63.93578509]
POSITIVE cont max! 1.0000000000327418 5 [(0, 1), (0, 2), (0, 3), (0, 4), (1, 2), (1, 3), (1, 4), (2, 3), (2, 4), (3, 4)] ('K', 'I', 'K', 'I', 'I') [ 31.36669917   1.         140.44282746   1.00000039   1.        ]
POSITIVE cont max! 1.0000000000291038 5 [(0, 1), (0, 2), (0, 3), (0, 4), (1, 2), (1, 3), (1, 4), (2, 3), (2, 4), (3, 4)] ('K', 'I', 'I', 'K', 'K') [63.95164618  1.00000129  1.         90.48912756 31.4917264 ]
POSITIVE cont max! 1.0000000000218279 5 [(0, 1), (0, 2), (0, 3), (0, 4), (1, 2), (1, 3), (1, 4), (2, 3), (2, 4), (3, 4)] ('K', 'I', 'I', 'K', 'I') [71.54434313  1.          1.00000126 86.64457621  1.        ]
POSITIVE cont max! 1.0000000000291038 5 [(0, 1), (0, 2), (0, 3), (0, 4), (1, 2), (1, 3), (1, 4), (2, 3), (2, 4), (3, 4)] ('K', 'I', 'I', 'I', 'K') [ 66.59926352   1.           1.           1.00000109 121.28056009]
POSITIVE cont max! 1.0000000000582077 5 [(0, 1), (0, 2), (0, 3), (0, 4), (1, 2), (1, 3), (1, 4), (2, 3), (2, 4), (3, 4)] ('K', 'I', 'I', 'I', 'I') [281.02442215   1.           1.           1.00000112   1.        ]
POSITIVE cont max! 1.0000000000236469 5 [(0, 1), (0, 2), (0, 3), (0, 4), (1, 2), (1, 3), (1, 4), (2, 3), (2, 4), (3, 4)] ('I', 'K', 'K', 'K', 'K') [ 1.00000071 38.38126683 22.72815348 25.62361841 19.34085547]
POSITIVE cont max! 1.0000000000800355 5 [(0, 1), (0, 2), (0, 3), (0, 4), (1, 2), (1, 3), (1, 4), (2, 3), (2, 4), (3, 4)] ('I', 'K', 'K', 'K', 'I') [ 1.         72.12400854 87.66170276  8.99128095  1.00000262]
POSITIVE cont max! 1.0000000000509317 5 [(0, 1), (0, 2), (0, 3), (0, 4), (1, 2), (1, 3), (1, 4), (2, 3), (2, 4), (3, 4)] ('I', 'K', 'K', 'I', 'K') [ 1.00000165 92.36054405 17.61009061  1.         35.6364681 ]
POSITIVE cont max! 1.0000000000436557 5 [(0, 1), (0, 2), (0, 3), (0, 4), (1, 2), (1, 3), (1, 4), (2, 3), (2, 4), (3, 4)] ('I', 'K', 'K', 'I', 'I') [ 1.00000124 58.02948452 90.45551674  1.          1.        ]
POSITIVE cont max! 1.0000000000509317 5 [(0, 1), (0, 2), (0, 3), (0, 4), (1, 2), (1, 3), (1, 4), (2, 3), (2, 4), (3, 4)] ('I', 'K', 'I', 'K', 'K') [ 1.00000019 90.40889059  1.         59.87152253 18.98775767]
POSITIVE cont max! 1.0000000000800355 5 [(0, 1), (0, 2), (0, 3), (0, 4), (1, 2), (1, 3), (1, 4), (2, 3), (2, 4), (3, 4)] ('I', 'K', 'I', 'K', 'I') [  1.00000148 158.32595833   1.          60.77558083   1.        ]
POSITIVE cont max! 1.0000000000291038 5 [(0, 1), (0, 2), (0, 3), (0, 4), (1, 2), (1, 3), (1, 4), (2, 3), (2, 4), (3, 4)] ('I', 'K', 'I', 'I', 'K') [ 1.         92.55509099  1.00000184  1.         30.54377023]
POSITIVE cont max! 1.0000000000509317 5 [(0, 1), (0, 2), (0, 3), (0, 4), (1, 2), (1, 3), (1, 4), (2, 3), (2, 4), (3, 4)] ('I', 'K', 'I', 'I', 'I') [  1.         129.33693267   1.           1.           1.00000088]
POSITIVE cont max! 1.0000000000873115 5 [(0, 1), (0, 2), (0, 3), (0, 4), (1, 2), (1, 3), (1, 4), (2, 3), (2, 4), (3, 4)] ('I', 'I', 'K', 'K', 'K') [  1.00000176   1.          36.22926176 148.06384575  65.78756399]
POSITIVE cont max! 1.0000000000545697 5 [(0, 1), (0, 2), (0, 3), (0, 4), (1, 2), (1, 3), (1, 4), (2, 3), (2, 4), (3, 4)] ('I', 'I', 'K', 'K', 'I') [ 1.          1.00000049 91.2255903  57.20157152  1.        ]
POSITIVE cont max! 1.0000000001455192 5 [(0, 1), (0, 2), (0, 3), (0, 4), (1, 2), (1, 3), (1, 4), (2, 3), (2, 4), (3, 4)] ('I', 'I', 'K', 'I', 'K') [  1.           1.0000014  164.95828405   1.          90.81527738]
POSITIVE cont max! 1.000000000160071 5 [(0, 1), (0, 2), (0, 3), (0, 4), (1, 2), (1, 3), (1, 4), (2, 3), (2, 4), (3, 4)] ('I', 'I', 'K', 'I', 'I') [  1.           1.         265.56600539   1.           1.00000434]
POSITIVE cont max! 1.0000000000472937 5 [(0, 1), (0, 2), (0, 3), (0, 4), (1, 2), (1, 3), (1, 4), (2, 3), (2, 4), (3, 4)] ('I', 'I', 'I', 'K', 'K') [  1.           1.00000101   1.         106.97261672  55.04926135]
POSITIVE cont max! 1.0000000000291038 5 [(0, 1), (0, 2), (0, 3), (0, 4), (1, 2), (1, 3), (1, 4), (2, 3), (2, 4), (3, 4)] ('I', 'I', 'I', 'K', 'I') [  1.00000141   1.           1.         139.9272269    1.        ]
POSITIVE cont max! 1.0000000001309672 5 [(0, 1), (0, 2), (0, 3), (0, 4), (1, 2), (1, 3), (1, 4), (2, 3), (2, 4), (3, 4)] ('I', 'I', 'I', 'I', 'K') [  1.00000127   1.           1.           1.         275.92713645]
POSITIVE cont max! 3599.832929272161 5 [(0, 1), (0, 2), (0, 3), (0, 4), (1, 2), (1, 3), (1, 4), (2, 3), (2, 4), (3, 4)] ('I', 'I', 'I', 'I', 'I') [275.48143415 275.48158201 275.51324561 275.48143415 275.48143415]
top 20 continuous maxima:
(np.float64(22500.00000000003), 2, ((0, 1),), ('I', 'I'), (np.float64(175.062), np.float64(175.062)))
(np.float64(9999.999999999964), 3, ((0, 1), (0, 2), (1, 2)), ('I', 'I', 'I'), (np.float64(204.049), np.float64(204.049), np.float64(204.049)))
(np.float64(5624.999999999964), 4, ((0, 1), (0, 2), (0, 3), (1, 2), (1, 3), (2, 3)), ('I', 'I', 'I', 'I'), (np.float64(116.22), np.float64(116.22), np.float64(116.22), np.float64(116.22)))
(np.float64(3599.832929272161), 5, ((0, 1), (0, 2), (0, 3), (0, 4), (1, 2), (1, 3), (1, 4), (2, 3), (2, 4), (3, 4)), ('I', 'I', 'I', 'I', 'I'), (np.float64(275.481), np.float64(275.482), np.float64(275.513), np.float64(275.481), np.float64(275.481)))
(np.float64(93.70167477867741), 5, ((0, 4), (2, 3), (3, 4)), ('K', 'I', 'I', 'K', 'I'), (np.float64(13.8), np.float64(1.0), np.float64(1.0), np.float64(13.8), np.float64(9634.568)))
(np.float64(93.55571179515164), 5, ((0, 1), (1, 2)), ('K', 'I', 'K', 'K', 'I'), (np.float64(1.0), np.float64(713.178), np.float64(1.0), np.float64(1.0), np.float64(1.0)))
(np.float64(89.57032777550037), 5, ((0, 1), (0, 3), (0, 4), (1, 2), (2, 3), (3, 4)), ('I', 'K', 'I', 'K', 'K'), (np.float64(1298.454), np.float64(2.0), np.float64(161.861), np.float64(1.0), np.float64(1.0)))
(np.float64(45.19336529288363), 5, ((1, 3), (2, 3), (3, 4)), ('K', 'I', 'K', 'K', 'I'), (np.float64(1.0), np.float64(157.619), np.float64(1.0), np.float64(1.0), np.float64(550.848)))
(np.float64(45.13490547425786), 5, ((1, 3), (2, 3), (3, 4)), ('I', 'K', 'I', 'K', 'I'), (np.float64(1.0), np.float64(1.0), np.float64(915.942), np.float64(2.196), np.float64(642.942)))
(np.float64(45.12691571345381), 5, ((0, 1), (1, 2), (3, 4)), ('K', 'I', 'K', 'I', 'K'), (np.float64(1.0), np.float64(1.0), np.float64(1.0), np.float64(9569.623), np.float64(13.463)))
(np.float64(45.12518735421574), 5, ((3, 4),), ('I', 'K', 'I', 'K', 'I'), (np.float64(1.0), np.float64(1.0), np.float64(1.0), np.float64(409040044076.779), np.float64(290896418648539.6)))
(np.float64(45.12518735421571), 5, ((0, 4), (2, 3), (3, 4)), ('I', 'I', 'I', 'K', 'K'), (np.float64(123371804425232.88), np.float64(1.0), np.float64(1.0), np.float64(1.0), np.float64(173477579003.398)))
(np.float64(45.1251873542157), 5, ((3, 4),), ('I', 'I', 'K', 'I', 'K'), (np.float64(1.0), np.float64(1.0), np.float64(1.0), np.float64(479116946869475.94), np.float64(673703828208.92)))
(np.float64(45.12518735420127), 5, ((0, 1), (1, 2)), ('I', 'K', 'I', 'I', 'K'), (np.float64(5697780843147.3), np.float64(190467899830.317), np.float64(129757089269677.4), np.float64(1.0), np.float64(1.0)))
(np.float64(45.12518735418254), 5, ((1, 2), (1, 3), (2, 3), (3, 4)), ('I', 'I', 'K', 'K', 'I'), (np.float64(1.0), np.float64(2900101192900.507), np.float64(4077938215.775), np.float64(1.0), np.float64(1.0)))
(np.float64(1.000000000160071), 5, ((0, 1), (0, 2), (0, 3), (0, 4), (1, 2), (1, 3), (1, 4), (2, 3), (2, 4), (3, 4)), ('I', 'I', 'K', 'I', 'I'), (np.float64(1.0), np.float64(1.0), np.float64(265.566), np.float64(1.0), np.float64(1.0)))
(np.float64(1.0000000001455192), 5, ((0, 1), (0, 2), (0, 3), (0, 4), (1, 2), (1, 3), (1, 4), (2, 3), (2, 4), (3, 4)), ('I', 'I', 'K', 'I', 'K'), (np.float64(1.0), np.float64(1.0), np.float64(164.958), np.float64(1.0), np.float64(90.815)))
(np.float64(1.0000000001309672), 5, ((0, 1), (0, 2), (0, 3), (0, 4), (1, 2), (1, 3), (1, 4), (2, 3), (2, 4), (3, 4)), ('I', 'I', 'I', 'I', 'K'), (np.float64(1.0), np.float64(1.0), np.float64(1.0), np.float64(1.0), np.float64(275.927)))
(np.float64(1.0000000000873115), 5, ((0, 1), (0, 2), (0, 3), (0, 4), (1, 2), (1, 3), (1, 4), (2, 3), (2, 4), (3, 4)), ('K', 'K', 'I', 'K', 'I'), (np.float64(21.209), np.float64(112.457), np.float64(1.0), np.float64(97.239), np.float64(1.0)))
(np.float64(1.0000000000873115), 5, ((0, 1), (0, 2), (0, 3), (0, 4), (1, 2), (1, 3), (1, 4), (2, 3), (2, 4), (3, 4)), ('I', 'I', 'K', 'K', 'K'), (np.float64(1.0), np.float64(1.0), np.float64(36.229), np.float64(148.064), np.float64(65.788)))
