Kneser top 5:
(-5.0, 'Kneser(5,2)', 3, 1, 15, 2)
(-8.0, 'Kneser(6,3)', 1, 1, 10, 2)
(-23.000000000000007, 'Kneser(6,2)', 6, 1, 45, 3)
(-33.0, 'Kneser(8,4)', 1, 1, 35, 2)
(-39.00000000000003, 'Kneser(7,2)', 10, 1, 105, 3)

perturbed multipartite top 10:
(np.float64(1.9895196601282805e-13), 'K_(5, 5, 5)', np.float64(10.00000000000001), np.float64(1.8509802839429085e-15), 75, 3)
(np.float64(1.7053025658242404e-13), 'K_(3, 3, 3, 3, 3)', np.float64(12.000000000000007), np.float64(4.12988900174373e-16), 90, 5)
(np.float64(8.526512829121202e-14), 'K_(4, 4, 4, 4)', np.float64(12.000000000000004), np.float64(8.526751690962507e-16), 96, 4)
(np.float64(5.684341886080802e-14), 'K_(6, 6, 6)', np.float64(12.000000000000004), np.float64(1.4256564134732156e-15), 108, 3)
(np.float64(4.263256414560601e-14), 'K_(6, 6)', np.float64(6.0000000000000036), np.float64(5.026277864915463e-16), 36, 2)
(np.float64(4.263256414560601e-14), 'K_(10, 10)', np.float64(10.000000000000002), np.float64(4.550907785861755e-16), 100, 2)
(np.float64(2.1316282072803006e-14), 'K_(2, 2, 2, 2)', np.float64(6.000000000000002), np.float64(4.754940079099873e-16), 24, 4)
(np.float64(1.4210854715202004e-14), 'K_(10, 10)-e', np.float64(9.908326913195985), np.float64(0.9083269131959846), 99, 2)
(np.float64(7.105427357601002e-15), 'K_(6, 6)-e', np.float64(5.854101966249686), np.float64(0.8541019662496847), 35, 2)
(np.float64(0.0), 'K_(8, 8, 8)', np.float64(16.0), np.float64(3.472625837781525e-16), 192, 3)

apex-over-two-cliques top 10:
(np.float64(-0.6754446796632294), 'apex a=4 p=3', np.float64(4.16227766016838), np.float64(3.000000000000001), 18, 4)
(np.float64(-0.8953136438507272), 'apex a=4 p=4', np.float64(4.701562118716424), np.float64(3.0), 20, 5)
(np.float64(-0.9752483470939026), 'apex a=5 p=4', np.float64(5.274917217635373), np.float64(4.0), 28, 5)
(np.float64(-1.033370452904272), 'apex a=5 p=5', np.float64(5.741657386773939), np.float64(3.9999999999999982), 30, 6)
(np.float64(-1.1399906367061732), 'apex a=6 p=6', np.float64(6.772001872658766), np.float64(4.999999999999999), 42, 7)
(np.float64(-1.2250108601236604), 'apex a=7 p=7', np.float64(7.795831523312721), np.float64(5.999999999999999), 56, 8)
(np.float64(-1.231070892503979), 'apex a=6 p=5', np.float64(6.358898943540674), np.float64(5.0), 40, 6)
(np.float64(-1.2944896554286913), 'apex a=8 p=8', np.float64(8.815072906367327), np.float64(7.0), 72, 9)
(np.float64(-1.3523848412376651), 'apex a=9 p=9', np.float64(9.830951894845299), np.float64(7.9999999999999964), 90, 10)
(np.float64(-1.4014010679771332), 'apex a=10 p=10', np.float64(10.84428877022476), np.float64(9.000000000000002), 110, 11)
