[      0s] seed=K5uK5 best=+0.000000 (l1=4.0000 l2=4.0000 m=20 w=5)
[      0s] seed=K5uK5+e best=+0.000000 (l1=4.0000 l2=4.0000 m=20 w=5)
[      0s] seed=K8uK8 best=+0.000000 (l1=7.0000 l2=7.0000 m=56 w=8)
[      1s] seed=K8uK8+e best=+0.000000 (l1=7.0000 l2=7.0000 m=56 w=8)
[      1s] seed=K10uK10 best=+0.000000 (l1=9.0000 l2=9.0000 m=90 w=10)
[      1s] seed=K10uK10+e best=+0.000000 (l1=9.0000 l2=9.0000 m=90 w=10)
[      1s] seed=K12uK12 best=-0.000000 (l1=11.0000 l2=11.0000 m=132 w=12)
[      1s] seed=K12uK12+e best=-0.000000 (l1=11.0000 l2=11.0000 m=132 w=12)
[      2s] seed=K15uK15 best=+0.000000 (l1=14.0000 l2=14.0000 m=210 w=15)
[      2s] seed=K15uK15+e best=+0.000000 (l1=14.0000 l2=14.0000 m=210 w=15)
[      3s] seed=K18uK18 best=+0.000000 (l1=17.0000 l2=17.0000 m=306 w=18)
[      3s] seed=K18uK18+e best=+0.000000 (l1=17.0000 l2=17.0000 m=306 w=18)
[      3s] seed=K5uK5 best=+0.000000 (l1=4.0000 l2=4.0000 m=20 w=5)
[      3s] seed=K5uK5+e best=+0.000000 (l1=4.0000 l2=4.0000 m=20 w=5)
[      4s] seed=K8uK8 best=+0.000000 (l1=7.0000 l2=7.0000 m=56 w=8)
[      4s] seed=K8uK8+e best=+0.000000 (l1=7.0000 l2=7.0000 m=56 w=8)
[      4s] seed=K10uK10 best=+0.000000 (l1=9.0000 l2=9.0000 m=90 w=10)
[      4s] seed=K10uK10+e best=+0.000000 (l1=9.0000 l2=9.0000 m=90 w=10)
[      4s] seed=K12uK12 best=-0.000000 (l1=11.0000 l2=11.0000 m=132 w=12)
[      5s] seed=K12uK12+e best=-0.000000 (l1=11.0000 l2=11.0000 m=132 w=12)
[      5s] seed=K15uK15 best=+0.000000 (l1=14.0000 l2=14.0000 m=210 w=15)
[      5s] seed=K15uK15+e best=+0.000000 (l1=14.0000 l2=14.0000 m=210 w=15)
[      6s] seed=K18uK18 best=+0.000000 (l1=17.0000 l2=17.0000 m=306 w=18)
[      7s] seed=K18uK18+e best=+0.000000 (l1=17.0000 l2=17.0000 m=306 w=18)
[      7s] seed=K5uK5 best=+0.000000 (l1=4.0000 l2=4.0000 m=20 w=5)
[      7s] seed=K5uK5+e best=+0.000000 (l1=4.0000 l2=4.0000 m=20 w=5)
[      7s] seed=K8uK8 best=+0.000000 (l1=7.0000 l2=7.0000 m=56 w=8)
[      7s] seed=K8uK8+e best=+0.000000 (l1=7.0000 l2=7.0000 m=56 w=8)
[      7s] seed=K10uK10 best=+0.000000 (l1=9.0000 l2=9.0000 m=90 w=10)
[      8s] seed=K10uK10+e best=+0.000000 (l1=9.0000 l2=9.0000 m=90 w=10)
[      8s] seed=K12uK12 best=-0.000000 (l1=11.0000 l2=11.0000 m=132 w=12)
[      8s] seed=K12uK12+e best=-0.000000 (l1=11.0000 l2=11.0000 m=132 w=12)
[      8s] seed=K15uK15 best=+0.000000 (l1=14.0000 l2=14.0000 m=210 w=15)
[      9s] seed=K15uK15+e best=+0.000000 (l1=14.0000 l2=14.0000 m=210 w=15)
[      9s] seed=K18uK18 best=+0.000000 (l1=17.0000 l2=17.0000 m=306 w=18)
[     10s] seed=K18uK18+e best=+0.000000 (l1=17.0000 l2=17.0000 m=306 w=18)
[     10s] seed=K5uK5 best=+0.000000 (l1=4.0000 l2=4.0000 m=20 w=5)
[     10s] seed=K5uK5+e best=+0.000000 (l1=4.0000 l2=4.0000 m=20 w=5)
[     10s] seed=K8uK8 best=+0.000000 (l1=7.0000 l2=7.0000 m=56 w=8)
[     10s] seed=K8uK8+e best=+0.000000 (l1=7.0000 l2=7.0000 m=56 w=8)
[     11s] seed=K10uK10 best=+0.000000 (l1=9.0000 l2=9.0000 m=90 w=10)
[     11s] seed=K10uK10+e best=+0.000000 (l1=9.0000 l2=9.0000 m=90 w=10)
[     11s] seed=K12uK12 best=-0.000000 (l1=11.0000 l2=11.0000 m=132 w=12)
[     11s] seed=K12uK12+e best=-0.000000 (l1=11.0000 l2=11.0000 m=132 w=12)
[     12s] seed=K15uK15 best=+0.000000 (l1=14.0000 l2=14.0000 m=210 w=15)
[     12s] seed=K15uK15+e best=-1.309525 (l1=13.8740 l2=13.8740 m=208 w=14)
[     13s] seed=K18uK18 best=+0.000000 (l1=17.0000 l2=17.0000 m=306 w=18)
[     13s] seed=K18uK18+e best=+0.000000 (l1=17.0000 l2=17.0000 m=306 w=18)
[     13s] seed=K5uK5 best=+0.000000 (l1=4.0000 l2=4.0000 m=20 w=5)
[     14s] seed=K5uK5+e best=+0.000000 (l1=4.0000 l2=4.0000 m=20 w=5)
[     14s] seed=K8uK8 best=+0.000000 (l1=7.0000 l2=7.0000 m=56 w=8)
[     14s] seed=K8uK8+e best=+0.000000 (l1=7.0000 l2=7.0000 m=56 w=8)
[     14s] seed=K10uK10 best=+0.000000 (l1=9.0000 l2=9.0000 m=90 w=10)
[     14s] seed=K10uK10+e best=+0.000000 (l1=9.0000 l2=9.0000 m=90 w=10)
[     15s] seed=K12uK12 best=-0.000000 (l1=11.0000 l2=11.0000 m=132 w=12)
[     15s] seed=K12uK12+e best=-0.000000 (l1=11.0000 l2=11.0000 m=132 w=12)
[     15s] seed=K15uK15 best=+0.000000 (l1=14.0000 l2=14.0000 m=210 w=15)
[     16s] seed=K15uK15+e best=+0.000000 (l1=14.0000 l2=14.0000 m=210 w=15)
[     16s] seed=K18uK18 best=+0.000000 (l1=17.0000 l2=17.0000 m=306 w=18)
[     17s] seed=K18uK18+e best=+0.000000 (l1=17.0000 l2=17.0000 m=306 w=18)
[     17s] seed=K5uK5 best=+0.000000 (l1=4.0000 l2=4.0000 m=20 w=5)
[     17s] seed=K5uK5+e best=+0.000000 (l1=4.0000 l2=4.0000 m=20 w=5)
[     17s] seed=K8uK8 best=+0.000000 (l1=7.0000 l2=7.0000 m=56 w=8)
[     17s] seed=K8uK8+e best=+0.000000 (l1=7.0000 l2=7.0000 m=56 w=8)
[     17s] seed=K10uK10 best=+0.000000 (l1=9.0000 l2=9.0000 m=90 w=10)
[     18s] seed=K10uK10+e best=+0.000000 (l1=9.0000 l2=9.0000 m=90 w=10)
[     18s] seed=K12uK12 best=-0.000000 (l1=11.0000 l2=11.0000 m=132 w=12)
[     18s] seed=K12uK12+e best=-0.000000 (l1=11.0000 l2=11.0000 m=132 w=12)
[     19s] seed=K15uK15 best=+0.000000 (l1=14.0000 l2=14.0000 m=210 w=15)
[     19s] seed=K15uK15+e best=+0.000000 (l1=14.0000 l2=14.0000 m=210 w=15)
[     20s] seed=K18uK18 best=+0.000000 (l1=17.0000 l2=17.0000 m=306 w=18)
[     20s] seed=K18uK18+e best=-1.683998 (l1=17.0586 l2=16.9472 m=307 w=18)
[     20s] seed=K5uK5 best=+0.000000 (l1=4.0000 l2=4.0000 m=20 w=5)
[     20s] seed=K5uK5+e best=+0.000000 (l1=4.0000 l2=4.0000 m=20 w=5)
[     20s] seed=K8uK8 best=+0.000000 (l1=7.0000 l2=7.0000 m=56 w=8)
[     21s] seed=K8uK8+e best=+0.000000 (l1=7.0000 l2=7.0000 m=56 w=8)
[     21s] seed=K10uK10 best=+0.000000 (l1=9.0000 l2=9.0000 m=90 w=10)
[     21s] seed=K10uK10+e best=+0.000000 (l1=9.0000 l2=9.0000 m=90 w=10)
[     21s] seed=K12uK12 best=-0.000000 (l1=11.0000 l2=11.0000 m=132 w=12)
[     22s] seed=K12uK12+e best=-0.000000 (l1=11.0000 l2=11.0000 m=132 w=12)
[     22s] seed=K15uK15 best=+0.000000 (l1=14.0000 l2=14.0000 m=210 w=15)
[     22s] seed=K15uK15+e best=+0.000000 (l1=14.0000 l2=14.0000 m=210 w=15)
[     23s] seed=K18uK18 best=+0.000000 (l1=17.0000 l2=17.0000 m=306 w=18)
[     23s] seed=K18uK18+e best=+0.000000 (l1=17.0000 l2=17.0000 m=306 w=18)
[     24s] seed=K5uK5 best=+0.000000 (l1=4.0000 l2=4.0000 m=20 w=5)
[     24s] seed=K5uK5+e best=+0.000000 (l1=4.0000 l2=4.0000 m=20 w=5)
[     24s] seed=K8uK8 best=+0.000000 (l1=7.0000 l2=7.0000 m=56 w=8)
[     24s] seed=K8uK8+e best=+0.000000 (l1=7.0000 l2=7.0000 m=56 w=8)
[     24s] seed=K10uK10 best=+0.000000 (l1=9.0000 l2=9.0000 m=90 w=10)
[     24s] seed=K10uK10+e best=+0.000000 (l1=9.0000 l2=9.0000 m=90 w=10)
[     25s] seed=K12uK12 best=-0.000000 (l1=11.0000 l2=11.0000 m=132 w=12)
[     25s] seed=K12uK12+e best=-0.000000 (l1=11.0000 l2=11.0000 m=132 w=12)
[     25s] seed=K15uK15 best=+0.000000 (l1=14.0000 l2=14.0000 m=210 w=15)
[     26s] seed=K15uK15+e best=+0.000000 (l1=14.0000 l2=14.0000 m=210 w=15)
[     26s] seed=K18uK18 best=+0.000000 (l1=17.0000 l2=17.0000 m=306 w=18)
[     27s] seed=K18uK18+e best=+0.000000 (l1=17.0000 l2=17.0000 m=306 w=18)
[     27s] seed=K5uK5 best=+0.000000 (l1=4.0000 l2=4.0000 m=20 w=5)
[     27s] seed=K5uK5+e best=+0.000000 (l1=4.0000 l2=4.0000 m=20 w=5)
[     27s] seed=K8uK8 best=+0.000000 (l1=7.0000 l2=7.0000 m=56 w=8)
[     27s] seed=K8uK8+e best=+0.000000 (l1=7.0000 l2=7.0000 m=56 w=8)
[     28s] seed=K10uK10 best=+0.000000 (l1=9.0000 l2=9.0000 m=90 w=10)
[     28s] seed=K10uK10+e best=+0.000000 (l1=9.0000 l2=9.0000 m=90 w=10)
[     28s] seed=K12uK12 best=-0.000000 (l1=11.0000 l2=11.0000 m=132 w=12)
[     28s] seed=K12uK12+e best=-0.000000 (l1=11.0000 l2=11.0000 m=132 w=12)
[     29s] seed=K15uK15 best=+0.000000 (l1=14.0000 l2=14.0000 m=210 w=15)
[     29s] seed=K15uK15+e best=+0.000000 (l1=14.0000 l2=14.0000 m=210 w=15)
[     30s] seed=K18uK18 best=+0.000000 (l1=17.0000 l2=17.0000 m=306 w=18)
[     30s] seed=K18uK18+e best=+0.000000 (l1=17.0000 l2=17.0000 m=306 w=18)
[     30s] seed=K5uK5 best=+0.000000 (l1=4.0000 l2=4.0000 m=20 w=5)
[     31s] seed=K5uK5+e best=+0.000000 (l1=4.0000 l2=4.0000 m=20 w=5)
[     31s] seed=K8uK8 best=+0.000000 (l1=7.0000 l2=7.0000 m=56 w=8)
[     31s] seed=K8uK8+e best=+0.000000 (l1=7.0000 l2=7.0000 m=56 w=8)
[     31s] seed=K10uK10 best=+0.000000 (l1=9.0000 l2=9.0000 m=90 w=10)
[     31s] seed=K10uK10+e best=+0.000000 (l1=9.0000 l2=9.0000 m=90 w=10)
[     32s] seed=K12uK12 best=-0.000000 (l1=11.0000 l2=11.0000 m=132 w=12)
[     32s] seed=K12uK12+e best=-0.000000 (l1=11.0000 l2=11.0000 m=132 w=12)
[     32s] seed=K15uK15 best=+0.000000 (l1=14.0000 l2=14.0000 m=210 w=15)
[     33s] seed=K15uK15+e best=+0.000000 (l1=14.0000 l2=14.0000 m=210 w=15)
[     33s] seed=K18uK18 best=+0.000000 (l1=17.0000 l2=17.0000 m=306 w=18)
[     34s] seed=K18uK18+e best=+0.000000 (l1=17.0000 l2=17.0000 m=306 w=18)
[     34s] seed=K5uK5 best=+0.000000 (l1=4.0000 l2=4.0000 m=20 w=5)
[     34s] seed=K5uK5+e best=+0.000000 (l1=4.0000 l2=4.0000 m=20 w=5)
[     34s] seed=K8uK8 best=+0.000000 (l1=7.0000 l2=7.0000 m=56 w=8)
[     34s] seed=K8uK8+e best=+0.000000 (l1=7.0000 l2=7.0000 m=56 w=8)
[     34s] seed=K10uK10 best=+0.000000 (l1=9.0000 l2=9.0000 m=90 w=10)
[     35s] seed=K10uK10+e best=+0.000000 (l1=9.0000 l2=9.0000 m=90 w=10)
[     35s] seed=K12uK12 best=-0.000000 (l1=11.0000 l2=11.0000 m=132 w=12)
[     35s] seed=K12uK12+e best=-0.000000 (l1=11.0000 l2=11.0000 m=132 w=12)
[     36s] seed=K15uK15 best=+0.000000 (l1=14.0000 l2=14.0000 m=210 w=15)
[     36s] seed=K15uK15+e best=+0.000000 (l1=14.0000 l2=14.0000 m=210 w=15)
[     37s] seed=K18uK18 best=+0.000000 (l1=17.0000 l2=17.0000 m=306 w=18)
[     37s] seed=K18uK18+e best=+0.000000 (l1=17.0000 l2=17.0000 m=306 w=18)
[     37s] seed=K5uK5 best=+0.000000 (l1=4.0000 l2=4.0000 m=20 w=5)
[     37s] seed=K5uK5+e best=+0.000000 (l1=4.0000 l2=4.0000 m=20 w=5)
[     37s] seed=K8uK8 best=+0.000000 (l1=7.0000 l2=7.0000 m=56 w=8)
[     38s] seed=K8uK8+e best=+0.000000 (l1=7.0000 l2=7.0000 m=56 w=8)
[     38s] seed=K10uK10 best=+0.000000 (l1=9.0000 l2=9.0000 m=90 w=10)
[     38s] seed=K10uK10+e best=+0.000000 (l1=9.0000 l2=9.0000 m=90 w=10)
[     38s] seed=K12uK12 best=-0.000000 (l1=11.0000 l2=11.0000 m=132 w=12)
[     39s] seed=K12uK12+e best=-0.000000 (l1=11.0000 l2=11.0000 m=132 w=12)
[     39s] seed=K15uK15 best=+0.000000 (l1=14.0000 l2=14.0000 m=210 w=15)
[     39s] seed=K15uK15+e best=+0.000000 (l1=14.0000 l2=14.0000 m=210 w=15)
[     40s] seed=K18uK18 best=+0.000000 (l1=17.0000 l2=17.0000 m=306 w=18)
[     40s] seed=K18uK18+e best=+0.000000 (l1=17.0000 l2=17.0000 m=306 w=18)
[     41s] seed=K5uK5 best=+0.000000 (l1=4.0000 l2=4.0000 m=20 w=5)
[     41s] seed=K5uK5+e best=+0.000000 (l1=4.0000 l2=4.0000 m=20 w=5)
[     41s] seed=K8uK8 best=+0.000000 (l1=7.0000 l2=7.0000 m=56 w=8)
[     41s] seed=K8uK8+e best=+0.000000 (l1=7.0000 l2=7.0000 m=56 w=8)
[     41s] seed=K10uK10 best=+0.000000 (l1=9.0000 l2=9.0000 m=90 w=10)
[     41s] seed=K10uK10+e best=+0.000000 (l1=9.0000 l2=9.0000 m=90 w=10)
[     42s] seed=K12uK12 best=-0.000000 (l1=11.0000 l2=11.0000 m=132 w=12)
[     42s] seed=K12uK12+e best=-0.000000 (l1=11.0000 l2=11.0000 m=132 w=12)
[     42s] seed=K15uK15 best=+0.000000 (l1=14.0000 l2=14.0000 m=210 w=15)
[     43s] seed=K15uK15+e best=+0.000000 (l1=14.0000 l2=14.0000 m=210 w=15)
[     43s] seed=K18uK18 best=+0.000000 (l1=17.0000 l2=17.0000 m=306 w=18)
[     44s] seed=K18uK18+e best=+0.000000 (l1=17.0000 l2=17.0000 m=306 w=18)
[     44s] seed=K5uK5 best=+0.000000 (l1=4.0000 l2=4.0000 m=20 w=5)
[     44s] seed=K5uK5+e best=+0.000000 (l1=4.0000 l2=4.0000 m=20 w=5)
[     44s] seed=K8uK8 best=+0.000000 (l1=7.0000 l2=7.0000 m=56 w=8)
[     44s] seed=K8uK8+e best=+0.000000 (l1=7.0000 l2=7.0000 m=56 w=8)
[     45s] seed=K10uK10 best=+0.000000 (l1=9.0000 l2=9.0000 m=90 w=10)
[     45s] seed=K10uK10+e best=+0.000000 (l1=9.0000 l2=9.0000 m=90 w=10)
[     45s] seed=K12uK12 best=-0.000000 (l1=11.0000 l2=11.0000 m=132 w=12)
[     45s] seed=K12uK12+e best=-0.000000 (l1=11.0000 l2=11.0000 m=132 w=12)
[     46s] seed=K15uK15 best=+0.000000 (l1=14.0000 l2=14.0000 m=210 w=15)
[     46s] seed=K15uK15+e best=+0.000000 (l1=14.0000 l2=14.0000 m=210 w=15)
[     47s] seed=K18uK18 best=+0.000000 (l1=17.0000 l2=17.0000 m=306 w=18)
[     47s] seed=K18uK18+e best=+0.000000 (l1=17.0000 l2=17.0000 m=306 w=18)
[     47s] seed=K5uK5 best=+0.000000 (l1=4.0000 l2=4.0000 m=20 w=5)
[     48s] seed=K5uK5+e best=+0.000000 (l1=4.0000 l2=4.0000 m=20 w=5)
[     48s] seed=K8uK8 best=+0.000000 (l1=7.0000 l2=7.0000 m=56 w=8)
[     48s] seed=K8uK8+e best=+0.000000 (l1=7.0000 l2=7.0000 m=56 w=8)
[     48s] seed=K10uK10 best=+0.000000 (l1=9.0000 l2=9.0000 m=90 w=10)
[     48s] seed=K10uK10+e best=+0.000000 (l1=9.0000 l2=9.0000 m=90 w=10)
[     49s] seed=K12uK12 best=-0.000000 (l1=11.0000 l2=11.0000 m=132 w=12)
[     49s] seed=K12uK12+e best=-0.000000 (l1=11.0000 l2=11.0000 m=132 w=12)
[     49s] seed=K15uK15 best=+0.000000 (l1=14.0000 l2=14.0000 m=210 w=15)
[     50s] seed=K15uK15+e best=+0.000000 (l1=14.0000 l2=14.0000 m=210 w=15)
[     50s] seed=K18uK18 best=+0.000000 (l1=17.0000 l2=17.0000 m=306 w=18)
[     51s] seed=K18uK18+e best=+0.000000 (l1=17.0000 l2=17.0000 m=306 w=18)
[     51s] seed=K5uK5 best=+0.000000 (l1=4.0000 l2=4.0000 m=20 w=5)
[     51s] seed=K5uK5+e best=+0.000000 (l1=4.0000 l2=4.0000 m=20 w=5)
[     51s] seed=K8uK8 best=+0.000000 (l1=7.0000 l2=7.0000 m=56 w=8)
[     51s] seed=K8uK8+e best=+0.000000 (l1=7.0000 l2=7.0000 m=56 w=8)
[     51s] seed=K10uK10 best=+0.000000 (l1=9.0000 l2=9.0000 m=90 w=10)
[     52s] seed=K10uK10+e best=+0.000000 (l1=9.0000 l2=9.0000 m=90 w=10)
[     52s] seed=K12uK12 best=-0.000000 (l1=11.0000 l2=11.0000 m=132 w=12)
[     52s] seed=K12uK12+e best=-0.000000 (l1=11.0000 l2=11.0000 m=132 w=12)
[     53s] seed=K15uK15 best=+0.000000 (l1=14.0000 l2=14.0000 m=210 w=15)
[     53s] seed=K15uK15+e best=+0.000000 (l1=14.0000 l2=14.0000 m=210 w=15)
[     54s] seed=K18uK18 best=+0.000000 (l1=17.0000 l2=17.0000 m=306 w=18)
[     54s] seed=K18uK18+e best=+0.000000 (l1=17.0000 l2=17.0000 m=306 w=18)
[     54s] seed=K5uK5 best=+0.000000 (l1=4.0000 l2=4.0000 m=20 w=5)
[     54s] seed=K5uK5+e best=+0.000000 (l1=4.0000 l2=4.0000 m=20 w=5)
[     54s] seed=K8uK8 best=+0.000000 (l1=7.0000 l2=7.0000 m=56 w=8)
[     55s] seed=K8uK8+e best=+0.000000 (l1=7.0000 l2=7.0000 m=56 w=8)
[     55s] seed=K10uK10 best=+0.000000 (l1=9.0000 l2=9.0000 m=90 w=10)
[     55s] seed=K10uK10+e best=+0.000000 (l1=9.0000 l2=9.0000 m=90 w=10)
[     55s] seed=K12uK12 best=-0.000000 (l1=11.0000 l2=11.0000 m=132 w=12)
[     56s] seed=K12uK12+e best=-0.000000 (l1=11.0000 l2=11.0000 m=132 w=12)
[     56s] seed=K15uK15 best=+0.000000 (l1=14.0000 l2=14.0000 m=210 w=15)
[     56s] seed=K15uK15+e best=+0.000000 (l1=14.0000 l2=14.0000 m=210 w=15)
[     57s] seed=K18uK18 best=+0.000000 (l1=17.0000 l2=17.0000 m=306 w=18)
[     57s] seed=K18uK18+e best=+0.000000 (l1=17.0000 l2=17.0000 m=306 w=18)
[     57s] seed=K5uK5 best=+0.000000 (l1=4.0000 l2=4.0000 m=20 w=5)
[     58s] seed=K5uK5+e best=+0.000000 (l1=4.0000 l2=4.0000 m=20 w=5)
[     58s] seed=K8uK8 best=+0.000000 (l1=7.0000 l2=7.0000 m=56 w=8)
[     58s] seed=K8uK8+e best=+0.000000 (l1=7.0000 l2=7.0000 m=56 w=8)
[     58s] seed=K10uK10 best=+0.000000 (l1=9.0000 l2=9.0000 m=90 w=10)
[     58s] seed=K10uK10+e best=+0.000000 (l1=9.0000 l2=9.0000 m=90 w=10)
[     59s] seed=K12uK12 best=-0.000000 (l1=11.0000 l2=11.0000 m=132 w=12)
[     59s] seed=K12uK12+e best=-0.000000 (l1=11.0000 l2=11.0000 m=132 w=12)
[     59s] seed=K15uK15 best=+0.000000 (l1=14.0000 l2=14.0000 m=210 w=15)
[     60s] seed=K15uK15+e best=+0.000000 (l1=14.0000 l2=14.0000 m=210 w=15)
[     60s] seed=K18uK18 best=+0.000000 (l1=17.0000 l2=17.0000 m=306 w=18)
[     61s] seed=K18uK18+e best=+0.000000 (l1=17.0000 l2=17.0000 m=306 w=18)
[     61s] seed=K5uK5 best=+0.000000 (l1=4.0000 l2=4.0000 m=20 w=5)
[     61s] seed=K5uK5+e best=+0.000000 (l1=4.0000 l2=4.0000 m=20 w=5)
[     61s] seed=K8uK8 best=+0.000000 (l1=7.0000 l2=7.0000 m=56 w=8)
[     61s] seed=K8uK8+e best=+0.000000 (l1=7.0000 l2=7.0000 m=56 w=8)
[     62s] seed=K10uK10 best=+0.000000 (l1=9.0000 l2=9.0000 m=90 w=10)
[     62s] seed=K10uK10+e best=+0.000000 (l1=9.0000 l2=9.0000 m=90 w=10)
[     62s] seed=K12uK12 best=-0.000000 (l1=11.0000 l2=11.0000 m=132 w=12)
[     62s] seed=K12uK12+e best=-0.000000 (l1=11.0000 l2=11.0000 m=132 w=12)
[     63s] seed=K15uK15 best=+0.000000 (l1=14.0000 l2=14.0000 m=210 w=15)
[     63s] seed=K15uK15+e best=+0.000000 (l1=14.0000 l2=14.0000 m=210 w=15)
[     64s] seed=K18uK18 best=+0.000000 (l1=17.0000 l2=17.0000 m=306 w=18)
[     64s] seed=K18uK18+e best=+0.000000 (l1=17.0000 l2=17.0000 m=306 w=18)
[     64s] seed=K5uK5 best=+0.000000 (l1=4.0000 l2=4.0000 m=20 w=5)
[     64s] seed=K5uK5+e best=+0.000000 (l1=4.0000 l2=4.0000 m=20 w=5)
[     65s] seed=K8uK8 best=+0.000000 (l1=7.0000 l2=7.0000 m=56 w=8)
[     65s] seed=K8uK8+e best=+0.000000 (l1=7.0000 l2=7.0000 m=56 w=8)
[     65s] seed=K10uK10 best=+0.000000 (l1=9.0000 l2=9.0000 m=90 w=10)
[     65s] seed=K10uK10+e best=+0.000000 (l1=9.0000 l2=9.0000 m=90 w=10)
[     65s] seed=K12uK12 best=-0.000000 (l1=11.0000 l2=11.0000 m=132 w=12)
[     66s] seed=K12uK12+e best=-0.000000 (l1=11.0000 l2=11.0000 m=132 w=12)
[     66s] seed=K15uK15 best=+0.000000 (l1=14.0000 l2=14.0000 m=210 w=15)
[     66s] seed=K15uK15+e best=+0.000000 (l1=14.0000 l2=14.0000 m=210 w=15)
[     67s] seed=K18uK18 best=+0.000000 (l1=17.0000 l2=17.0000 m=306 w=18)
[     68s] seed=K18uK18+e best=+0.000000 (l1=17.0000 l2=17.0000 m=306 w=18)
[     68s] seed=K5uK5 best=+0.000000 (l1=4.0000 l2=4.0000 m=20 w=5)
[     68s] seed=K5uK5+e best=+0.000000 (l1=4.0000 l2=4.0000 m=20 w=5)
[     68s] seed=K8uK8 best=+0.000000 (l1=7.0000 l2=7.0000 m=56 w=8)
[     68s] seed=K8uK8+e best=+0.000000 (l1=7.0000 l2=7.0000 m=56 w=8)
[     68s] seed=K10uK10 best=+0.000000 (l1=9.0000 l2=9.0000 m=90 w=10)
[     68s] seed=K10uK10+e best=+0.000000 (l1=9.0000 l2=9.0000 m=90 w=10)
[     69s] seed=K12uK12 best=-0.000000 (l1=11.0000 l2=11.0000 m=132 w=12)
[     69s] seed=K12uK12+e best=-0.000000 (l1=11.0000 l2=11.0000 m=132 w=12)
[     69s] seed=K15uK15 best=+0.000000 (l1=14.0000 l2=14.0000 m=210 w=15)
[     70s] seed=K15uK15+e best=+0.000000 (l1=14.0000 l2=14.0000 m=210 w=15)
[     70s] seed=K18uK18 best=+0.000000 (l1=17.0000 l2=17.0000 m=306 w=18)
[     71s] seed=K18uK18+e best=-1.683998 (l1=17.0586 l2=16.9472 m=307 w=18)
[     71s] seed=K5uK5 best=+0.000000 (l1=4.0000 l2=4.0000 m=20 w=5)
[     71s] seed=K5uK5+e best=+0.000000 (l1=4.0000 l2=4.0000 m=20 w=5)
[     71s] seed=K8uK8 best=+0.000000 (l1=7.0000 l2=7.0000 m=56 w=8)
[     71s] seed=K8uK8+e best=+0.000000 (l1=7.0000 l2=7.0000 m=56 w=8)
[     72s] seed=K10uK10 best=+0.000000 (l1=9.0000 l2=9.0000 m=90 w=10)
[     72s] seed=K10uK10+e best=+0.000000 (l1=9.0000 l2=9.0000 m=90 w=10)
[     72s] seed=K12uK12 best=-0.000000 (l1=11.0000 l2=11.0000 m=132 w=12)
[     72s] seed=K12uK12+e best=-0.000000 (l1=11.0000 l2=11.0000 m=132 w=12)
[     73s] seed=K15uK15 best=+0.000000 (l1=14.0000 l2=14.0000 m=210 w=15)
[     73s] seed=K15uK15+e best=+0.000000 (l1=14.0000 l2=14.0000 m=210 w=15)
[     74s] seed=K18uK18 best=+0.000000 (l1=17.0000 l2=17.0000 m=306 w=18)
[     74s] seed=K18uK18+e best=+0.000000 (l1=17.0000 l2=17.0000 m=306 w=18)
[     74s] seed=K5uK5 best=+0.000000 (l1=4.0000 l2=4.0000 m=20 w=5)
[     74s] seed=K5uK5+e best=+0.000000 (l1=4.0000 l2=4.0000 m=20 w=5)
[     75s] seed=K8uK8 best=+0.000000 (l1=7.0000 l2=7.0000 m=56 w=8)
[     75s] seed=K8uK8+e best=+0.000000 (l1=7.0000 l2=7.0000 m=56 w=8)
[     75s] seed=K10uK10 best=+0.000000 (l1=9.0000 l2=9.0000 m=90 w=10)
[     75s] seed=K10uK10+e best=+0.000000 (l1=9.0000 l2=9.0000 m=90 w=10)
[     76s] seed=K12uK12 best=-0.000000 (l1=11.0000 l2=11.0000 m=132 w=12)
[     76s] seed=K12uK12+e best=-0.000000 (l1=11.0000 l2=11.0000 m=132 w=12)
[     76s] seed=K15uK15 best=+0.000000 (l1=14.0000 l2=14.0000 m=210 w=15)
[     77s] seed=K15uK15+e best=+0.000000 (l1=14.0000 l2=14.0000 m=210 w=15)
[     77s] seed=K18uK18 best=+0.000000 (l1=17.0000 l2=17.0000 m=306 w=18)
[     78s] seed=K18uK18+e best=+0.000000 (l1=17.0000 l2=17.0000 m=306 w=18)
[     78s] seed=K5uK5 best=+0.000000 (l1=4.0000 l2=4.0000 m=20 w=5)
[     78s] seed=K5uK5+e best=+0.000000 (l1=4.0000 l2=4.0000 m=20 w=5)
[     78s] seed=K8uK8 best=+0.000000 (l1=7.0000 l2=7.0000 m=56 w=8)
[     78s] seed=K8uK8+e best=+0.000000 (l1=7.0000 l2=7.0000 m=56 w=8)
[     78s] seed=K10uK10 best=+0.000000 (l1=9.0000 l2=9.0000 m=90 w=10)
[     79s] seed=K10uK10+e best=+0.000000 (l1=9.0000 l2=9.0000 m=90 w=10)
[     79s] seed=K12uK12 best=-0.000000 (l1=11.0000 l2=11.0000 m=132 w=12)
[     79s] seed=K12uK12+e best=-0.000000 (l1=11.0000 l2=11.0000 m=132 w=12)
[     80s] seed=K15uK15 best=+0.000000 (l1=14.0000 l2=14.0000 m=210 w=15)
[     80s] seed=K15uK15+e best=+0.000000 (l1=14.0000 l2=14.0000 m=210 w=15)
[     80s] seed=K18uK18 best=+0.000000 (l1=17.0000 l2=17.0000 m=306 w=18)
[     81s] seed=K18uK18+e best=+0.000000 (l1=17.0000 l2=17.0000 m=306 w=18)
[     81s] seed=K5uK5 best=+0.000000 (l1=4.0000 l2=4.0000 m=20 w=5)
[     81s] seed=K5uK5+e best=+0.000000 (l1=4.0000 l2=4.0000 m=20 w=5)
[     81s] seed=K8uK8 best=+0.000000 (l1=7.0000 l2=7.0000 m=56 w=8)
[     82s] seed=K8uK8+e best=+0.000000 (l1=7.0000 l2=7.0000 m=56 w=8)
[     82s] seed=K10uK10 best=+0.000000 (l1=9.0000 l2=9.0000 m=90 w=10)
[     82s] seed=K10uK10+e best=+0.000000 (l1=9.0000 l2=9.0000 m=90 w=10)
[     82s] seed=K12uK12 best=-0.000000 (l1=11.0000 l2=11.0000 m=132 w=12)
[     83s] seed=K12uK12+e best=-0.000000 (l1=11.0000 l2=11.0000 m=132 w=12)
[     83s] seed=K15uK15 best=+0.000000 (l1=14.0000 l2=14.0000 m=210 w=15)
[     83s] seed=K15uK15+e best=+0.000000 (l1=14.0000 l2=14.0000 m=210 w=15)
[     84s] seed=K18uK18 best=+0.000000 (l1=17.0000 l2=17.0000 m=306 w=18)
[     84s] seed=K18uK18+e best=+0.000000 (l1=17.0000 l2=17.0000 m=306 w=18)
[     84s] seed=K5uK5 best=+0.000000 (l1=4.0000 l2=4.0000 m=20 w=5)
[     85s] seed=K5uK5+e best=+0.000000 (l1=4.0000 l2=4.0000 m=20 w=5)
[     85s] seed=K8uK8 best=+0.000000 (l1=7.0000 l2=7.0000 m=56 w=8)
[     85s] seed=K8uK8+e best=+0.000000 (l1=7.0000 l2=7.0000 m=56 w=8)
[     85s] seed=K10uK10 best=+0.000000 (l1=9.0000 l2=9.0000 m=90 w=10)
[     85s] seed=K10uK10+e best=+0.000000 (l1=9.0000 l2=9.0000 m=90 w=10)
[     86s] seed=K12uK12 best=-0.000000 (l1=11.0000 l2=11.0000 m=132 w=12)
[     86s] seed=K12uK12+e best=-0.000000 (l1=11.0000 l2=11.0000 m=132 w=12)
[     86s] seed=K15uK15 best=+0.000000 (l1=14.0000 l2=14.0000 m=210 w=15)
[     87s] seed=K15uK15+e best=+0.000000 (l1=14.0000 l2=14.0000 m=210 w=15)
[     87s] seed=K18uK18 best=+0.000000 (l1=17.0000 l2=17.0000 m=306 w=18)
[     88s] seed=K18uK18+e best=+0.000000 (l1=17.0000 l2=17.0000 m=306 w=18)
[     88s] seed=K5uK5 best=+0.000000 (l1=4.0000 l2=4.0000 m=20 w=5)
[     88s] seed=K5uK5+e best=+0.000000 (l1=4.0000 l2=4.0000 m=20 w=5)
[     88s] seed=K8uK8 best=+0.000000 (l1=7.0000 l2=7.0000 m=56 w=8)
[     88s] seed=K8uK8+e best=+0.000000 (l1=7.0000 l2=7.0000 m=56 w=8)
[     88s] seed=K10uK10 best=+0.000000 (l1=9.0000 l2=9.0000 m=90 w=10)
[     89s] seed=K10uK10+e best=+0.000000 (l1=9.0000 l2=9.0000 m=90 w=10)
[     89s] seed=K12uK12 best=-0.000000 (l1=11.0000 l2=11.0000 m=132 w=12)
[     89s] seed=K12uK12+e best=-0.000000 (l1=11.0000 l2=11.0000 m=132 w=12)
[     90s] seed=K15uK15 best=+0.000000 (l1=14.0000 l2=14.0000 m=210 w=15)
[     90s] seed=K15uK15+e best=+0.000000 (l1=14.0000 l2=14.0000 m=210 w=15)
[     91s] seed=K18uK18 best=+0.000000 (l1=17.0000 l2=17.0000 m=306 w=18)
[     91s] seed=K18uK18+e best=+0.000000 (l1=17.0000 l2=17.0000 m=306 w=18)
[     91s] seed=K5uK5 best=+0.000000 (l1=4.0000 l2=4.0000 m=20 w=5)
[     91s] seed=K5uK5+e best=+0.000000 (l1=4.0000 l2=4.0000 m=20 w=5)
[     91s] seed=K8uK8 best=+0.000000 (l1=7.0000 l2=7.0000 m=56 w=8)
[     92s] seed=K8uK8+e best=+0.000000 (l1=7.0000 l2=7.0000 m=56 w=8)
[     92s] seed=K10uK10 best=+0.000000 (l1=9.0000 l2=9.0000 m=90 w=10)
[     92s] seed=K10uK10+e best=+0.000000 (l1=9.0000 l2=9.0000 m=90 w=10)
[     92s] seed=K12uK12 best=-0.000000 (l1=11.0000 l2=11.0000 m=132 w=12)
[     93s] seed=K12uK12+e best=-0.000000 (l1=11.0000 l2=11.0000 m=132 w=12)
[     93s] seed=K15uK15 best=+0.000000 (l1=14.0000 l2=14.0000 m=210 w=15)
[     93s] seed=K15uK15+e best=+0.000000 (l1=14.0000 l2=14.0000 m=210 w=15)
[     94s] seed=K18uK18 best=+0.000000 (l1=17.0000 l2=17.0000 m=306 w=18)
[     94s] seed=K18uK18+e best=+0.000000 (l1=17.0000 l2=17.0000 m=306 w=18)
[     95s] seed=K5uK5 best=+0.000000 (l1=4.0000 l2=4.0000 m=20 w=5)
[     95s] seed=K5uK5+e best=+0.000000 (l1=4.0000 l2=4.0000 m=20 w=5)
[     95s] seed=K8uK8 best=+0.000000 (l1=7.0000 l2=7.0000 m=56 w=8)
[     95s] seed=K8uK8+e best=+0.000000 (l1=7.0000 l2=7.0000 m=56 w=8)
[     95s] seed=K10uK10 best=+0.000000 (l1=9.0000 l2=9.0000 m=90 w=10)
[     95s] seed=K10uK10+e best=+0.000000 (l1=9.0000 l2=9.0000 m=90 w=10)
[     96s] seed=K12uK12 best=-0.000000 (l1=11.0000 l2=11.0000 m=132 w=12)
[     96s] seed=K12uK12+e best=-0.000000 (l1=11.0000 l2=11.0000 m=132 w=12)
[     96s] seed=K15uK15 best=+0.000000 (l1=14.0000 l2=14.0000 m=210 w=15)
[     97s] seed=K15uK15+e best=+0.000000 (l1=14.0000 l2=14.0000 m=210 w=15)
[     97s] seed=K18uK18 best=+0.000000 (l1=17.0000 l2=17.0000 m=306 w=18)
[     98s] seed=K18uK18+e best=+0.000000 (l1=17.0000 l2=17.0000 m=306 w=18)
[     98s] seed=K5uK5 best=+0.000000 (l1=4.0000 l2=4.0000 m=20 w=5)
[     98s] seed=K5uK5+e best=+0.000000 (l1=4.0000 l2=4.0000 m=20 w=5)
[     98s] seed=K8uK8 best=+0.000000 (l1=7.0000 l2=7.0000 m=56 w=8)
[     98s] seed=K8uK8+e best=+0.000000 (l1=7.0000 l2=7.0000 m=56 w=8)
[     99s] seed=K10uK10 best=+0.000000 (l1=9.0000 l2=9.0000 m=90 w=10)
[     99s] seed=K10uK10+e best=+0.000000 (l1=9.0000 l2=9.0000 m=90 w=10)
[     99s] seed=K12uK12 best=-0.000000 (l1=11.0000 l2=11.0000 m=132 w=12)
[     99s] seed=K12uK12+e best=-0.000000 (l1=11.0000 l2=11.0000 m=132 w=12)
[    100s] seed=K15uK15 best=+0.000000 (l1=14.0000 l2=14.0000 m=210 w=15)
[    100s] seed=K15uK15+e best=+0.000000 (l1=14.0000 l2=14.0000 m=210 w=15)
[    101s] seed=K18uK18 best=+0.000000 (l1=17.0000 l2=17.0000 m=306 w=18)
[    101s] seed=K18uK18+e best=+0.000000 (l1=17.0000 l2=17.0000 m=306 w=18)
[    101s] seed=K5uK5 best=+0.000000 (l1=4.0000 l2=4.0000 m=20 w=5)
[    101s] seed=K5uK5+e best=+0.000000 (l1=4.0000 l2=4.0000 m=20 w=5)
[    102s] seed=K8uK8 best=+0.000000 (l1=7.0000 l2=7.0000 m=56 w=8)
[    102s] seed=K8uK8+e best=+0.000000 (l1=7.0000 l2=7.0000 m=56 w=8)
[    102s] seed=K10uK10 best=+0.000000 (l1=9.0000 l2=9.0000 m=90 w=10)
[    102s] seed=K10uK10+e best=+0.000000 (l1=9.0000 l2=9.0000 m=90 w=10)
[    102s] seed=K12uK12 best=-0.000000 (l1=11.0000 l2=11.0000 m=132 w=12)
[    103s] seed=K12uK12+e best=-0.000000 (l1=11.0000 l2=11.0000 m=132 w=12)
[    103s] seed=K15uK15 best=+0.000000 (l1=14.0000 l2=14.0000 m=210 w=15)
[    103s] seed=K15uK15+e best=+0.000000 (l1=14.0000 l2=14.0000 m=210 w=15)
[    104s] seed=K18uK18 best=+0.000000 (l1=17.0000 l2=17.0000 m=306 w=18)
[    105s] seed=K18uK18+e best=+0.000000 (l1=17.0000 l2=17.0000 m=306 w=18)
[    105s] seed=K5uK5 best=+0.000000 (l1=4.0000 l2=4.0000 m=20 w=5)
[    105s] seed=K5uK5+e best=+0.000000 (l1=4.0000 l2=4.0000 m=20 w=5)
[    105s] seed=K8uK8 best=+0.000000 (l1=7.0000 l2=7.0000 m=56 w=8)
[    105s] seed=K8uK8+e best=+0.000000 (l1=7.0000 l2=7.0000 m=56 w=8)
[    105s] seed=K10uK10 best=+0.000000 (l1=9.0000 l2=9.0000 m=90 w=10)
[    105s] seed=K10uK10+e best=+0.000000 (l1=9.0000 l2=9.0000 m=90 w=10)
[    106s] seed=K12uK12 best=-0.000000 (l1=11.0000 l2=11.0000 m=132 w=12)
[    106s] seed=K12uK12+e best=-0.000000 (l1=11.0000 l2=11.0000 m=132 w=12)
[    106s] seed=K15uK15 best=+0.000000 (l1=14.0000 l2=14.0000 m=210 w=15)
[    107s] seed=K15uK15+e best=+0.000000 (l1=14.0000 l2=14.0000 m=210 w=15)
[    107s] seed=K18uK18 best=+0.000000 (l1=17.0000 l2=17.0000 m=306 w=18)
[    108s] seed=K18uK18+e best=+0.000000 (l1=17.0000 l2=17.0000 m=306 w=18)
[    108s] seed=K5uK5 best=+0.000000 (l1=4.0000 l2=4.0000 m=20 w=5)
[    108s] seed=K5uK5+e best=+0.000000 (l1=4.0000 l2=4.0000 m=20 w=5)
[    108s] seed=K8uK8 best=+0.000000 (l1=7.0000 l2=7.0000 m=56 w=8)
[    108s] seed=K8uK8+e best=+0.000000 (l1=7.0000 l2=7.0000 m=56 w=8)
[    109s] seed=K10uK10 best=+0.000000 (l1=9.0000 l2=9.0000 m=90 w=10)
[    109s] seed=K10uK10+e best=+0.000000 (l1=9.0000 l2=9.0000 m=90 w=10)
[    109s] seed=K12uK12 best=-0.000000 (l1=11.0000 l2=11.0000 m=132 w=12)
[    109s] seed=K12uK12+e best=-0.000000 (l1=11.0000 l2=11.0000 m=132 w=12)
[    110s] seed=K15uK15 best=+0.000000 (l1=14.0000 l2=14.0000 m=210 w=15)
[    110s] seed=K15uK15+e best=+0.000000 (l1=14.0000 l2=14.0000 m=210 w=15)
[    111s] seed=K18uK18 best=+0.000000 (l1=17.0000 l2=17.0000 m=306 w=18)
[    111s] seed=K18uK18+e best=+0.000000 (l1=17.0000 l2=17.0000 m=306 w=18)
[    111s] seed=K5uK5 best=+0.000000 (l1=4.0000 l2=4.0000 m=20 w=5)
[    111s] seed=K5uK5+e best=+0.000000 (l1=4.0000 l2=4.0000 m=20 w=5)
[    111s] seed=K8uK8 best=+0.000000 (l1=7.0000 l2=7.0000 m=56 w=8)
[    112s] seed=K8uK8+e best=+0.000000 (l1=7.0000 l2=7.0000 m=56 w=8)
[    112s] seed=K10uK10 best=+0.000000 (l1=9.0000 l2=9.0000 m=90 w=10)
[    112s] seed=K10uK10+e best=+0.000000 (l1=9.0000 l2=9.0000 m=90 w=10)
[    112s] seed=K12uK12 best=-0.000000 (l1=11.0000 l2=11.0000 m=132 w=12)
[    113s] seed=K12uK12+e best=-0.000000 (l1=11.0000 l2=11.0000 m=132 w=12)
[    113s] seed=K15uK15 best=+0.000000 (l1=14.0000 l2=14.0000 m=210 w=15)
[    113s] seed=K15uK15+e best=+0.000000 (l1=14.0000 l2=14.0000 m=210 w=15)
[    114s] seed=K18uK18 best=+0.000000 (l1=17.0000 l2=17.0000 m=306 w=18)
[    114s] seed=K18uK18+e best=+0.000000 (l1=17.0000 l2=17.0000 m=306 w=18)
[    114s] seed=K5uK5 best=+0.000000 (l1=4.0000 l2=4.0000 m=20 w=5)
[    115s] seed=K5uK5+e best=+0.000000 (l1=4.0000 l2=4.0000 m=20 w=5)
[    115s] seed=K8uK8 best=+0.000000 (l1=7.0000 l2=7.0000 m=56 w=8)
[    115s] seed=K8uK8+e best=+0.000000 (l1=7.0000 l2=7.0000 m=56 w=8)
[    115s] seed=K10uK10 best=+0.000000 (l1=9.0000 l2=9.0000 m=90 w=10)
[    115s] seed=K10uK10+e best=+0.000000 (l1=9.0000 l2=9.0000 m=90 w=10)
[    116s] seed=K12uK12 best=-0.000000 (l1=11.0000 l2=11.0000 m=132 w=12)
[    116s] seed=K12uK12+e best=-0.000000 (l1=11.0000 l2=11.0000 m=132 w=12)
[    116s] seed=K15uK15 best=+0.000000 (l1=14.0000 l2=14.0000 m=210 w=15)
[    117s] seed=K15uK15+e best=+0.000000 (l1=14.0000 l2=14.0000 m=210 w=15)
[    117s] seed=K18uK18 best=+0.000000 (l1=17.0000 l2=17.0000 m=306 w=18)
[    118s] seed=K18uK18+e best=+0.000000 (l1=17.0000 l2=17.0000 m=306 w=18)
[    118s] seed=K5uK5 best=+0.000000 (l1=4.0000 l2=4.0000 m=20 w=5)
[    118s] seed=K5uK5+e best=+0.000000 (l1=4.0000 l2=4.0000 m=20 w=5)
[    118s] seed=K8uK8 best=+0.000000 (l1=7.0000 l2=7.0000 m=56 w=8)
[    118s] seed=K8uK8+e best=+0.000000 (l1=7.0000 l2=7.0000 m=56 w=8)
[    118s] seed=K10uK10 best=+0.000000 (l1=9.0000 l2=9.0000 m=90 w=10)
[    119s] seed=K10uK10+e best=+0.000000 (l1=9.0000 l2=9.0000 m=90 w=10)
[    119s] seed=K12uK12 best=-0.000000 (l1=11.0000 l2=11.0000 m=132 w=12)
[    119s] seed=K12uK12+e best=-0.000000 (l1=11.0000 l2=11.0000 m=132 w=12)
[    119s] seed=K15uK15 best=+0.000000 (l1=14.0000 l2=14.0000 m=210 w=15)
[    120s] seed=K15uK15+e best=+0.000000 (l1=14.0000 l2=14.0000 m=210 w=15)
[    120s] seed=K18uK18 best=+0.000000 (l1=17.0000 l2=17.0000 m=306 w=18)
[    121s] seed=K18uK18+e best=+0.000000 (l1=17.0000 l2=17.0000 m=306 w=18)
[    121s] seed=K5uK5 best=+0.000000 (l1=4.0000 l2=4.0000 m=20 w=5)
[    121s] seed=K5uK5+e best=+0.000000 (l1=4.0000 l2=4.0000 m=20 w=5)
[    121s] seed=K8uK8 best=+0.000000 (l1=7.0000 l2=7.0000 m=56 w=8)
[    121s] seed=K8uK8+e best=+0.000000 (l1=7.0000 l2=7.0000 m=56 w=8)
[    122s] seed=K10uK10 best=+0.000000 (l1=9.0000 l2=9.0000 m=90 w=10)
[    122s] seed=K10uK10+e best=+0.000000 (l1=9.0000 l2=9.0000 m=90 w=10)
[    122s] seed=K12uK12 best=-0.000000 (l1=11.0000 l2=11.0000 m=132 w=12)
[    122s] seed=K12uK12+e best=-0.000000 (l1=11.0000 l2=11.0000 m=132 w=12)
[    123s] seed=K15uK15 best=+0.000000 (l1=14.0000 l2=14.0000 m=210 w=15)
[    123s] seed=K15uK15+e best=-1.624670 (l1=14.0711 l2=13.9373 m=211 w=15)
[    124s] seed=K18uK18 best=+0.000000 (l1=17.0000 l2=17.0000 m=306 w=18)
[    124s] seed=K18uK18+e best=+0.000000 (l1=17.0000 l2=17.0000 m=306 w=18)
[    124s] seed=K5uK5 best=+0.000000 (l1=4.0000 l2=4.0000 m=20 w=5)
[    124s] seed=K5uK5+e best=+0.000000 (l1=4.0000 l2=4.0000 m=20 w=5)
[    125s] seed=K8uK8 best=+0.000000 (l1=7.0000 l2=7.0000 m=56 w=8)
[    125s] seed=K8uK8+e best=+0.000000 (l1=7.0000 l2=7.0000 m=56 w=8)
[    125s] seed=K10uK10 best=+0.000000 (l1=9.0000 l2=9.0000 m=90 w=10)
[    125s] seed=K10uK10+e best=+0.000000 (l1=9.0000 l2=9.0000 m=90 w=10)
[    125s] seed=K12uK12 best=-0.000000 (l1=11.0000 l2=11.0000 m=132 w=12)
[    126s] seed=K12uK12+e best=-0.000000 (l1=11.0000 l2=11.0000 m=132 w=12)
[    126s] seed=K15uK15 best=+0.000000 (l1=14.0000 l2=14.0000 m=210 w=15)
[    126s] seed=K15uK15+e best=+0.000000 (l1=14.0000 l2=14.0000 m=210 w=15)
[    127s] seed=K18uK18 best=+0.000000 (l1=17.0000 l2=17.0000 m=306 w=18)
[    127s] seed=K18uK18+e best=+0.000000 (l1=17.0000 l2=17.0000 m=306 w=18)
[    128s] seed=K5uK5 best=+0.000000 (l1=4.0000 l2=4.0000 m=20 w=5)
[    128s] seed=K5uK5+e best=+0.000000 (l1=4.0000 l2=4.0000 m=20 w=5)
[    128s] seed=K8uK8 best=+0.000000 (l1=7.0000 l2=7.0000 m=56 w=8)
[    128s] seed=K8uK8+e best=+0.000000 (l1=7.0000 l2=7.0000 m=56 w=8)
[    128s] seed=K10uK10 best=+0.000000 (l1=9.0000 l2=9.0000 m=90 w=10)
[    128s] seed=K10uK10+e best=+0.000000 (l1=9.0000 l2=9.0000 m=90 w=10)
[    129s] seed=K12uK12 best=-0.000000 (l1=11.0000 l2=11.0000 m=132 w=12)
[    129s] seed=K12uK12+e best=-0.000000 (l1=11.0000 l2=11.0000 m=132 w=12)
[    129s] seed=K15uK15 best=+0.000000 (l1=14.0000 l2=14.0000 m=210 w=15)
[    130s] seed=K15uK15+e best=+0.000000 (l1=14.0000 l2=14.0000 m=210 w=15)
[    130s] seed=K18uK18 best=+0.000000 (l1=17.0000 l2=17.0000 m=306 w=18)
[    131s] seed=K18uK18+e best=+0.000000 (l1=17.0000 l2=17.0000 m=306 w=18)
[    131s] seed=K5uK5 best=+0.000000 (l1=4.0000 l2=4.0000 m=20 w=5)
[    131s] seed=K5uK5+e best=-0.868551 (l1=5.0668 l2=3.4437 m=24 w=5)
[    131s] seed=K8uK8 best=+0.000000 (l1=7.0000 l2=7.0000 m=56 w=8)
[    131s] seed=K8uK8+e best=+0.000000 (l1=7.0000 l2=7.0000 m=56 w=8)
[    132s] seed=K10uK10 best=+0.000000 (l1=9.0000 l2=9.0000 m=90 w=10)
[    132s] seed=K10uK10+e best=+0.000000 (l1=9.0000 l2=9.0000 m=90 w=10)
[    132s] seed=K12uK12 best=-0.000000 (l1=11.0000 l2=11.0000 m=132 w=12)
[    132s] seed=K12uK12+e best=-0.000000 (l1=11.0000 l2=11.0000 m=132 w=12)
[    133s] seed=K15uK15 best=+0.000000 (l1=14.0000 l2=14.0000 m=210 w=15)
[    133s] seed=K15uK15+e best=+0.000000 (l1=14.0000 l2=14.0000 m=210 w=15)
[    134s] seed=K18uK18 best=+0.000000 (l1=17.0000 l2=17.0000 m=306 w=18)
[    134s] seed=K18uK18+e best=+0.000000 (l1=17.0000 l2=17.0000 m=306 w=18)
[    134s] seed=K5uK5 best=+0.000000 (l1=4.0000 l2=4.0000 m=20 w=5)
[    134s] seed=K5uK5+e best=+0.000000 (l1=4.0000 l2=4.0000 m=20 w=5)
[    135s] seed=K8uK8 best=+0.000000 (l1=7.0000 l2=7.0000 m=56 w=8)
[    135s] seed=K8uK8+e best=+0.000000 (l1=7.0000 l2=7.0000 m=56 w=8)
[    135s] seed=K10uK10 best=+0.000000 (l1=9.0000 l2=9.0000 m=90 w=10)
[    135s] seed=K10uK10+e best=+0.000000 (l1=9.0000 l2=9.0000 m=90 w=10)
[    135s] seed=K12uK12 best=-0.000000 (l1=11.0000 l2=11.0000 m=132 w=12)
[    136s] seed=K12uK12+e best=-0.000000 (l1=11.0000 l2=11.0000 m=132 w=12)
[    136s] seed=K15uK15 best=+0.000000 (l1=14.0000 l2=14.0000 m=210 w=15)
[    136s] seed=K15uK15+e best=+0.000000 (l1=14.0000 l2=14.0000 m=210 w=15)
[    137s] seed=K18uK18 best=+0.000000 (l1=17.0000 l2=17.0000 m=306 w=18)
[    137s] seed=K18uK18+e best=+0.000000 (l1=17.0000 l2=17.0000 m=306 w=18)
[    138s] seed=K5uK5 best=+0.000000 (l1=4.0000 l2=4.0000 m=20 w=5)
[    138s] seed=K5uK5+e best=+0.000000 (l1=4.0000 l2=4.0000 m=20 w=5)
[    138s] seed=K8uK8 best=+0.000000 (l1=7.0000 l2=7.0000 m=56 w=8)
[    138s] seed=K8uK8+e best=+0.000000 (l1=7.0000 l2=7.0000 m=56 w=8)
[    138s] seed=K10uK10 best=+0.000000 (l1=9.0000 l2=9.0000 m=90 w=10)
[    138s] seed=K10uK10+e best=+0.000000 (l1=9.0000 l2=9.0000 m=90 w=10)
[    139s] seed=K12uK12 best=-0.000000 (l1=11.0000 l2=11.0000 m=132 w=12)
[    139s] seed=K12uK12+e best=-0.000000 (l1=11.0000 l2=11.0000 m=132 w=12)
[    139s] seed=K15uK15 best=+0.000000 (l1=14.0000 l2=14.0000 m=210 w=15)
[    140s] seed=K15uK15+e best=+0.000000 (l1=14.0000 l2=14.0000 m=210 w=15)
[    140s] seed=K18uK18 best=+0.000000 (l1=17.0000 l2=17.0000 m=306 w=18)
[    141s] seed=K18uK18+e best=+0.000000 (l1=17.0000 l2=17.0000 m=306 w=18)
[    141s] seed=K5uK5 best=+0.000000 (l1=4.0000 l2=4.0000 m=20 w=5)
[    141s] seed=K5uK5+e best=+0.000000 (l1=4.0000 l2=4.0000 m=20 w=5)
[    141s] seed=K8uK8 best=+0.000000 (l1=7.0000 l2=7.0000 m=56 w=8)
[    141s] seed=K8uK8+e best=+0.000000 (l1=7.0000 l2=7.0000 m=56 w=8)
[    141s] seed=K10uK10 best=+0.000000 (l1=9.0000 l2=9.0000 m=90 w=10)
[    142s] seed=K10uK10+e best=+0.000000 (l1=9.0000 l2=9.0000 m=90 w=10)
[    142s] seed=K12uK12 best=-0.000000 (l1=11.0000 l2=11.0000 m=132 w=12)
[    142s] seed=K12uK12+e best=-0.000000 (l1=11.0000 l2=11.0000 m=132 w=12)
[    143s] seed=K15uK15 best=+0.000000 (l1=14.0000 l2=14.0000 m=210 w=15)
[    143s] seed=K15uK15+e best=+0.000000 (l1=14.0000 l2=14.0000 m=210 w=15)
[    144s] seed=K18uK18 best=+0.000000 (l1=17.0000 l2=17.0000 m=306 w=18)
[    144s] seed=K18uK18+e best=+0.000000 (l1=17.0000 l2=17.0000 m=306 w=18)
[    144s] seed=K5uK5 best=+0.000000 (l1=4.0000 l2=4.0000 m=20 w=5)
[    144s] seed=K5uK5+e best=+0.000000 (l1=4.0000 l2=4.0000 m=20 w=5)
[    144s] seed=K8uK8 best=+0.000000 (l1=7.0000 l2=7.0000 m=56 w=8)
[    145s] seed=K8uK8+e best=+0.000000 (l1=7.0000 l2=7.0000 m=56 w=8)
[    145s] seed=K10uK10 best=+0.000000 (l1=9.0000 l2=9.0000 m=90 w=10)
[    145s] seed=K10uK10+e best=+0.000000 (l1=9.0000 l2=9.0000 m=90 w=10)
[    145s] seed=K12uK12 best=-0.000000 (l1=11.0000 l2=11.0000 m=132 w=12)
[    146s] seed=K12uK12+e best=-0.000000 (l1=11.0000 l2=11.0000 m=132 w=12)
[    146s] seed=K15uK15 best=+0.000000 (l1=14.0000 l2=14.0000 m=210 w=15)
[    146s] seed=K15uK15+e best=+0.000000 (l1=14.0000 l2=14.0000 m=210 w=15)
[    147s] seed=K18uK18 best=+0.000000 (l1=17.0000 l2=17.0000 m=306 w=18)
[    148s] seed=K18uK18+e best=+0.000000 (l1=17.0000 l2=17.0000 m=306 w=18)
[    148s] seed=K5uK5 best=+0.000000 (l1=4.0000 l2=4.0000 m=20 w=5)
[    148s] seed=K5uK5+e best=+0.000000 (l1=4.0000 l2=4.0000 m=20 w=5)
[    148s] seed=K8uK8 best=+0.000000 (l1=7.0000 l2=7.0000 m=56 w=8)
[    148s] seed=K8uK8+e best=+0.000000 (l1=7.0000 l2=7.0000 m=56 w=8)
[    148s] seed=K10uK10 best=+0.000000 (l1=9.0000 l2=9.0000 m=90 w=10)
[    149s] seed=K10uK10+e best=+0.000000 (l1=9.0000 l2=9.0000 m=90 w=10)
[    149s] seed=K12uK12 best=-0.000000 (l1=11.0000 l2=11.0000 m=132 w=12)
[    149s] seed=K12uK12+e best=-0.000000 (l1=11.0000 l2=11.0000 m=132 w=12)
[    149s] seed=K15uK15 best=+0.000000 (l1=14.0000 l2=14.0000 m=210 w=15)
[    150s] seed=K15uK15+e best=+0.000000 (l1=14.0000 l2=14.0000 m=210 w=15)
[    150s] seed=K18uK18 best=+0.000000 (l1=17.0000 l2=17.0000 m=306 w=18)
[    151s] seed=K18uK18+e best=-1.683998 (l1=17.0586 l2=16.9472 m=307 w=18)
[    151s] seed=K5uK5 best=+0.000000 (l1=4.0000 l2=4.0000 m=20 w=5)
[    151s] seed=K5uK5+e best=-0.868551 (l1=5.0668 l2=3.4437 m=24 w=5)
[    151s] seed=K8uK8 best=+0.000000 (l1=7.0000 l2=7.0000 m=56 w=8)
[    151s] seed=K8uK8+e best=+0.000000 (l1=7.0000 l2=7.0000 m=56 w=8)
[    152s] seed=K10uK10 best=+0.000000 (l1=9.0000 l2=9.0000 m=90 w=10)
[    152s] seed=K10uK10+e best=+0.000000 (l1=9.0000 l2=9.0000 m=90 w=10)
[    152s] seed=K12uK12 best=-0.000000 (l1=11.0000 l2=11.0000 m=132 w=12)
[    152s] seed=K12uK12+e best=-0.000000 (l1=11.0000 l2=11.0000 m=132 w=12)
[    153s] seed=K15uK15 best=+0.000000 (l1=14.0000 l2=14.0000 m=210 w=15)
[    153s] seed=K15uK15+e best=+0.000000 (l1=14.0000 l2=14.0000 m=210 w=15)
[    154s] seed=K18uK18 best=+0.000000 (l1=17.0000 l2=17.0000 m=306 w=18)
[    154s] seed=K18uK18+e best=+0.000000 (l1=17.0000 l2=17.0000 m=306 w=18)
[    154s] seed=K5uK5 best=+0.000000 (l1=4.0000 l2=4.0000 m=20 w=5)
[    154s] seed=K5uK5+e best=+0.000000 (l1=4.0000 l2=4.0000 m=20 w=5)
[    155s] seed=K8uK8 best=+0.000000 (l1=7.0000 l2=7.0000 m=56 w=8)
[    155s] seed=K8uK8+e best=+0.000000 (l1=7.0000 l2=7.0000 m=56 w=8)
[    155s] seed=K10uK10 best=+0.000000 (l1=9.0000 l2=9.0000 m=90 w=10)
[    155s] seed=K10uK10+e best=+0.000000 (l1=9.0000 l2=9.0000 m=90 w=10)
[    155s] seed=K12uK12 best=-0.000000 (l1=11.0000 l2=11.0000 m=132 w=12)
[    156s] seed=K12uK12+e best=-0.000000 (l1=11.0000 l2=11.0000 m=132 w=12)
[    156s] seed=K15uK15 best=+0.000000 (l1=14.0000 l2=14.0000 m=210 w=15)
[    156s] seed=K15uK15+e best=+0.000000 (l1=14.0000 l2=14.0000 m=210 w=15)
[    157s] seed=K18uK18 best=+0.000000 (l1=17.0000 l2=17.0000 m=306 w=18)
[    158s] seed=K18uK18+e best=+0.000000 (l1=17.0000 l2=17.0000 m=306 w=18)
[    158s] seed=K5uK5 best=+0.000000 (l1=4.0000 l2=4.0000 m=20 w=5)
[    158s] seed=K5uK5+e best=+0.000000 (l1=4.0000 l2=4.0000 m=20 w=5)
[    158s] seed=K8uK8 best=+0.000000 (l1=7.0000 l2=7.0000 m=56 w=8)
[    158s] seed=K8uK8+e best=+0.000000 (l1=7.0000 l2=7.0000 m=56 w=8)
[    158s] seed=K10uK10 best=+0.000000 (l1=9.0000 l2=9.0000 m=90 w=10)
[    159s] seed=K10uK10+e best=+0.000000 (l1=9.0000 l2=9.0000 m=90 w=10)
[    159s] seed=K12uK12 best=-0.000000 (l1=11.0000 l2=11.0000 m=132 w=12)
[    159s] seed=K12uK12+e best=-0.000000 (l1=11.0000 l2=11.0000 m=132 w=12)
[    160s] seed=K15uK15 best=+0.000000 (l1=14.0000 l2=14.0000 m=210 w=15)
[    160s] seed=K15uK15+e best=+0.000000 (l1=14.0000 l2=14.0000 m=210 w=15)
[    161s] seed=K18uK18 best=+0.000000 (l1=17.0000 l2=17.0000 m=306 w=18)
[    161s] seed=K18uK18+e best=+0.000000 (l1=17.0000 l2=17.0000 m=306 w=18)
[    161s] seed=K5uK5 best=+0.000000 (l1=4.0000 l2=4.0000 m=20 w=5)
[    161s] seed=K5uK5+e best=+0.000000 (l1=4.0000 l2=4.0000 m=20 w=5)
[    162s] seed=K8uK8 best=+0.000000 (l1=7.0000 l2=7.0000 m=56 w=8)
[    162s] seed=K8uK8+e best=+0.000000 (l1=7.0000 l2=7.0000 m=56 w=8)
[    162s] seed=K10uK10 best=+0.000000 (l1=9.0000 l2=9.0000 m=90 w=10)
[    162s] seed=K10uK10+e best=+0.000000 (l1=9.0000 l2=9.0000 m=90 w=10)
[    162s] seed=K12uK12 best=-0.000000 (l1=11.0000 l2=11.0000 m=132 w=12)
[    163s] seed=K12uK12+e best=-0.000000 (l1=11.0000 l2=11.0000 m=132 w=12)
[    163s] seed=K15uK15 best=+0.000000 (l1=14.0000 l2=14.0000 m=210 w=15)
[    164s] seed=K15uK15+e best=+0.000000 (l1=14.0000 l2=14.0000 m=210 w=15)
[    164s] seed=K18uK18 best=+0.000000 (l1=17.0000 l2=17.0000 m=306 w=18)
[    165s] seed=K18uK18+e best=+0.000000 (l1=17.0000 l2=17.0000 m=306 w=18)
[    165s] seed=K5uK5 best=+0.000000 (l1=4.0000 l2=4.0000 m=20 w=5)
[    165s] seed=K5uK5+e best=+0.000000 (l1=4.0000 l2=4.0000 m=20 w=5)
[    165s] seed=K8uK8 best=+0.000000 (l1=7.0000 l2=7.0000 m=56 w=8)
[    165s] seed=K8uK8+e best=+0.000000 (l1=7.0000 l2=7.0000 m=56 w=8)
[    165s] seed=K10uK10 best=+0.000000 (l1=9.0000 l2=9.0000 m=90 w=10)
[    166s] seed=K10uK10+e best=+0.000000 (l1=9.0000 l2=9.0000 m=90 w=10)
[    166s] seed=K12uK12 best=-0.000000 (l1=11.0000 l2=11.0000 m=132 w=12)
[    166s] seed=K12uK12+e best=-0.000000 (l1=11.0000 l2=11.0000 m=132 w=12)
[    167s] seed=K15uK15 best=+0.000000 (l1=14.0000 l2=14.0000 m=210 w=15)
[    167s] seed=K15uK15+e best=+0.000000 (l1=14.0000 l2=14.0000 m=210 w=15)
[    168s] seed=K18uK18 best=+0.000000 (l1=17.0000 l2=17.0000 m=306 w=18)
[    168s] seed=K18uK18+e best=+0.000000 (l1=17.0000 l2=17.0000 m=306 w=18)
[    168s] seed=K5uK5 best=+0.000000 (l1=4.0000 l2=4.0000 m=20 w=5)
[    168s] seed=K5uK5+e best=+0.000000 (l1=4.0000 l2=4.0000 m=20 w=5)
[    168s] seed=K8uK8 best=+0.000000 (l1=7.0000 l2=7.0000 m=56 w=8)
[    169s] seed=K8uK8+e best=+0.000000 (l1=7.0000 l2=7.0000 m=56 w=8)
[    169s] seed=K10uK10 best=+0.000000 (l1=9.0000 l2=9.0000 m=90 w=10)
[    169s] seed=K10uK10+e best=+0.000000 (l1=9.0000 l2=9.0000 m=90 w=10)
[    169s] seed=K12uK12 best=-0.000000 (l1=11.0000 l2=11.0000 m=132 w=12)
[    170s] seed=K12uK12+e best=-0.000000 (l1=11.0000 l2=11.0000 m=132 w=12)
[    170s] seed=K15uK15 best=+0.000000 (l1=14.0000 l2=14.0000 m=210 w=15)
[    170s] seed=K15uK15+e best=+0.000000 (l1=14.0000 l2=14.0000 m=210 w=15)
[    171s] seed=K18uK18 best=+0.000000 (l1=17.0000 l2=17.0000 m=306 w=18)
[    172s] seed=K18uK18+e best=+0.000000 (l1=17.0000 l2=17.0000 m=306 w=18)
[    172s] seed=K5uK5 best=+0.000000 (l1=4.0000 l2=4.0000 m=20 w=5)
[    172s] seed=K5uK5+e best=+0.000000 (l1=4.0000 l2=4.0000 m=20 w=5)
[    172s] seed=K8uK8 best=+0.000000 (l1=7.0000 l2=7.0000 m=56 w=8)
[    172s] seed=K8uK8+e best=+0.000000 (l1=7.0000 l2=7.0000 m=56 w=8)
[    172s] seed=K10uK10 best=+0.000000 (l1=9.0000 l2=9.0000 m=90 w=10)
[    173s] seed=K10uK10+e best=+0.000000 (l1=9.0000 l2=9.0000 m=90 w=10)
[    173s] seed=K12uK12 best=-0.000000 (l1=11.0000 l2=11.0000 m=132 w=12)
[    173s] seed=K12uK12+e best=-0.000000 (l1=11.0000 l2=11.0000 m=132 w=12)
[    173s] seed=K15uK15 best=+0.000000 (l1=14.0000 l2=14.0000 m=210 w=15)
[    174s] seed=K15uK15+e best=+0.000000 (l1=14.0000 l2=14.0000 m=210 w=15)
[    174s] seed=K18uK18 best=+0.000000 (l1=17.0000 l2=17.0000 m=306 w=18)
[    175s] seed=K18uK18+e best=+0.000000 (l1=17.0000 l2=17.0000 m=306 w=18)
[    175s] seed=K5uK5 best=+0.000000 (l1=4.0000 l2=4.0000 m=20 w=5)
[    175s] seed=K5uK5+e best=+0.000000 (l1=4.0000 l2=4.0000 m=20 w=5)
[    175s] seed=K8uK8 best=+0.000000 (l1=7.0000 l2=7.0000 m=56 w=8)
[    175s] seed=K8uK8+e best=+0.000000 (l1=7.0000 l2=7.0000 m=56 w=8)
[    176s] seed=K10uK10 best=+0.000000 (l1=9.0000 l2=9.0000 m=90 w=10)
[    176s] seed=K10uK10+e best=+0.000000 (l1=9.0000 l2=9.0000 m=90 w=10)
[    176s] seed=K12uK12 best=-0.000000 (l1=11.0000 l2=11.0000 m=132 w=12)
[    176s] seed=K12uK12+e best=-0.000000 (l1=11.0000 l2=11.0000 m=132 w=12)
[    177s] seed=K15uK15 best=+0.000000 (l1=14.0000 l2=14.0000 m=210 w=15)
[    177s] seed=K15uK15+e best=+0.000000 (l1=14.0000 l2=14.0000 m=210 w=15)
[    178s] seed=K18uK18 best=+0.000000 (l1=17.0000 l2=17.0000 m=306 w=18)
[    178s] seed=K18uK18+e best=+0.000000 (l1=17.0000 l2=17.0000 m=306 w=18)
[    178s] seed=K5uK5 best=+0.000000 (l1=4.0000 l2=4.0000 m=20 w=5)
[    178s] seed=K5uK5+e best=+0.000000 (l1=4.0000 l2=4.0000 m=20 w=5)
[    178s] seed=K8uK8 best=+0.000000 (l1=7.0000 l2=7.0000 m=56 w=8)
[    179s] seed=K8uK8+e best=+0.000000 (l1=7.0000 l2=7.0000 m=56 w=8)
[    179s] seed=K10uK10 best=+0.000000 (l1=9.0000 l2=9.0000 m=90 w=10)
[    179s] seed=K10uK10+e best=+0.000000 (l1=9.0000 l2=9.0000 m=90 w=10)
[    179s] seed=K12uK12 best=-0.000000 (l1=11.0000 l2=11.0000 m=132 w=12)
[    180s] seed=K12uK12+e best=-0.000000 (l1=11.0000 l2=11.0000 m=132 w=12)
[    180s] seed=K15uK15 best=+0.000000 (l1=14.0000 l2=14.0000 m=210 w=15)
[    180s] seed=K15uK15+e best=+0.000000 (l1=14.0000 l2=14.0000 m=210 w=15)
[    181s] seed=K18uK18 best=+0.000000 (l1=17.0000 l2=17.0000 m=306 w=18)
[    181s] seed=K18uK18+e best=+0.000000 (l1=17.0000 l2=17.0000 m=306 w=18)
[    181s] seed=K5uK5 best=+0.000000 (l1=4.0000 l2=4.0000 m=20 w=5)
[    181s] seed=K5uK5+e best=+0.000000 (l1=4.0000 l2=4.0000 m=20 w=5)
[    182s] seed=K8uK8 best=+0.000000 (l1=7.0000 l2=7.0000 m=56 w=8)
[    182s] seed=K8uK8+e best=+0.000000 (l1=7.0000 l2=7.0000 m=56 w=8)
[    182s] seed=K10uK10 best=+0.000000 (l1=9.0000 l2=9.0000 m=90 w=10)
[    182s] seed=K10uK10+e best=+0.000000 (l1=9.0000 l2=9.0000 m=90 w=10)
[    183s] seed=K12uK12 best=-0.000000 (l1=11.0000 l2=11.0000 m=132 w=12)
[    183s] seed=K12uK12+e best=-0.000000 (l1=11.0000 l2=11.0000 m=132 w=12)
[    183s] seed=K15uK15 best=+0.000000 (l1=14.0000 l2=14.0000 m=210 w=15)
[    184s] seed=K15uK15+e best=+0.000000 (l1=14.0000 l2=14.0000 m=210 w=15)
[    184s] seed=K18uK18 best=+0.000000 (l1=17.0000 l2=17.0000 m=306 w=18)
[    185s] seed=K18uK18+e best=+0.000000 (l1=17.0000 l2=17.0000 m=306 w=18)
[    185s] seed=K5uK5 best=+0.000000 (l1=4.0000 l2=4.0000 m=20 w=5)
[    185s] seed=K5uK5+e best=-0.998874 (l1=4.2361 l2=3.8284 m=21 w=5)
[    185s] seed=K8uK8 best=+0.000000 (l1=7.0000 l2=7.0000 m=56 w=8)
[    185s] seed=K8uK8+e best=+0.000000 (l1=7.0000 l2=7.0000 m=56 w=8)
[    185s] seed=K10uK10 best=+0.000000 (l1=9.0000 l2=9.0000 m=90 w=10)
[    186s] seed=K10uK10+e best=+0.000000 (l1=9.0000 l2=9.0000 m=90 w=10)
[    186s] seed=K12uK12 best=-0.000000 (l1=11.0000 l2=11.0000 m=132 w=12)
[    186s] seed=K12uK12+e best=-0.000000 (l1=11.0000 l2=11.0000 m=132 w=12)
[    187s] seed=K15uK15 best=+0.000000 (l1=14.0000 l2=14.0000 m=210 w=15)
[    187s] seed=K15uK15+e best=+0.000000 (l1=14.0000 l2=14.0000 m=210 w=15)
[    187s] seed=K18uK18 best=+0.000000 (l1=17.0000 l2=17.0000 m=306 w=18)
[    188s] seed=K18uK18+e best=+0.000000 (l1=17.0000 l2=17.0000 m=306 w=18)
[    188s] seed=K5uK5 best=+0.000000 (l1=4.0000 l2=4.0000 m=20 w=5)
[    188s] seed=K5uK5+e best=+0.000000 (l1=4.0000 l2=4.0000 m=20 w=5)
[    188s] seed=K8uK8 best=+0.000000 (l1=7.0000 l2=7.0000 m=56 w=8)
[    188s] seed=K8uK8+e best=+0.000000 (l1=7.0000 l2=7.0000 m=56 w=8)
[    189s] seed=K10uK10 best=+0.000000 (l1=9.0000 l2=9.0000 m=90 w=10)
[    189s] seed=K10uK10+e best=+0.000000 (l1=9.0000 l2=9.0000 m=90 w=10)
[    189s] seed=K12uK12 best=-0.000000 (l1=11.0000 l2=11.0000 m=132 w=12)
[    189s] seed=K12uK12+e best=-0.000000 (l1=11.0000 l2=11.0000 m=132 w=12)
[    190s] seed=K15uK15 best=+0.000000 (l1=14.0000 l2=14.0000 m=210 w=15)
[    190s] seed=K15uK15+e best=+0.000000 (l1=14.0000 l2=14.0000 m=210 w=15)
[    191s] seed=K18uK18 best=+0.000000 (l1=17.0000 l2=17.0000 m=306 w=18)
[    191s] seed=K18uK18+e best=+0.000000 (l1=17.0000 l2=17.0000 m=306 w=18)
[    191s] seed=K5uK5 best=+0.000000 (l1=4.0000 l2=4.0000 m=20 w=5)
[    191s] seed=K5uK5+e best=+0.000000 (l1=4.0000 l2=4.0000 m=20 w=5)
[    192s] seed=K8uK8 best=+0.000000 (l1=7.0000 l2=7.0000 m=56 w=8)
[    192s] seed=K8uK8+e best=+0.000000 (l1=7.0000 l2=7.0000 m=56 w=8)
[    192s] seed=K10uK10 best=+0.000000 (l1=9.0000 l2=9.0000 m=90 w=10)
[    192s] seed=K10uK10+e best=+0.000000 (l1=9.0000 l2=9.0000 m=90 w=10)
[    192s] seed=K12uK12 best=-0.000000 (l1=11.0000 l2=11.0000 m=132 w=12)
[    193s] seed=K12uK12+e best=-0.000000 (l1=11.0000 l2=11.0000 m=132 w=12)
[    193s] seed=K15uK15 best=+0.000000 (l1=14.0000 l2=14.0000 m=210 w=15)
[    193s] seed=K15uK15+e best=+0.000000 (l1=14.0000 l2=14.0000 m=210 w=15)
[    194s] seed=K18uK18 best=+0.000000 (l1=17.0000 l2=17.0000 m=306 w=18)
[    194s] seed=K18uK18+e best=+0.000000 (l1=17.0000 l2=17.0000 m=306 w=18)
[    195s] seed=K5uK5 best=+0.000000 (l1=4.0000 l2=4.0000 m=20 w=5)
[    195s] seed=K5uK5+e best=+0.000000 (l1=4.0000 l2=4.0000 m=20 w=5)
[    195s] seed=K8uK8 best=+0.000000 (l1=7.0000 l2=7.0000 m=56 w=8)
[    195s] seed=K8uK8+e best=+0.000000 (l1=7.0000 l2=7.0000 m=56 w=8)
[    195s] seed=K10uK10 best=+0.000000 (l1=9.0000 l2=9.0000 m=90 w=10)
[    195s] seed=K10uK10+e best=+0.000000 (l1=9.0000 l2=9.0000 m=90 w=10)
[    196s] seed=K12uK12 best=-0.000000 (l1=11.0000 l2=11.0000 m=132 w=12)
[    196s] seed=K12uK12+e best=-0.000000 (l1=11.0000 l2=11.0000 m=132 w=12)
[    196s] seed=K15uK15 best=+0.000000 (l1=14.0000 l2=14.0000 m=210 w=15)
[    197s] seed=K15uK15+e best=+0.000000 (l1=14.0000 l2=14.0000 m=210 w=15)
[    197s] seed=K18uK18 best=+0.000000 (l1=17.0000 l2=17.0000 m=306 w=18)
[    198s] seed=K18uK18+e best=+0.000000 (l1=17.0000 l2=17.0000 m=306 w=18)
[    198s] seed=K5uK5 best=+0.000000 (l1=4.0000 l2=4.0000 m=20 w=5)
[    198s] seed=K5uK5+e best=+0.000000 (l1=4.0000 l2=4.0000 m=20 w=5)
[    198s] seed=K8uK8 best=+0.000000 (l1=7.0000 l2=7.0000 m=56 w=8)
[    199s] seed=K8uK8+e best=+0.000000 (l1=7.0000 l2=7.0000 m=56 w=8)
[    199s] seed=K10uK10 best=+0.000000 (l1=9.0000 l2=9.0000 m=90 w=10)
[    199s] seed=K10uK10+e best=+0.000000 (l1=9.0000 l2=9.0000 m=90 w=10)
[    199s] seed=K12uK12 best=-0.000000 (l1=11.0000 l2=11.0000 m=132 w=12)
[    200s] seed=K12uK12+e best=-0.000000 (l1=11.0000 l2=11.0000 m=132 w=12)
[    200s] seed=K15uK15 best=+0.000000 (l1=14.0000 l2=14.0000 m=210 w=15)
[    200s] seed=K15uK15+e best=+0.000000 (l1=14.0000 l2=14.0000 m=210 w=15)
[    201s] seed=K18uK18 best=+0.000000 (l1=17.0000 l2=17.0000 m=306 w=18)
[    201s] seed=K18uK18+e best=+0.000000 (l1=17.0000 l2=17.0000 m=306 w=18)
[    202s] seed=K5uK5 best=+0.000000 (l1=4.0000 l2=4.0000 m=20 w=5)
[    202s] seed=K5uK5+e best=+0.000000 (l1=4.0000 l2=4.0000 m=20 w=5)
[    202s] seed=K8uK8 best=+0.000000 (l1=7.0000 l2=7.0000 m=56 w=8)
[    202s] seed=K8uK8+e best=+0.000000 (l1=7.0000 l2=7.0000 m=56 w=8)
[    202s] seed=K10uK10 best=+0.000000 (l1=9.0000 l2=9.0000 m=90 w=10)
[    202s] seed=K10uK10+e best=+0.000000 (l1=9.0000 l2=9.0000 m=90 w=10)
[    203s] seed=K12uK12 best=-0.000000 (l1=11.0000 l2=11.0000 m=132 w=12)
[    203s] seed=K12uK12+e best=-0.000000 (l1=11.0000 l2=11.0000 m=132 w=12)
[    203s] seed=K15uK15 best=+0.000000 (l1=14.0000 l2=14.0000 m=210 w=15)
[    204s] seed=K15uK15+e best=+0.000000 (l1=14.0000 l2=14.0000 m=210 w=15)
[    204s] seed=K18uK18 best=+0.000000 (l1=17.0000 l2=17.0000 m=306 w=18)
[    205s] seed=K18uK18+e best=+0.000000 (l1=17.0000 l2=17.0000 m=306 w=18)
[    205s] seed=K5uK5 best=+0.000000 (l1=4.0000 l2=4.0000 m=20 w=5)
[    205s] seed=K5uK5+e best=+0.000000 (l1=4.0000 l2=4.0000 m=20 w=5)
[    205s] seed=K8uK8 best=+0.000000 (l1=7.0000 l2=7.0000 m=56 w=8)
[    205s] seed=K8uK8+e best=+0.000000 (l1=7.0000 l2=7.0000 m=56 w=8)
[    205s] seed=K10uK10 best=+0.000000 (l1=9.0000 l2=9.0000 m=90 w=10)
[    206s] seed=K10uK10+e best=+0.000000 (l1=9.0000 l2=9.0000 m=90 w=10)
[    206s] seed=K12uK12 best=-0.000000 (l1=11.0000 l2=11.0000 m=132 w=12)
[    206s] seed=K12uK12+e best=-0.000000 (l1=11.0000 l2=11.0000 m=132 w=12)
[    207s] seed=K15uK15 best=+0.000000 (l1=14.0000 l2=14.0000 m=210 w=15)
[    207s] seed=K15uK15+e best=+0.000000 (l1=14.0000 l2=14.0000 m=210 w=15)
[    207s] seed=K18uK18 best=+0.000000 (l1=17.0000 l2=17.0000 m=306 w=18)
[    208s] seed=K18uK18+e best=+0.000000 (l1=17.0000 l2=17.0000 m=306 w=18)
[    208s] seed=K5uK5 best=+0.000000 (l1=4.0000 l2=4.0000 m=20 w=5)
[    208s] seed=K5uK5+e best=+0.000000 (l1=4.0000 l2=4.0000 m=20 w=5)
[    208s] seed=K8uK8 best=+0.000000 (l1=7.0000 l2=7.0000 m=56 w=8)
[    209s] seed=K8uK8+e best=+0.000000 (l1=7.0000 l2=7.0000 m=56 w=8)
[    209s] seed=K10uK10 best=+0.000000 (l1=9.0000 l2=9.0000 m=90 w=10)
[    209s] seed=K10uK10+e best=+0.000000 (l1=9.0000 l2=9.0000 m=90 w=10)
[    209s] seed=K12uK12 best=-0.000000 (l1=11.0000 l2=11.0000 m=132 w=12)
[    210s] seed=K12uK12+e best=-0.000000 (l1=11.0000 l2=11.0000 m=132 w=12)
[    210s] seed=K15uK15 best=+0.000000 (l1=14.0000 l2=14.0000 m=210 w=15)
[    210s] seed=K15uK15+e best=+0.000000 (l1=14.0000 l2=14.0000 m=210 w=15)
[    211s] seed=K18uK18 best=+0.000000 (l1=17.0000 l2=17.0000 m=306 w=18)
[    211s] seed=K18uK18+e best=+0.000000 (l1=17.0000 l2=17.0000 m=306 w=18)
[    212s] seed=K5uK5 best=+0.000000 (l1=4.0000 l2=4.0000 m=20 w=5)
[    212s] seed=K5uK5+e best=+0.000000 (l1=4.0000 l2=4.0000 m=20 w=5)
[    212s] seed=K8uK8 best=+0.000000 (l1=7.0000 l2=7.0000 m=56 w=8)
[    212s] seed=K8uK8+e best=+0.000000 (l1=7.0000 l2=7.0000 m=56 w=8)
[    212s] seed=K10uK10 best=+0.000000 (l1=9.0000 l2=9.0000 m=90 w=10)
[    212s] seed=K10uK10+e best=+0.000000 (l1=9.0000 l2=9.0000 m=90 w=10)
[    213s] seed=K12uK12 best=-0.000000 (l1=11.0000 l2=11.0000 m=132 w=12)
[    213s] seed=K12uK12+e best=-0.000000 (l1=11.0000 l2=11.0000 m=132 w=12)
[    213s] seed=K15uK15 best=+0.000000 (l1=14.0000 l2=14.0000 m=210 w=15)
[    214s] seed=K15uK15+e best=+0.000000 (l1=14.0000 l2=14.0000 m=210 w=15)
[    214s] seed=K18uK18 best=+0.000000 (l1=17.0000 l2=17.0000 m=306 w=18)
[    215s] seed=K18uK18+e best=+0.000000 (l1=17.0000 l2=17.0000 m=306 w=18)
[    215s] seed=K5uK5 best=+0.000000 (l1=4.0000 l2=4.0000 m=20 w=5)
[    215s] seed=K5uK5+e best=+0.000000 (l1=4.0000 l2=4.0000 m=20 w=5)
[    215s] seed=K8uK8 best=+0.000000 (l1=7.0000 l2=7.0000 m=56 w=8)
[    215s] seed=K8uK8+e best=+0.000000 (l1=7.0000 l2=7.0000 m=56 w=8)
[    215s] seed=K10uK10 best=+0.000000 (l1=9.0000 l2=9.0000 m=90 w=10)
[    216s] seed=K10uK10+e best=+0.000000 (l1=9.0000 l2=9.0000 m=90 w=10)
[    216s] seed=K12uK12 best=-0.000000 (l1=11.0000 l2=11.0000 m=132 w=12)
[    216s] seed=K12uK12+e best=-0.000000 (l1=11.0000 l2=11.0000 m=132 w=12)
