n=6 top MAD-reading (mad_L - R, violation if >0):
  +0.00000000  ECeW
  -0.16666667  E?aG
  -0.27777778  ETmw
  -0.29965983  E?rG
  -0.36602540  ECfW
n=7 top MAD-reading (mad_L - R, violation if >0):
  -0.04081633  F?aKW
  -0.05102041  FCe[w
  -0.27551020  F?ACG
  -0.27796917  F?rMW
  -0.33367343  F?BEG
n=8 top MAD-reading (mad_L - R, violation if >0):
  +0.00000000  G?aK[[
  -0.12500000  G?ACKK
  -0.18750000  GCe[{{
  -0.23205081  G?BEMK
  -0.34164079  G?aK][
n=9 top MAD-reading (mad_L - R, violation if >0):
  -0.03086420  H?ACKMF
  -0.03703704  H?aK[]N
  -0.22222222  H??CCEB
  -0.22342228  H?BEMNF
  -0.25982859  H??EEFB
