[dagrand seed=51] checked=20000 bytau=[(2, 10128), (3, 5286), (4, 2652), (5, 1112), (6, 476), (7, 219), (8, 75), (9, 32), (10, 9), (11, 4), (12, 5), (13, 2)] t=25s
[dagrand seed=51] checked=40000 bytau=[(2, 20167), (3, 10723), (4, 5212), (5, 2245), (6, 977), (7, 432), (8, 141), (9, 64), (10, 18), (11, 12), (12, 6), (13, 2), (14, 1)] t=50s
[dagrand seed=51] checked=60000 bytau=[(2, 30400), (3, 16019), (4, 7742), (5, 3350), (6, 1454), (7, 651), (8, 233), (9, 93), (10, 27), (11, 18), (12, 9), (13, 2), (14, 1), (15, 1)] t=77s
[dagrand seed=51] checked=80000 bytau=[(2, 40643), (3, 21324), (4, 10271), (5, 4487), (6, 1894), (7, 863), (8, 307), (9, 126), (10, 42), (11, 24), (12, 13), (13, 3), (14, 2), (15, 1)] t=104s
[dagrand seed=51] checked=100000 bytau=[(2, 50834), (3, 26500), (4, 12896), (5, 5655), (6, 2385), (7, 1072), (8, 391), (9, 153), (10, 61), (11, 31), (12, 15), (13, 3), (14, 2), (15, 1), (16, 1)] t=132s
[dagrand seed=51] checked=120000 bytau=[(2, 61063), (3, 31765), (4, 15414), (5, 6834), (6, 2847), (7, 1289), (8, 475), (9, 179), (10, 76), (11, 33), (12, 17), (13, 4), (14, 2), (15, 1), (16, 1)] t=157s
[dagrand seed=51] checked=140000 bytau=[(2, 71222), (3, 37170), (4, 17950), (5, 7961), (6, 3325), (7, 1463), (8, 547), (9, 205), (10, 91), (11, 36), (12, 20), (13, 6), (14, 2), (15, 1), (16, 1)] t=183s
[dagrand seed=51] checked=160000 bytau=[(2, 81405), (3, 42533), (4, 20439), (5, 9117), (6, 3819), (7, 1666), (8, 621), (9, 225), (10, 103), (11, 39), (12, 21), (13, 7), (14, 3), (15, 1), (16, 1)] t=207s
[dagrand seed=51] checked=180000 bytau=[(2, 91512), (3, 47857), (4, 23040), (5, 10288), (6, 4291), (7, 1867), (8, 696), (9, 261), (10, 109), (11, 45), (12, 21), (13, 8), (14, 3), (15, 1), (16, 1)] t=234s
[dagrand seed=51] checked=200000 bytau=[(2, 101692), (3, 53240), (4, 25587), (5, 11404), (6, 4752), (7, 2052), (8, 777), (9, 288), (10, 123), (11, 48), (12, 21), (13, 9), (14, 5), (15, 1), (16, 1)] t=262s
[dagrand seed=51] checked=220000 bytau=[(2, 111848), (3, 58486), (4, 28251), (5, 12554), (6, 5209), (7, 2258), (8, 855), (9, 316), (10, 128), (11, 53), (12, 25), (13, 10), (14, 5), (15, 1), (16, 1)] t=289s
[dagrand seed=51] checked=240000 bytau=[(2, 121950), (3, 63792), (4, 30804), (5, 13788), (6, 5686), (7, 2459), (8, 939), (9, 343), (10, 136), (11, 60), (12, 26), (13, 10), (14, 5), (15, 1), (16, 1)] t=317s
[dagrand seed=51] checked=260000 bytau=[(2, 132164), (3, 69024), (4, 33408), (5, 14945), (6, 6184), (7, 2641), (8, 1007), (9, 363), (10, 150), (11, 65), (12, 30), (13, 12), (14, 5), (15, 1), (16, 1)] t=342s
[dagrand seed=51] checked=280000 bytau=[(2, 142335), (3, 74295), (4, 35991), (5, 16099), (6, 6668), (7, 2840), (8, 1088), (9, 395), (10, 165), (11, 71), (12, 33), (13, 13), (14, 5), (15, 1), (16, 1)] t=371s
[dagrand seed=51] checked=300000 bytau=[(2, 152546), (3, 79546), (4, 38570), (5, 17246), (6, 7161), (7, 3038), (8, 1160), (9, 418), (10, 178), (11, 78), (12, 35), (13, 14), (14, 8), (15, 1), (16, 1)] t=395s
[dagrand seed=51] checked=320000 bytau=[(2, 162819), (3, 84802), (4, 41107), (5, 18374), (6, 7658), (7, 3226), (8, 1231), (9, 449), (10, 188), (11, 82), (12, 39), (13, 14), (14, 9), (15, 1), (16, 1)] t=422s
[dagrand seed=51] checked=340000 bytau=[(2, 173036), (3, 90067), (4, 43675), (5, 19516), (6, 8121), (7, 3439), (8, 1311), (9, 481), (10, 202), (11, 85), (12, 40), (13, 16), (14, 9), (15, 1), (16, 1)] t=450s
[dagrand seed=51] checked=360000 bytau=[(2, 183101), (3, 95435), (4, 46294), (5, 20646), (6, 8612), (7, 3635), (8, 1389), (9, 513), (10, 214), (11, 91), (12, 43), (13, 16), (14, 9), (15, 1), (16, 1)] t=474s
[dagrand seed=51] checked=380000 bytau=[(2, 193269), (3, 100734), (4, 48841), (5, 21811), (6, 9105), (7, 3833), (8, 1467), (9, 549), (10, 225), (11, 95), (12, 43), (13, 17), (14, 9), (15, 1), (16, 1)] t=500s
[dagrand seed=51] checked=400000 bytau=[(2, 203375), (3, 106003), (4, 51449), (5, 22993), (6, 9595), (7, 4031), (8, 1562), (9, 579), (10, 235), (11, 102), (12, 46), (13, 18), (14, 10), (15, 1), (16, 1)] t=527s
[dagrand seed=51] checked=420000 bytau=[(2, 213620), (3, 111254), (4, 54025), (5, 24134), (6, 10077), (7, 4239), (8, 1621), (9, 596), (10, 244), (11, 106), (12, 51), (13, 20), (14, 11), (15, 1), (16, 1)] t=554s
[dagrand seed=51] checked=440000 bytau=[(2, 223704), (3, 116603), (4, 56635), (5, 25291), (6, 10532), (7, 4446), (8, 1712), (9, 629), (10, 254), (11, 109), (12, 51), (13, 20), (14, 11), (15, 2), (16, 1)] t=577s
[dagrand seed=51] checked=460000 bytau=[(2, 233772), (3, 121916), (4, 59285), (5, 26449), (6, 11019), (7, 4643), (8, 1791), (9, 651), (10, 269), (11, 115), (12, 54), (13, 20), (14, 12), (15, 3), (16, 1)] t=594s
[dagrand seed=51] checked=480000 bytau=[(2, 243879), (3, 127225), (4, 61894), (5, 27608), (6, 11512), (7, 4841), (8, 1875), (9, 675), (10, 280), (11, 118), (12, 55), (13, 21), (14, 13), (15, 3), (16, 1)] t=609s
[dagrand seed=51] checked=500000 bytau=[(2, 254002), (3, 132542), (4, 64475), (5, 28750), (6, 11990), (7, 5039), (8, 1982), (9, 707), (10, 291), (11, 126), (12, 56), (13, 23), (14, 13), (15, 3), (16, 1)] t=624s
[dagrand seed=51] checked=520000 bytau=[(2, 264092), (3, 137845), (4, 67127), (5, 29883), (6, 12474), (7, 5257), (8, 2050), (9, 738), (10, 306), (11, 128), (12, 58), (13, 24), (14, 14), (15, 3), (16, 1)] t=639s
[dagrand seed=51] checked=540000 bytau=[(2, 274244), (3, 143135), (4, 69741), (5, 31033), (6, 12932), (7, 5468), (8, 2127), (9, 764), (10, 319), (11, 137), (12, 58), (13, 24), (14, 14), (15, 3), (16, 1)] t=654s
[dagrand seed=51] checked=560000 bytau=[(2, 284379), (3, 148498), (4, 72330), (5, 32111), (6, 13427), (7, 5676), (8, 2194), (9, 800), (10, 336), (11, 146), (12, 60), (13, 25), (14, 14), (15, 3), (16, 1)] t=670s
[dagrand seed=51] checked=580000 bytau=[(2, 294570), (3, 153802), (4, 74889), (5, 33252), (6, 13903), (7, 5875), (8, 2254), (9, 848), (10, 344), (11, 152), (12, 63), (13, 29), (14, 14), (15, 4), (16, 1)] t=686s
[dagrand seed=51] checked=600000 bytau=[(2, 304743), (3, 159155), (4, 77424), (5, 34351), (6, 14387), (7, 6093), (8, 2340), (9, 881), (10, 351), (11, 158), (12, 67), (13, 30), (14, 15), (15, 4), (16, 1)] t=701s
[dagrand seed=51] checked=620000 bytau=[(2, 315012), (3, 164307), (4, 80039), (5, 35493), (6, 14893), (7, 6283), (8, 2413), (9, 912), (10, 362), (11, 163), (12, 69), (13, 34), (14, 15), (15, 4), (16, 1)] t=716s
[dagrand seed=51] checked=640000 bytau=[(2, 325128), (3, 169650), (4, 82646), (5, 36652), (6, 15360), (7, 6474), (8, 2491), (9, 938), (10, 370), (11, 166), (12, 70), (13, 35), (14, 15), (15, 4), (16, 1)] t=731s
[dagrand seed=51] checked=660000 bytau=[(2, 335250), (3, 175038), (4, 85231), (5, 37778), (6, 15813), (7, 6665), (8, 2576), (9, 965), (10, 382), (11, 173), (12, 74), (13, 35), (14, 15), (15, 4), (16, 1)] t=746s
[dagrand seed=51] checked=680000 bytau=[(2, 345376), (3, 180353), (4, 87901), (5, 38875), (6, 16289), (7, 6835), (8, 2662), (9, 1002), (10, 395), (11, 177), (12, 76), (13, 38), (14, 15), (15, 4), (16, 2)] t=762s
[dagrand seed=51] checked=700000 bytau=[(2, 355574), (3, 185632), (4, 90478), (5, 40004), (6, 16778), (7, 7034), (8, 2742), (9, 1030), (10, 411), (11, 181), (12, 76), (13, 39), (14, 15), (15, 4), (16, 2)] t=777s
[dagrand seed=51] checked=720000 bytau=[(2, 365732), (3, 191035), (4, 93022), (5, 41126), (6, 17263), (7, 7210), (8, 2816), (9, 1052), (10, 416), (11, 187), (12, 79), (13, 40), (14, 16), (15, 4), (16, 2)] t=792s
[dagrand seed=51] checked=740000 bytau=[(2, 375938), (3, 196297), (4, 95640), (5, 42233), (6, 17744), (7, 7395), (8, 2909), (9, 1079), (10, 427), (11, 193), (12, 82), (13, 41), (14, 16), (15, 4), (16, 2)] t=807s
[dagrand seed=51] checked=760000 bytau=[(2, 386220), (3, 201555), (4, 98162), (5, 43380), (6, 18175), (7, 7607), (8, 3007), (9, 1110), (10, 438), (11, 200), (12, 83), (13, 41), (14, 16), (15, 4), (16, 2)] t=822s
[dagrand seed=51] checked=780000 bytau=[(2, 396465), (3, 206855), (4, 100719), (5, 44511), (6, 18636), (7, 7793), (8, 3080), (9, 1136), (10, 451), (11, 205), (12, 83), (13, 44), (14, 16), (15, 4), (16, 2)] t=837s
[dagrand seed=51] checked=800000 bytau=[(2, 406533), (3, 212151), (4, 103338), (5, 45692), (6, 19130), (7, 8016), (8, 3146), (9, 1165), (10, 462), (11, 210), (12, 89), (13, 44), (14, 17), (15, 5), (16, 2)] t=852s
[dagrand seed=51] checked=820000 bytau=[(2, 416773), (3, 217443), (4, 105863), (5, 46816), (6, 19604), (7, 8234), (8, 3218), (9, 1195), (10, 472), (11, 217), (12, 91), (13, 48), (14, 18), (15, 6), (16, 2)] t=867s
[dagrand seed=51] checked=840000 bytau=[(2, 427034), (3, 222687), (4, 108429), (5, 47988), (6, 20093), (7, 8401), (8, 3280), (9, 1222), (10, 481), (11, 219), (12, 91), (13, 48), (14, 18), (15, 7), (16, 2)] t=881s
[dagrand seed=51] checked=860000 bytau=[(2, 437155), (3, 228000), (4, 110993), (5, 49101), (6, 20655), (7, 8602), (8, 3351), (9, 1250), (10, 495), (11, 226), (12, 95), (13, 49), (14, 19), (15, 7), (16, 2)] t=896s
[dagrand seed=51] checked=880000 bytau=[(2, 447287), (3, 233346), (4, 113559), (5, 50244), (6, 21131), (7, 8796), (8, 3438), (9, 1290), (10, 503), (11, 230), (12, 97), (13, 50), (14, 20), (15, 7), (16, 2)] t=911s
[dagrand seed=51] checked=900000 bytau=[(2, 457385), (3, 238642), (4, 116202), (5, 51385), (6, 21594), (7, 9008), (8, 3521), (9, 1323), (10, 525), (11, 235), (12, 100), (13, 51), (14, 20), (15, 7), (16, 2)] t=927s
[dagrand seed=51] checked=920000 bytau=[(2, 467697), (3, 243838), (4, 118730), (5, 52559), (6, 22042), (7, 9214), (8, 3611), (9, 1349), (10, 534), (11, 241), (12, 103), (13, 53), (14, 20), (15, 7), (16, 2)] t=942s
[dagrand seed=51] checked=940000 bytau=[(2, 477889), (3, 249147), (4, 121379), (5, 53653), (6, 22504), (7, 9381), (8, 3691), (9, 1376), (10, 548), (11, 244), (12, 103), (13, 53), (14, 22), (15, 7), (16, 2), (17, 1)] t=956s
[dagrand seed=51] checked=960000 bytau=[(2, 488030), (3, 254489), (4, 123980), (5, 54750), (6, 23004), (7, 9579), (8, 3764), (9, 1404), (10, 559), (11, 249), (12, 104), (13, 55), (14, 23), (15, 7), (16, 2), (17, 1)] t=971s
[dagrand seed=51] checked=980000 bytau=[(2, 498120), (3, 259784), (4, 126669), (5, 55901), (6, 23487), (7, 9751), (8, 3832), (9, 1441), (10, 564), (11, 254), (12, 106), (13, 57), (14, 24), (15, 7), (16, 2), (17, 1)] t=987s
[dagrand seed=51] checked=1000000 bytau=[(2, 508241), (3, 265110), (4, 129215), (5, 57088), (6, 23979), (7, 9951), (8, 3905), (9, 1474), (10, 578), (11, 258), (12, 106), (13, 60), (14, 24), (15, 8), (16, 2), (17, 1)] t=1003s
[dagrand seed=51] checked=1020000 bytau=[(2, 518398), (3, 270474), (4, 131803), (5, 58262), (6, 24397), (7, 10138), (8, 3976), (9, 1495), (10, 588), (11, 265), (12, 109), (13, 60), (14, 24), (15, 8), (16, 2), (17, 1)] t=1017s
[dagrand seed=51] checked=1040000 bytau=[(2, 528446), (3, 275990), (4, 134422), (5, 59343), (6, 24833), (7, 10313), (8, 4059), (9, 1519), (10, 599), (11, 270), (12, 109), (13, 61), (14, 24), (15, 9), (16, 2), (17, 1)] t=1033s
[dagrand seed=51] checked=1060000 bytau=[(2, 538597), (3, 281313), (4, 136971), (5, 60520), (6, 25305), (7, 10522), (8, 4133), (9, 1543), (10, 608), (11, 275), (12, 114), (13, 62), (14, 25), (15, 9), (16, 2), (17, 1)] t=1048s
[dagrand seed=51] checked=1080000 bytau=[(2, 548853), (3, 286638), (4, 139490), (5, 61653), (6, 25769), (7, 10705), (8, 4206), (9, 1568), (10, 622), (11, 280), (12, 115), (13, 64), (14, 25), (15, 9), (16, 2), (17, 1)] t=1063s
[dagrand seed=51] checked=1100000 bytau=[(2, 558896), (3, 291995), (4, 142086), (5, 62834), (6, 26270), (7, 10902), (8, 4289), (9, 1603), (10, 626), (11, 282), (12, 115), (13, 64), (14, 26), (15, 9), (16, 2), (17, 1)] t=1078s
[dagrand seed=51] checked=1120000 bytau=[(2, 569131), (3, 297260), (4, 144616), (5, 64047), (6, 26724), (7, 11089), (8, 4355), (9, 1634), (10, 638), (11, 286), (12, 118), (13, 64), (14, 26), (15, 9), (16, 2), (17, 1)] t=1094s
[dagrand seed=51] checked=1140000 bytau=[(2, 579368), (3, 302525), (4, 147226), (5, 65148), (6, 27193), (7, 11278), (8, 4431), (9, 1662), (10, 651), (11, 292), (12, 119), (13, 67), (14, 28), (15, 9), (16, 2), (17, 1)] t=1109s
[dagrand seed=51] checked=1160000 bytau=[(2, 589597), (3, 307833), (4, 149775), (5, 66239), (6, 27659), (7, 11495), (8, 4506), (9, 1705), (10, 663), (11, 297), (12, 122), (13, 68), (14, 29), (15, 9), (16, 2), (17, 1)] t=1124s
[dagrand seed=51] checked=1180000 bytau=[(2, 599854), (3, 313111), (4, 152313), (5, 67365), (6, 28154), (7, 11674), (8, 4579), (9, 1740), (10, 676), (11, 301), (12, 123), (13, 68), (14, 29), (15, 9), (16, 3), (17, 1)] t=1139s
[dagrand seed=51] checked=1200000 bytau=[(2, 610179), (3, 318323), (4, 154885), (5, 68499), (6, 28608), (7, 11857), (8, 4657), (9, 1765), (10, 683), (11, 310), (12, 123), (13, 69), (14, 29), (15, 9), (16, 3), (17, 1)] t=1154s
[dagrand seed=51] checked=1220000 bytau=[(2, 620444), (3, 323592), (4, 157462), (5, 69568), (6, 29099), (7, 12051), (8, 4741), (9, 1788), (10, 697), (11, 318), (12, 127), (13, 69), (14, 30), (15, 10), (16, 3), (17, 1)] t=1169s
[dagrand seed=51] checked=1240000 bytau=[(2, 630658), (3, 328884), (4, 160063), (5, 70650), (6, 29599), (7, 12245), (8, 4816), (9, 1814), (10, 706), (11, 321), (12, 129), (13, 69), (14, 31), (15, 11), (16, 3), (17, 1)] t=1184s
[dagrand seed=51] checked=1260000 bytau=[(2, 640807), (3, 334140), (4, 162667), (5, 71818), (6, 30079), (7, 12451), (8, 4897), (9, 1850), (10, 715), (11, 328), (12, 131), (13, 71), (14, 31), (15, 11), (16, 3), (17, 1)] t=1200s
[dagrand seed=51] checked=1280000 bytau=[(2, 651003), (3, 339424), (4, 165222), (5, 72951), (6, 30572), (7, 12649), (8, 4986), (9, 1878), (10, 727), (11, 333), (12, 134), (13, 73), (14, 32), (15, 11), (16, 4), (17, 1)] t=1216s
[dagrand seed=51] checked=1300000 bytau=[(2, 661133), (3, 344756), (4, 167831), (5, 74093), (6, 31068), (7, 12821), (8, 5049), (9, 1908), (10, 743), (11, 339), (12, 136), (13, 75), (14, 32), (15, 11), (16, 4), (17, 1)] t=1230s
[dagrand seed=51] checked=1320000 bytau=[(2, 671189), (3, 350013), (4, 170544), (5, 75252), (6, 31552), (7, 13016), (8, 5133), (9, 1937), (10, 753), (11, 347), (12, 139), (13, 76), (14, 33), (15, 11), (16, 4), (17, 1)] t=1245s
[dagrand seed=51] checked=1340000 bytau=[(2, 681431), (3, 355316), (4, 173079), (5, 76391), (6, 32022), (7, 13200), (8, 5220), (9, 1957), (10, 768), (11, 348), (12, 143), (13, 76), (14, 33), (15, 11), (16, 4), (17, 1)] t=1260s
[dagrand seed=51] checked=1360000 bytau=[(2, 691684), (3, 360509), (4, 175677), (5, 77514), (6, 32539), (7, 13398), (8, 5297), (9, 1990), (10, 771), (11, 351), (12, 144), (13, 77), (14, 33), (15, 11), (16, 4), (17, 1)] t=1275s
[dagrand seed=51] checked=1380000 bytau=[(2, 701934), (3, 365748), (4, 178222), (5, 78633), (6, 33064), (7, 13602), (8, 5370), (9, 2017), (10, 782), (11, 356), (12, 146), (13, 77), (14, 33), (15, 11), (16, 4), (17, 1)] t=1290s
[dagrand seed=51] checked=1400000 bytau=[(2, 712155), (3, 370877), (4, 180881), (5, 79811), (6, 33575), (7, 13788), (8, 5440), (9, 2046), (10, 795), (11, 360), (12, 146), (13, 77), (14, 33), (15, 11), (16, 4), (17, 1)] t=1305s
[dagrand seed=51] checked=1420000 bytau=[(2, 722278), (3, 376181), (4, 183519), (5, 80921), (6, 34086), (7, 13988), (8, 5504), (9, 2078), (10, 804), (11, 365), (12, 147), (13, 79), (14, 34), (15, 11), (16, 4), (17, 1)] t=1320s
[dagrand seed=51] checked=1440000 bytau=[(2, 732389), (3, 381496), (4, 186084), (5, 82093), (6, 34587), (7, 14204), (8, 5578), (9, 2100), (10, 815), (11, 374), (12, 149), (13, 81), (14, 34), (15, 11), (16, 4), (17, 1)] t=1335s
[dagrand seed=51] checked=1460000 bytau=[(2, 742635), (3, 386778), (4, 188624), (5, 83232), (6, 35084), (7, 14382), (8, 5654), (9, 2128), (10, 824), (11, 376), (12, 151), (13, 81), (14, 34), (15, 12), (16, 4), (17, 1)] t=1349s
[dagrand seed=51] checked=1480000 bytau=[(2, 752791), (3, 392137), (4, 191217), (5, 84372), (6, 35540), (7, 14558), (8, 5723), (9, 2155), (10, 838), (11, 383), (12, 154), (13, 81), (14, 34), (15, 12), (16, 4), (17, 1)] t=1364s
[dagrand seed=51] checked=1500000 bytau=[(2, 762944), (3, 397464), (4, 193700), (5, 85545), (6, 36062), (7, 14773), (8, 5800), (9, 2185), (10, 850), (11, 386), (12, 155), (13, 84), (14, 34), (15, 12), (16, 5), (17, 1)] t=1379s
[dagrand seed=51] checked=1520000 bytau=[(2, 773133), (3, 402677), (4, 196272), (5, 86723), (6, 36566), (7, 14980), (8, 5893), (9, 2208), (10, 861), (11, 390), (12, 161), (13, 84), (14, 34), (15, 12), (16, 5), (17, 1)] t=1394s
[dagrand seed=51] checked=1540000 bytau=[(2, 783202), (3, 408026), (4, 198885), (5, 87885), (6, 37051), (7, 15175), (8, 5967), (9, 2238), (10, 874), (11, 393), (12, 165), (13, 84), (14, 35), (15, 13), (16, 6), (17, 1)] t=1409s
[dagrand seed=51] checked=1560000 bytau=[(2, 793278), (3, 413398), (4, 201476), (5, 89056), (6, 37523), (7, 15364), (8, 6042), (9, 2274), (10, 886), (11, 395), (12, 166), (13, 86), (14, 36), (15, 13), (16, 6), (17, 1)] t=1424s
[dagrand seed=51] checked=1580000 bytau=[(2, 803399), (3, 418787), (4, 204030), (5, 90178), (6, 38007), (7, 15551), (8, 6133), (9, 2308), (10, 894), (11, 400), (12, 171), (13, 86), (14, 36), (15, 13), (16, 6), (17, 1)] t=1441s
[dagrand seed=51] checked=1600000 bytau=[(2, 813762), (3, 424073), (4, 206585), (5, 91229), (6, 38423), (7, 15755), (8, 6207), (9, 2336), (10, 906), (11, 407), (12, 173), (13, 87), (14, 36), (15, 14), (16, 6), (17, 1)] t=1457s
[dagrand seed=51] checked=1620000 bytau=[(2, 823861), (3, 429429), (4, 209184), (5, 92381), (6, 38913), (7, 15948), (8, 6268), (9, 2357), (10, 920), (11, 414), (12, 178), (13, 88), (14, 37), (15, 15), (16, 6), (17, 1)] t=1472s
[dagrand seed=51] checked=1640000 bytau=[(2, 834041), (3, 434760), (4, 211778), (5, 93499), (6, 39359), (7, 16139), (8, 6346), (9, 2392), (10, 938), (11, 417), (12, 182), (13, 90), (14, 37), (15, 15), (16, 6), (17, 1)] t=1488s
[dagrand seed=51] checked=1660000 bytau=[(2, 844188), (3, 440066), (4, 214430), (5, 94610), (6, 39821), (7, 16332), (8, 6423), (9, 2426), (10, 946), (11, 425), (12, 183), (13, 91), (14, 37), (15, 15), (16, 6), (17, 1)] t=1504s
[dagrand seed=51] checked=1680000 bytau=[(2, 854480), (3, 445277), (4, 217024), (5, 95743), (6, 40297), (7, 16511), (8, 6492), (9, 2449), (10, 962), (11, 431), (12, 184), (13, 91), (14, 37), (15, 15), (16, 6), (17, 1)] t=1522s
[dagrand seed=51] checked=1700000 bytau=[(2, 864760), (3, 450460), (4, 219663), (5, 96857), (6, 40781), (7, 16695), (8, 6552), (9, 2478), (10, 977), (11, 438), (12, 187), (13, 92), (14, 38), (15, 15), (16, 6), (17, 1)] t=1537s
[dagrand seed=51] checked=1720000 bytau=[(2, 874928), (3, 455861), (4, 222195), (5, 97973), (6, 41267), (7, 16861), (8, 6639), (9, 2502), (10, 991), (11, 440), (12, 189), (13, 92), (14, 38), (15, 15), (16, 8), (17, 1)] t=1552s
[dagrand seed=51] checked=1740000 bytau=[(2, 885087), (3, 461225), (4, 224695), (5, 99126), (6, 41752), (7, 17069), (8, 6715), (9, 2538), (10, 1002), (11, 444), (12, 192), (13, 93), (14, 38), (15, 15), (16, 8), (17, 1)] t=1571s
[dagrand seed=51] checked=1760000 bytau=[(2, 895142), (3, 466593), (4, 227343), (5, 100271), (6, 42205), (7, 17280), (8, 6791), (9, 2564), (10, 1014), (11, 447), (12, 192), (13, 95), (14, 39), (15, 15), (16, 8), (17, 1)] t=1586s
[dagrand seed=51] checked=1780000 bytau=[(2, 905191), (3, 471903), (4, 229990), (5, 101406), (6, 42710), (7, 17503), (8, 6867), (9, 2597), (10, 1024), (11, 454), (12, 195), (13, 97), (14, 39), (15, 15), (16, 8), (17, 1)] t=1601s
[dagrand seed=51] checked=1800000 bytau=[(2, 915463), (3, 477152), (4, 232518), (5, 102565), (6, 43198), (7, 17687), (8, 6950), (9, 2617), (10, 1038), (11, 455), (12, 195), (13, 98), (14, 39), (15, 15), (16, 9), (17, 1)] t=1615s
[dagrand seed=51] checked=1820000 bytau=[(2, 925653), (3, 482442), (4, 235079), (5, 103722), (6, 43680), (7, 17886), (8, 7022), (9, 2645), (10, 1051), (11, 460), (12, 197), (13, 99), (14, 39), (15, 15), (16, 9), (17, 1)] t=1630s
[dagrand seed=51] checked=1840000 bytau=[(2, 935857), (3, 487717), (4, 237664), (5, 104874), (6, 44176), (7, 18066), (8, 7084), (9, 2673), (10, 1062), (11, 465), (12, 198), (13, 100), (14, 39), (15, 15), (16, 9), (17, 1)] t=1646s
[dagrand seed=51] checked=1860000 bytau=[(2, 946062), (3, 493014), (4, 240251), (5, 105971), (6, 44669), (7, 18255), (8, 7162), (9, 2704), (10, 1076), (11, 471), (12, 200), (13, 101), (14, 39), (15, 15), (16, 9), (17, 1)] t=1661s
[dagrand seed=51] checked=1880000 bytau=[(2, 956332), (3, 498260), (4, 242819), (5, 107090), (6, 45142), (7, 18464), (8, 7227), (9, 2735), (10, 1089), (11, 474), (12, 202), (13, 101), (14, 40), (15, 15), (16, 9), (17, 1)] t=1676s
[dagrand seed=51] checked=1900000 bytau=[(2, 966383), (3, 503652), (4, 245403), (5, 108253), (6, 45622), (7, 18670), (8, 7299), (9, 2764), (10, 1104), (11, 477), (12, 205), (13, 102), (14, 41), (15, 15), (16, 9), (17, 1)] t=1691s
[dagrand seed=51] checked=1920000 bytau=[(2, 976621), (3, 508964), (4, 247941), (5, 109373), (6, 46114), (7, 18865), (8, 7360), (9, 2792), (10, 1112), (11, 482), (12, 207), (13, 103), (14, 41), (15, 15), (16, 9), (17, 1)] t=1706s
[dagrand seed=51] checked=1940000 bytau=[(2, 986870), (3, 514162), (4, 250465), (5, 110552), (6, 46612), (7, 19070), (8, 7452), (9, 2822), (10, 1127), (11, 486), (12, 210), (13, 104), (14, 42), (15, 15), (16, 10), (17, 1)] t=1721s
[dagrand seed=51] checked=1960000 bytau=[(2, 997150), (3, 519380), (4, 253037), (5, 111686), (6, 47103), (7, 19240), (8, 7537), (9, 2848), (10, 1140), (11, 493), (12, 211), (13, 107), (14, 42), (15, 15), (16, 10), (17, 1)] t=1737s
[dagrand seed=51] checked=1980000 bytau=[(2, 1007359), (3, 524635), (4, 255652), (5, 112850), (6, 47541), (7, 19428), (8, 7613), (9, 2877), (10, 1151), (11, 504), (12, 214), (13, 108), (14, 42), (15, 15), (16, 10), (17, 1)] t=1761s
[dagrand seed=51] checked=2000000 bytau=[(2, 1017713), (3, 529779), (4, 258223), (5, 114009), (6, 47992), (7, 19623), (8, 7690), (9, 2904), (10, 1160), (11, 509), (12, 217), (13, 113), (14, 42), (15, 15), (16, 10), (17, 1)] t=1781s
[dagrand seed=51] checked=2020000 bytau=[(2, 1027831), (3, 535136), (4, 260790), (5, 115173), (6, 48434), (7, 19833), (8, 7779), (9, 2935), (10, 1173), (11, 514), (12, 220), (13, 114), (14, 42), (15, 15), (16, 10), (17, 1)] t=1801s
[dagrand seed=51] checked=2040000 bytau=[(2, 1037989), (3, 540492), (4, 263383), (5, 116296), (6, 48873), (7, 20031), (8, 7866), (9, 2963), (10, 1184), (11, 517), (12, 222), (13, 116), (14, 42), (15, 15), (16, 10), (17, 1)] t=1824s
[dagrand seed=51] checked=2060000 bytau=[(2, 1048087), (3, 545892), (4, 265905), (5, 117454), (6, 49379), (7, 20212), (8, 7943), (9, 2999), (10, 1193), (11, 523), (12, 224), (13, 118), (14, 45), (15, 15), (16, 10), (17, 1)] t=1845s
[dagrand seed=51] checked=2080000 bytau=[(2, 1058249), (3, 551171), (4, 268488), (5, 118642), (6, 49851), (7, 20414), (8, 8015), (9, 3024), (10, 1202), (11, 528), (12, 226), (13, 118), (14, 45), (15, 15), (16, 10), (17, 2)] t=1866s
[dagrand seed=51] checked=2100000 bytau=[(2, 1068410), (3, 556450), (4, 271188), (5, 119757), (6, 50311), (7, 20586), (8, 8082), (9, 3055), (10, 1207), (11, 533), (12, 229), (13, 119), (14, 46), (15, 15), (16, 10), (17, 2)] t=1883s
[dagrand seed=51] checked=2120000 bytau=[(2, 1078619), (3, 561721), (4, 273816), (5, 120832), (6, 50785), (7, 20806), (8, 8161), (9, 3080), (10, 1220), (11, 538), (12, 229), (13, 120), (14, 46), (15, 15), (16, 10), (17, 2)] t=1904s
[dagrand seed=51] checked=2140000 bytau=[(2, 1088828), (3, 567053), (4, 276335), (5, 121993), (6, 51249), (7, 20980), (8, 8243), (9, 3113), (10, 1235), (11, 544), (12, 233), (13, 121), (14, 46), (15, 15), (16, 10), (17, 2)] t=1927s
[dagrand seed=51] checked=2160000 bytau=[(2, 1098880), (3, 572421), (4, 278919), (5, 123185), (6, 51705), (7, 21188), (8, 8330), (9, 3144), (10, 1248), (11, 548), (12, 236), (13, 121), (14, 47), (15, 16), (16, 10), (17, 2)] t=1946s
[dagrand seed=51] checked=2180000 bytau=[(2, 1109020), (3, 577770), (4, 281440), (5, 124330), (6, 52194), (7, 21396), (8, 8422), (9, 3180), (10, 1262), (11, 552), (12, 236), (13, 122), (14, 48), (15, 16), (16, 10), (17, 2)] t=1965s
[dagrand seed=51] checked=2200000 bytau=[(2, 1119124), (3, 583138), (4, 284009), (5, 125504), (6, 52658), (7, 21593), (8, 8502), (9, 3210), (10, 1272), (11, 553), (12, 238), (13, 122), (14, 49), (15, 16), (16, 10), (17, 2)] t=1987s
[dagrand seed=51] checked=2220000 bytau=[(2, 1129365), (3, 588475), (4, 286568), (5, 126606), (6, 53110), (7, 21792), (8, 8565), (9, 3234), (10, 1287), (11, 558), (12, 240), (13, 123), (14, 49), (15, 16), (16, 10), (17, 2)] t=2006s
[dagrand seed=51] checked=2240000 bytau=[(2, 1139499), (3, 593836), (4, 289158), (5, 127701), (6, 53590), (7, 21999), (8, 8643), (9, 3263), (10, 1303), (11, 564), (12, 242), (13, 124), (14, 49), (15, 16), (16, 11), (17, 2)] t=2029s
[dagrand seed=51] checked=2260000 bytau=[(2, 1149681), (3, 599170), (4, 291721), (5, 128808), (6, 54077), (7, 22210), (8, 8711), (9, 3295), (10, 1312), (11, 569), (12, 244), (13, 124), (14, 49), (15, 16), (16, 11), (17, 2)] t=2048s
[dagrand seed=51] checked=2280000 bytau=[(2, 1159827), (3, 604511), (4, 294281), (5, 129943), (6, 54588), (7, 22387), (8, 8788), (9, 3328), (10, 1319), (11, 577), (12, 247), (13, 125), (14, 50), (15, 16), (16, 11), (17, 2)] t=2068s
[dagrand seed=51] checked=2300000 bytau=[(2, 1169990), (3, 609844), (4, 296833), (5, 131059), (6, 55089), (7, 22597), (8, 8865), (9, 3360), (10, 1329), (11, 579), (12, 247), (13, 125), (14, 53), (15, 17), (16, 11), (17, 2)] t=2090s
[dagrand seed=51] checked=2320000 bytau=[(2, 1180241), (3, 615204), (4, 299350), (5, 132139), (6, 55573), (7, 22777), (8, 8956), (9, 3376), (10, 1343), (11, 581), (12, 249), (13, 125), (14, 54), (15, 18), (16, 12), (17, 2)] t=2110s
[dagrand seed=51] checked=2340000 bytau=[(2, 1190408), (3, 620474), (4, 301931), (5, 133335), (6, 56040), (7, 22980), (8, 9021), (9, 3405), (10, 1353), (11, 587), (12, 253), (13, 125), (14, 56), (15, 18), (16, 12), (17, 2)] t=2131s
[dagrand seed=51] checked=2360000 bytau=[(2, 1200498), (3, 625840), (4, 304499), (5, 134491), (6, 56531), (7, 23181), (8, 9091), (9, 3436), (10, 1365), (11, 595), (12, 255), (13, 130), (14, 56), (15, 18), (16, 12), (17, 2)] t=2157s
[dagrand seed=51] checked=2380000 bytau=[(2, 1210623), (3, 631184), (4, 307075), (5, 135643), (6, 57006), (7, 23381), (8, 9163), (9, 3466), (10, 1379), (11, 599), (12, 255), (13, 134), (14, 59), (15, 19), (16, 12), (17, 2)] t=2178s
[dagrand seed=51] checked=2400000 bytau=[(2, 1220636), (3, 636560), (4, 309626), (5, 136875), (6, 57515), (7, 23576), (8, 9241), (9, 3491), (10, 1391), (11, 602), (12, 259), (13, 136), (14, 59), (15, 19), (16, 12), (17, 2)] t=2203s
[dagrand seed=51] checked=2420000 bytau=[(2, 1230936), (3, 641739), (4, 312182), (5, 138025), (6, 57987), (7, 23788), (8, 9323), (9, 3526), (10, 1398), (11, 607), (12, 260), (13, 137), (14, 59), (15, 19), (16, 12), (17, 2)] t=2228s
[dagrand seed=51] checked=2440000 bytau=[(2, 1241074), (3, 647010), (4, 314783), (5, 139203), (6, 58481), (7, 23974), (8, 9406), (9, 3558), (10, 1410), (11, 610), (12, 261), (13, 137), (14, 59), (15, 20), (16, 12), (17, 2)] t=2250s
[dagrand seed=51] checked=2460000 bytau=[(2, 1251107), (3, 652433), (4, 317391), (5, 140327), (6, 58954), (7, 24183), (8, 9482), (9, 3590), (10, 1423), (11, 615), (12, 264), (13, 138), (14, 59), (15, 20), (16, 12), (17, 2)] t=2273s
[dagrand seed=51] checked=2480000 bytau=[(2, 1261207), (3, 657863), (4, 319932), (5, 141455), (6, 59415), (7, 24402), (8, 9557), (9, 3612), (10, 1438), (11, 619), (12, 267), (13, 139), (14, 60), (15, 20), (16, 12), (17, 2)] t=2292s
[dagrand seed=51] checked=2500000 bytau=[(2, 1271392), (3, 663216), (4, 322505), (5, 142581), (6, 59884), (7, 24587), (8, 9617), (9, 3648), (10, 1447), (11, 622), (12, 268), (13, 139), (14, 60), (15, 20), (16, 12), (17, 2)] t=2314s
[dagrand seed=51] checked=2520000 bytau=[(2, 1281575), (3, 668513), (4, 325096), (5, 143744), (6, 60354), (7, 24774), (8, 9683), (9, 3673), (10, 1458), (11, 627), (12, 268), (13, 140), (14, 61), (15, 20), (16, 12), (17, 2)] t=2337s
[dagrand seed=51] checked=2540000 bytau=[(2, 1291693), (3, 673795), (4, 327747), (5, 144887), (6, 60822), (7, 24980), (8, 9768), (9, 3705), (10, 1470), (11, 628), (12, 270), (13, 140), (14, 61), (15, 20), (16, 12), (17, 2)] t=2360s
[dagrand seed=51] checked=2560000 bytau=[(2, 1301886), (3, 679004), (4, 330432), (5, 145979), (6, 61337), (7, 25146), (8, 9853), (9, 3730), (10, 1488), (11, 635), (12, 273), (13, 142), (14, 61), (15, 20), (16, 12), (17, 2)] t=2384s
[dagrand seed=51] checked=2580000 bytau=[(2, 1311967), (3, 684283), (4, 333042), (5, 147171), (6, 61849), (7, 25342), (8, 9928), (9, 3765), (10, 1502), (11, 640), (12, 273), (13, 143), (14, 61), (15, 20), (16, 12), (17, 2)] t=2408s
[dagrand seed=51] checked=2600000 bytau=[(2, 1322216), (3, 689608), (4, 335556), (5, 148280), (6, 62330), (7, 25540), (8, 10005), (9, 3793), (10, 1513), (11, 645), (12, 276), (13, 143), (14, 61), (15, 20), (16, 12), (17, 2)] t=2433s
[dagrand seed=51] checked=2620000 bytau=[(2, 1332355), (3, 694851), (4, 338208), (5, 149474), (6, 62760), (7, 25750), (8, 10091), (9, 3821), (10, 1523), (11, 649), (12, 279), (13, 143), (14, 62), (15, 20), (16, 12), (17, 2)] t=2456s
[dagrand seed=51] checked=2640000 bytau=[(2, 1342458), (3, 700218), (4, 340758), (5, 150647), (6, 63233), (7, 25959), (8, 10175), (9, 3849), (10, 1533), (11, 650), (12, 279), (13, 144), (14, 63), (15, 20), (16, 12), (17, 2)] t=2483s
[dagrand seed=51] checked=2660000 bytau=[(2, 1352572), (3, 705590), (4, 343325), (5, 151812), (6, 63710), (7, 26150), (8, 10241), (9, 3876), (10, 1543), (11, 655), (12, 281), (13, 146), (14, 64), (15, 20), (16, 12), (17, 2), (18, 1)] t=2506s
[dagrand seed=51] checked=2680000 bytau=[(2, 1362692), (3, 710953), (4, 345852), (5, 152999), (6, 64181), (7, 26353), (8, 10319), (9, 3906), (10, 1553), (11, 660), (12, 283), (13, 147), (14, 67), (15, 20), (16, 12), (17, 2), (18, 1)] t=2532s
[dagrand seed=51] checked=2700000 bytau=[(2, 1372888), (3, 716208), (4, 348466), (5, 154133), (6, 64657), (7, 26554), (8, 10388), (9, 3935), (10, 1566), (11, 664), (12, 287), (13, 151), (14, 67), (15, 20), (16, 12), (17, 3), (18, 1)] t=2557s
[dagrand seed=51] checked=2720000 bytau=[(2, 1383191), (3, 721460), (4, 351025), (5, 155255), (6, 65097), (7, 26756), (8, 10463), (9, 3970), (10, 1570), (11, 668), (12, 291), (13, 151), (14, 67), (15, 20), (16, 12), (17, 3), (18, 1)] t=2577s
[dagrand seed=51] checked=2740000 bytau=[(2, 1393366), (3, 726728), (4, 353576), (5, 156468), (6, 65586), (7, 26929), (8, 10543), (9, 3995), (10, 1582), (11, 674), (12, 296), (13, 152), (14, 68), (15, 21), (16, 12), (17, 3), (18, 1)] t=2597s
[dagrand seed=51] checked=2760000 bytau=[(2, 1403465), (3, 732103), (4, 356172), (5, 157613), (6, 66063), (7, 27118), (8, 10613), (9, 4029), (10, 1590), (11, 678), (12, 298), (13, 153), (14, 68), (15, 21), (16, 12), (17, 3), (18, 1)] t=2620s
[dagrand seed=51] checked=2780000 bytau=[(2, 1413666), (3, 737506), (4, 358655), (5, 158748), (6, 66533), (7, 27307), (8, 10678), (9, 4058), (10, 1603), (11, 686), (12, 301), (13, 154), (14, 68), (15, 21), (16, 12), (17, 3), (18, 1)] t=2640s
[dagrand seed=51] checked=2800000 bytau=[(2, 1423825), (3, 742904), (4, 361229), (5, 159833), (6, 66999), (7, 27484), (8, 10758), (9, 4092), (10, 1620), (11, 692), (12, 304), (13, 155), (14, 68), (15, 21), (16, 12), (17, 3), (18, 1)] t=2661s
[dagrand seed=51] checked=2820000 bytau=[(2, 1433916), (3, 748249), (4, 363864), (5, 160977), (6, 67483), (7, 27661), (8, 10826), (9, 4126), (10, 1636), (11, 696), (12, 305), (13, 155), (14, 69), (15, 21), (16, 12), (17, 3), (18, 1)] t=2688s
[dagrand seed=51] checked=2840000 bytau=[(2, 1443965), (3, 753552), (4, 366471), (5, 162133), (6, 68024), (7, 27857), (8, 10908), (9, 4161), (10, 1650), (11, 704), (12, 311), (13, 157), (14, 70), (15, 21), (16, 12), (17, 3), (18, 1)] t=2713s
[dagrand seed=51] checked=2860000 bytau=[(2, 1454173), (3, 758791), (4, 369052), (5, 163279), (6, 68485), (7, 28070), (8, 10998), (9, 4194), (10, 1666), (11, 713), (12, 314), (13, 158), (14, 70), (15, 21), (16, 12), (17, 3), (18, 1)] t=2735s
[dagrand seed=51] checked=2880000 bytau=[(2, 1464217), (3, 764030), (4, 371706), (5, 164482), (6, 69006), (7, 28275), (8, 11075), (9, 4234), (10, 1680), (11, 715), (12, 314), (13, 158), (14, 71), (15, 21), (16, 12), (17, 3), (18, 1)] t=2753s
[dagrand seed=51] checked=2900000 bytau=[(2, 1474561), (3, 769195), (4, 374293), (5, 165592), (6, 69491), (7, 28456), (8, 11159), (9, 4258), (10, 1691), (11, 720), (12, 316), (13, 159), (14, 72), (15, 21), (16, 12), (17, 3), (18, 1)] t=2774s
[dagrand seed=51] checked=2920000 bytau=[(2, 1484811), (3, 774424), (4, 376884), (5, 166710), (6, 69974), (7, 28639), (8, 11255), (9, 4289), (10, 1699), (11, 725), (12, 321), (13, 160), (14, 72), (15, 21), (16, 12), (17, 3), (18, 1)] t=2803s
[dagrand seed=51] checked=2940000 bytau=[(2, 1495007), (3, 779722), (4, 379444), (5, 167853), (6, 70470), (7, 28849), (8, 11317), (9, 4307), (10, 1706), (11, 730), (12, 325), (13, 160), (14, 73), (15, 21), (16, 12), (17, 3), (18, 1)] t=2826s
[dagrand seed=51] checked=2960000 bytau=[(2, 1505111), (3, 784972), (4, 382136), (5, 169016), (6, 70932), (7, 29038), (8, 11400), (9, 4337), (10, 1722), (11, 736), (12, 327), (13, 161), (14, 73), (15, 22), (16, 12), (17, 4), (18, 1)] t=2847s
[dagrand seed=51] checked=2980000 bytau=[(2, 1515311), (3, 790217), (4, 384715), (5, 170162), (6, 71412), (7, 29250), (8, 11485), (9, 4367), (10, 1733), (11, 738), (12, 335), (13, 162), (14, 74), (15, 22), (16, 12), (17, 4), (18, 1)] t=2868s
[dagrand seed=51] checked=3000000 bytau=[(2, 1525414), (3, 795614), (4, 387269), (5, 171328), (6, 71884), (7, 29435), (8, 11556), (9, 4400), (10, 1746), (11, 742), (12, 337), (13, 162), (14, 74), (15, 22), (16, 12), (17, 4), (18, 1)] t=2889s
[dagrand seed=51] checked=3020000 bytau=[(2, 1535529), (3, 800871), (4, 389893), (5, 172485), (6, 72405), (7, 29640), (8, 11624), (9, 4435), (10, 1759), (11, 745), (12, 338), (13, 162), (14, 74), (15, 23), (16, 12), (17, 4), (18, 1)] t=2912s
[dagrand seed=51] checked=3040000 bytau=[(2, 1545611), (3, 806140), (4, 392503), (5, 173708), (6, 72897), (7, 29852), (8, 11689), (9, 4465), (10, 1766), (11, 750), (12, 341), (13, 164), (14, 74), (15, 23), (16, 12), (17, 4), (18, 1)] t=2940s
[dagrand seed=51] checked=3060000 bytau=[(2, 1555885), (3, 811412), (4, 394973), (5, 174885), (6, 73396), (7, 30030), (8, 11777), (9, 4490), (10, 1775), (11, 756), (12, 343), (13, 164), (14, 74), (15, 23), (16, 12), (17, 4), (18, 1)] t=2959s
[dagrand seed=51] checked=3080000 bytau=[(2, 1566055), (3, 816639), (4, 397614), (5, 176035), (6, 73875), (7, 30226), (8, 11867), (9, 4515), (10, 1784), (11, 765), (12, 345), (13, 165), (14, 74), (15, 24), (16, 12), (17, 4), (18, 1)] t=2979s
[dagrand seed=51] checked=3100000 bytau=[(2, 1576169), (3, 821892), (4, 400256), (5, 177179), (6, 74355), (7, 30446), (8, 11948), (9, 4549), (10, 1806), (11, 770), (12, 348), (13, 167), (14, 74), (15, 24), (16, 12), (17, 4), (18, 1)] t=3009s
[dagrand seed=51] checked=3120000 bytau=[(2, 1586475), (3, 827150), (4, 402774), (5, 178275), (6, 74844), (7, 30639), (8, 12034), (9, 4581), (10, 1819), (11, 776), (12, 350), (13, 168), (14, 74), (15, 24), (16, 12), (17, 4), (18, 1)] t=3034s
[dagrand seed=51] checked=3140000 bytau=[(2, 1596573), (3, 832585), (4, 405339), (5, 179425), (6, 75307), (7, 30808), (8, 12111), (9, 4606), (10, 1829), (11, 779), (12, 354), (13, 169), (14, 74), (15, 24), (16, 12), (17, 4), (18, 1)] t=3054s
[dagrand seed=51] checked=3160000 bytau=[(2, 1606609), (3, 837963), (4, 407951), (5, 180585), (6, 75803), (7, 30994), (8, 12200), (9, 4633), (10, 1836), (11, 783), (12, 357), (13, 170), (14, 75), (15, 24), (16, 12), (17, 4), (18, 1)] t=3078s
[dagrand seed=51] checked=3180000 bytau=[(2, 1616806), (3, 843270), (4, 410575), (5, 181699), (6, 76249), (7, 31185), (8, 12272), (9, 4662), (10, 1849), (11, 789), (12, 357), (13, 171), (14, 75), (15, 24), (16, 12), (17, 4), (18, 1)] t=3102s
[dagrand seed=51] checked=3200000 bytau=[(2, 1626802), (3, 848740), (4, 413156), (5, 182858), (6, 76717), (7, 31373), (8, 12355), (9, 4693), (10, 1863), (11, 795), (12, 358), (13, 172), (14, 77), (15, 24), (16, 12), (17, 4), (18, 1)] t=3125s
[dagrand seed=51] checked=3220000 bytau=[(2, 1637030), (3, 854033), (4, 415705), (5, 183994), (6, 77178), (7, 31569), (8, 12434), (9, 4720), (10, 1884), (11, 800), (12, 363), (13, 172), (14, 77), (15, 24), (16, 12), (17, 4), (18, 1)] t=3148s
[dagrand seed=51] checked=3240000 bytau=[(2, 1647208), (3, 859387), (4, 418244), (5, 185093), (6, 77682), (7, 31769), (8, 12505), (9, 4749), (10, 1898), (11, 810), (12, 364), (13, 172), (14, 78), (15, 24), (16, 12), (17, 4), (18, 1)] t=3173s
[dagrand seed=51] checked=3260000 bytau=[(2, 1657427), (3, 864680), (4, 420819), (5, 186230), (6, 78147), (7, 31951), (8, 12570), (9, 4791), (10, 1911), (11, 814), (12, 367), (13, 174), (14, 78), (15, 24), (16, 12), (17, 4), (18, 1)] t=3197s
[dagrand seed=51] checked=3280000 bytau=[(2, 1667689), (3, 869998), (4, 423338), (5, 187358), (6, 78614), (7, 32140), (8, 12640), (9, 4818), (10, 1926), (11, 815), (12, 369), (13, 175), (14, 79), (15, 24), (16, 12), (17, 4), (18, 1)] t=3216s
[dagrand seed=51] checked=3300000 bytau=[(2, 1677860), (3, 875462), (4, 425795), (5, 188493), (6, 79103), (7, 32307), (8, 12709), (9, 4850), (10, 1938), (11, 818), (12, 370), (13, 175), (14, 79), (15, 24), (16, 12), (17, 4), (18, 1)] t=3238s
[dagrand seed=51] checked=3320000 bytau=[(2, 1688026), (3, 880831), (4, 428337), (5, 189631), (6, 79566), (7, 32509), (8, 12787), (9, 4880), (10, 1946), (11, 821), (12, 371), (13, 175), (14, 79), (15, 24), (16, 12), (17, 4), (18, 1)] t=3256s
[dagrand seed=51] checked=3340000 bytau=[(2, 1698251), (3, 886106), (4, 430866), (5, 190776), (6, 80089), (7, 32696), (8, 12864), (9, 4898), (10, 1958), (11, 828), (12, 373), (13, 175), (14, 79), (15, 24), (16, 12), (17, 4), (18, 1)] t=3278s
[dagrand seed=51] checked=3360000 bytau=[(2, 1708493), (3, 891367), (4, 433414), (5, 191935), (6, 80560), (7, 32888), (8, 12931), (9, 4935), (10, 1970), (11, 835), (12, 374), (13, 176), (14, 80), (15, 25), (16, 12), (17, 4), (18, 1)] t=3296s
[dagrand seed=51] checked=3380000 bytau=[(2, 1718719), (3, 896621), (4, 436026), (5, 193069), (6, 81013), (7, 33074), (8, 13017), (9, 4963), (10, 1980), (11, 841), (12, 378), (13, 177), (14, 80), (15, 25), (16, 12), (17, 4), (18, 1)] t=3318s
[dagrand seed=51] checked=3400000 bytau=[(2, 1728850), (3, 902022), (4, 438552), (5, 194223), (6, 81497), (7, 33259), (8, 13091), (9, 4990), (10, 1989), (11, 845), (12, 380), (13, 179), (14, 81), (15, 25), (16, 12), (17, 4), (18, 1)] t=3347s
[dagrand seed=51] checked=3420000 bytau=[(2, 1739003), (3, 907306), (4, 441129), (5, 195383), (6, 81969), (7, 33456), (8, 13189), (9, 5024), (10, 2003), (11, 853), (12, 382), (13, 180), (14, 81), (15, 25), (16, 12), (17, 4), (18, 1)] t=3368s
[dagrand seed=51] checked=3440000 bytau=[(2, 1749182), (3, 912606), (4, 443732), (5, 196529), (6, 82448), (7, 33637), (8, 13257), (9, 5050), (10, 2011), (11, 858), (12, 385), (13, 182), (14, 81), (15, 25), (16, 12), (17, 4), (18, 1)] t=3389s
[dagrand seed=51] checked=3460000 bytau=[(2, 1759415), (3, 917875), (4, 446349), (5, 197642), (6, 82903), (7, 33830), (8, 13335), (9, 5076), (10, 2018), (11, 861), (12, 387), (13, 185), (14, 82), (15, 25), (16, 12), (17, 4), (18, 1)] t=3412s
[dagrand seed=51] checked=3480000 bytau=[(2, 1769630), (3, 923073), (4, 448970), (5, 198812), (6, 83386), (7, 34018), (8, 13415), (9, 5104), (10, 2029), (11, 863), (12, 389), (13, 187), (14, 82), (15, 25), (16, 12), (17, 4), (18, 1)] t=3433s
[dagrand seed=51] checked=3500000 bytau=[(2, 1779814), (3, 928340), (4, 451569), (5, 199969), (6, 83853), (7, 34224), (8, 13483), (9, 5138), (10, 2036), (11, 871), (12, 390), (13, 188), (14, 82), (15, 26), (16, 12), (17, 4), (18, 1)] t=3457s
[dagrand seed=51] checked=3520000 bytau=[(2, 1789906), (3, 933750), (4, 454134), (5, 201098), (6, 84338), (7, 34415), (8, 13568), (9, 5160), (10, 2049), (11, 875), (12, 392), (13, 190), (14, 82), (15, 26), (16, 12), (17, 4), (18, 1)] t=3479s
[dagrand seed=51] checked=3540000 bytau=[(2, 1800113), (3, 939087), (4, 456616), (5, 202265), (6, 84818), (7, 34606), (8, 13653), (9, 5188), (10, 2063), (11, 879), (12, 395), (13, 190), (14, 83), (15, 27), (16, 12), (17, 4), (18, 1)] t=3504s
[dagrand seed=51] checked=3560000 bytau=[(2, 1810206), (3, 944510), (4, 459163), (5, 203403), (6, 85275), (7, 34805), (8, 13747), (9, 5214), (10, 2078), (11, 884), (12, 398), (13, 190), (14, 83), (15, 27), (16, 12), (17, 4), (18, 1)] t=3526s
[dagrand seed=51] checked=3580000 bytau=[(2, 1820449), (3, 949734), (4, 461732), (5, 204599), (6, 85743), (7, 35008), (8, 13809), (9, 5243), (10, 2081), (11, 886), (12, 399), (13, 190), (14, 83), (15, 27), (16, 12), (17, 4), (18, 1)] t=3543s
[dagrand seed=51] checked=3600000 bytau=[(2, 1830700), (3, 954929), (4, 464317), (5, 205751), (6, 86229), (7, 35200), (8, 13895), (9, 5276), (10, 2095), (11, 890), (12, 401), (13, 190), (14, 83), (15, 27), (16, 12), (17, 4), (18, 1)] t=3569s
[dagrand seed=51] checked=3620000 bytau=[(2, 1840727), (3, 960329), (4, 466885), (5, 206894), (6, 86717), (7, 35439), (8, 13981), (9, 5307), (10, 2105), (11, 896), (12, 403), (13, 190), (14, 83), (15, 27), (16, 12), (17, 4), (18, 1)] t=3592s
[dagrand seed=51] checked=3640000 bytau=[(2, 1850893), (3, 965610), (4, 469482), (5, 208075), (6, 87176), (7, 35620), (8, 14065), (9, 5336), (10, 2118), (11, 902), (12, 405), (13, 191), (14, 83), (15, 27), (16, 12), (17, 4), (18, 1)] t=3613s
[dagrand seed=51] checked=3660000 bytau=[(2, 1861022), (3, 970858), (4, 472184), (5, 209218), (6, 87629), (7, 35806), (8, 14141), (9, 5381), (10, 2130), (11, 906), (12, 406), (13, 191), (14, 84), (15, 27), (16, 12), (17, 4), (18, 1)] t=3631s
[dagrand seed=51] checked=3680000 bytau=[(2, 1871152), (3, 976189), (4, 474775), (5, 210339), (6, 88114), (7, 36021), (8, 14221), (9, 5408), (10, 2143), (11, 911), (12, 406), (13, 193), (14, 84), (15, 27), (16, 12), (17, 4), (18, 1)] t=3655s
[dagrand seed=51] checked=3700000 bytau=[(2, 1881267), (3, 981517), (4, 477377), (5, 211497), (6, 88585), (7, 36219), (8, 14296), (9, 5440), (10, 2156), (11, 917), (12, 406), (13, 194), (14, 85), (15, 27), (16, 12), (17, 4), (18, 1)] t=3677s
[dagrand seed=51] checked=3720000 bytau=[(2, 1891518), (3, 986812), (4, 479895), (5, 212628), (6, 89045), (7, 36438), (8, 14382), (9, 5460), (10, 2167), (11, 921), (12, 406), (13, 198), (14, 86), (15, 27), (16, 12), (17, 4), (18, 1)] t=3695s
[dagrand seed=51] checked=3740000 bytau=[(2, 1901582), (3, 992168), (4, 482474), (5, 213770), (6, 89560), (7, 36641), (8, 14470), (9, 5491), (10, 2175), (11, 932), (12, 406), (13, 200), (14, 87), (15, 27), (16, 12), (17, 4), (18, 1)] t=3717s
[dagrand seed=51] checked=3760000 bytau=[(2, 1911778), (3, 997471), (4, 485077), (5, 214850), (6, 90062), (7, 36833), (8, 14553), (9, 5513), (10, 2188), (11, 933), (12, 410), (13, 201), (14, 87), (15, 27), (16, 12), (17, 4), (18, 1)] t=3739s
[dagrand seed=51] checked=3780000 bytau=[(2, 1922034), (3, 1002655), (4, 487627), (5, 216011), (6, 90559), (7, 37054), (8, 14629), (9, 5549), (10, 2195), (11, 939), (12, 414), (13, 201), (14, 87), (15, 29), (16, 12), (17, 4), (18, 1)] t=3756s
[dagrand seed=51] checked=3800000 bytau=[(2, 1932235), (3, 1007959), (4, 490201), (5, 217175), (6, 91004), (7, 37255), (8, 14702), (9, 5574), (10, 2201), (11, 943), (12, 416), (13, 202), (14, 87), (15, 29), (16, 12), (17, 4), (18, 1)] t=3772s
[dagrand seed=51] checked=3820000 bytau=[(2, 1942427), (3, 1013176), (4, 492843), (5, 218321), (6, 91487), (7, 37449), (8, 14774), (9, 5608), (10, 2212), (11, 950), (12, 417), (13, 203), (14, 87), (15, 29), (16, 12), (17, 4), (18, 1)] t=3790s
[dagrand seed=51] checked=3840000 bytau=[(2, 1952701), (3, 1018455), (4, 495455), (5, 219424), (6, 91942), (7, 37618), (8, 14845), (9, 5631), (10, 2221), (11, 951), (12, 420), (13, 204), (14, 87), (15, 29), (16, 12), (17, 4), (18, 1)] t=3806s
[dagrand seed=51] checked=3860000 bytau=[(2, 1963019), (3, 1023704), (4, 497973), (5, 220577), (6, 92404), (7, 37812), (8, 14907), (9, 5660), (10, 2229), (11, 955), (12, 420), (13, 205), (14, 88), (15, 30), (16, 12), (17, 4), (18, 1)] t=3823s
[dagrand seed=51] checked=3880000 bytau=[(2, 1973265), (3, 1029008), (4, 500449), (5, 221729), (6, 92895), (7, 38024), (8, 14982), (9, 5686), (10, 2237), (11, 960), (12, 424), (13, 205), (14, 89), (15, 30), (16, 12), (17, 4), (18, 1)] t=3844s
[dagrand seed=51] checked=3900000 bytau=[(2, 1983356), (3, 1034365), (4, 503022), (5, 222868), (6, 93407), (7, 38235), (8, 15060), (9, 5705), (10, 2252), (11, 964), (12, 425), (13, 205), (14, 89), (15, 30), (16, 12), (17, 4), (18, 1)] t=3861s
[dagrand seed=51] checked=3920000 bytau=[(2, 1993461), (3, 1039746), (4, 505607), (5, 224030), (6, 93868), (7, 38405), (8, 15152), (9, 5732), (10, 2264), (11, 969), (12, 425), (13, 205), (14, 89), (15, 30), (16, 12), (17, 4), (18, 1)] t=3879s
[dagrand seed=51] checked=3940000 bytau=[(2, 2003654), (3, 1045048), (4, 508145), (5, 225195), (6, 94342), (7, 38602), (8, 15231), (9, 5764), (10, 2275), (11, 973), (12, 429), (13, 205), (14, 90), (15, 30), (16, 12), (17, 4), (18, 1)] t=3896s
[dagrand seed=51] checked=3960000 bytau=[(2, 2013808), (3, 1050378), (4, 510746), (5, 226302), (6, 94777), (7, 38826), (8, 15320), (9, 5804), (10, 2286), (11, 979), (12, 431), (13, 206), (14, 90), (15, 30), (16, 12), (17, 4), (18, 1)] t=3916s
[dagrand seed=51] checked=3980000 bytau=[(2, 2024001), (3, 1055615), (4, 513382), (5, 227478), (6, 95208), (7, 39032), (8, 15388), (9, 5838), (10, 2297), (11, 983), (12, 434), (13, 207), (14, 90), (15, 30), (16, 12), (17, 4), (18, 1)] t=3933s
[dagrand seed=51] checked=4000000 bytau=[(2, 2034176), (3, 1060910), (4, 515919), (5, 228620), (6, 95709), (7, 39266), (8, 15463), (9, 5868), (10, 2303), (11, 985), (12, 436), (13, 207), (14, 90), (15, 31), (16, 12), (17, 4), (18, 1)] t=3952s
[dagrand seed=51] checked=4020000 bytau=[(2, 2044303), (3, 1066237), (4, 518535), (5, 229764), (6, 96169), (7, 39474), (8, 15535), (9, 5900), (10, 2311), (11, 989), (12, 436), (13, 209), (14, 90), (15, 31), (16, 12), (17, 4), (18, 1)] t=3972s
[dagrand seed=51] checked=4040000 bytau=[(2, 2054505), (3, 1071501), (4, 521137), (5, 230882), (6, 96656), (7, 39681), (8, 15603), (9, 5935), (10, 2315), (11, 994), (12, 440), (13, 210), (14, 91), (15, 31), (16, 14), (17, 4), (18, 1)] t=3990s
[dagrand seed=51] checked=4060000 bytau=[(2, 2064684), (3, 1076756), (4, 523777), (5, 232016), (6, 97122), (7, 39870), (8, 15680), (9, 5968), (10, 2334), (11, 998), (12, 442), (13, 210), (14, 93), (15, 31), (16, 14), (17, 4), (18, 1)] t=4007s
[dagrand seed=51] checked=4080000 bytau=[(2, 2074843), (3, 1082092), (4, 526390), (5, 233164), (6, 97566), (7, 40054), (8, 15756), (9, 5992), (10, 2346), (11, 1000), (12, 443), (13, 210), (14, 93), (15, 32), (16, 14), (17, 4), (18, 1)] t=4025s
[dagrand seed=51] checked=4100000 bytau=[(2, 2084923), (3, 1087497), (4, 528974), (5, 234279), (6, 98038), (7, 40257), (8, 15844), (9, 6025), (10, 2355), (11, 1005), (12, 448), (13, 211), (14, 93), (15, 32), (16, 14), (17, 4), (18, 1)] t=4044s
[dagrand seed=51] checked=4120000 bytau=[(2, 2095167), (3, 1092729), (4, 531561), (5, 235418), (6, 98513), (7, 40458), (8, 15916), (9, 6048), (10, 2371), (11, 1010), (12, 452), (13, 212), (14, 94), (15, 32), (16, 14), (17, 4), (18, 1)] t=4062s
[dagrand seed=51] checked=4140000 bytau=[(2, 2105381), (3, 1097992), (4, 534103), (5, 236568), (6, 99013), (7, 40654), (8, 15990), (9, 6086), (10, 2382), (11, 1016), (12, 454), (13, 213), (14, 95), (15, 34), (16, 14), (17, 4), (18, 1)] t=4079s
[dagrand seed=51] checked=4160000 bytau=[(2, 2115519), (3, 1103382), (4, 536654), (5, 237696), (6, 99497), (7, 40845), (8, 16062), (9, 6113), (10, 2393), (11, 1020), (12, 456), (13, 215), (14, 95), (15, 34), (16, 14), (17, 4), (18, 1)] t=4101s
[dagrand seed=51] checked=4180000 bytau=[(2, 2125683), (3, 1108674), (4, 539279), (5, 238812), (6, 99988), (7, 41038), (8, 16135), (9, 6138), (10, 2407), (11, 1025), (12, 456), (13, 215), (14, 97), (15, 34), (16, 14), (17, 4), (18, 1)] t=4119s
[dagrand seed=51] checked=4200000 bytau=[(2, 2135871), (3, 1113980), (4, 541863), (5, 239935), (6, 100452), (7, 41258), (8, 16211), (9, 6162), (10, 2416), (11, 1030), (12, 456), (13, 215), (14, 98), (15, 34), (16, 14), (17, 4), (18, 1)] t=4139s
[dagrand seed=51] checked=4220000 bytau=[(2, 2145961), (3, 1119322), (4, 544447), (5, 241085), (6, 100951), (7, 41461), (8, 16289), (9, 6191), (10, 2427), (11, 1039), (12, 459), (13, 216), (14, 98), (15, 34), (16, 15), (17, 4), (18, 1)] t=4157s
[dagrand seed=51] checked=4240000 bytau=[(2, 2156116), (3, 1124662), (4, 547040), (5, 242218), (6, 101421), (7, 41650), (8, 16360), (9, 6222), (10, 2437), (11, 1042), (12, 462), (13, 218), (14, 98), (15, 34), (16, 15), (17, 4), (18, 1)] t=4174s
[dagrand seed=51] checked=4260000 bytau=[(2, 2166287), (3, 1130014), (4, 549593), (5, 243372), (6, 101881), (7, 41828), (8, 16427), (9, 6261), (10, 2453), (11, 1049), (12, 464), (13, 219), (14, 98), (15, 34), (16, 15), (17, 4), (18, 1)] t=4193s
[dagrand seed=51] DONE checked=4266523 bytau=[(2, 2169592), (3, 1131778), (4, 550430), (5, 243741), (6, 102021), (7, 41899), (8, 16450), (9, 6272), (10, 2455), (11, 1049), (12, 464), (13, 220), (14, 98), (15, 34), (16, 15), (17, 4), (18, 1)]
