[dagrand seed=52] checked=20000 bytau=[(2, 10060), (3, 5349), (4, 2607), (5, 1173), (6, 464), (7, 225), (8, 83), (9, 19), (10, 11), (11, 6), (12, 2), (13, 1)] t=27s
[dagrand seed=52] checked=40000 bytau=[(2, 20371), (3, 10584), (4, 5155), (5, 2300), (6, 926), (7, 422), (8, 151), (9, 52), (10, 19), (11, 14), (12, 3), (13, 2), (14, 1)] t=49s
[dagrand seed=52] checked=60000 bytau=[(2, 30511), (3, 15874), (4, 7748), (5, 3459), (6, 1435), (7, 609), (8, 223), (9, 79), (10, 33), (11, 19), (12, 3), (13, 3), (14, 2), (15, 2)] t=73s
[dagrand seed=52] checked=80000 bytau=[(2, 40636), (3, 21223), (4, 10375), (5, 4612), (6, 1865), (7, 796), (8, 306), (9, 98), (10, 48), (11, 24), (12, 5), (13, 6), (14, 3), (15, 2), (19, 1)] t=97s
[dagrand seed=52] checked=100000 bytau=[(2, 50915), (3, 26452), (4, 12966), (5, 5705), (6, 2333), (7, 1006), (8, 382), (9, 131), (10, 64), (11, 27), (12, 5), (13, 6), (14, 5), (15, 2), (19, 1)] t=123s
[dagrand seed=52] checked=120000 bytau=[(2, 61163), (3, 31805), (4, 15442), (5, 6862), (6, 2787), (7, 1209), (8, 451), (9, 155), (10, 76), (11, 28), (12, 8), (13, 6), (14, 5), (15, 2), (19, 1)] t=148s
[dagrand seed=52] checked=140000 bytau=[(2, 71246), (3, 37214), (4, 18045), (5, 7961), (6, 3250), (7, 1418), (8, 543), (9, 180), (10, 86), (11, 32), (12, 10), (13, 7), (14, 5), (15, 2), (19, 1)] t=175s
[dagrand seed=52] checked=160000 bytau=[(2, 81317), (3, 42614), (4, 20663), (5, 9084), (6, 3715), (7, 1595), (8, 641), (9, 209), (10, 98), (11, 34), (12, 12), (13, 7), (14, 7), (15, 3), (19, 1)] t=202s
[dagrand seed=52] checked=180000 bytau=[(2, 91458), (3, 47953), (4, 23253), (5, 10175), (6, 4236), (7, 1784), (8, 719), (9, 237), (10, 110), (11, 40), (12, 13), (13, 11), (14, 7), (15, 3), (19, 1)] t=230s
[dagrand seed=52] checked=200000 bytau=[(2, 101562), (3, 53325), (4, 25900), (5, 11314), (6, 4669), (7, 1971), (8, 790), (9, 256), (10, 122), (11, 51), (12, 16), (13, 11), (14, 8), (15, 4), (19, 1)] t=255s
[dagrand seed=52] checked=220000 bytau=[(2, 111673), (3, 58759), (4, 28444), (5, 12452), (6, 5140), (7, 2159), (8, 861), (9, 282), (10, 130), (11, 54), (12, 21), (13, 11), (14, 9), (15, 4), (19, 1)] t=280s
[dagrand seed=52] checked=240000 bytau=[(2, 121900), (3, 64053), (4, 30987), (5, 13604), (6, 5621), (7, 2335), (8, 935), (9, 316), (10, 140), (11, 61), (12, 23), (13, 11), (14, 9), (15, 4), (19, 1)] t=307s
[dagrand seed=52] checked=260000 bytau=[(2, 132007), (3, 69375), (4, 33551), (5, 14811), (6, 6111), (7, 2524), (8, 1016), (9, 336), (10, 152), (11, 67), (12, 25), (13, 11), (14, 9), (15, 4), (19, 1)] t=336s
[dagrand seed=52] checked=280000 bytau=[(2, 142189), (3, 74604), (4, 36132), (5, 16017), (6, 6565), (7, 2728), (8, 1104), (9, 375), (10, 161), (11, 70), (12, 28), (13, 11), (14, 10), (15, 5), (19, 1)] t=360s
[dagrand seed=52] checked=300000 bytau=[(2, 152382), (3, 79938), (4, 38682), (5, 17135), (6, 7050), (7, 2929), (8, 1176), (9, 400), (10, 176), (11, 72), (12, 32), (13, 12), (14, 10), (15, 5), (19, 1)] t=385s
[dagrand seed=52] checked=320000 bytau=[(2, 162449), (3, 85229), (4, 41287), (5, 18366), (6, 7531), (7, 3126), (8, 1253), (9, 431), (10, 188), (11, 76), (12, 35), (13, 12), (14, 10), (15, 6), (19, 1)] t=412s
[dagrand seed=52] checked=340000 bytau=[(2, 172576), (3, 90492), (4, 43881), (5, 19503), (6, 8056), (7, 3322), (8, 1350), (9, 468), (10, 201), (11, 78), (12, 38), (13, 15), (14, 11), (15, 6), (16, 2), (19, 1)] t=439s
[dagrand seed=52] checked=360000 bytau=[(2, 182734), (3, 95834), (4, 46519), (5, 20596), (6, 8525), (7, 3511), (8, 1411), (9, 493), (10, 218), (11, 81), (12, 41), (13, 16), (14, 11), (15, 6), (16, 2), (17, 1), (19, 1)] t=464s
[dagrand seed=52] checked=380000 bytau=[(2, 192892), (3, 101166), (4, 49118), (5, 21701), (6, 9002), (7, 3707), (8, 1498), (9, 523), (10, 228), (11, 84), (12, 44), (13, 16), (14, 11), (15, 6), (16, 2), (17, 1), (19, 1)] t=492s
[dagrand seed=52] checked=400000 bytau=[(2, 202953), (3, 106547), (4, 51715), (5, 22827), (6, 9503), (7, 3899), (8, 1583), (9, 557), (10, 243), (11, 87), (12, 45), (13, 18), (14, 12), (15, 7), (16, 2), (17, 1), (19, 1)] t=517s
[dagrand seed=52] checked=420000 bytau=[(2, 213052), (3, 111921), (4, 54270), (5, 23942), (6, 10018), (7, 4103), (8, 1672), (9, 588), (10, 254), (11, 92), (12, 46), (13, 19), (14, 12), (15, 7), (16, 2), (17, 1), (19, 1)] t=543s
[dagrand seed=52] checked=440000 bytau=[(2, 223108), (3, 117275), (4, 56906), (5, 25110), (6, 10471), (7, 4306), (8, 1752), (9, 621), (10, 265), (11, 94), (12, 47), (13, 21), (14, 13), (15, 7), (16, 2), (17, 1), (19, 1)] t=565s
[dagrand seed=52] checked=460000 bytau=[(2, 233314), (3, 122602), (4, 59426), (5, 26255), (6, 10948), (7, 4503), (8, 1834), (9, 648), (10, 274), (11, 97), (12, 52), (13, 22), (14, 13), (15, 8), (16, 2), (17, 1), (19, 1)] t=586s
[dagrand seed=52] checked=480000 bytau=[(2, 243446), (3, 127882), (4, 61993), (5, 27418), (6, 11451), (7, 4716), (8, 1914), (9, 690), (10, 286), (11, 104), (12, 53), (13, 22), (14, 13), (15, 8), (16, 2), (17, 1), (19, 1)] t=601s
[dagrand seed=52] checked=500000 bytau=[(2, 253616), (3, 133224), (4, 64578), (5, 28525), (6, 11924), (7, 4909), (8, 2003), (9, 717), (10, 293), (11, 109), (12, 54), (13, 23), (14, 13), (15, 8), (16, 2), (17, 1), (19, 1)] t=616s
[dagrand seed=52] checked=520000 bytau=[(2, 263766), (3, 138546), (4, 67165), (5, 29690), (6, 12383), (7, 5113), (8, 2074), (9, 735), (10, 309), (11, 113), (12, 55), (13, 25), (14, 14), (15, 8), (16, 2), (17, 1), (19, 1)] t=631s
[dagrand seed=52] checked=540000 bytau=[(2, 273879), (3, 143867), (4, 69829), (5, 30804), (6, 12864), (7, 5309), (8, 2143), (9, 762), (10, 314), (11, 118), (12, 58), (13, 27), (14, 14), (15, 8), (16, 2), (17, 1), (19, 1)] t=646s
[dagrand seed=52] checked=560000 bytau=[(2, 284113), (3, 149131), (4, 72388), (5, 31904), (6, 13347), (7, 5515), (8, 2244), (9, 793), (10, 328), (11, 120), (12, 60), (13, 30), (14, 15), (15, 8), (16, 2), (17, 1), (19, 1)] t=661s
[dagrand seed=52] checked=580000 bytau=[(2, 294315), (3, 154355), (4, 74991), (5, 33054), (6, 13848), (7, 5718), (8, 2321), (9, 814), (10, 342), (11, 124), (12, 61), (13, 30), (14, 15), (15, 8), (16, 2), (17, 1), (19, 1)] t=676s
[dagrand seed=52] checked=600000 bytau=[(2, 304500), (3, 159679), (4, 77559), (5, 34170), (6, 14312), (7, 5924), (8, 2402), (9, 849), (10, 356), (11, 126), (12, 64), (13, 31), (14, 16), (15, 8), (16, 2), (17, 1), (19, 1)] t=691s
[dagrand seed=52] checked=620000 bytau=[(2, 314634), (3, 165030), (4, 80079), (5, 35334), (6, 14817), (7, 6116), (8, 2470), (9, 892), (10, 370), (11, 132), (12, 66), (13, 31), (14, 17), (15, 8), (16, 2), (17, 1), (19, 1)] t=706s
[dagrand seed=52] checked=640000 bytau=[(2, 324868), (3, 170274), (4, 82697), (5, 36472), (6, 15285), (7, 6290), (8, 2551), (9, 917), (10, 380), (11, 137), (12, 67), (13, 32), (14, 18), (15, 8), (16, 2), (17, 1), (19, 1)] t=721s
[dagrand seed=52] checked=660000 bytau=[(2, 335089), (3, 175549), (4, 85253), (5, 37627), (6, 15752), (7, 6479), (8, 2635), (9, 947), (10, 395), (11, 139), (12, 69), (13, 34), (14, 18), (15, 9), (16, 3), (17, 1), (19, 1)] t=736s
[dagrand seed=52] checked=680000 bytau=[(2, 345188), (3, 180959), (4, 87821), (5, 38747), (6, 16236), (7, 6657), (8, 2718), (9, 989), (10, 403), (11, 141), (12, 73), (13, 35), (14, 18), (15, 10), (16, 3), (17, 1), (19, 1)] t=751s
[dagrand seed=52] checked=700000 bytau=[(2, 355284), (3, 186363), (4, 90397), (5, 39889), (6, 16697), (7, 6849), (8, 2798), (9, 1013), (10, 419), (11, 146), (12, 75), (13, 37), (14, 18), (15, 10), (16, 3), (17, 1), (19, 1)] t=766s
[dagrand seed=52] checked=720000 bytau=[(2, 365467), (3, 191726), (4, 92913), (5, 41075), (6, 17148), (7, 7034), (8, 2864), (9, 1042), (10, 427), (11, 151), (12, 81), (13, 38), (14, 18), (15, 10), (16, 4), (17, 1), (19, 1)] t=781s
[dagrand seed=52] checked=740000 bytau=[(2, 375534), (3, 197112), (4, 95561), (5, 42208), (6, 17614), (7, 7215), (8, 2938), (9, 1075), (10, 430), (11, 156), (12, 82), (13, 39), (14, 20), (15, 10), (16, 4), (17, 1), (19, 1)] t=796s
[dagrand seed=52] checked=760000 bytau=[(2, 385716), (3, 202414), (4, 98149), (5, 43304), (6, 18129), (7, 7405), (8, 3023), (9, 1096), (10, 444), (11, 159), (12, 85), (13, 39), (14, 21), (15, 10), (16, 4), (17, 1), (19, 1)] t=811s
[dagrand seed=52] checked=780000 bytau=[(2, 395891), (3, 207757), (4, 100705), (5, 44437), (6, 18591), (7, 7606), (8, 3105), (9, 1127), (10, 456), (11, 160), (12, 87), (13, 40), (14, 21), (15, 10), (16, 5), (17, 1), (19, 1)] t=825s
[dagrand seed=52] checked=800000 bytau=[(2, 406110), (3, 213013), (4, 103275), (5, 45572), (6, 19085), (7, 7793), (8, 3188), (9, 1153), (10, 478), (11, 166), (12, 88), (13, 41), (14, 21), (15, 10), (16, 5), (17, 1), (19, 1)] t=840s
[dagrand seed=52] checked=820000 bytau=[(2, 416301), (3, 218297), (4, 105860), (5, 46734), (6, 19568), (7, 7968), (8, 3266), (9, 1178), (10, 489), (11, 171), (12, 89), (13, 41), (14, 21), (15, 10), (16, 5), (17, 1), (19, 1)] t=855s
[dagrand seed=52] checked=840000 bytau=[(2, 426491), (3, 223661), (4, 108441), (5, 47868), (6, 20022), (7, 8131), (8, 3338), (9, 1205), (10, 496), (11, 176), (12, 90), (13, 43), (14, 21), (15, 10), (16, 5), (17, 1), (19, 1)] t=870s
[dagrand seed=52] checked=860000 bytau=[(2, 436705), (3, 228936), (4, 111037), (5, 49013), (6, 20474), (7, 8325), (8, 3414), (9, 1232), (10, 509), (11, 181), (12, 92), (13, 44), (14, 21), (15, 10), (16, 5), (17, 1), (19, 1)] t=885s
[dagrand seed=52] checked=880000 bytau=[(2, 446913), (3, 234196), (4, 113565), (5, 50173), (6, 20958), (7, 8550), (8, 3484), (9, 1273), (10, 521), (11, 187), (12, 97), (13, 45), (14, 21), (15, 10), (16, 5), (17, 1), (19, 1)] t=900s
[dagrand seed=52] checked=900000 bytau=[(2, 457025), (3, 239593), (4, 116128), (5, 51323), (6, 21427), (7, 8736), (8, 3560), (9, 1298), (10, 533), (11, 192), (12, 100), (13, 46), (14, 21), (15, 11), (16, 5), (17, 1), (19, 1)] t=915s
[dagrand seed=52] checked=920000 bytau=[(2, 467065), (3, 244901), (4, 118798), (5, 52450), (6, 21913), (7, 8980), (8, 3636), (9, 1329), (10, 545), (11, 194), (12, 103), (13, 47), (14, 21), (15, 11), (16, 5), (17, 1), (19, 1)] t=930s
[dagrand seed=52] checked=940000 bytau=[(2, 477260), (3, 250249), (4, 121322), (5, 53564), (6, 22400), (7, 9186), (8, 3707), (9, 1364), (10, 558), (11, 198), (12, 103), (13, 49), (14, 22), (15, 11), (16, 5), (17, 1), (19, 1)] t=945s
[dagrand seed=52] checked=960000 bytau=[(2, 487386), (3, 255593), (4, 123940), (5, 54697), (6, 22861), (7, 9386), (8, 3776), (9, 1396), (10, 566), (11, 205), (12, 105), (13, 49), (14, 22), (15, 11), (16, 5), (17, 1), (19, 1)] t=959s
[dagrand seed=52] checked=980000 bytau=[(2, 497523), (3, 260945), (4, 126509), (5, 55841), (6, 23341), (7, 9591), (8, 3845), (9, 1418), (10, 577), (11, 213), (12, 106), (13, 49), (14, 24), (15, 11), (16, 5), (17, 1), (19, 1)] t=974s
[dagrand seed=52] checked=1000000 bytau=[(2, 507630), (3, 266329), (4, 129088), (5, 56931), (6, 23857), (7, 9792), (8, 3927), (9, 1437), (10, 590), (11, 217), (12, 107), (13, 50), (14, 26), (15, 12), (16, 5), (17, 1), (19, 1)] t=989s
[dagrand seed=52] checked=1020000 bytau=[(2, 517771), (3, 271591), (4, 131769), (5, 58085), (6, 24310), (7, 9980), (8, 4000), (9, 1472), (10, 599), (11, 219), (12, 107), (13, 51), (14, 27), (15, 12), (16, 5), (17, 1), (19, 1)] t=1004s
[dagrand seed=52] checked=1040000 bytau=[(2, 527994), (3, 276776), (4, 134404), (5, 59244), (6, 24783), (7, 10164), (8, 4087), (9, 1502), (10, 615), (11, 224), (12, 108), (13, 53), (14, 27), (15, 12), (16, 5), (17, 1), (19, 1)] t=1019s
[dagrand seed=52] checked=1060000 bytau=[(2, 538194), (3, 282020), (4, 137008), (5, 60415), (6, 25267), (7, 10347), (8, 4156), (9, 1527), (10, 628), (11, 228), (12, 110), (13, 53), (14, 27), (15, 12), (16, 6), (17, 1), (19, 1)] t=1034s
[dagrand seed=52] checked=1080000 bytau=[(2, 548305), (3, 287313), (4, 139629), (5, 61604), (6, 25741), (7, 10546), (8, 4230), (9, 1552), (10, 634), (11, 234), (12, 110), (13, 53), (14, 27), (15, 14), (16, 6), (17, 1), (19, 1)] t=1048s
[dagrand seed=52] checked=1100000 bytau=[(2, 558449), (3, 292635), (4, 142189), (5, 62769), (6, 26220), (7, 10741), (8, 4321), (9, 1574), (10, 649), (11, 239), (12, 111), (13, 53), (14, 28), (15, 14), (16, 6), (17, 1), (19, 1)] t=1063s
[dagrand seed=52] checked=1120000 bytau=[(2, 568689), (3, 297887), (4, 144742), (5, 63902), (6, 26689), (7, 10954), (8, 4414), (9, 1603), (10, 658), (11, 244), (12, 112), (13, 54), (14, 29), (15, 15), (16, 6), (17, 1), (19, 1)] t=1079s
[dagrand seed=52] checked=1140000 bytau=[(2, 578836), (3, 303196), (4, 147343), (5, 65043), (6, 27138), (7, 11166), (8, 4509), (9, 1634), (10, 665), (11, 248), (12, 114), (13, 55), (14, 30), (15, 15), (16, 6), (17, 1), (19, 1)] t=1094s
[dagrand seed=52] checked=1160000 bytau=[(2, 589186), (3, 308317), (4, 149896), (5, 66184), (6, 27637), (7, 11369), (8, 4591), (9, 1667), (10, 678), (11, 251), (12, 114), (13, 56), (14, 30), (15, 16), (16, 6), (17, 1), (19, 1)] t=1109s
[dagrand seed=52] checked=1180000 bytau=[(2, 599224), (3, 313684), (4, 152544), (5, 67335), (6, 28114), (7, 11557), (8, 4664), (9, 1694), (10, 693), (11, 259), (12, 119), (13, 57), (14, 32), (15, 16), (16, 6), (17, 1), (19, 1)] t=1124s
[dagrand seed=52] checked=1200000 bytau=[(2, 609417), (3, 318991), (4, 155072), (5, 68500), (6, 28608), (7, 11762), (8, 4735), (9, 1714), (10, 703), (11, 261), (12, 121), (13, 59), (14, 33), (15, 16), (16, 6), (17, 1), (19, 1)] t=1139s
[dagrand seed=52] checked=1220000 bytau=[(2, 619610), (3, 324280), (4, 157652), (5, 69668), (6, 29076), (7, 11948), (8, 4812), (9, 1736), (10, 712), (11, 265), (12, 122), (13, 61), (14, 34), (15, 16), (16, 6), (17, 1), (19, 1)] t=1154s
[dagrand seed=52] checked=1240000 bytau=[(2, 629732), (3, 329675), (4, 160234), (5, 70798), (6, 29555), (7, 12116), (8, 4884), (9, 1764), (10, 724), (11, 269), (12, 128), (13, 61), (14, 35), (15, 16), (16, 7), (17, 1), (19, 1)] t=1168s
[dagrand seed=52] checked=1260000 bytau=[(2, 639851), (3, 334926), (4, 162821), (5, 71984), (6, 30093), (7, 12307), (8, 4969), (9, 1793), (10, 728), (11, 272), (12, 130), (13, 63), (14, 37), (15, 17), (16, 7), (17, 1), (19, 1)] t=1184s
[dagrand seed=52] checked=1280000 bytau=[(2, 649975), (3, 340230), (4, 165438), (5, 73124), (6, 30610), (7, 12493), (8, 5044), (9, 1808), (10, 741), (11, 276), (12, 133), (13, 64), (14, 38), (15, 17), (16, 7), (17, 1), (19, 1)] t=1199s
[dagrand seed=52] checked=1300000 bytau=[(2, 660064), (3, 345471), (4, 168097), (5, 74282), (6, 31120), (7, 12709), (8, 5125), (9, 1834), (10, 751), (11, 281), (12, 138), (13, 64), (14, 38), (15, 17), (16, 7), (17, 1), (19, 1)] t=1214s
[dagrand seed=52] checked=1320000 bytau=[(2, 670140), (3, 350766), (4, 170737), (5, 75483), (6, 31605), (7, 12900), (8, 5195), (9, 1860), (10, 760), (11, 283), (12, 140), (13, 65), (14, 39), (15, 18), (16, 7), (17, 1), (19, 1)] t=1229s
[dagrand seed=52] checked=1340000 bytau=[(2, 680245), (3, 356200), (4, 173257), (5, 76649), (6, 32073), (7, 13087), (8, 5277), (9, 1884), (10, 766), (11, 287), (12, 143), (13, 65), (14, 40), (15, 18), (16, 7), (17, 1), (19, 1)] t=1244s
[dagrand seed=52] checked=1360000 bytau=[(2, 690600), (3, 361458), (4, 175723), (5, 77781), (6, 32549), (7, 13275), (8, 5360), (9, 1906), (10, 776), (11, 292), (12, 147), (13, 66), (14, 40), (15, 18), (16, 7), (17, 1), (19, 1)] t=1259s
[dagrand seed=52] checked=1380000 bytau=[(2, 700691), (3, 366759), (4, 178346), (5, 78918), (6, 33064), (7, 13488), (8, 5427), (9, 1935), (10, 788), (11, 298), (12, 150), (13, 67), (14, 41), (15, 18), (16, 8), (17, 1), (19, 1)] t=1274s
[dagrand seed=52] checked=1400000 bytau=[(2, 710807), (3, 372059), (4, 180984), (5, 80062), (6, 33533), (7, 13694), (8, 5509), (9, 1964), (10, 796), (11, 304), (12, 151), (13, 67), (14, 42), (15, 18), (16, 8), (17, 1), (19, 1)] t=1289s
[dagrand seed=52] checked=1420000 bytau=[(2, 721016), (3, 377345), (4, 183575), (5, 81171), (6, 34015), (7, 13886), (8, 5587), (9, 1991), (10, 811), (11, 311), (12, 152), (13, 68), (14, 43), (15, 18), (16, 8), (17, 2), (19, 1)] t=1303s
[dagrand seed=52] checked=1440000 bytau=[(2, 731275), (3, 382523), (4, 186180), (5, 82289), (6, 34525), (7, 14085), (8, 5677), (9, 2014), (10, 820), (11, 317), (12, 154), (13, 68), (14, 44), (15, 18), (16, 8), (17, 2), (19, 1)] t=1318s
[dagrand seed=52] checked=1460000 bytau=[(2, 741359), (3, 387838), (4, 188812), (5, 83446), (6, 35031), (7, 14262), (8, 5761), (9, 2045), (10, 826), (11, 321), (12, 156), (13, 69), (14, 45), (15, 18), (16, 8), (17, 2), (19, 1)] t=1333s
[dagrand seed=52] checked=1480000 bytau=[(2, 751416), (3, 393253), (4, 191378), (5, 84597), (6, 35516), (7, 14464), (8, 5833), (9, 2077), (10, 836), (11, 327), (12, 159), (13, 69), (14, 46), (15, 18), (16, 8), (17, 2), (19, 1)] t=1348s
[dagrand seed=52] checked=1500000 bytau=[(2, 761621), (3, 398557), (4, 193948), (5, 85732), (6, 36001), (7, 14649), (8, 5900), (9, 2106), (10, 849), (11, 332), (12, 160), (13, 70), (14, 46), (15, 18), (16, 8), (17, 2), (19, 1)] t=1363s
[dagrand seed=52] checked=1520000 bytau=[(2, 771763), (3, 403776), (4, 196582), (5, 86909), (6, 36520), (7, 14844), (8, 5979), (9, 2132), (10, 853), (11, 334), (12, 162), (13, 70), (14, 47), (15, 18), (16, 8), (17, 2), (19, 1)] t=1377s
[dagrand seed=52] checked=1540000 bytau=[(2, 781917), (3, 409052), (4, 199205), (5, 88048), (6, 37002), (7, 15032), (8, 6069), (9, 2163), (10, 861), (11, 339), (12, 163), (13, 72), (14, 47), (15, 18), (16, 8), (17, 3), (19, 1)] t=1392s
[dagrand seed=52] checked=1560000 bytau=[(2, 792135), (3, 414278), (4, 201838), (5, 89209), (6, 37466), (7, 15211), (8, 6141), (9, 2190), (10, 874), (11, 345), (12, 164), (13, 72), (14, 47), (15, 18), (16, 8), (17, 3), (19, 1)] t=1407s
[dagrand seed=52] checked=1580000 bytau=[(2, 802210), (3, 419616), (4, 204417), (5, 90375), (6, 37960), (7, 15417), (8, 6229), (9, 2223), (10, 885), (11, 354), (12, 164), (13, 72), (14, 48), (15, 18), (16, 8), (17, 3), (19, 1)] t=1423s
[dagrand seed=52] checked=1600000 bytau=[(2, 812367), (3, 424959), (4, 206945), (5, 91557), (6, 38441), (7, 15600), (8, 6299), (9, 2258), (10, 898), (11, 357), (12, 168), (13, 73), (14, 48), (15, 18), (16, 8), (17, 3), (19, 1)] t=1438s
[dagrand seed=52] checked=1620000 bytau=[(2, 822499), (3, 430320), (4, 209504), (5, 92677), (6, 38918), (7, 15822), (8, 6386), (9, 2278), (10, 913), (11, 362), (12, 169), (13, 73), (14, 48), (15, 19), (16, 8), (17, 3), (19, 1)] t=1453s
[dagrand seed=52] checked=1640000 bytau=[(2, 832759), (3, 435607), (4, 212061), (5, 93803), (6, 39382), (7, 16005), (8, 6460), (9, 2310), (10, 922), (11, 366), (12, 170), (13, 75), (14, 48), (15, 20), (16, 8), (17, 3), (19, 1)] t=1469s
[dagrand seed=52] checked=1660000 bytau=[(2, 842829), (3, 440982), (4, 214751), (5, 94905), (6, 39830), (7, 16201), (8, 6531), (9, 2334), (10, 934), (11, 373), (12, 173), (13, 75), (14, 49), (15, 21), (16, 8), (17, 3), (19, 1)] t=1484s
[dagrand seed=52] checked=1680000 bytau=[(2, 852830), (3, 446320), (4, 217397), (5, 96108), (6, 40319), (7, 16389), (8, 6603), (9, 2371), (10, 947), (11, 382), (12, 176), (13, 76), (14, 49), (15, 21), (16, 8), (17, 3), (19, 1)] t=1499s
[dagrand seed=52] checked=1700000 bytau=[(2, 862791), (3, 451779), (4, 219957), (5, 97319), (6, 40795), (7, 16590), (8, 6677), (9, 2404), (10, 958), (11, 390), (12, 181), (13, 76), (14, 49), (15, 21), (16, 8), (17, 4), (19, 1)] t=1517s
[dagrand seed=52] checked=1720000 bytau=[(2, 873065), (3, 457007), (4, 222533), (5, 98447), (6, 41266), (7, 16788), (8, 6751), (9, 2428), (10, 974), (11, 397), (12, 183), (13, 77), (14, 50), (15, 21), (16, 8), (17, 4), (19, 1)] t=1534s
[dagrand seed=52] checked=1740000 bytau=[(2, 883194), (3, 462291), (4, 225136), (5, 99643), (6, 41744), (7, 16981), (8, 6822), (9, 2455), (10, 986), (11, 401), (12, 185), (13, 78), (14, 50), (15, 21), (16, 8), (17, 4), (19, 1)] t=1548s
[dagrand seed=52] checked=1760000 bytau=[(2, 893259), (3, 467685), (4, 227711), (5, 100840), (6, 42187), (7, 17189), (8, 6890), (9, 2486), (10, 995), (11, 409), (12, 187), (13, 78), (14, 50), (15, 21), (16, 8), (17, 4), (19, 1)] t=1566s
[dagrand seed=52] checked=1780000 bytau=[(2, 903510), (3, 472927), (4, 230263), (5, 101999), (6, 42642), (7, 17378), (8, 6977), (9, 2522), (10, 1016), (11, 412), (12, 191), (13, 78), (14, 51), (15, 21), (16, 8), (17, 4), (19, 1)] t=1581s
[dagrand seed=52] checked=1800000 bytau=[(2, 913699), (3, 478208), (4, 232892), (5, 103139), (6, 43106), (7, 17555), (8, 7035), (9, 2556), (10, 1030), (11, 422), (12, 192), (13, 79), (14, 53), (15, 21), (16, 8), (17, 4), (19, 1)] t=1596s
[dagrand seed=52] checked=1820000 bytau=[(2, 923923), (3, 483439), (4, 235492), (5, 104276), (6, 43596), (7, 17744), (8, 7116), (9, 2583), (10, 1040), (11, 430), (12, 193), (13, 79), (14, 54), (15, 21), (16, 9), (17, 4), (19, 1)] t=1611s
[dagrand seed=52] checked=1840000 bytau=[(2, 934009), (3, 488851), (4, 238023), (5, 105419), (6, 44101), (7, 17932), (8, 7200), (9, 2610), (10, 1051), (11, 439), (12, 195), (13, 79), (14, 55), (15, 21), (16, 10), (17, 4), (19, 1)] t=1626s
[dagrand seed=52] checked=1860000 bytau=[(2, 944186), (3, 494161), (4, 240556), (5, 106574), (6, 44565), (7, 18158), (8, 7292), (9, 2629), (10, 1068), (11, 442), (12, 198), (13, 80), (14, 55), (15, 21), (16, 10), (17, 4), (19, 1)] t=1641s
[dagrand seed=52] checked=1880000 bytau=[(2, 954446), (3, 499332), (4, 243132), (5, 107754), (6, 45022), (7, 18370), (8, 7385), (9, 2668), (10, 1071), (11, 449), (12, 200), (13, 80), (14, 55), (15, 21), (16, 10), (17, 4), (19, 1)] t=1656s
[dagrand seed=52] checked=1900000 bytau=[(2, 964596), (3, 504634), (4, 245662), (5, 108911), (6, 45530), (7, 18577), (8, 7475), (9, 2695), (10, 1088), (11, 455), (12, 204), (13, 81), (14, 56), (15, 21), (16, 10), (17, 4), (19, 1)] t=1671s
[dagrand seed=52] checked=1920000 bytau=[(2, 974815), (3, 509880), (4, 248205), (5, 110117), (6, 45996), (7, 18752), (8, 7557), (9, 2730), (10, 1104), (11, 462), (12, 205), (13, 82), (14, 57), (15, 22), (16, 11), (17, 4), (19, 1)] t=1687s
[dagrand seed=52] checked=1940000 bytau=[(2, 985034), (3, 515225), (4, 250750), (5, 111229), (6, 46449), (7, 18959), (8, 7630), (9, 2752), (10, 1116), (11, 469), (12, 207), (13, 85), (14, 57), (15, 22), (16, 11), (17, 4), (19, 1)] t=1702s
[dagrand seed=52] checked=1960000 bytau=[(2, 995149), (3, 520554), (4, 253329), (5, 112385), (6, 46963), (7, 19148), (8, 7697), (9, 2785), (10, 1124), (11, 475), (12, 208), (13, 88), (14, 57), (15, 22), (16, 11), (17, 4), (19, 1)] t=1717s
[dagrand seed=52] checked=1980000 bytau=[(2, 1005444), (3, 525726), (4, 255929), (5, 113560), (6, 47435), (7, 19331), (8, 7753), (9, 2814), (10, 1134), (11, 477), (12, 213), (13, 88), (14, 58), (15, 22), (16, 11), (17, 4), (19, 1)] t=1732s
[dagrand seed=52] checked=2000000 bytau=[(2, 1015567), (3, 530998), (4, 258541), (5, 114725), (6, 47935), (7, 19538), (8, 7822), (9, 2847), (10, 1146), (11, 479), (12, 217), (13, 88), (14, 58), (15, 22), (16, 12), (17, 4), (19, 1)] t=1751s
[dagrand seed=52] checked=2020000 bytau=[(2, 1025765), (3, 536339), (4, 261024), (5, 115885), (6, 48416), (7, 19745), (8, 7908), (9, 2870), (10, 1156), (11, 486), (12, 221), (13, 88), (14, 58), (15, 22), (16, 12), (17, 4), (19, 1)] t=1771s
[dagrand seed=52] checked=2040000 bytau=[(2, 1035881), (3, 541640), (4, 263603), (5, 117064), (6, 48900), (7, 19953), (8, 7997), (9, 2894), (10, 1165), (11, 493), (12, 224), (13, 89), (14, 58), (15, 22), (16, 12), (17, 4), (19, 1)] t=1793s
[dagrand seed=52] checked=2060000 bytau=[(2, 1046073), (3, 547014), (4, 266128), (5, 118192), (6, 49376), (7, 20151), (8, 8068), (9, 2917), (10, 1172), (11, 495), (12, 227), (13, 89), (14, 59), (15, 22), (16, 12), (17, 4), (19, 1)] t=1813s
[dagrand seed=52] checked=2080000 bytau=[(2, 1056207), (3, 552410), (4, 268702), (5, 119321), (6, 49836), (7, 20334), (8, 8146), (9, 2950), (10, 1181), (11, 497), (12, 228), (13, 90), (14, 59), (15, 22), (16, 12), (17, 4), (19, 1)] t=1834s
[dagrand seed=52] checked=2100000 bytau=[(2, 1066375), (3, 557688), (4, 271311), (5, 120468), (6, 50305), (7, 20526), (8, 8236), (9, 2977), (10, 1192), (11, 503), (12, 229), (13, 90), (14, 60), (15, 23), (16, 12), (17, 4), (19, 1)] t=1858s
[dagrand seed=52] checked=2120000 bytau=[(2, 1076472), (3, 562912), (4, 273920), (5, 121630), (6, 50829), (7, 20755), (8, 8339), (9, 3003), (10, 1204), (11, 514), (12, 231), (13, 91), (14, 60), (15, 23), (16, 12), (17, 4), (19, 1)] t=1889s
[dagrand seed=52] checked=2140000 bytau=[(2, 1086583), (3, 568257), (4, 276481), (5, 122786), (6, 51326), (7, 20930), (8, 8427), (9, 3046), (10, 1214), (11, 521), (12, 235), (13, 94), (14, 60), (15, 23), (16, 12), (17, 4), (19, 1)] t=1919s
[dagrand seed=52] checked=2160000 bytau=[(2, 1096741), (3, 573501), (4, 279091), (5, 123910), (6, 51843), (7, 21142), (8, 8510), (9, 3071), (10, 1231), (11, 528), (12, 237), (13, 95), (14, 60), (15, 23), (16, 12), (17, 4), (19, 1)] t=1940s
[dagrand seed=52] checked=2180000 bytau=[(2, 1106839), (3, 578812), (4, 281696), (5, 125037), (6, 52365), (7, 21357), (8, 8594), (9, 3089), (10, 1244), (11, 533), (12, 239), (13, 95), (14, 60), (15, 23), (16, 12), (17, 4), (19, 1)] t=1960s
[dagrand seed=52] checked=2200000 bytau=[(2, 1117003), (3, 584010), (4, 284358), (5, 126211), (6, 52870), (7, 21536), (8, 8663), (9, 3116), (10, 1258), (11, 540), (12, 239), (13, 96), (14, 60), (15, 23), (16, 12), (17, 4), (19, 1)] t=1984s
[dagrand seed=52] checked=2220000 bytau=[(2, 1127080), (3, 589271), (4, 287033), (5, 127367), (6, 53353), (7, 21733), (8, 8753), (9, 3155), (10, 1271), (11, 545), (12, 242), (13, 97), (14, 60), (15, 23), (16, 12), (17, 4), (19, 1)] t=2007s
[dagrand seed=52] checked=2240000 bytau=[(2, 1137272), (3, 594671), (4, 289565), (5, 128480), (6, 53819), (7, 21905), (8, 8823), (9, 3190), (10, 1284), (11, 550), (12, 242), (13, 98), (14, 61), (15, 23), (16, 12), (17, 4), (19, 1)] t=2034s
[dagrand seed=52] checked=2260000 bytau=[(2, 1147515), (3, 599902), (4, 292160), (5, 129620), (6, 54276), (7, 22121), (8, 8906), (9, 3213), (10, 1292), (11, 553), (12, 243), (13, 98), (14, 61), (15, 23), (16, 12), (17, 4), (19, 1)] t=2058s
[dagrand seed=52] checked=2280000 bytau=[(2, 1157836), (3, 605111), (4, 294669), (5, 130771), (6, 54773), (7, 22304), (8, 8993), (9, 3238), (10, 1300), (11, 560), (12, 245), (13, 98), (14, 61), (15, 24), (16, 12), (17, 4), (19, 1)] t=2079s
[dagrand seed=52] checked=2300000 bytau=[(2, 1168094), (3, 610326), (4, 297240), (5, 131930), (6, 55243), (7, 22504), (8, 9066), (9, 3268), (10, 1315), (11, 563), (12, 249), (13, 99), (14, 62), (15, 24), (16, 12), (17, 4), (19, 1)] t=2101s
[dagrand seed=52] checked=2320000 bytau=[(2, 1178255), (3, 615611), (4, 299884), (5, 133068), (6, 55715), (7, 22691), (8, 9129), (9, 3303), (10, 1322), (11, 566), (12, 252), (13, 101), (14, 62), (15, 24), (16, 12), (17, 4), (19, 1)] t=2121s
[dagrand seed=52] checked=2340000 bytau=[(2, 1188379), (3, 620913), (4, 302459), (5, 134241), (6, 56220), (7, 22872), (8, 9219), (9, 3333), (10, 1333), (11, 572), (12, 254), (13, 101), (14, 62), (15, 25), (16, 12), (17, 4), (19, 1)] t=2143s
[dagrand seed=52] checked=2360000 bytau=[(2, 1198562), (3, 626302), (4, 304984), (5, 135344), (6, 56704), (7, 23066), (8, 9296), (9, 3359), (10, 1341), (11, 579), (12, 254), (13, 105), (14, 62), (15, 25), (16, 12), (17, 4), (19, 1)] t=2164s
[dagrand seed=52] checked=2380000 bytau=[(2, 1208707), (3, 631630), (4, 307520), (5, 136504), (6, 57186), (7, 23260), (8, 9385), (9, 3398), (10, 1358), (11, 587), (12, 255), (13, 106), (14, 62), (15, 25), (16, 12), (17, 4), (19, 1)] t=2187s
[dagrand seed=52] checked=2400000 bytau=[(2, 1218901), (3, 636987), (4, 310045), (5, 137622), (6, 57682), (7, 23434), (8, 9477), (9, 3426), (10, 1369), (11, 591), (12, 255), (13, 106), (14, 63), (15, 25), (16, 12), (17, 4), (19, 1)] t=2210s
[dagrand seed=52] checked=2420000 bytau=[(2, 1229168), (3, 642129), (4, 312621), (5, 138795), (6, 58163), (7, 23643), (8, 9572), (9, 3455), (10, 1385), (11, 597), (12, 256), (13, 108), (14, 65), (15, 26), (16, 12), (17, 4), (19, 1)] t=2234s
[dagrand seed=52] checked=2440000 bytau=[(2, 1239322), (3, 647489), (4, 315129), (5, 139995), (6, 58614), (7, 23849), (8, 9638), (9, 3482), (10, 1403), (11, 604), (12, 258), (13, 109), (14, 65), (15, 26), (16, 12), (17, 4), (19, 1)] t=2257s
[dagrand seed=52] checked=2460000 bytau=[(2, 1249398), (3, 652817), (4, 317806), (5, 141172), (6, 59075), (7, 24029), (8, 9701), (9, 3505), (10, 1409), (11, 608), (12, 260), (13, 110), (14, 65), (15, 28), (16, 12), (17, 4), (19, 1)] t=2280s
[dagrand seed=52] checked=2480000 bytau=[(2, 1259506), (3, 658211), (4, 320378), (5, 142285), (6, 59561), (7, 24227), (8, 9769), (9, 3542), (10, 1422), (11, 614), (12, 264), (13, 110), (14, 66), (15, 28), (16, 12), (17, 4), (19, 1)] t=2303s
[dagrand seed=52] checked=2500000 bytau=[(2, 1269543), (3, 663605), (4, 322982), (5, 143451), (6, 60030), (7, 24422), (8, 9858), (9, 3568), (10, 1435), (11, 618), (12, 264), (13, 111), (14, 68), (15, 28), (16, 12), (17, 4), (19, 1)] t=2325s
[dagrand seed=52] checked=2520000 bytau=[(2, 1279693), (3, 668955), (4, 325555), (5, 144604), (6, 60502), (7, 24617), (8, 9920), (9, 3593), (10, 1447), (11, 622), (12, 268), (13, 111), (14, 68), (15, 28), (16, 12), (17, 4), (19, 1)] t=2345s
[dagrand seed=52] checked=2540000 bytau=[(2, 1289917), (3, 674199), (4, 328170), (5, 145705), (6, 60959), (7, 24823), (8, 10009), (9, 3629), (10, 1464), (11, 627), (12, 271), (13, 113), (14, 68), (15, 29), (16, 12), (17, 4), (19, 1)] t=2366s
[dagrand seed=52] checked=2560000 bytau=[(2, 1300129), (3, 679530), (4, 330666), (5, 146821), (6, 61483), (7, 25036), (8, 10085), (9, 3646), (10, 1475), (11, 629), (12, 273), (13, 113), (14, 68), (15, 29), (16, 12), (17, 4), (19, 1)] t=2392s
[dagrand seed=52] checked=2580000 bytau=[(2, 1310412), (3, 684758), (4, 333178), (5, 147964), (6, 61968), (7, 25239), (8, 10161), (9, 3689), (10, 1487), (11, 639), (12, 276), (13, 115), (14, 68), (15, 29), (16, 12), (17, 4), (19, 1)] t=2413s
[dagrand seed=52] checked=2600000 bytau=[(2, 1320648), (3, 690070), (4, 335751), (5, 149050), (6, 62434), (7, 25441), (8, 10241), (9, 3716), (10, 1497), (11, 642), (12, 278), (13, 116), (14, 68), (15, 29), (16, 14), (17, 4), (19, 1)] t=2438s
[dagrand seed=52] checked=2620000 bytau=[(2, 1330728), (3, 695448), (4, 338335), (5, 150209), (6, 62914), (7, 25618), (8, 10332), (9, 3746), (10, 1509), (11, 644), (12, 284), (13, 117), (14, 68), (15, 29), (16, 14), (17, 4), (19, 1)] t=2461s
[dagrand seed=52] checked=2640000 bytau=[(2, 1340892), (3, 700716), (4, 340922), (5, 151389), (6, 63401), (7, 25814), (8, 10399), (9, 3767), (10, 1526), (11, 650), (12, 287), (13, 119), (14, 70), (15, 29), (16, 14), (17, 4), (19, 1)] t=2484s
[dagrand seed=52] checked=2660000 bytau=[(2, 1351089), (3, 706051), (4, 343453), (5, 152539), (6, 63875), (7, 26003), (8, 10477), (9, 3793), (10, 1535), (11, 657), (12, 290), (13, 120), (14, 70), (15, 29), (16, 14), (17, 4), (19, 1)] t=2513s
[dagrand seed=52] checked=2680000 bytau=[(2, 1361279), (3, 711365), (4, 346024), (5, 153657), (6, 64357), (7, 26204), (8, 10549), (9, 3826), (10, 1549), (11, 661), (12, 291), (13, 120), (14, 70), (15, 29), (16, 14), (17, 4), (19, 1)] t=2532s
[dagrand seed=52] checked=2700000 bytau=[(2, 1371376), (3, 716651), (4, 348694), (5, 154847), (6, 64808), (7, 26398), (8, 10603), (9, 3857), (10, 1566), (11, 665), (12, 295), (13, 121), (14, 71), (15, 29), (16, 14), (17, 4), (19, 1)] t=2553s
[dagrand seed=52] checked=2720000 bytau=[(2, 1381592), (3, 721880), (4, 351326), (5, 155961), (6, 65287), (7, 26588), (8, 10684), (9, 3889), (10, 1577), (11, 675), (12, 299), (13, 123), (14, 71), (15, 29), (16, 14), (17, 4), (19, 1)] t=2577s
[dagrand seed=52] checked=2740000 bytau=[(2, 1391815), (3, 727189), (4, 353853), (5, 157067), (6, 65763), (7, 26814), (8, 10774), (9, 3914), (10, 1588), (11, 678), (12, 300), (13, 124), (14, 72), (15, 29), (16, 15), (17, 4), (19, 1)] t=2600s
[dagrand seed=52] checked=2760000 bytau=[(2, 1402087), (3, 732411), (4, 356448), (5, 158228), (6, 66219), (7, 26981), (8, 10847), (9, 3949), (10, 1601), (11, 681), (12, 301), (13, 126), (14, 72), (15, 29), (16, 15), (17, 4), (19, 1)] t=2620s
[dagrand seed=52] checked=2780000 bytau=[(2, 1412164), (3, 737760), (4, 359016), (5, 159398), (6, 66736), (7, 27182), (8, 10919), (9, 3978), (10, 1611), (11, 682), (12, 304), (13, 126), (14, 74), (15, 30), (16, 15), (17, 4), (19, 1)] t=2643s
[dagrand seed=52] checked=2800000 bytau=[(2, 1422375), (3, 743098), (4, 361603), (5, 160464), (6, 67204), (7, 27374), (8, 11007), (9, 4010), (10, 1620), (11, 688), (12, 307), (13, 126), (14, 74), (15, 30), (16, 15), (17, 4), (19, 1)] t=2667s
[dagrand seed=52] checked=2820000 bytau=[(2, 1432552), (3, 748360), (4, 364242), (5, 161586), (6, 67670), (7, 27578), (8, 11078), (9, 4051), (10, 1629), (11, 695), (12, 309), (13, 126), (14, 74), (15, 30), (16, 15), (17, 4), (19, 1)] t=2691s
[dagrand seed=52] checked=2840000 bytau=[(2, 1442780), (3, 753620), (4, 366785), (5, 162703), (6, 68181), (7, 27790), (8, 11143), (9, 4081), (10, 1646), (11, 707), (12, 313), (13, 126), (14, 75), (15, 30), (16, 15), (17, 4), (19, 1)] t=2715s
[dagrand seed=52] checked=2860000 bytau=[(2, 1452894), (3, 759010), (4, 369437), (5, 163774), (6, 68634), (7, 27989), (8, 11220), (9, 4114), (10, 1652), (11, 708), (12, 316), (13, 126), (14, 76), (15, 30), (16, 15), (17, 4), (19, 1)] t=2739s
[dagrand seed=52] checked=2880000 bytau=[(2, 1462937), (3, 764332), (4, 372146), (5, 164922), (6, 69078), (7, 28194), (8, 11290), (9, 4153), (10, 1663), (11, 714), (12, 317), (13, 128), (14, 76), (15, 30), (16, 15), (17, 4), (19, 1)] t=2760s
[dagrand seed=52] checked=2900000 bytau=[(2, 1473145), (3, 769677), (4, 374685), (5, 166055), (6, 69544), (7, 28383), (8, 11370), (9, 4181), (10, 1668), (11, 716), (12, 321), (13, 129), (14, 76), (15, 30), (16, 15), (17, 4), (19, 1)] t=2784s
[dagrand seed=52] checked=2920000 bytau=[(2, 1483343), (3, 775070), (4, 377237), (5, 167195), (6, 69967), (7, 28553), (8, 11447), (9, 4209), (10, 1681), (11, 718), (12, 324), (13, 130), (14, 76), (15, 30), (16, 15), (17, 4), (19, 1)] t=2805s
[dagrand seed=52] checked=2940000 bytau=[(2, 1493513), (3, 780313), (4, 379784), (5, 168392), (6, 70475), (7, 28767), (8, 11521), (9, 4235), (10, 1691), (11, 723), (12, 326), (13, 133), (14, 76), (15, 30), (16, 16), (17, 4), (19, 1)] t=2831s
[dagrand seed=52] checked=2960000 bytau=[(2, 1503681), (3, 785549), (4, 382465), (5, 169534), (6, 70919), (7, 28967), (8, 11600), (9, 4266), (10, 1704), (11, 725), (12, 328), (13, 135), (14, 76), (15, 30), (16, 16), (17, 4), (19, 1)] t=2854s
[dagrand seed=52] checked=2980000 bytau=[(2, 1513895), (3, 790810), (4, 384976), (5, 170709), (6, 71422), (7, 29169), (8, 11688), (9, 4287), (10, 1715), (11, 734), (12, 332), (13, 135), (14, 76), (15, 30), (16, 16), (17, 5), (19, 1)] t=2878s
[dagrand seed=52] checked=3000000 bytau=[(2, 1524031), (3, 796132), (4, 387552), (5, 171872), (6, 71932), (7, 29364), (8, 11744), (9, 4310), (10, 1725), (11, 737), (12, 334), (13, 137), (14, 76), (15, 32), (16, 16), (17, 5), (19, 1)] t=2899s
[dagrand seed=52] checked=3020000 bytau=[(2, 1534272), (3, 801446), (4, 390121), (5, 172964), (6, 72397), (7, 29545), (8, 11827), (9, 4333), (10, 1742), (11, 745), (12, 338), (13, 140), (14, 76), (15, 32), (16, 16), (17, 5), (19, 1)] t=2919s
[dagrand seed=52] checked=3040000 bytau=[(2, 1544514), (3, 806798), (4, 392655), (5, 174055), (6, 72860), (7, 29735), (8, 11901), (9, 4367), (10, 1755), (11, 748), (12, 340), (13, 142), (14, 76), (15, 32), (16, 16), (17, 5), (19, 1)] t=2943s
[dagrand seed=52] checked=3060000 bytau=[(2, 1554635), (3, 812131), (4, 395247), (5, 175189), (6, 73348), (7, 29932), (8, 11979), (9, 4399), (10, 1763), (11, 757), (12, 344), (13, 144), (14, 77), (15, 33), (16, 16), (17, 5), (19, 1)] t=2965s
[dagrand seed=52] checked=3080000 bytau=[(2, 1564848), (3, 817467), (4, 397809), (5, 176317), (6, 73826), (7, 30089), (8, 12051), (9, 4429), (10, 1777), (11, 765), (12, 346), (13, 144), (14, 77), (15, 33), (16, 16), (17, 5), (19, 1)] t=2985s
[dagrand seed=52] checked=3100000 bytau=[(2, 1575061), (3, 822743), (4, 400359), (5, 177461), (6, 74330), (7, 30279), (8, 12120), (9, 4457), (10, 1792), (11, 769), (12, 352), (13, 144), (14, 78), (15, 33), (16, 16), (17, 5), (19, 1)] t=3005s
[dagrand seed=52] checked=3120000 bytau=[(2, 1585307), (3, 827962), (4, 402956), (5, 178617), (6, 74800), (7, 30469), (8, 12197), (9, 4485), (10, 1799), (11, 776), (12, 354), (13, 145), (14, 78), (15, 33), (16, 16), (17, 5), (19, 1)] t=3030s
[dagrand seed=52] checked=3140000 bytau=[(2, 1595407), (3, 833300), (4, 405529), (5, 179747), (6, 75331), (7, 30652), (8, 12296), (9, 4509), (10, 1813), (11, 780), (12, 356), (13, 146), (14, 79), (15, 33), (16, 16), (17, 5), (19, 1)] t=3049s
[dagrand seed=52] checked=3160000 bytau=[(2, 1605629), (3, 838617), (4, 407991), (5, 180950), (6, 75815), (7, 30858), (8, 12362), (9, 4539), (10, 1819), (11, 782), (12, 357), (13, 147), (14, 79), (15, 33), (16, 16), (17, 5), (19, 1)] t=3069s
[dagrand seed=52] checked=3180000 bytau=[(2, 1615790), (3, 844011), (4, 410543), (5, 182052), (6, 76292), (7, 31034), (8, 12451), (9, 4571), (10, 1832), (11, 786), (12, 357), (13, 147), (14, 79), (15, 33), (16, 16), (17, 5), (19, 1)] t=3094s
[dagrand seed=52] checked=3200000 bytau=[(2, 1626001), (3, 849264), (4, 413097), (5, 183216), (6, 76789), (7, 31234), (8, 12517), (9, 4607), (10, 1844), (11, 792), (12, 358), (13, 147), (14, 79), (15, 33), (16, 16), (17, 5), (19, 1)] t=3123s
[dagrand seed=52] checked=3220000 bytau=[(2, 1636080), (3, 854693), (4, 415684), (5, 184332), (6, 77240), (7, 31427), (8, 12607), (9, 4643), (10, 1855), (11, 797), (12, 359), (13, 148), (14, 80), (15, 33), (16, 16), (17, 5), (19, 1)] t=3142s
[dagrand seed=52] checked=3240000 bytau=[(2, 1646243), (3, 859985), (4, 418280), (5, 185472), (6, 77717), (7, 31634), (8, 12691), (9, 4671), (10, 1863), (11, 801), (12, 359), (13, 149), (14, 80), (15, 33), (16, 16), (17, 5), (19, 1)] t=3165s
[dagrand seed=52] checked=3260000 bytau=[(2, 1656291), (3, 865366), (4, 420883), (5, 186651), (6, 78192), (7, 31821), (8, 12761), (9, 4709), (10, 1875), (11, 805), (12, 361), (13, 149), (14, 81), (15, 33), (16, 16), (17, 5), (19, 1)] t=3192s
[dagrand seed=52] checked=3280000 bytau=[(2, 1666342), (3, 870834), (4, 423463), (5, 187743), (6, 78650), (7, 32047), (8, 12848), (9, 4735), (10, 1881), (11, 808), (12, 362), (13, 150), (14, 82), (15, 33), (16, 16), (17, 5), (19, 1)] t=3217s
[dagrand seed=52] checked=3300000 bytau=[(2, 1676433), (3, 876189), (4, 426050), (5, 188891), (6, 79135), (7, 32260), (8, 12918), (9, 4763), (10, 1896), (11, 811), (12, 362), (13, 152), (14, 83), (15, 35), (16, 16), (17, 5), (19, 1)] t=3240s
[dagrand seed=52] checked=3320000 bytau=[(2, 1686537), (3, 881560), (4, 428635), (5, 190016), (6, 79621), (7, 32461), (8, 12999), (9, 4791), (10, 1905), (11, 817), (12, 363), (13, 153), (14, 84), (15, 35), (16, 17), (17, 5), (19, 1)] t=3267s
[dagrand seed=52] checked=3340000 bytau=[(2, 1696681), (3, 886839), (4, 431161), (5, 191227), (6, 80115), (7, 32666), (8, 13086), (9, 4821), (10, 1921), (11, 820), (12, 365), (13, 156), (14, 84), (15, 35), (16, 17), (17, 5), (19, 1)] t=3292s
[dagrand seed=52] checked=3360000 bytau=[(2, 1706916), (3, 892189), (4, 433648), (5, 192385), (6, 80554), (7, 32874), (8, 13167), (9, 4843), (10, 1935), (11, 825), (12, 366), (13, 156), (14, 84), (15, 35), (16, 17), (17, 5), (19, 1)] t=3315s
[dagrand seed=52] checked=3380000 bytau=[(2, 1717037), (3, 897590), (4, 436217), (5, 193521), (6, 81020), (7, 33054), (8, 13250), (9, 4870), (10, 1942), (11, 828), (12, 371), (13, 158), (14, 84), (15, 35), (16, 17), (17, 5), (19, 1)] t=3339s
[dagrand seed=52] checked=3400000 bytau=[(2, 1727335), (3, 902815), (4, 438782), (5, 194648), (6, 81497), (7, 33244), (8, 13318), (9, 4900), (10, 1951), (11, 834), (12, 373), (13, 161), (14, 84), (15, 35), (16, 17), (17, 5), (19, 1)] t=3364s
[dagrand seed=52] checked=3420000 bytau=[(2, 1737576), (3, 908106), (4, 441335), (5, 195759), (6, 81982), (7, 33434), (8, 13394), (9, 4935), (10, 1962), (11, 836), (12, 376), (13, 161), (14, 86), (15, 35), (16, 17), (17, 5), (19, 1)] t=3385s
[dagrand seed=52] checked=3440000 bytau=[(2, 1747720), (3, 913429), (4, 443912), (5, 196920), (6, 82457), (7, 33623), (8, 13473), (9, 4965), (10, 1978), (11, 838), (12, 378), (13, 163), (14, 86), (15, 35), (16, 17), (17, 5), (19, 1)] t=3408s
[dagrand seed=52] checked=3460000 bytau=[(2, 1757931), (3, 918690), (4, 446516), (5, 198024), (6, 82958), (7, 33817), (8, 13545), (9, 4994), (10, 1992), (11, 845), (12, 380), (13, 163), (14, 87), (15, 35), (16, 17), (17, 5), (19, 1)] t=3428s
[dagrand seed=52] checked=3480000 bytau=[(2, 1768143), (3, 923965), (4, 449115), (5, 199173), (6, 83405), (7, 34020), (8, 13618), (9, 5019), (10, 2000), (11, 850), (12, 382), (13, 163), (14, 88), (15, 36), (16, 17), (17, 5), (19, 1)] t=3449s
[dagrand seed=52] checked=3500000 bytau=[(2, 1778142), (3, 929359), (4, 451732), (5, 200352), (6, 83886), (7, 34227), (8, 13693), (9, 5051), (10, 2008), (11, 855), (12, 382), (13, 164), (14, 88), (15, 38), (16, 17), (17, 5), (19, 1)] t=3471s
[dagrand seed=52] checked=3520000 bytau=[(2, 1788347), (3, 934675), (4, 454320), (5, 201491), (6, 84334), (7, 34420), (8, 13769), (9, 5067), (10, 2017), (11, 860), (12, 386), (13, 165), (14, 88), (15, 38), (16, 17), (17, 5), (19, 1)] t=3495s
[dagrand seed=52] checked=3540000 bytau=[(2, 1798620), (3, 939931), (4, 456865), (5, 202618), (6, 84805), (7, 34616), (8, 13850), (9, 5101), (10, 2025), (11, 867), (12, 388), (13, 165), (14, 88), (15, 38), (16, 17), (17, 5), (19, 1)] t=3516s
[dagrand seed=52] checked=3560000 bytau=[(2, 1808754), (3, 945251), (4, 459431), (5, 203814), (6, 85248), (7, 34818), (8, 13938), (9, 5135), (10, 2035), (11, 871), (12, 390), (13, 165), (14, 88), (15, 39), (16, 17), (17, 5), (19, 1)] t=3536s
[dagrand seed=52] checked=3580000 bytau=[(2, 1818988), (3, 950564), (4, 461918), (5, 204978), (6, 85710), (7, 35005), (8, 14025), (9, 5181), (10, 2048), (11, 874), (12, 393), (13, 166), (14, 88), (15, 39), (16, 17), (17, 5), (19, 1)] t=3560s
[dagrand seed=52] checked=3600000 bytau=[(2, 1829181), (3, 955805), (4, 464509), (5, 206103), (6, 86197), (7, 35224), (8, 14111), (9, 5213), (10, 2064), (11, 881), (12, 395), (13, 166), (14, 89), (15, 39), (16, 17), (17, 5), (19, 1)] t=3585s
[dagrand seed=52] checked=3620000 bytau=[(2, 1839380), (3, 961048), (4, 467115), (5, 207277), (6, 86686), (7, 35388), (8, 14189), (9, 5240), (10, 2075), (11, 888), (12, 397), (13, 166), (14, 89), (15, 39), (16, 17), (17, 5), (19, 1)] t=3608s
[dagrand seed=52] checked=3640000 bytau=[(2, 1849496), (3, 966394), (4, 469729), (5, 208377), (6, 87170), (7, 35601), (8, 14270), (9, 5267), (10, 2087), (11, 893), (12, 398), (13, 167), (14, 89), (15, 39), (16, 17), (17, 5), (19, 1)] t=3627s
[dagrand seed=52] checked=3660000 bytau=[(2, 1859641), (3, 971610), (4, 472388), (5, 209524), (6, 87687), (7, 35803), (8, 14335), (9, 5300), (10, 2095), (11, 898), (12, 398), (13, 168), (14, 90), (15, 40), (16, 17), (17, 5), (19, 1)] t=3649s
[dagrand seed=52] checked=3680000 bytau=[(2, 1869851), (3, 976871), (4, 474991), (5, 210680), (6, 88132), (7, 36017), (8, 14398), (9, 5330), (10, 2102), (11, 902), (12, 401), (13, 171), (14, 90), (15, 40), (16, 18), (17, 5), (19, 1)] t=3670s
[dagrand seed=52] checked=3700000 bytau=[(2, 1880005), (3, 982202), (4, 477540), (5, 211850), (6, 88613), (7, 36201), (8, 14479), (9, 5361), (10, 2113), (11, 907), (12, 403), (13, 171), (14, 90), (15, 40), (16, 19), (17, 5), (19, 1)] t=3697s
[dagrand seed=52] checked=3720000 bytau=[(2, 1890170), (3, 987523), (4, 480146), (5, 212966), (6, 89087), (7, 36391), (8, 14552), (9, 5395), (10, 2123), (11, 913), (12, 407), (13, 172), (14, 90), (15, 40), (16, 19), (17, 5), (19, 1)] t=3714s
[dagrand seed=52] checked=3740000 bytau=[(2, 1900349), (3, 992783), (4, 482822), (5, 214088), (6, 89544), (7, 36587), (8, 14619), (9, 5418), (10, 2131), (11, 919), (12, 413), (13, 172), (14, 90), (15, 40), (16, 19), (17, 5), (19, 1)] t=3738s
[dagrand seed=52] checked=3760000 bytau=[(2, 1910509), (3, 998125), (4, 485368), (5, 215210), (6, 90033), (7, 36790), (8, 14716), (9, 5438), (10, 2142), (11, 924), (12, 415), (13, 175), (14, 90), (15, 40), (16, 19), (17, 5), (19, 1)] t=3756s
[dagrand seed=52] checked=3780000 bytau=[(2, 1920578), (3, 1003525), (4, 487956), (5, 216393), (6, 90490), (7, 36966), (8, 14787), (9, 5475), (10, 2152), (11, 930), (12, 416), (13, 177), (14, 90), (15, 40), (16, 19), (17, 5), (19, 1)] t=3779s
[dagrand seed=52] checked=3800000 bytau=[(2, 1930768), (3, 1008878), (4, 490489), (5, 217512), (6, 90978), (7, 37157), (8, 14869), (9, 5502), (10, 2165), (11, 932), (12, 417), (13, 178), (14, 90), (15, 40), (16, 19), (17, 5), (19, 1)] t=3801s
[dagrand seed=52] checked=3820000 bytau=[(2, 1940902), (3, 1014200), (4, 493072), (5, 218609), (6, 91501), (7, 37363), (8, 14946), (9, 5537), (10, 2174), (11, 939), (12, 420), (13, 180), (14, 90), (15, 41), (16, 20), (17, 5), (19, 1)] t=3818s
[dagrand seed=52] checked=3840000 bytau=[(2, 1951007), (3, 1019519), (4, 495698), (5, 219725), (6, 91993), (7, 37569), (8, 15014), (9, 5572), (10, 2194), (11, 946), (12, 425), (13, 181), (14, 90), (15, 41), (16, 20), (17, 5), (19, 1)] t=3837s
[dagrand seed=52] checked=3860000 bytau=[(2, 1961154), (3, 1024851), (4, 498256), (5, 220900), (6, 92481), (7, 37762), (8, 15087), (9, 5590), (10, 2203), (11, 950), (12, 426), (13, 181), (14, 92), (15, 41), (16, 20), (17, 5), (19, 1)] t=3854s
[dagrand seed=52] checked=3880000 bytau=[(2, 1971344), (3, 1030172), (4, 500818), (5, 221998), (6, 92977), (7, 37958), (8, 15169), (9, 5621), (10, 2217), (11, 957), (12, 428), (13, 181), (14, 92), (15, 41), (16, 21), (17, 5), (19, 1)] t=3871s
[dagrand seed=52] checked=3900000 bytau=[(2, 1981477), (3, 1035495), (4, 503408), (5, 223164), (6, 93452), (7, 38156), (8, 15243), (9, 5648), (10, 2224), (11, 960), (12, 430), (13, 182), (14, 92), (15, 42), (16, 21), (17, 5), (19, 1)] t=3890s
[dagrand seed=52] checked=3920000 bytau=[(2, 1991718), (3, 1040750), (4, 505956), (5, 224284), (6, 93922), (7, 38376), (8, 15328), (9, 5686), (10, 2237), (11, 967), (12, 432), (13, 183), (14, 92), (15, 42), (16, 21), (17, 5), (19, 1)] t=3907s
[dagrand seed=52] checked=3940000 bytau=[(2, 2002039), (3, 1046020), (4, 508450), (5, 225399), (6, 94399), (7, 38579), (8, 15395), (9, 5711), (10, 2250), (11, 975), (12, 437), (13, 185), (14, 92), (15, 42), (16, 21), (17, 5), (19, 1)] t=3928s
[dagrand seed=52] checked=3960000 bytau=[(2, 2012307), (3, 1051249), (4, 511034), (5, 226511), (6, 94871), (7, 38790), (8, 15467), (9, 5744), (10, 2263), (11, 980), (12, 438), (13, 185), (14, 92), (15, 42), (16, 21), (17, 5), (19, 1)] t=3946s
[dagrand seed=52] checked=3980000 bytau=[(2, 2022481), (3, 1056615), (4, 513589), (5, 227657), (6, 95300), (7, 38998), (8, 15531), (9, 5778), (10, 2273), (11, 985), (12, 444), (13, 186), (14, 92), (15, 43), (16, 21), (17, 6), (19, 1)] t=3965s
[dagrand seed=52] checked=4000000 bytau=[(2, 2032539), (3, 1061958), (4, 516237), (5, 228804), (6, 95791), (7, 39200), (8, 15594), (9, 5804), (10, 2286), (11, 987), (12, 449), (13, 188), (14, 92), (15, 43), (16, 21), (17, 6), (19, 1)] t=3983s
[dagrand seed=52] checked=4020000 bytau=[(2, 2042655), (3, 1067276), (4, 518865), (5, 229930), (6, 96280), (7, 39387), (8, 15674), (9, 5838), (10, 2303), (11, 991), (12, 450), (13, 188), (14, 92), (15, 43), (16, 21), (17, 6), (19, 1)] t=4004s
[dagrand seed=52] checked=4040000 bytau=[(2, 2052849), (3, 1072580), (4, 521399), (5, 231119), (6, 96743), (7, 39594), (8, 15743), (9, 5863), (10, 2310), (11, 994), (12, 452), (13, 189), (14, 94), (15, 43), (16, 21), (17, 6), (19, 1)] t=4023s
[dagrand seed=52] checked=4060000 bytau=[(2, 2063015), (3, 1077926), (4, 523942), (5, 232249), (6, 97237), (7, 39802), (8, 15815), (9, 5890), (10, 2317), (11, 998), (12, 455), (13, 189), (14, 94), (15, 43), (16, 21), (17, 6), (19, 1)] t=4042s
[dagrand seed=52] checked=4080000 bytau=[(2, 2073237), (3, 1083163), (4, 526528), (5, 233414), (6, 97725), (7, 39974), (8, 15890), (9, 5924), (10, 2328), (11, 1004), (12, 457), (13, 190), (14, 95), (15, 43), (16, 21), (17, 6), (19, 1)] t=4060s
[dagrand seed=52] checked=4100000 bytau=[(2, 2083424), (3, 1088497), (4, 529108), (5, 234534), (6, 98210), (7, 40148), (8, 15963), (9, 5952), (10, 2339), (11, 1008), (12, 459), (13, 191), (14, 96), (15, 43), (16, 21), (17, 6), (19, 1)] t=4083s
[dagrand seed=52] checked=4120000 bytau=[(2, 2093563), (3, 1093782), (4, 531714), (5, 235695), (6, 98673), (7, 40373), (8, 16037), (9, 5979), (10, 2354), (11, 1011), (12, 459), (13, 193), (14, 96), (15, 43), (16, 21), (17, 6), (19, 1)] t=4100s
[dagrand seed=52] checked=4140000 bytau=[(2, 2103640), (3, 1099097), (4, 534317), (5, 236903), (6, 99132), (7, 40567), (8, 16121), (9, 6017), (10, 2370), (11, 1015), (12, 461), (13, 193), (14, 96), (15, 43), (16, 21), (17, 6), (19, 1)] t=4124s
[dagrand seed=52] checked=4160000 bytau=[(2, 2113874), (3, 1104425), (4, 536885), (5, 238037), (6, 99565), (7, 40750), (8, 16194), (9, 6052), (10, 2375), (11, 1018), (12, 462), (13, 196), (14, 96), (15, 43), (16, 21), (17, 6), (19, 1)] t=4143s
[dagrand seed=52] checked=4180000 bytau=[(2, 2124030), (3, 1109721), (4, 539440), (5, 239171), (6, 100074), (7, 40956), (8, 16279), (9, 6079), (10, 2394), (11, 1024), (12, 465), (13, 199), (14, 97), (15, 43), (16, 21), (17, 6), (19, 1)] t=4160s
[dagrand seed=52] checked=4200000 bytau=[(2, 2134313), (3, 1114952), (4, 541996), (5, 240300), (6, 100563), (7, 41145), (8, 16349), (9, 6103), (10, 2411), (11, 1031), (12, 469), (13, 200), (14, 97), (15, 43), (16, 21), (17, 6), (19, 1)] t=4186s
[dagrand seed=52] DONE checked=4214359 bytau=[(2, 2141564), (3, 1118869), (4, 543794), (5, 241113), (6, 100893), (7, 41305), (8, 16410), (9, 6123), (10, 2417), (11, 1033), (12, 470), (13, 200), (14, 97), (15, 43), (16, 21), (17, 6), (19, 1)]
