[mdag n=6 M=15 6/0] checked=200000 bytau=[(2, 187318), (3, 12396), (4, 286)] t=120s
[mdag n=6 M=15 6/0] checked=400000 bytau=[(2, 363310), (3, 34861), (4, 1730), (5, 92), (6, 7)] t=200s
[mdag n=6 M=15 6/0] checked=600000 bytau=[(2, 536332), (3, 59895), (4, 3547), (5, 211), (6, 15)] t=288s
[mdag n=6 M=15 6/0] checked=800000 bytau=[(2, 713772), (3, 80719), (4, 5097), (5, 383), (6, 29)] t=375s
[mdag n=6 M=15 6/0] checked=1000000 bytau=[(2, 885822), (3, 106727), (4, 6978), (5, 443), (6, 30)] t=455s
[mdag n=6 M=15 6/0] checked=1200000 bytau=[(2, 1031165), (3, 151863), (4, 14909), (5, 1852), (6, 206), (7, 5)] t=519s
[mdag n=6 M=15 6/0] checked=1400000 bytau=[(2, 1171940), (3, 199436), (4, 24691), (5, 3539), (6, 384), (7, 10)] t=573s
[mdag n=6 M=15 6/0] checked=1600000 bytau=[(2, 1308412), (3, 249925), (4, 35435), (5, 5588), (6, 625), (7, 15)] t=625s
[mdag n=6 M=15 6/0] checked=1800000 bytau=[(2, 1449662), (3, 298720), (4, 44241), (5, 6677), (6, 685), (7, 15)] t=671s
[mdag n=6 M=15 6/0] checked=2000000 bytau=[(2, 1585752), (3, 350627), (4, 54757), (5, 8081), (6, 768), (7, 15)] t=719s
[mdag n=6 M=15 6/0] checked=2200000 bytau=[(2, 1722233), (3, 401859), (4, 65048), (5, 9631), (6, 1065), (7, 121), (8, 34), (9, 8), (10, 1)] t=776s
[mdag n=6 M=15 6/0] checked=2400000 bytau=[(2, 1883944), (3, 437637), (4, 67482), (5, 9707), (6, 1066), (7, 121), (8, 34), (9, 8), (10, 1)] t=835s
[mdag n=6 M=15 6/0] checked=2600000 bytau=[(2, 2030571), (3, 483672), (4, 74159), (5, 10348), (6, 1086), (7, 121), (8, 34), (9, 8), (10, 1)] t=903s
[mdag n=6 M=15 6/0] checked=2800000 bytau=[(2, 2173478), (3, 532298), (4, 81743), (5, 11181), (6, 1136), (7, 121), (8, 34), (9, 8), (10, 1)] t=957s
[mdag n=6 M=15 6/0] checked=3000000 bytau=[(2, 2314280), (3, 581739), (4, 90378), (5, 12248), (6, 1191), (7, 121), (8, 34), (9, 8), (10, 1)] t=1002s
[mdag n=6 M=15 6/0] checked=3200000 bytau=[(2, 2473569), (3, 619680), (4, 93054), (5, 12341), (6, 1192), (7, 121), (8, 34), (9, 8), (10, 1)] t=1067s
[mdag n=6 M=15 6/0] checked=3400000 bytau=[(2, 2614848), (3, 670149), (4, 100699), (5, 12930), (6, 1210), (7, 121), (8, 34), (9, 8), (10, 1)] t=1114s
[mdag n=6 M=15 6/0] checked=3600000 bytau=[(2, 2762483), (3, 714712), (4, 107745), (5, 13657), (6, 1239), (7, 121), (8, 34), (9, 8), (10, 1)] t=1169s
[mdag n=6 M=15 6/0] checked=3800000 bytau=[(2, 2920576), (3, 752218), (4, 111643), (5, 14126), (6, 1273), (7, 121), (8, 34), (9, 8), (10, 1)] t=1229s
[mdag n=6 M=15 6/0] checked=4000000 bytau=[(2, 3060549), (3, 800893), (4, 120781), (5, 16018), (6, 1585), (7, 131), (8, 34), (9, 8), (10, 1)] t=1286s
[mdag n=6 M=15 6/0] checked=4200000 bytau=[(2, 3170061), (3, 857621), (4, 141950), (5, 24303), (6, 4568), (7, 1080), (8, 324), (9, 79), (10, 13), (11, 1)] t=1338s
[mdag n=6 M=15 6/0] checked=4400000 bytau=[(2, 3264987), (3, 928881), (4, 169014), (5, 30369), (6, 5242), (7, 1090), (8, 324), (9, 79), (10, 13), (11, 1)] t=1384s
[mdag n=6 M=15 6/0] checked=4600000 bytau=[(2, 3370094), (3, 994668), (4, 190191), (5, 35703), (6, 6918), (7, 1735), (8, 533), (9, 133), (10, 23), (11, 2)] t=1432s
[mdag n=6 M=15 6/0] checked=4800000 bytau=[(2, 3456673), (3, 1066224), (4, 219954), (5, 44458), (6, 9352), (7, 2420), (8, 720), (9, 170), (10, 27), (11, 2)] t=1487s
[mdag n=6 M=15 6/0] checked=5000000 bytau=[(2, 3563191), (3, 1133754), (4, 240319), (5, 48662), (6, 10314), (7, 2733), (8, 808), (9, 188), (10, 29), (11, 2)] t=1534s
[mdag n=6 M=15 6/0] checked=5200000 bytau=[(2, 3674791), (3, 1194520), (4, 259706), (5, 54201), (6, 12103), (7, 3378), (8, 1017), (9, 242), (10, 39), (11, 3)] t=1600s
[mdag n=6 M=15 6/0] checked=5400000 bytau=[(2, 3765556), (3, 1261648), (4, 288997), (5, 63216), (6, 14788), (7, 4213), (8, 1247), (9, 288), (10, 44), (11, 3)] t=1657s
[mdag n=6 M=15 6/0] checked=5600000 bytau=[(2, 3874362), (3, 1330250), (4, 308773), (5, 65934), (6, 14886), (7, 4213), (8, 1247), (9, 288), (10, 44), (11, 3)] t=1697s
[mdag n=6 M=15 6/0] checked=5800000 bytau=[(2, 3969293), (3, 1400479), (4, 334883), (5, 72355), (6, 16503), (7, 4732), (8, 1389), (9, 316), (10, 47), (11, 3)] t=1741s
[mdag n=6 M=15 6/0] checked=6000000 bytau=[(2, 4086228), (3, 1464556), (4, 351312), (5, 74716), (6, 16675), (7, 4755), (8, 1392), (9, 316), (10, 47), (11, 3)] t=1779s
[mdag n=6 M=15 6/0] checked=6200000 bytau=[(2, 4206573), (3, 1524718), (4, 366096), (5, 78022), (6, 17691), (7, 5063), (8, 1462), (9, 325), (10, 47), (11, 3)] t=1825s
[mdag n=6 M=15 6/0] checked=6400000 bytau=[(2, 4332378), (3, 1587075), (4, 377118), (5, 78825), (6, 17704), (7, 5063), (8, 1462), (9, 325), (10, 47), (11, 3)] t=1878s
[mdag n=6 M=15 6/0] checked=6600000 bytau=[(2, 4436522), (3, 1656491), (4, 399879), (5, 82365), (6, 17843), (7, 5063), (8, 1462), (9, 325), (10, 47), (11, 3)] t=1933s
[mdag n=6 M=15 6/0] checked=6800000 bytau=[(2, 4557170), (3, 1721774), (4, 412787), (5, 83500), (6, 17869), (7, 5063), (8, 1462), (9, 325), (10, 47), (11, 3)] t=1971s
[mdag n=6 M=15 6/0] checked=7000000 bytau=[(2, 4667709), (3, 1790722), (4, 430965), (5, 85755), (6, 17949), (7, 5063), (8, 1462), (9, 325), (10, 47), (11, 3)] t=2017s
[mdag n=6 M=15 6/0] checked=7200000 bytau=[(2, 4788277), (3, 1856117), (4, 444060), (5, 86687), (6, 17959), (7, 5063), (8, 1462), (9, 325), (10, 47), (11, 3)] t=2058s
[mdag n=6 M=15 6/0] checked=7400000 bytau=[(2, 4915898), (3, 1915964), (4, 455532), (5, 87727), (6, 17979), (7, 5063), (8, 1462), (9, 325), (10, 47), (11, 3)] t=2115s
[mdag n=6 M=15 6/0] checked=7600000 bytau=[(2, 5031103), (3, 1982591), (4, 472098), (5, 89298), (6, 18010), (7, 5063), (8, 1462), (9, 325), (10, 47), (11, 3)] t=2161s
[mdag n=6 M=15 6/0] checked=7800000 bytau=[(2, 5150970), (3, 2047162), (4, 485985), (5, 90913), (6, 18070), (7, 5063), (8, 1462), (9, 325), (10, 47), (11, 3)] t=2210s
[mdag n=6 M=15 6/0] checked=8000000 bytau=[(2, 5280386), (3, 2105866), (4, 496845), (5, 91895), (6, 18108), (7, 5063), (8, 1462), (9, 325), (10, 47), (11, 3)] t=2266s
[mdag n=6 M=15 6/0] checked=8200000 bytau=[(2, 5414767), (3, 2162564), (4, 505255), (5, 92399), (6, 18115), (7, 5063), (8, 1462), (9, 325), (10, 47), (11, 3)] t=2309s
[mdag n=6 M=15 6/0] checked=8400000 bytau=[(2, 5523812), (3, 2223486), (4, 523903), (5, 98476), (6, 21324), (7, 6605), (8, 1914), (9, 416), (10, 60), (11, 4)] t=2364s
[mdag n=6 M=15 6/0] checked=8600000 bytau=[(2, 5618802), (3, 2287549), (4, 553564), (5, 107995), (6, 22976), (7, 6713), (8, 1921), (9, 416), (10, 60), (11, 4)] t=2423s
[mdag n=6 M=15 6/0] checked=8800000 bytau=[(2, 5690760), (3, 2357959), (4, 590386), (5, 122261), (6, 27875), (7, 8055), (8, 2190), (9, 449), (10, 61), (11, 4)] t=2468s
[mdag n=6 M=15 6/0] checked=9000000 bytau=[(2, 5746844), (3, 2427619), (4, 639202), (5, 140760), (6, 33128), (7, 9424), (8, 2470), (9, 486), (10, 63), (11, 4)] t=2517s
[mdag n=6 M=15 6/0] checked=9200000 bytau=[(2, 5817494), (3, 2505920), (4, 678747), (5, 150823), (6, 34399), (7, 9568), (8, 2494), (9, 488), (10, 63), (11, 4)] t=2568s
[mdag n=6 M=15 6/0] checked=9400000 bytau=[(2, 5881794), (3, 2578677), (4, 719856), (5, 166209), (6, 39327), (7, 10833), (8, 2726), (9, 511), (10, 63), (11, 4)] t=2616s
[mdag n=6 M=15 6/0] checked=9600000 bytau=[(2, 5970137), (3, 2650352), (4, 749815), (5, 173569), (6, 41221), (7, 11440), (8, 2864), (9, 533), (10, 65), (11, 4)] t=2665s
[mdag n=6 M=15 6/0] checked=9800000 bytau=[(2, 6025086), (3, 2729963), (4, 796678), (5, 187803), (6, 44613), (7, 12241), (8, 3002), (9, 545), (10, 65), (11, 4)] t=2714s
[mdag n=6 M=15 6/0] checked=10000000 bytau=[(2, 6101033), (3, 2806326), (4, 832616), (5, 197139), (6, 46494), (7, 12687), (8, 3083), (9, 553), (10, 65), (11, 4)] t=2756s
[mdag n=6 M=15 6/0] checked=10200000 bytau=[(2, 6183533), (3, 2883020), (4, 864707), (5, 204230), (6, 47793), (7, 12966), (8, 3126), (9, 556), (10, 65), (11, 4)] t=2796s
[mdag n=6 M=15 6/0] checked=10400000 bytau=[(2, 6283807), (3, 2952626), (4, 889327), (5, 208924), (6, 48466), (7, 13086), (8, 3139), (9, 556), (10, 65), (11, 4)] t=2834s
[mdag n=6 M=15 6/0] checked=10600000 bytau=[(2, 6373264), (3, 3033060), (4, 916250), (5, 212041), (6, 48535), (7, 13086), (8, 3139), (9, 556), (10, 65), (11, 4)] t=2892s
[mdag n=6 M=15 6/0] checked=10800000 bytau=[(2, 6461313), (3, 3115033), (4, 943202), (5, 214991), (6, 48611), (7, 13086), (8, 3139), (9, 556), (10, 65), (11, 4)] t=2943s
[mdag n=6 M=15 6/0] checked=11000000 bytau=[(2, 6550349), (3, 3194871), (4, 971113), (5, 218145), (6, 48672), (7, 13086), (8, 3139), (9, 556), (10, 65), (11, 4)] t=2983s
[mdag n=6 M=15 6/0] checked=11200000 bytau=[(2, 6647779), (3, 3271148), (4, 994846), (5, 220654), (6, 48723), (7, 13086), (8, 3139), (9, 556), (10, 65), (11, 4)] t=3026s
[mdag n=6 M=15 6/0] checked=11400000 bytau=[(2, 6750125), (3, 3348243), (4, 1013681), (5, 222336), (6, 48765), (7, 13086), (8, 3139), (9, 556), (10, 65), (11, 4)] t=3065s
[mdag n=6 M=15 6/0] checked=11600000 bytau=[(2, 6859301), (3, 3419147), (4, 1031869), (5, 224049), (6, 48784), (7, 13086), (8, 3139), (9, 556), (10, 65), (11, 4)] t=3115s
[mdag n=6 M=15 6/0] checked=11800000 bytau=[(2, 6934860), (3, 3485722), (4, 1068237), (5, 239000), (6, 53976), (7, 14266), (8, 3303), (9, 567), (10, 65), (11, 4)] t=3160s
[mdag n=6 M=15 6/0] checked=12000000 bytau=[(2, 6983282), (3, 3552318), (4, 1121967), (5, 263001), (6, 59935), (7, 15398), (8, 3454), (9, 576), (10, 65), (11, 4)] t=3217s
[mdag n=6 M=15 6/0] checked=12200000 bytau=[(2, 7021331), (3, 3621497), (4, 1180116), (5, 288775), (6, 67198), (7, 16808), (8, 3622), (9, 584), (10, 65), (11, 4)] t=3269s
[mdag n=6 M=15 6/0] checked=12400000 bytau=[(2, 7069753), (3, 3699774), (4, 1231490), (5, 305594), (6, 71327), (7, 17667), (8, 3735), (9, 591), (10, 65), (11, 4)] t=3318s
[mdag n=6 M=15 6/0] checked=12600000 bytau=[(2, 7135335), (3, 3778616), (4, 1272206), (5, 317477), (6, 73865), (7, 18071), (8, 3770), (9, 591), (10, 65), (11, 4)] t=3354s
[mdag n=6 M=15 6/0] checked=12800000 bytau=[(2, 7200340), (3, 3868294), (4, 1312516), (5, 322406), (6, 73943), (7, 18071), (8, 3770), (9, 591), (10, 65), (11, 4)] t=3396s
[mdag n=6 M=15 6/0] checked=13000000 bytau=[(2, 7269661), (3, 3957898), (4, 1349605), (5, 326355), (6, 73980), (7, 18071), (8, 3770), (9, 591), (10, 65), (11, 4)] t=3443s
[mdag n=6 M=15 6/0] checked=13200000 bytau=[(2, 7313062), (3, 4023888), (4, 1402320), (5, 353752), (6, 82918), (7, 19518), (8, 3880), (9, 593), (10, 65), (11, 4)] t=3490s
[mdag n=6 M=15 6/0] DONE checked=13373866 bytau=[(2, 7340947), (3, 4096306), (4, 1456431), (5, 369953), (6, 85890), (7, 19789), (8, 3888), (9, 593), (10, 65), (11, 4)] t=3531s
