[mdag n=7 M=12 6/3] checked=200000 bytau=[(2, 198074), (3, 1895), (4, 31)] t=956s
[mdag n=7 M=12 6/3] checked=400000 bytau=[(2, 395201), (3, 4703), (4, 96)] t=1417s
[mdag n=7 M=12 6/3] checked=600000 bytau=[(2, 593181), (3, 6701), (4, 118)] t=1895s
[mdag n=7 M=12 6/3] checked=800000 bytau=[(2, 780828), (3, 18501), (4, 615), (5, 46), (6, 9), (7, 1)] t=2061s
[mdag n=7 M=12 6/3] checked=1000000 bytau=[(2, 971333), (3, 27648), (4, 944), (5, 63), (6, 11), (7, 1)] t=2203s
[mdag n=7 M=12 6/3] checked=1200000 bytau=[(2, 1162507), (3, 36146), (4, 1226), (5, 100), (6, 19), (7, 2)] t=2329s
[mdag n=7 M=12 6/3] checked=1400000 bytau=[(2, 1352046), (3, 46114), (4, 1665), (5, 148), (6, 25), (7, 2)] t=2439s
[mdag n=7 M=12 6/3] checked=1600000 bytau=[(2, 1546347), (3, 51739), (4, 1739), (5, 148), (6, 25), (7, 2)] t=2577s
[mdag n=7 M=12 6/3] checked=1800000 bytau=[(2, 1739496), (3, 58485), (4, 1844), (5, 148), (6, 25), (7, 2)] t=2673s
[mdag n=7 M=12 6/3] checked=2000000 bytau=[(2, 1933019), (3, 64894), (4, 1912), (5, 148), (6, 25), (7, 2)] t=2763s
[mdag n=7 M=12 6/3] checked=2200000 bytau=[(2, 2127904), (3, 69953), (4, 1968), (5, 148), (6, 25), (7, 2)] t=2893s
[mdag n=7 M=12 6/3] checked=2400000 bytau=[(2, 2322685), (3, 75133), (4, 2007), (5, 148), (6, 25), (7, 2)] t=2990s
[mdag n=7 M=12 6/3] checked=2600000 bytau=[(2, 2517534), (3, 80228), (4, 2063), (5, 148), (6, 25), (7, 2)] t=3103s
[mdag n=7 M=12 6/3] checked=2800000 bytau=[(2, 2712216), (3, 85501), (4, 2108), (5, 148), (6, 25), (7, 2)] t=3215s
[mdag n=7 M=12 6/3] checked=3000000 bytau=[(2, 2907694), (3, 89897), (4, 2232), (5, 150), (6, 25), (7, 2)] t=3361s
[mdag n=7 M=12 6/3] checked=3200000 bytau=[(2, 3080361), (3, 113950), (4, 5101), (5, 520), (6, 64), (7, 4)] t=3444s
[mdag n=7 M=12 6/3] checked=3400000 bytau=[(2, 3247882), (3, 143201), (4, 7913), (5, 888), (6, 110), (7, 6)] t=3510s
[mdag n=7 M=12 6/3] checked=3600000 bytau=[(2, 3430560), (3, 159582), (4, 8777), (5, 958), (6, 117), (7, 6)] t=3572s
[mdag n=7 M=12 6/3] checked=3800000 bytau=[(2, 3604576), (3, 183743), (4, 10378), (5, 1160), (6, 137), (7, 6)] t=3633s
[mdag n=7 M=12 6/3] checked=4000000 bytau=[(2, 3783781), (3, 203362), (4, 11437), (5, 1267), (6, 147), (7, 6)] t=3696s
[mdag n=7 M=12 6/3] checked=4200000 bytau=[(2, 3967443), (3, 219185), (4, 11914), (5, 1302), (6, 150), (7, 6)] t=3748s
[mdag n=7 M=12 6/3] checked=4400000 bytau=[(2, 4156808), (3, 229464), (4, 12237), (5, 1335), (6, 150), (7, 6)] t=3810s
[mdag n=7 M=12 6/3] checked=4600000 bytau=[(2, 4340869), (3, 245186), (4, 12454), (5, 1335), (6, 150), (7, 6)] t=3885s
[mdag n=7 M=12 6/3] checked=4800000 bytau=[(2, 4527000), (3, 258858), (4, 12651), (5, 1335), (6, 150), (7, 6)] t=3944s
[mdag n=7 M=12 6/3] checked=5000000 bytau=[(2, 4711733), (3, 273905), (4, 12871), (5, 1335), (6, 150), (7, 6)] t=4003s
[mdag n=7 M=12 6/3] checked=5200000 bytau=[(2, 4898323), (3, 287150), (4, 13036), (5, 1335), (6, 150), (7, 6)] t=4055s
[mdag n=7 M=12 6/3] checked=5400000 bytau=[(2, 5087450), (3, 297908), (4, 13151), (5, 1335), (6, 150), (7, 6)] t=4131s
[mdag n=7 M=12 6/3] checked=5600000 bytau=[(2, 5276168), (3, 309070), (4, 13271), (5, 1335), (6, 150), (7, 6)] t=4188s
[mdag n=7 M=12 6/3] checked=5800000 bytau=[(2, 5468441), (3, 316738), (4, 13330), (5, 1335), (6, 150), (7, 6)] t=4254s
[mdag n=7 M=12 6/3] checked=6000000 bytau=[(2, 5655140), (3, 329878), (4, 13491), (5, 1335), (6, 150), (7, 6)] t=4307s
[mdag n=7 M=12 6/3] checked=6200000 bytau=[(2, 5845784), (3, 339091), (4, 13634), (5, 1335), (6, 150), (7, 6)] t=4375s
[mdag n=7 M=12 6/3] checked=6400000 bytau=[(2, 6011581), (3, 367214), (4, 19042), (5, 1970), (6, 187), (7, 6)] t=4455s
[mdag n=7 M=12 6/3] checked=6600000 bytau=[(2, 6156890), (3, 415038), (4, 25256), (5, 2595), (6, 215), (7, 6)] t=4505s
[mdag n=7 M=12 6/3] checked=6800000 bytau=[(2, 6321634), (3, 447154), (4, 28025), (5, 2934), (6, 246), (7, 7)] t=4552s
[mdag n=7 M=12 6/3] checked=7000000 bytau=[(2, 6484057), (3, 482399), (4, 30189), (5, 3101), (6, 247), (7, 7)] t=4594s
[mdag n=7 M=12 6/3] checked=7200000 bytau=[(2, 6661614), (3, 503970), (4, 31026), (5, 3136), (6, 247), (7, 7)] t=4638s
[mdag n=7 M=12 6/3] checked=7400000 bytau=[(2, 6832639), (3, 532541), (4, 31430), (5, 3136), (6, 247), (7, 7)] t=4682s
[mdag n=7 M=12 6/3] checked=7600000 bytau=[(2, 7004210), (3, 560594), (4, 31806), (5, 3136), (6, 247), (7, 7)] t=4725s
[mdag n=7 M=12 6/3] checked=7800000 bytau=[(2, 7183823), (3, 580789), (4, 31998), (5, 3136), (6, 247), (7, 7)] t=4770s
[mdag n=7 M=12 6/3] checked=8000000 bytau=[(2, 7363981), (3, 600403), (4, 32226), (5, 3136), (6, 247), (7, 7)] t=4815s
[mdag n=7 M=12 6/3] checked=8200000 bytau=[(2, 7544732), (3, 617187), (4, 34352), (5, 3460), (6, 262), (7, 7)] t=4866s
[mdag n=7 M=12 6/3] checked=8400000 bytau=[(2, 7680664), (3, 672878), (4, 42125), (5, 4057), (6, 269), (7, 7)] t=4904s
[mdag n=7 M=12 6/3] checked=8600000 bytau=[(2, 7845738), (3, 707336), (4, 42593), (5, 4057), (6, 269), (7, 7)] t=4942s
[mdag n=7 M=12 6/3] DONE checked=8677188 bytau=[(2, 7905798), (3, 722700), (4, 44220), (5, 4191), (6, 272), (7, 7)] t=4958s
