[mdag n=7 M=12 6/0] checked=200000 bytau=[(2, 197664), (3, 2293), (4, 43)] t=961s
[mdag n=7 M=12 6/0] checked=400000 bytau=[(2, 395617), (3, 4321), (4, 62)] t=1452s
[mdag n=7 M=12 6/0] checked=600000 bytau=[(2, 592332), (3, 7518), (4, 149), (5, 1)] t=1953s
[mdag n=7 M=12 6/0] checked=800000 bytau=[(2, 780070), (3, 18602), (4, 1123), (5, 171), (6, 31), (7, 3)] t=2114s
[mdag n=7 M=12 6/0] checked=1000000 bytau=[(2, 971686), (3, 26853), (4, 1256), (5, 171), (6, 31), (7, 3)] t=2258s
[mdag n=7 M=12 6/0] checked=1200000 bytau=[(2, 1163703), (3, 34565), (4, 1500), (5, 195), (6, 34), (7, 3)] t=2379s
[mdag n=7 M=12 6/0] checked=1400000 bytau=[(2, 1353564), (3, 44321), (4, 1837), (5, 236), (6, 39), (7, 3)] t=2474s
[mdag n=7 M=12 6/0] checked=1600000 bytau=[(2, 1547250), (3, 50492), (4, 1980), (5, 236), (6, 39), (7, 3)] t=2613s
[mdag n=7 M=12 6/0] checked=1800000 bytau=[(2, 1741432), (3, 56239), (4, 2051), (5, 236), (6, 39), (7, 3)] t=2718s
[mdag n=7 M=12 6/0] checked=2000000 bytau=[(2, 1935392), (3, 62226), (4, 2104), (5, 236), (6, 39), (7, 3)] t=2810s
[mdag n=7 M=12 6/0] checked=2200000 bytau=[(2, 2130446), (3, 67116), (4, 2160), (5, 236), (6, 39), (7, 3)] t=2939s
[mdag n=7 M=12 6/0] checked=2400000 bytau=[(2, 2324774), (3, 72711), (4, 2237), (5, 236), (6, 39), (7, 3)] t=3030s
[mdag n=7 M=12 6/0] checked=2600000 bytau=[(2, 2519727), (3, 77711), (4, 2284), (5, 236), (6, 39), (7, 3)] t=3142s
[mdag n=7 M=12 6/0] checked=2800000 bytau=[(2, 2714228), (3, 83125), (4, 2369), (5, 236), (6, 39), (7, 3)] t=3256s
[mdag n=7 M=12 6/0] checked=3000000 bytau=[(2, 2910414), (3, 86903), (4, 2405), (5, 236), (6, 39), (7, 3)] t=3399s
[mdag n=7 M=12 6/0] checked=3200000 bytau=[(2, 3085501), (3, 109350), (4, 4591), (5, 478), (6, 74), (7, 6)] t=3484s
[mdag n=7 M=12 6/0] checked=3400000 bytau=[(2, 3250798), (3, 140708), (4, 7522), (5, 851), (6, 114), (7, 7)] t=3551s
[mdag n=7 M=12 6/0] checked=3600000 bytau=[(2, 3435546), (3, 155139), (4, 8272), (5, 911), (6, 124), (7, 8)] t=3615s
[mdag n=7 M=12 6/0] checked=3800000 bytau=[(2, 3609753), (3, 179527), (4, 9542), (5, 1035), (6, 135), (7, 8)] t=3677s
[mdag n=7 M=12 6/0] checked=4000000 bytau=[(2, 3789936), (3, 198129), (4, 10641), (5, 1141), (6, 145), (7, 8)] t=3739s
[mdag n=7 M=12 6/0] checked=4200000 bytau=[(2, 3973470), (3, 214121), (4, 11077), (5, 1176), (6, 148), (7, 8)] t=3790s
[mdag n=7 M=12 6/0] checked=4400000 bytau=[(2, 4159464), (3, 227408), (4, 11730), (5, 1242), (6, 148), (7, 8)] t=3843s
[mdag n=7 M=12 6/0] checked=4600000 bytau=[(2, 4346273), (3, 240362), (4, 11967), (5, 1242), (6, 148), (7, 8)] t=3920s
[mdag n=7 M=12 6/0] checked=4800000 bytau=[(2, 4531125), (3, 255274), (4, 12203), (5, 1242), (6, 148), (7, 8)] t=3979s
[mdag n=7 M=12 6/0] checked=5000000 bytau=[(2, 4715299), (3, 270898), (4, 12405), (5, 1242), (6, 148), (7, 8)] t=4036s
[mdag n=7 M=12 6/0] checked=5200000 bytau=[(2, 4901815), (3, 284215), (4, 12572), (5, 1242), (6, 148), (7, 8)] t=4089s
[mdag n=7 M=12 6/0] checked=5400000 bytau=[(2, 5091783), (3, 294194), (4, 12625), (5, 1242), (6, 148), (7, 8)] t=4159s
[mdag n=7 M=12 6/0] checked=5600000 bytau=[(2, 5277920), (3, 307813), (4, 12869), (5, 1242), (6, 148), (7, 8)] t=4214s
[mdag n=7 M=12 6/0] checked=5800000 bytau=[(2, 5465524), (3, 320078), (4, 13000), (5, 1242), (6, 148), (7, 8)] t=4266s
[mdag n=7 M=12 6/0] checked=6000000 bytau=[(2, 5655978), (3, 329525), (4, 13099), (5, 1242), (6, 148), (7, 8)] t=4334s
[mdag n=7 M=12 6/0] checked=6200000 bytau=[(2, 5844258), (3, 341058), (4, 13286), (5, 1242), (6, 148), (7, 8)] t=4401s
[mdag n=7 M=12 6/0] checked=6400000 bytau=[(2, 6026311), (3, 356243), (4, 15730), (5, 1536), (6, 171), (7, 9)] t=4487s
[mdag n=7 M=12 6/0] checked=6600000 bytau=[(2, 6176139), (3, 398675), (4, 22491), (5, 2456), (6, 230), (7, 9)] t=4538s
[mdag n=7 M=12 6/0] checked=6800000 bytau=[(2, 6335578), (3, 435510), (4, 25888), (5, 2773), (6, 242), (7, 9)] t=4585s
[mdag n=7 M=12 6/0] checked=7000000 bytau=[(2, 6495635), (3, 472668), (4, 28450), (5, 2989), (6, 249), (7, 9)] t=4628s
[mdag n=7 M=12 6/0] checked=7200000 bytau=[(2, 6663723), (3, 502762), (4, 30157), (5, 3100), (6, 249), (7, 9)] t=4667s
[mdag n=7 M=12 6/0] checked=7400000 bytau=[(2, 6838566), (3, 527517), (4, 30559), (5, 3100), (6, 249), (7, 9)] t=4718s
[mdag n=7 M=12 6/0] checked=7600000 bytau=[(2, 7014338), (3, 551433), (4, 30871), (5, 3100), (6, 249), (7, 9)] t=4761s
[mdag n=7 M=12 6/0] checked=7800000 bytau=[(2, 7193710), (3, 571805), (4, 31127), (5, 3100), (6, 249), (7, 9)] t=4808s
[mdag n=7 M=12 6/0] checked=8000000 bytau=[(2, 7372362), (3, 592887), (4, 31393), (5, 3100), (6, 249), (7, 9)] t=4848s
[mdag n=7 M=12 6/0] checked=8200000 bytau=[(2, 7556974), (3, 608087), (4, 31581), (5, 3100), (6, 249), (7, 9)] t=4901s
[mdag n=7 M=12 6/0] checked=8400000 bytau=[(2, 7695877), (3, 659024), (4, 40821), (5, 3998), (6, 271), (7, 9)] t=4945s
[mdag n=7 M=12 6/0] checked=8600000 bytau=[(2, 7855071), (3, 698849), (4, 41802), (5, 3998), (6, 271), (7, 9)] t=4982s
[mdag n=7 M=12 6/0] DONE checked=8706296 bytau=[(2, 7939730), (3, 718583), (4, 43572), (5, 4131), (6, 271), (7, 9)] t=5002s
