[mdag n=7 M=12 6/1] checked=200000 bytau=[(2, 197447), (3, 2483), (4, 70)] t=935s
[mdag n=7 M=12 6/1] checked=400000 bytau=[(2, 395135), (3, 4763), (4, 102)] t=1389s
[mdag n=7 M=12 6/1] checked=600000 bytau=[(2, 591298), (3, 8429), (4, 269), (5, 4)] t=1900s
[mdag n=7 M=12 6/1] checked=800000 bytau=[(2, 781249), (3, 17879), (4, 774), (5, 80), (6, 16), (7, 2)] t=2066s
[mdag n=7 M=12 6/1] checked=1000000 bytau=[(2, 973031), (3, 25762), (4, 1055), (5, 124), (6, 25), (7, 3)] t=2211s
[mdag n=7 M=12 6/1] checked=1200000 bytau=[(2, 1164213), (3, 34171), (4, 1407), (5, 171), (6, 34), (7, 4)] t=2325s
[mdag n=7 M=12 6/1] checked=1400000 bytau=[(2, 1353156), (3, 44593), (4, 1952), (5, 251), (6, 44), (7, 4)] t=2437s
[mdag n=7 M=12 6/1] checked=1600000 bytau=[(2, 1547664), (3, 50014), (4, 2023), (5, 251), (6, 44), (7, 4)] t=2585s
[mdag n=7 M=12 6/1] checked=1800000 bytau=[(2, 1741404), (3, 56196), (4, 2101), (5, 251), (6, 44), (7, 4)] t=2682s
[mdag n=7 M=12 6/1] checked=2000000 bytau=[(2, 1934315), (3, 63168), (4, 2218), (5, 251), (6, 44), (7, 4)] t=2773s
[mdag n=7 M=12 6/1] checked=2200000 bytau=[(2, 2128488), (3, 68922), (4, 2291), (5, 251), (6, 44), (7, 4)] t=2900s
[mdag n=7 M=12 6/1] checked=2400000 bytau=[(2, 2322913), (3, 74451), (4, 2337), (5, 251), (6, 44), (7, 4)] t=2989s
[mdag n=7 M=12 6/1] checked=2600000 bytau=[(2, 2517631), (3, 79674), (4, 2396), (5, 251), (6, 44), (7, 4)] t=3102s
[mdag n=7 M=12 6/1] checked=2800000 bytau=[(2, 2712201), (3, 85016), (4, 2484), (5, 251), (6, 44), (7, 4)] t=3212s
[mdag n=7 M=12 6/1] checked=3000000 bytau=[(2, 2906451), (3, 90172), (4, 3037), (5, 292), (6, 44), (7, 4)] t=3357s
[mdag n=7 M=12 6/1] checked=3200000 bytau=[(2, 3082156), (3, 111988), (4, 5234), (5, 543), (6, 73), (7, 6)] t=3442s
[mdag n=7 M=12 6/1] checked=3400000 bytau=[(2, 3245800), (3, 144758), (4, 8412), (5, 915), (6, 109), (7, 6)] t=3506s
[mdag n=7 M=12 6/1] checked=3600000 bytau=[(2, 3428227), (3, 161480), (4, 9234), (5, 943), (6, 110), (7, 6)] t=3566s
[mdag n=7 M=12 6/1] checked=3800000 bytau=[(2, 3603549), (3, 184449), (4, 10735), (5, 1132), (6, 129), (7, 6)] t=3629s
[mdag n=7 M=12 6/1] checked=4000000 bytau=[(2, 3784218), (3, 202751), (4, 11639), (5, 1246), (6, 140), (7, 6)] t=3692s
[mdag n=7 M=12 6/1] checked=4200000 bytau=[(2, 3964270), (3, 221804), (4, 12454), (5, 1320), (6, 146), (7, 6)] t=3743s
[mdag n=7 M=12 6/1] checked=4400000 bytau=[(2, 4150934), (3, 234520), (4, 13017), (5, 1377), (6, 146), (7, 6)] t=3804s
[mdag n=7 M=12 6/1] checked=4600000 bytau=[(2, 4333726), (3, 251416), (4, 13329), (5, 1377), (6, 146), (7, 6)] t=3874s
[mdag n=7 M=12 6/1] checked=4800000 bytau=[(2, 4520646), (3, 264312), (4, 13513), (5, 1377), (6, 146), (7, 6)] t=3933s
[mdag n=7 M=12 6/1] checked=5000000 bytau=[(2, 4705749), (3, 278994), (4, 13728), (5, 1377), (6, 146), (7, 6)] t=3988s
[mdag n=7 M=12 6/1] checked=5200000 bytau=[(2, 4892181), (3, 292396), (4, 13894), (5, 1377), (6, 146), (7, 6)] t=4041s
[mdag n=7 M=12 6/1] checked=5400000 bytau=[(2, 5079928), (3, 304539), (4, 14004), (5, 1377), (6, 146), (7, 6)] t=4112s
[mdag n=7 M=12 6/1] checked=5600000 bytau=[(2, 5268687), (3, 315686), (4, 14098), (5, 1377), (6, 146), (7, 6)] t=4172s
[mdag n=7 M=12 6/1] checked=5800000 bytau=[(2, 5458814), (3, 325456), (4, 14201), (5, 1377), (6, 146), (7, 6)] t=4225s
[mdag n=7 M=12 6/1] checked=6000000 bytau=[(2, 5648296), (3, 335841), (4, 14334), (5, 1377), (6, 146), (7, 6)] t=4289s
[mdag n=7 M=12 6/1] checked=6200000 bytau=[(2, 5837003), (3, 346980), (4, 14488), (5, 1377), (6, 146), (7, 6)] t=4353s
[mdag n=7 M=12 6/1] checked=6400000 bytau=[(2, 6012943), (3, 366263), (4, 18635), (5, 1965), (6, 187), (7, 7)] t=4439s
[mdag n=7 M=12 6/1] checked=6600000 bytau=[(2, 6160810), (3, 412788), (4, 23681), (5, 2489), (6, 225), (7, 7)] t=4488s
[mdag n=7 M=12 6/1] checked=6800000 bytau=[(2, 6321677), (3, 447916), (4, 27277), (5, 2881), (6, 242), (7, 7)] t=4537s
[mdag n=7 M=12 6/1] checked=7000000 bytau=[(2, 6480459), (3, 486271), (4, 29954), (5, 3066), (6, 243), (7, 7)] t=4588s
[mdag n=7 M=12 6/1] checked=7200000 bytau=[(2, 6651813), (3, 513717), (4, 31097), (5, 3123), (6, 243), (7, 7)] t=4626s
[mdag n=7 M=12 6/1] checked=7400000 bytau=[(2, 6824500), (3, 540580), (4, 31547), (5, 3123), (6, 243), (7, 7)] t=4687s
[mdag n=7 M=12 6/1] checked=7600000 bytau=[(2, 7000205), (3, 564472), (4, 31950), (5, 3123), (6, 243), (7, 7)] t=4729s
[mdag n=7 M=12 6/1] checked=7800000 bytau=[(2, 7177515), (3, 586805), (4, 32307), (5, 3123), (6, 243), (7, 7)] t=4775s
[mdag n=7 M=12 6/1] checked=8000000 bytau=[(2, 7359523), (3, 604604), (4, 32500), (5, 3123), (6, 243), (7, 7)] t=4819s
[mdag n=7 M=12 6/1] checked=8200000 bytau=[(2, 7542516), (3, 620966), (4, 33061), (5, 3191), (6, 258), (7, 8)] t=4872s
[mdag n=7 M=12 6/1] checked=8400000 bytau=[(2, 7676693), (3, 676764), (4, 42235), (5, 4019), (6, 281), (7, 8)] t=4912s
[mdag n=7 M=12 6/1] checked=8600000 bytau=[(2, 7838800), (3, 713922), (4, 42970), (5, 4019), (6, 281), (7, 8)] t=4949s
[mdag n=7 M=12 6/1] DONE checked=8693171 bytau=[(2, 7913077), (3, 730968), (4, 44675), (5, 4161), (6, 282), (7, 8)] t=4967s
