[mdag n=7 M=12 6/2] checked=200000 bytau=[(2, 197789), (3, 2071), (4, 104), (5, 28), (6, 7), (7, 1)] t=951s
[mdag n=7 M=12 6/2] checked=400000 bytau=[(2, 395594), (3, 4233), (4, 137), (5, 28), (6, 7), (7, 1)] t=1448s
[mdag n=7 M=12 6/2] checked=600000 bytau=[(2, 592658), (3, 7147), (4, 159), (5, 28), (6, 7), (7, 1)] t=1921s
[mdag n=7 M=12 6/2] checked=800000 bytau=[(2, 782766), (3, 16600), (4, 543), (5, 73), (6, 16), (7, 2)] t=2068s
[mdag n=7 M=12 6/2] checked=1000000 bytau=[(2, 973265), (3, 25815), (4, 820), (5, 81), (6, 17), (7, 2)] t=2215s
[mdag n=7 M=12 6/2] checked=1200000 bytau=[(2, 1165931), (3, 33047), (4, 922), (5, 81), (6, 17), (7, 2)] t=2342s
[mdag n=7 M=12 6/2] checked=1400000 bytau=[(2, 1356597), (3, 41973), (4, 1278), (5, 127), (6, 23), (7, 2)] t=2452s
[mdag n=7 M=12 6/2] checked=1600000 bytau=[(2, 1549883), (3, 48536), (4, 1429), (5, 127), (6, 23), (7, 2)] t=2587s
[mdag n=7 M=12 6/2] checked=1800000 bytau=[(2, 1743546), (3, 54775), (4, 1527), (5, 127), (6, 23), (7, 2)] t=2688s
[mdag n=7 M=12 6/2] checked=2000000 bytau=[(2, 1936070), (3, 62148), (4, 1630), (5, 127), (6, 23), (7, 2)] t=2776s
[mdag n=7 M=12 6/2] checked=2200000 bytau=[(2, 2130998), (3, 67152), (4, 1698), (5, 127), (6, 23), (7, 2)] t=2905s
[mdag n=7 M=12 6/2] checked=2400000 bytau=[(2, 2325241), (3, 72849), (4, 1758), (5, 127), (6, 23), (7, 2)] t=2993s
[mdag n=7 M=12 6/2] checked=2600000 bytau=[(2, 2520683), (3, 77389), (4, 1776), (5, 127), (6, 23), (7, 2)] t=3108s
[mdag n=7 M=12 6/2] checked=2800000 bytau=[(2, 2714234), (3, 83743), (4, 1871), (5, 127), (6, 23), (7, 2)] t=3215s
[mdag n=7 M=12 6/2] checked=3000000 bytau=[(2, 2906085), (3, 91340), (4, 2386), (5, 164), (6, 23), (7, 2)] t=3360s
[mdag n=7 M=12 6/2] checked=3200000 bytau=[(2, 3077127), (3, 117459), (4, 4934), (5, 421), (6, 55), (7, 4)] t=3439s
[mdag n=7 M=12 6/2] checked=3400000 bytau=[(2, 3249824), (3, 142252), (4, 7107), (5, 727), (6, 86), (7, 4)] t=3503s
[mdag n=7 M=12 6/2] checked=3600000 bytau=[(2, 3430850), (3, 160256), (4, 7962), (5, 827), (6, 100), (7, 5)] t=3570s
[mdag n=7 M=12 6/2] checked=3800000 bytau=[(2, 3610098), (3, 179899), (4, 8955), (5, 933), (6, 110), (7, 5)] t=3625s
[mdag n=7 M=12 6/2] checked=4000000 bytau=[(2, 3787757), (3, 201413), (4, 9713), (5, 996), (6, 116), (7, 5)] t=3685s
[mdag n=7 M=12 6/2] checked=4200000 bytau=[(2, 3970260), (3, 218110), (4, 10430), (5, 1072), (6, 123), (7, 5)] t=3737s
[mdag n=7 M=12 6/2] checked=4400000 bytau=[(2, 4158217), (3, 229666), (4, 10878), (5, 1111), (6, 123), (7, 5)] t=3807s
[mdag n=7 M=12 6/2] checked=4600000 bytau=[(2, 4338545), (3, 248995), (4, 11221), (5, 1111), (6, 123), (7, 5)] t=3875s
[mdag n=7 M=12 6/2] checked=4800000 bytau=[(2, 4527394), (3, 260055), (4, 11312), (5, 1111), (6, 123), (7, 5)] t=3934s
[mdag n=7 M=12 6/2] checked=5000000 bytau=[(2, 4712144), (3, 275060), (4, 11557), (5, 1111), (6, 123), (7, 5)] t=3987s
[mdag n=7 M=12 6/2] checked=5200000 bytau=[(2, 4900975), (3, 286132), (4, 11654), (5, 1111), (6, 123), (7, 5)] t=4038s
[mdag n=7 M=12 6/2] checked=5400000 bytau=[(2, 5087872), (3, 299054), (4, 11835), (5, 1111), (6, 123), (7, 5)] t=4114s
[mdag n=7 M=12 6/2] checked=5600000 bytau=[(2, 5275939), (3, 310861), (4, 11961), (5, 1111), (6, 123), (7, 5)] t=4166s
[mdag n=7 M=12 6/2] checked=5800000 bytau=[(2, 5466413), (3, 320294), (4, 12054), (5, 1111), (6, 123), (7, 5)] t=4232s
[mdag n=7 M=12 6/2] checked=6000000 bytau=[(2, 5655717), (3, 330881), (4, 12163), (5, 1111), (6, 123), (7, 5)] t=4286s
[mdag n=7 M=12 6/2] checked=6200000 bytau=[(2, 5848190), (3, 338326), (4, 12245), (5, 1111), (6, 123), (7, 5)] t=4368s
[mdag n=7 M=12 6/2] checked=6400000 bytau=[(2, 6011663), (3, 368500), (4, 17818), (5, 1834), (6, 179), (7, 6)] t=4438s
[mdag n=7 M=12 6/2] checked=6600000 bytau=[(2, 6160620), (3, 413509), (4, 23306), (5, 2363), (6, 196), (7, 6)] t=4485s
[mdag n=7 M=12 6/2] checked=6800000 bytau=[(2, 6318800), (3, 451087), (4, 27136), (5, 2756), (6, 215), (7, 6)] t=4534s
[mdag n=7 M=12 6/2] checked=7000000 bytau=[(2, 6487147), (3, 480851), (4, 28852), (5, 2923), (6, 221), (7, 6)] t=4576s
[mdag n=7 M=12 6/2] checked=7200000 bytau=[(2, 6662002), (3, 504856), (4, 29940), (5, 2975), (6, 221), (7, 6)] t=4624s
[mdag n=7 M=12 6/2] checked=7400000 bytau=[(2, 6835342), (3, 531184), (4, 30272), (5, 2975), (6, 221), (7, 6)] t=4671s
[mdag n=7 M=12 6/2] checked=7600000 bytau=[(2, 7009203), (3, 557062), (4, 30533), (5, 2975), (6, 221), (7, 6)] t=4711s
[mdag n=7 M=12 6/2] checked=7800000 bytau=[(2, 7190605), (3, 575467), (4, 30726), (5, 2975), (6, 221), (7, 6)] t=4757s
[mdag n=7 M=12 6/2] checked=8000000 bytau=[(2, 7370302), (3, 595535), (4, 30961), (5, 2975), (6, 221), (7, 6)] t=4801s
[mdag n=7 M=12 6/2] checked=8200000 bytau=[(2, 7540826), (3, 619638), (4, 35651), (5, 3640), (6, 239), (7, 6)] t=4853s
[mdag n=7 M=12 6/2] checked=8400000 bytau=[(2, 7684797), (3, 669195), (4, 41678), (5, 4081), (6, 243), (7, 6)] t=4892s
[mdag n=7 M=12 6/2] checked=8600000 bytau=[(2, 7849336), (3, 704243), (4, 42091), (5, 4081), (6, 243), (7, 6)] t=4928s
[mdag n=7 M=12 6/2] DONE checked=8639645 bytau=[(2, 7875722), (3, 715659), (4, 43777), (5, 4236), (6, 245), (7, 6)] t=4937s
