[mdag n=7 M=12 6/5] checked=200000 bytau=[(2, 197573), (3, 2384), (4, 43)] t=945s
[mdag n=7 M=12 6/5] checked=400000 bytau=[(2, 395223), (3, 4718), (4, 59)] t=1390s
[mdag n=7 M=12 6/5] checked=600000 bytau=[(2, 591240), (3, 8560), (4, 198), (5, 2)] t=1867s
[mdag n=7 M=12 6/5] checked=800000 bytau=[(2, 780884), (3, 18362), (4, 678), (5, 64), (6, 11), (7, 1)] t=2032s
[mdag n=7 M=12 6/5] checked=1000000 bytau=[(2, 971545), (3, 27073), (4, 1210), (5, 142), (6, 27), (7, 3)] t=2181s
[mdag n=7 M=12 6/5] checked=1200000 bytau=[(2, 1163595), (3, 34686), (4, 1493), (5, 186), (6, 36), (7, 4)] t=2296s
[mdag n=7 M=12 6/5] checked=1400000 bytau=[(2, 1354422), (3, 43631), (4, 1702), (5, 203), (6, 38), (7, 4)] t=2393s
[mdag n=7 M=12 6/5] checked=1600000 bytau=[(2, 1548654), (3, 49306), (4, 1795), (5, 203), (6, 38), (7, 4)] t=2546s
[mdag n=7 M=12 6/5] checked=1800000 bytau=[(2, 1742227), (3, 55651), (4, 1877), (5, 203), (6, 38), (7, 4)] t=2645s
[mdag n=7 M=12 6/5] checked=2000000 bytau=[(2, 1935228), (3, 62545), (4, 1982), (5, 203), (6, 38), (7, 4)] t=2738s
[mdag n=7 M=12 6/5] checked=2200000 bytau=[(2, 2129535), (3, 68168), (4, 2052), (5, 203), (6, 38), (7, 4)] t=2862s
[mdag n=7 M=12 6/5] checked=2400000 bytau=[(2, 2323580), (3, 74048), (4, 2127), (5, 203), (6, 38), (7, 4)] t=2953s
[mdag n=7 M=12 6/5] checked=2600000 bytau=[(2, 2519163), (3, 78438), (4, 2154), (5, 203), (6, 38), (7, 4)] t=3067s
[mdag n=7 M=12 6/5] checked=2800000 bytau=[(2, 2713355), (3, 84149), (4, 2251), (5, 203), (6, 38), (7, 4)] t=3178s
[mdag n=7 M=12 6/5] checked=3000000 bytau=[(2, 2906945), (3, 90218), (4, 2584), (5, 211), (6, 38), (7, 4)] t=3324s
[mdag n=7 M=12 6/5] checked=3200000 bytau=[(2, 3079493), (3, 114063), (4, 5666), (5, 674), (6, 96), (7, 8)] t=3402s
[mdag n=7 M=12 6/5] checked=3400000 bytau=[(2, 3251969), (3, 139268), (4, 7668), (5, 959), (6, 127), (7, 9)] t=3469s
[mdag n=7 M=12 6/5] checked=3600000 bytau=[(2, 3432681), (3, 157562), (4, 8560), (5, 1047), (6, 140), (7, 10)] t=3535s
[mdag n=7 M=12 6/5] checked=3800000 bytau=[(2, 3610949), (3, 178223), (4, 9522), (5, 1146), (6, 150), (7, 10)] t=3593s
[mdag n=7 M=12 6/5] checked=4000000 bytau=[(2, 3788672), (3, 199568), (4, 10377), (5, 1216), (6, 157), (7, 10)] t=3654s
[mdag n=7 M=12 6/5] checked=4200000 bytau=[(2, 3971102), (3, 216494), (4, 10963), (5, 1269), (6, 162), (7, 10)] t=3703s
[mdag n=7 M=12 6/5] checked=4400000 bytau=[(2, 4158517), (3, 228491), (4, 11502), (5, 1318), (6, 162), (7, 10)] t=3768s
[mdag n=7 M=12 6/5] checked=4600000 bytau=[(2, 4341227), (3, 245483), (4, 11800), (5, 1318), (6, 162), (7, 10)] t=3837s
[mdag n=7 M=12 6/5] checked=4800000 bytau=[(2, 4527462), (3, 259067), (4, 11981), (5, 1318), (6, 162), (7, 10)] t=3895s
[mdag n=7 M=12 6/5] checked=5000000 bytau=[(2, 4714372), (3, 271995), (4, 12143), (5, 1318), (6, 162), (7, 10)] t=3949s
[mdag n=7 M=12 6/5] checked=5200000 bytau=[(2, 4899676), (3, 286441), (4, 12393), (5, 1318), (6, 162), (7, 10)] t=4000s
[mdag n=7 M=12 6/5] checked=5400000 bytau=[(2, 5087394), (3, 298584), (4, 12532), (5, 1318), (6, 162), (7, 10)] t=4071s
[mdag n=7 M=12 6/5] checked=5600000 bytau=[(2, 5276062), (3, 309802), (4, 12646), (5, 1318), (6, 162), (7, 10)] t=4124s
[mdag n=7 M=12 6/5] checked=5800000 bytau=[(2, 5464165), (3, 321612), (4, 12733), (5, 1318), (6, 162), (7, 10)] t=4174s
[mdag n=7 M=12 6/5] checked=6000000 bytau=[(2, 5653637), (3, 332000), (4, 12873), (5, 1318), (6, 162), (7, 10)] t=4245s
[mdag n=7 M=12 6/5] checked=6200000 bytau=[(2, 5840989), (3, 344496), (4, 13025), (5, 1318), (6, 162), (7, 10)] t=4307s
[mdag n=7 M=12 6/5] checked=6400000 bytau=[(2, 6021496), (3, 360828), (4, 15850), (5, 1619), (6, 195), (7, 12)] t=4392s
[mdag n=7 M=12 6/5] checked=6600000 bytau=[(2, 6170372), (3, 404836), (4, 22211), (5, 2331), (6, 238), (7, 12)] t=4443s
[mdag n=7 M=12 6/5] checked=6800000 bytau=[(2, 6332716), (3, 438688), (4, 25669), (5, 2666), (6, 249), (7, 12)] t=4491s
[mdag n=7 M=12 6/5] checked=7000000 bytau=[(2, 6494275), (3, 474585), (4, 27999), (5, 2872), (6, 257), (7, 12)] t=4536s
[mdag n=7 M=12 6/5] checked=7200000 bytau=[(2, 6669306), (3, 498567), (4, 28944), (5, 2914), (6, 257), (7, 12)] t=4578s
[mdag n=7 M=12 6/5] checked=7400000 bytau=[(2, 6839520), (3, 527861), (4, 29436), (5, 2914), (6, 257), (7, 12)] t=4627s
[mdag n=7 M=12 6/5] checked=7600000 bytau=[(2, 7014769), (3, 552315), (4, 29733), (5, 2914), (6, 257), (7, 12)] t=4673s
[mdag n=7 M=12 6/5] checked=7800000 bytau=[(2, 7191382), (3, 575395), (4, 30040), (5, 2914), (6, 257), (7, 12)] t=4719s
[mdag n=7 M=12 6/5] checked=8000000 bytau=[(2, 7373632), (3, 592988), (4, 30197), (5, 2914), (6, 257), (7, 12)] t=4759s
[mdag n=7 M=12 6/5] checked=8200000 bytau=[(2, 7556273), (3, 610147), (4, 30397), (5, 2914), (6, 257), (7, 12)] t=4811s
[mdag n=7 M=12 6/5] checked=8400000 bytau=[(2, 7695002), (3, 662071), (4, 38835), (5, 3794), (6, 286), (7, 12)] t=4853s
[mdag n=7 M=12 6/5] checked=8600000 bytau=[(2, 7854095), (3, 702152), (4, 39661), (5, 3794), (6, 286), (7, 12)] t=4890s
[mdag n=7 M=12 6/5] DONE checked=8703563 bytau=[(2, 7936152), (3, 721833), (4, 41366), (5, 3910), (6, 290), (7, 12)] t=4910s
