[mdag n=7 M=12 6/4] checked=200000 bytau=[(2, 197780), (3, 2179), (4, 41)] t=928s
[mdag n=7 M=12 6/4] checked=400000 bytau=[(2, 395301), (3, 4624), (4, 75)] t=1405s
[mdag n=7 M=12 6/4] checked=600000 bytau=[(2, 590340), (3, 9365), (4, 291), (5, 4)] t=1877s
[mdag n=7 M=12 6/4] checked=800000 bytau=[(2, 779166), (3, 19899), (4, 902), (5, 31), (6, 2)] t=2042s
[mdag n=7 M=12 6/4] checked=1000000 bytau=[(2, 969106), (3, 29370), (4, 1415), (5, 95), (6, 13), (7, 1)] t=2186s
[mdag n=7 M=12 6/4] checked=1200000 bytau=[(2, 1160250), (3, 38049), (4, 1592), (5, 95), (6, 13), (7, 1)] t=2303s
[mdag n=7 M=12 6/4] checked=1400000 bytau=[(2, 1350423), (3, 47401), (4, 2003), (5, 152), (6, 20), (7, 1)] t=2422s
[mdag n=7 M=12 6/4] checked=1600000 bytau=[(2, 1545482), (3, 52272), (4, 2073), (5, 152), (6, 20), (7, 1)] t=2571s
[mdag n=7 M=12 6/4] checked=1800000 bytau=[(2, 1739935), (3, 57771), (4, 2121), (5, 152), (6, 20), (7, 1)] t=2668s
[mdag n=7 M=12 6/4] checked=2000000 bytau=[(2, 1933091), (3, 64507), (4, 2229), (5, 152), (6, 20), (7, 1)] t=2757s
[mdag n=7 M=12 6/4] checked=2200000 bytau=[(2, 2127345), (3, 70172), (4, 2310), (5, 152), (6, 20), (7, 1)] t=2884s
[mdag n=7 M=12 6/4] checked=2400000 bytau=[(2, 2321790), (3, 75673), (4, 2364), (5, 152), (6, 20), (7, 1)] t=2975s
[mdag n=7 M=12 6/4] checked=2600000 bytau=[(2, 2516165), (3, 81246), (4, 2416), (5, 152), (6, 20), (7, 1)] t=3086s
[mdag n=7 M=12 6/4] checked=2800000 bytau=[(2, 2711330), (3, 86020), (4, 2477), (5, 152), (6, 20), (7, 1)] t=3199s
[mdag n=7 M=12 6/4] checked=3000000 bytau=[(2, 2906137), (3, 90847), (4, 2812), (5, 183), (6, 20), (7, 1)] t=3345s
[mdag n=7 M=12 6/4] checked=3200000 bytau=[(2, 3081017), (3, 113331), (4, 5125), (5, 471), (6, 53), (7, 3)] t=3428s
[mdag n=7 M=12 6/4] checked=3400000 bytau=[(2, 3248277), (3, 143257), (4, 7641), (5, 743), (6, 79), (7, 3)] t=3492s
[mdag n=7 M=12 6/4] checked=3600000 bytau=[(2, 3429229), (3, 161284), (4, 8544), (5, 848), (6, 91), (7, 4)] t=3553s
[mdag n=7 M=12 6/4] checked=3800000 bytau=[(2, 3604915), (3, 183806), (4, 10087), (5, 1069), (6, 118), (7, 5)] t=3615s
[mdag n=7 M=12 6/4] checked=4000000 bytau=[(2, 3784953), (3, 202670), (4, 11016), (5, 1218), (6, 137), (7, 6)] t=3678s
[mdag n=7 M=12 6/4] checked=4200000 bytau=[(2, 3968036), (3, 218889), (4, 11645), (5, 1281), (6, 143), (7, 6)] t=3729s
[mdag n=7 M=12 6/4] checked=4400000 bytau=[(2, 4155074), (3, 231287), (4, 12161), (5, 1329), (6, 143), (7, 6)] t=3787s
[mdag n=7 M=12 6/4] checked=4600000 bytau=[(2, 4339426), (3, 246700), (4, 12396), (5, 1329), (6, 143), (7, 6)] t=3860s
[mdag n=7 M=12 6/4] checked=4800000 bytau=[(2, 4525836), (3, 260100), (4, 12586), (5, 1329), (6, 143), (7, 6)] t=3917s
[mdag n=7 M=12 6/4] checked=5000000 bytau=[(2, 4711702), (3, 274062), (4, 12758), (5, 1329), (6, 143), (7, 6)] t=3973s
[mdag n=7 M=12 6/4] checked=5200000 bytau=[(2, 4897785), (3, 287783), (4, 12954), (5, 1329), (6, 143), (7, 6)] t=4025s
[mdag n=7 M=12 6/4] checked=5400000 bytau=[(2, 5086455), (3, 298966), (4, 13101), (5, 1329), (6, 143), (7, 6)] t=4098s
[mdag n=7 M=12 6/4] checked=5600000 bytau=[(2, 5275732), (3, 309561), (4, 13229), (5, 1329), (6, 143), (7, 6)] t=4158s
[mdag n=7 M=12 6/4] checked=5800000 bytau=[(2, 5465140), (3, 320057), (4, 13325), (5, 1329), (6, 143), (7, 6)] t=4205s
[mdag n=7 M=12 6/4] checked=6000000 bytau=[(2, 5654811), (3, 330286), (4, 13425), (5, 1329), (6, 143), (7, 6)] t=4272s
[mdag n=7 M=12 6/4] checked=6200000 bytau=[(2, 5842991), (3, 341926), (4, 13605), (5, 1329), (6, 143), (7, 6)] t=4334s
[mdag n=7 M=12 6/4] checked=6400000 bytau=[(2, 6026689), (3, 355548), (4, 15793), (5, 1770), (6, 192), (7, 8)] t=4420s
[mdag n=7 M=12 6/4] checked=6600000 bytau=[(2, 6177320), (3, 396897), (4, 22715), (5, 2779), (6, 279), (7, 10)] t=4471s
[mdag n=7 M=12 6/4] checked=6800000 bytau=[(2, 6336053), (3, 434531), (4, 26055), (5, 3064), (6, 287), (7, 10)] t=4518s
[mdag n=7 M=12 6/4] checked=7000000 bytau=[(2, 6498145), (3, 469772), (4, 28489), (5, 3289), (6, 295), (7, 10)] t=4568s
[mdag n=7 M=12 6/4] checked=7200000 bytau=[(2, 6668412), (3, 497846), (4, 30052), (5, 3385), (6, 295), (7, 10)] t=4611s
[mdag n=7 M=12 6/4] checked=7400000 bytau=[(2, 6839586), (3, 526203), (4, 30521), (5, 3385), (6, 295), (7, 10)] t=4675s
[mdag n=7 M=12 6/4] checked=7600000 bytau=[(2, 7015690), (3, 549826), (4, 30794), (5, 3385), (6, 295), (7, 10)] t=4717s
[mdag n=7 M=12 6/4] checked=7800000 bytau=[(2, 7192247), (3, 572963), (4, 31100), (5, 3385), (6, 295), (7, 10)] t=4762s
[mdag n=7 M=12 6/4] checked=8000000 bytau=[(2, 7371275), (3, 593722), (4, 31313), (5, 3385), (6, 295), (7, 10)] t=4802s
[mdag n=7 M=12 6/4] checked=8200000 bytau=[(2, 7553936), (3, 610875), (4, 31499), (5, 3385), (6, 295), (7, 10)] t=4849s
[mdag n=7 M=12 6/4] checked=8400000 bytau=[(2, 7696447), (3, 658427), (4, 40417), (5, 4376), (6, 323), (7, 10)] t=4899s
[mdag n=7 M=12 6/4] checked=8600000 bytau=[(2, 7854434), (3, 699320), (4, 41527), (5, 4386), (6, 323), (7, 10)] t=4937s
[mdag n=7 M=12 6/4] DONE checked=8719066 bytau=[(2, 7948936), (3, 722183), (4, 43138), (5, 4476), (6, 323), (7, 10)] t=4960s
