[mdag n=6 M=15 6/1] checked=200000 bytau=[(2, 183957), (3, 14947), (4, 1032), (5, 62), (6, 2)] t=136s
[mdag n=6 M=15 6/1] checked=400000 bytau=[(2, 354355), (3, 40808), (4, 4293), (5, 510), (6, 34)] t=206s
[mdag n=6 M=15 6/1] checked=600000 bytau=[(2, 528171), (3, 64986), (4, 6089), (5, 705), (6, 49)] t=284s
[mdag n=6 M=15 6/1] checked=800000 bytau=[(2, 699097), (3, 91826), (4, 8216), (5, 805), (6, 56)] t=358s
[mdag n=6 M=15 6/1] checked=1000000 bytau=[(2, 875737), (3, 114174), (4, 9224), (5, 809), (6, 56)] t=430s
[mdag n=6 M=15 6/1] checked=1200000 bytau=[(2, 1023273), (3, 157950), (4, 16479), (5, 2069), (6, 224), (7, 5)] t=487s
[mdag n=6 M=15 6/1] checked=1400000 bytau=[(2, 1167950), (3, 204393), (4, 24347), (5, 3029), (6, 276), (7, 5)] t=541s
[mdag n=6 M=15 6/1] checked=1600000 bytau=[(2, 1310726), (3, 251050), (4, 32055), (5, 4731), (6, 975), (7, 306), (8, 113), (9, 35), (10, 8), (11, 1)] t=607s
[mdag n=6 M=15 6/1] checked=1800000 bytau=[(2, 1456076), (3, 297366), (4, 39590), (5, 5506), (6, 999), (7, 306), (8, 113), (9, 35), (10, 8), (11, 1)] t=673s
[mdag n=6 M=15 6/1] checked=2000000 bytau=[(2, 1594550), (3, 348341), (4, 48827), (5, 6746), (6, 1073), (7, 306), (8, 113), (9, 35), (10, 8), (11, 1)] t=719s
[mdag n=6 M=15 6/1] checked=2200000 bytau=[(2, 1729826), (3, 400051), (4, 60056), (5, 8429), (6, 1175), (7, 306), (8, 113), (9, 35), (10, 8), (11, 1)] t=763s
[mdag n=6 M=15 6/1] checked=2400000 bytau=[(2, 1875311), (3, 445392), (4, 67352), (5, 9721), (6, 1549), (7, 453), (8, 163), (9, 48), (10, 10), (11, 1)] t=812s
[mdag n=6 M=15 6/1] checked=2600000 bytau=[(2, 2030546), (3, 484882), (4, 72173), (5, 10159), (6, 1565), (7, 453), (8, 163), (9, 48), (10, 10), (11, 1)] t=868s
[mdag n=6 M=15 6/1] checked=2800000 bytau=[(2, 2168983), (3, 536008), (4, 81411), (5, 11291), (6, 1632), (7, 453), (8, 163), (9, 48), (10, 10), (11, 1)] t=932s
[mdag n=6 M=15 6/1] checked=3000000 bytau=[(2, 2314657), (3, 582464), (4, 88417), (5, 12106), (6, 1681), (7, 453), (8, 163), (9, 48), (10, 10), (11, 1)] t=1001s
[mdag n=6 M=15 6/1] checked=3200000 bytau=[(2, 2463117), (3, 628024), (4, 93953), (5, 12538), (6, 1693), (7, 453), (8, 163), (9, 48), (10, 10), (11, 1)] t=1051s
[mdag n=6 M=15 6/1] checked=3400000 bytau=[(2, 2620320), (3, 667096), (4, 97524), (5, 12689), (6, 1696), (7, 453), (8, 163), (9, 48), (10, 10), (11, 1)] t=1110s
[mdag n=6 M=15 6/1] checked=3600000 bytau=[(2, 2756355), (3, 720608), (4, 106978), (5, 13636), (6, 1748), (7, 453), (8, 163), (9, 48), (10, 10), (11, 1)] t=1157s
[mdag n=6 M=15 6/1] checked=3800000 bytau=[(2, 2912594), (3, 760899), (4, 110355), (5, 13727), (6, 1750), (7, 453), (8, 163), (9, 48), (10, 10), (11, 1)] t=1205s
[mdag n=6 M=15 6/1] checked=4000000 bytau=[(2, 3067491), (3, 801156), (4, 114728), (5, 14165), (6, 1785), (7, 453), (8, 163), (9, 48), (10, 10), (11, 1)] t=1257s
[mdag n=6 M=15 6/1] checked=4200000 bytau=[(2, 3216499), (3, 845234), (4, 121203), (5, 14599), (6, 1790), (7, 453), (8, 163), (9, 48), (10, 10), (11, 1)] t=1314s
[mdag n=6 M=15 6/1] checked=4400000 bytau=[(2, 3317738), (3, 912208), (4, 145001), (5, 20569), (6, 3281), (7, 854), (8, 268), (9, 68), (10, 12), (11, 1)] t=1358s
[mdag n=6 M=15 6/1] checked=4600000 bytau=[(2, 3423182), (3, 981157), (4, 165176), (5, 24270), (6, 4356), (7, 1300), (8, 424), (9, 112), (10, 21), (11, 2)] t=1406s
[mdag n=6 M=15 6/1] checked=4800000 bytau=[(2, 3533539), (3, 1042692), (4, 186021), (5, 29833), (6, 5625), (7, 1623), (8, 512), (9, 130), (10, 23), (11, 2)] t=1456s
[mdag n=6 M=15 6/1] checked=5000000 bytau=[(2, 3628629), (3, 1111398), (4, 213292), (5, 36880), (6, 7141), (7, 1912), (8, 580), (9, 142), (10, 24), (11, 2)] t=1507s
[mdag n=6 M=15 6/1] checked=5200000 bytau=[(2, 3745344), (3, 1173641), (4, 229693), (5, 40248), (6, 8040), (7, 2198), (8, 654), (9, 155), (10, 25), (11, 2)] t=1545s
[mdag n=6 M=15 6/1] checked=5400000 bytau=[(2, 3859950), (3, 1239893), (4, 246526), (5, 42455), (6, 8142), (7, 2198), (8, 654), (9, 155), (10, 25), (11, 2)] t=1588s
[mdag n=6 M=15 6/1] checked=5600000 bytau=[(2, 3951209), (3, 1316667), (4, 273601), (5, 47038), (6, 8451), (7, 2198), (8, 654), (9, 155), (10, 25), (11, 2)] t=1635s
[mdag n=6 M=15 6/1] checked=5800000 bytau=[(2, 4054641), (3, 1381463), (4, 295905), (5, 53523), (6, 10501), (7, 2889), (8, 850), (9, 196), (10, 30), (11, 2)] t=1684s
[mdag n=6 M=15 6/1] checked=6000000 bytau=[(2, 4163806), (3, 1447368), (4, 314946), (5, 57927), (6, 11549), (7, 3216), (8, 940), (9, 214), (10, 32), (11, 2)] t=1727s
[mdag n=6 M=15 6/1] checked=6200000 bytau=[(2, 4280457), (3, 1511661), (4, 331385), (5, 60200), (6, 11813), (7, 3279), (8, 955), (9, 216), (10, 32), (11, 2)] t=1784s
[mdag n=6 M=15 6/1] checked=6400000 bytau=[(2, 4400459), (3, 1573410), (4, 346174), (5, 62744), (6, 12486), (7, 3475), (8, 997), (9, 221), (10, 32), (11, 2)] t=1826s
[mdag n=6 M=15 6/1] checked=6600000 bytau=[(2, 4530067), (3, 1630906), (4, 357674), (5, 64090), (6, 12536), (7, 3475), (8, 997), (9, 221), (10, 32), (11, 2)] t=1873s
[mdag n=6 M=15 6/1] checked=6800000 bytau=[(2, 4639884), (3, 1701476), (4, 375785), (5, 65572), (6, 12556), (7, 3475), (8, 997), (9, 221), (10, 32), (11, 2)] t=1916s
[mdag n=6 M=15 6/1] checked=7000000 bytau=[(2, 4747834), (3, 1771599), (4, 395395), (5, 67823), (6, 12622), (7, 3475), (8, 997), (9, 221), (10, 32), (11, 2)] t=1964s
[mdag n=6 M=15 6/1] checked=7200000 bytau=[(2, 4873691), (3, 1832257), (4, 407621), (5, 69037), (6, 12667), (7, 3475), (8, 997), (9, 221), (10, 32), (11, 2)] t=2007s
[mdag n=6 M=15 6/1] checked=7400000 bytau=[(2, 4998356), (3, 1894102), (4, 420037), (5, 70091), (6, 12687), (7, 3475), (8, 997), (9, 221), (10, 32), (11, 2)] t=2058s
[mdag n=6 M=15 6/1] checked=7600000 bytau=[(2, 5121018), (3, 1957182), (4, 433182), (5, 71185), (6, 12706), (7, 3475), (8, 997), (9, 221), (10, 32), (11, 2)] t=2094s
[mdag n=6 M=15 6/1] checked=7800000 bytau=[(2, 5233714), (3, 2024447), (4, 451067), (5, 73267), (6, 12778), (7, 3475), (8, 997), (9, 221), (10, 32), (11, 2)] t=2142s
[mdag n=6 M=15 6/1] checked=8000000 bytau=[(2, 5359175), (3, 2087803), (4, 461663), (5, 73848), (6, 12784), (7, 3475), (8, 997), (9, 221), (10, 32), (11, 2)] t=2182s
[mdag n=6 M=15 6/1] checked=8200000 bytau=[(2, 5484977), (3, 2148594), (4, 473735), (5, 75133), (6, 12834), (7, 3475), (8, 997), (9, 221), (10, 32), (11, 2)] t=2235s
[mdag n=6 M=15 6/1] checked=8400000 bytau=[(2, 5615222), (3, 2207111), (4, 484107), (5, 75981), (6, 12852), (7, 3475), (8, 997), (9, 221), (10, 32), (11, 2)] t=2292s
[mdag n=6 M=15 6/1] checked=8600000 bytau=[(2, 5754344), (3, 2260962), (4, 490867), (5, 76248), (6, 12852), (7, 3475), (8, 997), (9, 221), (10, 32), (11, 2)] t=2351s
[mdag n=6 M=15 6/1] checked=8800000 bytau=[(2, 5850040), (3, 2329582), (4, 518019), (5, 82808), (6, 14363), (7, 3859), (8, 1067), (9, 228), (10, 32), (11, 2)] t=2404s
[mdag n=6 M=15 6/1] checked=9000000 bytau=[(2, 5915809), (3, 2395647), (4, 564396), (5, 100305), (6, 17890), (7, 4494), (8, 1185), (9, 240), (10, 32), (11, 2)] t=2451s
[mdag n=6 M=15 6/1] checked=9200000 bytau=[(2, 5974666), (3, 2467042), (4, 608041), (5, 117868), (6, 24067), (7, 6364), (8, 1607), (9, 306), (10, 37), (11, 2)] t=2499s
[mdag n=6 M=15 6/1] checked=9400000 bytau=[(2, 6040196), (3, 2531451), (4, 651038), (5, 136616), (6, 30312), (7, 8047), (8, 1949), (9, 350), (10, 39), (11, 2)] t=2555s
[mdag n=6 M=15 6/1] checked=9600000 bytau=[(2, 6097969), (3, 2614391), (4, 696737), (5, 147859), (6, 32152), (7, 8467), (8, 2026), (9, 358), (10, 39), (11, 2)] t=2609s
[mdag n=6 M=15 6/1] checked=9800000 bytau=[(2, 6175715), (3, 2686906), (4, 731334), (5, 158810), (6, 35355), (7, 9286), (8, 2179), (9, 374), (10, 39), (11, 2)] t=2653s
[mdag n=6 M=15 6/1] checked=10000000 bytau=[(2, 6250628), (3, 2758065), (4, 770160), (5, 170630), (6, 37912), (7, 9890), (8, 2289), (9, 385), (10, 39), (11, 2)] t=2703s
[mdag n=6 M=15 6/1] checked=10200000 bytau=[(2, 6303463), (3, 2836482), (4, 817548), (5, 186620), (6, 42057), (7, 10908), (8, 2477), (9, 404), (10, 39), (11, 2)] t=2746s
[mdag n=6 M=15 6/1] checked=10400000 bytau=[(2, 6390559), (3, 2912559), (4, 845715), (5, 193061), (6, 43769), (7, 11333), (8, 2552), (9, 411), (10, 39), (11, 2)] t=2785s
[mdag n=6 M=15 6/1] checked=10600000 bytau=[(2, 6472106), (3, 2989512), (4, 877354), (5, 200589), (6, 45577), (7, 11774), (8, 2629), (9, 418), (10, 39), (11, 2)] t=2842s
[mdag n=6 M=15 6/1] checked=10800000 bytau=[(2, 6573234), (3, 3060060), (4, 901022), (5, 204565), (6, 46139), (7, 11880), (8, 2641), (9, 418), (10, 39), (11, 2)] t=2890s
[mdag n=6 M=15 6/1] checked=11000000 bytau=[(2, 6665112), (3, 3137878), (4, 928044), (5, 207790), (6, 46196), (7, 11880), (8, 2641), (9, 418), (10, 39), (11, 2)] t=2941s
[mdag n=6 M=15 6/1] checked=11200000 bytau=[(2, 6762760), (3, 3213217), (4, 952242), (5, 210561), (6, 46240), (7, 11880), (8, 2641), (9, 418), (10, 39), (11, 2)] t=2980s
[mdag n=6 M=15 6/1] checked=11400000 bytau=[(2, 6850163), (3, 3295513), (4, 979525), (5, 213531), (6, 46288), (7, 11880), (8, 2641), (9, 418), (10, 39), (11, 2)] t=3020s
[mdag n=6 M=15 6/1] checked=11600000 bytau=[(2, 6947677), (3, 3372207), (4, 1003205), (5, 215634), (6, 46297), (7, 11880), (8, 2641), (9, 418), (10, 39), (11, 2)] t=3059s
[mdag n=6 M=15 6/1] checked=11800000 bytau=[(2, 7042371), (3, 3451498), (4, 1026500), (5, 218288), (6, 46363), (7, 11880), (8, 2641), (9, 418), (10, 39), (11, 2)] t=3095s
[mdag n=6 M=15 6/1] checked=12000000 bytau=[(2, 7150600), (3, 3521980), (4, 1045570), (5, 220452), (6, 46418), (7, 11880), (8, 2641), (9, 418), (10, 39), (11, 2)] t=3133s
[mdag n=6 M=15 6/1] checked=12200000 bytau=[(2, 7236281), (3, 3586433), (4, 1075410), (5, 233430), (6, 51709), (7, 13371), (8, 2883), (9, 441), (10, 40), (11, 2)] t=3181s
[mdag n=6 M=15 6/1] checked=12400000 bytau=[(2, 7278653), (3, 3648022), (4, 1132807), (5, 262366), (6, 59747), (7, 14826), (8, 3083), (9, 454), (10, 40), (11, 2)] t=3236s
[mdag n=6 M=15 6/1] checked=12600000 bytau=[(2, 7312264), (3, 3717026), (4, 1192917), (5, 289582), (6, 67854), (7, 16538), (8, 3309), (9, 468), (10, 40), (11, 2)] t=3286s
[mdag n=6 M=15 6/1] checked=12800000 bytau=[(2, 7364331), (3, 3791300), (4, 1242967), (5, 307381), (6, 72570), (7, 17501), (8, 3433), (9, 475), (10, 40), (11, 2)] t=3334s
[mdag n=6 M=15 6/1] checked=13000000 bytau=[(2, 7417447), (3, 3871403), (4, 1290198), (5, 322582), (6, 76234), (7, 18128), (8, 3491), (9, 475), (10, 40), (11, 2)] t=3378s
[mdag n=6 M=15 6/1] checked=13200000 bytau=[(2, 7483082), (3, 3959138), (4, 1330441), (5, 328796), (6, 76407), (7, 18128), (8, 3491), (9, 475), (10, 40), (11, 2)] t=3425s
[mdag n=6 M=15 6/1] checked=13400000 bytau=[(2, 7554665), (3, 4049021), (4, 1364898), (5, 332795), (6, 76485), (7, 18128), (8, 3491), (9, 475), (10, 40), (11, 2)] t=3477s
[mdag n=6 M=15 6/1] checked=13600000 bytau=[(2, 7597840), (3, 4109685), (4, 1417911), (5, 362909), (6, 87407), (7, 20073), (8, 3654), (9, 479), (10, 40), (11, 2)] t=3537s
[mdag n=6 M=15 6/1] DONE checked=13783133 bytau=[(2, 7626154), (3, 4186992), (4, 1473724), (5, 380482), (6, 91147), (7, 20446), (8, 3667), (9, 479), (10, 40), (11, 2)] t=3575s
