[rand seed=4] checked=20000 bytau=[(1, 7995), (2, 4842), (3, 3147), (4, 1864), (5, 1065), (6, 570), (7, 274), (8, 127), (9, 59), (10, 40), (11, 9), (12, 6), (13, 2)] t=5s
[rand seed=4] checked=40000 bytau=[(1, 16002), (2, 9759), (3, 6286), (4, 3674), (5, 2128), (6, 1108), (7, 558), (8, 262), (9, 110), (10, 76), (11, 20), (12, 10), (13, 6), (14, 1)] t=11s
[rand seed=4] checked=60000 bytau=[(1, 23963), (2, 14560), (3, 9426), (4, 5520), (5, 3261), (6, 1690), (7, 833), (8, 393), (9, 170), (10, 114), (11, 43), (12, 16), (13, 9), (14, 2)] t=16s
[rand seed=4] checked=80000 bytau=[(1, 31838), (2, 19521), (3, 12591), (4, 7329), (5, 4357), (6, 2251), (7, 1130), (8, 518), (9, 220), (10, 145), (11, 65), (12, 21), (13, 12), (14, 2)] t=21s
[rand seed=4] checked=100000 bytau=[(1, 39902), (2, 24356), (3, 15681), (4, 9229), (5, 5422), (6, 2820), (7, 1373), (8, 636), (9, 277), (10, 180), (11, 80), (12, 25), (13, 15), (14, 4)] t=26s
[rand seed=4] checked=120000 bytau=[(1, 47712), (2, 29260), (3, 18810), (4, 11164), (5, 6518), (6, 3404), (7, 1663), (8, 759), (9, 342), (10, 222), (11, 93), (12, 31), (13, 18), (14, 4)] t=32s
[rand seed=4] checked=140000 bytau=[(1, 55763), (2, 34100), (3, 21932), (4, 12999), (5, 7561), (6, 3979), (7, 1949), (8, 888), (9, 414), (10, 246), (11, 111), (12, 35), (13, 18), (14, 5)] t=37s
[rand seed=4] checked=160000 bytau=[(1, 63675), (2, 39087), (3, 25017), (4, 14856), (5, 8623), (6, 4557), (7, 2216), (8, 1019), (9, 481), (10, 278), (11, 125), (12, 42), (13, 19), (14, 5)] t=42s
[rand seed=4] checked=180000 bytau=[(1, 71752), (2, 43929), (3, 28102), (4, 16685), (5, 9667), (6, 5123), (7, 2496), (8, 1158), (9, 554), (10, 300), (11, 153), (12, 51), (13, 23), (14, 7)] t=47s
[rand seed=4] checked=200000 bytau=[(1, 79611), (2, 48878), (3, 31218), (4, 18553), (5, 10696), (6, 5722), (7, 2792), (8, 1309), (9, 618), (10, 336), (11, 173), (12, 60), (13, 25), (14, 7), (15, 1), (16, 1)] t=53s
[rand seed=4] checked=220000 bytau=[(1, 87561), (2, 53775), (3, 34249), (4, 20432), (5, 11815), (6, 6288), (7, 3078), (8, 1446), (9, 690), (10, 374), (11, 187), (12, 68), (13, 27), (14, 8), (15, 1), (16, 1)] t=58s
[rand seed=4] checked=240000 bytau=[(1, 95373), (2, 58662), (3, 37436), (4, 22336), (5, 12855), (6, 6886), (7, 3380), (8, 1601), (9, 750), (10, 403), (11, 201), (12, 77), (13, 30), (14, 8), (15, 1), (16, 1)] t=63s
[rand seed=4] checked=260000 bytau=[(1, 103289), (2, 63524), (3, 40552), (4, 24260), (5, 13938), (6, 7449), (7, 3634), (8, 1748), (9, 826), (10, 441), (11, 215), (12, 81), (13, 33), (14, 8), (15, 1), (16, 1)] t=69s
[rand seed=4] checked=280000 bytau=[(1, 111225), (2, 68393), (3, 43694), (4, 26126), (5, 15025), (6, 7995), (7, 3946), (8, 1881), (9, 891), (10, 470), (11, 229), (12, 82), (13, 33), (14, 8), (15, 1), (16, 1)] t=74s
[rand seed=4] checked=300000 bytau=[(1, 119116), (2, 73258), (3, 46894), (4, 27978), (5, 16112), (6, 8549), (7, 4238), (8, 2026), (9, 953), (10, 504), (11, 238), (12, 88), (13, 34), (14, 10), (15, 1), (16, 1)] t=79s
[rand seed=4] checked=320000 bytau=[(1, 126935), (2, 78274), (3, 50113), (4, 29805), (5, 17177), (6, 9074), (7, 4514), (8, 2158), (9, 1023), (10, 525), (11, 259), (12, 94), (13, 36), (14, 11), (15, 1), (16, 1)] t=85s
[rand seed=4] checked=340000 bytau=[(1, 134742), (2, 83185), (3, 53287), (4, 31722), (5, 18247), (6, 9642), (7, 4793), (8, 2306), (9, 1085), (10, 554), (11, 281), (12, 102), (13, 40), (14, 11), (15, 1), (16, 2)] t=90s
[rand seed=4] checked=360000 bytau=[(1, 142691), (2, 88092), (3, 56408), (4, 33618), (5, 19261), (6, 10174), (7, 5105), (8, 2460), (9, 1146), (10, 596), (11, 289), (12, 103), (13, 42), (14, 12), (15, 1), (16, 2)] t=95s
[rand seed=4] checked=380000 bytau=[(1, 150635), (2, 92972), (3, 59462), (4, 35524), (5, 20321), (6, 10733), (7, 5406), (8, 2613), (9, 1221), (10, 630), (11, 306), (12, 114), (13, 46), (14, 13), (15, 1), (16, 3)] t=100s
[rand seed=4] checked=400000 bytau=[(1, 158611), (2, 97901), (3, 62496), (4, 37439), (5, 21365), (6, 11274), (7, 5682), (8, 2783), (9, 1281), (10, 662), (11, 320), (12, 122), (13, 46), (14, 14), (15, 1), (16, 3)] t=106s
[rand seed=4] checked=420000 bytau=[(1, 166603), (2, 102718), (3, 65622), (4, 39320), (5, 22432), (6, 11833), (7, 5972), (8, 2935), (9, 1341), (10, 692), (11, 333), (12, 129), (13, 49), (14, 15), (15, 2), (16, 4)] t=111s
[rand seed=4] checked=440000 bytau=[(1, 174505), (2, 107665), (3, 68753), (4, 41245), (5, 23445), (6, 12405), (7, 6238), (8, 3062), (9, 1403), (10, 722), (11, 350), (12, 135), (13, 51), (14, 15), (15, 2), (16, 4)] t=116s
[rand seed=4] checked=460000 bytau=[(1, 182395), (2, 112669), (3, 71820), (4, 43139), (5, 24468), (6, 12944), (7, 6543), (8, 3218), (9, 1466), (10, 754), (11, 363), (12, 144), (13, 55), (14, 16), (15, 2), (16, 4)] t=122s
[rand seed=4] checked=480000 bytau=[(1, 190438), (2, 117534), (3, 74904), (4, 45009), (5, 25532), (6, 13500), (7, 6807), (8, 3352), (9, 1531), (10, 788), (11, 378), (12, 148), (13, 56), (14, 16), (15, 2), (16, 4), (17, 1)] t=127s
[rand seed=4] checked=500000 bytau=[(1, 198340), (2, 122460), (3, 77968), (4, 46909), (5, 26654), (6, 14071), (7, 7080), (8, 3473), (9, 1598), (10, 827), (11, 385), (12, 152), (13, 59), (14, 16), (15, 2), (16, 5), (17, 1)] t=132s
[rand seed=4] checked=520000 bytau=[(1, 206289), (2, 127363), (3, 81119), (4, 48781), (5, 27695), (6, 14607), (7, 7363), (8, 3615), (9, 1671), (10, 855), (11, 394), (12, 159), (13, 61), (14, 18), (15, 3), (16, 6), (17, 1)] t=137s
[rand seed=4] checked=540000 bytau=[(1, 214250), (2, 132345), (3, 84174), (4, 50614), (5, 28761), (6, 15181), (7, 7624), (8, 3756), (9, 1729), (10, 897), (11, 409), (12, 164), (13, 64), (14, 20), (15, 5), (16, 6), (17, 1)] t=143s
[rand seed=4] checked=560000 bytau=[(1, 222193), (2, 137270), (3, 87276), (4, 52483), (5, 29836), (6, 15768), (7, 7897), (8, 3878), (9, 1795), (10, 920), (11, 420), (12, 167), (13, 65), (14, 20), (15, 5), (16, 6), (17, 1)] t=148s
[rand seed=4] checked=580000 bytau=[(1, 230206), (2, 142084), (3, 90402), (4, 54347), (5, 30952), (6, 16320), (7, 8143), (8, 4018), (9, 1869), (10, 949), (11, 436), (12, 172), (13, 67), (14, 21), (15, 6), (16, 6), (17, 2)] t=159s
[rand seed=4] checked=600000 bytau=[(1, 238179), (2, 146936), (3, 93516), (4, 56297), (5, 31957), (6, 16914), (7, 8402), (8, 4154), (9, 1933), (10, 981), (11, 450), (12, 175), (13, 70), (14, 21), (15, 7), (16, 6), (17, 2)] t=169s
[rand seed=4] checked=620000 bytau=[(1, 246068), (2, 151875), (3, 96636), (4, 58165), (5, 33025), (6, 17456), (7, 8691), (8, 4309), (9, 2011), (10, 1016), (11, 458), (12, 179), (13, 74), (14, 21), (15, 8), (16, 6), (17, 2)] t=175s
[rand seed=4] checked=640000 bytau=[(1, 253944), (2, 156841), (3, 99732), (4, 60012), (5, 34163), (6, 18024), (7, 8968), (8, 4428), (9, 2068), (10, 1042), (11, 474), (12, 182), (13, 79), (14, 26), (15, 9), (16, 6), (17, 2)] t=180s
[rand seed=4] checked=660000 bytau=[(1, 261805), (2, 161895), (3, 102784), (4, 61884), (5, 35179), (6, 18611), (7, 9254), (8, 4583), (9, 2134), (10, 1068), (11, 489), (12, 189), (13, 80), (14, 27), (15, 9), (16, 7), (17, 2)] t=185s
[rand seed=4] checked=680000 bytau=[(1, 269763), (2, 166766), (3, 105895), (4, 63770), (5, 36262), (6, 19172), (7, 9530), (8, 4725), (9, 2204), (10, 1095), (11, 498), (12, 190), (13, 82), (14, 30), (15, 9), (16, 7), (17, 2)] t=191s
[rand seed=4] checked=700000 bytau=[(1, 277713), (2, 171633), (3, 108991), (4, 65662), (5, 37354), (6, 19754), (7, 9800), (8, 4846), (9, 2278), (10, 1127), (11, 516), (12, 195), (13, 82), (14, 31), (15, 9), (16, 7), (17, 2)] t=198s
[rand seed=4] checked=720000 bytau=[(1, 285574), (2, 176604), (3, 112077), (4, 67570), (5, 38410), (6, 20342), (7, 10073), (8, 4991), (9, 2341), (10, 1154), (11, 527), (12, 202), (13, 86), (14, 31), (15, 9), (16, 7), (17, 2)] t=204s
[rand seed=4] checked=740000 bytau=[(1, 293512), (2, 181518), (3, 115187), (4, 69453), (5, 39516), (6, 20876), (7, 10365), (8, 5105), (9, 2395), (10, 1182), (11, 545), (12, 207), (13, 88), (14, 32), (15, 10), (16, 7), (17, 2)] t=210s
[rand seed=4] checked=760000 bytau=[(1, 301524), (2, 186361), (3, 118272), (4, 71382), (5, 40580), (6, 21414), (7, 10622), (8, 5255), (9, 2466), (10, 1209), (11, 557), (12, 211), (13, 95), (14, 33), (15, 10), (16, 7), (17, 2)] t=216s
[rand seed=4] checked=780000 bytau=[(1, 309380), (2, 191217), (3, 121441), (4, 73325), (5, 41652), (6, 21991), (7, 10896), (8, 5382), (9, 2531), (10, 1241), (11, 575), (12, 215), (13, 99), (14, 34), (15, 10), (16, 9), (17, 2)] t=222s
[rand seed=4] checked=800000 bytau=[(1, 317284), (2, 196142), (3, 124612), (4, 75131), (5, 42744), (6, 22572), (7, 11166), (8, 5501), (9, 2602), (10, 1277), (11, 589), (12, 221), (13, 102), (14, 35), (15, 11), (16, 9), (17, 2)] t=228s
[rand seed=4] checked=820000 bytau=[(1, 325100), (2, 201017), (3, 127796), (4, 77069), (5, 43858), (6, 23098), (7, 11460), (8, 5641), (9, 2660), (10, 1306), (11, 607), (12, 225), (13, 103), (14, 37), (15, 12), (16, 9), (17, 2)] t=233s
[rand seed=4] checked=840000 bytau=[(1, 333000), (2, 205855), (3, 130959), (4, 79004), (5, 44893), (6, 23669), (7, 11746), (8, 5797), (9, 2725), (10, 1332), (11, 624), (12, 229), (13, 104), (14, 38), (15, 14), (16, 9), (17, 2)] t=239s
[rand seed=4] checked=860000 bytau=[(1, 340801), (2, 210855), (3, 134145), (4, 80869), (5, 45942), (6, 24211), (7, 12025), (8, 5935), (9, 2795), (10, 1364), (11, 649), (12, 240), (13, 105), (14, 38), (15, 15), (16, 9), (17, 2)] t=244s
[rand seed=4] checked=880000 bytau=[(1, 348690), (2, 215758), (3, 137293), (4, 82751), (5, 47034), (6, 24794), (7, 12287), (8, 6082), (9, 2843), (10, 1388), (11, 660), (12, 246), (13, 108), (14, 40), (15, 15), (16, 9), (17, 2)] t=249s
[rand seed=4] checked=900000 bytau=[(1, 356596), (2, 220807), (3, 140367), (4, 84649), (5, 48029), (6, 25329), (7, 12579), (8, 6208), (9, 2919), (10, 1422), (11, 666), (12, 249), (13, 111), (14, 42), (15, 16), (16, 9), (17, 2)] t=255s
[rand seed=4] checked=920000 bytau=[(1, 364570), (2, 225634), (3, 143560), (4, 86493), (5, 49086), (6, 25903), (7, 12871), (8, 6332), (9, 2975), (10, 1453), (11, 680), (12, 257), (13, 115), (14, 42), (15, 17), (16, 9), (17, 3)] t=260s
[rand seed=4] checked=940000 bytau=[(1, 372424), (2, 230550), (3, 146711), (4, 88357), (5, 50154), (6, 26469), (7, 13164), (8, 6489), (9, 3037), (10, 1499), (11, 693), (12, 264), (13, 118), (14, 42), (15, 17), (16, 9), (17, 3)] t=265s
[rand seed=4] checked=960000 bytau=[(1, 380470), (2, 235351), (3, 149861), (4, 90159), (5, 51267), (6, 27045), (7, 13415), (8, 6630), (9, 3110), (10, 1527), (11, 705), (12, 271), (13, 118), (14, 42), (15, 17), (16, 9), (17, 3)] t=271s
[rand seed=4] checked=980000 bytau=[(1, 388355), (2, 240274), (3, 152950), (4, 92069), (5, 52333), (6, 27623), (7, 13708), (8, 6771), (9, 3171), (10, 1557), (11, 716), (12, 281), (13, 120), (14, 43), (15, 17), (16, 9), (17, 3)] t=276s
[rand seed=4] checked=1000000 bytau=[(1, 396375), (2, 245183), (3, 156010), (4, 93975), (5, 53384), (6, 28132), (7, 13987), (8, 6913), (9, 3240), (10, 1587), (11, 727), (12, 289), (13, 124), (14, 44), (15, 18), (16, 9), (17, 3)] t=281s
[rand seed=4] checked=1020000 bytau=[(1, 404286), (2, 250071), (3, 159109), (4, 95884), (5, 54457), (6, 28696), (7, 14272), (8, 7047), (9, 3299), (10, 1628), (11, 745), (12, 300), (13, 129), (14, 46), (15, 19), (16, 9), (17, 3)] t=286s
[rand seed=4] checked=1040000 bytau=[(1, 412167), (2, 254924), (3, 162380), (4, 97770), (5, 55518), (6, 29256), (7, 14527), (8, 7157), (9, 3372), (10, 1654), (11, 756), (12, 310), (13, 130), (14, 47), (15, 20), (16, 9), (17, 3)] t=292s
[rand seed=4] checked=1060000 bytau=[(1, 420151), (2, 259835), (3, 165425), (4, 99695), (5, 56572), (6, 29806), (7, 14818), (8, 7298), (9, 3429), (10, 1675), (11, 768), (12, 316), (13, 131), (14, 49), (15, 20), (16, 9), (17, 3)] t=297s
[rand seed=4] checked=1080000 bytau=[(1, 427997), (2, 264813), (3, 168537), (4, 101578), (5, 57668), (6, 30345), (7, 15115), (8, 7428), (9, 3495), (10, 1707), (11, 779), (12, 324), (13, 133), (14, 49), (15, 20), (16, 9), (17, 3)] t=302s
[rand seed=4] checked=1100000 bytau=[(1, 435808), (2, 269816), (3, 171782), (4, 103435), (5, 58711), (6, 30891), (7, 15394), (8, 7547), (9, 3541), (10, 1732), (11, 790), (12, 334), (13, 135), (14, 50), (15, 22), (16, 9), (17, 3)] t=308s
[rand seed=4] checked=1120000 bytau=[(1, 443770), (2, 274674), (3, 174967), (4, 105208), (5, 59795), (6, 31487), (7, 15680), (8, 7684), (9, 3606), (10, 1769), (11, 800), (12, 338), (13, 136), (14, 50), (15, 23), (16, 9), (17, 3), (18, 1)] t=313s
[rand seed=4] checked=1140000 bytau=[(1, 451549), (2, 279723), (3, 178078), (4, 107114), (5, 60855), (6, 32059), (7, 15956), (8, 7806), (9, 3670), (10, 1804), (11, 813), (12, 346), (13, 140), (14, 51), (15, 23), (16, 9), (17, 3), (18, 1)] t=318s
[rand seed=4] checked=1160000 bytau=[(1, 459351), (2, 284730), (3, 181243), (4, 108971), (5, 61920), (6, 32639), (7, 16228), (8, 7953), (9, 3715), (10, 1828), (11, 829), (12, 361), (13, 143), (14, 53), (15, 23), (16, 9), (17, 3), (18, 1)] t=324s
[rand seed=4] checked=1180000 bytau=[(1, 467330), (2, 289646), (3, 184303), (4, 110864), (5, 62974), (6, 33173), (7, 16502), (8, 8110), (9, 3779), (10, 1863), (11, 850), (12, 369), (13, 148), (14, 53), (15, 23), (16, 9), (17, 3), (18, 1)] t=329s
[rand seed=4] checked=1200000 bytau=[(1, 475248), (2, 294438), (3, 187536), (4, 112732), (5, 64035), (6, 33742), (7, 16819), (8, 8241), (9, 3831), (10, 1898), (11, 868), (12, 370), (13, 151), (14, 55), (15, 23), (16, 9), (17, 3), (18, 1)] t=334s
[rand seed=4] checked=1220000 bytau=[(1, 483308), (2, 299364), (3, 190574), (4, 114578), (5, 65096), (6, 34308), (7, 17083), (8, 8359), (9, 3894), (10, 1934), (11, 882), (12, 375), (13, 152), (14, 57), (15, 23), (16, 9), (17, 3), (18, 1)] t=340s
