[rand seed=2] checked=20000 bytau=[(1, 7838), (2, 4895), (3, 3253), (4, 1887), (5, 1035), (6, 562), (7, 271), (8, 145), (9, 67), (10, 35), (11, 8), (12, 1), (13, 1), (14, 1), (15, 1)] t=5s
[rand seed=2] checked=40000 bytau=[(1, 15764), (2, 9908), (3, 6370), (4, 3709), (5, 2095), (6, 1114), (7, 530), (8, 267), (9, 142), (10, 64), (11, 21), (12, 10), (13, 4), (14, 1), (15, 1)] t=11s
[rand seed=2] checked=60000 bytau=[(1, 23598), (2, 14774), (3, 9476), (4, 5688), (5, 3238), (6, 1685), (7, 797), (8, 393), (9, 202), (10, 90), (11, 35), (12, 12), (13, 8), (14, 1), (15, 1), (16, 2)] t=16s
[rand seed=2] checked=80000 bytau=[(1, 31509), (2, 19682), (3, 12619), (4, 7585), (5, 4287), (6, 2262), (7, 1075), (8, 520), (9, 255), (10, 122), (11, 51), (12, 19), (13, 9), (14, 2), (15, 1), (16, 2)] t=21s
[rand seed=2] checked=100000 bytau=[(1, 39579), (2, 24466), (3, 15759), (4, 9505), (5, 5272), (6, 2849), (7, 1335), (8, 668), (9, 311), (10, 147), (11, 62), (12, 27), (13, 12), (14, 3), (15, 3), (16, 2)] t=26s
[rand seed=2] checked=120000 bytau=[(1, 47611), (2, 29325), (3, 18834), (4, 11364), (5, 6306), (6, 3441), (7, 1627), (8, 806), (9, 376), (10, 171), (11, 81), (12, 33), (13, 16), (14, 3), (15, 4), (16, 2)] t=32s
[rand seed=2] checked=140000 bytau=[(1, 55581), (2, 34280), (3, 21900), (4, 13290), (5, 7288), (6, 4002), (7, 1927), (8, 921), (9, 448), (10, 203), (11, 93), (12, 38), (13, 17), (14, 4), (15, 5), (16, 3)] t=37s
[rand seed=2] checked=160000 bytau=[(1, 63639), (2, 39171), (3, 24978), (4, 15114), (5, 8376), (6, 4546), (7, 2205), (8, 1052), (9, 506), (10, 232), (11, 102), (12, 43), (13, 19), (14, 5), (15, 7), (16, 4), (17, 1)] t=42s
[rand seed=2] checked=180000 bytau=[(1, 71631), (2, 44107), (3, 28045), (4, 16948), (5, 9425), (6, 5094), (7, 2522), (8, 1178), (9, 571), (10, 259), (11, 124), (12, 55), (13, 22), (14, 5), (15, 9), (16, 4), (17, 1)] t=47s
[rand seed=2] checked=200000 bytau=[(1, 79639), (2, 49043), (3, 31164), (4, 18769), (5, 10453), (6, 5648), (7, 2812), (8, 1310), (9, 637), (10, 283), (11, 140), (12, 58), (13, 23), (14, 6), (15, 10), (16, 4), (17, 1)] t=52s
[rand seed=2] checked=220000 bytau=[(1, 87427), (2, 53930), (3, 34355), (4, 20678), (5, 11569), (6, 6210), (7, 3115), (8, 1431), (9, 692), (10, 327), (11, 152), (12, 62), (13, 27), (14, 8), (15, 11), (16, 4), (17, 2)] t=58s
[rand seed=2] checked=240000 bytau=[(1, 95302), (2, 58793), (3, 37565), (4, 22604), (5, 12631), (6, 6759), (7, 3388), (8, 1559), (9, 759), (10, 355), (11, 158), (12, 69), (13, 30), (14, 9), (15, 13), (16, 4), (17, 2)] t=63s
[rand seed=2] checked=260000 bytau=[(1, 103269), (2, 63552), (3, 40716), (4, 24480), (5, 13727), (6, 7382), (7, 3673), (8, 1689), (9, 821), (10, 377), (11, 172), (12, 80), (13, 33), (14, 10), (15, 13), (16, 4), (17, 2)] t=68s
[rand seed=2] checked=280000 bytau=[(1, 111192), (2, 68530), (3, 43806), (4, 26346), (5, 14775), (6, 7945), (7, 3970), (8, 1824), (9, 875), (10, 407), (11, 180), (12, 85), (13, 34), (14, 12), (15, 13), (16, 4), (17, 2)] t=73s
[rand seed=2] checked=300000 bytau=[(1, 119078), (2, 73473), (3, 46947), (4, 28229), (5, 15842), (6, 8498), (7, 4252), (8, 1965), (9, 928), (10, 430), (11, 193), (12, 96), (13, 34), (14, 15), (15, 14), (16, 4), (17, 2)] t=79s
[rand seed=2] checked=320000 bytau=[(1, 126933), (2, 78307), (3, 50147), (4, 30129), (5, 16978), (6, 9049), (7, 4527), (8, 2110), (9, 980), (10, 454), (11, 206), (12, 105), (13, 37), (14, 16), (15, 15), (16, 5), (17, 2)] t=84s
[rand seed=2] checked=340000 bytau=[(1, 134838), (2, 83199), (3, 53310), (4, 32031), (5, 18007), (6, 9599), (7, 4812), (8, 2272), (9, 1027), (10, 485), (11, 227), (12, 111), (13, 41), (14, 17), (15, 16), (16, 6), (17, 2)] t=89s
[rand seed=2] checked=360000 bytau=[(1, 142887), (2, 88091), (3, 56375), (4, 33846), (5, 19048), (6, 10160), (7, 5117), (8, 2408), (9, 1094), (10, 520), (11, 244), (12, 119), (13, 46), (14, 17), (15, 19), (16, 7), (17, 2)] t=95s
[rand seed=2] checked=380000 bytau=[(1, 150828), (2, 93024), (3, 59489), (4, 35678), (5, 20087), (6, 10756), (7, 5393), (8, 2537), (9, 1174), (10, 547), (11, 259), (12, 128), (13, 50), (14, 18), (15, 21), (16, 8), (17, 2), (18, 1)] t=100s
[rand seed=2] checked=400000 bytau=[(1, 158683), (2, 97934), (3, 62606), (4, 37551), (5, 21219), (6, 11309), (7, 5693), (8, 2666), (9, 1242), (10, 572), (11, 281), (12, 138), (13, 53), (14, 19), (15, 22), (16, 8), (17, 3), (18, 1)] t=105s
[rand seed=2] checked=420000 bytau=[(1, 166535), (2, 102773), (3, 65864), (4, 39435), (5, 22327), (6, 11851), (7, 5964), (8, 2809), (9, 1303), (10, 593), (11, 295), (12, 143), (13, 55), (14, 19), (15, 22), (16, 8), (17, 3), (18, 1)] t=110s
[rand seed=2] checked=440000 bytau=[(1, 174388), (2, 107714), (3, 69030), (4, 41343), (5, 23389), (6, 12388), (7, 6237), (8, 2956), (9, 1369), (10, 615), (11, 310), (12, 149), (13, 58), (14, 20), (15, 22), (16, 8), (17, 3), (18, 1)] t=116s
[rand seed=2] checked=460000 bytau=[(1, 182218), (2, 112693), (3, 72184), (4, 43250), (5, 24414), (6, 12985), (7, 6513), (8, 3076), (9, 1429), (10, 645), (11, 325), (12, 152), (13, 60), (14, 22), (15, 22), (16, 8), (17, 3), (18, 1)] t=121s
[rand seed=2] checked=480000 bytau=[(1, 190050), (2, 117636), (3, 75276), (4, 45206), (5, 25474), (6, 13545), (7, 6817), (8, 3223), (9, 1486), (10, 664), (11, 344), (12, 160), (13, 63), (14, 22), (15, 22), (16, 8), (17, 3), (18, 1)] t=126s
[rand seed=2] checked=500000 bytau=[(1, 197929), (2, 122469), (3, 78505), (4, 47088), (5, 26585), (6, 14089), (7, 7122), (8, 3328), (9, 1541), (10, 705), (11, 349), (12, 165), (13, 65), (14, 24), (15, 23), (16, 8), (17, 3), (18, 2)] t=132s
[rand seed=2] checked=520000 bytau=[(1, 205911), (2, 127356), (3, 81642), (4, 48961), (5, 27611), (6, 14626), (7, 7419), (8, 3480), (9, 1601), (10, 734), (11, 359), (12, 171), (13, 68), (14, 25), (15, 23), (16, 8), (17, 3), (18, 2)] t=137s
[rand seed=2] checked=540000 bytau=[(1, 213811), (2, 132181), (3, 84779), (4, 50917), (5, 28700), (6, 15180), (7, 7704), (8, 3622), (9, 1668), (10, 761), (11, 370), (12, 174), (13, 69), (14, 27), (15, 24), (16, 8), (17, 3), (18, 2)] t=143s
[rand seed=2] checked=560000 bytau=[(1, 221553), (2, 137093), (3, 87906), (4, 52878), (5, 29840), (6, 15761), (7, 7984), (8, 3758), (9, 1737), (10, 792), (11, 385), (12, 177), (13, 72), (14, 27), (15, 24), (16, 8), (17, 3), (18, 2)] t=148s
[rand seed=2] checked=580000 bytau=[(1, 229564), (2, 141949), (3, 90985), (4, 54765), (5, 30910), (6, 16342), (7, 8279), (8, 3875), (9, 1789), (10, 822), (11, 398), (12, 183), (13, 75), (14, 27), (15, 24), (16, 8), (17, 3), (18, 2)] t=154s
[rand seed=2] checked=600000 bytau=[(1, 237417), (2, 146836), (3, 94133), (4, 56654), (5, 32009), (6, 16912), (7, 8573), (8, 4013), (9, 1858), (10, 856), (11, 410), (12, 187), (13, 76), (14, 29), (15, 24), (16, 8), (17, 3), (18, 2)] t=162s
[rand seed=2] checked=620000 bytau=[(1, 245292), (2, 151778), (3, 97268), (4, 58557), (5, 33062), (6, 17474), (7, 8842), (8, 4135), (9, 1935), (10, 892), (11, 425), (12, 194), (13, 79), (14, 30), (15, 24), (16, 8), (17, 3), (18, 2)] t=170s
[rand seed=2] checked=640000 bytau=[(1, 253220), (2, 156624), (3, 100437), (4, 60447), (5, 34123), (6, 18041), (7, 9137), (8, 4264), (9, 1997), (10, 917), (11, 442), (12, 200), (13, 83), (14, 31), (15, 24), (16, 8), (17, 3), (18, 2)] t=175s
[rand seed=2] checked=660000 bytau=[(1, 261120), (2, 161528), (3, 103474), (4, 62428), (5, 35196), (6, 18602), (7, 9404), (8, 4423), (9, 2062), (10, 941), (11, 462), (12, 206), (13, 85), (14, 31), (15, 25), (16, 8), (17, 3), (18, 2)] t=180s
[rand seed=2] checked=680000 bytau=[(1, 269033), (2, 166454), (3, 106530), (4, 64317), (5, 36251), (6, 19218), (7, 9695), (8, 4561), (9, 2125), (10, 968), (11, 477), (12, 214), (13, 87), (14, 32), (15, 25), (16, 8), (17, 3), (18, 2)] t=186s
[rand seed=2] checked=700000 bytau=[(1, 276907), (2, 171399), (3, 109633), (4, 66207), (5, 37327), (6, 19792), (7, 9969), (8, 4695), (9, 2196), (10, 1003), (11, 489), (12, 222), (13, 90), (14, 33), (15, 25), (16, 8), (17, 3), (18, 2)] t=192s
[rand seed=2] checked=720000 bytau=[(1, 284909), (2, 176289), (3, 112668), (4, 68122), (5, 38431), (6, 20347), (7, 10228), (8, 4818), (9, 2262), (10, 1031), (11, 504), (12, 227), (13, 92), (14, 34), (15, 25), (16, 8), (17, 3), (18, 2)] t=198s
[rand seed=2] checked=740000 bytau=[(1, 292789), (2, 181203), (3, 115728), (4, 70087), (5, 39479), (6, 20942), (7, 10513), (8, 4951), (9, 2326), (10, 1065), (11, 519), (12, 231), (13, 95), (14, 34), (15, 25), (16, 8), (17, 3), (18, 2)] t=205s
[rand seed=2] checked=760000 bytau=[(1, 300791), (2, 186137), (3, 118809), (4, 72000), (5, 40470), (6, 21456), (7, 10815), (8, 5090), (9, 2396), (10, 1097), (11, 534), (12, 237), (13, 96), (14, 34), (15, 25), (16, 8), (17, 3), (18, 2)] t=212s
[rand seed=2] checked=780000 bytau=[(1, 308632), (2, 191075), (3, 121939), (4, 73913), (5, 41530), (6, 22040), (7, 11093), (8, 5219), (9, 2469), (10, 1134), (11, 547), (12, 239), (13, 98), (14, 34), (15, 25), (16, 8), (17, 3), (18, 2)] t=219s
[rand seed=2] checked=800000 bytau=[(1, 316559), (2, 196074), (3, 125085), (4, 75799), (5, 42536), (6, 22547), (7, 11370), (8, 5351), (9, 2527), (10, 1164), (11, 569), (12, 246), (13, 99), (14, 35), (15, 26), (16, 8), (17, 3), (18, 2)] t=225s
[rand seed=2] checked=820000 bytau=[(1, 324494), (2, 201033), (3, 128254), (4, 77651), (5, 43587), (6, 23061), (7, 11653), (8, 5477), (9, 2583), (10, 1189), (11, 586), (12, 256), (13, 101), (14, 36), (15, 26), (16, 8), (17, 3), (18, 2)] t=231s
[rand seed=2] checked=840000 bytau=[(1, 332454), (2, 205769), (3, 131426), (4, 79550), (5, 44694), (6, 23641), (7, 11951), (8, 5598), (9, 2651), (10, 1225), (11, 604), (12, 260), (13, 102), (14, 36), (15, 26), (16, 8), (17, 3), (18, 2)] t=236s
[rand seed=2] checked=860000 bytau=[(1, 340329), (2, 210607), (3, 134651), (4, 81435), (5, 45763), (6, 24206), (7, 12231), (8, 5746), (9, 2717), (10, 1248), (11, 620), (12, 267), (13, 104), (14, 36), (15, 27), (16, 8), (17, 3), (18, 2)] t=241s
[rand seed=2] checked=880000 bytau=[(1, 348328), (2, 215448), (3, 137755), (4, 83326), (5, 46835), (6, 24778), (7, 12504), (8, 5873), (9, 2783), (10, 1283), (11, 631), (12, 271), (13, 107), (14, 38), (15, 27), (16, 8), (17, 3), (18, 2)] t=246s
[rand seed=2] checked=900000 bytau=[(1, 356225), (2, 220341), (3, 140856), (4, 85272), (5, 47895), (6, 25358), (7, 12779), (8, 6015), (9, 2845), (10, 1309), (11, 644), (12, 273), (13, 110), (14, 38), (15, 27), (16, 8), (17, 3), (18, 2)] t=252s
[rand seed=2] checked=920000 bytau=[(1, 364122), (2, 225249), (3, 143959), (4, 87208), (5, 48979), (6, 25927), (7, 13038), (8, 6152), (9, 2909), (10, 1331), (11, 655), (12, 279), (13, 111), (14, 40), (15, 27), (16, 8), (17, 3), (18, 2), (19, 1)] t=257s
[rand seed=2] checked=940000 bytau=[(1, 372042), (2, 230144), (3, 147149), (4, 89093), (5, 50010), (6, 26481), (7, 13326), (8, 6274), (9, 2972), (10, 1353), (11, 674), (12, 286), (13, 113), (14, 41), (15, 28), (16, 8), (17, 3), (18, 2), (19, 1)] t=262s
[rand seed=2] checked=960000 bytau=[(1, 379963), (2, 235032), (3, 150328), (4, 90958), (5, 51051), (6, 27064), (7, 13607), (8, 6399), (9, 3029), (10, 1388), (11, 687), (12, 292), (13, 118), (14, 42), (15, 28), (16, 8), (17, 3), (18, 2), (19, 1)] t=267s
[rand seed=2] checked=980000 bytau=[(1, 387863), (2, 239946), (3, 153440), (4, 92908), (5, 52096), (6, 27629), (7, 13883), (8, 6535), (9, 3088), (10, 1419), (11, 696), (12, 295), (13, 118), (14, 42), (15, 28), (16, 8), (17, 3), (18, 2), (19, 1)] t=273s
[rand seed=2] checked=1000000 bytau=[(1, 395738), (2, 244818), (3, 156696), (4, 94763), (5, 53133), (6, 28210), (7, 14145), (8, 6680), (9, 3150), (10, 1450), (11, 715), (12, 296), (13, 120), (14, 44), (15, 28), (16, 8), (17, 3), (18, 2), (19, 1)] t=278s
[rand seed=2] checked=1020000 bytau=[(1, 403671), (2, 249648), (3, 159879), (4, 96617), (5, 54233), (6, 28793), (7, 14405), (8, 6820), (9, 3213), (10, 1484), (11, 725), (12, 303), (13, 122), (14, 45), (15, 28), (16, 8), (17, 3), (18, 2), (19, 1)] t=283s
[rand seed=2] checked=1040000 bytau=[(1, 411624), (2, 254495), (3, 162988), (4, 98477), (5, 55316), (6, 29410), (7, 14678), (8, 6966), (9, 3264), (10, 1521), (11, 738), (12, 308), (13, 127), (14, 46), (15, 28), (16, 8), (17, 3), (18, 2), (19, 1)] t=288s
[rand seed=2] checked=1060000 bytau=[(1, 419510), (2, 259323), (3, 166228), (4, 100435), (5, 56361), (6, 29941), (7, 14957), (8, 7079), (9, 3334), (10, 1545), (11, 751), (12, 313), (13, 129), (14, 51), (15, 29), (16, 8), (17, 3), (18, 2), (19, 1)] t=294s
[rand seed=2] checked=1080000 bytau=[(1, 427417), (2, 264295), (3, 169298), (4, 102271), (5, 57439), (6, 30495), (7, 15276), (8, 7225), (9, 3394), (10, 1578), (11, 768), (12, 320), (13, 130), (14, 51), (15, 29), (16, 8), (17, 3), (18, 2), (19, 1)] t=299s
[rand seed=2] checked=1100000 bytau=[(1, 435269), (2, 269167), (3, 172549), (4, 104182), (5, 58468), (6, 31073), (7, 15540), (8, 7349), (9, 3455), (10, 1612), (11, 777), (12, 330), (13, 133), (14, 51), (15, 30), (16, 8), (17, 4), (18, 2), (19, 1)] t=304s
[rand seed=2] checked=1120000 bytau=[(1, 443165), (2, 274065), (3, 175664), (4, 106114), (5, 59550), (6, 31598), (7, 15821), (8, 7483), (9, 3531), (10, 1647), (11, 791), (12, 337), (13, 135), (14, 54), (15, 30), (16, 8), (17, 4), (18, 2), (19, 1)] t=309s
[rand seed=2] checked=1140000 bytau=[(1, 451094), (2, 278927), (3, 178797), (4, 107990), (5, 60628), (6, 32163), (7, 16126), (8, 7617), (9, 3596), (10, 1672), (11, 808), (12, 346), (13, 136), (14, 55), (15, 30), (16, 8), (17, 4), (18, 2), (19, 1)] t=315s
[rand seed=2] checked=1160000 bytau=[(1, 458995), (2, 283788), (3, 181958), (4, 109897), (5, 61722), (6, 32703), (7, 16405), (8, 7749), (9, 3653), (10, 1710), (11, 828), (12, 352), (13, 139), (14, 55), (15, 31), (16, 8), (17, 4), (18, 2), (19, 1)] t=320s
[rand seed=2] checked=1180000 bytau=[(1, 466943), (2, 288681), (3, 185100), (4, 111754), (5, 62794), (6, 33241), (7, 16693), (8, 7894), (9, 3710), (10, 1753), (11, 836), (12, 355), (13, 144), (14, 55), (15, 32), (16, 8), (17, 4), (18, 2), (19, 1)] t=325s
[rand seed=2] checked=1200000 bytau=[(1, 474911), (2, 293623), (3, 188266), (4, 113600), (5, 63787), (6, 33797), (7, 16965), (8, 8038), (9, 3776), (10, 1783), (11, 843), (12, 362), (13, 145), (14, 56), (15, 33), (16, 8), (17, 4), (18, 2), (19, 1)] t=330s
[rand seed=2] checked=1220000 bytau=[(1, 482841), (2, 298479), (3, 191447), (4, 115446), (5, 64861), (6, 34361), (7, 17253), (8, 8184), (9, 3837), (10, 1812), (11, 854), (12, 369), (13, 152), (14, 56), (15, 33), (16, 8), (17, 4), (18, 2), (19, 1)] t=336s
[rand seed=2] checked=1240000 bytau=[(1, 490768), (2, 303359), (3, 194608), (4, 117329), (5, 65952), (6, 34885), (7, 17527), (8, 8329), (9, 3898), (10, 1843), (11, 870), (12, 375), (13, 153), (14, 56), (15, 33), (16, 8), (17, 4), (18, 2), (19, 1)] t=341s
