[rand seed=1] checked=20000 bytau=[(1, 7848), (2, 4932), (3, 3123), (4, 1898), (5, 1102), (6, 561), (7, 295), (8, 122), (9, 64), (10, 28), (11, 14), (12, 6), (13, 4), (14, 2), (15, 1)] t=5s
[rand seed=1] checked=40000 bytau=[(1, 15801), (2, 9842), (3, 6241), (4, 3727), (5, 2181), (6, 1136), (7, 583), (8, 247), (9, 137), (10, 53), (11, 30), (12, 11), (13, 7), (14, 2), (15, 1), (17, 1)] t=11s
[rand seed=1] checked=60000 bytau=[(1, 23674), (2, 14799), (3, 9398), (4, 5552), (5, 3255), (6, 1694), (7, 859), (8, 395), (9, 206), (10, 96), (11, 42), (12, 16), (13, 9), (14, 3), (15, 1), (17, 1)] t=16s
[rand seed=1] checked=80000 bytau=[(1, 31578), (2, 19718), (3, 12542), (4, 7405), (5, 4327), (6, 2258), (7, 1145), (8, 536), (9, 269), (10, 124), (11, 58), (12, 21), (13, 13), (14, 3), (15, 2), (17, 1)] t=21s
[rand seed=1] checked=100000 bytau=[(1, 39460), (2, 24617), (3, 15794), (4, 9232), (5, 5389), (6, 2827), (7, 1415), (8, 661), (9, 329), (10, 155), (11, 68), (12, 29), (13, 16), (14, 5), (15, 2), (17, 1)] t=27s
[rand seed=1] checked=120000 bytau=[(1, 47426), (2, 29610), (3, 18840), (4, 11080), (5, 6431), (6, 3367), (7, 1689), (8, 803), (9, 407), (10, 197), (11, 84), (12, 38), (13, 18), (14, 6), (15, 3), (17, 1)] t=32s
[rand seed=1] checked=140000 bytau=[(1, 55351), (2, 34451), (3, 21993), (4, 12967), (5, 7530), (6, 3973), (7, 1960), (8, 921), (9, 449), (10, 228), (11, 100), (12, 46), (13, 19), (14, 7), (15, 4), (17, 1)] t=37s
[rand seed=1] checked=160000 bytau=[(1, 63262), (2, 39419), (3, 25076), (4, 14826), (5, 8611), (6, 4533), (7, 2228), (8, 1058), (9, 519), (10, 253), (11, 122), (12, 57), (13, 21), (14, 9), (15, 5), (17, 1)] t=43s
[rand seed=1] checked=180000 bytau=[(1, 71169), (2, 44381), (3, 28231), (4, 16670), (5, 9633), (6, 5106), (7, 2535), (8, 1186), (9, 566), (10, 283), (11, 136), (12, 63), (13, 23), (14, 11), (15, 5), (16, 1), (17, 1)] t=48s
[rand seed=1] checked=200000 bytau=[(1, 79003), (2, 49316), (3, 31391), (4, 18598), (5, 10697), (6, 5658), (7, 2810), (8, 1319), (9, 625), (10, 318), (11, 148), (12, 70), (13, 28), (14, 12), (15, 5), (16, 1), (17, 1)] t=53s
[rand seed=1] checked=220000 bytau=[(1, 86789), (2, 54305), (3, 34544), (4, 20508), (5, 11810), (6, 6198), (7, 3067), (8, 1458), (9, 683), (10, 346), (11, 165), (12, 76), (13, 31), (14, 13), (15, 5), (16, 1), (17, 1)] t=59s
[rand seed=1] checked=240000 bytau=[(1, 94771), (2, 59217), (3, 37639), (4, 22409), (5, 12853), (6, 6778), (7, 3332), (8, 1578), (9, 741), (10, 372), (11, 174), (12, 81), (13, 32), (14, 15), (15, 5), (16, 2), (17, 1)] t=64s
[rand seed=1] checked=260000 bytau=[(1, 102604), (2, 64198), (3, 40772), (4, 24269), (5, 13933), (6, 7344), (7, 3622), (8, 1718), (9, 810), (10, 394), (11, 188), (12, 86), (13, 36), (14, 16), (15, 7), (16, 2), (17, 1)] t=69s
[rand seed=1] checked=280000 bytau=[(1, 110650), (2, 69069), (3, 43905), (4, 26088), (5, 14952), (6, 7896), (7, 3908), (8, 1865), (9, 875), (10, 428), (11, 204), (12, 95), (13, 38), (14, 17), (15, 7), (16, 2), (17, 1)] t=75s
[rand seed=1] checked=300000 bytau=[(1, 118512), (2, 73906), (3, 47049), (4, 28097), (5, 16043), (6, 8415), (7, 4178), (8, 2008), (9, 930), (10, 463), (11, 221), (12, 104), (13, 42), (14, 22), (15, 7), (16, 2), (17, 1)] t=80s
[rand seed=1] checked=320000 bytau=[(1, 126460), (2, 78933), (3, 50169), (4, 29864), (5, 17099), (6, 8963), (7, 4453), (8, 2131), (9, 996), (10, 508), (11, 237), (12, 109), (13, 46), (14, 22), (15, 7), (16, 2), (17, 1)] t=85s
[rand seed=1] checked=340000 bytau=[(1, 134306), (2, 83850), (3, 53330), (4, 31809), (5, 18180), (6, 9511), (7, 4710), (8, 2272), (9, 1054), (10, 536), (11, 247), (12, 111), (13, 49), (14, 24), (15, 7), (16, 2), (17, 1), (21, 1)] t=91s
[rand seed=1] checked=360000 bytau=[(1, 142157), (2, 88792), (3, 56441), (4, 33636), (5, 19274), (6, 10099), (7, 5029), (8, 2417), (9, 1127), (10, 564), (11, 261), (12, 114), (13, 52), (14, 26), (15, 7), (16, 2), (17, 1), (21, 1)] t=96s
[rand seed=1] checked=380000 bytau=[(1, 150083), (2, 93633), (3, 59697), (4, 35471), (5, 20317), (6, 10651), (7, 5328), (8, 2547), (9, 1195), (10, 592), (11, 270), (12, 123), (13, 55), (14, 27), (15, 7), (16, 2), (17, 1), (21, 1)] t=101s
[rand seed=1] checked=400000 bytau=[(1, 157895), (2, 98690), (3, 62732), (4, 37329), (5, 21417), (6, 11212), (7, 5635), (8, 2686), (9, 1270), (10, 625), (11, 282), (12, 131), (13, 56), (14, 27), (15, 9), (16, 2), (17, 1), (21, 1)] t=107s
[rand seed=1] checked=420000 bytau=[(1, 165676), (2, 103692), (3, 65813), (4, 39279), (5, 22499), (6, 11782), (7, 5913), (8, 2820), (9, 1335), (10, 650), (11, 300), (12, 137), (13, 58), (14, 31), (15, 10), (16, 3), (17, 1), (21, 1)] t=112s
[rand seed=1] checked=440000 bytau=[(1, 173565), (2, 108773), (3, 68859), (4, 41103), (5, 23518), (6, 12365), (7, 6213), (8, 2955), (9, 1402), (10, 679), (11, 314), (12, 145), (13, 61), (14, 33), (15, 10), (16, 3), (17, 1), (21, 1)] t=117s
[rand seed=1] checked=460000 bytau=[(1, 181439), (2, 113787), (3, 71934), (4, 42945), (5, 24602), (6, 12948), (7, 6477), (8, 3101), (9, 1455), (10, 717), (11, 333), (12, 152), (13, 62), (14, 33), (15, 10), (16, 3), (17, 1), (21, 1)] t=123s
[rand seed=1] checked=480000 bytau=[(1, 189449), (2, 118696), (3, 75011), (4, 44848), (5, 25580), (6, 13540), (7, 6769), (8, 3227), (9, 1510), (10, 756), (11, 347), (12, 155), (13, 64), (14, 33), (15, 10), (16, 3), (17, 1), (21, 1)] t=128s
[rand seed=1] checked=500000 bytau=[(1, 197312), (2, 123631), (3, 78109), (4, 46810), (5, 26674), (6, 14072), (7, 7068), (8, 3325), (9, 1570), (10, 785), (11, 365), (12, 159), (13, 69), (14, 33), (15, 11), (16, 3), (17, 3), (21, 1)] t=133s
[rand seed=1] checked=520000 bytau=[(1, 205223), (2, 128440), (3, 81290), (4, 48719), (5, 27723), (6, 14661), (7, 7374), (8, 3441), (9, 1642), (10, 822), (11, 375), (12, 165), (13, 71), (14, 35), (15, 12), (16, 3), (17, 3), (21, 1)] t=139s
[rand seed=1] checked=540000 bytau=[(1, 213234), (2, 133322), (3, 84394), (4, 50577), (5, 28752), (6, 15220), (7, 7647), (8, 3590), (9, 1714), (10, 862), (11, 388), (12, 172), (13, 72), (14, 36), (15, 13), (16, 3), (17, 3), (21, 1)] t=144s
[rand seed=1] checked=560000 bytau=[(1, 221186), (2, 138179), (3, 87542), (4, 52407), (5, 29816), (6, 15830), (7, 7941), (8, 3731), (9, 1766), (10, 895), (11, 399), (12, 179), (13, 73), (14, 36), (15, 13), (16, 3), (17, 3), (21, 1)] t=150s
[rand seed=1] checked=580000 bytau=[(1, 229194), (2, 143080), (3, 90613), (4, 54317), (5, 30846), (6, 16366), (7, 8237), (8, 3860), (9, 1825), (10, 921), (11, 419), (12, 186), (13, 77), (14, 36), (15, 15), (16, 4), (17, 3), (21, 1)] t=161s
[rand seed=1] checked=600000 bytau=[(1, 237082), (2, 147947), (3, 93753), (4, 56220), (5, 31937), (6, 16939), (7, 8547), (8, 3973), (9, 1888), (10, 952), (11, 432), (12, 191), (13, 78), (14, 38), (15, 15), (16, 4), (17, 3), (21, 1)] t=170s
[rand seed=1] checked=620000 bytau=[(1, 244946), (2, 152813), (3, 96885), (4, 58176), (5, 33013), (6, 17525), (7, 8815), (8, 4114), (9, 1938), (10, 985), (11, 452), (12, 197), (13, 79), (14, 38), (15, 16), (16, 4), (17, 3), (21, 1)] t=175s
[rand seed=1] checked=640000 bytau=[(1, 252947), (2, 157705), (3, 99960), (4, 60035), (5, 34131), (6, 18060), (7, 9112), (8, 4229), (9, 1995), (10, 1015), (11, 467), (12, 202), (13, 79), (14, 39), (15, 16), (16, 4), (17, 3), (21, 1)] t=180s
[rand seed=1] checked=660000 bytau=[(1, 260925), (2, 162524), (3, 103064), (4, 61961), (5, 35210), (6, 18594), (7, 9392), (8, 4386), (9, 2071), (10, 1040), (11, 479), (12, 211), (13, 80), (14, 39), (15, 16), (16, 4), (17, 3), (21, 1)] t=185s
[rand seed=1] checked=680000 bytau=[(1, 268840), (2, 167433), (3, 106185), (4, 63818), (5, 36327), (6, 19132), (7, 9676), (8, 4526), (9, 2138), (10, 1072), (11, 494), (12, 214), (13, 81), (14, 39), (15, 16), (16, 5), (17, 3), (21, 1)] t=191s
[rand seed=1] checked=700000 bytau=[(1, 276770), (2, 172309), (3, 109340), (4, 65738), (5, 37375), (6, 19679), (7, 9948), (8, 4673), (9, 2187), (10, 1096), (11, 513), (12, 222), (13, 83), (14, 40), (15, 18), (16, 5), (17, 3), (21, 1)] t=198s
[rand seed=1] checked=720000 bytau=[(1, 284591), (2, 177300), (3, 112497), (4, 67590), (5, 38458), (6, 20225), (7, 10231), (8, 4825), (9, 2246), (10, 1125), (11, 523), (12, 231), (13, 88), (14, 42), (15, 19), (16, 5), (17, 3), (21, 1)] t=204s
[rand seed=1] checked=740000 bytau=[(1, 292577), (2, 182247), (3, 115572), (4, 69486), (5, 39486), (6, 20795), (7, 10494), (8, 4952), (9, 2301), (10, 1151), (11, 537), (12, 240), (13, 91), (14, 43), (15, 19), (16, 5), (17, 3), (21, 1)] t=210s
[rand seed=1] checked=760000 bytau=[(1, 300386), (2, 187211), (3, 118776), (4, 71410), (5, 40503), (6, 21341), (7, 10771), (8, 5087), (9, 2361), (10, 1187), (11, 553), (12, 245), (13, 97), (14, 44), (15, 19), (16, 5), (17, 3), (21, 1)] t=217s
[rand seed=1] checked=780000 bytau=[(1, 308256), (2, 192201), (3, 121907), (4, 73221), (5, 41556), (6, 21944), (7, 11057), (8, 5217), (9, 2431), (10, 1216), (11, 570), (12, 251), (13, 99), (14, 46), (15, 19), (16, 5), (17, 3), (21, 1)] t=223s
[rand seed=1] checked=800000 bytau=[(1, 316264), (2, 197090), (3, 125038), (4, 75130), (5, 42595), (6, 22465), (7, 11326), (8, 5340), (9, 2501), (10, 1237), (11, 580), (12, 258), (13, 101), (14, 47), (15, 19), (16, 5), (17, 3), (21, 1)] t=229s
[rand seed=1] checked=820000 bytau=[(1, 324328), (2, 202016), (3, 128091), (4, 76979), (5, 43645), (6, 23008), (7, 11587), (8, 5486), (9, 2550), (10, 1264), (11, 601), (12, 263), (13, 106), (14, 48), (15, 19), (16, 5), (17, 3), (21, 1)] t=234s
[rand seed=1] checked=840000 bytau=[(1, 332376), (2, 206888), (3, 131138), (4, 78797), (5, 44713), (6, 23599), (7, 11883), (8, 5632), (9, 2610), (10, 1297), (11, 612), (12, 269), (13, 109), (14, 49), (15, 19), (16, 5), (17, 3), (21, 1)] t=239s
[rand seed=1] checked=860000 bytau=[(1, 340339), (2, 211796), (3, 134345), (4, 80627), (5, 45777), (6, 24139), (7, 12131), (8, 5775), (9, 2655), (10, 1325), (11, 625), (12, 278), (13, 110), (14, 50), (15, 19), (16, 5), (17, 3), (21, 1)] t=244s
[rand seed=1] checked=880000 bytau=[(1, 348376), (2, 216635), (3, 137407), (4, 82549), (5, 46865), (6, 24659), (7, 12425), (8, 5904), (9, 2709), (10, 1358), (11, 638), (12, 283), (13, 112), (14, 52), (15, 19), (16, 5), (17, 3), (21, 1)] t=250s
[rand seed=1] checked=900000 bytau=[(1, 356409), (2, 221520), (3, 140446), (4, 84433), (5, 47896), (6, 25223), (7, 12736), (8, 6038), (9, 2774), (10, 1390), (11, 651), (12, 289), (13, 114), (14, 52), (15, 19), (16, 6), (17, 3), (21, 1)] t=255s
[rand seed=1] checked=920000 bytau=[(1, 364288), (2, 226415), (3, 143632), (4, 86311), (5, 48970), (6, 25803), (7, 13015), (8, 6163), (9, 2816), (10, 1416), (11, 674), (12, 300), (13, 114), (14, 53), (15, 20), (16, 6), (17, 3), (21, 1)] t=260s
[rand seed=1] checked=940000 bytau=[(1, 372357), (2, 231315), (3, 146596), (4, 88168), (5, 50059), (6, 26376), (7, 13308), (8, 6287), (9, 2891), (10, 1445), (11, 686), (12, 311), (13, 115), (14, 55), (15, 20), (16, 6), (17, 3), (18, 1), (21, 1)] t=265s
[rand seed=1] checked=960000 bytau=[(1, 380181), (2, 236267), (3, 149754), (4, 90057), (5, 51146), (6, 26911), (7, 13594), (8, 6425), (9, 2956), (10, 1483), (11, 705), (12, 318), (13, 116), (14, 56), (15, 20), (16, 6), (17, 3), (18, 1), (21, 1)] t=271s
[rand seed=1] checked=980000 bytau=[(1, 388112), (2, 241293), (3, 152903), (4, 91834), (5, 52194), (6, 27468), (7, 13864), (8, 6547), (9, 3022), (10, 1518), (11, 716), (12, 324), (13, 118), (14, 56), (15, 20), (16, 6), (17, 3), (18, 1), (21, 1)] t=276s
[rand seed=1] checked=1000000 bytau=[(1, 395968), (2, 246187), (3, 156064), (4, 93822), (5, 53213), (6, 28041), (7, 14114), (8, 6694), (9, 3081), (10, 1543), (11, 733), (12, 332), (13, 120), (14, 56), (15, 21), (16, 6), (17, 3), (18, 1), (21, 1)] t=281s
[rand seed=1] checked=1020000 bytau=[(1, 403952), (2, 251085), (3, 159168), (4, 95715), (5, 54252), (6, 28596), (7, 14381), (8, 6837), (9, 3153), (10, 1566), (11, 745), (12, 337), (13, 121), (14, 57), (15, 23), (16, 7), (17, 3), (18, 1), (21, 1)] t=287s
[rand seed=1] checked=1040000 bytau=[(1, 411924), (2, 256049), (3, 162236), (4, 97588), (5, 55297), (6, 29182), (7, 14636), (8, 6982), (9, 3212), (10, 1587), (11, 753), (12, 341), (13, 121), (14, 57), (15, 23), (16, 7), (17, 3), (18, 1), (21, 1)] t=292s
[rand seed=1] checked=1060000 bytau=[(1, 419821), (2, 260988), (3, 165349), (4, 99474), (5, 56344), (6, 29759), (7, 14928), (8, 7113), (9, 3285), (10, 1613), (11, 763), (12, 348), (13, 123), (14, 57), (15, 23), (16, 7), (17, 3), (18, 1), (21, 1)] t=297s
[rand seed=1] checked=1080000 bytau=[(1, 427723), (2, 265864), (3, 168497), (4, 101406), (5, 57411), (6, 30289), (7, 15208), (8, 7264), (9, 3343), (10, 1640), (11, 777), (12, 358), (13, 125), (14, 58), (15, 24), (16, 8), (17, 3), (18, 1), (21, 1)] t=302s
[rand seed=1] checked=1100000 bytau=[(1, 435552), (2, 270681), (3, 171696), (4, 103370), (5, 58523), (6, 30866), (7, 15480), (8, 7381), (9, 3409), (10, 1661), (11, 789), (12, 365), (13, 129), (14, 60), (15, 25), (16, 8), (17, 3), (18, 1), (21, 1)] t=308s
[rand seed=1] checked=1120000 bytau=[(1, 443436), (2, 275636), (3, 174848), (4, 105257), (5, 59566), (6, 31408), (7, 15754), (8, 7518), (9, 3470), (10, 1696), (11, 805), (12, 369), (13, 136), (14, 62), (15, 26), (16, 8), (17, 3), (18, 1), (21, 1)] t=313s
[rand seed=1] checked=1140000 bytau=[(1, 451309), (2, 280492), (3, 177995), (4, 107164), (5, 60671), (6, 31970), (7, 16059), (8, 7665), (9, 3532), (10, 1707), (11, 819), (12, 375), (13, 139), (14, 64), (15, 26), (16, 8), (17, 3), (18, 1), (21, 1)] t=318s
[rand seed=1] checked=1160000 bytau=[(1, 459226), (2, 285367), (3, 181135), (4, 109096), (5, 61710), (6, 32510), (7, 16327), (8, 7809), (9, 3605), (10, 1742), (11, 838), (12, 385), (13, 143), (14, 66), (15, 27), (16, 8), (17, 4), (18, 1), (21, 1)] t=324s
[rand seed=1] checked=1180000 bytau=[(1, 467176), (2, 290218), (3, 184249), (4, 110959), (5, 62838), (6, 33094), (7, 16603), (8, 7938), (9, 3654), (10, 1776), (11, 848), (12, 393), (13, 146), (14, 66), (15, 28), (16, 8), (17, 4), (18, 1), (21, 1)] t=329s
[rand seed=1] checked=1200000 bytau=[(1, 474989), (2, 295187), (3, 187431), (4, 112856), (5, 63899), (6, 33637), (7, 16908), (8, 8066), (9, 3714), (10, 1800), (11, 858), (12, 397), (13, 150), (14, 66), (15, 28), (16, 8), (17, 4), (18, 1), (21, 1)] t=334s
[rand seed=1] checked=1220000 bytau=[(1, 482992), (2, 300008), (3, 190588), (4, 114681), (5, 64964), (6, 34229), (7, 17184), (8, 8209), (9, 3785), (10, 1826), (11, 874), (12, 400), (13, 151), (14, 67), (15, 28), (16, 8), (17, 4), (18, 1), (21, 1)] t=340s
