[rand seed=3] checked=20000 bytau=[(1, 7888), (2, 4949), (3, 3156), (4, 1859), (5, 1083), (6, 582), (7, 273), (8, 108), (9, 54), (10, 27), (11, 10), (12, 5), (13, 2), (14, 4)] t=5s
[rand seed=3] checked=40000 bytau=[(1, 15872), (2, 9864), (3, 6283), (4, 3750), (5, 2082), (6, 1177), (7, 546), (8, 229), (9, 109), (10, 50), (11, 21), (12, 9), (13, 4), (14, 4)] t=10s
[rand seed=3] checked=60000 bytau=[(1, 23744), (2, 14810), (3, 9396), (4, 5672), (5, 3148), (6, 1729), (7, 833), (8, 354), (9, 179), (10, 78), (11, 31), (12, 15), (13, 7), (14, 4)] t=16s
[rand seed=3] checked=80000 bytau=[(1, 31661), (2, 19730), (3, 12596), (4, 7524), (5, 4163), (6, 2289), (7, 1114), (8, 495), (9, 243), (10, 109), (11, 40), (12, 23), (13, 8), (14, 5)] t=21s
[rand seed=3] checked=100000 bytau=[(1, 39535), (2, 24704), (3, 15758), (4, 9420), (5, 5191), (6, 2861), (7, 1366), (8, 626), (9, 306), (10, 137), (11, 50), (12, 28), (13, 11), (14, 6), (15, 1)] t=26s
[rand seed=3] checked=120000 bytau=[(1, 47565), (2, 29571), (3, 18891), (4, 11285), (5, 6247), (6, 3368), (7, 1639), (8, 781), (9, 365), (10, 168), (11, 70), (12, 30), (13, 12), (14, 7), (15, 1)] t=31s
[rand seed=3] checked=140000 bytau=[(1, 55483), (2, 34566), (3, 22007), (4, 13067), (5, 7308), (6, 3950), (7, 1911), (8, 929), (9, 436), (10, 207), (11, 81), (12, 35), (13, 12), (14, 7), (15, 1)] t=36s
[rand seed=3] checked=160000 bytau=[(1, 63358), (2, 39534), (3, 25096), (4, 14943), (5, 8369), (6, 4527), (7, 2220), (8, 1055), (9, 503), (10, 239), (11, 94), (12, 40), (13, 13), (14, 7), (15, 2)] t=42s
[rand seed=3] checked=180000 bytau=[(1, 71353), (2, 44340), (3, 28247), (4, 16866), (5, 9377), (6, 5085), (7, 2507), (8, 1204), (9, 566), (10, 272), (11, 106), (12, 47), (13, 18), (14, 9), (15, 2), (16, 1)] t=47s
[rand seed=3] checked=200000 bytau=[(1, 79260), (2, 49221), (3, 31382), (4, 18776), (5, 10461), (6, 5663), (7, 2757), (8, 1354), (9, 630), (10, 297), (11, 114), (12, 55), (13, 18), (14, 9), (15, 2), (16, 1)] t=52s
[rand seed=3] checked=220000 bytau=[(1, 87207), (2, 54077), (3, 34468), (4, 20701), (5, 11543), (6, 6222), (7, 3033), (8, 1522), (9, 691), (10, 318), (11, 125), (12, 62), (13, 18), (14, 9), (15, 3), (16, 1)] t=57s
[rand seed=3] checked=240000 bytau=[(1, 95043), (2, 59004), (3, 37606), (4, 22603), (5, 12628), (6, 6803), (7, 3298), (8, 1660), (9, 758), (10, 348), (11, 143), (12, 66), (13, 22), (14, 13), (15, 4), (16, 1)] t=62s
[rand seed=3] checked=260000 bytau=[(1, 102799), (2, 63897), (3, 40768), (4, 24569), (5, 13753), (6, 7379), (7, 3571), (8, 1787), (9, 815), (10, 383), (11, 151), (12, 81), (13, 28), (14, 13), (15, 5), (16, 1)] t=68s
[rand seed=3] checked=280000 bytau=[(1, 110730), (2, 68743), (3, 43925), (4, 26458), (5, 14825), (6, 7959), (7, 3840), (8, 1933), (9, 876), (10, 412), (11, 161), (12, 85), (13, 32), (14, 15), (15, 5), (16, 1)] t=73s
[rand seed=3] checked=300000 bytau=[(1, 118672), (2, 73606), (3, 47070), (4, 28349), (5, 15894), (6, 8516), (7, 4130), (8, 2054), (9, 937), (10, 445), (11, 175), (12, 95), (13, 35), (14, 16), (15, 5), (16, 1)] t=78s
[rand seed=3] checked=320000 bytau=[(1, 126541), (2, 78433), (3, 50227), (4, 30291), (5, 16959), (6, 9100), (7, 4418), (8, 2201), (9, 994), (10, 479), (11, 187), (12, 107), (13, 39), (14, 18), (15, 5), (16, 1)] t=83s
[rand seed=3] checked=340000 bytau=[(1, 134583), (2, 83302), (3, 53291), (4, 32140), (5, 18065), (6, 9629), (7, 4679), (8, 2353), (9, 1069), (10, 514), (11, 198), (12, 113), (13, 40), (14, 18), (15, 5), (16, 1)] t=89s
[rand seed=3] checked=360000 bytau=[(1, 142559), (2, 88161), (3, 56461), (4, 33974), (5, 19148), (6, 10188), (7, 4942), (8, 2492), (9, 1131), (10, 543), (11, 211), (12, 121), (13, 44), (14, 19), (15, 5), (16, 1)] t=94s
[rand seed=3] checked=380000 bytau=[(1, 150449), (2, 93113), (3, 59579), (4, 35865), (5, 20234), (6, 10693), (7, 5229), (8, 2629), (9, 1207), (10, 573), (11, 224), (12, 131), (13, 48), (14, 19), (15, 5), (16, 2)] t=99s
[rand seed=3] checked=400000 bytau=[(1, 158435), (2, 98019), (3, 62637), (4, 37770), (5, 21306), (6, 11250), (7, 5510), (8, 2741), (9, 1274), (10, 604), (11, 240), (12, 135), (13, 53), (14, 19), (15, 5), (16, 2)] t=104s
[rand seed=3] checked=420000 bytau=[(1, 166288), (2, 102875), (3, 65838), (4, 39705), (5, 22370), (6, 11807), (7, 5801), (8, 2887), (9, 1328), (10, 628), (11, 252), (12, 141), (13, 53), (14, 20), (15, 5), (16, 2)] t=109s
[rand seed=3] checked=440000 bytau=[(1, 174240), (2, 107748), (3, 69012), (4, 41575), (5, 23437), (6, 12362), (7, 6076), (8, 3023), (9, 1383), (10, 655), (11, 263), (12, 144), (13, 54), (14, 21), (15, 5), (16, 2)] t=115s
[rand seed=3] checked=460000 bytau=[(1, 182084), (2, 112574), (3, 72247), (4, 43459), (5, 24485), (6, 12947), (7, 6364), (8, 3170), (9, 1460), (10, 689), (11, 281), (12, 153), (13, 56), (14, 23), (15, 6), (16, 2)] t=120s
[rand seed=3] checked=480000 bytau=[(1, 190043), (2, 117485), (3, 75338), (4, 45370), (5, 25552), (6, 13510), (7, 6625), (8, 3291), (9, 1521), (10, 715), (11, 296), (12, 157), (13, 60), (14, 28), (15, 6), (16, 3)] t=125s
[rand seed=3] checked=500000 bytau=[(1, 198099), (2, 122417), (3, 78411), (4, 47244), (5, 26591), (6, 14022), (7, 6882), (8, 3424), (9, 1579), (10, 748), (11, 318), (12, 164), (13, 63), (14, 29), (15, 6), (16, 3)] t=130s
[rand seed=3] checked=520000 bytau=[(1, 205976), (2, 127313), (3, 81564), (4, 49196), (5, 27634), (6, 14592), (7, 7147), (8, 3542), (9, 1647), (10, 785), (11, 331), (12, 170), (13, 65), (14, 29), (15, 6), (16, 3)] t=135s
[rand seed=3] checked=540000 bytau=[(1, 213855), (2, 132197), (3, 84763), (4, 51053), (5, 28725), (6, 15162), (7, 7412), (8, 3677), (9, 1716), (10, 816), (11, 342), (12, 176), (13, 68), (14, 29), (15, 6), (16, 3)] t=141s
[rand seed=3] checked=560000 bytau=[(1, 221797), (2, 137107), (3, 87920), (4, 52910), (5, 29812), (6, 15703), (7, 7672), (8, 3804), (9, 1777), (10, 849), (11, 353), (12, 185), (13, 71), (14, 31), (15, 6), (16, 3)] t=146s
[rand seed=3] checked=580000 bytau=[(1, 229675), (2, 142062), (3, 91074), (4, 54802), (5, 30805), (6, 16300), (7, 7960), (8, 3933), (9, 1840), (10, 874), (11, 367), (12, 190), (13, 76), (14, 31), (15, 6), (16, 5)] t=152s
[rand seed=3] checked=600000 bytau=[(1, 237485), (2, 146957), (3, 94300), (4, 56638), (5, 31900), (6, 16882), (7, 8260), (8, 4067), (9, 1907), (10, 902), (11, 384), (12, 197), (13, 78), (14, 31), (15, 6), (16, 6)] t=159s
[rand seed=3] checked=620000 bytau=[(1, 245449), (2, 151933), (3, 97380), (4, 58491), (5, 32962), (6, 17409), (7, 8521), (8, 4214), (9, 1980), (10, 928), (11, 403), (12, 205), (13, 78), (14, 34), (15, 6), (16, 6), (17, 1)] t=167s
[rand seed=3] checked=640000 bytau=[(1, 253459), (2, 156832), (3, 100494), (4, 60325), (5, 34022), (6, 17978), (7, 8787), (8, 4345), (9, 2042), (10, 954), (11, 418), (12, 214), (13, 82), (14, 35), (15, 6), (16, 6), (17, 1)] t=172s
[rand seed=3] checked=660000 bytau=[(1, 261450), (2, 161656), (3, 103690), (4, 62183), (5, 35074), (6, 18492), (7, 9082), (8, 4489), (9, 2120), (10, 981), (11, 426), (12, 222), (13, 83), (14, 39), (15, 6), (16, 6), (17, 1)] t=177s
[rand seed=3] checked=680000 bytau=[(1, 269341), (2, 166653), (3, 106820), (4, 64005), (5, 36103), (6, 19071), (7, 9387), (8, 4623), (9, 2186), (10, 1006), (11, 441), (12, 227), (13, 83), (14, 41), (15, 6), (16, 6), (17, 1)] t=183s
[rand seed=3] checked=700000 bytau=[(1, 277297), (2, 171588), (3, 109935), (4, 65908), (5, 37126), (6, 19584), (7, 9700), (8, 4757), (9, 2241), (10, 1043), (11, 453), (12, 229), (13, 85), (14, 41), (15, 6), (16, 6), (17, 1)] t=188s
[rand seed=3] checked=720000 bytau=[(1, 285199), (2, 176423), (3, 113069), (4, 67867), (5, 38207), (6, 20162), (7, 9978), (8, 4880), (9, 2296), (10, 1078), (11, 462), (12, 233), (13, 88), (14, 44), (15, 6), (16, 6), (17, 2)] t=194s
[rand seed=3] checked=740000 bytau=[(1, 293057), (2, 181305), (3, 116255), (4, 69769), (5, 39297), (6, 20692), (7, 10276), (8, 5016), (9, 2365), (10, 1105), (11, 471), (12, 240), (13, 92), (14, 45), (15, 7), (16, 6), (17, 2)] t=201s
[rand seed=3] checked=760000 bytau=[(1, 300946), (2, 186212), (3, 119440), (4, 71632), (5, 40346), (6, 21258), (7, 10585), (8, 5140), (9, 2418), (10, 1138), (11, 488), (12, 242), (13, 93), (14, 47), (15, 7), (16, 6), (17, 2)] t=207s
[rand seed=3] checked=780000 bytau=[(1, 308778), (2, 191191), (3, 122527), (4, 73522), (5, 41497), (6, 21783), (7, 10868), (8, 5269), (9, 2496), (10, 1161), (11, 503), (12, 248), (13, 95), (14, 47), (15, 7), (16, 6), (17, 2)] t=215s
[rand seed=3] checked=800000 bytau=[(1, 316738), (2, 196081), (3, 125617), (4, 75375), (5, 42600), (6, 22371), (7, 11140), (8, 5401), (9, 2562), (10, 1187), (11, 514), (12, 252), (13, 100), (14, 47), (15, 7), (16, 6), (17, 2)] t=222s
[rand seed=3] checked=820000 bytau=[(1, 324617), (2, 200990), (3, 128879), (4, 77276), (5, 43566), (6, 22916), (7, 11432), (8, 5546), (9, 2618), (10, 1211), (11, 526), (12, 258), (13, 100), (14, 48), (15, 8), (16, 7), (17, 2)] t=228s
[rand seed=3] checked=840000 bytau=[(1, 332591), (2, 205904), (3, 132022), (4, 79063), (5, 44614), (6, 23485), (7, 11702), (8, 5708), (9, 2674), (10, 1254), (11, 548), (12, 266), (13, 103), (14, 48), (15, 9), (16, 7), (17, 2)] t=233s
[rand seed=3] checked=860000 bytau=[(1, 340472), (2, 210809), (3, 135223), (4, 80918), (5, 45678), (6, 24048), (7, 11975), (8, 5841), (9, 2739), (10, 1289), (11, 561), (12, 273), (13, 106), (14, 49), (15, 10), (16, 7), (17, 2)] t=238s
[rand seed=3] checked=880000 bytau=[(1, 348421), (2, 215603), (3, 138366), (4, 82845), (5, 46695), (6, 24672), (7, 12280), (8, 5980), (9, 2792), (10, 1316), (11, 576), (12, 278), (13, 106), (14, 50), (15, 11), (16, 7), (17, 2)] t=244s
[rand seed=3] checked=900000 bytau=[(1, 356224), (2, 220620), (3, 141503), (4, 84748), (5, 47771), (6, 25202), (7, 12570), (8, 6117), (9, 2847), (10, 1349), (11, 585), (12, 283), (13, 108), (14, 52), (15, 12), (16, 7), (17, 2)] t=249s
[rand seed=3] checked=920000 bytau=[(1, 364103), (2, 225572), (3, 144607), (4, 86710), (5, 48832), (6, 25732), (7, 12866), (8, 6228), (9, 2905), (10, 1380), (11, 591), (12, 288), (13, 112), (14, 52), (15, 12), (16, 7), (17, 3)] t=254s
[rand seed=3] checked=940000 bytau=[(1, 372170), (2, 230434), (3, 147745), (4, 88534), (5, 49919), (6, 26248), (7, 13135), (8, 6347), (9, 2964), (10, 1415), (11, 606), (12, 293), (13, 113), (14, 54), (15, 12), (16, 7), (17, 4)] t=259s
[rand seed=3] checked=960000 bytau=[(1, 380189), (2, 235219), (3, 150899), (4, 90454), (5, 51013), (6, 26803), (7, 13405), (8, 6460), (9, 3015), (10, 1431), (11, 623), (12, 296), (13, 116), (14, 54), (15, 12), (16, 7), (17, 4)] t=264s
[rand seed=3] checked=980000 bytau=[(1, 388224), (2, 240147), (3, 153970), (4, 92254), (5, 52072), (6, 27366), (7, 13678), (8, 6610), (9, 3075), (10, 1462), (11, 640), (12, 305), (13, 119), (14, 55), (15, 12), (16, 7), (17, 4)] t=270s
[rand seed=3] checked=1000000 bytau=[(1, 396131), (2, 245086), (3, 157064), (4, 94114), (5, 53152), (6, 27943), (7, 13952), (8, 6758), (9, 3137), (10, 1492), (11, 658), (12, 311), (13, 122), (14, 56), (15, 13), (16, 7), (17, 4)] t=275s
[rand seed=3] checked=1020000 bytau=[(1, 403992), (2, 249996), (3, 160184), (4, 96031), (5, 54244), (6, 28495), (7, 14249), (8, 6904), (9, 3187), (10, 1517), (11, 680), (12, 315), (13, 123), (14, 58), (15, 14), (16, 7), (17, 4)] t=280s
[rand seed=3] checked=1040000 bytau=[(1, 411951), (2, 254923), (3, 163262), (4, 97892), (5, 55278), (6, 29075), (7, 14545), (8, 7046), (9, 3249), (10, 1544), (11, 701), (12, 325), (13, 125), (14, 59), (15, 14), (16, 7), (17, 4)] t=286s
[rand seed=3] checked=1060000 bytau=[(1, 419783), (2, 259866), (3, 166337), (4, 99777), (5, 56371), (6, 29661), (7, 14865), (8, 7183), (9, 3325), (10, 1569), (11, 715), (12, 332), (13, 129), (14, 61), (15, 15), (16, 7), (17, 4)] t=291s
[rand seed=3] checked=1080000 bytau=[(1, 427714), (2, 264796), (3, 169452), (4, 101689), (5, 57396), (6, 30220), (7, 15139), (8, 7329), (9, 3390), (10, 1593), (11, 729), (12, 336), (13, 130), (14, 61), (15, 15), (16, 7), (17, 4)] t=296s
[rand seed=3] checked=1100000 bytau=[(1, 435570), (2, 269741), (3, 172556), (4, 103576), (5, 58524), (6, 30806), (7, 15407), (8, 7446), (9, 3448), (10, 1621), (11, 741), (12, 342), (13, 131), (14, 64), (15, 16), (16, 7), (17, 4)] t=301s
[rand seed=3] checked=1120000 bytau=[(1, 443512), (2, 274591), (3, 175725), (4, 105505), (5, 59597), (6, 31325), (7, 15667), (8, 7575), (9, 3527), (10, 1649), (11, 756), (12, 346), (13, 134), (14, 64), (15, 16), (16, 7), (17, 4)] t=306s
[rand seed=3] checked=1140000 bytau=[(1, 451502), (2, 279404), (3, 178845), (4, 107427), (5, 60679), (6, 31891), (7, 15948), (8, 7696), (9, 3588), (10, 1673), (11, 769), (12, 350), (13, 137), (14, 64), (15, 16), (16, 7), (17, 4)] t=312s
[rand seed=3] checked=1160000 bytau=[(1, 459429), (2, 284217), (3, 182027), (4, 109318), (5, 61785), (6, 32448), (7, 16230), (8, 7826), (9, 3658), (10, 1691), (11, 782), (12, 357), (13, 141), (14, 64), (15, 16), (16, 7), (17, 4)] t=317s
[rand seed=3] checked=1180000 bytau=[(1, 467360), (2, 289159), (3, 185086), (4, 111202), (5, 62894), (6, 33018), (7, 16473), (8, 7968), (9, 3731), (10, 1722), (11, 791), (12, 362), (13, 142), (14, 65), (15, 16), (16, 7), (17, 4)] t=322s
[rand seed=3] checked=1200000 bytau=[(1, 475283), (2, 294150), (3, 188170), (4, 113103), (5, 63928), (6, 33564), (7, 16744), (8, 8103), (9, 3794), (10, 1756), (11, 801), (12, 367), (13, 144), (14, 65), (15, 16), (16, 8), (17, 4)] t=328s
[rand seed=3] checked=1220000 bytau=[(1, 483259), (2, 299057), (3, 191258), (4, 114946), (5, 64996), (6, 34146), (7, 17024), (8, 8236), (9, 3858), (10, 1788), (11, 812), (12, 378), (13, 148), (14, 66), (15, 16), (16, 8), (17, 4)] t=333s
[rand seed=3] checked=1240000 bytau=[(1, 491114), (2, 304000), (3, 194374), (4, 116883), (5, 66005), (6, 34709), (7, 17342), (8, 8371), (9, 3921), (10, 1827), (11, 828), (12, 382), (13, 149), (14, 67), (15, 16), (16, 8), (17, 4)] t=338s
[rand seed=3] checked=1260000 bytau=[(1, 499099), (2, 308864), (3, 197473), (4, 118763), (5, 67053), (6, 35270), (7, 17646), (8, 8504), (9, 4001), (10, 1852), (11, 841), (12, 387), (13, 150), (14, 69), (15, 16), (16, 8), (17, 4)] t=343s
