INFEASIBLE-CANDIDATE Q??????w?{bMwYx`B}F~?~wB~_?
INFEASIBLE-CANDIDATE Q????B?KHxFSoupTF{E]_~oB~??
INFEASIBLE-CANDIDATE Q????B?KHxE[ourDF{E]_~oB~??
INFEASIBLE-CANDIDATE Q???CB?wFo]_@}A|^o?~_^o?~_?
INFEASIBLE-CANDIDATE Q???CB?wFo[o@}E\^o?~_^o?~_?
INFEASIBLE-CANDIDATE Q???CBoYV_LGByByQqckg~_@~??
n=18 total_read=663437 mtf_delta_ok=25 tested=25 infeasible=6
INFEASIBLE-CANDIDATE Q??????{FO?~B{Dy^{F~?~wB~_?
INFEASIBLE-CANDIDATE Q????B_sF_]?FwJs^w?^w~o?N{?
INFEASIBLE-CANDIDATE Q????B_sF_^?FwJs@~?Nw~oB~??
INFEASIBLE-CANDIDATE Q????B_sF_B{JsB}@~F}?~oB~??
INFEASIBLE-CANDIDATE Q???EA_wFo^?NoVg^o?NwF{?F{?
INFEASIBLE-CANDIDATE Q???EA_wFo]_@}A|FwA|?~_?^o?
INFEASIBLE-CANDIDATE Q???EA_wFo[o@}E\FwA|?~_?^o?
INFEASIBLE-CANDIDATE Q???EA_wFo?~NoVg^o?~_~_?^o?
n=18 total_read=139947 mtf_delta_ok=17 tested=17 infeasible=8
INFEASIBLE-CANDIDATE Q????B_s?\`mFw{QDyFcG~oB~??
INFEASIBLE-CANDIDATE Q????B_s?\`}Fw{QDyF}?~oB~??
INFEASIBLE-CANDIDATE Q????B_s?^`}FwJs^wF}?~oB~??
INFEASIBLE-CANDIDATE Q????BoyF_\?ByDt?~f}?~oB~??
INFEASIBLE-CANDIDATE Q???CB_sFo^?FwJs?~b}?~_?F{?
INFEASIBLE-CANDIDATE Q???CB_e?Nb{FwXsKyFoO~_B}??
INFEASIBLE-CANDIDATE Q???EA_{Fo^?NoVgB{?^_@~B}??
INFEASIBLE-CANDIDATE Q???EA_{Fo^?NoVg@}F{?@~?F{?
INFEASIBLE-CANDIDATE Q???EA_E^Gb\FwNo[qA|?~_B}??
INFEASIBLE-CANDIDATE Q???E?o{Fo^?Norg@}F{?@~?F{?
n=18 total_read=161563 mtf_delta_ok=34 tested=34 infeasible=10
INFEASIBLE-CANDIDATE Q????B_e?N_}FwXs^@f}?~oB~??
INFEASIBLE-CANDIDATE Q????Bo{C[PoB{B{MHbaW~oB~??
INFEASIBLE-CANDIDATE Q???CB?{FO^?B{Dy?~f{?^o?~_?
INFEASIBLE-CANDIDATE Q???CB_{FO^?B{DyB{F{?^o?F{?
INFEASIBLE-CANDIDATE Q???CB_eFo^?FwXsB{BM_@~B}??
INFEASIBLE-CANDIDATE Q???CB_eFo^?FwXs?~b}?~_?F{?
INFEASIBLE-CANDIDATE Q???EB_s?Z`}FwJs]PF{?~_B}??
n=18 total_read=348301 mtf_delta_ok=35 tested=35 infeasible=7
INFEASIBLE-CANDIDATE Q???????FoO{@}]D^}F~_~{B~o?
INFEASIBLE-CANDIDATE Q????B?MHhFcpsqqWZ`~?~oB~??
INFEASIBLE-CANDIDATE Q????B?MHhWZpsqqF{@~?~oB~??
INFEASIBLE-CANDIDATE Q????B_w?x}OB\wqB}F}?~oB~??
INFEASIBLE-CANDIDATE Q????B_sFo^?FwJs@}?Nw~oB~??
INFEASIBLE-CANDIDATE Q????B_sFo^?FwJs?~_Nw~oB~??
INFEASIBLE-CANDIDATE Q????B_{FO^?B{DyB{?Nw~oB~??
INFEASIBLE-CANDIDATE Q????B_{FO^?B{Dy?~f}?~oB~??
INFEASIBLE-CANDIDATE Q????B_{FO@}@}Dy^wF}?~oB~??
INFEASIBLE-CANDIDATE Q???CBo{BaMGB{B{Ppc[W~_@~??
INFEASIBLE-CANDIDATE Q???EA_EWjB{Nowe[qA|?yaB}??
INFEASIBLE-CANDIDATE Q???E?oBW^@{Norg]QF{?{FB}??
INFEASIBLE-CANDIDATE Q??CE?o{F_EWrHrHNo@}?B}?Nw?
n=18 total_read=89435 mtf_delta_ok=26 tested=26 infeasible=13
INFEASIBLE-CANDIDATE Q????B?oFo[o@}E\^w@~_~o?~o?
INFEASIBLE-CANDIDATE Q????B?oFoWw@}ML^w@~_~o?~o?
INFEASIBLE-CANDIDATE Q????B?oFoCu@}uP^w@~_~o?~o?
INFEASIBLE-CANDIDATE Q????B?wFo[o@}E\F{?~_~oB~??
INFEASIBLE-CANDIDATE Q????B?wFoAuyP@}F{?~_~oB~??
INFEASIBLE-CANDIDATE Q????B?MGNWyps}A^@@~?NwB~??
INFEASIBLE-CANDIDATE Q????B_eFo^?FwXs?~_Nw~oB~??
INFEASIBLE-CANDIDATE Q????Bo{EWX_B{B{EX`eW~oB~??
INFEASIBLE-CANDIDATE Q????Bo{EWX_?~B{EXf}?~oB~??
INFEASIBLE-CANDIDATE Q???CB_s?Z`]FwJs]PFgG~_@~??
INFEASIBLE-CANDIDATE Q???CB_s?Z}PB{FwDyB}?~_B}??
INFEASIBLE-CANDIDATE Q???CBo{AYHgB{B{UPdcW~_@~??
INFEASIBLE-CANDIDATE Q???EA_{F_FwVg~_^o?^oB}?Nw?
INFEASIBLE-CANDIDATE Q???EA_{F_FwVgFw^o?^oB}B}??
INFEASIBLE-CANDIDATE Q???E?o{F_FwNorgXs?^o~_?Nw?
INFEASIBLE-CANDIDATE Q???E?o{F_Fwrg~_^o?^oB}?Nw?
n=18 total_read=618012 mtf_delta_ok=39 tested=39 infeasible=16
INFEASIBLE-CANDIDATE Q??????w?{biwYwhB}F~?~wB~_?
INFEASIBLE-CANDIDATE Q??????{FO^?B{Dy?~f~?~wB~_?
INFEASIBLE-CANDIDATE Q????B?{FO^?B{Dy?~`~?~oB~??
INFEASIBLE-CANDIDATE Q????B?{FO?~B{DyF{F}?~oB~??
INFEASIBLE-CANDIDATE Q???EA_{FO^?NoB{Js?nO~_?F{?
INFEASIBLE-CANDIDATE Q???EA_{FO@}@}DyFwA|?~_B}??
n=18 total_read=116325 mtf_delta_ok=25 tested=25 infeasible=6
INFEASIBLE-CANDIDATE Q???????FoWw@}ML^}F~_~{B~o?
INFEASIBLE-CANDIDATE Q???CB_sF_^?FwJs^o?Nw^o?Nw?
INFEASIBLE-CANDIDATE Q???EB?{FO?~B{DyF{F{?~_?~_?
INFEASIBLE-CANDIDATE Q???EB_wFoAm@}y`FwF{?F{B}??
INFEASIBLE-CANDIDATE Q???EB_sFo^?NoB{B{@]_~_?F{?
INFEASIBLE-CANDIDATE Q???EB_sFo^?FwJsFwF{?@~?F{?
INFEASIBLE-CANDIDATE Q???EB_sFo^?FwJsB{@]_~_?F{?
INFEASIBLE-CANDIDATE Q??EE?oKF_^_~?NoXe?^oB}?B}?
INFEASIBLE-CANDIDATE Q??EE?oKF_^_NoNoXeEX_B}?Nw?
INFEASIBLE-CANDIDATE Q??EE?oKF_?^NorKFwEX_B}B{C?
INFEASIBLE-CANDIDATE Q??EE?oKFo^_~?NoXe?^_@}?B}?
n=18 total_read=301336 mtf_delta_ok=29 tested=29 infeasible=11
