[anneal seed=1] {'steps': 4000, 'evals': 2571, 'fails': 0, 'restarts': 10} best=((11, 0.019861459732055664), 17, 34, 4, 11)
[anneal seed=1] {'steps': 8000, 'evals': 5249, 'fails': 0, 'restarts': 20} best=((11, 0.019861459732055664), 17, 34, 4, 11)
[anneal seed=1] {'steps': 10000, 'evals': 6770, 'fails': 0, 'restarts': 25} best=((11, 0.019861459732055664), 17, 34, 4, 11)
[anneal seed=1] {'steps': 12000, 'evals': 8052, 'fails': 0, 'restarts': 30} best=((11, 0.019861459732055664), 17, 34, 4, 11)
[anneal seed=1] {'steps': 14000, 'evals': 9272, 'fails': 0, 'restarts': 35} best=((11, 0.019861459732055664), 17, 34, 4, 11)
[anneal seed=1] {'steps': 16000, 'evals': 10723, 'fails': 0, 'restarts': 40} best=((11, 0.019861459732055664), 17, 34, 4, 11)
[anneal seed=1] {'steps': 18000, 'evals': 11902, 'fails': 0, 'restarts': 45} best=((11, 0.027252674102783203), 20, 32, 3, 11)
[anneal seed=1] {'steps': 20000, 'evals': 13328, 'fails': 0, 'restarts': 50} best=((11, 0.027252674102783203), 20, 32, 3, 11)
[anneal seed=1] {'steps': 24000, 'evals': 15366, 'fails': 0, 'restarts': 60} best=((11, 0.027252674102783203), 20, 32, 3, 11)
[anneal seed=1] {'steps': 26000, 'evals': 16898, 'fails': 0, 'restarts': 65} best=((11, 0.027252674102783203), 20, 32, 3, 11)
[anneal seed=1] {'steps': 32000, 'evals': 19944, 'fails': 0, 'restarts': 80} best=((11, 0.027252674102783203), 20, 32, 3, 11)
[anneal seed=1] {'steps': 34000, 'evals': 21315, 'fails': 0, 'restarts': 85} best=((11, 0.027252674102783203), 20, 32, 3, 11)
[anneal seed=1] {'steps': 38000, 'evals': 23779, 'fails': 0, 'restarts': 95} best=((11, 0.027252674102783203), 20, 32, 3, 11)
[anneal seed=1] {'steps': 42000, 'evals': 26500, 'fails': 0, 'restarts': 105} best=((11, 0.027252674102783203), 20, 32, 3, 11)
[anneal seed=1] {'steps': 44000, 'evals': 27757, 'fails': 0, 'restarts': 110} best=((11, 0.027252674102783203), 20, 32, 3, 11)
[anneal seed=1] {'steps': 46000, 'evals': 28957, 'fails': 0, 'restarts': 115} best=((11, 0.027252674102783203), 20, 32, 3, 11)
[anneal seed=1] {'steps': 48000, 'evals': 30222, 'fails': 0, 'restarts': 120} best=((11, 0.027252674102783203), 20, 32, 3, 11)
[anneal seed=1] {'steps': 50000, 'evals': 31403, 'fails': 0, 'restarts': 125} best=((11, 0.027252674102783203), 20, 32, 3, 11)
[anneal seed=1] {'steps': 52000, 'evals': 32962, 'fails': 0, 'restarts': 130} best=((11, 0.027252674102783203), 20, 32, 3, 11)
[anneal seed=1] {'steps': 54000, 'evals': 34156, 'fails': 0, 'restarts': 135} best=((11, 0.027252674102783203), 20, 32, 3, 11)
[anneal seed=1] {'steps': 56000, 'evals': 35362, 'fails': 0, 'restarts': 140} best=((11, 0.027252674102783203), 20, 32, 3, 11)
[anneal seed=1] {'steps': 62000, 'evals': 38263, 'fails': 0, 'restarts': 155} best=((12, 0.027506113052368164), 19, 33, 3, 12)
[anneal seed=1] {'steps': 64000, 'evals': 39839, 'fails': 0, 'restarts': 160} best=((12, 0.027506113052368164), 19, 33, 3, 12)
[anneal seed=1] {'steps': 66000, 'evals': 41359, 'fails': 0, 'restarts': 165} best=((12, 0.027506113052368164), 19, 33, 3, 12)
[anneal seed=1] {'steps': 70000, 'evals': 44246, 'fails': 0, 'restarts': 175} best=((12, 0.027506113052368164), 19, 33, 3, 12)
[anneal seed=1] {'steps': 72000, 'evals': 45788, 'fails': 0, 'restarts': 180} best=((12, 0.027506113052368164), 19, 33, 3, 12)
[anneal seed=1] {'steps': 74000, 'evals': 47412, 'fails': 0, 'restarts': 185} best=((12, 0.027506113052368164), 19, 33, 3, 12)
[anneal seed=1] {'steps': 76000, 'evals': 48373, 'fails': 0, 'restarts': 190} best=((12, 0.027506113052368164), 19, 33, 3, 12)
[anneal seed=1] {'steps': 80000, 'evals': 51518, 'fails': 0, 'restarts': 200} best=((12, 0.027506113052368164), 19, 33, 3, 12)
[anneal seed=1] {'steps': 84000, 'evals': 53524, 'fails': 0, 'restarts': 210} best=((12, 0.027506113052368164), 19, 33, 3, 12)
[anneal seed=1] {'steps': 96000, 'evals': 60606, 'fails': 0, 'restarts': 240} best=((12, 0.027506113052368164), 19, 33, 3, 12)
[anneal seed=1] {'steps': 98000, 'evals': 61853, 'fails': 0, 'restarts': 245} best=((12, 0.027506113052368164), 19, 33, 3, 12)
[anneal seed=1] {'steps': 100000, 'evals': 63294, 'fails': 0, 'restarts': 250} best=((12, 0.027506113052368164), 19, 33, 3, 12)
[anneal seed=1] {'steps': 102000, 'evals': 64715, 'fails': 0, 'restarts': 255} best=((12, 0.027506113052368164), 19, 33, 3, 12)
[anneal seed=1] {'steps': 104000, 'evals': 66136, 'fails': 0, 'restarts': 260} best=((12, 0.027506113052368164), 19, 33, 3, 12)
[anneal seed=1] {'steps': 106000, 'evals': 67279, 'fails': 0, 'restarts': 265} best=((12, 0.027506113052368164), 19, 33, 3, 12)
[anneal seed=1] {'steps': 108000, 'evals': 68407, 'fails': 0, 'restarts': 270} best=((12, 0.027506113052368164), 19, 33, 3, 12)
[anneal seed=1] {'steps': 110000, 'evals': 69915, 'fails': 0, 'restarts': 275} best=((12, 0.027506113052368164), 19, 33, 3, 12)
[anneal seed=1] {'steps': 112000, 'evals': 71099, 'fails': 0, 'restarts': 280} best=((12, 0.027506113052368164), 19, 33, 3, 12)
[anneal seed=1] {'steps': 114000, 'evals': 72469, 'fails': 0, 'restarts': 285} best=((12, 0.027506113052368164), 19, 33, 3, 12)
[anneal seed=1] {'steps': 116000, 'evals': 73602, 'fails': 0, 'restarts': 290} best=((12, 0.027506113052368164), 19, 33, 3, 12)
[anneal seed=1] {'steps': 118000, 'evals': 74663, 'fails': 0, 'restarts': 295} best=((12, 0.027506113052368164), 19, 33, 3, 12)
[anneal seed=1] {'steps': 124000, 'evals': 78254, 'fails': 0, 'restarts': 310} best=((12, 0.027506113052368164), 19, 33, 3, 12)
[anneal seed=1] {'steps': 126000, 'evals': 79674, 'fails': 0, 'restarts': 315} best=((12, 0.027506113052368164), 19, 33, 3, 12)
[anneal seed=1] {'steps': 130000, 'evals': 82218, 'fails': 0, 'restarts': 325} best=((12, 0.027506113052368164), 19, 33, 3, 12)
[anneal seed=1] {'steps': 132000, 'evals': 83626, 'fails': 0, 'restarts': 330} best=((12, 0.027506113052368164), 19, 33, 3, 12)
[anneal seed=1] {'steps': 134000, 'evals': 84754, 'fails': 0, 'restarts': 335} best=((12, 0.027506113052368164), 19, 33, 3, 12)
[anneal seed=1] {'steps': 136000, 'evals': 85868, 'fails': 0, 'restarts': 340} best=((12, 0.027506113052368164), 19, 33, 3, 12)
[anneal seed=1] {'steps': 138000, 'evals': 87180, 'fails': 0, 'restarts': 345} best=((12, 0.027506113052368164), 19, 33, 3, 12)
[anneal seed=1] {'steps': 140000, 'evals': 88395, 'fails': 0, 'restarts': 350} best=((12, 0.027506113052368164), 19, 33, 3, 12)
[anneal seed=1] {'steps': 142000, 'evals': 89970, 'fails': 0, 'restarts': 355} best=((12, 0.027506113052368164), 19, 33, 3, 12)
[anneal seed=1] {'steps': 146000, 'evals': 92444, 'fails': 0, 'restarts': 365} best=((12, 0.027506113052368164), 19, 33, 3, 12)
[anneal seed=1] {'steps': 150000, 'evals': 94569, 'fails': 0, 'restarts': 375} best=((12, 0.027506113052368164), 19, 33, 3, 12)
[anneal seed=1] {'steps': 152000, 'evals': 95994, 'fails': 0, 'restarts': 380} best=((12, 0.027506113052368164), 19, 33, 3, 12)
[anneal seed=1] {'steps': 154000, 'evals': 97465, 'fails': 0, 'restarts': 385} best=((12, 0.027506113052368164), 19, 33, 3, 12)
[anneal seed=1] {'steps': 158000, 'evals': 100072, 'fails': 0, 'restarts': 395} best=((12, 0.027506113052368164), 19, 33, 3, 12)
[anneal seed=1] {'steps': 160000, 'evals': 101522, 'fails': 0, 'restarts': 400} best=((12, 0.027506113052368164), 19, 33, 3, 12)
[anneal seed=1] {'steps': 164000, 'evals': 103780, 'fails': 0, 'restarts': 410} best=((12, 0.027506113052368164), 19, 33, 3, 12)
[anneal seed=1] {'steps': 166000, 'evals': 105180, 'fails': 0, 'restarts': 415} best=((12, 0.027506113052368164), 19, 33, 3, 12)
[anneal seed=1] {'steps': 168000, 'evals': 106269, 'fails': 0, 'restarts': 420} best=((12, 0.027506113052368164), 19, 33, 3, 12)
[anneal seed=1] {'steps': 170000, 'evals': 107514, 'fails': 0, 'restarts': 425} best=((12, 0.027506113052368164), 19, 33, 3, 12)
[anneal seed=1] {'steps': 172000, 'evals': 108812, 'fails': 0, 'restarts': 430} best=((12, 0.027506113052368164), 19, 33, 3, 12)
[anneal seed=1] {'steps': 174000, 'evals': 110178, 'fails': 0, 'restarts': 435} best=((12, 0.027506113052368164), 19, 33, 3, 12)
[anneal seed=1] {'steps': 176000, 'evals': 111636, 'fails': 0, 'restarts': 440} best=((12, 0.027506113052368164), 19, 33, 3, 12)
[anneal seed=1] {'steps': 178000, 'evals': 113045, 'fails': 0, 'restarts': 445} best=((12, 0.027506113052368164), 19, 33, 3, 12)
[anneal seed=1] {'steps': 184000, 'evals': 116132, 'fails': 0, 'restarts': 460} best=((12, 0.027506113052368164), 19, 33, 3, 12)
[anneal seed=1] {'steps': 186000, 'evals': 117435, 'fails': 0, 'restarts': 465} best=((12, 0.027506113052368164), 19, 33, 3, 12)
[anneal seed=1] {'steps': 188000, 'evals': 118755, 'fails': 0, 'restarts': 470} best=((12, 0.027506113052368164), 19, 33, 3, 12)
[anneal seed=1] {'steps': 194000, 'evals': 122944, 'fails': 0, 'restarts': 485} best=((12, 0.027506113052368164), 19, 33, 3, 12)
[anneal seed=1] {'steps': 198000, 'evals': 125301, 'fails': 0, 'restarts': 495} best=((12, 0.027506113052368164), 19, 33, 3, 12)
[anneal seed=1] {'steps': 204000, 'evals': 128872, 'fails': 0, 'restarts': 510} best=((12, 0.027506113052368164), 19, 33, 3, 12)
[anneal seed=1] {'steps': 206000, 'evals': 130137, 'fails': 0, 'restarts': 515} best=((12, 0.027506113052368164), 19, 33, 3, 12)
[anneal seed=1] {'steps': 208000, 'evals': 131203, 'fails': 0, 'restarts': 520} best=((12, 0.027506113052368164), 19, 33, 3, 12)
[anneal seed=1] {'steps': 210000, 'evals': 132671, 'fails': 0, 'restarts': 525} best=((12, 0.027506113052368164), 19, 33, 3, 12)
[anneal seed=1] {'steps': 212000, 'evals': 134055, 'fails': 0, 'restarts': 530} best=((12, 0.027506113052368164), 19, 33, 3, 12)
[anneal seed=1] {'steps': 214000, 'evals': 135591, 'fails': 0, 'restarts': 535} best=((12, 0.027506113052368164), 19, 33, 3, 12)
[anneal seed=1] {'steps': 216000, 'evals': 136442, 'fails': 0, 'restarts': 540} best=((12, 0.027506113052368164), 19, 33, 3, 12)
[anneal seed=1] {'steps': 220000, 'evals': 138652, 'fails': 0, 'restarts': 550} best=((12, 0.027506113052368164), 19, 33, 3, 12)
[anneal seed=1] {'steps': 224000, 'evals': 141457, 'fails': 0, 'restarts': 560} best=((12, 0.027506113052368164), 19, 33, 3, 12)
[anneal seed=1] {'steps': 230000, 'evals': 144865, 'fails': 0, 'restarts': 575} best=((12, 0.027506113052368164), 19, 33, 3, 12)
[anneal seed=1] {'steps': 232000, 'evals': 146179, 'fails': 0, 'restarts': 580} best=((12, 0.027506113052368164), 19, 33, 3, 12)
[anneal seed=1] {'steps': 234000, 'evals': 147222, 'fails': 0, 'restarts': 585} best=((12, 0.027506113052368164), 19, 33, 3, 12)
[anneal seed=1] {'steps': 236000, 'evals': 148362, 'fails': 0, 'restarts': 590} best=((12, 0.027506113052368164), 19, 33, 3, 12)
[anneal seed=1] {'steps': 238000, 'evals': 149444, 'fails': 0, 'restarts': 595} best=((12, 0.027506113052368164), 19, 33, 3, 12)
[anneal seed=1] {'steps': 240000, 'evals': 150681, 'fails': 0, 'restarts': 600} best=((12, 0.027506113052368164), 19, 33, 3, 12)
[anneal seed=1] {'steps': 242000, 'evals': 151828, 'fails': 0, 'restarts': 605} best=((12, 0.027506113052368164), 19, 33, 3, 12)
[anneal seed=1] {'steps': 244000, 'evals': 153200, 'fails': 0, 'restarts': 610} best=((12, 0.027506113052368164), 19, 33, 3, 12)
[anneal seed=1] {'steps': 250000, 'evals': 156681, 'fails': 0, 'restarts': 625} best=((12, 0.027506113052368164), 19, 33, 3, 12)
[anneal seed=1] {'steps': 252000, 'evals': 157520, 'fails': 0, 'restarts': 630} best=((12, 0.027506113052368164), 19, 33, 3, 12)
[anneal seed=1] {'steps': 256000, 'evals': 160383, 'fails': 0, 'restarts': 640} best=((12, 0.027506113052368164), 19, 33, 3, 12)
[anneal seed=1] {'steps': 258000, 'evals': 161582, 'fails': 0, 'restarts': 645} best=((12, 0.027506113052368164), 19, 33, 3, 12)
[anneal seed=1] {'steps': 262000, 'evals': 164333, 'fails': 0, 'restarts': 655} best=((12, 0.027506113052368164), 19, 33, 3, 12)
[anneal seed=1] {'steps': 268000, 'evals': 168096, 'fails': 0, 'restarts': 670} best=((12, 0.027506113052368164), 19, 33, 3, 12)
[anneal seed=1] {'steps': 272000, 'evals': 170306, 'fails': 0, 'restarts': 680} best=((12, 0.027506113052368164), 19, 33, 3, 12)
[anneal seed=1] {'steps': 276000, 'evals': 173083, 'fails': 0, 'restarts': 690} best=((12, 0.027506113052368164), 19, 33, 3, 12)
[anneal seed=1] {'steps': 280000, 'evals': 176005, 'fails': 0, 'restarts': 700} best=((12, 0.027506113052368164), 19, 33, 3, 12)
[anneal seed=1] {'steps': 282000, 'evals': 177465, 'fails': 0, 'restarts': 705} best=((12, 0.027506113052368164), 19, 33, 3, 12)
[anneal seed=1] {'steps': 284000, 'evals': 178590, 'fails': 0, 'restarts': 710} best=((12, 0.027506113052368164), 19, 33, 3, 12)
[anneal seed=1] {'steps': 286000, 'evals': 179824, 'fails': 0, 'restarts': 715} best=((12, 0.027506113052368164), 19, 33, 3, 12)
[anneal seed=1] {'steps': 288000, 'evals': 181234, 'fails': 0, 'restarts': 720} best=((12, 0.027506113052368164), 19, 33, 3, 12)
[anneal seed=1] {'steps': 292000, 'evals': 183684, 'fails': 0, 'restarts': 730} best=((12, 0.027506113052368164), 19, 33, 3, 12)
[anneal seed=1] {'steps': 294000, 'evals': 184758, 'fails': 0, 'restarts': 735} best=((12, 0.027506113052368164), 19, 33, 3, 12)
[anneal seed=1] {'steps': 302000, 'evals': 189360, 'fails': 0, 'restarts': 755} best=((12, 0.027506113052368164), 19, 33, 3, 12)
[anneal seed=1] {'steps': 306000, 'evals': 191673, 'fails': 0, 'restarts': 765} best=((12, 0.027506113052368164), 19, 33, 3, 12)
[anneal seed=1] {'steps': 308000, 'evals': 193002, 'fails': 0, 'restarts': 770} best=((12, 0.027506113052368164), 19, 33, 3, 12)
[anneal seed=1] {'steps': 312000, 'evals': 195437, 'fails': 0, 'restarts': 780} best=((12, 0.027506113052368164), 19, 33, 3, 12)
FINAL [anneal seed=1] {'steps': 312783, 'evals': 195648, 'fails': 0, 'restarts': 782} best=((12, 0.027506113052368164), 19, 33, 3, 12)
