[anneal seed=4] {'steps': 4000, 'evals': 2513, 'fails': 0, 'restarts': 10} best=((10, 0.01478886604309082), 17, 34, 3, 10)
[anneal seed=4] {'steps': 6000, 'evals': 4015, 'fails': 0, 'restarts': 15} best=((10, 0.0347139835357666), 19, 32, 3, 10)
[anneal seed=4] {'steps': 8000, 'evals': 5262, 'fails': 0, 'restarts': 20} best=((10, 0.11932730674743652), 19, 34, 4, 10)
[anneal seed=4] {'steps': 10000, 'evals': 6715, 'fails': 0, 'restarts': 25} best=((10, 0.11932730674743652), 19, 34, 4, 10)
[anneal seed=4] {'steps': 12000, 'evals': 8226, 'fails': 0, 'restarts': 30} best=((10, 0.11932730674743652), 19, 34, 4, 10)
[anneal seed=4] {'steps': 16000, 'evals': 10616, 'fails': 0, 'restarts': 40} best=((11, 0.0687401294708252), 18, 34, 5, 11)
[anneal seed=4] {'steps': 18000, 'evals': 12194, 'fails': 0, 'restarts': 45} best=((11, 0.0687401294708252), 18, 34, 5, 11)
[anneal seed=4] {'steps': 20000, 'evals': 13374, 'fails': 0, 'restarts': 50} best=((11, 0.0687401294708252), 18, 34, 5, 11)
[anneal seed=4] {'steps': 26000, 'evals': 17883, 'fails': 0, 'restarts': 65} best=((11, 0.0687401294708252), 18, 34, 5, 11)
[anneal seed=4] {'steps': 28000, 'evals': 19398, 'fails': 0, 'restarts': 70} best=((11, 0.0687401294708252), 18, 34, 5, 11)
[anneal seed=4] {'steps': 30000, 'evals': 20532, 'fails': 0, 'restarts': 75} best=((11, 0.0687401294708252), 18, 34, 5, 11)
[anneal seed=4] {'steps': 34000, 'evals': 22608, 'fails': 0, 'restarts': 85} best=((11, 0.0687401294708252), 18, 34, 5, 11)
[anneal seed=4] {'steps': 36000, 'evals': 23515, 'fails': 0, 'restarts': 90} best=((11, 0.0687401294708252), 18, 34, 5, 11)
[anneal seed=4] {'steps': 42000, 'evals': 26818, 'fails': 0, 'restarts': 105} best=((11, 0.0687401294708252), 18, 34, 5, 11)
[anneal seed=4] {'steps': 48000, 'evals': 30769, 'fails': 0, 'restarts': 120} best=((11, 0.0687401294708252), 18, 34, 5, 11)
[anneal seed=4] {'steps': 52000, 'evals': 33007, 'fails': 0, 'restarts': 130} best=((11, 0.0687401294708252), 18, 34, 5, 11)
[anneal seed=4] {'steps': 54000, 'evals': 34525, 'fails': 0, 'restarts': 135} best=((11, 0.0687401294708252), 18, 34, 5, 11)
[anneal seed=4] {'steps': 64000, 'evals': 40537, 'fails': 0, 'restarts': 160} best=((11, 0.0687401294708252), 18, 34, 5, 11)
[anneal seed=4] {'steps': 66000, 'evals': 41663, 'fails': 0, 'restarts': 165} best=((11, 0.0687401294708252), 18, 34, 5, 11)
[anneal seed=4] {'steps': 68000, 'evals': 43233, 'fails': 0, 'restarts': 170} best=((11, 0.0687401294708252), 18, 34, 5, 11)
[anneal seed=4] {'steps': 74000, 'evals': 47160, 'fails': 0, 'restarts': 185} best=((11, 0.0687401294708252), 18, 34, 5, 11)
[anneal seed=4] {'steps': 76000, 'evals': 48746, 'fails': 0, 'restarts': 190} best=((11, 0.0687401294708252), 18, 34, 5, 11)
[anneal seed=4] {'steps': 80000, 'evals': 51874, 'fails': 0, 'restarts': 200} best=((11, 0.0687401294708252), 18, 34, 5, 11)
[anneal seed=4] {'steps': 82000, 'evals': 53154, 'fails': 0, 'restarts': 205} best=((11, 0.0687401294708252), 18, 34, 5, 11)
[anneal seed=4] {'steps': 86000, 'evals': 55859, 'fails': 0, 'restarts': 215} best=((11, 0.0687401294708252), 18, 34, 5, 11)
[anneal seed=4] {'steps': 88000, 'evals': 57413, 'fails': 0, 'restarts': 220} best=((11, 0.0687401294708252), 18, 34, 5, 11)
[anneal seed=4] {'steps': 92000, 'evals': 60068, 'fails': 0, 'restarts': 230} best=((11, 0.0687401294708252), 18, 34, 5, 11)
[anneal seed=4] {'steps': 94000, 'evals': 61531, 'fails': 0, 'restarts': 235} best=((11, 0.0687401294708252), 18, 34, 5, 11)
[anneal seed=4] {'steps': 98000, 'evals': 63691, 'fails': 0, 'restarts': 245} best=((11, 0.0687401294708252), 18, 34, 5, 11)
[anneal seed=4] {'steps': 102000, 'evals': 66410, 'fails': 0, 'restarts': 255} best=((11, 0.0687401294708252), 18, 34, 5, 11)
[anneal seed=4] {'steps': 104000, 'evals': 67878, 'fails': 0, 'restarts': 260} best=((11, 0.0687401294708252), 18, 34, 5, 11)
[anneal seed=4] {'steps': 106000, 'evals': 68989, 'fails': 0, 'restarts': 265} best=((11, 0.0687401294708252), 18, 34, 5, 11)
[anneal seed=4] {'steps': 108000, 'evals': 70104, 'fails': 0, 'restarts': 270} best=((11, 0.0687401294708252), 18, 34, 5, 11)
[anneal seed=4] {'steps': 114000, 'evals': 74111, 'fails': 0, 'restarts': 285} best=((11, 0.0687401294708252), 18, 34, 5, 11)
[anneal seed=4] {'steps': 116000, 'evals': 75529, 'fails': 0, 'restarts': 290} best=((11, 0.0687401294708252), 18, 34, 5, 11)
[anneal seed=4] {'steps': 118000, 'evals': 76990, 'fails': 0, 'restarts': 295} best=((11, 0.0687401294708252), 18, 34, 5, 11)
[anneal seed=4] {'steps': 120000, 'evals': 78101, 'fails': 0, 'restarts': 300} best=((11, 0.0687401294708252), 18, 34, 5, 11)
[anneal seed=4] {'steps': 122000, 'evals': 79520, 'fails': 0, 'restarts': 305} best=((11, 0.0687401294708252), 18, 34, 5, 11)
[anneal seed=4] {'steps': 124000, 'evals': 80944, 'fails': 0, 'restarts': 310} best=((11, 0.0687401294708252), 18, 34, 5, 11)
[anneal seed=4] {'steps': 126000, 'evals': 82095, 'fails': 0, 'restarts': 315} best=((11, 0.11390519142150879), 19, 34, 4, 11)
[anneal seed=4] {'steps': 128000, 'evals': 83543, 'fails': 0, 'restarts': 320} best=((11, 0.11390519142150879), 19, 34, 4, 11)
[anneal seed=4] {'steps': 130000, 'evals': 85119, 'fails': 0, 'restarts': 325} best=((11, 0.11390519142150879), 19, 34, 4, 11)
[anneal seed=4] {'steps': 134000, 'evals': 88121, 'fails': 0, 'restarts': 335} best=((11, 0.11390519142150879), 19, 34, 4, 11)
[anneal seed=4] {'steps': 136000, 'evals': 89237, 'fails': 0, 'restarts': 340} best=((11, 0.11390519142150879), 19, 34, 4, 11)
[anneal seed=4] {'steps': 138000, 'evals': 90605, 'fails': 0, 'restarts': 345} best=((11, 0.11390519142150879), 19, 34, 4, 11)
[anneal seed=4] {'steps': 142000, 'evals': 92849, 'fails': 0, 'restarts': 355} best=((11, 0.11390519142150879), 19, 34, 4, 11)
[anneal seed=4] {'steps': 148000, 'evals': 96013, 'fails': 0, 'restarts': 370} best=((11, 0.11390519142150879), 19, 34, 4, 11)
[anneal seed=4] {'steps': 154000, 'evals': 99942, 'fails': 0, 'restarts': 385} best=((11, 0.11390519142150879), 19, 34, 4, 11)
[anneal seed=4] {'steps': 156000, 'evals': 101377, 'fails': 0, 'restarts': 390} best=((11, 0.11390519142150879), 19, 34, 4, 11)
[anneal seed=4] {'steps': 158000, 'evals': 102582, 'fails': 0, 'restarts': 395} best=((11, 0.11390519142150879), 19, 34, 4, 11)
[anneal seed=4] {'steps': 162000, 'evals': 105230, 'fails': 0, 'restarts': 405} best=((11, 0.11390519142150879), 19, 34, 4, 11)
[anneal seed=4] {'steps': 166000, 'evals': 108090, 'fails': 0, 'restarts': 415} best=((11, 0.11390519142150879), 19, 34, 4, 11)
[anneal seed=4] {'steps': 168000, 'evals': 109577, 'fails': 0, 'restarts': 420} best=((11, 0.11390519142150879), 19, 34, 4, 11)
[anneal seed=4] {'steps': 174000, 'evals': 112639, 'fails': 0, 'restarts': 435} best=((11, 0.11390519142150879), 19, 34, 4, 11)
[anneal seed=4] {'steps': 180000, 'evals': 115874, 'fails': 0, 'restarts': 450} best=((11, 0.11390519142150879), 19, 34, 4, 11)
[anneal seed=4] {'steps': 190000, 'evals': 121839, 'fails': 0, 'restarts': 475} best=((11, 0.11390519142150879), 19, 34, 4, 11)
[anneal seed=4] {'steps': 194000, 'evals': 123988, 'fails': 0, 'restarts': 485} best=((11, 0.11390519142150879), 19, 34, 4, 11)
[anneal seed=4] {'steps': 196000, 'evals': 125365, 'fails': 0, 'restarts': 490} best=((11, 0.11390519142150879), 19, 34, 4, 11)
[anneal seed=4] {'steps': 198000, 'evals': 126232, 'fails': 0, 'restarts': 495} best=((11, 0.11390519142150879), 19, 34, 4, 11)
[anneal seed=4] {'steps': 200000, 'evals': 127105, 'fails': 0, 'restarts': 500} best=((11, 0.11390519142150879), 19, 34, 4, 11)
[anneal seed=4] {'steps': 202000, 'evals': 128052, 'fails': 0, 'restarts': 505} best=((11, 0.11390519142150879), 19, 34, 4, 11)
[anneal seed=4] {'steps': 206000, 'evals': 130628, 'fails': 0, 'restarts': 515} best=((11, 0.11390519142150879), 19, 34, 4, 11)
[anneal seed=4] {'steps': 208000, 'evals': 131732, 'fails': 0, 'restarts': 520} best=((11, 0.11390519142150879), 19, 34, 4, 11)
[anneal seed=4] {'steps': 210000, 'evals': 133115, 'fails': 0, 'restarts': 525} best=((11, 0.11390519142150879), 19, 34, 4, 11)
[anneal seed=4] {'steps': 212000, 'evals': 133990, 'fails': 0, 'restarts': 530} best=((11, 0.11390519142150879), 19, 34, 4, 11)
[anneal seed=4] {'steps': 214000, 'evals': 135192, 'fails': 0, 'restarts': 535} best=((11, 0.11390519142150879), 19, 34, 4, 11)
[anneal seed=4] {'steps': 216000, 'evals': 136313, 'fails': 0, 'restarts': 540} best=((11, 0.11390519142150879), 19, 34, 4, 11)
[anneal seed=4] {'steps': 224000, 'evals': 141941, 'fails': 0, 'restarts': 560} best=((11, 0.11390519142150879), 19, 34, 4, 11)
[anneal seed=4] {'steps': 226000, 'evals': 143348, 'fails': 0, 'restarts': 565} best=((11, 0.11390519142150879), 19, 34, 4, 11)
[anneal seed=4] {'steps': 228000, 'evals': 144400, 'fails': 0, 'restarts': 570} best=((11, 0.11390519142150879), 19, 34, 4, 11)
[anneal seed=4] {'steps': 232000, 'evals': 146668, 'fails': 0, 'restarts': 580} best=((11, 0.11390519142150879), 19, 34, 4, 11)
[anneal seed=4] {'steps': 234000, 'evals': 148182, 'fails': 0, 'restarts': 585} best=((11, 0.11390519142150879), 19, 34, 4, 11)
[anneal seed=4] {'steps': 242000, 'evals': 153810, 'fails': 0, 'restarts': 605} best=((11, 0.11390519142150879), 19, 34, 4, 11)
[anneal seed=4] {'steps': 244000, 'evals': 155243, 'fails': 0, 'restarts': 610} best=((11, 0.11390519142150879), 19, 34, 4, 11)
[anneal seed=4] {'steps': 248000, 'evals': 156796, 'fails': 0, 'restarts': 620} best=((11, 0.11390519142150879), 19, 34, 4, 11)
[anneal seed=4] {'steps': 250000, 'evals': 157951, 'fails': 0, 'restarts': 625} best=((11, 0.11390519142150879), 19, 34, 4, 11)
[anneal seed=4] {'steps': 252000, 'evals': 159050, 'fails': 0, 'restarts': 630} best=((11, 0.11390519142150879), 19, 34, 4, 11)
[anneal seed=4] {'steps': 254000, 'evals': 160537, 'fails': 0, 'restarts': 635} best=((11, 0.11390519142150879), 19, 34, 4, 11)
[anneal seed=4] {'steps': 258000, 'evals': 163335, 'fails': 0, 'restarts': 645} best=((11, 0.11390519142150879), 19, 34, 4, 11)
[anneal seed=4] {'steps': 260000, 'evals': 164768, 'fails': 0, 'restarts': 650} best=((11, 0.11390519142150879), 19, 34, 4, 11)
[anneal seed=4] {'steps': 262000, 'evals': 165848, 'fails': 0, 'restarts': 655} best=((11, 0.11390519142150879), 19, 34, 4, 11)
[anneal seed=4] {'steps': 264000, 'evals': 167245, 'fails': 0, 'restarts': 660} best=((11, 0.11390519142150879), 19, 34, 4, 11)
[anneal seed=4] {'steps': 266000, 'evals': 168414, 'fails': 0, 'restarts': 665} best=((11, 0.11390519142150879), 19, 34, 4, 11)
[anneal seed=4] {'steps': 268000, 'evals': 169768, 'fails': 0, 'restarts': 670} best=((11, 0.11390519142150879), 19, 34, 4, 11)
[anneal seed=4] {'steps': 272000, 'evals': 171814, 'fails': 0, 'restarts': 680} best=((11, 0.11390519142150879), 19, 34, 4, 11)
[anneal seed=4] {'steps': 274000, 'evals': 172676, 'fails': 0, 'restarts': 685} best=((11, 0.11390519142150879), 19, 34, 4, 11)
[anneal seed=4] {'steps': 276000, 'evals': 173894, 'fails': 0, 'restarts': 690} best=((11, 0.11390519142150879), 19, 34, 4, 11)
[anneal seed=4] {'steps': 278000, 'evals': 175308, 'fails': 0, 'restarts': 695} best=((11, 0.11390519142150879), 19, 34, 4, 11)
[anneal seed=4] {'steps': 282000, 'evals': 177306, 'fails': 0, 'restarts': 705} best=((11, 0.11390519142150879), 19, 34, 4, 11)
[anneal seed=4] {'steps': 284000, 'evals': 178227, 'fails': 0, 'restarts': 710} best=((11, 0.11390519142150879), 19, 34, 4, 11)
[anneal seed=4] {'steps': 292000, 'evals': 182066, 'fails': 0, 'restarts': 730} best=((11, 0.11390519142150879), 19, 34, 4, 11)
[anneal seed=4] {'steps': 294000, 'evals': 183164, 'fails': 0, 'restarts': 735} best=((11, 0.11390519142150879), 19, 34, 4, 11)
[anneal seed=4] {'steps': 296000, 'evals': 184617, 'fails': 0, 'restarts': 740} best=((11, 0.11390519142150879), 19, 34, 4, 11)
[anneal seed=4] {'steps': 298000, 'evals': 186185, 'fails': 0, 'restarts': 745} best=((11, 0.11390519142150879), 19, 34, 4, 11)
[anneal seed=4] {'steps': 300000, 'evals': 187236, 'fails': 0, 'restarts': 750} best=((11, 0.11390519142150879), 19, 34, 4, 11)
[anneal seed=4] {'steps': 302000, 'evals': 188656, 'fails': 0, 'restarts': 755} best=((11, 0.11390519142150879), 19, 34, 4, 11)
[anneal seed=4] {'steps': 304000, 'evals': 189879, 'fails': 0, 'restarts': 760} best=((11, 0.11390519142150879), 19, 34, 4, 11)
[anneal seed=4] {'steps': 306000, 'evals': 191308, 'fails': 0, 'restarts': 765} best=((11, 0.11390519142150879), 19, 34, 4, 11)
[anneal seed=4] {'steps': 308000, 'evals': 192136, 'fails': 0, 'restarts': 770} best=((11, 0.11390519142150879), 19, 34, 4, 11)
[anneal seed=4] {'steps': 312000, 'evals': 194521, 'fails': 0, 'restarts': 780} best=((11, 0.11390519142150879), 19, 34, 4, 11)
[anneal seed=4] {'steps': 316000, 'evals': 196957, 'fails': 0, 'restarts': 790} best=((11, 0.11390519142150879), 19, 34, 4, 11)
[anneal seed=4] {'steps': 320000, 'evals': 198994, 'fails': 0, 'restarts': 800} best=((11, 0.11390519142150879), 19, 34, 4, 11)
[anneal seed=4] {'steps': 326000, 'evals': 203260, 'fails': 0, 'restarts': 815} best=((11, 0.11390519142150879), 19, 34, 4, 11)
[anneal seed=4] {'steps': 328000, 'evals': 204726, 'fails': 0, 'restarts': 820} best=((11, 0.11390519142150879), 19, 34, 4, 11)
[anneal seed=4] {'steps': 330000, 'evals': 206205, 'fails': 0, 'restarts': 825} best=((11, 0.11390519142150879), 19, 34, 4, 11)
[anneal seed=4] {'steps': 332000, 'evals': 207367, 'fails': 0, 'restarts': 830} best=((11, 0.11390519142150879), 19, 34, 4, 11)
[anneal seed=4] {'steps': 334000, 'evals': 208443, 'fails': 0, 'restarts': 835} best=((11, 0.11390519142150879), 19, 34, 4, 11)
[anneal seed=4] {'steps': 336000, 'evals': 209882, 'fails': 0, 'restarts': 840} best=((11, 0.11390519142150879), 19, 34, 4, 11)
[anneal seed=4] {'steps': 338000, 'evals': 211030, 'fails': 0, 'restarts': 845} best=((11, 0.11390519142150879), 19, 34, 4, 11)
[anneal seed=4] {'steps': 344000, 'evals': 215078, 'fails': 0, 'restarts': 860} best=((11, 0.11390519142150879), 19, 34, 4, 11)
[anneal seed=4] {'steps': 346000, 'evals': 216604, 'fails': 0, 'restarts': 865} best=((11, 0.11390519142150879), 19, 34, 4, 11)
[anneal seed=4] {'steps': 348000, 'evals': 217970, 'fails': 0, 'restarts': 870} best=((11, 0.11390519142150879), 19, 34, 4, 11)
[anneal seed=4] {'steps': 356000, 'evals': 222954, 'fails': 0, 'restarts': 890} best=((11, 0.11390519142150879), 19, 34, 4, 11)
FINAL [anneal seed=4] {'steps': 356445, 'evals': 223246, 'fails': 0, 'restarts': 892} best=((11, 0.11390519142150879), 19, 34, 4, 11)
