=== F1: K_{d, d+c} (complete bipartite, closed form) ===
  Bound 44: gap = -c - 2*d + sqrt(2*(d - 1)**2 + 2*(c + d - 1)**2) + 2
    expansion in c around 0: (c**2/4 + c*d - c*sqrt(d**2 - 2*d + 1) - c + 2*d**2 - 2*d*sqrt(d**2 - 2*d + 1) - 4*d + 2*sqrt(d**2 - 2*d + 1) + 2)/sqrt(d**2 - 2*d + 1)
    arg - (mu-2)^2 = c**2
  Bound 46: gap = (sqrt(c + 2*d)*(-c - 2*d + 2) + sqrt(2)*sqrt(-8*d*(c + d) + (c + 2*d)*(d**2 + (c + d)**2 + 2)))/sqrt(c + 2*d)
    expansion in c around 0: (c**2*d/4 + c**2/2 + c*d**2 - c*d*sqrt(d**2 - 2*d + 1) - c*d + 2*d**3 - 2*d**2*sqrt(d**2 - 2*d + 1) - 4*d**2 + 2*d*sqrt(d**2 - 2*d + 1) + 2*d)/(d*sqrt(d**2 - 2*d + 1))
    arg - (mu-2)^2 = c**2*(c + 2*d + 4)/(c + 2*d)
=== F3: (d, d+c)-biregular bipartite (2-cell) ===
  Bound 44: arg-(mu-2)^2 = c**2   (gap>0 iff this >0)
  Bound 46: arg-(mu-2)^2 = c**2*(c + 2*d + 4)/(c + 2*d)   (gap>0 iff this >0)
=== F2b: K_dd minus matching t=1 ===
  mu = -12*eps**3 + 4*eps**2 - 2*eps + 2/eps  (series in eps=1/d)
  Bound 44:
    edge (0, 3): gap = 12939*eps**3/1024 - 221*eps**2/64 + 39*eps/16 - 1/2  -> leading eps^0 * (-1/2)
    edge (1, 2): gap = 12939*eps**3/1024 - 221*eps**2/64 + 39*eps/16 - 1/2  -> leading eps^0 * (-1/2)
    edge (1, 3): gap = eps*(45*eps**2 - 20*eps + 4)/4  -> leading eps^1 * (1)
    RHS-mu (max over edges) attained at edge (1, 3): leading eps^1 * (1)
  Bound 46:
    edge (0, 3): gap = 891*eps**3/64 - 25*eps**2/8 + 13*eps/4 - 1  -> leading eps^0 * (-1)
    edge (1, 2): gap = 891*eps**3/64 - 25*eps**2/8 + 13*eps/4 - 1  -> leading eps^0 * (-1)
    edge (1, 3): gap = 2*eps*(5*eps**2 - 3*eps + 1)  -> leading eps^1 * (2)
    RHS-mu (max over edges) attained at edge (1, 3): leading eps^1 * (2)
=== F2b: K_dd minus matching t=2 ===
  mu = -32*eps**3 + 8*eps**2 - 4*eps + 2/eps  (series in eps=1/d)
  Bound 44:
    edge (0, 2): gap = 1955*eps**3/64 - 69*eps**2/8 + 17*eps/4 - 1  -> leading eps^0 * (-1)
    edge (0, 3): gap = 31659*eps**3/1024 - 589*eps**2/64 + 55*eps/16 - 1/2  -> leading eps^0 * (-1/2)
    edge (1, 2): gap = 31659*eps**3/1024 - 589*eps**2/64 + 55*eps/16 - 1/2  -> leading eps^0 * (-1/2)
    edge (1, 3): gap = eps*(31*eps**2 - 10*eps + 2)  -> leading eps^1 * (2)
    RHS-mu (max over edges) attained at edge (1, 3): leading eps^1 * (2)
  Bound 46:
    edge (0, 2): gap = 33*eps**3 - 8*eps**2 + 6*eps - 2  -> leading eps^0 * (-2)
    edge (0, 3): gap = 2043*eps**3/64 - 73*eps**2/8 + 21*eps/4 - 1  -> leading eps^0 * (-1)
    edge (1, 2): gap = 2043*eps**3/64 - 73*eps**2/8 + 21*eps/4 - 1  -> leading eps^0 * (-1)
    edge (1, 3): gap = 4*eps*(7*eps**2 - 3*eps + 1)  -> leading eps^1 * (4)
    RHS-mu (max over edges) attained at edge (1, 3): leading eps^1 * (4)
=== F2b: K_dd minus matching t=3 ===
  mu = -60*eps**3 + 12*eps**2 - 6*eps + 2/eps  (series in eps=1/d)
  Bound 44:
    edge (0, 2): gap = 3531*eps**3/64 - 121*eps**2/8 + 21*eps/4 - 1  -> leading eps^0 * (-1)
    edge (0, 3): gap = 59083*eps**3/1024 - 957*eps**2/64 + 71*eps/16 - 1/2  -> leading eps^0 * (-1/2)
    edge (1, 2): gap = 59083*eps**3/1024 - 957*eps**2/64 + 71*eps/16 - 1/2  -> leading eps^0 * (-1/2)
    edge (1, 3): gap = 3*eps*(79*eps**2 - 20*eps + 4)/4  -> leading eps^1 * (3)
    RHS-mu (max over edges) attained at edge (1, 3): leading eps^1 * (3)
  Bound 46:
    edge (0, 2): gap = 59*eps**3 - 14*eps**2 + 8*eps - 2  -> leading eps^0 * (-2)
    edge (0, 3): gap = 3707*eps**3/64 - 121*eps**2/8 + 29*eps/4 - 1  -> leading eps^0 * (-1)
    edge (1, 2): gap = 3707*eps**3/64 - 121*eps**2/8 + 29*eps/4 - 1  -> leading eps^0 * (-1)
    edge (1, 3): gap = 6*eps*(9*eps**2 - 3*eps + 1)  -> leading eps^1 * (6)
    RHS-mu (max over edges) attained at edge (1, 3): leading eps^1 * (6)
=== F2b: K_dd minus matching t=5 ===
  mu = -140*eps**3 + 20*eps**2 - 10*eps + 2/eps  (series in eps=1/d)
  Bound 44:
    edge (0, 2): gap = 8315*eps**3/64 - 225*eps**2/8 + 29*eps/4 - 1  -> leading eps^0 * (-1)
    edge (0, 3): gap = 140043*eps**3/1024 - 1693*eps**2/64 + 103*eps/16 - 1/2  -> leading eps^0 * (-1/2)
    edge (1, 2): gap = 140043*eps**3/1024 - 1693*eps**2/64 + 103*eps/16 - 1/2  -> leading eps^0 * (-1/2)
    edge (1, 3): gap = 5*eps*(113*eps**2 - 20*eps + 4)/4  -> leading eps^1 * (5)
    RHS-mu (max over edges) attained at edge (1, 3): leading eps^1 * (5)
  Bound 46:
    edge (0, 2): gap = 135*eps**3 - 26*eps**2 + 12*eps - 2  -> leading eps^0 * (-2)
    edge (0, 3): gap = 8571*eps**3/64 - 217*eps**2/8 + 45*eps/4 - 1  -> leading eps^0 * (-1)
    edge (1, 2): gap = 8571*eps**3/64 - 217*eps**2/8 + 45*eps/4 - 1  -> leading eps^0 * (-1)
    edge (1, 3): gap = 10*eps*(13*eps**2 - 3*eps + 1)  -> leading eps^1 * (10)
    RHS-mu (max over edges) attained at edge (1, 3): leading eps^1 * (10)
=== F2: K_{d,d} minus a matching of size t (symbolic t) ===
  mu series (eps=1/d): 2*(eps**2*t*(-2*eps**2*t - 4*eps**2 + 2*eps - 1) + 1)/eps
  Bound 44:
    edge (0, 2): coeffs (eps^0..eps^3) = [-1, (4*t + 9)/4, -(52*t - 35)/8, (272*t**2 + 216*t + 435)/64]
    edge (0, 3): coeffs (eps^0..eps^3) = [-1/2, (16*t + 23)/16, -(368*t - 147)/64, (4352*t**2 + 5664*t + 2923)/1024]
    edge (1, 2): coeffs (eps^0..eps^3) = [-1/2, (16*t + 23)/16, -(368*t - 147)/64, (4352*t**2 + 5664*t + 2923)/1024]
    edge (1, 3): coeffs (eps^0..eps^3) = [0, t, -5*t, t*(17*t + 28)/4]
  Bound 46:
    edge (0, 2): coeffs (eps^0..eps^3) = [-2, 2*(t + 1), -2*(3*t - 2), 4*t**2 + 6*t + 5]
    edge (0, 3): coeffs (eps^0..eps^3) = [-1, (8*t + 5)/4, -(48*t - 23)/8, (256*t**2 + 384*t + 251)/64]
    edge (1, 2): coeffs (eps^0..eps^3) = [-1, (8*t + 5)/4, -(48*t - 23)/8, (256*t**2 + 384*t + 251)/64]
    edge (1, 3): coeffs (eps^0..eps^3) = [0, 2*t, -6*t, 2*t*(2*t + 3)]
=== F2c: K_{d,d} minus matching of size d-u (symbolic u >= 1) ===
  mu series: -4*eps**3*u**2 + 8*eps**3*u + 4*eps**2*u + 2*eps*u - 2 + 2/eps
  Bound 44:
    edge (0, 2): coeffs = [0, -u, -2*u, u*(17*u - 16)/4]
    edge (0, 3): coeffs = [1/2, -(16*u + 1)/16, -(176*u + 7)/64, (4352*u**2 - 5920*u - 197)/1024]
    edge (1, 2): coeffs = [1/2, -(16*u + 1)/16, -(176*u + 7)/64, (4352*u**2 - 5920*u - 197)/1024]
    edge (1, 3): coeffs = [1, -(4*u + 3)/4, -(28*u + 9)/8, (272*u**2 - 440*u - 117)/64]
  Bound 46:
    edge (0, 2): coeffs = [0, -2*u, -2*u, 2*u*(2*u - 1)]
    edge (0, 3): coeffs = [1, -(8*u + 3)/4, -(16*u + 9)/8, (256*u**2 - 128*u - 117)/64]
    edge (1, 2): coeffs = [1, -(8*u + 3)/4, -(16*u + 9)/8, (256*u**2 - 128*u - 117)/64]
    edge (1, 3): coeffs = [2, -2*(u + 1), -2*(u + 2), 4*u**2 - 2*u - 7]
