BEST n=120 s=7 E=1384 it=25 restarts=1 t=0s vec=+000+-000000-00++00-000--00+-+0++00-+0-0-0-0000++00+0+00000+-0-0++00---00000000-0-+-+00++0000+++0+00++000-00-00000-+000+
BEST n=120 s=7 E=1076 it=50 restarts=1 t=0s vec=+0000--++0000-0-0+-0+0+0-0+000++000-0+000+---000000000+0-0+0000++0++0+-000000--+0+00-0-0-00+00000++0000++0000---+-0+0+00
BEST n=120 s=7 E=1012 it=425 restarts=1 t=0s vec=--00+-0-0-000+00000++-0+-+0++000+00-000-0-00++000--000+0-++00000++000++000-+00000+-0+-+0++0+0-+000-0--000-00++0000000000
BEST n=120 s=7 E=964 it=475 restarts=1 t=0s vec=+00++000++00-0-000000-+0-0+-+0--0+0000++00-++---0000+0---+00+0+0000+0++0000++-0-00+-00000++00-0000000-0+-0000+00+000000-
BEST n=120 s=7 E=872 it=1750 restarts=1 t=0s vec=000+000+++0-+0+00+++0-+0+000-0++0+-000+-00--0-00+0-0000000000-0-+000+000+000000-+-000-++-000000+000+0000-0++0+--0---000+
BEST n=120 s=7 E=824 it=3050 restarts=1 t=0s vec=+0+00+0++0+00+00-00+00+00+-00+-0+-0--00-++0+++0--0000++0000+00-00000-000+000-0-00+00--+-00000-0000++000+00+0-+00--000-00
BEST n=120 s=7 E=776 it=14000 restarts=1 t=0s vec=+00--0---0-+0000++-000--0000++00+0-+0++0-+0000-00000000+-00-0+0+-0+000+0-000+++0-000+0+-++0000-00000++00-++0000000000-0+
BEST n=120 s=7 E=774 it=23225 restarts=1 t=1s vec=+000+00+-00--0000+++000+00+00-0000000+----00--00000-0000+0+0-0+0+00000-00+-++000+-00000+0-0+0+0000-+00+0+000--0++--+0+0+
BEST n=120 s=7 E=760 it=27450 restarts=1 t=1s vec=+0++0-00000000++00++0+-000-++0--00+00-0000-0+00+00+00+00++0--+000-0-00-++++00000000+-+-0000-0+--0+--00000+-00-000+000000
BEST n=120 s=7 E=750 it=39475 restarts=1 t=1s vec=0+0000000000+0-0+0000000+0+00+-00+00-+00+0-0+0-0++++00000+000-0+---000+00000-+0-00+++0++000+--0-0000++-0+-0--00-+00-0-00
BEST n=120 s=7 E=738 it=57550 restarts=1 t=2s vec=00++000000+0+000+000+000-+0-00-000-+++0+0+++-000-00000000-0+0000++-+---+000+0000+-0000-0-000-+0++--0-000000000000+-++-+-
BEST n=120 s=7 E=726 it=61975 restarts=1 t=2s vec=00+000+000-0--0+-0+-+00000-000+000-00++000+00-+00000000-++0-00---00000++00000++-000+--0000-+--+0000+0++++0+0+-00-0+0+000
BEST n=120 s=7 E=652 it=71250 restarts=1 t=2s vec=00++000-0-+0-00000+00000+0+00-00+00000+0--0--0+00000++-0++00000000-0000-+00+0-000-+-+--+-000-0-00+00+0++0++--0000+++0+00
BEST n=120 s=7 E=642 it=91275 restarts=1 t=2s vec=0000-0+-+0-00+++00000-0+-0-++0++0--0-+0-0+00-000+00+00000++0+00+0000+00+0000-000000+0+-00+--0-0-000-0+00+0-000+0+00+0--0
BEST n=120 s=7 E=618 it=114975 restarts=1 t=3s vec=0+0+000-+--00+00+0000+0000000++000000+++00++000-0--0+0++--++00+0+-+-0+---000-000--000-+0+00-0-0+0-0-000000++000000+00000
BEST n=120 s=7 E=614 it=122050 restarts=1 t=3s vec=-0++-000+-+00-+0-0+++0+0+0++0000-0000+0+00-0++0-++000000-+00-00+00000-000++00+0000-0000-0000-0-+0-+00+000-+00+-00--0000-
BEST n=120 s=7 E=562 it=201825 restarts=1 t=5s vec=-000+0-00+---0+0--0000+0+00-0000-0+-0+000+++000-0+00000+000+0+0++000+0-0000+000--0-00+00000-+0-0-+0+0+0+00+0+0-+0000+0--
BEST n=120 s=7 E=538 it=509950 restarts=4 t=12s vec=-00000000+0-0-000+0+00-+0+0-0+-0--00+0-0+00++-0+000000+0+00000-0000-+00-0+-0-000-0++00+0+000++0+0-000+0-+++00000-+0+0--0
BEST n=120 s=7 E=508 it=512625 restarts=4 t=12s vec=0+000+000-+000+0000-000+00+-00+0+000+0--+0--00++0000000+000+0-+0-00000+000+-+-0--000000+--000+----00+0+00+0+00++0+0--0+0
BEST n=120 s=7 E=420 it=612700 restarts=5 t=14s vec=00++0+00-+++000-0000-+-00+0+-0++0-++00-0-0--0000+0-+000-00000000++0+--+00000--0+00000-0--+00000+-0000+00++0000+-+00000+0
BEST n=120 s=7 E=406 it=613500 restarts=5 t=14s vec=0000--+0+0000--0-0+0-000+0000-++0-00+00000-0+0--00000-++0-+000+-0-+-00++-+00+000-0-00000-+000+000000+++00++00+000-0+0++0
BEST n=120 s=7 E=392 it=613600 restarts=5 t=14s vec=0-0+-++-+-000-0+00+000-00000--000-0000++00-00000+-00000+--0+-+0000+00+0+0+0++++0-0000--00000++0-0-00+000+-000+000+00-++0
BEST n=120 s=7 E=388 it=613850 restarts=5 t=14s vec=000+0++00-0+-+0000000+-0+00+0++-0-0000+0-0+00+000+000000--0+-+-0000+-000000--000000++00+00-00+0++000+---0000--0+-0+0+-0+
BEST n=120 s=7 E=382 it=614475 restarts=5 t=14s vec=--0-0+00+-000+0-00++00000-000+0+00-0++0000+--+00++0000000-0---000+00+00++-0++00++00+-000-00+000+000-+000-+-0-00000-00+0+
BEST n=120 s=7 E=364 it=615225 restarts=5 t=14s vec=000+-0000+0000++++-0--+-00+0+0+0++-00+000-0000-+0-00000000+00000000+-0+0---000000-+--0+0000+0-+0+000+-0++0+--0000+00+00-
BEST n=120 s=7 E=358 it=615800 restarts=5 t=14s vec=00--++0++00+0-0-000000000+0+0+00+00+0+0+00++00+0---0-00+0+-0-000+000-+0000-00+00000+0-+00-0-000+0-00+0-0+0+--+0000-000-+
BEST n=120 s=7 E=250 it=617700 restarts=5 t=14s vec=0-0000+00-+0+0+000++00+0++-0-0--00000-00++-000-0--000+00000000000+0+-0++0-000+0-000++0-+--0000000000-+0000++000+--0+++-+
BEST n=120 s=7 E=222 it=853875 restarts=7 t=19s vec=00-0000+-00+0++-0++0+000+0--00+0-000-00+00+-000000++0++000-+0-+000++000+00000000+00--0++-++-0-+0000-0-0-000-+00+000-0-00
BEST n=120 s=7 E=192 it=1614050 restarts=14 t=35s vec=00+++-000--+-0-000000000+0-0-0000--0+00++-+0000000000+000+0--0-00-000++-0+0000+++--000+0+-0-0000+0+++-000+-++0+00+000000
