n=105: 32 subgroups already decided by DFS
n=105: 53 subgroups, m range 8..70
DONE-SKIP gens=(26, 62, 71) m=8 (DFS-exhausted)
DONE-SKIP gens=(8, 52) m=9 (DFS-exhausted)
DONE-SKIP gens=(19, 62) m=10 (DFS-exhausted)
DONE-SKIP gens=(26, 62) m=10 (DFS-exhausted)
DONE-SKIP gens=(52, 71) m=10 (DFS-exhausted)
DONE-SKIP gens=(26, 44, 71) m=12 (DFS-exhausted)
DONE-SKIP gens=(37, 71) m=12 (DFS-exhausted)
DONE-SKIP gens=(52, 76) m=12 (DFS-exhausted)
DONE-SKIP gens=(17,) m=14 (DFS-exhausted)
DONE-SKIP gens=(26, 44) m=14 (DFS-exhausted)
DONE-SKIP gens=(2,) m=15 (DFS-exhausted)
DONE-SKIP gens=(26, 59) m=15 (DFS-exhausted)
DONE-SKIP gens=(52,) m=15 (DFS-exhausted)
DONE-SKIP gens=(22, 71, 76) m=16 (DFS-exhausted)
DONE-SKIP gens=(44, 59) m=16 (DFS-exhausted)
DONE-SKIP gens=(59, 71) m=16 (DFS-exhausted)
DONE-SKIP gens=(19, 76) m=18 (DFS-exhausted)
DONE-SKIP gens=(37,) m=18 (DFS-exhausted)
DONE-SKIP gens=(44, 71) m=18 (DFS-exhausted)
DONE-SKIP gens=(8, 41) m=19 (DFS-exhausted)
DONE-SKIP gens=(8, 62) m=20 (DFS-exhausted)
DONE-SKIP gens=(26, 71) m=20 (DFS-exhausted)
DONE-SKIP gens=(22, 62) m=22 (DFS-exhausted)
DONE-SKIP gens=(62, 71) m=22 (DFS-exhausted)
DONE-SKIP gens=(59,) m=23 (DFS-exhausted)
DONE-SKIP gens=(19,) m=24 (DFS-exhausted)
DONE-SKIP gens=(22, 76) m=24 (DFS-exhausted)
DONE-SKIP gens=(44,) m=24 (DFS-exhausted)
DONE-SKIP gens=(71, 76, 104) m=24 (DFS-exhausted)
DONE-SKIP gens=(26,) m=25 (DFS-exhausted)
DONE-SKIP gens=(4,) m=27 (DFS-exhausted)
DONE-SKIP gens=(8, 71) m=28 (DFS-exhausted)
--- gens=(11,) |H|=6 m=30 timeout=3600s
