x=2 y=1 bad=0 minD=None
x=2 y=2 bad=0 minD=None
x=3 y=1 bad=0 minD=None
x=3 y=2 bad=0 minD=(2.0, 3, 2, (2, 2), (1,), 6.0)
x=3 y=3 bad=0 minD=(1.0000000000000018, 3, 3, (2, 3), (3, 3), 14.0)
x=4 y=1 bad=0 minD=(1.0000000000000018, 3, 3, (2, 3), (3, 3), 14.0)
x=4 y=2 bad=0 minD=(1.0000000000000018, 3, 3, (2, 3), (3, 3), 14.0)
x=4 y=3 bad=2 minD=(-1.8000000000000007, 4, 3, (4, 4, 4), (1, 4), 24.5)
x=4 y=4 bad=2 minD=(-1.8000000000000007, 4, 3, (4, 4, 4), (1, 4), 24.5)
x=5 y=1 bad=2 minD=(-1.8000000000000007, 4, 3, (4, 4, 4), (1, 4), 24.5)
x=5 y=2 bad=2 minD=(-1.8000000000000007, 4, 3, (4, 4, 4), (1, 4), 24.5)
x=5 y=3 bad=2 minD=(-1.8000000000000007, 4, 3, (4, 4, 4), (1, 4), 24.5)
x=5 y=4 bad=27 minD=(-5.3238095238095475, 5, 4, (5, 5, 5, 5), (1, 4, 4), 43.599999999999994)
x=5 y=5 bad=59 minD=(-5.3238095238095475, 5, 4, (5, 5, 5, 5), (1, 4, 4), 43.599999999999994)
TOTAL bad: 59 of 3977
(4, 3, (4, 4, 4), (1, 4), -1.8000000000000007, 24.5)
(4, 3, (4, 4, 4), (2, 3), -1.1191250269141806, 24.5)
(5, 4, (4, 5, 5, 5), (1, 3, 4), -0.8809594438726336, 40.059375)
(5, 4, (4, 5, 5, 5), (1, 3, 5), -0.5281190130845097, 42.19999999999999)
(5, 4, (4, 5, 5, 5), (1, 4, 4), -2.4354037267081097, 42.19999999999999)
(5, 4, (4, 5, 5, 5), (1, 4, 5), -1.3282608695652218, 44.5)
(5, 4, (4, 5, 5, 5), (1, 5, 5), -0.6782608695652268, 46.8)
(5, 4, (4, 5, 5, 5), (2, 4, 4), -0.20527724738670017, 44.5)
(5, 4, (4, 5, 5, 5), (3, 3, 4), -0.3282608695652236, 44.5)
(5, 4, (4, 5, 5, 5), (3, 4, 4), -0.27826086956522644, 46.8)
(5, 4, (5, 5, 5, 5), (1, 1, 5), -0.6848958333333357, 40.15625)
(5, 4, (5, 5, 5, 5), (1, 2, 5), -2.5564919341405954, 41.2)
(5, 4, (5, 5, 5, 5), (1, 3, 4), -3.9882047598018247, 41.2)
(5, 4, (5, 5, 5, 5), (1, 3, 5), -2.98250501231022, 43.599999999999994)
(5, 4, (5, 5, 5, 5), (1, 4, 4), -5.3238095238095475, 43.599999999999994)
(5, 4, (5, 5, 5, 5), (1, 4, 5), -4.066666666666666, 46.0)
(5, 4, (5, 5, 5, 5), (1, 5, 5), -3.2666666666666515, 48.400000000000006)
(5, 4, (5, 5, 5, 5), (2, 2, 4), -1.538624893922215, 41.2)
(5, 4, (5, 5, 5, 5), (2, 2, 5), -0.5201699452132473, 43.599999999999994)
(5, 4, (5, 5, 5, 5), (2, 3, 4), -1.837828080154928, 43.599999999999994)
(5, 4, (5, 5, 5, 5), (2, 3, 5), -1.2192459824764086, 46.0)
(5, 4, (5, 5, 5, 5), (2, 4, 4), -2.8262233340065386, 46.0)
(5, 4, (5, 5, 5, 5), (2, 4, 5), -1.9552600004047704, 48.400000000000006)
(5, 4, (5, 5, 5, 5), (3, 3, 3), -0.8141817035972778, 43.599999999999994)
(5, 4, (5, 5, 5, 5), (3, 3, 4), -2.4527119636064008, 46.0)
(5, 4, (5, 5, 5, 5), (3, 3, 5), -2.066666666666652, 48.400000000000006)
(5, 4, (5, 5, 5, 5), (3, 4, 4), -3.066666666666652, 48.400000000000006)
(5, 5, (2, 2, 5, 5), (6, 6, 6, 6), -1.2882758620689643, 58.08)
(5, 5, (2, 3, 4, 5), (6, 6, 6, 6), -0.9724863883847519, 58.08)
(5, 5, (2, 3, 5, 5), (6, 6, 6, 6), -1.148275862068946, 60.400000000000006)
(5, 5, (2, 4, 4, 4), (6, 6, 6, 6), -1.6040653357531731, 58.08)
(5, 5, (2, 4, 4, 5), (6, 6, 6, 6), -1.648275862068946, 60.400000000000006)
(5, 5, (2, 4, 4, 6), (6, 6, 6, 6), -0.10351395730706514, 62.72)
(5, 5, (2, 4, 5, 5), (6, 6, 6, 6), -1.9130377668308753, 62.72)
(5, 5, (2, 5, 5, 5), (5, 6, 6, 6), -0.5828571428571347, 63.28)
(5, 5, (3, 3, 3, 5), (6, 6, 6, 6), -0.025117967332121793, 58.08)
(5, 5, (3, 3, 4, 4), (6, 6, 6, 6), -0.6566969147005395, 58.08)
(5, 5, (3, 3, 4, 5), (6, 6, 6, 6), -0.6482758620689459, 60.400000000000006)
(5, 5, (3, 3, 5, 5), (6, 6, 6, 6), -0.8654187192118279, 62.72)
(5, 5, (3, 4, 4, 4), (6, 6, 6, 6), -1.148275862068946, 60.400000000000006)
(5, 5, (3, 4, 4, 5), (6, 6, 6, 6), -1.2463711001642093, 62.72)
(5, 5, (4, 4, 4, 4), (6, 6, 6, 6), -1.6273234811165906, 62.72)
(5, 5, (4, 4, 4, 5), (5, 6, 6, 6), -0.03740259740258445, 63.28)
(5, 5, (5, 6, 6, 6), (2, 5, 5, 5), -0.5828571428571347, 63.28)
(5, 5, (5, 6, 6, 6), (4, 4, 4, 5), -0.03740259740258445, 63.28)
(5, 5, (6, 6, 6, 6), (2, 2, 5, 5), -1.2882758620689714, 58.08)
(5, 5, (6, 6, 6, 6), (2, 3, 4, 5), -0.972486388384759, 58.08)
(5, 5, (6, 6, 6, 6), (2, 3, 5, 5), -1.148275862068946, 60.400000000000006)
(5, 5, (6, 6, 6, 6), (2, 4, 4, 4), -1.6040653357531767, 58.08)
(5, 5, (6, 6, 6, 6), (2, 4, 4, 5), -1.648275862068946, 60.400000000000006)
(5, 5, (6, 6, 6, 6), (2, 4, 4, 6), -0.10351395730706514, 62.72)
(5, 5, (6, 6, 6, 6), (2, 4, 5, 5), -1.9130377668308745, 62.72)
(5, 5, (6, 6, 6, 6), (3, 3, 3, 5), -0.0251179673321289, 58.08)
(5, 5, (6, 6, 6, 6), (3, 3, 4, 4), -0.6566969147005466, 58.08)
(5, 5, (6, 6, 6, 6), (3, 3, 4, 5), -0.6482758620689424, 60.400000000000006)
(5, 5, (6, 6, 6, 6), (3, 3, 5, 5), -0.8654187192118314, 62.72)
(5, 5, (6, 6, 6, 6), (3, 4, 4, 4), -1.1482758620689424, 60.400000000000006)
(5, 5, (6, 6, 6, 6), (3, 4, 4, 5), -1.2463711001642102, 62.72)
(5, 5, (6, 6, 6, 6), (4, 4, 4, 4), -1.6273234811165906, 62.72)
