N=1260 T=6: 31 values, 4353 vars
presolving:
(round 1, exhaustive) 0 del vars, 1 del conss, 0 add conss, 0 chg bounds, 0 chg sides, 0 chg coeffs, 1289 upgd conss, 0 impls, 31 clqs, 0 implints
   (0.1s) probing: 51/4353 (1.2%) - 0 fixings, 0 aggregations, 0 implications, 0 bound changes
   (0.1s) probing aborted: 50/50 successive totally useless probings
   (0.1s) symmetry computation started: requiring (bin +, int +, cont +), (fixed: bin -, int -, cont -)
   (0.1s) symmetry computation finished: 13 generators found (max: 1500, log10 of symmetry group size: 6.70) (symcode time: 0.01)
dynamic symmetry handling statistics:
   orbitopal reduction:       no components
   orbital reduction:         no components
   lexicographic reduction:   no permutations
handled 1 out of 1 symmetry components
(round 2, exhaustive) 16 del vars, 1 del conss, 55 add conss, 0 chg bounds, 0 chg sides, 0 chg coeffs, 1290 upgd conss, 0 impls, 31 clqs, 0 implints
(round 3, fast)       16 del vars, 1 del conss, 55 add conss, 0 chg bounds, 0 chg sides, 2108 chg coeffs, 1290 upgd conss, 0 impls, 31 clqs, 0 implints
(round 4, medium)     18 del vars, 1 del conss, 55 add conss, 0 chg bounds, 0 chg sides, 2238 chg coeffs, 1290 upgd conss, 0 impls, 31 clqs, 0 implints
   (0.1s) probing: 56/4353 (1.3%) - 0 fixings, 0 aggregations, 0 implications, 0 bound changes
   (0.1s) probing aborted: 50/50 successive totally useless probings
presolving (5 rounds: 5 fast, 4 medium, 3 exhaustive):
 18 deleted vars, 1 deleted constraints, 55 added constraints, 0 tightened bounds, 0 added holes, 0 changed sides, 2238 changed coefficients
 0 implications, 31 cliques, 0 implied integral variables (0 bin, 0 int, 0 cont)
presolved problem has 4335 variables (4335 bin, 0 int, 0 cont) and 1346 constraints
     31 constraints of type <setppc>
     55 constraints of type <orbitope_pp>
   1260 constraints of type <logicor>
transformed objective value is always integral (scale: 1)
Presolving Time: 0.16

 time | node  | left  |LP iter|LP it/n|mem/heur|mdpt |vars |cons |rows |cuts |sepa|confs|strbr|  dualbound   | primalbound  |  gap   | compl. 
  0.6s|     1 |     0 |  1136 |     - |   104M |   0 |4335 |1523 |1291 |   0 |  0 | 176 |   0 | 0.000000e+00 |      --      |    Inf | unknown
  1.5s|     1 |     0 |  6612 |     - |   112M |   0 |4335 |1523 |1292 |   1 |  1 | 176 |   0 | 0.000000e+00 |      --      |    Inf | unknown
  1.6s|     1 |     0 |  6913 |     - |   113M |   0 |4335 |1523 |1293 |   2 |  2 | 177 |   0 | 0.000000e+00 |      --      |    Inf | unknown
  1.7s|     1 |     0 |  7048 |     - |   113M |   0 |4335 |1523 |1294 |   3 |  3 | 177 |   0 | 0.000000e+00 |      --      |    Inf | unknown
  1.8s|     1 |     0 |  7152 |     - |   113M |   0 |4335 |1527 |1295 |   4 |  4 | 181 |   0 | 0.000000e+00 |      --      |    Inf | unknown
  2.0s|     1 |     0 |  7212 |     - |   113M |   0 |4335 |1527 |1296 |   5 |  5 | 181 |   0 | 0.000000e+00 |      --      |    Inf | unknown
  2.1s|     1 |     0 |  7291 |     - |   114M |   0 |4335 |1529 |1297 |   6 |  6 | 183 |   0 | 0.000000e+00 |      --      |    Inf | unknown
  2.2s|     1 |     0 |  7439 |     - |   114M |   0 |4335 |1530 |1298 |   7 |  7 | 184 |   0 | 0.000000e+00 |      --      |    Inf | unknown
  2.4s|     1 |     0 |  7648 |     - |   114M |   0 |4335 |1531 |1299 |   8 |  8 | 185 |   0 | 0.000000e+00 |      --      |    Inf | unknown
  2.7s|     1 |     0 |  8457 |     - |   114M |   0 |4335 |1531 |1301 |  10 |  9 | 186 |   0 | 0.000000e+00 |      --      |    Inf | unknown
  2.9s|     1 |     0 |  8799 |     - |   115M |   0 |4335 |1531 |1302 |  11 | 10 | 186 |   0 | 0.000000e+00 |      --      |    Inf | unknown
  3.2s|     1 |     0 |  9546 |     - |   115M |   0 |4335 |1533 |1302 |  12 | 11 | 188 |   0 | 0.000000e+00 |      --      |    Inf | unknown
 13.9s|     1 |     0 | 21657 |     - |   115M |   0 |4335 |1533 |1302 |  12 | 11 | 189 |  20 | 0.000000e+00 |      --      |    Inf | unknown
 14.1s|     1 |     0 | 22344 |     - |   116M |   0 |4335 |1536 |1303 |  13 | 12 | 192 |  20 | 0.000000e+00 |      --      |    Inf | unknown
 18.9s|     1 |     2 | 22428 |     - |   116M |   0 |4335 |1537 |1303 |  13 | 13 | 193 |  39 | 0.000000e+00 |      --      |    Inf | unknown
 time | node  | left  |LP iter|LP it/n|mem/heur|mdpt |vars |cons |rows |cuts |sepa|confs|strbr|  dualbound   | primalbound  |  gap   | compl. 
  322s|   100 |    47 |  1455k|14595.3 |   127M |  15 |4335 |1674 |1293 |  39 |  1 | 330 |  39 | 0.000000e+00 |      --      |    Inf |  27.44%
  664s|   200 |    69 |  3041k|15230.2 |   131M |  15 |4335 |1836 |1299 | 131 |  1 | 492 |  39 | 0.000000e+00 |      --      |    Inf |  43.17%
  990s|   300 |    67 |  4560k|15219.6 |   135M |  15 |4335 |1992 |1293 | 202 |  1 | 649 |  39 | 0.000000e+00 |      --      |    Inf |  58.37%
 1291s|   400 |    62 |  5937k|14855.1 |   135M |  18 |4335 |2120 |1300 | 295 |  0 | 793 |  39 | 0.000000e+00 |      --      |    Inf |  66.89%
 1605s|   500 |    46 |  7333k|14676.2 |   139M |  20 |4335 |2257 |1303 | 340 |  0 | 956 |  39 | 0.000000e+00 |      --      |    Inf |  71.58%
 1954s|   600 |    33 |  8698k|14504.4 |   142M |  22 |4335 |2378 |1298 | 394 |  0 |1087 |  39 | 0.000000e+00 |      --      |    Inf |  73.02%
 2247s|   700 |    13 |  9981k|14264.9 |   148M |  22 |4335 |2493 |1309 | 422 |  3 |1222 |  39 | 0.000000e+00 |      --      |    Inf |  74.40%
 2518s|   800 |    10 | 11187k|13988.9 |   148M |  22 |4335 |2598 |1315 | 431 |  3 |1352 |  39 | 0.000000e+00 |      --      |    Inf |  74.86%
 2803s|   900 |    16 | 12455k|13843.6 |   150M |  22 |4335 |2698 |1296 | 466 |  1 |1473 |  39 | 0.000000e+00 |      --      |    Inf |  84.10%
 3120s|  1000 |    18 | 13835k|13839.6 |   152M |  22 |4335 |2801 |1304 | 600 |  0 |1585 |  39 | 0.000000e+00 |      --      |    Inf |  87.04%
 3382s|  1100 |     8 | 15016k|13654.5 |   152M |  22 |4335 |2893 |1311 | 600 |  1 |1716 |  39 | 0.000000e+00 |      --      |    Inf |  87.33%
 3676s|  1200 |     8 | 16311k|13595.9 |   152M |  22 |4335 |2988 |1296 | 605 |  0 |1842 |  39 | 0.000000e+00 |      --      |    Inf |  89.45%
 4009s|  1300 |    18 | 17768k|13671.1 |   153M |  22 |4335 |3098 |1309 | 763 |  0 |1992 |  39 | 0.000000e+00 |      --      |    Inf |  93.06%
 4286s|  1400 |    11 | 18973k|13554.8 |   153M |  22 |4335 |3218 |1318 | 799 |  0 |2122 |  39 | 0.000000e+00 |      --      |    Inf |  93.41%
 4564s|  1500 |     9 | 20285k|13526.1 |   155M |  24 |4335 |3457 |1317 | 815 |  0 |2376 |  39 | 0.000000e+00 |      --      |    Inf |  93.58%
 time | node  | left  |LP iter|LP it/n|mem/heur|mdpt |vars |cons |rows |cuts |sepa|confs|strbr|  dualbound   | primalbound  |  gap   | compl. 
 4844s|  1600 |    29 | 21563k|13479.4 |   156M |  24 |4335 |3518 |1311 | 965 |  1 |2517 |  39 | 0.000000e+00 |      --      |    Inf |  95.53%
 5130s|  1700 |    30 | 22826k|13429.1 |   156M |  24 |4335 |3613 |1316 |1026 |  1 |2678 |  39 | 0.000000e+00 |      --      |    Inf |  95.95%
 5374s|  1800 |    26 | 23981k|13324.8 |   157M |  24 |4335 |3716 |1313 |1051 |  1 |2817 |  39 | 0.000000e+00 |      --      |    Inf |  96.06%
 5660s|  1900 |    26 | 25309k|13322.3 |   160M |  24 |4335 |3762 |1308 |1117 |  0 |2952 |  39 | 0.000000e+00 |      --      |    Inf |  96.22%
 5900s|  2000 |    23 | 26421k|13212.4 |   160M |  24 |4335 |3830 |1315 |1127 |  1 |3084 |  39 | 0.000000e+00 |      --      |    Inf |  96.37%
 6194s|  2100 |    17 | 27779k|13229.9 |   160M |  24 |4335 |4004 |1323 |1172 |  0 |3335 |  39 | 0.000000e+00 |      --      |    Inf |  96.52%
 6443s|  2200 |    15 | 28927k|13150.2 |   160M |  28 |4335 |4081 |1333 |1208 |  0 |3461 |  39 | 0.000000e+00 |      --      |    Inf |  96.55%
 6693s|  2300 |    11 | 30063k|13072.5 |   160M |  28 |4335 |4101 |1333 |1234 |  1 |3591 |  39 | 0.000000e+00 |      --      |    Inf |  96.69%
 6977s|  2400 |     9 | 31337k|13058.5 |   160M |  28 |4335 |4157 |1328 |1279 |  0 |3722 |  39 | 0.000000e+00 |      --      |    Inf |  96.74%
 7254s|  2500 |     7 | 32563k|13026.5 |   161M |  28 |4335 |4235 |   0 |1343 |  0 |3861 |  39 | 0.000000e+00 |      --      |    Inf |  96.78%
 7528s|  2600 |     5 | 33771k|12990.1 |   161M |  28 |4335 |4297 |1313 |1402 |  1 |3994 |  39 | 0.000000e+00 |      --      |    Inf |  96.81%
 7799s|  2700 |     9 | 34998k|12963.4 |   161M |  28 |4335 |4350 |1322 |1447 |  0 |4124 |  39 | 0.000000e+00 |      --      |    Inf |  96.85%
 8104s|  2800 |     2 | 36330k|12976.1 |   161M |  28 |4335 |4377 |1321 |1529 |  0 |4261 |  39 | 0.000000e+00 |      --      |    Inf |  96.87%
 8394s|  2900 |    10 | 37653k|12984.8 |   161M |  28 |4335 |4358 |1310 |1647 |  0 |4384 |  39 | 0.000000e+00 |      --      |    Inf |  98.07%
 8695s|  3000 |    12 | 38976k|12993.1 |   162M |  28 |4335 |4365 |1321 |1769 |  0 |4513 |  39 | 0.000000e+00 |      --      |    Inf |  98.90%
 time | node  | left  |LP iter|LP it/n|mem/heur|mdpt |vars |cons |rows |cuts |sepa|confs|strbr|  dualbound   | primalbound  |  gap   | compl. 
 9003s|  3100 |    16 | 40337k|13013.0 |   162M |  28 |4335 |4479 |1323 |1780 |  1 |4800 |  39 | 0.000000e+00 |      --      |    Inf |  99.04%
 9276s|  3200 |    14 | 41592k|12998.4 |   162M |  28 |4335 |4488 |1331 |1860 |  2 |4939 |  39 | 0.000000e+00 |      --      |    Inf |  99.14%
 9587s|  3300 |    15 | 42879k|12994.8 |   163M |  28 |4335 |4484 |1324 |1948 |  0 |5076 |  39 | 0.000000e+00 |      --      |    Inf |  99.43%
 9883s|  3400 |    20 | 44168k|12991.4 |   164M |  28 |4335 |4513 |1311 |1976 |  1 |5311 |  39 | 0.000000e+00 |      --      |    Inf |  99.57%
  169m|  3500 |    17 | 45434k|12982.0 |   164M |  28 |4335 |4488 |1314 |2074 |  1 |5443 |  39 | 0.000000e+00 |      --      |    Inf |  99.61%
  174m|  3600 |    11 | 46624k|12951.9 |   164M |  28 |4335 |4506 |1320 |2140 |  0 |5578 |  39 | 0.000000e+00 |      --      |    Inf |  99.71%
  178m|  3700 |    20 | 47942k|12958.2 |   165M |  28 |4335 |4476 |1322 |2195 |  1 |5924 |  39 | 0.000000e+00 |      --      |    Inf |  99.78%
  182m|  3800 |    10 | 49001k|12895.9 |   165M |  30 |4335 |4358 |1330 |2245 |  0 |6060 |  39 | 0.000000e+00 |      --      |    Inf |  99.81%
  186m|  3900 |     7 | 50167k|12864.1 |   165M |  30 |4335 |4293 |1316 |2271 |  1 |6183 |  39 | 0.000000e+00 |      --      |    Inf |  99.86%
  191m|  4000 |     6 | 51264k|12816.8 |   165M |  30 |4335 |4366 |1324 |2332 |  0 |6319 |  39 | 0.000000e+00 |      --      |    Inf |  99.87%
  194m|  4100 |     8 | 52257k|12746.3 |   165M |  32 |4335 |4481 |1334 |2382 |  1 |6462 |  39 | 0.000000e+00 |      --      |    Inf |  99.88%
  198m|  4200 |    17 | 53343k|12701.4 |   165M |  32 |4335 |4505 |1316 |2430 |  0 |6595 |  39 | 0.000000e+00 |      --      |    Inf |  99.92%
  202m|  4300 |    14 | 54346k|12639.2 |   165M |  32 |4335 |4603 |1316 |2525 |  0 |6737 |  39 | 0.000000e+00 |      --      |    Inf |  99.92%
  207m|  4400 |    10 | 55536k|12622.5 |   165M |  32 |4335 |4650 |1334 |2628 |  0 |6892 |  39 | 0.000000e+00 |      --      |    Inf |  99.93%
  211m|  4500 |     9 | 56746k|12610.8 |   165M |  32 |4335 |4653 |1326 |2690 |  0 |7015 |  39 | 0.000000e+00 |      --      |    Inf |  99.95%
 time | node  | left  |LP iter|LP it/n|mem/heur|mdpt |vars |cons |rows |cuts |sepa|confs|strbr|  dualbound   | primalbound  |  gap   | compl. 
  216m|  4600 |    14 | 57957k|12600.0 |   165M |  32 |4335 |4641 |1337 |2795 |  1 |7133 |  39 | 0.000000e+00 |      --      |    Inf |  99.98%
  220m|  4700 |     6 | 59108k|12576.8 |   165M |  32 |4335 |4704 |1343 |2827 |  1 |7279 |  39 | 0.000000e+00 |      --      |    Inf |  99.98%
  224m|  4800 |     3 | 60260k|12554.7 |   165M |  32 |4335 |4773 |   0 |2895 |  0 |7420 |  39 | 0.000000e+00 |      --      |    Inf |  99.99%

SCIP Status        : problem is solved [infeasible]
Solving Time (sec) : 13461.16
Solving Nodes      : 4813
Primal Bound       : +1.00000000000000e+20 (0 solutions)
Dual Bound         : +1.00000000000000e+20
Gap                : 0.00 %
status: infeasible
UNSAT: no covering of Z_1260 with distinct divisor moduli >= 6
