N=1260 T=5: 32 values, 4358 vars
presolving:
(round 1, exhaustive) 0 del vars, 1 del conss, 0 add conss, 0 chg bounds, 0 chg sides, 0 chg coeffs, 1290 upgd conss, 0 impls, 32 clqs, 0 implints
   (0.1s) probing: 51/4358 (1.2%) - 0 fixings, 0 aggregations, 0 implications, 0 bound changes
   (0.1s) probing aborted: 50/50 successive totally useless probings
   (0.2s) symmetry computation started: requiring (bin +, int +, cont +), (fixed: bin -, int -, cont -)
   (0.2s) symmetry computation finished: 14 generators found (max: 1500, log10 of symmetry group size: 9.80) (symcode time: 0.02)
dynamic symmetry handling statistics:
   orbitopal reduction:       no components
   orbital reduction:          1 components of sizes 68
   lexicographic reduction:   68 permutations with support sizes 672, 672, 1092, 672, 1092, 672, 1456, 1092, 1456, 1092, 3764, 3906, 3666, 4240, 1344, 1596, 1344, 1596, 1344, 1904, 1596, 1904, 1596, 4240, 1596, 672, 1596, 1344, 1904, 1596, 1904, 1596, 4288, 1596, 1092, 1596, 2184, 2184, 2184, 2184, 4280, 1596, 1344, 1904, 1596, 1904, 1596, 4288, 1596, 2184, 1092, 2184, 2184, 4280, 1904, 1596, 1904, 1596, 2184, 1456, 2184, 4300, 2184, 1092, 4280, 2184, 4300, 4280
handled 1 out of 1 symmetry components
presolving (2 rounds: 2 fast, 2 medium, 2 exhaustive):
 0 deleted vars, 1 deleted constraints, 0 added constraints, 0 tightened bounds, 0 added holes, 0 changed sides, 0 changed coefficients
 0 implications, 32 cliques, 0 implied integral variables (0 bin, 0 int, 0 cont)
presolved problem has 4358 variables (4358 bin, 0 int, 0 cont) and 1292 constraints
     31 constraints of type <setppc>
      1 constraints of type <linear>
   1260 constraints of type <logicor>
transformed objective value is always integral (scale: 1)
Presolving Time: 0.24

 time | node  | left  |LP iter|LP it/n|mem/heur|mdpt |vars |cons |rows |cuts |sepa|confs|strbr|  dualbound   | primalbound  |  gap   | compl. 
  0.5s|     1 |     0 |   900 |     - |    96M |   0 |4358 |1303 |1292 |   0 |  0 |  10 |   0 | 0.000000e+00 |      --      |    Inf | unknown
  1.5s|     1 |     0 |  5271 |     - |   100M |   0 |4358 |1303 |1293 |   1 |  1 |  10 |   0 | 0.000000e+00 |      --      |    Inf | unknown
  1.6s|     1 |     0 |  5410 |     - |   101M |   0 |4358 |1303 |1294 |   2 |  2 |  10 |   0 | 0.000000e+00 |      --      |    Inf | unknown
  1.8s|     1 |     0 |  5629 |     - |   101M |   0 |4358 |1303 |1295 |   3 |  3 |  10 |   0 | 0.000000e+00 |      --      |    Inf | unknown
  2.0s|     1 |     0 |  5939 |     - |   102M |   0 |4358 |1303 |1296 |   4 |  4 |  10 |   0 | 0.000000e+00 |      --      |    Inf | unknown
  2.2s|     1 |     0 |  6163 |     - |   103M |   0 |4358 |1303 |1297 |   5 |  5 |  10 |   0 | 0.000000e+00 |      --      |    Inf | unknown
  2.3s|     1 |     0 |  6356 |     - |   103M |   0 |4358 |1303 |1298 |   6 |  6 |  10 |   0 | 0.000000e+00 |      --      |    Inf | unknown
  2.5s|     1 |     0 |  6586 |     - |   103M |   0 |4358 |1303 |1299 |   7 |  7 |  10 |   0 | 0.000000e+00 |      --      |    Inf | unknown
  2.7s|     1 |     0 |  6892 |     - |   104M |   0 |4358 |1302 |1300 |   8 |  8 |  10 |   0 | 0.000000e+00 |      --      |    Inf | unknown
  2.9s|     1 |     0 |  7168 |     - |   104M |   0 |4358 |1302 |1301 |   9 |  9 |  10 |   0 | 0.000000e+00 |      --      |    Inf | unknown
  3.4s|     1 |     0 |  8290 |     - |   104M |   0 |4358 |1302 |1302 |  10 | 10 |  10 |   0 | 0.000000e+00 |      --      |    Inf | unknown
  3.7s|     1 |     0 |  8714 |     - |   104M |   0 |4358 |1302 |1303 |  11 | 11 |  10 |   0 | 0.000000e+00 |      --      |    Inf | unknown
 48.7s|     1 |     2 | 18754 |     - |   105M |   0 |4358 |1302 |1303 |  11 | 11 |  10 |  47 | 0.000000e+00 |      --      |    Inf | unknown
  368s|   100 |    73 |918889 |9193.7 |   118M |  31 |4358 |1676 |1297 |  16 |  1 | 418 |  47 | 0.000000e+00 |      --      |    Inf | unknown
  511s|   200 |   117 |  1565k|7821.3 |   127M |  40 |4358 |1886 |1297 |  20 |  1 | 746 |  47 | 0.000000e+00 |      --      |    Inf | unknown
 time | node  | left  |LP iter|LP it/n|mem/heur|mdpt |vars |cons |rows |cuts |sepa|confs|strbr|  dualbound   | primalbound  |  gap   | compl. 
  597s|   300 |   161 |  2165k|7211.7 |   131M |  41 |4358 |1833 |1297 |  29 |  0 | 894 |  47 | 0.000000e+00 |      --      |    Inf | unknown
  654s|   400 |   179 |  2610k|6520.8 |   133M |  41 |4358 |1798 |1298 |  35 |  0 | 994 |  47 | 0.000000e+00 |      --      |    Inf | unknown
  741s|   500 |   211 |  3225k|6447.2 |   137M |  42 |4358 |1946 |1298 |  59 |  1 |1217 |  47 | 0.000000e+00 |      --      |    Inf | unknown
  825s|   600 |   231 |  3793k|6317.9 |   140M |  43 |4358 |1760 |1297 |  87 |  1 |1330 |  47 | 0.000000e+00 |      --      |    Inf | unknown
  905s|   700 |   249 |  4369k|6238.4 |   140M |  43 |4358 |1685 |1297 |  93 |  1 |1402 |  47 | 0.000000e+00 |      --      |    Inf | unknown
  982s|   800 |   267 |  4919k|6145.9 |   141M |  43 |4358 |1773 |1299 |  99 |  0 |1565 |  47 | 0.000000e+00 |      --      |    Inf | unknown
 1056s|   900 |   290 |  5453k|6056.8 |   142M |  43 |4358 |1919 |1298 | 103 |  1 |1818 |  47 | 0.000000e+00 |      --      |    Inf | unknown
 1127s|  1000 |   315 |  5957k|5954.8 |   143M |  43 |4358 |1961 |1297 | 115 |  1 |1937 |  47 | 0.000000e+00 |      --      |    Inf | unknown
 1199s|  1100 |   333 |  6478k|5886.6 |   150M |  43 |4358 |1904 |1297 | 123 |  1 |2044 |  47 | 0.000000e+00 |      --      |    Inf | unknown
 1302s|  1200 |   371 |  7224k|6018.3 |   152M |  43 |4358 |2679 |1300 | 130 |  1 |2982 |  47 | 0.000000e+00 |      --      |    Inf | unknown
 1361s|  1300 |   393 |  7663k|5892.6 |   153M |  43 |4358 |2751 |1300 | 131 |  1 |3083 |  47 | 0.000000e+00 |      --      |    Inf | unknown
 1432s|  1400 |   409 |  8168k|5832.4 |   156M |  45 |4358 |2795 |1300 | 143 |  0 |3127 |  47 | 0.000000e+00 |      --      |    Inf | unknown
 1495s|  1500 |   431 |  8623k|5746.9 |   157M |  45 |4358 |2845 |1299 | 156 |  1 |3209 |  47 | 0.000000e+00 |      --      |    Inf | unknown
 1554s|  1600 |   449 |  9063k|5662.6 |   157M |  45 |4358 |2903 |1299 | 159 |  1 |3293 |  47 | 0.000000e+00 |      --      |    Inf | unknown
 1611s|  1700 |   469 |  9473k|5570.5 |   158M |  45 |4358 |3003 |1299 | 171 |  1 |3470 |  47 | 0.000000e+00 |      --      |    Inf | unknown
 time | node  | left  |LP iter|LP it/n|mem/heur|mdpt |vars |cons |rows |cuts |sepa|confs|strbr|  dualbound   | primalbound  |  gap   | compl. 
 1667s|  1800 |   497 |  9863k|5477.7 |   158M |  45 |4358 |3005 |1299 | 177 |  1 |3533 |  47 | 0.000000e+00 |      --      |    Inf | unknown
 1730s|  1900 |   517 | 10323k|5431.9 |   160M |  47 |4358 |3126 |1301 | 185 |  0 |3685 |  47 | 0.000000e+00 |      --      |    Inf | unknown
 1780s|  2000 |   527 | 10700k|5348.6 |   161M |  49 |4358 |3079 |1301 | 199 |  0 |3736 |  47 | 0.000000e+00 |      --      |    Inf | unknown
 1844s|  2100 |   551 | 11162k|5313.7 |   162M |  49 |4358 |3044 |1299 | 213 |  1 |3881 |  47 | 0.000000e+00 |      --      |    Inf | unknown
 1905s|  2200 |   577 | 11610k|5275.7 |   163M |  49 |4358 |3139 |1299 | 216 |  0 |3992 |  47 | 0.000000e+00 |      --      |    Inf | unknown
 1979s|  2300 |   609 | 12120k|5268.5 |   164M |  49 |4358 |3186 |1299 | 222 |  1 |4139 |  47 | 0.000000e+00 |      --      |    Inf | unknown
 2038s|  2400 |   621 | 12553k|5229.0 |   164M |  49 |4358 |3055 |1298 | 226 |  1 |4209 |  47 | 0.000000e+00 |      --      |    Inf | unknown
 2107s|  2500 |   632 | 13021k|5207.4 |   167M |  51 |4358 |3057 |1298 | 254 |  1 |4263 |  47 | 0.000000e+00 |      --      |    Inf | unknown
 2163s|  2600 |   642 | 13433k|5165.6 |   167M |  51 |4358 |3110 |1299 | 256 |  1 |4333 |  47 | 0.000000e+00 |      --      |    Inf | unknown
 2241s|  2700 |   644 | 13971k|5173.5 |   169M |  51 |4358 |3082 |1301 | 259 |  1 |4387 |  47 | 0.000000e+00 |      --      |    Inf | unknown
 2303s|  2800 |   660 | 14408k|5144.5 |   170M |  51 |4358 |2923 |1298 | 269 |  0 |4481 |  47 | 0.000000e+00 |      --      |    Inf | unknown
 2354s|  2900 |   670 | 14788k|5098.2 |   170M |  51 |4358 |2923 |1299 | 282 |  0 |4538 |  47 | 0.000000e+00 |      --      |    Inf | unknown
 2416s|  3000 |   680 | 15236k|5077.7 |   176M |  51 |4358 |2779 |1299 | 319 |  1 |4586 |  47 | 0.000000e+00 |      --      |    Inf | unknown
 2480s|  3100 |   688 | 15673k|5054.7 |   177M |  51 |4358 |2769 |1298 | 346 |  1 |4657 |  47 | 0.000000e+00 |      --      |    Inf | unknown
 2562s|  3200 |   706 | 16236k|5072.7 |   183M |  51 |4358 |2833 |1298 | 375 |  1 |4775 |  47 | 0.000000e+00 |      --      |    Inf | unknown
 time | node  | left  |LP iter|LP it/n|mem/heur|mdpt |vars |cons |rows |cuts |sepa|confs|strbr|  dualbound   | primalbound  |  gap   | compl. 
 2631s|  3300 |   714 | 16747k|5073.9 |   184M |  51 |4358 |2927 |1300 | 406 |  0 |4935 |  47 | 0.000000e+00 |      --      |    Inf | unknown
 2698s|  3400 |   733 | 17228k|5066.2 |   184M |  51 |4358 |2734 |1300 | 417 |  0 |5033 |  47 | 0.000000e+00 |      --      |    Inf | unknown
 2772s|  3500 |   742 | 17704k|5057.3 |   184M |  51 |4358 |2685 |1300 | 444 |  1 |5075 |  47 | 0.000000e+00 |      --      |    Inf | unknown
 2862s|  3600 |   754 | 18325k|5089.3 |   185M |  51 |4358 |3233 |1304 | 457 |  1 |6016 |  47 | 0.000000e+00 |      --      |    Inf | unknown
 2922s|  3700 |   764 | 18775k|5073.4 |   185M |  51 |4358 |3148 |1300 | 485 |  0 |6075 |  47 | 0.000000e+00 |      --      |    Inf | unknown
 2980s|  3800 |   772 | 19197k|5050.9 |   188M |  51 |4358 |3134 |1304 | 544 |  1 |6144 |  47 | 0.000000e+00 |      --      |    Inf | unknown
 3046s|  3900 |   792 | 19691k|5048.1 |   192M |  51 |4358 |3130 |1299 | 572 |  1 |6242 |  47 | 0.000000e+00 |      --      |    Inf | unknown
 3106s|  4000 |   810 | 20137k|5033.3 |   193M |  51 |4358 |2549 |1304 | 589 |  1 |6298 |  47 | 0.000000e+00 |      --      |    Inf | unknown
 3158s|  4100 |   826 | 20526k|5005.7 |   193M |  51 |4358 |2365 |1304 | 616 |  0 |6362 |  47 | 0.000000e+00 |      --      |    Inf | unknown
 3215s|  4200 |   844 | 20921k|4980.5 |   193M |  51 |4358 |2451 |1306 | 642 |  1 |6525 |  47 | 0.000000e+00 |      --      |    Inf | unknown
 3277s|  4300 |   864 | 21372k|4969.4 |   198M |  51 |4358 |2321 |1298 | 664 |  0 |6643 |  47 | 0.000000e+00 |      --      |    Inf | unknown
 3327s|  4400 |   888 | 21761k|4944.9 |   199M |  51 |4358 |2389 |1298 | 667 |  0 |6808 |  47 | 0.000000e+00 |      --      |    Inf | unknown
 3386s|  4500 |   916 | 22215k|4935.9 |   199M |  51 |4358 |2317 |1298 | 667 |  1 |6907 |  47 | 0.000000e+00 |      --      |    Inf | unknown
 3454s|  4600 |   930 | 22725k|4939.4 |   199M |  51 |4358 |2321 |1299 | 667 |  1 |6991 |  47 | 0.000000e+00 |      --      |    Inf | unknown
 3506s|  4700 |   940 | 23121k|4918.7 |   199M |  51 |4358 |2352 |1298 | 667 |  0 |7035 |  47 | 0.000000e+00 |      --      |    Inf | unknown
 time | node  | left  |LP iter|LP it/n|mem/heur|mdpt |vars |cons |rows |cuts |sepa|confs|strbr|  dualbound   | primalbound  |  gap   | compl. 
 3558s|  4800 |   962 | 23513k|4897.8 |   200M |  51 |4358 |2388 |1298 | 667 |  0 |7075 |  47 | 0.000000e+00 |      --      |    Inf | unknown
 3633s|  4900 |   986 | 24029k|4903.2 |   200M |  51 |4358 |2418 |1299 | 669 |  0 |7159 |  47 | 0.000000e+00 |      --      |    Inf | unknown
 3714s|  5000 |  1016 | 24605k|4920.4 |   200M |  51 |4358 |2522 |1300 | 676 |  1 |7320 |  47 | 0.000000e+00 |      --      |    Inf | unknown
 3796s|  5100 |  1046 | 25186k|4937.7 |   200M |  51 |4358 |2605 |1299 | 678 |  1 |7413 |  47 | 0.000000e+00 |      --      |    Inf | unknown
 3873s|  5200 |  1072 | 25750k|4951.3 |   200M |  51 |4358 |2662 |1300 | 680 |  0 |7509 |  47 | 0.000000e+00 |      --      |    Inf | unknown
 3945s|  5300 |  1098 | 26285k|4958.7 |   199M |  51 |4358 |2728 |1300 | 688 |  1 |7596 |  47 | 0.000000e+00 |      --      |    Inf | unknown
 4016s|  5400 |  1118 | 26812k|4964.6 |   200M |  51 |4358 |2769 |1299 | 699 |  1 |7707 |  47 | 0.000000e+00 |      --      |    Inf | unknown
 4093s|  5500 |  1138 | 27377k|4977.0 |   202M |  51 |4358 |2833 |1303 | 716 |  2 |7846 |  47 | 0.000000e+00 |      --      |    Inf | unknown
 4159s|  5600 |  1146 | 27865k|4975.3 |   202M |  51 |4358 |2702 |1299 | 721 |  0 |7947 |  47 | 0.000000e+00 |      --      |    Inf | unknown
 4220s|  5700 |  1149 | 28313k|4966.6 |   202M |  51 |4358 |2620 |1301 | 733 |  0 |7998 |  47 | 0.000000e+00 |      --      |    Inf | unknown
 4275s|  5800 |  1151 | 28720k|4951.2 |   202M |  51 |4358 |2642 |1306 | 762 |  0 |8078 |  47 | 0.000000e+00 |      --      |    Inf | unknown
 4341s|  5900 |  1157 | 29197k|4948.1 |   202M |  51 |4358 |2704 |1300 | 796 |  0 |8184 |  47 | 0.000000e+00 |      --      |    Inf | unknown
 4396s|  6000 |  1173 | 29576k|4928.7 |   202M |  51 |4358 |2676 |1299 | 798 |  1 |8267 |  47 | 0.000000e+00 |      --      |    Inf | unknown
 4457s|  6100 |  1189 | 30018k|4920.4 |   203M |  51 |4358 |2723 |1300 | 811 |  2 |8355 |  47 | 0.000000e+00 |      --      |    Inf | unknown
 4528s|  6200 |  1195 | 30530k|4923.6 |   203M |  51 |4358 |2720 |1301 | 817 |  0 |8427 |  47 | 0.000000e+00 |      --      |    Inf | unknown
 time | node  | left  |LP iter|LP it/n|mem/heur|mdpt |vars |cons |rows |cuts |sepa|confs|strbr|  dualbound   | primalbound  |  gap   | compl. 
 4587s|  6300 |  1207 | 30973k|4915.8 |   203M |  51 |4358 |2703 |1299 | 840 |  1 |8521 |  47 | 0.000000e+00 |      --      |    Inf | unknown
 4638s|  6400 |  1219 | 31358k|4899.2 |   205M |  51 |4358 |2758 |1306 | 873 |  0 |8636 |  47 | 0.000000e+00 |      --      |    Inf | unknown
 4694s|  6500 |  1229 | 31785k|4889.5 |   206M |  51 |4358 |2761 |1299 | 893 |  1 |8713 |  47 | 0.000000e+00 |      --      |    Inf | unknown
 4764s|  6600 |  1234 | 32285k|4891.2 |   206M |  51 |4358 |2755 |1305 | 946 |  1 |8824 |  47 | 0.000000e+00 |      --      |    Inf | unknown
 4810s|  6700 |  1234 | 32635k|4870.4 |   206M |  51 |4358 |2712 |1300 | 972 |  0 |8873 |  47 | 0.000000e+00 |      --      |    Inf | unknown
 4869s|  6800 |  1248 | 33045k|4859.1 |   207M |  51 |4358 |2654 |1299 |1002 |  1 |8968 |  47 | 0.000000e+00 |      --      |    Inf | unknown
 4931s|  6900 |  1251 | 33488k|4852.9 |   208M |  51 |4358 |2681 |1300 |1019 |  1 |9144 |  47 | 0.000000e+00 |      --      |    Inf | unknown
 4991s|  7000 |  1261 | 33927k|4846.2 |   208M |  51 |4358 |2694 |1300 |1045 |  0 |9247 |  47 | 0.000000e+00 |      --      |    Inf | unknown
 5054s|  7100 |  1265 | 34369k|4840.2 |   209M |  51 |4358 |2629 |1303 |1067 |  0 |9272 |  47 | 0.000000e+00 |      --      |    Inf | unknown
 5134s|  7200 |  1297 | 34935k|4851.6 |   210M |  51 |4358 |2682 |1301 |1084 |  1 |9399 |  47 | 0.000000e+00 |      --      |    Inf | unknown
 5197s|  7300 |  1313 | 35386k|4846.9 |   210M |  51 |4358 |2748 |1301 |1095 |  0 |9511 |  47 | 0.000000e+00 |      --      |    Inf | unknown
 5269s|  7400 |  1355 | 35906k|4851.8 |   211M |  51 |4358 |2800 |1300 |1099 |  1 |9655 |  47 | 0.000000e+00 |      --      |    Inf | unknown
 5340s|  7500 |  1369 | 36429k|4856.8 |   211M |  51 |4358 |2868 |1301 |1102 |  1 |9798 |  47 | 0.000000e+00 |      --      |    Inf | unknown
 5414s|  7600 |  1369 | 36961k|4862.8 |   211M |  51 |4358 |2756 |1301 |1108 |  1 |9898 |  47 | 0.000000e+00 |      --      |    Inf | unknown
 5471s|  7700 |  1386 | 37393k|4855.8 |   212M |  51 |4358 |2786 |1299 |1111 |  1 |9979 |  47 | 0.000000e+00 |      --      |    Inf | unknown
 time | node  | left  |LP iter|LP it/n|mem/heur|mdpt |vars |cons |rows |cuts |sepa|confs|strbr|  dualbound   | primalbound  |  gap   | compl. 
 5530s|  7800 |  1388 | 37816k|4847.8 |   212M |  51 |4358 |2668 |1297 |1144 |  1 |  10k|  47 | 0.000000e+00 |      --      |    Inf | unknown
 5586s|  7900 |  1404 | 38223k|4837.9 |   212M |  51 |4358 |2675 |1299 |1173 |  1 |  10k|  47 | 0.000000e+00 |      --      |    Inf | unknown
 5653s|  8000 |  1420 | 38712k|4838.6 |   212M |  51 |4358 |2642 |1300 |1180 |  0 |  10k|  47 | 0.000000e+00 |      --      |    Inf | unknown
 5704s|  8100 |  1425 | 39092k|4825.8 |   213M |  51 |4358 |2654 |1303 |1219 |  1 |  10k|  47 | 0.000000e+00 |      --      |    Inf | unknown
 5748s|  8200 |  1429 | 39427k|4807.8 |   213M |  51 |4358 |2547 |1300 |1255 |  1 |  10k|  47 | 0.000000e+00 |      --      |    Inf | unknown
 5817s|  8300 |  1441 | 39921k|4809.3 |   213M |  51 |4358 |2591 |1303 |1266 |  2 |  10k|  47 | 0.000000e+00 |      --      |    Inf | unknown
 5874s|  8400 |  1465 | 40336k|4801.5 |   213M |  51 |4358 |2608 |1303 |1297 |  1 |  10k|  47 | 0.000000e+00 |      --      |    Inf | unknown
 5939s|  8500 |  1479 | 40807k|4800.4 |   213M |  51 |4358 |2488 |1303 |1315 |  0 |  10k|  47 | 0.000000e+00 |      --      |    Inf | unknown
 6001s|  8600 |  1497 | 41243k|4795.3 |   214M |  51 |4358 |2465 |1300 |1354 |  0 |  10k|  47 | 0.000000e+00 |      --      |    Inf | unknown
 6052s|  8700 |  1511 | 41627k|4784.3 |   216M |  51 |4358 |2539 |1307 |1371 |  0 |  10k|  47 | 0.000000e+00 |      --      |    Inf | unknown
 6102s|  8800 |  1519 | 41989k|4771.1 |   216M |  51 |4358 |2578 |1309 |1418 |  1 |  10k|  47 | 0.000000e+00 |      --      |    Inf | unknown
 6153s|  8900 |  1525 | 42386k|4762.0 |   216M |  51 |4358 |2695 |1300 |1431 |  0 |  10k|  47 | 0.000000e+00 |      --      |    Inf | unknown
 6211s|  9000 |  1535 | 42827k|4758.1 |   217M |  51 |4358 |2737 |1302 |1435 |  1 |  11k|  47 | 0.000000e+00 |      --      |    Inf | unknown
 6260s|  9100 |  1533 | 43200k|4746.8 |   217M |  53 |4358 |2749 |1299 |1459 |  1 |  11k|  47 | 0.000000e+00 |      --      |    Inf | unknown
 6322s|  9200 |  1553 | 43686k|4748.1 |   217M |  53 |4358 |2995 |1302 |1486 |  0 |  11k|  47 | 0.000000e+00 |      --      |    Inf | unknown
 time | node  | left  |LP iter|LP it/n|mem/heur|mdpt |vars |cons |rows |cuts |sepa|confs|strbr|  dualbound   | primalbound  |  gap   | compl. 
 6373s|  9300 |  1569 | 44065k|4737.8 |   218M |  53 |4358 |3144 |1302 |1512 |  1 |  11k|  47 | 0.000000e+00 |      --      |    Inf | unknown
 6428s|  9400 |  1591 | 44463k|4729.8 |   218M |  53 |4358 |3044 |1300 |1547 |  1 |  11k|  47 | 0.000000e+00 |      --      |    Inf | unknown
 6495s|  9500 |  1607 | 44942k|4730.4 |   218M |  53 |4358 |3110 |1300 |1560 |  0 |  11k|  47 | 0.000000e+00 |      --      |    Inf | unknown
 6554s|  9600 |  1615 | 45343k|4722.9 |   218M |  53 |4358 |3125 |1301 |1580 |  1 |  11k|  47 | 0.000000e+00 |      --      |    Inf | unknown
 6602s|  9700 |  1626 | 45687k|4709.6 |   218M |  53 |4358 |3097 |1306 |1614 |  1 |  11k|  47 | 0.000000e+00 |      --      |    Inf | unknown
 6647s|  9800 |  1634 | 46016k|4695.2 |   219M |  53 |4358 |3064 |1300 |1675 |  1 |  11k|  47 | 0.000000e+00 |      --      |    Inf | unknown
 6676s|  9900 |  1636 | 46251k|4671.5 |   224M |  53 |4358 |3072 |1305 |1693 |  0 |  11k|  47 | 0.000000e+00 |      --      |    Inf | unknown
 6725s| 10000 |  1649 | 46615k|4661.1 |   224M |  53 |4358 |3095 |1302 |1729 |  1 |  12k|  47 | 0.000000e+00 |      --      |    Inf | unknown
 6826s| 10100 |  1713 | 47295k|4682.3 |   224M |  53 |4358 |3164 |1302 |1783 |  1 |  12k|  47 | 0.000000e+00 |      --      |    Inf | unknown
 6914s| 10200 |  1749 | 47886k|4694.3 |   225M |  53 |4358 |3204 |1308 |1821 |  1 |  12k|  47 | 0.000000e+00 |      --      |    Inf | unknown
 6990s| 10300 |  1787 | 48417k|4700.3 |   225M |  53 |4358 |3257 |1304 |1836 |  0 |  12k|  47 | 0.000000e+00 |      --      |    Inf | unknown
 7074s| 10400 |  1809 | 49004k|4711.6 |   225M |  53 |4358 |3303 |1305 |1857 |  0 |  12k|  47 | 0.000000e+00 |      --      |    Inf | unknown
 7157s| 10500 |  1823 | 49543k|4718.1 |   226M |  53 |4358 |3362 |1302 |1874 |  1 |  12k|  47 | 0.000000e+00 |      --      |    Inf | unknown
 7249s| 10600 |  1849 | 50157k|4731.4 |   226M |  53 |4358 |3397 |1315 |1904 |  5 |  12k|  47 | 0.000000e+00 |      --      |    Inf | unknown
 7336s| 10700 |  1871 | 50760k|4743.6 |   226M |  53 |4358 |3418 |1304 |1929 |  0 |  12k|  47 | 0.000000e+00 |      --      |    Inf | unknown
 time | node  | left  |LP iter|LP it/n|mem/heur|mdpt |vars |cons |rows |cuts |sepa|confs|strbr|  dualbound   | primalbound  |  gap   | compl. 
 7415s| 10800 |  1893 | 51316k|4751.2 |   227M |  53 |4358 |3337 |1305 |1960 |  0 |  12k|  47 | 0.000000e+00 |      --      |    Inf | unknown
 7472s| 10900 |  1909 | 51745k|4746.9 |   227M |  53 |4358 |3325 |1305 |1988 |  1 |  13k|  47 | 0.000000e+00 |      --      |    Inf | unknown
 7539s| 11000 |  1917 | 52228k|4747.7 |   227M |  53 |4358 |3348 |1302 |2002 |  0 |  13k|  47 | 0.000000e+00 |      --      |    Inf | unknown
 7621s| 11100 |  1929 | 52792k|4755.7 |   227M |  53 |4358 |3290 |1309 |2028 |  0 |  13k|  47 | 0.000000e+00 |      --      |    Inf | unknown
 7697s| 11200 |  1931 | 53338k|4762.0 |   227M |  53 |4358 |3277 |1301 |2036 |  1 |  13k|  47 | 0.000000e+00 |      --      |    Inf | unknown
 7782s| 11300 |  1943 | 53941k|4773.3 |   229M |  53 |4358 |3310 |1305 |2056 |  1 |  13k|  47 | 0.000000e+00 |      --      |    Inf | unknown
 7862s| 11400 |  1955 | 54530k|4783.0 |   230M |  53 |4358 |3336 |1302 |2080 |  1 |  13k|  47 | 0.000000e+00 |      --      |    Inf | unknown
 7927s| 11500 |  1975 | 54978k|4780.4 |   230M |  53 |4358 |3424 |1304 |2093 |  1 |  13k|  47 | 0.000000e+00 |      --      |    Inf | unknown
 7992s| 11600 |  1987 | 55445k|4779.4 |   231M |  53 |4358 |3391 |1303 |2099 |  1 |  13k|  47 | 0.000000e+00 |      --      |    Inf | unknown
 8073s| 11700 |  2007 | 56010k|4786.9 |   231M |  53 |4358 |3431 |1305 |2118 |  1 |  13k|  47 | 0.000000e+00 |      --      |    Inf | unknown
 8155s| 11800 |  2012 | 56581k|4794.7 |   231M |  53 |4358 |3404 |1307 |2128 |  0 |  14k|  47 | 0.000000e+00 |      --      |    Inf | unknown
 8234s| 11900 |  2026 | 57130k|4800.5 |   231M |  53 |4358 |3438 |1304 |2142 |  1 |  14k|  47 | 0.000000e+00 |      --      |    Inf | unknown
 8312s| 12000 |  2036 | 57682k|4806.5 |   231M |  53 |4358 |3482 |1307 |2163 |  0 |  14k|  47 | 0.000000e+00 |      --      |    Inf | unknown
 8373s| 12100 |  2048 | 58146k|4805.1 |   231M |  53 |4358 |3702 |1302 |2176 |  1 |  14k|  47 | 0.000000e+00 |      --      |    Inf | unknown
 8451s| 12200 |  2062 | 58681k|4809.6 |   232M |  53 |4358 |3720 |1306 |2201 |  0 |  14k|  47 | 0.000000e+00 |      --      |    Inf | unknown
 time | node  | left  |LP iter|LP it/n|mem/heur|mdpt |vars |cons |rows |cuts |sepa|confs|strbr|  dualbound   | primalbound  |  gap   | compl. 
 8536s| 12300 |  2073 | 59238k|4815.8 |   234M |  53 |4358 |3656 |1304 |2236 |  1 |  14k|  47 | 0.000000e+00 |      --      |    Inf | unknown
 8615s| 12400 |  2085 | 59781k|4820.8 |   234M |  53 |4358 |3650 |1309 |2253 |  1 |  14k|  47 | 0.000000e+00 |      --      |    Inf | unknown
 8675s| 12500 |  2093 | 60223k|4817.6 |   234M |  53 |4358 |3681 |1304 |2265 |  0 |  15k|  47 | 0.000000e+00 |      --      |    Inf | unknown
 8737s| 12600 |  2093 | 60668k|4814.7 |   234M |  53 |4358 |3606 |1302 |2286 |  1 |  15k|  47 | 0.000000e+00 |      --      |    Inf | unknown
 8806s| 12700 |  2095 | 61149k|4814.6 |   234M |  53 |4358 |3398 |1300 |2312 |  0 |  15k|  47 | 0.000000e+00 |      --      |    Inf | unknown
 8863s| 12800 |  2111 | 61551k|4808.4 |   234M |  53 |4358 |3414 |1307 |2366 |  1 |  15k|  47 | 0.000000e+00 |      --      |    Inf | unknown
 8933s| 12900 |  2129 | 62029k|4808.2 |   234M |  53 |4358 |3269 |1300 |2388 |  1 |  15k|  47 | 0.000000e+00 |      --      |    Inf | unknown
 8992s| 13000 |  2145 | 62446k|4803.3 |   236M |  53 |4358 |3165 |1302 |2415 |  0 |  15k|  47 | 0.000000e+00 |      --      |    Inf | unknown
 9049s| 13100 |  2151 | 62858k|4798.1 |   236M |  53 |4358 |3138 |1301 |2435 |  0 |  15k|  47 | 0.000000e+00 |      --      |    Inf | unknown
 9102s| 13200 |  2159 | 63267k|4792.7 |   237M |  53 |4358 |3203 |1303 |2457 |  0 |  15k|  47 | 0.000000e+00 |      --      |    Inf | unknown
 9163s| 13300 |  2167 | 63709k|4789.9 |   237M |  53 |4358 |2979 |1297 |2468 |  1 |  15k|  47 | 0.000000e+00 |      --      |    Inf | unknown
 9240s| 13400 |  2197 | 64258k|4795.1 |   237M |  53 |4358 |2935 |1297 |2517 |  1 |  15k|  47 | 0.000000e+00 |      --      |    Inf | unknown
 9321s| 13500 |  2213 | 64813k|4800.7 |   237M |  53 |4358 |3026 |1302 |2552 |  0 |  15k|  47 | 0.000000e+00 |      --      |    Inf | unknown
 9396s| 13600 |  2229 | 65337k|4803.9 |   237M |  53 |4358 |3021 |1302 |2573 |  0 |  16k|  47 | 0.000000e+00 |      --      |    Inf | unknown
 9473s| 13700 |  2249 | 65872k|4807.9 |   237M |  53 |4358 |2988 |1301 |2581 |  0 |  16k|  47 | 0.000000e+00 |      --      |    Inf | unknown
 time | node  | left  |LP iter|LP it/n|mem/heur|mdpt |vars |cons |rows |cuts |sepa|confs|strbr|  dualbound   | primalbound  |  gap   | compl. 
 9525s| 13800 |  2257 | 66266k|4801.6 |   237M |  53 |4358 |3030 |1301 |2594 |  0 |  16k|  47 | 0.000000e+00 |      --      |    Inf | unknown
 9601s| 13900 |  2265 | 66813k|4806.4 |   237M |  53 |4358 |3073 |1303 |2606 |  1 |  16k|  47 | 0.000000e+00 |      --      |    Inf | unknown
 9699s| 14000 |  2281 | 67452k|4817.8 |   237M |  53 |4358 |3066 |1302 |2641 |  0 |  16k|  47 | 0.000000e+00 |      --      |    Inf | unknown
 9783s| 14100 |  2291 | 68043k|4825.5 |   237M |  53 |4358 |3022 |1302 |2664 |  1 |  16k|  47 | 0.000000e+00 |      --      |    Inf | unknown
 9859s| 14200 |  2297 | 68594k|4830.3 |   238M |  53 |4358 |3052 |1304 |2679 |  0 |  16k|  47 | 0.000000e+00 |      --      |    Inf | unknown
 9936s| 14300 |  2311 | 69140k|4834.7 |   238M |  53 |4358 |3119 |1300 |2693 |  1 |  16k|  47 | 0.000000e+00 |      --      |    Inf | unknown
  167m| 14400 |  2333 | 69753k|4843.7 |   238M |  53 |4358 |3200 |1299 |2702 |  1 |  16k|  47 | 0.000000e+00 |      --      |    Inf | unknown
  168m| 14500 |  2345 | 70326k|4849.9 |   238M |  53 |4358 |3160 |1303 |2720 |  0 |  16k|  47 | 0.000000e+00 |      --      |    Inf | unknown
  170m| 14600 |  2353 | 70819k|4850.4 |   238M |  53 |4358 |3091 |1300 |2731 |  0 |  16k|  47 | 0.000000e+00 |      --      |    Inf | unknown
  171m| 14700 |  2365 | 71292k|4849.5 |   239M |  53 |4358 |3062 |1304 |2752 |  1 |  17k|  47 | 0.000000e+00 |      --      |    Inf | unknown
  172m| 14800 |  2379 | 71851k|4854.6 |   239M |  53 |4358 |3131 |1301 |2784 |  0 |  17k|  47 | 0.000000e+00 |      --      |    Inf | unknown
  173m| 14900 |  2385 | 72344k|4855.0 |   239M |  53 |4358 |3123 |1300 |2827 |  0 |  17k|  47 | 0.000000e+00 |      --      |    Inf | unknown
  174m| 15000 |  2399 | 72815k|4854.1 |   240M |  53 |4358 |3141 |1305 |2865 |  0 |  17k|  47 | 0.000000e+00 |      --      |    Inf | unknown
  175m| 15100 |  2415 | 73316k|4855.1 |   240M |  53 |4358 |3134 |1300 |2871 |  0 |  17k|  47 | 0.000000e+00 |      --      |    Inf | unknown
  176m| 15200 |  2435 | 73821k|4856.4 |   240M |  53 |4358 |3217 |1301 |2879 |  0 |  17k|  47 | 0.000000e+00 |      --      |    Inf | unknown
 time | node  | left  |LP iter|LP it/n|mem/heur|mdpt |vars |cons |rows |cuts |sepa|confs|strbr|  dualbound   | primalbound  |  gap   | compl. 
  178m| 15300 |  2447 | 74332k|4858.1 |   240M |  53 |4358 |3205 |1301 |2883 |  1 |  17k|  47 | 0.000000e+00 |      --      |    Inf | unknown
  179m| 15400 |  2463 | 74833k|4859.1 |   240M |  53 |4358 |3234 |1301 |2893 |  0 |  17k|  47 | 0.000000e+00 |      --      |    Inf | unknown
  180m| 15500 |  2477 | 75325k|4859.5 |   240M |  53 |4358 |3351 |1302 |2896 |  0 |  17k|  47 | 0.000000e+00 |      --      |    Inf | unknown
  181m| 15600 |  2481 | 75822k|4860.2 |   241M |  53 |4358 |3336 |1302 |2904 |  1 |  18k|  47 | 0.000000e+00 |      --      |    Inf | unknown
  182m| 15700 |  2507 | 76412k|4866.8 |   242M |  53 |4358 |3363 |1300 |2908 |  1 |  18k|  47 | 0.000000e+00 |      --      |    Inf | unknown
  183m| 15800 |  2525 | 76883k|4865.8 |   242M |  53 |4358 |3407 |1299 |2918 |  1 |  18k|  47 | 0.000000e+00 |      --      |    Inf | unknown
  184m| 15900 |  2537 | 77408k|4868.2 |   242M |  53 |4358 |3419 |1300 |2918 |  0 |  18k|  47 | 0.000000e+00 |      --      |    Inf | unknown
  185m| 16000 |  2547 | 77956k|4872.0 |   243M |  53 |4358 |3405 |1301 |2930 |  1 |  18k|  47 | 0.000000e+00 |      --      |    Inf | unknown
  187m| 16100 |  2559 | 78456k|4872.8 |   243M |  53 |4358 |3366 |1299 |2935 |  1 |  18k|  47 | 0.000000e+00 |      --      |    Inf | unknown
  188m| 16200 |  2569 | 78886k|4869.3 |   243M |  53 |4358 |3430 |1301 |2935 |  1 |  18k|  47 | 0.000000e+00 |      --      |    Inf | unknown
  189m| 16300 |  2573 | 79319k|4866.0 |   243M |  53 |4358 |3477 |1302 |2943 |  1 |  18k|  47 | 0.000000e+00 |      --      |    Inf | unknown
  190m| 16400 |  2581 | 79788k|4864.9 |   243M |  53 |4358 |3539 |1303 |2949 |  0 |  18k|  47 | 0.000000e+00 |      --      |    Inf | unknown
  191m| 16500 |  2581 | 80266k|4864.4 |   243M |  53 |4358 |3336 |1301 |2976 |  0 |  19k|  47 | 0.000000e+00 |      --      |    Inf | unknown
  192m| 16600 |  2589 | 80753k|4864.5 |   243M |  53 |4358 |3219 |1300 |3003 |  0 |  19k|  47 | 0.000000e+00 |      --      |    Inf | unknown
  193m| 16700 |  2601 | 81277k|4866.7 |   244M |  53 |4358 |3242 |1309 |3022 |  0 |  19k|  47 | 0.000000e+00 |      --      |    Inf | unknown
 time | node  | left  |LP iter|LP it/n|mem/heur|mdpt |vars |cons |rows |cuts |sepa|confs|strbr|  dualbound   | primalbound  |  gap   | compl. 
  194m| 16800 |  2617 | 81689k|4862.3 |   244M |  53 |4358 |3328 |1301 |3033 |  1 |  19k|  47 | 0.000000e+00 |      --      |    Inf | unknown
  195m| 16900 |  2625 | 82150k|4860.7 |   244M |  53 |4358 |3211 |1300 |3057 |  0 |  19k|  47 | 0.000000e+00 |      --      |    Inf | unknown
  196m| 17000 |  2647 | 82681k|4863.4 |   244M |  53 |4358 |3184 |1305 |3112 |  1 |  19k|  47 | 0.000000e+00 |      --      |    Inf | unknown
  197m| 17100 |  2657 | 83043k|4856.1 |   244M |  53 |4358 |3042 |1303 |3134 |  0 |  19k|  47 | 0.000000e+00 |      --      |    Inf | unknown
  198m| 17200 |  2673 | 83475k|4853.0 |   244M |  53 |4358 |3010 |1299 |3158 |  1 |  19k|  47 | 0.000000e+00 |      --      |    Inf | unknown
  199m| 17300 |  2694 | 83966k|4853.3 |   245M |  53 |4358 |2839 |1301 |3182 |  0 |  19k|  47 | 0.000000e+00 |      --      |    Inf | unknown
  200m| 17400 |  2724 | 84396k|4850.2 |   245M |  53 |4358 |2942 |1299 |3197 |  1 |  20k|  47 | 0.000000e+00 |      --      |    Inf | unknown
  201m| 17500 |  2760 | 84857k|4848.8 |   246M |  53 |4358 |2894 |1301 |3231 |  1 |  20k|  47 | 0.000000e+00 |      --      |    Inf | unknown
  202m| 17600 |  2776 | 85311k|4847.1 |   246M |  53 |4358 |2884 |1303 |3256 |  1 |  20k|  47 | 0.000000e+00 |      --      |    Inf | unknown
  203m| 17700 |  2796 | 85749k|4844.4 |   246M |  53 |4358 |2962 |1306 |3268 |  1 |  20k|  47 | 0.000000e+00 |      --      |    Inf | unknown
  204m| 17800 |  2804 | 86125k|4838.3 |   246M |  53 |4358 |2960 |1307 |3277 |  0 |  20k|  47 | 0.000000e+00 |      --      |    Inf | unknown
  205m| 17900 |  2820 | 86523k|4833.5 |   247M |  53 |4358 |3018 |1301 |3292 |  1 |  20k|  47 | 0.000000e+00 |      --      |    Inf | unknown
  206m| 18000 |  2834 | 87005k|4833.4 |   247M |  53 |4358 |3085 |1304 |3316 |  1 |  20k|  47 | 0.000000e+00 |      --      |    Inf | unknown
  207m| 18100 |  2840 | 87462k|4832.0 |   247M |  53 |4358 |3065 |1301 |3339 |  0 |  20k|  47 | 0.000000e+00 |      --      |    Inf | unknown
  208m| 18200 |  2850 | 87975k|4833.6 |   247M |  53 |4358 |3122 |1304 |3361 |  0 |  20k|  47 | 0.000000e+00 |      --      |    Inf | unknown
 time | node  | left  |LP iter|LP it/n|mem/heur|mdpt |vars |cons |rows |cuts |sepa|confs|strbr|  dualbound   | primalbound  |  gap   | compl. 
  209m| 18300 |  2864 | 88379k|4829.3 |   248M |  53 |4358 |3157 |1305 |3383 |  2 |  21k|  47 | 0.000000e+00 |      --      |    Inf | unknown
  210m| 18400 |  2864 | 88843k|4828.2 |   248M |  53 |4358 |3094 |1299 |3413 |  0 |  21k|  47 | 0.000000e+00 |      --      |    Inf | unknown
  211m| 18500 |  2864 | 89192k|4821.0 |   248M |  53 |4358 |3115 |1307 |3434 |  0 |  21k|  47 | 0.000000e+00 |      --      |    Inf | unknown
  212m| 18600 |  2874 | 89603k|4817.2 |   249M |  53 |4358 |3192 |1305 |3456 |  0 |  21k|  47 | 0.000000e+00 |      --      |    Inf | unknown
  213m| 18700 |  2898 | 90086k|4817.3 |   249M |  53 |4358 |3248 |1305 |3481 |  1 |  21k|  47 | 0.000000e+00 |      --      |    Inf | unknown
  214m| 18800 |  2904 | 90412k|4808.9 |   249M |  53 |4358 |3225 |1305 |3495 |  0 |  21k|  47 | 0.000000e+00 |      --      |    Inf | unknown
  215m| 18900 |  2903 | 90913k|4810.0 |   250M |  53 |4358 |3040 |1303 |3510 |  0 |  21k|  47 | 0.000000e+00 |      --      |    Inf | unknown
  216m| 19000 |  2915 | 91345k|4807.5 |   250M |  53 |4358 |3001 |1304 |3539 |  1 |  21k|  47 | 0.000000e+00 |      --      |    Inf | unknown
  217m| 19100 |  2943 | 91903k|4811.5 |   250M |  53 |4358 |3023 |1310 |3566 |  2 |  21k|  47 | 0.000000e+00 |      --      |    Inf | unknown
  219m| 19200 |  2965 | 92370k|4810.7 |   251M |  53 |4358 |3123 |1303 |3590 |  0 |  21k|  47 | 0.000000e+00 |      --      |    Inf | unknown
  219m| 19300 |  2983 | 92790k|4807.6 |   252M |  53 |4358 |3101 |1305 |3624 |  1 |  21k|  47 | 0.000000e+00 |      --      |    Inf | unknown
  221m| 19400 |  2995 | 93253k|4806.7 |   252M |  53 |4358 |3107 |1308 |3652 |  3 |  21k|  47 | 0.000000e+00 |      --      |    Inf | unknown
  222m| 19500 |  3005 | 93695k|4804.7 |   252M |  53 |4358 |3152 |1303 |3671 |  1 |  22k|  47 | 0.000000e+00 |      --      |    Inf | unknown
  222m| 19600 |  3016 | 94088k|4800.3 |   253M |  53 |4358 |3120 |1310 |3694 |  1 |  22k|  47 | 0.000000e+00 |      --      |    Inf | unknown
  223m| 19700 |  3016 | 94508k|4797.2 |   253M |  53 |4358 |3083 |1310 |3713 |  1 |  22k|  47 | 0.000000e+00 |      --      |    Inf | unknown
 time | node  | left  |LP iter|LP it/n|mem/heur|mdpt |vars |cons |rows |cuts |sepa|confs|strbr|  dualbound   | primalbound  |  gap   | compl. 
  224m| 19800 |  3022 | 94897k|4792.6 |   253M |  53 |4358 |3069 |1305 |3744 |  2 |  22k|  47 | 0.000000e+00 |      --      |    Inf | unknown
  225m| 19900 |  3030 | 95307k|4789.1 |   253M |  53 |4358 |3093 |1305 |3769 |  3 |  22k|  47 | 0.000000e+00 |      --      |    Inf | unknown
  226m| 20000 |  3040 | 95723k|4786.0 |   253M |  53 |4358 |3115 |1304 |3810 |  0 |  22k|  47 | 0.000000e+00 |      --      |    Inf | unknown
  227m| 20100 |  3048 | 96149k|4783.4 |   253M |  53 |4358 |3084 |1300 |3822 |  0 |  22k|  47 | 0.000000e+00 |      --      |    Inf | unknown
  230m| 20200 |  3056 | 97365k|4819.9 |   254M |  53 |4358 |3095 |1300 |3838 |  1 |  22k|  47 | 0.000000e+00 |      --      |    Inf | unknown
  231m| 20300 |  3070 | 97803k|4817.7 |   254M |  53 |4358 |3090 |1300 |3871 |  1 |  22k|  47 | 0.000000e+00 |      --      |    Inf | unknown
  232m| 20400 |  3075 | 98208k|4813.9 |   254M |  53 |4358 |3054 |1308 |3885 |  1 |  22k|  47 | 0.000000e+00 |      --      |    Inf | unknown
  233m| 20500 |  3083 | 98567k|4808.0 |   254M |  53 |4358 |3031 |1299 |3914 |  1 |  23k|  47 | 0.000000e+00 |      --      |    Inf | unknown
  233m| 20600 |  3083 | 98862k|4799.0 |   255M |  53 |4358 |2940 |1300 |3939 |  0 |  23k|  47 | 0.000000e+00 |      --      |    Inf | unknown
  234m| 20700 |  3095 | 99179k|4791.1 |   255M |  53 |4358 |2937 |1307 |3951 |  1 |  23k|  47 | 0.000000e+00 |      --      |    Inf | unknown
  235m| 20800 |  3101 | 99480k|4782.5 |   255M |  53 |4358 |2931 |1313 |3984 |  0 |  23k|  47 | 0.000000e+00 |      --      |    Inf | unknown
  236m| 20900 |  3113 | 99957k|4782.5 |   255M |  53 |4358 |2912 |1300 |3997 |  1 |  23k|  47 | 0.000000e+00 |      --      |    Inf | unknown
  236m| 21000 |  3117 |100219k|4772.2 |   255M |  56 |4358 |2926 |1308 |4022 |  0 |  23k|  47 | 0.000000e+00 |      --      |    Inf | unknown
  237m| 21100 |  3123 |100546k|4765.1 |   255M |  58 |4358 |2829 |1305 |4054 |  0 |  23k|  47 | 0.000000e+00 |      --      |    Inf | unknown
  238m| 21200 |  3127 |100891k|4758.8 |   256M |  58 |4358 |2858 |1302 |4097 |  1 |  23k|  47 | 0.000000e+00 |      --      |    Inf | unknown
 time | node  | left  |LP iter|LP it/n|mem/heur|mdpt |vars |cons |rows |cuts |sepa|confs|strbr|  dualbound   | primalbound  |  gap   | compl. 
  238m| 21300 |  3129 |101244k|4753.1 |   257M |  58 |4358 |2829 |1306 |4125 |  1 |  23k|  47 | 0.000000e+00 |      --      |    Inf | unknown
  239m| 21400 |  3139 |101601k|4747.6 |   257M |  58 |4358 |2855 |1303 |4163 |  2 |  23k|  47 | 0.000000e+00 |      --      |    Inf | unknown

SCIP Status        : solving was interrupted [time limit reached]
Solving Time (sec) : 14400.00
Solving Nodes      : 21470
Primal Bound       : +1.00000000000000e+20 (0 solutions)
Dual Bound         : +0.00000000000000e+00
Gap                : infinite
status: timelimit
INDETERMINATE
