k=4 bound=44 tree=[(1, 0), (1, 2), (0, 3)] E=150 X=2000 -> UNKNOWN
k=4 bound=44 tree=[(1, 0), (0, 2), (0, 3)] E=150 X=2000 -> UNKNOWN
k=5 bound=44 tree=[(1, 0), (1, 2), (0, 3), (3, 4)] E=120 X=2000 -> UNKNOWN
k=5 bound=44 tree=[(1, 0), (1, 2), (0, 3), (0, 4)] E=120 X=2000 -> UNKNOWN
k=5 bound=44 tree=[(1, 0), (0, 2), (0, 3), (0, 4)] E=120 X=2000 -> UNKNOWN
k=6 bound=44 tree=[(1, 0), (1, 2), (0, 4), (2, 3), (4, 5)] E=100 X=2000 -> UNKNOWN
k=6 bound=44 tree=[(1, 0), (1, 2), (1, 3), (0, 4), (4, 5)] E=100 X=2000 -> UNKNOWN
k=6 bound=44 tree=[(1, 0), (1, 2), (1, 3), (0, 4), (0, 5)] E=100 X=2000 -> UNKNOWN
k=6 bound=44 tree=[(1, 0), (1, 2), (0, 3), (0, 5), (3, 4)] E=100 X=2000 -> UNKNOWN
k=6 bound=44 tree=[(1, 0), (1, 2), (0, 3), (0, 4), (0, 5)] E=100 X=2000 -> UNKNOWN
k=6 bound=44 tree=[(1, 0), (0, 2), (0, 3), (0, 4), (0, 5)] E=100 X=2000 -> UNKNOWN
k=7 bound=44 tree=[(1, 0), (1, 2), (0, 4), (2, 3), (4, 5), (5, 6)] E=85 X=2000 -> UNKNOWN
k=7 bound=44 tree=[(1, 0), (1, 2), (0, 4), (2, 3), (4, 5), (4, 6)] E=85 X=2000 -> UNKNOWN
k=7 bound=44 tree=[(1, 0), (1, 2), (0, 4), (0, 6), (2, 3), (4, 5)] E=85 X=2000 -> UNKNOWN
k=7 bound=44 tree=[(1, 0), (1, 2), (1, 3), (1, 4), (0, 5), (5, 6)] E=85 X=2000 -> UNKNOWN
k=7 bound=44 tree=[(1, 0), (1, 2), (1, 3), (0, 4), (4, 5), (4, 6)] E=85 X=2000 -> UNKNOWN
k=7 bound=44 tree=[(1, 0), (1, 2), (1, 3), (0, 4), (0, 6), (4, 5)] E=85 X=2000 -> UNKNOWN
k=7 bound=44 tree=[(1, 0), (1, 2), (1, 3), (0, 4), (0, 5), (0, 6)] E=85 X=2000 -> UNKNOWN
k=7 bound=44 tree=[(1, 0), (1, 2), (0, 3), (0, 5), (3, 4), (5, 6)] E=85 X=2000 -> UNKNOWN
k=7 bound=44 tree=[(1, 0), (1, 2), (0, 3), (0, 5), (0, 6), (3, 4)] E=85 X=2000 -> UNKNOWN
k=7 bound=44 tree=[(1, 0), (1, 2), (0, 3), (0, 4), (0, 5), (0, 6)] E=85 X=2000 -> UNKNOWN
k=7 bound=44 tree=[(1, 0), (0, 2), (0, 3), (0, 4), (0, 5), (0, 6)] E=85 X=2000 -> UNKNOWN
k=8 bound=44 tree=[(1, 0), (1, 2), (0, 5), (2, 3), (3, 4), (5, 6), (6, 7)] E=75 X=2000 -> UNKNOWN
k=8 bound=44 tree=[(1, 0), (1, 2), (0, 5), (2, 3), (2, 4), (5, 6), (6, 7)] E=75 X=2000 -> UNKNOWN
k=8 bound=44 tree=[(1, 0), (1, 2), (0, 5), (2, 3), (2, 4), (5, 6), (5, 7)] E=75 X=2000 -> UNKNOWN
k=8 bound=44 tree=[(1, 0), (1, 2), (1, 4), (0, 5), (2, 3), (5, 6), (6, 7)] E=75 X=2000 -> UNKNOWN
k=8 bound=44 tree=[(1, 0), (1, 2), (1, 4), (0, 5), (2, 3), (5, 6), (5, 7)] E=75 X=2000 -> UNKNOWN
k=8 bound=44 tree=[(1, 0), (1, 2), (1, 4), (0, 5), (0, 7), (2, 3), (5, 6)] E=75 X=2000 -> UNKNOWN
k=8 bound=44 tree=[(1, 0), (1, 2), (0, 4), (0, 7), (2, 3), (4, 5), (5, 6)] E=75 X=2000 -> UNKNOWN
k=8 bound=44 tree=[(1, 0), (1, 2), (0, 4), (2, 3), (4, 5), (4, 6), (4, 7)] E=75 X=2000 -> UNKNOWN
k=8 bound=44 tree=[(1, 0), (1, 2), (0, 4), (0, 7), (2, 3), (4, 5), (4, 6)] E=75 X=2000 -> UNKNOWN
k=8 bound=44 tree=[(1, 0), (1, 2), (0, 4), (0, 6), (2, 3), (4, 5), (6, 7)] E=75 X=2000 -> UNKNOWN
k=8 bound=44 tree=[(1, 0), (1, 2), (0, 4), (0, 6), (0, 7), (2, 3), (4, 5)] E=75 X=2000 -> UNKNOWN
k=8 bound=44 tree=[(1, 0), (1, 2), (1, 3), (1, 4), (1, 5), (0, 6), (6, 7)] E=75 X=2000 -> UNKNOWN
k=8 bound=44 tree=[(1, 0), (1, 2), (1, 3), (1, 4), (0, 5), (5, 6), (5, 7)] E=75 X=2000 -> UNKNOWN
k=8 bound=44 tree=[(1, 0), (1, 2), (1, 3), (1, 4), (0, 5), (0, 7), (5, 6)] E=75 X=2000 -> UNKNOWN
k=8 bound=44 tree=[(1, 0), (1, 2), (1, 3), (1, 4), (0, 5), (0, 6), (0, 7)] E=75 X=2000 -> UNKNOWN
k=8 bound=44 tree=[(1, 0), (1, 2), (1, 3), (0, 4), (0, 7), (4, 5), (4, 6)] E=75 X=2000 -> UNKNOWN
k=8 bound=44 tree=[(1, 0), (1, 2), (1, 3), (0, 4), (0, 6), (4, 5), (6, 7)] E=75 X=2000 -> UNKNOWN
k=8 bound=44 tree=[(1, 0), (1, 2), (1, 3), (0, 4), (0, 6), (0, 7), (4, 5)] E=75 X=2000 -> UNKNOWN
k=8 bound=44 tree=[(1, 0), (1, 2), (1, 3), (0, 4), (0, 5), (0, 6), (0, 7)] E=75 X=2000 -> UNKNOWN
k=8 bound=44 tree=[(1, 0), (1, 2), (0, 3), (0, 5), (0, 7), (3, 4), (5, 6)] E=75 X=2000 -> UNKNOWN
k=8 bound=44 tree=[(1, 0), (1, 2), (0, 3), (0, 5), (0, 6), (0, 7), (3, 4)] E=75 X=2000 -> UNKNOWN
k=8 bound=44 tree=[(1, 0), (1, 2), (0, 3), (0, 4), (0, 5), (0, 6), (0, 7)] E=75 X=2000 -> UNKNOWN
k=8 bound=44 tree=[(1, 0), (0, 2), (0, 3), (0, 4), (0, 5), (0, 6), (0, 7)] E=75 X=2000 -> UNKNOWN
k=9 bound=44 tree=[(1, 0), (1, 2), (0, 5), (2, 3), (3, 4), (5, 6), (6, 7), (7, 8)] E=66 X=2000 -> UNKNOWN
k=9 bound=44 tree=[(1, 0), (1, 2), (0, 5), (2, 3), (3, 4), (5, 6), (6, 7), (6, 8)] E=66 X=2000 -> UNKNOWN
k=9 bound=44 tree=[(1, 0), (1, 2), (0, 5), (2, 3), (3, 4), (5, 6), (5, 8), (6, 7)] E=66 X=2000 -> UNKNOWN
k=9 bound=44 tree=[(1, 0), (1, 2), (0, 5), (0, 8), (2, 3), (3, 4), (5, 6), (6, 7)] E=66 X=2000 -> UNKNOWN
k=9 bound=44 tree=[(1, 0), (1, 2), (0, 6), (2, 3), (2, 4), (2, 5), (6, 7), (7, 8)] E=66 X=2000 -> UNKNOWN
k=9 bound=44 tree=[(1, 0), (1, 2), (1, 5), (0, 6), (2, 3), (2, 4), (6, 7), (7, 8)] E=66 X=2000 -> UNKNOWN
k=9 bound=44 tree=[(1, 0), (1, 2), (0, 5), (2, 3), (2, 4), (5, 6), (6, 7), (6, 8)] E=66 X=2000 -> UNKNOWN
k=9 bound=44 tree=[(1, 0), (1, 2), (0, 5), (2, 3), (2, 4), (5, 6), (5, 8), (6, 7)] E=66 X=2000 -> UNKNOWN
k=9 bound=44 tree=[(1, 0), (1, 2), (0, 5), (0, 8), (2, 3), (2, 4), (5, 6), (6, 7)] E=66 X=2000 -> UNKNOWN
k=9 bound=44 tree=[(1, 0), (1, 2), (0, 5), (2, 3), (2, 4), (5, 6), (5, 7), (5, 8)] E=66 X=2000 -> UNKNOWN
k=9 bound=44 tree=[(1, 0), (1, 2), (0, 5), (0, 8), (2, 3), (2, 4), (5, 6), (5, 7)] E=66 X=2000 -> UNKNOWN
k=9 bound=44 tree=[(1, 0), (1, 2), (0, 5), (0, 7), (2, 3), (2, 4), (5, 6), (7, 8)] E=66 X=2000 -> UNKNOWN
k=9 bound=44 tree=[(1, 0), (1, 2), (0, 5), (0, 7), (0, 8), (2, 3), (2, 4), (5, 6)] E=66 X=2000 -> UNKNOWN
k=9 bound=44 tree=[(1, 0), (1, 2), (1, 4), (0, 6), (2, 3), (4, 5), (6, 7), (7, 8)] E=66 X=2000 -> UNKNOWN
k=9 bound=44 tree=[(1, 0), (1, 2), (1, 4), (1, 5), (0, 6), (2, 3), (6, 7), (7, 8)] E=66 X=2000 -> UNKNOWN
k=9 bound=44 tree=[(1, 0), (1, 2), (1, 4), (0, 5), (2, 3), (5, 6), (5, 8), (6, 7)] E=66 X=2000 -> UNKNOWN
k=9 bound=44 tree=[(1, 0), (1, 2), (1, 4), (0, 5), (0, 8), (2, 3), (5, 6), (6, 7)] E=66 X=2000 -> UNKNOWN
k=9 bound=44 tree=[(1, 0), (1, 2), (1, 4), (0, 5), (2, 3), (5, 6), (5, 7), (5, 8)] E=66 X=2000 -> UNKNOWN
k=9 bound=44 tree=[(1, 0), (1, 2), (1, 4), (0, 5), (0, 8), (2, 3), (5, 6), (5, 7)] E=66 X=2000 -> UNKNOWN
k=9 bound=44 tree=[(1, 0), (1, 2), (1, 4), (0, 5), (0, 7), (2, 3), (5, 6), (7, 8)] E=66 X=2000 -> UNKNOWN
k=9 bound=44 tree=[(1, 0), (1, 2), (1, 4), (0, 5), (0, 7), (0, 8), (2, 3), (5, 6)] E=66 X=2000 -> UNKNOWN
k=9 bound=44 tree=[(1, 0), (1, 2), (0, 4), (0, 7), (2, 3), (4, 5), (5, 6), (7, 8)] E=66 X=2000 -> UNKNOWN
k=9 bound=44 tree=[(1, 0), (1, 2), (0, 4), (0, 7), (0, 8), (2, 3), (4, 5), (5, 6)] E=66 X=2000 -> UNKNOWN
k=9 bound=44 tree=[(1, 0), (1, 2), (0, 4), (2, 3), (4, 5), (4, 6), (4, 7), (4, 8)] E=66 X=2000 -> UNKNOWN
k=9 bound=44 tree=[(1, 0), (1, 2), (0, 4), (0, 8), (2, 3), (4, 5), (4, 6), (4, 7)] E=66 X=2000 -> UNKNOWN
k=9 bound=44 tree=[(1, 0), (1, 2), (0, 4), (0, 7), (2, 3), (4, 5), (4, 6), (7, 8)] E=66 X=2000 -> UNKNOWN
k=9 bound=44 tree=[(1, 0), (1, 2), (0, 4), (0, 7), (0, 8), (2, 3), (4, 5), (4, 6)] E=66 X=2000 -> UNKNOWN
k=9 bound=44 tree=[(1, 0), (1, 2), (0, 4), (0, 6), (0, 8), (2, 3), (4, 5), (6, 7)] E=66 X=2000 -> UNKNOWN
k=9 bound=44 tree=[(1, 0), (1, 2), (0, 4), (0, 6), (0, 7), (0, 8), (2, 3), (4, 5)] E=66 X=2000 -> UNKNOWN
k=9 bound=44 tree=[(1, 0), (1, 2), (1, 3), (1, 4), (1, 5), (1, 6), (0, 7), (7, 8)] E=66 X=2000 -> UNKNOWN
k=9 bound=44 tree=[(1, 0), (1, 2), (1, 3), (1, 4), (1, 5), (0, 6), (6, 7), (6, 8)] E=66 X=2000 -> UNKNOWN
k=9 bound=44 tree=[(1, 0), (1, 2), (1, 3), (1, 4), (1, 5), (0, 6), (0, 8), (6, 7)] E=66 X=2000 -> UNKNOWN
k=9 bound=44 tree=[(1, 0), (1, 2), (1, 3), (1, 4), (0, 5), (5, 6), (5, 7), (5, 8)] E=66 X=2000 -> UNKNOWN
k=9 bound=44 tree=[(1, 0), (1, 2), (1, 3), (1, 4), (0, 5), (0, 8), (5, 6), (5, 7)] E=66 X=2000 -> UNKNOWN
k=9 bound=44 tree=[(1, 0), (1, 2), (1, 3), (1, 4), (0, 5), (0, 7), (5, 6), (7, 8)] E=66 X=2000 -> UNKNOWN
k=9 bound=44 tree=[(1, 0), (1, 2), (1, 3), (1, 4), (0, 5), (0, 7), (0, 8), (5, 6)] E=66 X=2000 -> UNKNOWN
k=9 bound=44 tree=[(1, 0), (1, 2), (1, 3), (1, 4), (0, 5), (0, 6), (0, 7), (0, 8)] E=66 X=2000 -> UNKNOWN
k=9 bound=44 tree=[(1, 0), (1, 2), (1, 3), (0, 4), (0, 7), (4, 5), (4, 6), (7, 8)] E=66 X=2000 -> UNKNOWN
k=9 bound=44 tree=[(1, 0), (1, 2), (1, 3), (0, 4), (0, 7), (0, 8), (4, 5), (4, 6)] E=66 X=2000 -> UNKNOWN
k=9 bound=44 tree=[(1, 0), (1, 2), (1, 3), (0, 4), (0, 6), (0, 8), (4, 5), (6, 7)] E=66 X=2000 -> UNKNOWN
k=9 bound=44 tree=[(1, 0), (1, 2), (1, 3), (0, 4), (0, 6), (0, 7), (0, 8), (4, 5)] E=66 X=2000 -> UNKNOWN
k=9 bound=44 tree=[(1, 0), (1, 2), (1, 3), (0, 4), (0, 5), (0, 6), (0, 7), (0, 8)] E=66 X=2000 -> UNKNOWN
k=9 bound=44 tree=[(1, 0), (1, 2), (0, 3), (0, 5), (0, 7), (3, 4), (5, 6), (7, 8)] E=66 X=2000 -> UNKNOWN
k=9 bound=44 tree=[(1, 0), (1, 2), (0, 3), (0, 5), (0, 7), (0, 8), (3, 4), (5, 6)] E=66 X=2000 -> UNKNOWN
k=9 bound=44 tree=[(1, 0), (1, 2), (0, 3), (0, 5), (0, 6), (0, 7), (0, 8), (3, 4)] E=66 X=2000 -> UNKNOWN
k=9 bound=44 tree=[(1, 0), (1, 2), (0, 3), (0, 4), (0, 5), (0, 6), (0, 7), (0, 8)] E=66 X=2000 -> UNKNOWN
k=9 bound=44 tree=[(1, 0), (0, 2), (0, 3), (0, 4), (0, 5), (0, 6), (0, 7), (0, 8)] E=66 X=2000 -> UNKNOWN
k=10 bound=44 tree=[(1, 0), (1, 2), (0, 6), (2, 3), (3, 4), (4, 5), (6, 7), (7, 8), (8, 9)] E=60 X=2000 -> UNKNOWN
k=10 bound=44 tree=[(1, 0), (1, 2), (0, 6), (2, 3), (3, 4), (3, 5), (6, 7), (7, 8), (8, 9)] E=60 X=2000 -> UNKNOWN
k=10 bound=44 tree=[(1, 0), (1, 2), (0, 6), (2, 3), (3, 4), (3, 5), (6, 7), (7, 8), (7, 9)] E=60 X=2000 -> UNKNOWN
k=10 bound=44 tree=[(1, 0), (1, 2), (0, 6), (2, 3), (2, 5), (3, 4), (6, 7), (7, 8), (8, 9)] E=60 X=2000 -> UNKNOWN
k=10 bound=44 tree=[(1, 0), (1, 2), (0, 6), (2, 3), (2, 5), (3, 4), (6, 7), (7, 8), (7, 9)] E=60 X=2000 -> UNKNOWN
k=10 bound=44 tree=[(1, 0), (1, 2), (0, 6), (2, 3), (2, 5), (3, 4), (6, 7), (6, 9), (7, 8)] E=60 X=2000 -> UNKNOWN
k=10 bound=44 tree=[(1, 0), (1, 2), (1, 5), (0, 6), (2, 3), (3, 4), (6, 7), (7, 8), (8, 9)] E=60 X=2000 -> UNKNOWN
k=10 bound=44 tree=[(1, 0), (1, 2), (1, 5), (0, 6), (2, 3), (3, 4), (6, 7), (7, 8), (7, 9)] E=60 X=2000 -> UNKNOWN
k=10 bound=44 tree=[(1, 0), (1, 2), (1, 5), (0, 6), (2, 3), (3, 4), (6, 7), (6, 9), (7, 8)] E=60 X=2000 -> UNKNOWN
k=10 bound=44 tree=[(1, 0), (1, 2), (1, 5), (0, 6), (0, 9), (2, 3), (3, 4), (6, 7), (7, 8)] E=60 X=2000 -> UNKNOWN
k=10 bound=44 tree=[(1, 0), (1, 2), (0, 5), (0, 9), (2, 3), (3, 4), (5, 6), (6, 7), (7, 8)] E=60 X=2000 -> UNKNOWN
k=10 bound=44 tree=[(1, 0), (1, 2), (0, 5), (2, 3), (3, 4), (5, 6), (6, 7), (6, 8), (6, 9)] E=60 X=2000 -> UNKNOWN
k=10 bound=44 tree=[(1, 0), (1, 2), (0, 5), (2, 3), (3, 4), (5, 6), (5, 9), (6, 7), (6, 8)] E=60 X=2000 -> UNKNOWN
k=10 bound=44 tree=[(1, 0), (1, 2), (0, 5), (0, 9), (2, 3), (3, 4), (5, 6), (6, 7), (6, 8)] E=60 X=2000 -> UNKNOWN
k=10 bound=44 tree=[(1, 0), (1, 2), (0, 5), (2, 3), (3, 4), (5, 6), (5, 8), (6, 7), (8, 9)] E=60 X=2000 -> UNKNOWN
k=10 bound=44 tree=[(1, 0), (1, 2), (0, 5), (2, 3), (3, 4), (5, 6), (5, 8), (5, 9), (6, 7)] E=60 X=2000 -> UNKNOWN
k=10 bound=44 tree=[(1, 0), (1, 2), (0, 5), (0, 9), (2, 3), (3, 4), (5, 6), (5, 8), (6, 7)] E=60 X=2000 -> UNKNOWN
k=10 bound=44 tree=[(1, 0), (1, 2), (0, 5), (0, 8), (2, 3), (3, 4), (5, 6), (6, 7), (8, 9)] E=60 X=2000 -> UNKNOWN
k=10 bound=44 tree=[(1, 0), (1, 2), (0, 5), (0, 8), (0, 9), (2, 3), (3, 4), (5, 6), (6, 7)] E=60 X=2000 -> UNKNOWN
k=10 bound=44 tree=[(1, 0), (1, 2), (0, 7), (2, 3), (2, 4), (2, 5), (2, 6), (7, 8), (8, 9)] E=60 X=2000 -> UNKNOWN
k=10 bound=44 tree=[(1, 0), (1, 2), (1, 6), (0, 7), (2, 3), (2, 4), (2, 5), (7, 8), (8, 9)] E=60 X=2000 -> UNKNOWN
k=10 bound=44 tree=[(1, 0), (1, 2), (0, 6), (2, 3), (2, 4), (2, 5), (6, 7), (7, 8), (7, 9)] E=60 X=2000 -> UNKNOWN
k=10 bound=44 tree=[(1, 0), (1, 2), (0, 6), (2, 3), (2, 4), (2, 5), (6, 7), (6, 9), (7, 8)] E=60 X=2000 -> UNKNOWN
k=10 bound=44 tree=[(1, 0), (1, 2), (0, 6), (0, 9), (2, 3), (2, 4), (2, 5), (6, 7), (7, 8)] E=60 X=2000 -> UNKNOWN
k=10 bound=44 tree=[(1, 0), (1, 2), (0, 6), (2, 3), (2, 4), (2, 5), (6, 7), (6, 8), (6, 9)] E=60 X=2000 -> UNKNOWN
k=10 bound=44 tree=[(1, 0), (1, 2), (1, 5), (0, 7), (2, 3), (2, 4), (5, 6), (7, 8), (8, 9)] E=60 X=2000 -> UNKNOWN
k=10 bound=44 tree=[(1, 0), (1, 2), (1, 5), (1, 6), (0, 7), (2, 3), (2, 4), (7, 8), (8, 9)] E=60 X=2000 -> UNKNOWN
k=10 bound=44 tree=[(1, 0), (1, 2), (1, 5), (0, 6), (2, 3), (2, 4), (6, 7), (7, 8), (7, 9)] E=60 X=2000 -> UNKNOWN
k=10 bound=44 tree=[(1, 0), (1, 2), (1, 5), (0, 6), (2, 3), (2, 4), (6, 7), (6, 9), (7, 8)] E=60 X=2000 -> UNKNOWN
k=10 bound=44 tree=[(1, 0), (1, 2), (1, 5), (0, 6), (0, 9), (2, 3), (2, 4), (6, 7), (7, 8)] E=60 X=2000 -> UNKNOWN
k=10 bound=44 tree=[(1, 0), (1, 2), (1, 5), (0, 6), (2, 3), (2, 4), (6, 7), (6, 8), (6, 9)] E=60 X=2000 -> UNKNOWN
k=10 bound=44 tree=[(1, 0), (1, 2), (1, 5), (0, 6), (0, 9), (2, 3), (2, 4), (6, 7), (6, 8)] E=60 X=2000 -> UNKNOWN
k=10 bound=44 tree=[(1, 0), (1, 2), (0, 5), (0, 9), (2, 3), (2, 4), (5, 6), (6, 7), (6, 8)] E=60 X=2000 -> UNKNOWN
k=10 bound=44 tree=[(1, 0), (1, 2), (0, 5), (2, 3), (2, 4), (5, 6), (5, 8), (6, 7), (8, 9)] E=60 X=2000 -> UNKNOWN
k=10 bound=44 tree=[(1, 0), (1, 2), (0, 5), (2, 3), (2, 4), (5, 6), (5, 8), (5, 9), (6, 7)] E=60 X=2000 -> UNKNOWN
k=10 bound=44 tree=[(1, 0), (1, 2), (0, 5), (0, 9), (2, 3), (2, 4), (5, 6), (5, 8), (6, 7)] E=60 X=2000 -> UNKNOWN
k=10 bound=44 tree=[(1, 0), (1, 2), (0, 5), (0, 8), (2, 3), (2, 4), (5, 6), (6, 7), (8, 9)] E=60 X=2000 -> UNKNOWN
k=10 bound=44 tree=[(1, 0), (1, 2), (0, 5), (0, 8), (0, 9), (2, 3), (2, 4), (5, 6), (6, 7)] E=60 X=2000 -> UNKNOWN
k=10 bound=44 tree=[(1, 0), (1, 2), (0, 5), (2, 3), (2, 4), (5, 6), (5, 7), (5, 8), (5, 9)] E=60 X=2000 -> UNKNOWN
k=10 bound=44 tree=[(1, 0), (1, 2), (0, 5), (0, 9), (2, 3), (2, 4), (5, 6), (5, 7), (5, 8)] E=60 X=2000 -> UNKNOWN
k=10 bound=44 tree=[(1, 0), (1, 2), (0, 5), (0, 8), (2, 3), (2, 4), (5, 6), (5, 7), (8, 9)] E=60 X=2000 -> UNKNOWN
k=10 bound=44 tree=[(1, 0), (1, 2), (0, 5), (0, 8), (0, 9), (2, 3), (2, 4), (5, 6), (5, 7)] E=60 X=2000 -> UNKNOWN
k=10 bound=44 tree=[(1, 0), (1, 2), (0, 5), (0, 7), (0, 9), (2, 3), (2, 4), (5, 6), (7, 8)] E=60 X=2000 -> UNKNOWN
k=10 bound=44 tree=[(1, 0), (1, 2), (0, 5), (0, 7), (0, 8), (0, 9), (2, 3), (2, 4), (5, 6)] E=60 X=2000 -> UNKNOWN
k=10 bound=44 tree=[(1, 0), (1, 2), (1, 4), (1, 6), (0, 7), (2, 3), (4, 5), (7, 8), (8, 9)] E=60 X=2000 -> UNKNOWN
k=10 bound=44 tree=[(1, 0), (1, 2), (1, 4), (0, 6), (2, 3), (4, 5), (6, 7), (6, 9), (7, 8)] E=60 X=2000 -> UNKNOWN
k=10 bound=44 tree=[(1, 0), (1, 2), (1, 4), (0, 6), (0, 9), (2, 3), (4, 5), (6, 7), (7, 8)] E=60 X=2000 -> UNKNOWN
k=10 bound=44 tree=[(1, 0), (1, 2), (1, 4), (0, 6), (2, 3), (4, 5), (6, 7), (6, 8), (6, 9)] E=60 X=2000 -> UNKNOWN
k=10 bound=44 tree=[(1, 0), (1, 2), (1, 4), (0, 6), (0, 9), (2, 3), (4, 5), (6, 7), (6, 8)] E=60 X=2000 -> UNKNOWN
k=10 bound=44 tree=[(1, 0), (1, 2), (1, 4), (0, 6), (0, 8), (2, 3), (4, 5), (6, 7), (8, 9)] E=60 X=2000 -> UNKNOWN
k=10 bound=44 tree=[(1, 0), (1, 2), (1, 4), (1, 5), (1, 6), (0, 7), (2, 3), (7, 8), (8, 9)] E=60 X=2000 -> UNKNOWN
k=10 bound=44 tree=[(1, 0), (1, 2), (1, 4), (1, 5), (0, 6), (2, 3), (6, 7), (6, 9), (7, 8)] E=60 X=2000 -> UNKNOWN
k=10 bound=44 tree=[(1, 0), (1, 2), (1, 4), (1, 5), (0, 6), (0, 9), (2, 3), (6, 7), (7, 8)] E=60 X=2000 -> UNKNOWN
k=10 bound=44 tree=[(1, 0), (1, 2), (1, 4), (1, 5), (0, 6), (2, 3), (6, 7), (6, 8), (6, 9)] E=60 X=2000 -> UNKNOWN
k=10 bound=44 tree=[(1, 0), (1, 2), (1, 4), (1, 5), (0, 6), (0, 9), (2, 3), (6, 7), (6, 8)] E=60 X=2000 -> UNKNOWN
k=10 bound=44 tree=[(1, 0), (1, 2), (1, 4), (1, 5), (0, 6), (0, 8), (2, 3), (6, 7), (8, 9)] E=60 X=2000 -> UNKNOWN
k=10 bound=44 tree=[(1, 0), (1, 2), (1, 4), (1, 5), (0, 6), (0, 8), (0, 9), (2, 3), (6, 7)] E=60 X=2000 -> UNKNOWN
k=10 bound=44 tree=[(1, 0), (1, 2), (1, 4), (0, 5), (0, 9), (2, 3), (5, 6), (5, 8), (6, 7)] E=60 X=2000 -> UNKNOWN
k=10 bound=44 tree=[(1, 0), (1, 2), (1, 4), (0, 5), (0, 8), (2, 3), (5, 6), (6, 7), (8, 9)] E=60 X=2000 -> UNKNOWN
k=10 bound=44 tree=[(1, 0), (1, 2), (1, 4), (0, 5), (0, 8), (0, 9), (2, 3), (5, 6), (6, 7)] E=60 X=2000 -> UNKNOWN
k=10 bound=44 tree=[(1, 0), (1, 2), (1, 4), (0, 5), (2, 3), (5, 6), (5, 7), (5, 8), (5, 9)] E=60 X=2000 -> UNKNOWN
k=10 bound=44 tree=[(1, 0), (1, 2), (1, 4), (0, 5), (0, 9), (2, 3), (5, 6), (5, 7), (5, 8)] E=60 X=2000 -> UNKNOWN
k=10 bound=44 tree=[(1, 0), (1, 2), (1, 4), (0, 5), (0, 8), (2, 3), (5, 6), (5, 7), (8, 9)] E=60 X=2000 -> UNKNOWN
k=10 bound=44 tree=[(1, 0), (1, 2), (1, 4), (0, 5), (0, 8), (0, 9), (2, 3), (5, 6), (5, 7)] E=60 X=2000 -> UNKNOWN
k=10 bound=44 tree=[(1, 0), (1, 2), (1, 4), (0, 5), (0, 7), (0, 9), (2, 3), (5, 6), (7, 8)] E=60 X=2000 -> UNKNOWN
k=10 bound=44 tree=[(1, 0), (1, 2), (1, 4), (0, 5), (0, 7), (0, 8), (0, 9), (2, 3), (5, 6)] E=60 X=2000 -> UNKNOWN
k=10 bound=44 tree=[(1, 0), (1, 2), (0, 4), (0, 7), (2, 3), (4, 5), (5, 6), (7, 8), (8, 9)] E=60 X=2000 -> UNKNOWN
k=10 bound=44 tree=[(1, 0), (1, 2), (0, 4), (0, 7), (2, 3), (4, 5), (5, 6), (7, 8), (7, 9)] E=60 X=2000 -> UNKNOWN
k=10 bound=44 tree=[(1, 0), (1, 2), (0, 4), (0, 7), (0, 9), (2, 3), (4, 5), (5, 6), (7, 8)] E=60 X=2000 -> UNKNOWN
k=10 bound=44 tree=[(1, 0), (1, 2), (0, 4), (0, 7), (0, 8), (0, 9), (2, 3), (4, 5), (5, 6)] E=60 X=2000 -> UNKNOWN
k=10 bound=44 tree=[(1, 0), (1, 2), (0, 4), (2, 3), (4, 5), (4, 6), (4, 7), (4, 8), (4, 9)] E=60 X=2000 -> UNKNOWN
k=10 bound=44 tree=[(1, 0), (1, 2), (0, 4), (0, 9), (2, 3), (4, 5), (4, 6), (4, 7), (4, 8)] E=60 X=2000 -> UNKNOWN
k=10 bound=44 tree=[(1, 0), (1, 2), (0, 4), (0, 8), (2, 3), (4, 5), (4, 6), (4, 7), (8, 9)] E=60 X=2000 -> UNKNOWN
k=10 bound=44 tree=[(1, 0), (1, 2), (0, 4), (0, 8), (0, 9), (2, 3), (4, 5), (4, 6), (4, 7)] E=60 X=2000 -> UNKNOWN
k=10 bound=44 tree=[(1, 0), (1, 2), (0, 4), (0, 7), (2, 3), (4, 5), (4, 6), (7, 8), (7, 9)] E=60 X=2000 -> UNKNOWN
k=10 bound=44 tree=[(1, 0), (1, 2), (0, 4), (0, 7), (0, 9), (2, 3), (4, 5), (4, 6), (7, 8)] E=60 X=2000 -> UNKNOWN
k=10 bound=44 tree=[(1, 0), (1, 2), (0, 4), (0, 7), (0, 8), (0, 9), (2, 3), (4, 5), (4, 6)] E=60 X=2000 -> UNKNOWN
k=10 bound=44 tree=[(1, 0), (1, 2), (0, 4), (0, 6), (0, 8), (2, 3), (4, 5), (6, 7), (8, 9)] E=60 X=2000 -> UNKNOWN
k=10 bound=44 tree=[(1, 0), (1, 2), (0, 4), (0, 6), (0, 8), (0, 9), (2, 3), (4, 5), (6, 7)] E=60 X=2000 -> UNKNOWN
k=10 bound=44 tree=[(1, 0), (1, 2), (0, 4), (0, 6), (0, 7), (0, 8), (0, 9), (2, 3), (4, 5)] E=60 X=2000 -> UNKNOWN
k=10 bound=44 tree=[(1, 0), (1, 2), (1, 3), (1, 4), (1, 5), (1, 6), (1, 7), (0, 8), (8, 9)] E=60 X=2000 -> UNKNOWN
k=10 bound=44 tree=[(1, 0), (1, 2), (1, 3), (1, 4), (1, 5), (1, 6), (0, 7), (7, 8), (7, 9)] E=60 X=2000 -> UNKNOWN
k=10 bound=44 tree=[(1, 0), (1, 2), (1, 3), (1, 4), (1, 5), (1, 6), (0, 7), (0, 9), (7, 8)] E=60 X=2000 -> UNKNOWN
k=10 bound=44 tree=[(1, 0), (1, 2), (1, 3), (1, 4), (1, 5), (0, 6), (6, 7), (6, 8), (6, 9)] E=60 X=2000 -> UNKNOWN
k=10 bound=44 tree=[(1, 0), (1, 2), (1, 3), (1, 4), (1, 5), (0, 6), (0, 9), (6, 7), (6, 8)] E=60 X=2000 -> UNKNOWN
k=10 bound=44 tree=[(1, 0), (1, 2), (1, 3), (1, 4), (1, 5), (0, 6), (0, 8), (6, 7), (8, 9)] E=60 X=2000 -> UNKNOWN
k=10 bound=44 tree=[(1, 0), (1, 2), (1, 3), (1, 4), (1, 5), (0, 6), (0, 8), (0, 9), (6, 7)] E=60 X=2000 -> UNKNOWN
k=10 bound=44 tree=[(1, 0), (1, 2), (1, 3), (1, 4), (1, 5), (0, 6), (0, 7), (0, 8), (0, 9)] E=60 X=2000 -> UNKNOWN
k=10 bound=44 tree=[(1, 0), (1, 2), (1, 3), (1, 4), (0, 5), (0, 9), (5, 6), (5, 7), (5, 8)] E=60 X=2000 -> UNKNOWN
k=10 bound=44 tree=[(1, 0), (1, 2), (1, 3), (1, 4), (0, 5), (0, 8), (5, 6), (5, 7), (8, 9)] E=60 X=2000 -> UNKNOWN
k=10 bound=44 tree=[(1, 0), (1, 2), (1, 3), (1, 4), (0, 5), (0, 8), (0, 9), (5, 6), (5, 7)] E=60 X=2000 -> UNKNOWN
k=10 bound=44 tree=[(1, 0), (1, 2), (1, 3), (1, 4), (0, 5), (0, 7), (0, 9), (5, 6), (7, 8)] E=60 X=2000 -> UNKNOWN
k=10 bound=44 tree=[(1, 0), (1, 2), (1, 3), (1, 4), (0, 5), (0, 7), (0, 8), (0, 9), (5, 6)] E=60 X=2000 -> UNKNOWN
k=10 bound=44 tree=[(1, 0), (1, 2), (1, 3), (1, 4), (0, 5), (0, 6), (0, 7), (0, 8), (0, 9)] E=60 X=2000 -> UNKNOWN
k=10 bound=44 tree=[(1, 0), (1, 2), (1, 3), (0, 4), (0, 7), (4, 5), (4, 6), (7, 8), (7, 9)] E=60 X=2000 -> UNKNOWN
k=10 bound=44 tree=[(1, 0), (1, 2), (1, 3), (0, 4), (0, 7), (0, 9), (4, 5), (4, 6), (7, 8)] E=60 X=2000 -> UNKNOWN
k=10 bound=44 tree=[(1, 0), (1, 2), (1, 3), (0, 4), (0, 7), (0, 8), (0, 9), (4, 5), (4, 6)] E=60 X=2000 -> UNKNOWN
k=10 bound=44 tree=[(1, 0), (1, 2), (1, 3), (0, 4), (0, 6), (0, 8), (4, 5), (6, 7), (8, 9)] E=60 X=2000 -> UNKNOWN
k=10 bound=44 tree=[(1, 0), (1, 2), (1, 3), (0, 4), (0, 6), (0, 8), (0, 9), (4, 5), (6, 7)] E=60 X=2000 -> UNKNOWN
k=10 bound=44 tree=[(1, 0), (1, 2), (1, 3), (0, 4), (0, 6), (0, 7), (0, 8), (0, 9), (4, 5)] E=60 X=2000 -> UNKNOWN
k=10 bound=44 tree=[(1, 0), (1, 2), (1, 3), (0, 4), (0, 5), (0, 6), (0, 7), (0, 8), (0, 9)] E=60 X=2000 -> UNKNOWN
k=10 bound=44 tree=[(1, 0), (1, 2), (0, 3), (0, 5), (0, 7), (0, 9), (3, 4), (5, 6), (7, 8)] E=60 X=2000 -> UNKNOWN
k=10 bound=44 tree=[(1, 0), (1, 2), (0, 3), (0, 5), (0, 7), (0, 8), (0, 9), (3, 4), (5, 6)] E=60 X=2000 -> UNKNOWN
k=10 bound=44 tree=[(1, 0), (1, 2), (0, 3), (0, 5), (0, 6), (0, 7), (0, 8), (0, 9), (3, 4)] E=60 X=2000 -> UNKNOWN
k=10 bound=44 tree=[(1, 0), (1, 2), (0, 3), (0, 4), (0, 5), (0, 6), (0, 7), (0, 8), (0, 9)] E=60 X=2000 -> UNKNOWN
k=10 bound=44 tree=[(1, 0), (0, 2), (0, 3), (0, 4), (0, 5), (0, 6), (0, 7), (0, 8), (0, 9)] E=60 X=2000 -> UNKNOWN
TOTAL candidates: 0  elapsed 3534s
