new best packing: 2 blocks (nodes=2)
new best packing: 3 blocks (nodes=3)
new best packing: 4 blocks (nodes=4)
new best packing: 5 blocks (nodes=5)
new best packing: 6 blocks (nodes=8)
new best packing: 7 blocks (nodes=123)
new best packing: 8 blocks (nodes=9170)
new best packing: 9 blocks (nodes=11230)
new best packing: 10 blocks (nodes=3812368)
truemax v=9: nodes=268435456 best=10 elapsed=1161s
MAXPACK v=9 k=6: maximum partial PMD packing = 10 blocks (perfect would be 12)
0 1 2 3 4 5 
0 2 1 5 6 3 
0 3 6 7 5 8 
0 4 3 2 8 7 
0 5 7 6 1 4 
0 6 4 1 7 2 
0 8 5 4 2 6 
1 3 8 6 2 7 
1 6 5 2 4 8 
1 8 4 7 3 5 
nodes=360490847
