== K_a v bK_c
   grid (params to 300, ~60 pts/axis, exact): min deficit 0 at (1, 1, 2) t=2
   K_a v bK_c blk0 start: PROVED>=0   f = a**2/2 + a*b*c - 3*a/2 + b*c**2/2 - 3*b*c/2 + 1
   K_a v bK_c blk0 end: PROVED>=0   f = b*c*(c - 1)/2
   K_a v bK_c blk0 int(v-1) [out-of-block, vacuous]: PROVED>=0   f = b*c**2*(1 - b)/2
   K_a v bK_c blk0 int(v) [out-of-block, vacuous]: PROVED>=0   f = b*c**2*(1 - b)/2
   K_a v bK_c blk1 start: PROVED>=0   f = b*c**2/2 - b*c/2 - c + 1
   K_a v bK_c blk1 end: PROVED>=0   f = b*(b*c**2 - 2*b*c + b - c**2 + 2*c - 1)/2
   K_a v bK_c blk1 int(v-1): PROVED>=0   f = c*(b*c - b - c + 1)/2
   K_a v bK_c blk1 int(v): PROVED>=0   f = c*(b*c - b - c + 1)/2
   K_a v bK_c blk2 start: PROVED>=0   f = b**2*c**2/2 - b**2*c + b**2/2 - b*c**2/2 + 2*b*c - 3*b/2 + 1
   K_a v bK_c blk2 end: PROVED>=0   f = b*c**2*(b - 1)/2
   K_a v bK_c blk2 int(v-1) [out-of-block, vacuous]: PROVED>=0   f = b*c*(1 - c)/2
   K_a v bK_c blk2 int(v) [out-of-block, vacuous]: PROVED>=0   f = b*c*(1 - c)/2
   K_a v bK_c blk3 start: PROVED>=0   f = a + b**2*c**2/2 - b*c**2/2 + b*c
   K_a v bK_c blk3 end: PROVED>=0   f = a + b**2*c**2/2 - b*c**2/2 + b*c
   K_a v bK_c blk3 int(v-1) [out-of-block, vacuous]: PROVED>=0   f = -a**2/2 - a*b*c + a/2 - b*c**2/2 + b*c/2
   K_a v bK_c blk3 int(v) [out-of-block, vacuous]: PROVED>=0   f = -a**2/2 - a*b*c + a/2 - b*c**2/2 + b*c/2
   ==> family FULLY PROVED >= 0 symbolically
== bK_c v E_a
   grid (params to 300, ~60 pts/axis, exact): min deficit 0 at (1, 1, 2) t=2
== K_a v (K_b u E_c)
   grid (params to 300, ~60 pts/axis, exact): min deficit 0 at (1, 2, 1) t=2
   K_a v (K_b u E_c) blk0 start: PROVED>=0   f = a**2/2 + a*b + a*c - 3*a/2 + b**2/2 - 3*b/2 - c + 1
   K_a v (K_b u E_c) blk0 end: PROVED>=0   f = b*(b - 1)/2
   K_a v (K_b u E_c) blk0 int(v-1) [out-of-block, vacuous]: PROVED>=0   f = c*(-2*b - c + 1)/2
   K_a v (K_b u E_c) blk0 int(v) [out-of-block, vacuous]: PROVED>=0   f = c*(-2*b - c + 1)/2
   K_a v (K_b u E_c) blk1 start: PROVED>=0   f = b**2/2 - 3*b/2 + 1
   K_a v (K_b u E_c) blk1 end: PROVED>=0   f = 0
   K_a v (K_b u E_c) blk1 int(v-1): PROVED>=0   f = 0
   K_a v (K_b u E_c) blk1 int(v): PROVED>=0   f = 0
   K_a v (K_b u E_c) blk2 start: PROVED>=0   f = b
   K_a v (K_b u E_c) blk2 end: PROVED>=0   f = c*(2*b + c - 1)/2
   K_a v (K_b u E_c) blk2 int(v-1) [out-of-block, vacuous]: PROVED>=0   f = b*(1 - b)/2
   K_a v (K_b u E_c) blk2 int(v) [out-of-block, vacuous]: PROVED>=0   f = b*(1 - b)/2
   K_a v (K_b u E_c) blk3 start: PROVED>=0   f = a + b*c + b + c**2/2 + c/2
   K_a v (K_b u E_c) blk3 end: PROVED>=0   f = a + b*c + b + c**2/2 + c/2
   K_a v (K_b u E_c) blk3 int(v-1) [out-of-block, vacuous]: PROVED>=0   f = -a**2/2 - a*b - a*c + a/2 - b**2/2 + b/2
   K_a v (K_b u E_c) blk3 int(v) [out-of-block, vacuous]: PROVED>=0   f = -a**2/2 - a*b - a*c + a/2 - b**2/2 + b/2
   ==> family FULLY PROVED >= 0 symbolically
== E_r v (K_b u K_c)
   grid (params to 300, ~60 pts/axis, exact): min deficit 1 at (1, 2, 2) t=2
