n=28: 350 chord vars, 14805 base clauses
[     0.0s] it=1 model #HC>= 501 (new best)
[    36.3s] it=200 nblock=100000 best=501
[    68.5s] it=400 nblock=200000 best=501
[    94.9s] it=600 nblock=300000 best=501
[   124.1s] it=800 nblock=400000 best=501
[   156.3s] it=1000 nblock=500000 best=501
[   192.5s] it=1200 nblock=600000 best=501
[   229.7s] it=1400 nblock=700000 best=501
[   265.2s] it=1600 nblock=800000 best=501
[   297.8s] it=1800 nblock=900000 best=501
[   338.3s] it=2000 nblock=1000000 best=501
[   375.2s] it=2200 nblock=1100000 best=501
[   411.9s] it=2400 nblock=1200000 best=501
[   448.2s] it=2600 nblock=1300000 best=501
[   493.3s] it=2800 nblock=1400000 best=501
[   526.6s] it=3000 nblock=1500000 best=501
[   561.9s] it=3200 nblock=1600000 best=501
[   604.4s] it=3400 nblock=1700000 best=501
[   640.2s] it=3600 nblock=1800000 best=501
[   679.9s] it=3800 nblock=1900000 best=501
[   718.0s] it=4000 nblock=2000000 best=501
[   754.3s] it=4200 nblock=2100000 best=501
[   807.8s] it=4400 nblock=2200000 best=501
[   840.1s] it=4600 nblock=2300000 best=501
[   879.3s] it=4800 nblock=2400000 best=501
[   916.7s] it=5000 nblock=2500000 best=501
[   950.6s] it=5200 nblock=2600000 best=501
[   989.5s] it=5400 nblock=2700000 best=501
[  1027.1s] it=5600 nblock=2800000 best=501
[  1062.4s] it=5800 nblock=2900000 best=501
[  1102.4s] it=6000 nblock=3000000 best=501
[  1137.2s] it=6200 nblock=3100000 best=501
[  1177.1s] it=6400 nblock=3200000 best=501
[  1220.8s] it=6600 nblock=3300000 best=501
[  1258.7s] it=6800 nblock=3400000 best=501
[  1296.8s] it=7000 nblock=3500000 best=501
[  1338.1s] it=7200 nblock=3600000 best=501
[  1377.8s] it=7400 nblock=3700000 best=501
[  1411.2s] it=7600 nblock=3800000 best=501
[  1449.7s] it=7800 nblock=3900000 best=501
[  1488.7s] it=8000 nblock=4000000 best=501
[  1523.1s] it=8200 nblock=4100000 best=501
[  1549.2s] it=8400 nblock=4200000 best=501
[  1575.8s] it=8600 nblock=4300000 best=501
[  1604.0s] it=8800 nblock=4400000 best=501
[  1627.1s] it=9000 nblock=4500000 best=501
[  1650.8s] it=9200 nblock=4600000 best=501
[  1676.0s] it=9400 nblock=4700000 best=501
[  1720.2s] it=9600 nblock=4800000 best=501
[  1744.9s] it=9800 nblock=4900000 best=501
[  1773.3s] it=10000 nblock=5000000 best=501
[  1798.2s] it=10200 nblock=5100000 best=501
[  1825.3s] it=10400 nblock=5200000 best=501
[  1851.7s] it=10600 nblock=5300000 best=501
[  1878.5s] it=10800 nblock=5400000 best=501
[  1906.0s] it=11000 nblock=5500000 best=501
[  1935.3s] it=11200 nblock=5600000 best=501
[  1962.7s] it=11400 nblock=5700000 best=501
[  2002.2s] it=11600 nblock=5800000 best=501
[  2029.4s] it=11800 nblock=5900000 best=501
[  2055.6s] it=12000 nblock=6000000 best=501
[  2083.4s] it=12200 nblock=6100000 best=501
[  2110.8s] it=12400 nblock=6200000 best=501
[  2140.8s] it=12600 nblock=6300000 best=501
[  2168.2s] it=12800 nblock=6400000 best=501
[  2195.7s] it=13000 nblock=6500000 best=501
[  2233.5s] it=13200 nblock=6600000 best=501
[  2276.6s] it=13400 nblock=6700000 best=501
[  2316.8s] it=13600 nblock=6800000 best=501
[  2361.3s] it=13800 nblock=6900000 best=501
[  2401.5s] it=14000 nblock=7000000 best=501
[  2441.9s] it=14200 nblock=7100000 best=501
[  2479.4s] it=14400 nblock=7200000 best=501
[  2517.2s] it=14600 nblock=7300000 best=501
[  2561.0s] it=14800 nblock=7400000 best=501
[  2600.8s] it=15000 nblock=7500000 best=501
[  2642.1s] it=15200 nblock=7600000 best=501
[  2682.9s] it=15400 nblock=7700000 best=501
[  2724.2s] it=15600 nblock=7800000 best=501
[  2766.3s] it=15800 nblock=7900000 best=501
[  2810.4s] it=16000 nblock=8000000 best=501
[  2874.3s] it=16200 nblock=8100000 best=501
[  2912.2s] it=16400 nblock=8200000 best=501
[  2952.8s] it=16600 nblock=8300000 best=501
[  2993.5s] it=16800 nblock=8400000 best=501
[  3036.8s] it=17000 nblock=8500000 best=501
[  3074.0s] it=17200 nblock=8600000 best=501
[  3116.6s] it=17400 nblock=8700000 best=501
[  3154.8s] it=17600 nblock=8800000 best=501
[  3197.8s] it=17800 nblock=8900000 best=501
[  3241.3s] it=18000 nblock=9000000 best=501
[  3284.6s] it=18200 nblock=9100000 best=501
[  3328.8s] it=18400 nblock=9200000 best=501
[  3369.0s] it=18600 nblock=9300000 best=501
[  3411.6s] it=18800 nblock=9400000 best=501
[  3454.8s] it=19000 nblock=9500000 best=501
[  3502.3s] it=19200 nblock=9600000 best=501
[  3543.5s] it=19400 nblock=9700000 best=501
[  3588.1s] it=19600 nblock=9800000 best=501
[  3635.7s] it=19800 nblock=9900000 best=501
[  3686.5s] it=20000 nblock=10000000 best=501
[  3767.3s] it=20200 nblock=10100000 best=501
[  3812.7s] it=20400 nblock=10200000 best=501
[  3860.0s] it=20600 nblock=10300000 best=501
[  3906.3s] it=20800 nblock=10400000 best=501
[  3951.2s] it=21000 nblock=10500000 best=501
[  4000.1s] it=21200 nblock=10600000 best=501
[  4044.7s] it=21400 nblock=10700000 best=501
[  4096.5s] it=21600 nblock=10800000 best=501
[  4142.8s] it=21800 nblock=10900000 best=501
[  4194.3s] it=22000 nblock=11000000 best=501
[  4246.6s] it=22200 nblock=11100000 best=501
[  4292.7s] it=22400 nblock=11200000 best=501
[  4373.9s] it=22600 nblock=11300000 best=501
[  4424.6s] it=22800 nblock=11400000 best=501
[  4476.7s] it=23000 nblock=11500000 best=501
[  4529.7s] it=23200 nblock=11600000 best=501
[  4589.0s] it=23400 nblock=11700000 best=501
[  4640.9s] it=23600 nblock=11800000 best=501
[  4692.5s] it=23800 nblock=11900000 best=501
[  4753.2s] it=24000 nblock=12000000 best=501
[  4793.4s] it=24200 nblock=12100000 best=501
[  4841.6s] it=24400 nblock=12200000 best=501
[  4892.3s] it=24600 nblock=12300000 best=501
[  4946.0s] it=24800 nblock=12400000 best=501
[  5004.6s] it=25000 nblock=12500000 best=501
[  5058.7s] it=25200 nblock=12600000 best=501
[  5111.6s] it=25400 nblock=12700000 best=501
[  5164.8s] it=25600 nblock=12800000 best=501
[  5217.0s] it=25800 nblock=12900000 best=501
[  5271.6s] it=26000 nblock=13000000 best=501
[  5332.0s] it=26200 nblock=13100000 best=501
[  5388.1s] it=26400 nblock=13200000 best=501
[  5442.2s] it=26600 nblock=13300000 best=501
[  5501.4s] it=26800 nblock=13400000 best=501
[  5553.7s] it=27000 nblock=13500000 best=501
[  5616.0s] it=27200 nblock=13600000 best=501
[  5675.8s] it=27400 nblock=13700000 best=501
[  5736.6s] it=27600 nblock=13800000 best=501
[  5790.3s] it=27800 nblock=13900000 best=501
[  5845.8s] it=28000 nblock=14000000 best=501
[  5903.5s] it=28200 nblock=14100000 best=501
[  5964.4s] it=28400 nblock=14200000 best=501
[  6020.2s] it=28600 nblock=14300000 best=501
[  6073.0s] it=28800 nblock=14400000 best=501
[  6256.0s] it=29000 nblock=14500000 best=501
[  6315.6s] it=29200 nblock=14600000 best=501
[  6379.7s] it=29400 nblock=14700000 best=501
[  6444.5s] it=29600 nblock=14800000 best=501
[  6492.6s] it=29800 nblock=14900000 best=501
[  6551.3s] it=30000 nblock=15000000 best=501
[  6611.9s] it=30200 nblock=15100000 best=501
[  6684.8s] it=30400 nblock=15200000 best=501
[  6746.5s] it=30600 nblock=15300000 best=501
[  6804.0s] it=30800 nblock=15400000 best=501
[  6862.7s] it=31000 nblock=15500000 best=501
[  6932.3s] it=31200 nblock=15600000 best=501
[  6999.8s] it=31400 nblock=15700000 best=501
[  7058.2s] it=31600 nblock=15800000 best=501
[  7122.2s] it=31800 nblock=15900000 best=501
[  7197.6s] it=32000 nblock=16000000 best=501
[  7250.3s] it=32200 nblock=16100000 best=501
[  7308.5s] it=32400 nblock=16200000 best=501
[  7376.4s] it=32600 nblock=16300000 best=501
[  7432.1s] it=32800 nblock=16400000 best=501
[  7506.2s] it=33000 nblock=16500000 best=501
[  7583.9s] it=33200 nblock=16600000 best=501
[  7643.8s] it=33400 nblock=16700000 best=501
[  7699.8s] it=33600 nblock=16800000 best=501
[  7767.4s] it=33800 nblock=16900000 best=501
[  7832.2s] it=34000 nblock=17000000 best=501
[  7907.3s] it=34200 nblock=17100000 best=501
[  7980.2s] it=34400 nblock=17200000 best=501
[  8054.4s] it=34600 nblock=17300000 best=501
[  8122.9s] it=34800 nblock=17400000 best=501
[  8187.5s] it=35000 nblock=17500000 best=501
[  8512.4s] it=35200 nblock=17600000 best=501
[  8579.9s] it=35400 nblock=17700000 best=501
[  8649.8s] it=35600 nblock=17800000 best=501
[  8724.5s] it=35800 nblock=17900000 best=501
[  8791.2s] it=36000 nblock=18000000 best=501
[  8863.9s] it=36200 nblock=18100000 best=501
[  8931.7s] it=36400 nblock=18200000 best=501
[  9001.0s] it=36600 nblock=18300000 best=501
[  9071.2s] it=36800 nblock=18400000 best=501
[  9141.1s] it=37000 nblock=18500000 best=501
[  9217.8s] it=37200 nblock=18600000 best=501
[  9370.6s] it=37400 nblock=18700000 best=501
[  9436.3s] it=37600 nblock=18800000 best=501
[  9507.4s] it=37800 nblock=18900000 best=501
[  9584.4s] it=38000 nblock=19000000 best=501
[  9650.5s] it=38200 nblock=19100000 best=501
[  9720.9s] it=38400 nblock=19200000 best=501
[  9779.0s] it=38600 nblock=19300000 best=501
[  9839.4s] it=38800 nblock=19400000 best=501
[  9908.9s] it=39000 nblock=19500000 best=501
[  9987.4s] it=39200 nblock=19600000 best=501
[ 10075.7s] it=39400 nblock=19700000 best=501
[ 10152.1s] it=39600 nblock=19800000 best=501
[ 10237.8s] it=39800 nblock=19900000 best=501
[ 10331.8s] it=40000 nblock=20000000 best=501
[ 10420.8s] it=40200 nblock=20100000 best=501
[ 10503.5s] it=40400 nblock=20200000 best=501
[ 10593.5s] it=40600 nblock=20300000 best=501
[ 10693.9s] it=40800 nblock=20400000 best=501
[ 10799.3s] it=41000 nblock=20500000 best=501
[ 10881.9s] it=41200 nblock=20600000 best=501
[ 10966.6s] it=41400 nblock=20700000 best=501
[ 11065.0s] it=41600 nblock=20800000 best=501
[ 11262.2s] it=41800 nblock=20900000 best=501
[ 11339.2s] it=42000 nblock=21000000 best=501
[ 11422.4s] it=42200 nblock=21100000 best=501
[ 11527.8s] it=42400 nblock=21200000 best=501
[ 11589.2s] it=42600 nblock=21300000 best=501
[ 11661.7s] it=42800 nblock=21400000 best=501
[ 11746.8s] it=43000 nblock=21500000 best=501
[ 11822.7s] it=43200 nblock=21600000 best=501
[ 11891.6s] it=43400 nblock=21700000 best=501
[ 11976.1s] it=43600 nblock=21800000 best=501
