n=24: 252 chord vars, 11869 base clauses
[     0.0s] it=1 model #HC>= 501 (new best)
[    10.6s] it=200 nblock=100000 best=501
[    22.0s] it=400 nblock=200000 best=501
[    35.1s] it=600 nblock=300000 best=501
[    47.2s] it=800 nblock=400000 best=501
[    59.0s] it=1000 nblock=500000 best=501
[    71.0s] it=1200 nblock=600000 best=501
[    83.1s] it=1400 nblock=700000 best=501
[    96.4s] it=1600 nblock=800000 best=501
[   110.7s] it=1800 nblock=900000 best=501
[   123.9s] it=2000 nblock=1000000 best=501
[   137.2s] it=2200 nblock=1100000 best=501
[   150.8s] it=2400 nblock=1200000 best=501
[   164.2s] it=2600 nblock=1300000 best=501
[   179.1s] it=2800 nblock=1400000 best=501
[   193.0s] it=3000 nblock=1500000 best=501
[   207.3s] it=3200 nblock=1600000 best=501
[   221.7s] it=3400 nblock=1700000 best=501
[   236.4s] it=3600 nblock=1800000 best=501
[   251.7s] it=3800 nblock=1900000 best=501
[   268.8s] it=4000 nblock=2000000 best=501
[   283.9s] it=4200 nblock=2100000 best=501
[   299.5s] it=4400 nblock=2200000 best=501
[   315.3s] it=4600 nblock=2300000 best=501
[   333.4s] it=4800 nblock=2400000 best=501
[   349.6s] it=5000 nblock=2500000 best=501
[   366.8s] it=5200 nblock=2600000 best=501
[   384.0s] it=5400 nblock=2700000 best=501
[   416.2s] it=5600 nblock=2800000 best=501
[   435.4s] it=5800 nblock=2900000 best=501
[   455.3s] it=6000 nblock=3000000 best=501
[   476.3s] it=6200 nblock=3100000 best=501
[   494.6s] it=6400 nblock=3200000 best=501
[   512.4s] it=6600 nblock=3300000 best=501
[   536.4s] it=6800 nblock=3400000 best=501
[   559.3s] it=7000 nblock=3500000 best=501
[   581.2s] it=7200 nblock=3600000 best=501
[   600.7s] it=7400 nblock=3700000 best=501
[   620.7s] it=7600 nblock=3800000 best=501
[   650.5s] it=7800 nblock=3900000 best=501
[   675.4s] it=8000 nblock=4000000 best=501
[   693.5s] it=8200 nblock=4100000 best=501
[   735.4s] it=8400 nblock=4200000 best=501
[   760.6s] it=8600 nblock=4300000 best=501
[   783.5s] it=8800 nblock=4400000 best=501
[   811.3s] it=9000 nblock=4500000 best=501
[   839.2s] it=9200 nblock=4600000 best=501
[   868.7s] it=9400 nblock=4700000 best=501
[   896.7s] it=9600 nblock=4800000 best=501
[   927.8s] it=9800 nblock=4900000 best=501
[   964.2s] it=10000 nblock=5000000 best=501
[  1017.0s] it=10200 nblock=5100000 best=501
[  1050.3s] it=10400 nblock=5200000 best=501
[  1079.9s] it=10600 nblock=5300000 best=501
[  1124.7s] it=10800 nblock=5400000 best=501
[  1158.5s] it=11000 nblock=5500000 best=501
[  1195.7s] it=11200 nblock=5600000 best=501
[  1248.5s] it=11400 nblock=5700000 best=501
[  1279.5s] it=11600 nblock=5800000 best=501
[  1313.3s] it=11800 nblock=5900000 best=501
[  1340.6s] it=12000 nblock=6000000 best=501
[  1380.0s] it=12200 nblock=6100000 best=501
[  1421.9s] it=12400 nblock=6200000 best=501
[  1471.5s] it=12600 nblock=6300000 best=501
[  1510.3s] it=12800 nblock=6400000 best=501
[  1557.7s] it=13000 nblock=6500000 best=501
[  1664.5s] it=13200 nblock=6600000 best=501
[  1709.8s] it=13400 nblock=6700000 best=501
[  1824.1s] it=13600 nblock=6800000 best=501
[  1891.3s] it=13800 nblock=6900000 best=501
[  1968.1s] it=14000 nblock=7000000 best=501
[  2058.3s] it=14200 nblock=7100000 best=501
[  2145.2s] it=14400 nblock=7200000 best=501
[  2254.0s] it=14600 nblock=7300000 best=501
[  2346.8s] it=14800 nblock=7400000 best=501
[  2471.7s] it=15000 nblock=7500000 best=501
[  2669.9s] it=15200 nblock=7600000 best=501
[  2771.8s] it=15400 nblock=7700000 best=501
[  2914.9s] it=15600 nblock=7800000 best=501
[  3036.8s] it=15800 nblock=7900000 best=501
[  3104.0s] it=16000 nblock=8000000 best=501
[  3173.8s] it=16200 nblock=8100000 best=501
[  3286.5s] it=16400 nblock=8200000 best=501
[  3423.9s] it=16600 nblock=8300000 best=501
[  3589.6s] it=16800 nblock=8400000 best=501
[  3745.7s] it=17000 nblock=8500000 best=501
[  3889.7s] it=17200 nblock=8600000 best=501
[  4095.2s] it=17400 nblock=8700000 best=501
[  4221.0s] it=17600 nblock=8800000 best=501
[  4352.5s] it=17800 nblock=8900000 best=501
[  4452.7s] it=18000 nblock=9000000 best=501
[  4537.4s] it=18200 nblock=9100000 best=501
[  4819.9s] it=18400 nblock=9200000 best=501
[  4989.7s] it=18600 nblock=9300000 best=501
[  5179.7s] it=18800 nblock=9400000 best=501
[  5439.5s] it=19000 nblock=9500000 best=501
[  5747.9s] it=19200 nblock=9600000 best=501
[  5898.5s] it=19400 nblock=9700000 best=501
[  6091.0s] it=19600 nblock=9800000 best=501
[  6374.3s] it=19800 nblock=9900000 best=501
[  6806.2s] it=20000 nblock=10000000 best=501
[  7065.3s] it=20200 nblock=10100000 best=501
[  7367.1s] it=20400 nblock=10200000 best=501
[  8048.1s] it=20600 nblock=10300000 best=501
[  8208.4s] it=20800 nblock=10400000 best=501
[  8537.5s] it=21000 nblock=10500000 best=501
[  9106.8s] it=21200 nblock=10600000 best=501
[  9687.7s] it=21400 nblock=10700000 best=501
[ 10544.2s] it=21600 nblock=10800000 best=501
[ 11179.3s] it=21800 nblock=10900000 best=501
[ 11597.8s] it=22000 nblock=11000000 best=501
[ 11954.7s] it=22200 nblock=11100000 best=501
[ 12436.3s] it=22400 nblock=11200000 best=501
[ 13204.2s] it=22600 nblock=11300000 best=501
[ 13556.8s] it=22800 nblock=11400000 best=501
[ 14368.7s] it=23000 nblock=11500000 best=501
[ 15047.9s] it=23200 nblock=11600000 best=501
[ 15515.1s] it=23400 nblock=11700000 best=501
[ 15916.9s] it=23600 nblock=11800000 best=501
[ 16940.4s] it=23800 nblock=11900000 best=501
[ 17552.9s] it=24000 nblock=12000000 best=501
