n=22: 209 chord vars, 10485 base clauses
[     0.0s] it=1 model #HC>= 501 (new best)
[     7.3s] it=200 nblock=100000 best=501
[    15.0s] it=400 nblock=200000 best=501
[    22.7s] it=600 nblock=300000 best=501
[    30.1s] it=800 nblock=400000 best=501
[    38.0s] it=1000 nblock=500000 best=501
[    46.4s] it=1200 nblock=600000 best=501
[    55.0s] it=1400 nblock=700000 best=501
[    63.3s] it=1600 nblock=800000 best=501
[    71.9s] it=1800 nblock=900000 best=501
[    80.5s] it=2000 nblock=1000000 best=501
[    89.1s] it=2200 nblock=1100000 best=501
[    98.5s] it=2400 nblock=1200000 best=501
[   108.0s] it=2600 nblock=1300000 best=501
[   118.2s] it=2800 nblock=1400000 best=501
[   131.1s] it=3000 nblock=1500000 best=501
[   143.2s] it=3200 nblock=1600000 best=501
[   156.4s] it=3400 nblock=1700000 best=501
[   174.9s] it=3600 nblock=1800000 best=501
[   189.5s] it=3800 nblock=1900000 best=501
[   205.5s] it=4000 nblock=2000000 best=501
[   226.2s] it=4200 nblock=2100000 best=501
[   252.5s] it=4400 nblock=2200000 best=501
[   283.9s] it=4600 nblock=2300000 best=501
[   314.4s] it=4800 nblock=2400000 best=501
[   348.9s] it=5000 nblock=2500000 best=501
[   378.5s] it=5200 nblock=2600000 best=501
[   430.7s] it=5400 nblock=2700000 best=501
[   492.3s] it=5600 nblock=2800000 best=501
[   525.9s] it=5800 nblock=2900000 best=501
[   573.1s] it=6000 nblock=3000000 best=501
[   624.8s] it=6200 nblock=3100000 best=501
[   697.9s] it=6400 nblock=3200000 best=501
[   756.8s] it=6600 nblock=3300000 best=501
[   809.8s] it=6800 nblock=3400000 best=501
[   943.3s] it=7000 nblock=3500000 best=501
[  1043.8s] it=7200 nblock=3600000 best=501
[  1222.8s] it=7400 nblock=3700000 best=501
[  1331.3s] it=7600 nblock=3800000 best=501
[  1489.0s] it=7800 nblock=3900000 best=501
[  1739.6s] it=8000 nblock=4000000 best=501
[  1896.9s] it=8200 nblock=4100000 best=501
[  2116.6s] it=8400 nblock=4200000 best=501
[  2316.4s] it=8600 nblock=4300000 best=501
[  2473.3s] it=8800 nblock=4400000 best=501
[  2700.3s] it=9000 nblock=4500000 best=501
[  3240.3s] it=9200 nblock=4600000 best=501
[  3634.5s] it=9400 nblock=4700000 best=501
[  4299.1s] it=9600 nblock=4800000 best=501
[  4863.0s] it=9800 nblock=4900000 best=501
[  6349.3s] it=10000 nblock=5000000 best=501
[  7277.4s] it=10200 nblock=5100000 best=501
[  9732.0s] it=10400 nblock=5200000 best=501
[ 12604.4s] it=10600 nblock=5300000 best=501
[ 16849.5s] it=10800 nblock=5400000 best=501
[ 17415.7s] it=11000 nblock=5500000 best=501
