n=26: 299 chord vars, 13305 base clauses
[     0.0s] it=1 model #HC>= 501 (new best)
[    16.0s] it=200 nblock=100000 best=501
[    35.1s] it=400 nblock=200000 best=501
[    56.6s] it=600 nblock=300000 best=501
[    71.5s] it=800 nblock=400000 best=501
[    86.7s] it=1000 nblock=500000 best=501
[   102.2s] it=1200 nblock=600000 best=501
[   118.0s] it=1400 nblock=700000 best=501
[   133.9s] it=1600 nblock=800000 best=501
[   153.9s] it=1800 nblock=900000 best=501
[   177.4s] it=2000 nblock=1000000 best=501
[   200.1s] it=2200 nblock=1100000 best=501
[   220.3s] it=2400 nblock=1200000 best=501
[   241.0s] it=2600 nblock=1300000 best=501
[   262.2s] it=2800 nblock=1400000 best=501
[   284.9s] it=3000 nblock=1500000 best=501
[   304.3s] it=3200 nblock=1600000 best=501
[   326.7s] it=3400 nblock=1700000 best=501
[   348.2s] it=3600 nblock=1800000 best=501
[   369.0s] it=3800 nblock=1900000 best=501
[   389.9s] it=4000 nblock=2000000 best=501
[   412.1s] it=4200 nblock=2100000 best=501
[   434.3s] it=4400 nblock=2200000 best=501
[   456.0s] it=4600 nblock=2300000 best=501
[   478.5s] it=4800 nblock=2400000 best=501
[   502.2s] it=5000 nblock=2500000 best=501
[   528.4s] it=5200 nblock=2600000 best=501
[   549.3s] it=5400 nblock=2700000 best=501
[   566.5s] it=5600 nblock=2800000 best=501
[   585.6s] it=5800 nblock=2900000 best=501
[   606.9s] it=6000 nblock=3000000 best=501
[   632.0s] it=6200 nblock=3100000 best=501
[   656.9s] it=6400 nblock=3200000 best=501
[   679.4s] it=6600 nblock=3300000 best=501
[   701.9s] it=6800 nblock=3400000 best=501
[   725.3s] it=7000 nblock=3500000 best=501
[   750.0s] it=7200 nblock=3600000 best=501
[   772.2s] it=7400 nblock=3700000 best=501
[   794.9s] it=7600 nblock=3800000 best=501
[   817.5s] it=7800 nblock=3900000 best=501
[   839.1s] it=8000 nblock=4000000 best=501
[   872.4s] it=8200 nblock=4100000 best=501
[   898.8s] it=8400 nblock=4200000 best=501
[   921.6s] it=8600 nblock=4300000 best=501
[   945.9s] it=8800 nblock=4400000 best=501
[   970.1s] it=9000 nblock=4500000 best=501
[   994.7s] it=9200 nblock=4600000 best=501
[  1015.1s] it=9400 nblock=4700000 best=501
[  1035.4s] it=9600 nblock=4800000 best=501
[  1057.0s] it=9800 nblock=4900000 best=501
[  1078.2s] it=10000 nblock=5000000 best=501
[  1099.6s] it=10200 nblock=5100000 best=501
[  1123.3s] it=10400 nblock=5200000 best=501
[  1146.2s] it=10600 nblock=5300000 best=501
[  1166.7s] it=10800 nblock=5400000 best=501
[  1192.5s] it=11000 nblock=5500000 best=501
[  1218.8s] it=11200 nblock=5600000 best=501
[  1244.7s] it=11400 nblock=5700000 best=501
[  1270.0s] it=11600 nblock=5800000 best=501
[  1295.9s] it=11800 nblock=5900000 best=501
[  1324.2s] it=12000 nblock=6000000 best=501
[  1350.9s] it=12200 nblock=6100000 best=501
[  1378.1s] it=12400 nblock=6200000 best=501
[  1406.5s] it=12600 nblock=6300000 best=501
[  1433.8s] it=12800 nblock=6400000 best=501
[  1462.4s] it=13000 nblock=6500000 best=501
[  1492.1s] it=13200 nblock=6600000 best=501
[  1524.3s] it=13400 nblock=6700000 best=501
[  1555.8s] it=13600 nblock=6800000 best=501
[  1587.5s] it=13800 nblock=6900000 best=501
[  1622.3s] it=14000 nblock=7000000 best=501
[  1653.2s] it=14200 nblock=7100000 best=501
[  1681.7s] it=14400 nblock=7200000 best=501
[  1713.7s] it=14600 nblock=7300000 best=501
[  1756.8s] it=14800 nblock=7400000 best=501
[  1799.0s] it=15000 nblock=7500000 best=501
[  1829.5s] it=15200 nblock=7600000 best=501
[  1865.9s] it=15400 nblock=7700000 best=501
[  1910.7s] it=15600 nblock=7800000 best=501
[  1950.7s] it=15800 nblock=7900000 best=501
[  1981.0s] it=16000 nblock=8000000 best=501
[  2011.6s] it=16200 nblock=8100000 best=501
[  2040.2s] it=16400 nblock=8200000 best=501
[  2146.8s] it=16600 nblock=8300000 best=501
[  2178.8s] it=16800 nblock=8400000 best=501
[  2210.6s] it=17000 nblock=8500000 best=501
[  2257.7s] it=17200 nblock=8600000 best=501
[  2291.6s] it=17400 nblock=8700000 best=501
[  2325.0s] it=17600 nblock=8800000 best=501
[  2357.3s] it=17800 nblock=8900000 best=501
[  2391.1s] it=18000 nblock=9000000 best=501
[  2423.2s] it=18200 nblock=9100000 best=501
[  2470.3s] it=18400 nblock=9200000 best=501
[  2525.8s] it=18600 nblock=9300000 best=501
[  2566.6s] it=18800 nblock=9400000 best=501
[  2603.6s] it=19000 nblock=9500000 best=501
[  2640.1s] it=19200 nblock=9600000 best=501
[  2679.1s] it=19400 nblock=9700000 best=501
[  2720.2s] it=19600 nblock=9800000 best=501
[  2759.0s] it=19800 nblock=9900000 best=501
[  2801.5s] it=20000 nblock=10000000 best=501
[  2846.4s] it=20200 nblock=10100000 best=501
[  2891.2s] it=20400 nblock=10200000 best=501
[  2932.8s] it=20600 nblock=10300000 best=501
[  2980.2s] it=20800 nblock=10400000 best=501
[  3025.0s] it=21000 nblock=10500000 best=501
[  3068.1s] it=21200 nblock=10600000 best=501
[  3114.6s] it=21400 nblock=10700000 best=501
[  3162.8s] it=21600 nblock=10800000 best=501
[  3208.3s] it=21800 nblock=10900000 best=501
[  3352.0s] it=22000 nblock=11000000 best=501
[  3400.3s] it=22200 nblock=11100000 best=501
[  3450.7s] it=22400 nblock=11200000 best=501
[  3503.7s] it=22600 nblock=11300000 best=501
[  3590.1s] it=22800 nblock=11400000 best=501
[  3640.8s] it=23000 nblock=11500000 best=501
[  3685.0s] it=23200 nblock=11600000 best=501
[  3732.0s] it=23400 nblock=11700000 best=501
[  3794.2s] it=23600 nblock=11800000 best=501
[  3841.3s] it=23800 nblock=11900000 best=501
[  3893.0s] it=24000 nblock=12000000 best=501
[  3946.2s] it=24200 nblock=12100000 best=501
[  3977.2s] it=24400 nblock=12200000 best=501
[  4019.9s] it=24600 nblock=12300000 best=501
[  4114.0s] it=24800 nblock=12400000 best=501
[  4166.3s] it=25000 nblock=12500000 best=501
[  4234.8s] it=25200 nblock=12600000 best=501
[  4300.2s] it=25400 nblock=12700000 best=501
[  4360.2s] it=25600 nblock=12800000 best=501
[  4412.8s] it=25800 nblock=12900000 best=501
[  4471.0s] it=26000 nblock=13000000 best=501
[  4524.7s] it=26200 nblock=13100000 best=501
[  4591.2s] it=26400 nblock=13200000 best=501
[  4672.2s] it=26600 nblock=13300000 best=501
[  4783.2s] it=26800 nblock=13400000 best=501
[  4853.7s] it=27000 nblock=13500000 best=501
[  4911.9s] it=27200 nblock=13600000 best=501
[  4996.4s] it=27400 nblock=13700000 best=501
[  5075.4s] it=27600 nblock=13800000 best=501
[  5140.6s] it=27800 nblock=13900000 best=501
[  5238.3s] it=28000 nblock=14000000 best=501
[  5317.3s] it=28200 nblock=14100000 best=501
[  5394.5s] it=28400 nblock=14200000 best=501
[  5471.8s] it=28600 nblock=14300000 best=501
[  5681.7s] it=28800 nblock=14400000 best=501
[  5806.1s] it=29000 nblock=14500000 best=501
[  5888.3s] it=29200 nblock=14600000 best=501
[  5990.1s] it=29400 nblock=14700000 best=501
[  6066.2s] it=29600 nblock=14800000 best=501
[  6162.7s] it=29800 nblock=14900000 best=501
[  6269.2s] it=30000 nblock=15000000 best=501
[  6349.9s] it=30200 nblock=15100000 best=501
[  6432.9s] it=30400 nblock=15200000 best=501
[  6533.2s] it=30600 nblock=15300000 best=501
[  6615.2s] it=30800 nblock=15400000 best=501
[  6725.3s] it=31000 nblock=15500000 best=501
[  6906.9s] it=31200 nblock=15600000 best=501
[  7059.4s] it=31400 nblock=15700000 best=501
[  7209.3s] it=31600 nblock=15800000 best=501
[  7335.3s] it=31800 nblock=15900000 best=501
[  7506.5s] it=32000 nblock=16000000 best=501
[  7622.0s] it=32200 nblock=16100000 best=501
[  7752.9s] it=32400 nblock=16200000 best=501
[  7898.5s] it=32600 nblock=16300000 best=501
[  8031.9s] it=32800 nblock=16400000 best=501
[  8115.8s] it=33000 nblock=16500000 best=501
[  8227.9s] it=33200 nblock=16600000 best=501
[  8360.9s] it=33400 nblock=16700000 best=501
[  8536.3s] it=33600 nblock=16800000 best=501
[  8700.1s] it=33800 nblock=16900000 best=501
[  8848.5s] it=34000 nblock=17000000 best=501
[  8993.7s] it=34200 nblock=17100000 best=501
[  9242.8s] it=34400 nblock=17200000 best=501
[  9385.8s] it=34600 nblock=17300000 best=501
[  9599.8s] it=34800 nblock=17400000 best=501
[  9717.2s] it=35000 nblock=17500000 best=501
[  9838.0s] it=35200 nblock=17600000 best=501
[  9932.8s] it=35400 nblock=17700000 best=501
[ 10176.9s] it=35600 nblock=17800000 best=501
[ 10268.0s] it=35800 nblock=17900000 best=501
[ 10421.3s] it=36000 nblock=18000000 best=501
[ 10572.3s] it=36200 nblock=18100000 best=501
[ 10729.4s] it=36400 nblock=18200000 best=501
[ 10914.2s] it=36600 nblock=18300000 best=501
[ 11037.1s] it=36800 nblock=18400000 best=501
[ 11170.2s] it=37000 nblock=18500000 best=501
[ 11318.4s] it=37200 nblock=18600000 best=501
[ 11459.9s] it=37400 nblock=18700000 best=501
[ 11618.7s] it=37600 nblock=18800000 best=501
[ 11778.8s] it=37800 nblock=18900000 best=501
[ 11915.4s] it=38000 nblock=19000000 best=501
[ 12455.2s] it=38200 nblock=19100000 best=501
[ 12672.0s] it=38400 nblock=19200000 best=501
[ 12935.7s] it=38600 nblock=19300000 best=501
[ 13176.5s] it=38800 nblock=19400000 best=501
[ 13367.5s] it=39000 nblock=19500000 best=501
[ 13532.9s] it=39200 nblock=19600000 best=501
[ 13750.8s] it=39400 nblock=19700000 best=501
[ 13984.7s] it=39600 nblock=19800000 best=501
[ 14181.5s] it=39800 nblock=19900000 best=501
[ 14341.8s] it=40000 nblock=20000000 best=501
[ 14471.1s] it=40200 nblock=20100000 best=501
[ 14697.6s] it=40400 nblock=20200000 best=501
[ 14915.5s] it=40600 nblock=20300000 best=501
[ 15200.0s] it=40800 nblock=20400000 best=501
[ 15350.4s] it=41000 nblock=20500000 best=501
[ 15574.2s] it=41200 nblock=20600000 best=501
[ 15834.5s] it=41400 nblock=20700000 best=501
[ 16015.5s] it=41600 nblock=20800000 best=501
[ 16285.3s] it=41800 nblock=20900000 best=501
[ 16767.2s] it=42000 nblock=21000000 best=501
[ 16983.0s] it=42200 nblock=21100000 best=501
[ 17443.2s] it=42400 nblock=21200000 best=501
[ 17712.2s] it=42600 nblock=21300000 best=501
