
Top 25 by ratio:
  ratio=1.00000000 score=0.0000 K0+(K13 u K13) n=26 m=156 w=13 l1=12.000 l2=12.000
  ratio=1.00000000 score=0.0000 K0+(K8 u K8) n=16 m=56 w=8 l1=7.000 l2=7.000
  ratio=1.00000000 score=0.0000 K0+(K9 u K9) n=18 m=72 w=9 l1=8.000 l2=8.000
  ratio=1.00000000 score=0.0000 K0+(K7 u K7) n=14 m=42 w=7 l1=6.000 l2=6.000
  ratio=1.00000000 score=0.0000 K0+(K5 u K5) n=10 m=20 w=5 l1=4.000 l2=4.000
  ratio=1.00000000 score=0.0000 K0+(K4 u K4) n=8 m=12 w=4 l1=3.000 l2=3.000
  ratio=1.00000000 score=0.0000 K0+(K2 u K2) n=4 m=2 w=2 l1=1.000 l2=1.000
  ratio=1.00000000 score=0.0000 K0+(K10 u K10) n=20 m=90 w=10 l1=9.000 l2=9.000
  ratio=1.00000000 score=-0.0000 K0+(K12 u K12) n=24 m=132 w=12 l1=11.000 l2=11.000
  ratio=1.00000000 score=-0.0000 K0+(K11 u K11) n=22 m=110 w=11 l1=10.000 l2=10.000
  ratio=1.00000000 score=-0.0000 K0+(K3 u K3) n=6 m=6 w=3 l1=2.000 l2=2.000
  ratio=1.00000000 score=-0.0000 K0+(K6 u K6) n=12 m=30 w=6 l1=5.000 l2=5.000
  ratio=0.99696813 score=-0.6735 2cliques(15,15,s=14) n=16 m=119 w=15 l1=14.882 l2=-0.000
  ratio=0.99681713 score=-0.8462 K0+(K13 u K12) n=25 m=144 w=13 l1=12.000 l2=11.000
  ratio=0.99660996 score=-0.6548 2cliques(14,14,s=13) n=15 m=104 w=14 l1=13.874 l2=-0.000
  ratio=0.99660996 score=-0.6548 K13+I2 n=15 m=104 w=14 l1=13.874 l2=-0.000
  ratio=0.99624343 score=-0.8333 K0+(K12 u K11) n=23 m=121 w=12 l1=11.000 l2=10.000
  ratio=0.99618554 score=-0.6338 2cliques(13,13,s=12) n=14 m=90 w=13 l1=12.865 l2=0.000
  ratio=0.99618554 score=-0.6338 K12+I2 n=14 m=90 w=13 l1=12.865 l2=-0.000
  ratio=0.99607106 score=-1.5401 2cliques(15,15,s=1) n=29 m=210 w=15 l1=14.882 l2=13.000
  ratio=0.99567801 score=-0.6101 2cliques(12,12,s=11) n=13 m=77 w=12 l1=11.856 l2=0.000
  ratio=0.99567801 score=-0.6101 K11+I2 n=13 m=77 w=12 l1=11.856 l2=0.000
  ratio=0.99552691 score=-1.5119 K1+(K13 u K13) n=27 m=182 w=14 l1=13.874 l2=12.000
  ratio=0.99552691 score=-1.5119 2cliques(14,14,s=1) n=27 m=182 w=14 l1=13.874 l2=12.000
  ratio=0.99550000 score=-0.8182 K0+(K11 u K10) n=21 m=100 w=11 l1=10.000 l2=9.000
