T(12,2): base=4.263e-14 best-1flip=0.000000 best-2flip=0.000000
T(12,3): base=-8.527e-14 best-1flip=-0.436232 best-2flip=-0.585138
T(12,4): base=0.000e+00 best-1flip=-0.694448 best-2flip=-1.084562
T(12,5): base=-5.544e-01 best-1flip=-1.077735 best-2flip=-1.137636
T(12,6): base=-2.842e-14 best-1flip=-0.961253 best-2flip=-1.328850
T(12,8): base=-1.329e+00 best-1flip=-0.961253 best-2flip=0.000000
T(15,2): base=-4.263e-14 best-1flip=0.000000 best-2flip=0.000000
T(15,3): base=1.990e-13 best-1flip=-0.421966 best-2flip=-0.607417
T(15,4): base=-3.112e-01 best-1flip=-0.870987 best-2flip=-1.188065
T(15,5): base=1.705e-13 best-1flip=-0.840380 best-2flip=-1.415557
T(15,6): base=-8.380e-01 best-1flip=-1.553332 best-2flip=-1.804566
T(15,8): base=-6.472e-01 best-1flip=-1.466769 best-2flip=-0.468932
T(18,2): base=-2.842e-14 best-1flip=0.000000 best-2flip=0.000000
T(18,3): base=5.684e-14 best-1flip=-0.411346 best-2flip=-0.621620
T(18,4): base=-3.759e-01 best-1flip=-0.847728 best-2flip=-1.292583
T(18,5): base=-5.951e-01 best-1flip=-1.250224 best-2flip=-1.691511
T(18,6): base=-1.705e-13 best-1flip=-0.939442 best-2flip=-1.641107
T(18,8): base=-9.259e-01 best-1flip=-1.694117 best-2flip=-1.398115
T(21,2): base=7.105e-14 best-1flip=0.000000
T(21,3): base=-1.705e-13 best-1flip=-0.403064
T(21,4): base=-2.619e-01 best-1flip=-0.822029
T(21,5): base=-3.560e-01 best-1flip=-1.050682
T(21,6): base=-8.357e-01 best-1flip=-1.566659
T(21,8): base=-1.270e+00 best-1flip=-2.208141
T(24,2): base=8.527e-14 best-1flip=0.000000
T(24,3): base=0.000e+00 best-1flip=-0.396402
T(24,4): base=-2.274e-13 best-1flip=-0.621394
T(24,5): base=-4.107e-01 best-1flip=-1.126611
T(24,6): base=1.137e-12 best-1flip=-0.891793
T(24,8): base=-4.547e-13 best-1flip=-1.065607
T(30,2): base=1.137e-13 best-1flip=0.000000
T(30,3): base=-5.684e-14 best-1flip=-0.386316
T(30,4): base=-3.753e-01 best-1flip=-0.872508
T(30,5): base=1.705e-12 best-1flip=-0.748775
T(30,6): base=2.274e-13 best-1flip=-0.858743
T(30,8): base=-1.025e+00 best-1flip=-1.974785
T(36,2): base=1.137e-13 best-1flip=0.000000
T(36,3): base=1.137e-13 best-1flip=-0.379028
T(36,4): base=0.000e+00 best-1flip=-0.588811
T(36,5): base=-3.674e-01 best-1flip=-1.039790
T(36,6): base=-6.821e-13 best-1flip=-0.834301
T(36,8): base=-1.314e+00 best-1flip=-2.185486
T(40,2): base=2.842e-13 best-1flip=0.000000
T(40,3): base=-1.433e-01 best-1flip=-0.496110
T(40,4): base=2.274e-13 best-1flip=-0.581541
T(40,5): base=4.547e-13 best-1flip=-0.719037
T(40,6): base=-7.568e-01 best-1flip=-1.515934
T(40,8): base=2.046e-12 best-1flip=-0.970504
K3,4+K2,5: base=-3.553e-15 best-1flip=-0.317997 best-2flip=0.000000
K4,4+K3,3: base=-3.553e-15 best-1flip=-0.480870 best-2flip=-0.443862
K5,5+K4,4: base=7.105e-15 best-1flip=-0.588787 best-2flip=-0.754493
K6,7+K5,5: base=2.842e-14 best-1flip=-0.660033
K8,8+K6,6: base=-1.421e-14 best-1flip=-0.724981
NO VIOLATION in any perturbation
