n<=9: graphs=273191, affine-family failures: 36
   H?`reQF deficit 0.03955
   H?ovE_N deficit 0.02524
   HCOf@pR deficit 0.02524
   HCOf?zB deficit 0.02524
   HCOedPb deficit 0.02524
   HCOedHb deficit 0.02524
   HCOebIb deficit 0.02524
   HCOe`ZB deficit 0.02524
   HCQf@oN deficit 0.02524
   HCQe`r` deficit 0.02524
   HCQdbPF deficit 0.02524
   HCQdar` deficit 0.02524
   HCQb`pw deficit 0.02524
   HCQbRbo deficit 0.02524
   HCQfRjF deficit 0.01949
   HCQerjF deficit 0.01949
   HCQfbjF deficit 0.01755
   HCRdrrF deficit 0.01421
   HCpf`zF deficit 0.0116
   HCpdrjF deficit 0.0116
