F_5 c=2.0: viol=-1.791e+00 rhoK=0.8759
F_10 c=2.0: viol=-1.665e+00 rhoK=0.8755
F_14 c=2.0: viol=-1.555e+00 rhoK=0.8774
F_20 c=2.0: viol=-1.386e+00 rhoK=0.8796
F_40 c=2.0: viol=-8.100e-01 rhoK=0.8833
F_80 c=2.0: viol=3.537e-01 rhoK=0.8857
F_150 c=2.0: viol=2.396e+00 rhoK=0.8870
F_300 c=2.0: viol=6.777e+00 rhoK=0.8878
hub+K3x10 c=2.0: viol=-1.665e+00 rhoK=0.8755
hub+K3x25 c=2.0: viol=-1.243e+00 rhoK=0.8809
hub+K3x60 c=2.0: viol=-2.289e-01 rhoK=0.8849
hub+C4x10 c=2.0: viol=-2.415e+00 rhoK=0.8796
hub+C4x25 c=2.0: viol=-1.752e+00 rhoK=0.8794
hub+C4x60 c=2.0: viol=-1.711e-01 rhoK=0.8804
hub+C5x10 c=2.0: viol=-2.308e+00 rhoK=0.8792
hub+C5x25 c=2.0: viol=-1.471e+00 rhoK=0.8796
hub+C5x60 c=2.0: viol=5.088e-01 rhoK=0.8806
hub+P4x10 c=2.0: viol=-1.403e+00 rhoK=0.8791
hub+P4x25 c=2.0: viol=-6.114e-01 rhoK=0.8814
hub+P4x60 c=2.0: viol=1.261e+00 rhoK=0.8832
hub+K4x10 c=2.0: viol=-3.330e+00 rhoK=0.8923
hub+K4x25 c=2.0: viol=-2.766e+00 rhoK=0.8851
hub+K4x60 c=2.0: viol=-1.375e+00 rhoK=0.8836
F_5 c=4.0: viol=-1.838e+00 rhoK=0.8588
F_10 c=4.0: viol=-1.787e+00 rhoK=0.8425
F_14 c=4.0: viol=-1.732e+00 rhoK=0.8413
F_20 c=4.0: viol=-1.647e+00 rhoK=0.8415
F_40 c=4.0: viol=-1.353e+00 rhoK=0.8433
F_80 c=4.0: viol=-7.574e-01 rhoK=0.8448
F_150 c=4.0: viol=2.871e-01 rhoK=0.8457
F_300 c=4.0: viol=2.527e+00 rhoK=0.8462
hub+K3x10 c=4.0: viol=-1.787e+00 rhoK=0.8425
hub+K3x25 c=4.0: viol=-1.574e+00 rhoK=0.8420
hub+K3x60 c=4.0: viol=-1.055e+00 rhoK=0.8442
hub+C4x10 c=4.0: viol=-2.559e+00 rhoK=0.8614
hub+C4x25 c=4.0: viol=-2.133e+00 rhoK=0.8566
hub+C4x60 c=4.0: viol=-1.102e+00 rhoK=0.8561
hub+C5x10 c=4.0: viol=-2.491e+00 rhoK=0.8593
hub+C5x25 c=4.0: viol=-1.950e+00 rhoK=0.8563
hub+C5x60 c=4.0: viol=-6.585e-01 rhoK=0.8561
hub+P4x10 c=4.0: viol=-1.643e+00 rhoK=0.8510
hub+P4x25 c=4.0: viol=-1.226e+00 rhoK=0.8497
hub+P4x60 c=4.0: viol=-2.348e-01 rhoK=0.8503
hub+K4x10 c=4.0: viol=-3.419e+00 rhoK=0.8852
hub+K4x25 c=4.0: viol=-3.027e+00 rhoK=0.8714
hub+K4x60 c=4.0: viol=-2.015e+00 rhoK=0.8677
FAMILIES worst violation: 6.777112876164702 FAIL
