t=2: 12 orbits sizes=[12, 12, 12, 12, 12, 12, 12, 12, 12, 6]...
  t=2: 84 subsets, 0 sum-ok patterns PAF-checked, none valid
t=4: 23 orbits sizes=[6, 6, 6, 6, 6, 6, 6, 6, 6, 6]...
  t=4: 44268 subsets, 514080 sum-ok patterns PAF-checked, none valid
t=5: 18 orbits sizes=[12, 12, 12, 12, 12, 12, 6, 4, 4, 4]...
  t=5: 2712 subsets, 0 sum-ok patterns PAF-checked, none valid
t=7: 14 orbits sizes=[12, 12, 12, 12, 12, 12, 12, 12, 12, 3]...
  t=7: 84 subsets, 0 sum-ok patterns PAF-checked, none valid
t=17: 23 orbits sizes=[6, 6, 6, 6, 6, 6, 6, 6, 6, 6]...
  t=17: 52836 subsets, 0 sum-ok patterns PAF-checked, none valid
t=19: 18 orbits sizes=[12, 12, 12, 12, 12, 12, 12, 12, 12, 1]...
  t=19: 84 subsets, 0 sum-ok patterns PAF-checked, none valid
t=20: 12 orbits sizes=[12, 12, 12, 12, 12, 12, 12, 12, 12, 6]...
  t=20: 84 subsets, 0 sum-ok patterns PAF-checked, none valid
t=23: 21 orbits sizes=[6, 6, 6, 6, 6, 6, 6, 6, 6, 6]...
  t=23: 27132 subsets, 0 sum-ok patterns PAF-checked, none valid
t=29: 23 orbits sizes=[6, 6, 6, 6, 6, 6, 6, 6, 6, 6]...
  t=29: 86156 subsets, 1713600 sum-ok patterns PAF-checked, none valid
t=31: 20 orbits sizes=[12, 12, 12, 12, 12, 12, 4, 4, 4, 4]...
  t=31: 12396 subsets, 123012 sum-ok patterns PAF-checked, none valid
t=43: 23 orbits sizes=[6, 6, 6, 6, 6, 6, 6, 6, 6, 6]...
  t=43: 44268 subsets, 514080 sum-ok patterns PAF-checked, none valid
t=58: 14 orbits sizes=[12, 12, 12, 12, 12, 12, 12, 12, 12, 3]...
  t=58: 84 subsets, 0 sum-ok patterns PAF-checked, none valid
t=68: 23 orbits sizes=[6, 6, 6, 6, 6, 6, 6, 6, 6, 6]...
  t=68: 86156 subsets, 1713600 sum-ok patterns PAF-checked, none valid
t=71: 14 orbits sizes=[12, 12, 12, 12, 12, 12, 12, 12, 12, 2]...
  t=71: 84 subsets, 0 sum-ok patterns PAF-checked, none valid
t=95: 21 orbits sizes=[6, 6, 6, 6, 6, 6, 6, 6, 6, 6]...
  t=95: 27132 subsets, 0 sum-ok patterns PAF-checked, none valid
DONE 0 witnesses
