t=2,r=0: 15 orbits sizes=[12, 12, 12, 12, 12, 12, 6, 6, 4, 4]...
  t=2,r=0: 461 subsets, 1296 sum-ok patterns PAF-checked, none valid
t=2,r=1: 15 orbits sizes=[12, 12, 12, 12, 12, 12, 6, 6, 4, 4]...
  t=2,r=1: 461 subsets, 1296 sum-ok patterns PAF-checked, none valid
t=2,r=2: 15 orbits sizes=[12, 12, 12, 12, 12, 12, 6, 6, 4, 4]...
  t=2,r=2: 461 subsets, 1296 sum-ok patterns PAF-checked, none valid
t=2,r=3: 15 orbits sizes=[12, 12, 12, 12, 12, 12, 6, 6, 4, 4]...
  t=2,r=3: 461 subsets, 1296 sum-ok patterns PAF-checked, none valid
t=2,r=4: 15 orbits sizes=[12, 12, 12, 12, 12, 12, 6, 6, 4, 4]...
  t=2,r=4: 461 subsets, 1296 sum-ok patterns PAF-checked, none valid
t=2,r=5: 15 orbits sizes=[12, 12, 12, 12, 12, 12, 6, 6, 4, 4]...
  t=2,r=5: 461 subsets, 1296 sum-ok patterns PAF-checked, none valid
t=2,r=6: 15 orbits sizes=[12, 12, 12, 12, 12, 12, 6, 6, 4, 4]...
  t=2,r=6: 461 subsets, 1296 sum-ok patterns PAF-checked, none valid
t=2,r=7: 15 orbits sizes=[12, 12, 12, 12, 12, 12, 6, 6, 4, 4]...
  t=2,r=7: 461 subsets, 1296 sum-ok patterns PAF-checked, none valid
t=2,r=8: 15 orbits sizes=[12, 12, 12, 12, 12, 12, 6, 6, 4, 4]...
  t=2,r=8: 461 subsets, 1296 sum-ok patterns PAF-checked, none valid
t=2,r=9: 15 orbits sizes=[12, 12, 12, 12, 12, 12, 6, 6, 4, 4]...
  t=2,r=9: 461 subsets, 1296 sum-ok patterns PAF-checked, none valid
t=2,r=10: 15 orbits sizes=[12, 12, 12, 12, 12, 12, 6, 6, 4, 4]...
  t=2,r=10: 461 subsets, 1296 sum-ok patterns PAF-checked, none valid
t=2,r=11: 15 orbits sizes=[12, 12, 12, 12, 12, 12, 6, 6, 4, 4]...
  t=2,r=11: 461 subsets, 1296 sum-ok patterns PAF-checked, none valid
t=2,r=12: 15 orbits sizes=[12, 12, 12, 12, 12, 12, 6, 6, 4, 4]...
  t=2,r=12: 461 subsets, 1296 sum-ok patterns PAF-checked, none valid
t=2,r=13: 15 orbits sizes=[12, 12, 12, 12, 12, 12, 6, 6, 4, 4]...
  t=2,r=13: 461 subsets, 1296 sum-ok patterns PAF-checked, none valid
t=2,r=14: 15 orbits sizes=[12, 12, 12, 12, 12, 12, 6, 6, 4, 4]...
  t=2,r=14: 461 subsets, 1296 sum-ok patterns PAF-checked, none valid
t=2,r=15: 15 orbits sizes=[12, 12, 12, 12, 12, 12, 6, 6, 4, 4]...
  t=2,r=15: 461 subsets, 1296 sum-ok patterns PAF-checked, none valid
t=2,r=16: 15 orbits sizes=[12, 12, 12, 12, 12, 12, 6, 6, 4, 4]...
  t=2,r=16: 461 subsets, 1296 sum-ok patterns PAF-checked, none valid
t=2,r=17: 15 orbits sizes=[12, 12, 12, 12, 12, 12, 6, 6, 4, 4]...
  t=2,r=17: 461 subsets, 1296 sum-ok patterns PAF-checked, none valid
t=2,r=18: 15 orbits sizes=[12, 12, 12, 12, 12, 12, 6, 6, 4, 4]...
  t=2,r=18: 461 subsets, 1296 sum-ok patterns PAF-checked, none valid
t=2,r=19: 15 orbits sizes=[12, 12, 12, 12, 12, 12, 6, 6, 4, 4]...
  t=2,r=19: 461 subsets, 1296 sum-ok patterns PAF-checked, none valid
t=2,r=20: 15 orbits sizes=[12, 12, 12, 12, 12, 12, 6, 6, 4, 4]...
  t=2,r=20: 461 subsets, 1296 sum-ok patterns PAF-checked, none valid
t=2,r=21: 15 orbits sizes=[12, 12, 12, 12, 12, 12, 6, 6, 4, 4]...
  t=2,r=21: 461 subsets, 1296 sum-ok patterns PAF-checked, none valid
t=2,r=22: 15 orbits sizes=[12, 12, 12, 12, 12, 12, 6, 6, 4, 4]...
  t=2,r=22: 461 subsets, 1296 sum-ok patterns PAF-checked, none valid
t=2,r=23: 15 orbits sizes=[12, 12, 12, 12, 12, 12, 6, 6, 4, 4]...
  t=2,r=23: 461 subsets, 1296 sum-ok patterns PAF-checked, none valid
t=2,r=24: 15 orbits sizes=[12, 12, 12, 12, 12, 12, 6, 6, 4, 4]...
  t=2,r=24: 461 subsets, 1296 sum-ok patterns PAF-checked, none valid
t=2,r=25: 15 orbits sizes=[12, 12, 12, 12, 12, 12, 6, 6, 4, 4]...
  t=2,r=25: 461 subsets, 1296 sum-ok patterns PAF-checked, none valid
t=2,r=26: 15 orbits sizes=[12, 12, 12, 12, 12, 12, 6, 6, 4, 4]...
  t=2,r=26: 461 subsets, 1296 sum-ok patterns PAF-checked, none valid
t=2,r=27: 15 orbits sizes=[12, 12, 12, 12, 12, 12, 6, 6, 4, 4]...
  t=2,r=27: 461 subsets, 1296 sum-ok patterns PAF-checked, none valid
t=2,r=28: 15 orbits sizes=[12, 12, 12, 12, 12, 12, 6, 6, 4, 4]...
  t=2,r=28: 461 subsets, 1296 sum-ok patterns PAF-checked, none valid
t=2,r=29: 15 orbits sizes=[12, 12, 12, 12, 12, 12, 6, 6, 4, 4]...
  t=2,r=29: 461 subsets, 1296 sum-ok patterns PAF-checked, none valid
t=2,r=30: 15 orbits sizes=[12, 12, 12, 12, 12, 12, 6, 6, 4, 4]...
  t=2,r=30: 461 subsets, 1296 sum-ok patterns PAF-checked, none valid
t=2,r=31: 15 orbits sizes=[12, 12, 12, 12, 12, 12, 6, 6, 4, 4]...
  t=2,r=31: 461 subsets, 1296 sum-ok patterns PAF-checked, none valid
t=2,r=32: 15 orbits sizes=[12, 12, 12, 12, 12, 12, 6, 6, 4, 4]...
  t=2,r=32: 461 subsets, 1296 sum-ok patterns PAF-checked, none valid
t=2,r=33: 15 orbits sizes=[12, 12, 12, 12, 12, 12, 6, 6, 4, 4]...
  t=2,r=33: 461 subsets, 1296 sum-ok patterns PAF-checked, none valid
t=2,r=34: 15 orbits sizes=[12, 12, 12, 12, 12, 12, 6, 6, 4, 4]...
  t=2,r=34: 461 subsets, 1296 sum-ok patterns PAF-checked, none valid
t=2,r=35: 15 orbits sizes=[12, 12, 12, 12, 12, 12, 6, 6, 4, 4]...
  t=2,r=35: 461 subsets, 1296 sum-ok patterns PAF-checked, none valid
t=2,r=36: 15 orbits sizes=[12, 12, 12, 12, 12, 12, 6, 6, 4, 4]...
  t=2,r=36: 461 subsets, 1296 sum-ok patterns PAF-checked, none valid
t=2,r=37: 15 orbits sizes=[12, 12, 12, 12, 12, 12, 6, 6, 4, 4]...
  t=2,r=37: 461 subsets, 1296 sum-ok patterns PAF-checked, none valid
t=2,r=38: 15 orbits sizes=[12, 12, 12, 12, 12, 12, 6, 6, 4, 4]...
  t=2,r=38: 461 subsets, 1296 sum-ok patterns PAF-checked, none valid
t=2,r=39: 15 orbits sizes=[12, 12, 12, 12, 12, 12, 6, 6, 4, 4]...
  t=2,r=39: 461 subsets, 1296 sum-ok patterns PAF-checked, none valid
t=2,r=40: 15 orbits sizes=[12, 12, 12, 12, 12, 12, 6, 6, 4, 4]...
  t=2,r=40: 461 subsets, 1296 sum-ok patterns PAF-checked, none valid
t=2,r=41: 15 orbits sizes=[12, 12, 12, 12, 12, 12, 6, 6, 4, 4]...
  t=2,r=41: 461 subsets, 1296 sum-ok patterns PAF-checked, none valid
t=2,r=42: 15 orbits sizes=[12, 12, 12, 12, 12, 12, 6, 6, 4, 4]...
  t=2,r=42: 461 subsets, 1296 sum-ok patterns PAF-checked, none valid
t=2,r=43: 15 orbits sizes=[12, 12, 12, 12, 12, 12, 6, 6, 4, 4]...
  t=2,r=43: 461 subsets, 1296 sum-ok patterns PAF-checked, none valid
t=2,r=44: 15 orbits sizes=[12, 12, 12, 12, 12, 12, 6, 6, 4, 4]...
  t=2,r=44: 461 subsets, 1296 sum-ok patterns PAF-checked, none valid
t=2,r=45: 15 orbits sizes=[12, 12, 12, 12, 12, 12, 6, 6, 4, 4]...
  t=2,r=45: 461 subsets, 1296 sum-ok patterns PAF-checked, none valid
t=2,r=46: 15 orbits sizes=[12, 12, 12, 12, 12, 12, 6, 6, 4, 4]...
  t=2,r=46: 461 subsets, 1296 sum-ok patterns PAF-checked, none valid
t=2,r=47: 15 orbits sizes=[12, 12, 12, 12, 12, 12, 6, 6, 4, 4]...
  t=2,r=47: 461 subsets, 1296 sum-ok patterns PAF-checked, none valid
t=2,r=48: 15 orbits sizes=[12, 12, 12, 12, 12, 12, 6, 6, 4, 4]...
  t=2,r=48: 461 subsets, 1296 sum-ok patterns PAF-checked, none valid
t=2,r=49: 15 orbits sizes=[12, 12, 12, 12, 12, 12, 6, 6, 4, 4]...
  t=2,r=49: 461 subsets, 1296 sum-ok patterns PAF-checked, none valid
t=2,r=50: 15 orbits sizes=[12, 12, 12, 12, 12, 12, 6, 6, 4, 4]...
  t=2,r=50: 461 subsets, 1296 sum-ok patterns PAF-checked, none valid
t=2,r=51: 15 orbits sizes=[12, 12, 12, 12, 12, 12, 6, 6, 4, 4]...
  t=2,r=51: 461 subsets, 1296 sum-ok patterns PAF-checked, none valid
t=2,r=52: 15 orbits sizes=[12, 12, 12, 12, 12, 12, 6, 6, 4, 4]...
  t=2,r=52: 461 subsets, 1296 sum-ok patterns PAF-checked, none valid
t=2,r=53: 15 orbits sizes=[12, 12, 12, 12, 12, 12, 6, 6, 4, 4]...
  t=2,r=53: 461 subsets, 1296 sum-ok patterns PAF-checked, none valid
t=2,r=54: 15 orbits sizes=[12, 12, 12, 12, 12, 12, 6, 6, 4, 4]...
  t=2,r=54: 461 subsets, 1296 sum-ok patterns PAF-checked, none valid
t=2,r=55: 15 orbits sizes=[12, 12, 12, 12, 12, 12, 6, 6, 4, 4]...
  t=2,r=55: 461 subsets, 1296 sum-ok patterns PAF-checked, none valid
t=2,r=56: 15 orbits sizes=[12, 12, 12, 12, 12, 12, 6, 6, 4, 4]...
  t=2,r=56: 461 subsets, 1296 sum-ok patterns PAF-checked, none valid
t=2,r=57: 15 orbits sizes=[12, 12, 12, 12, 12, 12, 6, 6, 4, 4]...
  t=2,r=57: 461 subsets, 1296 sum-ok patterns PAF-checked, none valid
t=2,r=58: 15 orbits sizes=[12, 12, 12, 12, 12, 12, 6, 6, 4, 4]...
  t=2,r=58: 461 subsets, 1296 sum-ok patterns PAF-checked, none valid
t=2,r=59: 15 orbits sizes=[12, 12, 12, 12, 12, 12, 6, 6, 4, 4]...
  t=2,r=59: 461 subsets, 1296 sum-ok patterns PAF-checked, none valid
t=2,r=60: 15 orbits sizes=[12, 12, 12, 12, 12, 12, 6, 6, 4, 4]...
  t=2,r=60: 461 subsets, 1296 sum-ok patterns PAF-checked, none valid
t=2,r=61: 15 orbits sizes=[12, 12, 12, 12, 12, 12, 6, 6, 4, 4]...
  t=2,r=61: 461 subsets, 1296 sum-ok patterns PAF-checked, none valid
t=2,r=62: 15 orbits sizes=[12, 12, 12, 12, 12, 12, 6, 6, 4, 4]...
  t=2,r=62: 461 subsets, 1296 sum-ok patterns PAF-checked, none valid
t=2,r=63: 15 orbits sizes=[12, 12, 12, 12, 12, 12, 6, 6, 4, 4]...
  t=2,r=63: 461 subsets, 1296 sum-ok patterns PAF-checked, none valid
t=2,r=64: 15 orbits sizes=[12, 12, 12, 12, 12, 12, 6, 6, 4, 4]...
  t=2,r=64: 461 subsets, 1296 sum-ok patterns PAF-checked, none valid
t=2,r=65: 15 orbits sizes=[12, 12, 12, 12, 12, 12, 6, 6, 4, 4]...
  t=2,r=65: 461 subsets, 1296 sum-ok patterns PAF-checked, none valid
t=2,r=66: 15 orbits sizes=[12, 12, 12, 12, 12, 12, 6, 6, 4, 4]...
  t=2,r=66: 461 subsets, 1296 sum-ok patterns PAF-checked, none valid
t=2,r=67: 15 orbits sizes=[12, 12, 12, 12, 12, 12, 6, 6, 4, 4]...
  t=2,r=67: 461 subsets, 1296 sum-ok patterns PAF-checked, none valid
t=2,r=68: 15 orbits sizes=[12, 12, 12, 12, 12, 12, 6, 6, 4, 4]...
  t=2,r=68: 461 subsets, 1296 sum-ok patterns PAF-checked, none valid
t=2,r=69: 15 orbits sizes=[12, 12, 12, 12, 12, 12, 6, 6, 4, 4]...
  t=2,r=69: 461 subsets, 1296 sum-ok patterns PAF-checked, none valid
t=2,r=70: 15 orbits sizes=[12, 12, 12, 12, 12, 12, 6, 6, 4, 4]...
  t=2,r=70: 461 subsets, 1296 sum-ok patterns PAF-checked, none valid
t=2,r=71: 15 orbits sizes=[12, 12, 12, 12, 12, 12, 6, 6, 4, 4]...
  t=2,r=71: 461 subsets, 1296 sum-ok patterns PAF-checked, none valid
t=2,r=72: 15 orbits sizes=[12, 12, 12, 12, 12, 12, 6, 6, 4, 4]...
  t=2,r=72: 461 subsets, 1296 sum-ok patterns PAF-checked, none valid
t=2,r=73: 15 orbits sizes=[12, 12, 12, 12, 12, 12, 6, 6, 4, 4]...
  t=2,r=73: 461 subsets, 1296 sum-ok patterns PAF-checked, none valid
t=2,r=74: 15 orbits sizes=[12, 12, 12, 12, 12, 12, 6, 6, 4, 4]...
  t=2,r=74: 461 subsets, 1296 sum-ok patterns PAF-checked, none valid
t=2,r=75: 15 orbits sizes=[12, 12, 12, 12, 12, 12, 6, 6, 4, 4]...
  t=2,r=75: 461 subsets, 1296 sum-ok patterns PAF-checked, none valid
t=2,r=76: 15 orbits sizes=[12, 12, 12, 12, 12, 12, 6, 6, 4, 4]...
  t=2,r=76: 461 subsets, 1296 sum-ok patterns PAF-checked, none valid
t=2,r=77: 15 orbits sizes=[12, 12, 12, 12, 12, 12, 6, 6, 4, 4]...
  t=2,r=77: 461 subsets, 1296 sum-ok patterns PAF-checked, none valid
t=2,r=78: 15 orbits sizes=[12, 12, 12, 12, 12, 12, 6, 6, 4, 4]...
  t=2,r=78: 461 subsets, 1296 sum-ok patterns PAF-checked, none valid
t=2,r=79: 15 orbits sizes=[12, 12, 12, 12, 12, 12, 6, 6, 4, 4]...
  t=2,r=79: 461 subsets, 1296 sum-ok patterns PAF-checked, none valid
t=2,r=80: 15 orbits sizes=[12, 12, 12, 12, 12, 12, 6, 6, 4, 4]...
  t=2,r=80: 461 subsets, 1296 sum-ok patterns PAF-checked, none valid
t=2,r=81: 15 orbits sizes=[12, 12, 12, 12, 12, 12, 6, 6, 4, 4]...
  t=2,r=81: 461 subsets, 1296 sum-ok patterns PAF-checked, none valid
t=2,r=82: 15 orbits sizes=[12, 12, 12, 12, 12, 12, 6, 6, 4, 4]...
  t=2,r=82: 461 subsets, 1296 sum-ok patterns PAF-checked, none valid
t=2,r=83: 15 orbits sizes=[12, 12, 12, 12, 12, 12, 6, 6, 4, 4]...
  t=2,r=83: 461 subsets, 1296 sum-ok patterns PAF-checked, none valid
t=2,r=84: 15 orbits sizes=[12, 12, 12, 12, 12, 12, 6, 6, 4, 4]...
  t=2,r=84: 461 subsets, 1296 sum-ok patterns PAF-checked, none valid
t=2,r=85: 15 orbits sizes=[12, 12, 12, 12, 12, 12, 6, 6, 4, 4]...
  t=2,r=85: 461 subsets, 1296 sum-ok patterns PAF-checked, none valid
t=2,r=86: 15 orbits sizes=[12, 12, 12, 12, 12, 12, 6, 6, 4, 4]...
  t=2,r=86: 461 subsets, 1296 sum-ok patterns PAF-checked, none valid
t=2,r=87: 15 orbits sizes=[12, 12, 12, 12, 12, 12, 6, 6, 4, 4]...
  t=2,r=87: 461 subsets, 1296 sum-ok patterns PAF-checked, none valid
t=2,r=88: 15 orbits sizes=[12, 12, 12, 12, 12, 12, 6, 6, 4, 4]...
  t=2,r=88: 461 subsets, 1296 sum-ok patterns PAF-checked, none valid
t=2,r=89: 15 orbits sizes=[12, 12, 12, 12, 12, 12, 6, 6, 4, 4]...
  t=2,r=89: 461 subsets, 1296 sum-ok patterns PAF-checked, none valid
t=2,r=90: 15 orbits sizes=[12, 12, 12, 12, 12, 12, 6, 6, 4, 4]...
  t=2,r=90: 461 subsets, 1296 sum-ok patterns PAF-checked, none valid
t=2,r=91: 15 orbits sizes=[12, 12, 12, 12, 12, 12, 6, 6, 4, 4]...
  t=2,r=91: 461 subsets, 1296 sum-ok patterns PAF-checked, none valid
t=2,r=92: 15 orbits sizes=[12, 12, 12, 12, 12, 12, 6, 6, 4, 4]...
  t=2,r=92: 461 subsets, 1296 sum-ok patterns PAF-checked, none valid
t=2,r=93: 15 orbits sizes=[12, 12, 12, 12, 12, 12, 6, 6, 4, 4]...
  t=2,r=93: 461 subsets, 1296 sum-ok patterns PAF-checked, none valid
t=2,r=94: 15 orbits sizes=[12, 12, 12, 12, 12, 12, 6, 6, 4, 4]...
  t=2,r=94: 461 subsets, 1296 sum-ok patterns PAF-checked, none valid
t=2,r=95: 15 orbits sizes=[12, 12, 12, 12, 12, 12, 6, 6, 4, 4]...
  t=2,r=95: 461 subsets, 1296 sum-ok patterns PAF-checked, none valid
t=2,r=96: 15 orbits sizes=[12, 12, 12, 12, 12, 12, 6, 6, 4, 4]...
  t=2,r=96: 461 subsets, 1296 sum-ok patterns PAF-checked, none valid
t=2,r=97: 15 orbits sizes=[12, 12, 12, 12, 12, 12, 6, 6, 4, 4]...
  t=2,r=97: 461 subsets, 1296 sum-ok patterns PAF-checked, none valid
t=2,r=98: 15 orbits sizes=[12, 12, 12, 12, 12, 12, 6, 6, 4, 4]...
  t=2,r=98: 461 subsets, 1296 sum-ok patterns PAF-checked, none valid
t=2,r=99: 15 orbits sizes=[12, 12, 12, 12, 12, 12, 6, 6, 4, 4]...
  t=2,r=99: 461 subsets, 1296 sum-ok patterns PAF-checked, none valid
t=2,r=100: 15 orbits sizes=[12, 12, 12, 12, 12, 12, 6, 6, 4, 4]...
  t=2,r=100: 461 subsets, 1296 sum-ok patterns PAF-checked, none valid
t=2,r=101: 15 orbits sizes=[12, 12, 12, 12, 12, 12, 6, 6, 4, 4]...
  t=2,r=101: 461 subsets, 1296 sum-ok patterns PAF-checked, none valid
t=2,r=102: 15 orbits sizes=[12, 12, 12, 12, 12, 12, 6, 6, 4, 4]...
  t=2,r=102: 461 subsets, 1296 sum-ok patterns PAF-checked, none valid
t=2,r=103: 15 orbits sizes=[12, 12, 12, 12, 12, 12, 6, 6, 4, 4]...
  t=2,r=103: 461 subsets, 1296 sum-ok patterns PAF-checked, none valid
t=2,r=104: 15 orbits sizes=[12, 12, 12, 12, 12, 12, 6, 6, 4, 4]...
  t=2,r=104: 461 subsets, 1296 sum-ok patterns PAF-checked, none valid
t=4,r=1: 21 orbits sizes=[6, 6, 6, 6, 6, 6, 6, 6, 6, 6]...
  t=4,r=1: 82628 subsets, 2456272 sum-ok patterns PAF-checked, none valid
t=4,r=2: 21 orbits sizes=[6, 6, 6, 6, 6, 6, 6, 6, 6, 6]...
  t=4,r=2: 82628 subsets, 2456272 sum-ok patterns PAF-checked, none valid
t=4,r=4: 21 orbits sizes=[6, 6, 6, 6, 6, 6, 6, 6, 6, 6]...
  t=4,r=4: 82628 subsets, 2456272 sum-ok patterns PAF-checked, none valid
t=4,r=5: 21 orbits sizes=[6, 6, 6, 6, 6, 6, 6, 6, 6, 6]...
  t=4,r=5: 82628 subsets, 2456272 sum-ok patterns PAF-checked, none valid
t=4,r=7: 21 orbits sizes=[6, 6, 6, 6, 6, 6, 6, 6, 6, 6]...
  t=4,r=7: 82628 subsets, 2456272 sum-ok patterns PAF-checked, none valid
t=4,r=8: 21 orbits sizes=[6, 6, 6, 6, 6, 6, 6, 6, 6, 6]...
  t=4,r=8: 82628 subsets, 2456272 sum-ok patterns PAF-checked, none valid
t=4,r=10: 21 orbits sizes=[6, 6, 6, 6, 6, 6, 6, 6, 6, 6]...
  t=4,r=10: 82628 subsets, 2456272 sum-ok patterns PAF-checked, none valid
t=4,r=11: 21 orbits sizes=[6, 6, 6, 6, 6, 6, 6, 6, 6, 6]...
  t=4,r=11: 82628 subsets, 2456272 sum-ok patterns PAF-checked, none valid
t=4,r=13: 21 orbits sizes=[6, 6, 6, 6, 6, 6, 6, 6, 6, 6]...
  t=4,r=13: 82628 subsets, 2456272 sum-ok patterns PAF-checked, none valid
t=4,r=14: 21 orbits sizes=[6, 6, 6, 6, 6, 6, 6, 6, 6, 6]...
  t=4,r=14: 82628 subsets, 2456272 sum-ok patterns PAF-checked, none valid
t=4,r=16: 21 orbits sizes=[6, 6, 6, 6, 6, 6, 6, 6, 6, 6]...
  t=4,r=16: 82628 subsets, 2456272 sum-ok patterns PAF-checked, none valid
t=4,r=17: 21 orbits sizes=[6, 6, 6, 6, 6, 6, 6, 6, 6, 6]...
  t=4,r=17: 82628 subsets, 2456272 sum-ok patterns PAF-checked, none valid
t=4,r=19: 21 orbits sizes=[6, 6, 6, 6, 6, 6, 6, 6, 6, 6]...
  t=4,r=19: 82628 subsets, 2456272 sum-ok patterns PAF-checked, none valid
t=4,r=20: 21 orbits sizes=[6, 6, 6, 6, 6, 6, 6, 6, 6, 6]...
