TIGHT n=14 m=68 tag=rand g6=M}na|Uz]R~]}vu~v_ t=0.1s
TIGHT n=14 m=69 tag=rand g6=MJ~^svn~R|Dz~^|m_ t=0.1s
TIGHT n=14 m=72 tag=rand g6=M~v~~|kmNy~Uy~zz? t=0.2s
TIGHT n=14 m=68 tag=rand g6=Mx^}f}^N}Zu~vVfi_ t=0.1s
TIGHT n=14 m=79 tag=rand g6=M~v~~]v^vzn~^~{z_ t=0.3s
TIGHT n=14 m=81 tag=rand g6=M~^~{V~~~z^}~v~n_ t=0.4s
TIGHT n=14 m=69 tag=rand g6=M~rfy^~n}O{u~n|m_ t=0.2s
TIGHT n=14 m=63 tag=rand g6=Mfy}xu\eZt~lrnq]_ t=0.1s
TIGHT n=14 m=72 tag=rand g6=MvvRz|vmv}~n^VJ~_ t=0.1s
TIGHT n=14 m=66 tag=rand g6=M}tPV|nkN~\hj}~^_ t=0.3s
TIGHT n=14 m=56 tag=rand g6=Mi|QikK~]n\n[}yB? t=0.1s
TIGHT n=14 m=80 tag=rand g6=Mn~n|zr~nz~z~^}~_ t=0.3s
TIGHT n=14 m=67 tag=rand g6=Mt]{~Vfy^NvlvZ~d_ t=0.1s
TIGHT n=14 m=74 tag=rand g6=M^~kV~z}|x^}yz|~_ t=0.3s
TIGHT n=14 m=59 tag=rand g6=Mcejwk}^^~vWvJvb? t=0.1s
TIGHT n=14 m=78 tag=rand g6=M~v~|mz~~z|~L~~b_ t=0.4s
TIGHT n=14 m=70 tag=rand g6=M~Wlflnk~~|~^~Rt_ t=0.4s
TIGHT n=14 m=69 tag=rand g6=M~i\Zx}knuV~^~yn_ t=0.2s
TIGHT n=14 m=78 tag=rand g6=Mnvvn^Z~~}r^v~~z_ t=0.1s
TIGHT n=14 m=58 tag=rand g6=Mmvk~IIrFJrB~]zn? t=0.1s
TIGHT n=14 m=64 tag=rand g6=M|yGZn}]^vhr|m^u_ t=0.1s
TIGHT n=14 m=82 tag=rand g6=M~z~}~zL~z~~|~~}_ t=0.4s
TIGHT n=14 m=70 tag=rand g6=Mv^~n^rns]~|pu|{_ t=0.3s
TIGHT n=14 m=65 tag=rand g6=Mwt\v^VXzvVx]zvZ_ t=0.2s
TIGHT n=14 m=56 tag=rand g6=MPttlDxk^Y@s^~^r_ t=0.1s
TIGHT n=14 m=77 tag=rand g6=M~~^v[}n~|~v~~kn? t=0.1s
TIGHT n=14 m=83 tag=rand g6=M~z~~~}~|~~n^~uz_ t=0.4s
TIGHT n=14 m=70 tag=rand g6=MyxJ{|~r|n^~Tmn~_ t=0.2s
TIGHT n=14 m=74 tag=rand g6=M~}~rV}~nnfvvfNv_ t=0.3s
TIGHT n=14 m=64 tag=rand g6=M]O^NzNt~f[]~tn}? t=0.1s
TIGHT n=14 m=58 tag=rand g6=MYvmZ{Z^orjvz@vT? t=0.1s
TIGHT n=14 m=60 tag=rand g6=M~\nY]zTulpQ}tBz_ t=0.1s
TIGHT n=14 m=65 tag=rand g6=MNly|}tx}~ujxrZ]? t=0.2s
TIGHT n=14 m=70 tag=rand g6=M|rfnw}vOun~|~~n_ t=0.1s
TIGHT n=14 m=68 tag=rand g6=Mq~Z~n}ym|\[Rl~}_ t=0.1s
TIGHT n=14 m=64 tag=rand g6=MymnJ{X~\bf}r}]}_ t=0.1s
TIGHT n=14 m=75 tag=rand g6=MzLz|~zn}~|~yn\n_ t=0.3s
TIGHT n=14 m=77 tag=rand g6=M~Vz}znu^~f}|~~n_ t=0.2s
TIGHT n=14 m=66 tag=rand g6=M}}\t~zT{y~tfx}e? t=0.2s
TIGHT n=14 m=82 tag=rand g6=M~m|z~~~v^v~v~n~_ t=0.9s
TIGHT n=14 m=67 tag=rand g6=Mypx~~jmv~n~`f^T? t=0.2s
TIGHT n=14 m=62 tag=rand g6=MlzjsV|i{xr~Uz~W? t=0.1s
TIGHT n=14 m=74 tag=rand g6=M~~fnwvn]~vZ~q~}_ t=0.1s
TIGHT n=14 m=72 tag=rand g6=M~z~znlMJiv~n~r|_ t=0.3s
TIGHT n=14 m=64 tag=rand g6=Mrz^qV~NNz^fMS]n_ t=0.1s
TIGHT n=14 m=79 tag=rand g6=M~}zvzn}~|}~vf~v_ t=0.4s
TIGHT n=14 m=75 tag=rand g6=M~le~F~z~~v\~znt_ t=0.3s
TIGHT n=14 m=75 tag=rand g6=M~r~n{~~]tvnnvv}? t=0.2s
TIGHT n=14 m=71 tag=rand g6=Mt~~^z^~|Wz|]k|t_ t=0.1s
TIGHT n=14 m=77 tag=rand g6=M~z\~^Vz~|zv^~|u_ t=0.1s
TIGHT n=14 m=81 tag=rand g6=Mzz~z}~r^~n~~|}~_ t=0.3s
TIGHT n=14 m=80 tag=rand g6=Mz~]~~^~x~~||l^~_ t=0.4s
TIGHT n=14 m=80 tag=rand g6=MN^~nx~}z~|~~^|~_ t=0.1s
TIGHT n=14 m=81 tag=rand g6=M~~~|}~z~vu~V^~}_ t=0.4s
TIGHT n=14 m=60 tag=rand g6=MUJ{NvT~lZ}nDyjj? t=0.1s
TIGHT n=14 m=67 tag=rand g6=MK^|t]`^~Xj~|~}]_ t=0.1s
TIGHT n=14 m=83 tag=rand g6=Mn~|~z~}~z|~~v|~_ t=0.4s
TIGHT n=14 m=81 tag=rand g6=M~nvn|^~~||~~r~~? t=0.1s
TIGHT n=14 m=84 tag=rand g6=Mr~~~v~~^~~z|~~|_ t=0.8s
TIGHT n=14 m=80 tag=rand g6=M~n~]}~~x~~}}y~}_ t=0.3s
TIGHT n=14 m=78 tag=rand g6=Mnv^}}ntr~~n|~^~_ t=0.4s
TIGHT n=14 m=64 tag=rand g6=Muz}WX}v~Zn||ckZ_ t=0.1s
TIGHT n=14 m=81 tag=rand g6=M|~j~~~^~^z~^~|f_ t=0.4s
TIGHT n=14 m=70 tag=rand g6=My~nn{^^~eznvfs]_ t=0.3s
TIGHT n=14 m=79 tag=rand g6=M~n{~~n|~v~~|~NM_ t=0.4s
TIGHT n=14 m=72 tag=rand g6=M}vZ~^d~^i~dnj~v_ t=0.1s
TIGHT n=14 m=72 tag=rand g6=Mtj~xvt|\V~^~R|~_ t=0.1s
TIGHT n=14 m=56 tag=rand g6=Mz^q~IZSe}|XqKXV_ t=0.1s
TIGHT n=14 m=74 tag=rand g6=M{}}~~v^~~~jrfn[? t=0.2s
TIGHT n=14 m=81 tag=rand g6=Mzn~^~n~~~~\~kv~_ t=0.1s
TIGHT n=14 m=79 tag=rand g6=MJ~~~~|~n~vun~{n_ t=0.1s
TIGHT n=14 m=73 tag=rand g6=Ml~h~Nt^~|}jv~f^_ t=0.1s
TIGHT n=14 m=73 tag=rand g6=Mn}rv}N^~zV{~^vN_ t=0.3s
TIGHT n=14 m=77 tag=rand g6=Mn~tx\v~~}v~~^|Z_ t=0.4s
TIGHT n=14 m=57 tag=rand g6=MtK|[ZvdmpmEu]~Z? t=0.1s
TIGHT n=14 m=75 tag=rand g6=M~}n}~zvnXjzxz~v_ t=0.2s
TIGHT n=14 m=78 tag=rand g6=M^~^x~~l^~|y^n~~? t=0.2s
TIGHT n=14 m=82 tag=rand g6=M~~~z~vv~Z~}~~m~? t=0.3s
TIGHT n=14 m=65 tag=rand g6=Mr\}jQ\z}^dvs]~|_ t=0.1s
TIGHT n=14 m=58 tag=rand g6=MY{N^Mf|asv\Im~y? t=0.1s
TIGHT n=14 m=76 tag=rand g6=M~~^~B~}{~|~vtZn_ t=0.1s
TIGHT n=14 m=67 tag=rand g6=M|~dfx~^F~tpp|Z~? t=0.2s
TIGHT n=14 m=69 tag=rand g6=MNtW~~z~Zj~d~^`z_ t=0.3s
TIGHT n=14 m=71 tag=rand g6=Mrj~xbl~n|~Z]]~~? t=0.2s
TIGHT n=14 m=79 tag=rand g6=Mxn^~~zn~~\~}N~z_ t=0.1s
TIGHT n=14 m=67 tag=rand g6=M^~nP}xx]l{iZ|~v_ t=0.1s
TIGHT n=14 m=70 tag=rand g6=Mxvjn^v~o^~j~vfs_ t=0.3s
TIGHT n=14 m=64 tag=rand g6=M^q}J^{Pxz}~nyJu_ t=0.1s
TIGHT n=14 m=60 tag=rand g6=Mx}vk[~{Je{m^iI~? t=0.1s
TIGHT n=14 m=74 tag=rand g6=Mf~yX}u]n~n}~n~}_ t=0.1s
TIGHT n=14 m=56 tag=rand g6=MtZ}C~frM|yuc{kp? t=0.1s
TIGHT n=14 m=63 tag=rand g6=Mmllq}u{Fk^}jzk~_ t=0.1s
TIGHT n=14 m=78 tag=rand g6=M^}t}vY~~^~|v~}~_ t=0.2s
TIGHT n=14 m=68 tag=rand g6=MV}~~N|jvrvixz{i_ t=0.1s
TIGHT n=14 m=65 tag=rand g6=MtQ|~~\{mnpa}|~l? t=0.1s
TIGHT n=14 m=67 tag=rand g6=M~tQmu~zxvrR~t}|? t=0.1s
TIGHT n=14 m=76 tag=rand g6=MmzB~~~~^~vm|f^~_ t=0.1s
TIGHT n=14 m=73 tag=rand g6=M~^Vmz}_~~V~lz~^_ t=0.2s
TIGHT n=14 m=76 tag=rand g6=Mu~~~mnv|~|~v^Uv? t=0.4s
TIGHT n=14 m=75 tag=rand g6=Mz~}j|nRV~n]v~n~_ t=0.5s
TIGHT n=14 m=60 tag=rand g6=MnTMrnhUhy~lrsU~_ t=0.1s
TIGHT n=14 m=82 tag=rand g6=M~^~n~zz~n~~nmv~_ t=0.4s
TIGHT n=14 m=73 tag=rand g6=M~|{x~\nl~z~~rH~? t=0.3s
TIGHT n=14 m=77 tag=rand g6=Mz~t~zv~^~}}~MvN_ t=0.4s
TIGHT n=14 m=81 tag=rand g6=M|~~~|~v~~^n~j{~? t=0.3s
TIGHT n=14 m=70 tag=rand g6=M\|}|uu~uv}zd}^|? t=0.1s
TIGHT n=14 m=65 tag=rand g6=MZ{jnyzvDnUJ^~zf_ t=0.1s
TIGHT n=14 m=63 tag=rand g6=Mn{}x]Zse{~lyJzm_ t=0.3s
TIGHT n=14 m=78 tag=rand g6=M}~~nvz^~tv~|||n? t=0.3s
TIGHT n=14 m=77 tag=rand g6=M~~nN}v^^^Yv~|~v_ t=0.4s
TIGHT n=14 m=71 tag=rand g6=Mmyt|n|~]u~n~zzB_ t=0.1s
TIGHT n=14 m=80 tag=rand g6=Mz|z|~~~~~}yvx~|_ t=0.3s
TIGHT n=14 m=67 tag=rand g6=M~Xzn^|[vyR~M~h]_ t=0.1s
TIGHT n=14 m=79 tag=rand g6=M~zv|~|~~^|lt^^~_ t=0.2s
TIGHT n=14 m=75 tag=rand g6=M~~^n~~}~fvxwx]n_ t=0.3s
TIGHT n=14 m=80 tag=rand g6=Mfn~~~vjnv}~v~~^_ t=0.3s
TIGHT n=14 m=61 tag=rand g6=MWWzv~ngnFnv}}KN? t=0.1s
TIGHT n=14 m=82 tag=rand g6=M~~zv~vn~|~~r}~^_ t=0.3s
TIGHT n=14 m=64 tag=rand g6=MfuuY^p\nz~tjv|Q_ t=0.1s
TIGHT n=14 m=66 tag=rand g6=MMm^E^~zzDzI~~~\? t=0.3s
TIGHT n=14 m=57 tag=rand g6=Mv^jzUQlBRQhK^~}_ t=0.1s
TIGHT n=14 m=68 tag=rand g6=M{~}mjvJ^Z~Vnzzk? t=0.2s
TIGHT n=14 m=74 tag=rand g6=M~y~~zvv]]K~~^vt_ t=0.3s
TIGHT n=14 m=68 tag=rand g6=MFdztnm\n~uV~[~v_ t=0.1s
TIGHT n=14 m=71 tag=rand g6=MN~\~{fv~yjiVv~n_ t=0.1s
TIGHT n=14 m=76 tag=rand g6=M}f^~n|~e~Nu~vv~_ t=0.3s
TIGHT n=14 m=75 tag=rand g6=Mm~~~l~z~|zvJZ}y_ t=0.3s
TIGHT n=14 m=61 tag=rand g6=Mjv~U@R|^A~Xrnnf_ t=0.1s
TIGHT n=14 m=82 tag=rand g6=M|n}~n~n~n~z}~^~_ t=0.3s
TIGHT n=14 m=76 tag=rand g6=Mv}~~ylU~v}j~vv~_ t=0.2s
TIGHT n=14 m=84 tag=rand g6=M~~~~\~v~nv~~^}~_ t=0.1s
TIGHT n=14 m=58 tag=rand g6=Mjq~]lTnL[mxzHVU_ t=0.1s
TIGHT n=14 m=66 tag=rand g6=MvvV|vzUdR~y|num? t=0.2s
TIGHT n=14 m=75 tag=rand g6=Mrz^}v^q|~nf^~n~_ t=0.1s
TIGHT n=14 m=81 tag=rand g6=M~f^~|{v~n~~~}z~_ t=0.4s
TIGHT n=14 m=67 tag=rand g6=M||fUvL~}tv|V}A~_ t=0.2s
TIGHT n=14 m=65 tag=rand g6=M}}pH}Fu]~jn~Mnu_ t=0.1s
TIGHT n=14 m=55 tag=rand g6=MDE}Z|d^viukvqLw? t=0.1s
TIGHT n=14 m=78 tag=rand g6=MZzZzz~^~Y~~~n~}_ t=0.3s
TIGHT n=14 m=65 tag=rand g6=Mx^V|f~~}vaqknjZ? t=0.2s
TIGHT n=14 m=80 tag=rand g6=Mn~|\h~n~vn~~~~~? t=0.4s
TIGHT n=14 m=77 tag=rand g6=M\m^v~~Nr~~~^m^~_ t=0.4s
TIGHT n=14 m=59 tag=rand g6=MnvuotYNw\n|Nec^_ t=0.1s
TIGHT n=14 m=73 tag=rand g6=Mz~]n|]~~J^vLlz~_ t=0.1s
TIGHT n=14 m=69 tag=rand g6=MzQ}w~Zv}lzrz~k~_ t=0.2s
TIGHT n=14 m=64 tag=rand g6=Myf~~t}HmVwi~|c}_ t=0.1s
TIGHT n=14 m=82 tag=rand g6=M^~n~z}~~n~~v~~i_ t=0.4s
TIGHT n=14 m=79 tag=rand g6=Mf~rzvj~~~^zv~~n_ t=0.1s
TIGHT n=14 m=66 tag=rand g6=M^d{f|~fY~N~ebzv? t=0.1s
TIGHT n=14 m=70 tag=rand g6=McNfvvZ|~u~}S~~~? t=0.1s
TIGHT n=14 m=82 tag=rand g6=Mzz|~^z~~~^|~zv~_ t=0.4s
TIGHT n=14 m=59 tag=rand g6=MrjyN\smj|zh~FXo_ t=0.1s
TIGHT n=14 m=78 tag=rand g6=M|z~v|nn{v~V~v~}_ t=0.3s
TIGHT n=14 m=76 tag=rand g6=Mztv}~~~NfB~~n~v_ t=0.1s
TIGHT n=14 m=71 tag=rand g6=MvzHVZzy^z~}v~nl_ t=0.1s
TIGHT n=14 m=67 tag=rand g6=M~~~m~zZx\mubndi? t=0.2s
TIGHT n=14 m=70 tag=rand g6=Mjzz}~b~^~j^F|s^? t=0.1s
TIGHT n=14 m=80 tag=rand g6=M~n\r~|j~~^^~~~~? t=0.6s
TIGHT n=14 m=72 tag=rand g6=M}^|Nh|}]^Jv~v~^_ t=0.2s
TIGHT n=14 m=63 tag=rand g6=M|bUjlqz`\^n~rzv? t=0.1s
TIGHT n=14 m=75 tag=rand g6=Mm^w~^j}}r~nv~~v_ t=0.2s
TIGHT n=14 m=79 tag=rand g6=M~xM~~m~vzz~n~~^_ t=0.4s
TIGHT n=14 m=62 tag=rand g6=Mz~aZZ{yvM|dlF~i_ t=0.1s
TIGHT n=14 m=58 tag=rand g6=MNjUynU\r}sSVnRj_ t=0.1s
TIGHT n=14 m=75 tag=rand g6=M~z~L~znv~J~l}zV_ t=0.2s
TIGHT n=14 m=51 tag=rand g6=MS@mjNHk]^Jcm_n~_ t=0.1s
TIGHT n=14 m=70 tag=rand g6=M~|}u^x~}{bm^xt^_ t=0.2s
TIGHT n=14 m=71 tag=rand g6=M^`u~}x}|~~^dn^^? t=0.2s
TIGHT n=14 m=68 tag=rand g6=Mx|~vmf~]~^ugiZ^_ t=0.1s
TIGHT n=14 m=79 tag=rand g6=M~vz}}~f|^~|~~}|? t=0.4s
TIGHT n=14 m=79 tag=rand g6=M~~\x}j~vv~v~v|~_ t=0.3s
TIGHT n=14 m=75 tag=rand g6=MVn~V~Yn{~~n}t~v_ t=0.1s
TIGHT n=14 m=68 tag=rand g6=Mx~~^v]|K~~]ec~L_ t=0.1s
TIGHT n=14 m=80 tag=rand g6=Mzz}|~v|~^^}}~~z_ t=0.3s
TIGHT n=14 m=70 tag=rand g6=Mn}xm~xRtnvNnx|~_ t=0.2s
TIGHT n=14 m=67 tag=rand g6=Mj~xnlmv^}yxUmr^_ t=0.1s
TIGHT n=14 m=82 tag=rand g6=M~~~z~nv^~}~~|mz_ t=0.4s
TIGHT n=14 m=63 tag=rand g6=Mz]{zuMHUvk]~zi~_ t=0.1s
TIGHT n=14 m=83 tag=rand g6=Mn~n|~~~~n^n~v~|_ t=0.3s
TIGHT n=14 m=81 tag=rand g6=Mz~~|z~|~}y^|~~n_ t=0.4s
TIGHT n=14 m=60 tag=rand g6=M|xqZ|x}ZN}FpwvL? t=0.1s
TIGHT n=14 m=78 tag=rand g6=M~|~Nv~f~u~nz~zx_ t=0.3s
TIGHT n=14 m=61 tag=rand g6=MXbYT]~rxLunUy~}_ t=0.1s
TIGHT n=14 m=61 tag=rand g6=Mv\~~vcZR^yxpfW[_ t=0.1s
TIGHT n=14 m=78 tag=rand g6=M~~{nl~x~^z~z~uz_ t=0.3s
TIGHT n=14 m=73 tag=rand g6=Mz~^}{~ct~d~y^n~_ t=0.2s
TIGHT n=14 m=59 tag=rand g6=MVpuwv{vdeFw}N\|_ t=0.1s
TIGHT n=14 m=64 tag=rand g6=M^enN}}JzUxbv`~z_ t=0.1s
TIGHT n=14 m=83 tag=rand g6=M~uz~~n~~n~|~n|~_ t=0.7s
TIGHT n=14 m=83 tag=rand g6=Mnz~~n~~^}}~n~}~_ t=0.4s
TIGHT n=14 m=58 tag=rand g6=Mh^Lwuzx{^upAjzj_ t=0.1s
TIGHT n=14 m=78 tag=rand g6=Mv}]zn]n~}~^v~z~_ t=0.3s
TIGHT n=14 m=81 tag=rand g6=M~~i~z~n~n~~~n~e_ t=0.4s
TIGHT n=14 m=73 tag=rand g6=MNy}~n|r|}}~^Zzt_ t=0.3s
TIGHT n=14 m=73 tag=rand g6=Mi~}}^}|T~n~u}~U_ t=0.1s
TIGHT n=14 m=64 tag=rand g6=M\\R~En|zfTzn}zw? t=0.1s
TIGHT n=14 m=65 tag=rand g6=M^N~JPn~l|^t}qUz? t=0.1s
TIGHT n=14 m=64 tag=rand g6=M~n~tqnqhyNzJU~N? t=0.3s
TIGHT n=14 m=77 tag=rand g6=M~nz~Nn}j~k~~~vz? t=0.3s
TIGHT n=14 m=73 tag=rand g6=Mzr}n}jv~}vRn~}]_ t=0.2s
TIGHT n=14 m=63 tag=rand g6=MzkMek~~zjmVrYuv_ t=0.1s
TIGHT n=14 m=55 tag=rand g6=Mv}tY|IYPtnwYzIm? t=0.2s
TIGHT n=14 m=61 tag=rand g6=M^~\ovz|\YvzMqfD? t=0.1s
TIGHT n=14 m=64 tag=rand g6=M|zDn}Knuff~surz_ t=0.1s
TIGHT n=14 m=78 tag=rand g6=MVNn~~v^~~z~v|~N? t=0.4s
TIGHT n=14 m=80 tag=rand g6=M~~~|^~]}{~~~}|Z_ t=0.1s
TIGHT n=14 m=73 tag=rand g6=Mf}^~n~~^}~T|yhm_ t=0.3s
TIGHT n=14 m=63 tag=rand g6=M~n^RR|a}|rd^NU\_ t=0.2s
TIGHT n=14 m=76 tag=rand g6=M~~nF\~~q~n^~vn{_ t=0.2s
TIGHT n=14 m=72 tag=rand g6=M^^sve~Vnn}n~^r}_ t=0.4s
TIGHT n=14 m=66 tag=rand g6=MrnyvNjNq~eQ~~nv? t=0.2s
TIGHT n=14 m=72 tag=rand g6=Mnm}ljz~~VZt}~}j_ t=0.3s
TIGHT n=14 m=68 tag=rand g6=M~v{~m~Xp\\rz~Q^_ t=0.1s
TIGHT n=14 m=78 tag=rand g6=M~m~v^^nzr}n|~~}_ t=0.2s
TIGHT n=14 m=77 tag=rand g6=MzV^~||~~|}~vZnV_ t=0.2s
TIGHT n=14 m=81 tag=rand g6=M|~~r~~|^~~|vt~^_ t=0.2s
TIGHT n=14 m=68 tag=rand g6=Mv^\n}t~^E|R|~r[_ t=0.2s
TIGHT n=14 m=76 tag=rand g6=Mrv{~nt}~^n~^~jv_ t=0.3s
TIGHT n=14 m=72 tag=rand g6=M~|~^XxR^}vN~z|f_ t=0.3s
TIGHT n=14 m=60 tag=rand g6=MDvSTm}~u~lvtylI? t=0.1s
TIGHT n=14 m=75 tag=rand g6=M}~~m]n~jnw~z~}t_ t=0.2s
TIGHT n=14 m=84 tag=rand g6=M~y}~~}~~~^~^~~}_ t=0.4s
TIGHT n=14 m=72 tag=rand g6=Mn~NlzE~Yn|~]vv~_ t=0.2s
TIGHT n=14 m=82 tag=rand g6=Mv|l~}~|~|~~}~~}_ t=0.5s
TIGHT n=14 m=65 tag=rand g6=M]v}~FOq{}n~F^~f? t=0.1s
TIGHT n=14 m=63 tag=rand g6=ML`xZ~^|R|~hnf\p_ t=0.1s
TIGHT n=14 m=72 tag=rand g6=M~Hv}~^^|^\|m}t^_ t=0.4s
TIGHT n=14 m=71 tag=rand g6=Mnn^mvu}Uvz\~|zZ_ t=0.2s
TIGHT n=14 m=80 tag=rand g6=MZ}z~~{||~~nv~~v_ t=0.3s
TIGHT n=14 m=80 tag=rand g6=M~~}~~vf^Xn~v~}~_ t=0.3s
TIGHT n=14 m=83 tag=rand g6=Mv|~N~~~^|~~~}~v_ t=0.4s
TIGHT n=14 m=65 tag=rand g6=Mm}uymuzyY{zhN}~_ t=0.1s
TIGHT n=14 m=82 tag=rand g6=Mnt~|~|v~^~~^~~}_ t=0.4s
TIGHT n=14 m=80 tag=rand g6=M~z~~mv~V~~^^~vx_ t=0.4s
TIGHT n=14 m=69 tag=rand g6=M]j^}nt~||~~vTpY? t=0.3s
TIGHT n=14 m=76 tag=rand g6=M~|lN~~~N~~Zzyv\_ t=0.1s
TIGHT n=14 m=57 tag=rand g6=M{aM\fM}^rquRJ}n? t=0.1s
TIGHT n=14 m=65 tag=rand g6=Mr[tfNJ~~~L^u|Xl_ t=0.1s
TIGHT n=14 m=75 tag=rand g6=MrzVJ~|F~z~n}~n~_ t=0.1s
TIGHT n=14 m=65 tag=rand g6=MV~fzg~\qti}~i\z_ t=0.1s
TIGHT n=14 m=59 tag=rand g6=MdyR}|SXf~R~SvmY_ t=0.1s
TIGHT n=14 m=71 tag=rand g6=M|~jnZc}f|zn|~y}_ t=0.2s
TIGHT n=14 m=78 tag=rand g6=Mvv]^~~~v|~~~|V[_ t=0.4s
TIGHT n=14 m=76 tag=rand g6=Mv~~sm~|~^lnz~t^_ t=0.3s
TIGHT n=14 m=80 tag=rand g6=M~~rz~~v~~^~nuZz_ t=0.9s
TIGHT n=14 m=61 tag=rand g6=MnikuyI~kJnE^\z~_ t=0.2s
TIGHT n=14 m=81 tag=rand g6=M||~n|^~v||~^~z~_ t=0.4s
TIGHT n=14 m=61 tag=rand g6=Mj~~Y{~`|HlU|[~a? t=0.1s
TIGHT n=14 m=56 tag=rand g6=M~zpFlbRRJit}vu`? t=0.1s
TIGHT n=14 m=78 tag=rand g6=M~^Zn|}~~~}mn~zr_ t=0.5s
TIGHT n=14 m=70 tag=rand g6=M|TnfX^mly~n~~u~? t=0.2s
TIGHT n=14 m=64 tag=rand g6=MZzh^F|rnp^pxnnt_ t=0.1s
TIGHT n=14 m=74 tag=rand g6=Mn~~~vj}tr}^nxn{_ t=0.1s
TIGHT n=14 m=69 tag=rand g6=Mn}v}lyf~}gJuzn~_ t=0.1s
TIGHT n=14 m=72 tag=rand g6=Mn~z~}gvvj^~^|vs? t=0.1s
TIGHT n=14 m=64 tag=rand g6=Mi\~iL~t~vRVW|y}_ t=0.1s
TIGHT n=14 m=77 tag=rand g6=M~r|j~|z|v~}j}~}_ t=0.3s
TIGHT n=14 m=78 tag=rand g6=M~k}z~v~rNv~~v}~_ t=0.1s
TIGHT n=14 m=77 tag=rand g6=Mv~~}|}q~z}z~^~M_ t=0.1s
TIGHT n=14 m=67 tag=rand g6=Mnkl}ro}~umvn|f~? t=0.1s
TIGHT n=14 m=72 tag=rand g6=MNm{~~tvn|~rN}xz_ t=0.3s
TIGHT n=14 m=75 tag=rand g6=M~nb~}}v{~Zz|~}y_ t=0.2s
TIGHT n=14 m=71 tag=rand g6=Mp{^Ntzvunz~~||Z_ t=0.1s
TIGHT n=14 m=54 tag=rand g6=MF\vNsVUaYRR`X~^_ t=0.1s
TIGHT n=14 m=82 tag=rand g6=Mv~~~z~v~^}~}~Vv_ t=0.6s
TIGHT n=14 m=63 tag=rand g6=M`Vb|Zfz}fnrzMv}? t=0.1s
TIGHT n=14 m=82 tag=rand g6=M~n~^v~~u~|~~~Z~? t=0.4s
TIGHT n=14 m=81 tag=rand g6=M^~\~z|~v^v~|~~v_ t=0.1s
TIGHT n=14 m=82 tag=rand g6=M~~}~f~~d~n~~zz~_ t=0.3s
TIGHT n=14 m=80 tag=rand g6=M~^|~~~j~|~Z~}fz_ t=0.3s
TIGHT n=14 m=74 tag=rand g6=MN|j~~i\~nv||~j}_ t=0.1s
TIGHT n=14 m=69 tag=rand g6=Mxj}n~~}^~V^y\zC? t=0.2s
TIGHT n=14 m=75 tag=rand g6=M~nl~Jzz\~j~}~|y_ t=0.3s
TIGHT n=14 m=72 tag=rand g6=M}\Nn|bmvt~~~}u|_ t=0.3s
TIGHT n=14 m=66 tag=rand g6=M}]^~nl]UZkV{nxz_ t=0.1s
TIGHT n=14 m=78 tag=rand g6=M~{^~n|z|~znf^~}_ t=0.4s
TIGHT n=14 m=65 tag=rand g6=MzY\VZ|n^}eRn]yz_ t=0.1s
TIGHT n=14 m=71 tag=rand g6=M}^^nvN~^~fu]Mxv_ t=0.1s
TIGHT n=14 m=77 tag=rand g6=Mv~~z|x~^N~}n^N~? t=0.3s
TIGHT n=14 m=81 tag=rand g6=M~~v~~^n~zn|~zzm_ t=0.5s
TIGHT n=14 m=64 tag=rand g6=Mf}^V~mxWmenj~r]? t=0.1s
TIGHT n=14 m=80 tag=rand g6=Mz}}z~~~rf|~}~z~_ t=0.4s
TIGHT n=14 m=84 tag=rand g6=M|~^~z~~v~}~~|^~_ t=0.3s
TIGHT n=14 m=59 tag=rand g6=MTzfV\Rzq}VLj\~Q? t=0.2s
TIGHT n=14 m=82 tag=rand g6=M~~~^n~M~}|~v~z~_ t=0.2s
TIGHT n=14 m=83 tag=rand g6=M~z~}~~n~~~Y~^^~_ t=0.3s
TIGHT n=14 m=52 tag=rand g6=MW|xuOiNDvIM~bm[_ t=0.1s
TIGHT n=14 m=75 tag=rand g6=MFT^~^~}|y~~v~\}_ t=0.1s
TIGHT n=14 m=80 tag=rand g6=Mn~jlz~~~~~}~n^r_ t=0.1s
TIGHT n=14 m=79 tag=rand g6=M^|~^~^}zF|~~n~|_ t=0.4s
TIGHT n=14 m=59 tag=rand g6=M{ve{@~^iZHnn{R\_ t=0.1s
TIGHT n=14 m=82 tag=rand g6=M~~}~l~yl~~~~}~n_ t=0.4s
TIGHT n=14 m=68 tag=rand g6=M~nve^zuN~^r^iur? t=0.2s
TIGHT n=14 m=76 tag=rand g6=M~~x|^s}~}~zr~j~? t=0.1s
TIGHT n=14 m=79 tag=rand g6=M}~n^~vvn~~~Vzn{_ t=0.3s
TIGHT n=14 m=81 tag=rand g6=Mn~|x}~z~vn~~n|~_ t=0.4s
TIGHT n=14 m=68 tag=rand g6=Mz~swvljnqzm~^^\_ t=0.2s
TIGHT n=14 m=74 tag=rand g6=Md~t~}[|^~~ylz~}_ t=0.1s
TIGHT n=14 m=72 tag=rand g6=M^|~vnnXNu~br||~_ t=0.3s
TIGHT n=14 m=65 tag=rand g6=M|tt|z~{Mt~Pui}j_ t=0.1s
TIGHT n=14 m=72 tag=rand g6=Mn~}~Vtn~xZzy~yy? t=0.1s
TIGHT n=14 m=70 tag=rand g6=Mj{m}{nvh|u~fz~}_ t=0.1s
TIGHT n=14 m=78 tag=rand g6=Mjnz~|~~^tnmv~v~_ t=0.2s
TIGHT n=14 m=80 tag=rand g6=MZ~z~u~~}nV~z~z~_ t=0.3s
TIGHT n=14 m=76 tag=rand g6=M~J~]~v~\v^nlzz~_ t=0.4s
TIGHT n=14 m=77 tag=rand g6=M~^}~ym~F~~i}~~^_ t=0.3s
TIGHT n=14 m=68 tag=rand g6=M|}^ns[yvmz~y\|n? t=0.1s
TIGHT n=14 m=76 tag=rand g6=Mk~ZJ~v~~~V~~|l|_ t=0.1s
TIGHT n=14 m=64 tag=rand g6=MEv}Vz}xNyvxxTZv_ t=0.1s
TIGHT n=14 m=74 tag=rand g6=M^~^~]}~RNV~^|zn? t=0.2s
TIGHT n=14 m=66 tag=rand g6=M\tmj~vZv~FJnvfr? t=0.2s
TIGHT n=14 m=74 tag=rand g6=M~zvlz|vl]l~~vny_ t=0.3s
TIGHT n=14 m=79 tag=rand g6=M~~~z}V~|~V}}]z~_ t=0.2s
TIGHT n=14 m=75 tag=rand g6=M{v]~}f^~n~fn~v]_ t=0.3s
TIGHT n=14 m=62 tag=rand g6=M{nF\yzfX]uMvmv]_ t=0.1s
TIGHT n=14 m=76 tag=rand g6=Mv~~~~}[vvvj}zj~? t=0.2s
TIGHT n=14 m=74 tag=rand g6=M~~{^zU^~|~{}Wv~_ t=0.3s
TIGHT n=14 m=75 tag=rand g6=M^~r^~m~f~^|V^zj_ t=0.3s
TIGHT n=14 m=79 tag=rand g6=MnZ~~^~n~f~}^Vz~_ t=0.1s
TIGHT n=14 m=75 tag=rand g6=Mnz|z~nNvptz~n~^_ t=0.1s
TIGHT n=14 m=81 tag=rand g6=M~~^~~tn}\n~~vv~_ t=0.2s
TIGHT n=14 m=68 tag=rand g6=M~~^hfOzZ~Z~T|t~? t=0.2s
TIGHT n=14 m=63 tag=rand g6=MtJQ^^Vzx|zZyvif_ t=0.2s
TIGHT n=14 m=82 tag=rand g6=Mmv~vz~n~~~z~^~|_ t=0.4s
TIGHT n=14 m=74 tag=rand g6=M{Vznv^~~\mv~z|\_ t=0.3s
TIGHT n=14 m=74 tag=rand g6=Mjz~]^nsn~^z^~lv_ t=0.1s
TIGHT n=14 m=75 tag=rand g6=Mzvvv~n~]V~|n~tJ_ t=0.1s
TIGHT n=14 m=72 tag=rand g6=M~~^}~nznvYz}dJ^? t=0.1s
TIGHT n=14 m=61 tag=rand g6=M|Nm^Eb~Uy{r|mpZ_ t=0.1s
TIGHT n=14 m=62 tag=rand g6=M~Bl^jZ~}JefIxnv? t=0.1s
TIGHT n=14 m=81 tag=rand g6=Mn~~nvzn~U~z~~~~? t=0.1s
TIGHT n=14 m=71 tag=rand g6=MLfNtz~M~C~n~~~~? t=0.1s
TIGHT n=14 m=75 tag=rand g6=MzLzt~|~n|y~n~]}_ t=0.1s
TIGHT n=14 m=76 tag=rand g6=M~}z~zr~F~^Vvyz~_ t=0.1s
TIGHT n=14 m=63 tag=rand g6=M\NlvvvuoFn}TE~n_ t=0.1s
TIGHT n=14 m=54 tag=rand g6=MtpJYmPrn~LjE^ha_ t=0.1s
TIGHT n=14 m=81 tag=rand g6=M^\n~~zn}~v~~n~^_ t=0.4s
TIGHT n=14 m=78 tag=rand g6=M~~~~xz{n|z^~}jv_ t=0.4s
TIGHT n=14 m=82 tag=rand g6=M~~N~z~~rv}~~|n~_ t=0.1s
TIGHT n=14 m=81 tag=rand g6=M~}^^~z~||]~^~n~_ t=0.4s
TIGHT n=14 m=73 tag=rand g6=MTju~y~nv^~nvznv? t=0.3s
TIGHT n=14 m=70 tag=rand g6=M~uzmr^}jt^UZn|~_ t=0.3s
TIGHT n=14 m=83 tag=rand g6=M~|}~~~ln^~~~v~}_ t=0.3s
TIGHT n=14 m=62 tag=rand g6=M~izppxoxF^}ln]^_ t=0.3s
TIGHT n=14 m=65 tag=rand g6=Ml{mrz~vktQqj}~|_ t=0.1s
TIGHT n=14 m=80 tag=rand g6=M~^^t~n}nv~v}~~z_ t=0.4s
TIGHT n=14 m=62 tag=rand g6=Mn\dXtN~`{~~l}EX_ t=0.2s
TIGHT n=14 m=74 tag=rand g6=M|xuv~}T}znyz~~v_ t=0.1s
TIGHT n=14 m=81 tag=rand g6=M~v~~y}z~~~}}f^~_ t=0.4s
TIGHT n=14 m=74 tag=rand g6=M~}^n~I~zv^vqfz~_ t=0.2s
TIGHT n=14 m=84 tag=rand g6=M^~^^~~~nn~~~}~v_ t=0.4s
TIGHT n=14 m=66 tag=rand g6=M^~~^yThfLy[tx~~? t=0.1s
TIGHT n=14 m=70 tag=rand g6=M~~^nzLtdv^}}|\f? t=0.3s
TIGHT n=14 m=66 tag=rand g6=MYzV}~zu\JH~u^fz_ t=0.1s
TIGHT n=14 m=81 tag=rand g6=M~~J~~}}~l~}~nn~_ t=0.3s
TIGHT n=14 m=83 tag=rand g6=M~vjz~~n~~~z^~~|_ t=0.8s
TIGHT n=14 m=64 tag=rand g6=M^FwYtI^]~~|~fYv? t=0.1s
TIGHT n=14 m=70 tag=rand g6=M}zZ\vvV^|yXVz~v_ t=0.3s
TIGHT n=14 m=69 tag=rand g6=M^fN~Z^|t|z]ZrV~? t=0.2s
TIGHT n=14 m=77 tag=rand g6=Mt}}\|^~t~|n~}|~_ t=0.1s
TIGHT n=14 m=59 tag=rand g6=MlvWL|rstzv]SzRV_ t=0.1s
TIGHT n=14 m=72 tag=rand g6=Mzhi^N~~zvn{~z~b_ t=0.3s
TIGHT n=14 m=71 tag=rand g6=Mr~ke}j^~~|}Y]}~_ t=0.1s
TIGHT n=14 m=75 tag=rand g6=Mn^~nm~zz^|vnlm}_ t=0.3s
TIGHT n=14 m=74 tag=rand g6=Mf~~p|Nnn|~^~j{~? t=0.4s
TIGHT n=14 m=68 tag=rand g6=MLbrfzn~^~mv||Un? t=0.3s
TIGHT n=14 m=71 tag=rand g6=MyV^|nmn^v~N^Qn~_ t=0.3s
TIGHT n=14 m=62 tag=rand g6=MqW[|\v\|Xhxx|^~_ t=0.1s
TIGHT n=14 m=66 tag=rand g6=MfvE}yjtNm~^h~~p_ t=0.1s
TIGHT n=14 m=80 tag=rand g6=Mn~|~~zt~|~|rn~n_ t=0.2s
TIGHT n=14 m=74 tag=rand g6=Mxjn\z~~~z~\~es~_ t=0.1s
TIGHT n=14 m=77 tag=rand g6=Mx~ltz~~}~~~}f|y_ t=0.4s
TIGHT n=14 m=63 tag=rand g6=MfuvfFh{^RplzZv~_ t=0.1s
TIGHT n=14 m=72 tag=rand g6=Mzi}~~n{~n]]}lm|_ t=0.1s
TIGHT n=14 m=55 tag=rand g6=MgmJx{}ptd^nzPah_ t=0.1s
TIGHT n=14 m=69 tag=rand g6=MNh|y~~pN~|Z^t}V_ t=0.2s
TIGHT n=14 m=70 tag=rand g6=Mq{n~zv~T~V~fL^f_ t=0.1s
TIGHT n=14 m=59 tag=rand g6=MR}|nc^nZjzkKb|o_ t=0.1s
TIGHT n=14 m=82 tag=rand g6=M~~j}}^|~~~}v~~v_ t=0.1s
TIGHT n=14 m=77 tag=rand g6=Mx{|zfn~~~y||~~|_ t=0.3s
TIGHT n=14 m=65 tag=rand g6=M|`zm^fz|n^Uv~[P_ t=0.1s
TIGHT n=14 m=66 tag=rand g6=MxF}nw~F^qF|zx|~_ t=0.3s
TIGHT n=14 m=80 tag=rand g6=M~~~e~}^}~~vr^n~_ t=0.4s
TIGHT n=14 m=74 tag=rand g6=Mn~Q~kzz|nv~~}~[_ t=0.1s
TIGHT n=14 m=78 tag=rand g6=Mn}^yvv~~zn~zr~v_ t=0.2s
TIGHT n=14 m=64 tag=rand g6=M~}riUvwrVVctzv~_ t=0.2s
TIGHT n=14 m=65 tag=rand g6=MV^frejvb}~^~LQ^_ t=0.1s
TIGHT n=14 m=73 tag=rand g6=Mcv~z~~n^}^Nv{Z^_ t=0.2s
TIGHT n=14 m=55 tag=rand g6=Mxnz[J[XAjiZZXR~_ t=0.2s
TIGHT n=14 m=80 tag=rand g6=M~~\z~n~n~n}~}\n_ t=0.1s
TIGHT n=14 m=67 tag=rand g6=MUn|~Nzr\p{~u~r{? t=0.1s
TIGHT n=14 m=70 tag=rand g6=MfupRv~^zn}V~v|\_ t=0.3s
TIGHT n=14 m=74 tag=rand g6=M^uvvXm|zz\~n~~z_ t=0.2s
TIGHT n=14 m=61 tag=rand g6=MZb~|n]mznDTsQ\n_ t=0.1s
TIGHT n=14 m=82 tag=rand g6=M}~~v|~|n}v~~v~z_ t=0.3s
TIGHT n=14 m=65 tag=rand g6=M}mn~gzld|^Qn{i~_ t=0.1s
TIGHT n=14 m=72 tag=rand g6=M~}z|w~x~}z^VYun_ t=0.3s
TIGHT n=14 m=73 tag=rand g6=M^^~a~jv~j}~tv}l_ t=0.3s
TIGHT n=14 m=66 tag=rand g6=MulNlV~vi|vh{^N}_ t=0.1s
TIGHT n=14 m=64 tag=rand g6=Mukj^ZyFv}^}mbzj_ t=0.3s
TIGHT n=14 m=73 tag=rand g6=M||Jd~z~~~^zZun}? t=0.3s
TIGHT n=14 m=64 tag=rand g6=MNNl~}xnux{\y]uV? t=0.1s
TIGHT n=14 m=70 tag=rand g6=MfnttU~~Z}N~\vVz_ t=0.2s
TIGHT n=14 m=77 tag=rand g6=M}|~~k|~~~n\v|u~? t=0.3s
TIGHT n=14 m=79 tag=rand g6=Mt~~\v~^~^}r~z~z_ t=0.1s
TIGHT n=14 m=58 tag=rand g6=MMttb~R~?vFt]^ku_ t=0.1s
TIGHT n=14 m=55 tag=rand g6=M[rD]C}|{`}~Nujc? t=0.1s
TIGHT n=14 m=68 tag=rand g6=Mzr[nxsXn|~rn~ny_ t=0.1s
TIGHT n=14 m=72 tag=rand g6=M~mxxJ~ni|}x}~}~_ t=0.4s
TIGHT n=14 m=67 tag=rand g6=Mzr\tuM}|Z{~~qmz_ t=0.1s
TIGHT n=14 m=66 tag=rand g6=MzpYUzkzm^}tj^~|_ t=0.5s
TIGHT n=14 m=57 tag=rand g6=MUv]Ws{~FqZJmwzN_ t=0.1s
TIGHT n=14 m=82 tag=rand g6=Ml~~~~^~~r^vv~|~_ t=0.7s
TIGHT n=14 m=66 tag=rand g6=MZx~n~FVVL~|O^}v? t=0.1s
TIGHT n=14 m=63 tag=rand g6=M{t]vrV}bS}fn~MV_ t=0.7s
TIGHT n=14 m=69 tag=rand g6=MvrvFunv|}n|}}{x? t=0.5s
TIGHT n=14 m=81 tag=rand g6=M|~~~~|^~v^|~|tn_ t=0.4s
TIGHT n=14 m=67 tag=rand g6=M}Y|jWR\}q^n~v^~_ t=0.1s
TIGHT n=14 m=78 tag=rand g6=M~u~~}}n~~l{~^~q_ t=0.6s
TIGHT n=14 m=68 tag=rand g6=Mq^H~zn^n^kv|~iy_ t=0.2s
TIGHT n=14 m=56 tag=rand g6=MfhvQ`]Rg]vz?}~z_ t=0.1s
TIGHT n=14 m=61 tag=rand g6=MmY|t}zOlMSf~nmn_ t=0.1s
TIGHT n=14 m=69 tag=rand g6=M^z^]~\ony]t~|u|_ t=0.2s
TIGHT n=14 m=78 tag=rand g6=Mv^~nzp~v~~z~nzl_ t=0.5s
TIGHT n=14 m=73 tag=rand g6=M~pr]^j~~|n~rvnZ_ t=0.4s
TIGHT n=14 m=77 tag=rand g6=Mz|^}}}~mz~}[~~v_ t=0.4s
TIGHT n=14 m=71 tag=rand g6=M~{^~`h}vzz~V|}x_ t=0.3s
TIGHT n=14 m=74 tag=rand g6=M~\N}~^]\~|m}\z~_ t=0.4s
TIGHT n=14 m=70 tag=rand g6=Mzz|^~V}dlnf^yny_ t=0.3s
TIGHT n=14 m=72 tag=rand g6=M~z|^ZFvNd|f^~v~_ t=0.2s
TIGHT n=14 m=73 tag=rand g6=M^Ytzn^uzl~|V~~~? t=0.4s
TIGHT n=14 m=71 tag=rand g6=MU~z^|{mv~^jv]xz_ t=0.3s
TIGHT n=14 m=70 tag=rand g6=MU|~Nz~Vm^^Vf}}r_ t=0.1s
TIGHT n=14 m=82 tag=rand g6=M}n~~v^^~zz~~^~^_ t=0.3s
TIGHT n=14 m=56 tag=rand g6=Myx`Hz~dg{|NQzD^_ t=0.1s
TIGHT n=14 m=66 tag=rand g6=M|f~|rnLH{l}NvN^_ t=0.2s
TIGHT n=14 m=74 tag=rand g6=ML~~z|jx~nn|n}|^? t=0.2s
TIGHT n=14 m=63 tag=rand g6=MHJZ[^JN~~RLn~Zz_ t=0.1s
TIGHT n=14 m=73 tag=rand g6=M}Nfz~~~W~^[z~fv_ t=0.4s
TIGHT n=14 m=60 tag=rand g6=Mun~}B|~c{XYHvi\_ t=0.1s
TIGHT n=14 m=83 tag=rand g6=M~^~\~^}~~z~~|v~_ t=0.4s
TIGHT n=14 m=73 tag=rand g6=M^nnnl~}|L~^z~Tl_ t=0.2s
TIGHT n=14 m=65 tag=rand g6=Mv}jTnu^Ulbb~vj}_ t=0.2s
TIGHT n=14 m=58 tag=rand g6=Mvpv]~Vk]qx|fB}@? t=0.1s
TIGHT n=14 m=60 tag=rand g6=MW}^Qyj~~h}blF}I_ t=0.3s
TIGHT n=14 m=72 tag=rand g6=Mr^~^~^T~rlz~d\^_ t=0.2s
TIGHT n=14 m=69 tag=rand g6=Mj~zI]~~l~y^}lK|_ t=0.1s
TIGHT n=14 m=55 tag=rand g6=M]JYTedDJi^Va}n~_ t=0.1s
TIGHT n=14 m=61 tag=rand g6=M~{hrtw\{Qw|n~d{_ t=0.2s
TIGHT n=14 m=75 tag=rand g6=Mv^mz|~n|u~~~su|_ t=0.4s
TIGHT n=14 m=77 tag=rand g6=MY~~~|~~~f^nzy~i_ t=0.2s
TIGHT n=14 m=80 tag=rand g6=M~v~~z~^fvn~z~Nn_ t=0.8s
TIGHT n=14 m=77 tag=rand g6=M~~m\x}~}~~|x~vv? t=0.4s
TIGHT n=14 m=64 tag=rand g6=M|sv}et|nypfz|mr? t=0.1s
TIGHT n=14 m=57 tag=rand g6=MWvx^z]F`L|c{wr}_ t=0.1s
TIGHT n=14 m=62 tag=rand g6=Mn~rRc|zRfniu[R~_ t=0.1s
TIGHT n=14 m=65 tag=rand g6=ML~wn~{ZNN^VtR^y_ t=0.1s
TIGHT n=14 m=84 tag=rand g6=M~~}~m~~z~|~~z}~_ t=0.2s
TIGHT n=14 m=66 tag=rand g6=Mvz~MX~rn{K}^w}v? t=0.3s
TIGHT n=14 m=64 tag=rand g6=Mvn^^wZ~km[]bg~^_ t=0.1s
TIGHT n=14 m=79 tag=rand g6=Mz}~m^vz~{~z~||~_ t=0.2s
TIGHT n=14 m=79 tag=rand g6=M}~~}~z~t~nl|rv~_ t=0.4s
TIGHT n=14 m=81 tag=rand g6=Mv~zV~~~n~^~~v|y_ t=0.2s
TIGHT n=14 m=72 tag=rand g6=Mz]]{~~~^[n|j}}Z_ t=0.2s
TIGHT n=14 m=81 tag=rand g6=M~~}~u~~~f|~}~^x_ t=1.0s
TIGHT n=14 m=81 tag=rand g6=M~Zz~~}^~fv~~|v~_ t=0.4s
TIGHT n=14 m=75 tag=rand g6=M^~Zrnj^^v~v}~^r_ t=0.4s
TIGHT n=14 m=77 tag=rand g6=M~^~kvfv]~~z~~~Z? t=0.3s
TIGHT n=14 m=66 tag=rand g6=MteS~n~sr}\Fz~~e_ t=0.1s
TIGHT n=14 m=68 tag=rand g6=MqZ{zzz^lzX~z~T]_ t=0.2s
TIGHT n=14 m=67 tag=rand g6=M\}~lhvwrF~~n^vw? t=0.1s
TIGHT n=14 m=63 tag=rand g6=MVUyv~rZm~G^vtoz_ t=0.2s
TIGHT n=14 m=61 tag=rand g6=M~m}t~yrNS~Iu]Yb? t=0.2s
TIGHT n=14 m=57 tag=rand g6=MP|jJ]n|lcnSYT~V? t=0.2s
TIGHT n=14 m=74 tag=rand g6=Muv{^M~vNvmn~~~~? t=0.2s
TIGHT n=14 m=82 tag=rand g6=Mnn~~zz^z~~~z}~~? t=0.5s
TIGHT n=14 m=65 tag=rand g6=Mv]k]^m{z}^v\rzb? t=0.1s
TIGHT n=14 m=67 tag=rand g6=Mn^~fX}nzcyrsu^~_ t=0.1s
TIGHT n=14 m=81 tag=rand g6=Mnn~~~v}~^~n|f~v_ t=0.6s
TIGHT n=14 m=62 tag=rand g6=Meyj{^~\VVqNd~sx_ t=0.1s
TIGHT n=14 m=64 tag=rand g6=Mz~e|Vvw|^K|^vgu? t=0.3s
TIGHT n=14 m=60 tag=rand g6=MVj~|ssjxJKt~lZZ? t=0.2s
TIGHT n=14 m=81 tag=rand g6=M~^^~~vz|z}~~~~l? t=0.9s
TIGHT n=14 m=78 tag=rand g6=Mv~f}z~|r~~vv~{z_ t=0.2s
TIGHT n=14 m=78 tag=rand g6=Myy~}~~n^~~x~|f}_ t=0.9s
TIGHT n=14 m=75 tag=rand g6=M^}Z~~^~\Z}r^~uv_ t=0.5s
TIGHT n=14 m=79 tag=rand g6=M~~}}s^~~}~pz~|~_ t=0.4s
TIGHT n=14 m=62 tag=rand g6=Mn]Rzc\}L^NvVUvZ_ t=0.2s
TIGHT n=14 m=77 tag=rand g6=M~~z~]~t^znVNnn~_ t=1.4s
TIGHT n=14 m=67 tag=rand g6=M{Pn~~yzY}uz{~mr? t=0.2s
TIGHT n=14 m=70 tag=rand g6=Mv|vZ~tzz{vtxZm~? t=0.3s
TIGHT n=14 m=71 tag=rand g6=Mn}|n^~~T~}F[]^j_ t=0.6s
TIGHT n=14 m=73 tag=rand g6=Mvv}|y^~N~|ySz|~_ t=0.3s
TIGHT n=14 m=74 tag=rand g6=Mh~z{}Vr}v^v}~}~_ t=0.8s
TIGHT n=14 m=81 tag=rand g6=Mn~}Vv~}|~z~|~~v_ t=0.7s
TIGHT n=14 m=77 tag=rand g6=M{nzr~~Z|}^z~v~^_ t=0.8s
TIGHT n=14 m=73 tag=rand g6=Mnnsnz~|^}\~vtlv_ t=0.3s
TIGHT n=14 m=79 tag=rand g6=M~^~|t~zr|^z~^v~_ t=1.5s
TIGHT n=14 m=58 tag=rand g6=M}~n{iUZCIztipm~? t=0.2s
TIGHT n=14 m=68 tag=rand g6=M|zu}}]~nx]m~pJf_ t=0.3s
TIGHT n=14 m=73 tag=rand g6=M~zxW}~}~|n~yf}v? t=0.3s
TIGHT n=14 m=60 tag=rand g6=Mmdtmpny}b^^L\[t_ t=0.2s
TIGHT n=14 m=65 tag=rand g6=MTj\rtNzFB^j}~~}_ t=0.2s
TIGHT n=14 m=71 tag=rand g6=MxNv]^`~vz~^l~^n? t=0.5s
TIGHT n=14 m=54 tag=rand g6=Mg~nzLSdnkG|mcyy? t=0.2s
TIGHT n=14 m=82 tag=rand g6=Mn~~Z~~~vnn~~~m~? t=0.3s
TIGHT n=14 m=80 tag=rand g6=Mz~||~~V~~^^lv^~_ t=0.5s
TIGHT n=14 m=63 tag=rand g6=Mjm]`}zs|h~XtX}~_ t=0.2s
TIGHT n=14 m=69 tag=rand g6=M|v|nn~G~^YH~|u}_ t=0.6s
TIGHT n=14 m=71 tag=rand g6=M~Mu^~~|ztmjNv^u_ t=0.7s
TIGHT n=14 m=81 tag=rand g6=Mvz~~~~~zv~u~^~q_ t=0.8s
TIGHT n=14 m=68 tag=rand g6=Mx^|v}Z^~]N|^L}s? t=0.5s
TIGHT n=14 m=79 tag=rand g6=M~\^n~n~zn~sn~}~_ t=0.7s
TIGHT n=14 m=67 tag=rand g6=MF|]zf~J~~~u}ZuA_ t=0.7s
TIGHT n=14 m=75 tag=rand g6=M^~v\v~~k~|\zv~x? t=0.5s
TIGHT n=14 m=74 tag=rand g6=M\~|\~|zutu~~z~e_ t=0.7s
TIGHT n=14 m=78 tag=rand g6=Mb}~v~]nz~}^~}~v_ t=0.7s
TIGHT n=14 m=63 tag=rand g6=Mx}yyfNbnX{\xev~_ t=0.4s
TIGHT n=14 m=82 tag=rand g6=M}~~z}~z~^}~~~}^? t=0.8s
TIGHT n=14 m=76 tag=rand g6=M^~}~v|}Nv|Z{v~n_ t=0.5s
TIGHT n=14 m=64 tag=rand g6=MHzx|]\~vZdMn~re_ t=0.3s
TIGHT n=14 m=75 tag=rand g6=Mt~|uvv{Nnz|^~~}_ t=0.3s
TIGHT n=14 m=61 tag=rand g6=M\t[^j|R~zsvh|s[? t=0.2s
TIGHT n=14 m=81 tag=rand g6=Mz~{}nz~~~^vv~~^_ t=0.7s
TIGHT n=14 m=79 tag=rand g6=Mn~~^~|}|v^n~n{z_ t=0.7s
TIGHT n=14 m=74 tag=rand g6=M^~n~Nz^~|}n|mQn_ t=0.6s
TIGHT n=14 m=67 tag=rand g6=MvVu^~vpflxil~nn? t=0.3s
TIGHT n=14 m=77 tag=rand g6=M}zyj~~}~Nz~nt^~_ t=0.5s
TIGHT n=14 m=65 tag=rand g6=M|sh~Xz~n|Jtr}Yt_ t=0.4s
TIGHT n=14 m=71 tag=rand g6=Mz|F~F\VU~~nlzv~_ t=0.3s
TIGHT n=14 m=61 tag=rand g6=Mf~u[zV|cpn}sm\L_ t=0.2s
TIGHT n=14 m=80 tag=rand g6=Mr~~nV~~r~lv~~~~? t=0.9s
TIGHT n=14 m=76 tag=rand g6=Mn~~}@tv~~fn|~~|_ t=0.3s
TIGHT n=14 m=62 tag=rand g6=Md~J~hVZQ|sP~zzj_ t=0.3s
TIGHT n=14 m=68 tag=rand g6=M~|z~zX~xtilY\un_ t=0.5s
TIGHT n=14 m=79 tag=rand g6=M~n~N|~|~{zy}~~^_ t=0.4s
TIGHT n=14 m=60 tag=rand g6=MQb^^@zfx}{bYr}~_ t=0.2s
TIGHT n=14 m=82 tag=rand g6=M|vn~|}~v~~}z~~^_ t=0.3s
TIGHT n=14 m=79 tag=rand g6=M~~~^v}^}n]tn~|~_ t=0.8s
TIGHT n=14 m=57 tag=rand g6=Msbu~Zm}LqA]{k|Z_ t=0.2s
TIGHT n=14 m=63 tag=rand g6=MnveSp{Z~~sUrznm_ t=0.2s
TIGHT n=14 m=57 tag=rand g6=MrV]hRAsF^z~jQ}}? t=0.2s
TIGHT n=14 m=67 tag=rand g6=Mrd~tJtv~f^~^Bz]_ t=0.3s
TIGHT n=14 m=73 tag=rand g6=M~x~~~vxe|zlvfj|_ t=0.5s
TIGHT n=14 m=73 tag=rand g6=M~R~~~l~t}|]{~{f? t=0.5s
TIGHT n=14 m=72 tag=rand g6=MnZ~|~~]qzk~VnZn_ t=0.3s
TIGHT n=14 m=75 tag=rand g6=MM{~{^|^~v|~[~}~_ t=0.8s
TIGHT n=14 m=72 tag=rand g6=M^}x}}~mm|~~o|^]_ t=0.6s
TIGHT n=14 m=73 tag=rand g6=MVz^n~z|]~t^zr~F_ t=0.3s
TIGHT n=14 m=56 tag=rand g6=MdJn}mlHw]U^wcV}_ t=0.2s
TIGHT n=14 m=58 tag=rand g6=M{MrL^[v{PyaV^vu_ t=0.2s
TIGHT n=14 m=67 tag=rand g6=Myh~z||Liv~RR~jz_ t=0.3s
TIGHT n=14 m=82 tag=rand g6=Mv~~~~x~z~|x|~~n_ t=0.6s
TIGHT n=14 m=57 tag=rand g6=MzCK}Nh\cbn~jJ{v_ t=0.2s
TIGHT n=14 m=84 tag=rand g6=M~^}~^~}~}~~~}n~_ t=0.8s
TIGHT n=14 m=75 tag=rand g6=M}u^vx|~}~z~njnf_ t=0.8s
TIGHT n=14 m=60 tag=rand g6=Mu}|jVj]f~rRYWiu_ t=0.2s
TIGHT n=14 m=60 tag=rand g6=Mg|xRbz}R|XkNd~n_ t=0.6s
TIGHT n=14 m=56 tag=rand g6=MjFg}Uba^~}rJ[ym? t=0.2s
TIGHT n=14 m=82 tag=rand g6=Mvm~^~n~n~|~~|^~_ t=0.4s
TIGHT n=14 m=69 tag=rand g6=Mz~~fn^Xfz}v\{jt? t=0.3s
TIGHT n=14 m=67 tag=rand g6=M^]xv^b~vsxm~}{L_ t=0.4s
TIGHT n=14 m=67 tag=rand g6=MNt{Nn^~Vv|]ype~_ t=0.3s
TIGHT n=14 m=67 tag=rand g6=MRk~ZVVl~n}xtn\n_ t=0.2s
TIGHT n=14 m=75 tag=rand g6=Mj}~|n}jx~Fn^~z~_ t=0.8s
TIGHT n=14 m=66 tag=rand g6=MZlr^^]]]eyV|{n~_ t=0.3s
TIGHT n=14 m=75 tag=rand g6=MZ^~^I~w~~v~v\z~_ t=0.6s
TIGHT n=14 m=81 tag=rand g6=MVn~^zzz~~|~~|~^_ t=0.5s
TIGHT n=14 m=78 tag=rand g6=Mx~\{~^~^~{}~^~n_ t=0.2s
TIGHT n=14 m=77 tag=rand g6=My~n~~~u}|U~~}}V_ t=0.6s
TIGHT n=14 m=68 tag=rand g6=MK}j]Wzvz~vj|~vV_ t=0.3s
TIGHT n=14 m=72 tag=rand g6=M~^fv^Zj}~~r}nty? t=0.7s
TIGHT n=14 m=79 tag=rand g6=Mn~}~~^zv}}^~in~_ t=0.4s
TIGHT n=14 m=65 tag=rand g6=M}Zl^\]~~`^l{ZT}? t=0.1s
TIGHT n=14 m=63 tag=rand g6=Mvl^{y^lu}kVLvll? t=0.3s
TIGHT n=14 m=69 tag=rand g6=M~^~~~]|x|RndvYh? t=0.3s
TIGHT n=14 m=68 tag=rand g6=M|}~}|~liV~aqf^m_ t=0.6s
TIGHT n=14 m=64 tag=rand g6=MNuZ|duvvwVnJ|v}? t=0.1s
TIGHT n=14 m=76 tag=rand g6=M^l|~~~~^wp~}~M~_ t=0.2s
TIGHT n=14 m=77 tag=rand g6=M~~~Z~z~~vk\j~V~? t=0.7s
TIGHT n=14 m=78 tag=rand g6=M~~~^u~f~mVy^~~|_ t=0.3s
TIGHT n=14 m=59 tag=rand g6=M~zsLX~m{szE}mn?_ t=0.1s
TIGHT n=14 m=69 tag=rand g6=MUrq~^~fZ~lRz~]n_ t=0.2s
TIGHT n=14 m=75 tag=rand g6=M{z~~t~l|vM^^^~~? t=0.6s
TIGHT n=14 m=58 tag=rand g6=MmePZd}TUhxJ|t~^_ t=0.1s
TIGHT n=14 m=74 tag=rand g6=M~~~vh^j~v}ZzZxn_ t=0.6s
TIGHT n=14 m=78 tag=rand g6=M~~vvx~y~z~{f}~|_ t=0.9s
TIGHT n=14 m=60 tag=rand g6=MGnV}l^mg}Tk~nbl_ t=0.1s
TIGHT n=14 m=74 tag=rand g6=M~~~ljy{}znt}tz~_ t=0.3s
TIGHT n=14 m=58 tag=rand g6=MmZi|jerJDZ^~TZe_ t=0.3s
TIGHT n=14 m=76 tag=rand g6=Mzs~^~v|bN~z}~|~_ t=0.3s
TIGHT n=14 m=75 tag=rand g6=M^}}~vzx~~{^g|~z_ t=0.3s
TIGHT n=14 m=81 tag=rand g6=M~~z|}f~}~~~ny}~_ t=0.3s
TIGHT n=14 m=83 tag=rand g6=Mvz~~|~}~z~z~v~n_ t=1.4s
TIGHT n=14 m=74 tag=rand g6=Mxv{~vn~n~N~~ZFn? t=0.4s
TIGHT n=14 m=80 tag=rand g6=M~z}~l~M~z}~~^^~_ t=1.0s
TIGHT n=14 m=75 tag=rand g6=Mx~x|~f^n}zv~^}y_ t=0.5s
TIGHT n=14 m=74 tag=rand g6=Mz~X}~NNvNv~~[~}_ t=0.9s
TIGHT n=14 m=79 tag=rand g6=M~^n~zVz~}n~|~J~_ t=0.3s
TIGHT n=14 m=82 tag=rand g6=M~^~T~~~vn~n|~v~_ t=0.5s
TIGHT n=14 m=69 tag=rand g6=Mr}~^lz{sN~rV|~e_ t=0.1s
TIGHT n=14 m=69 tag=rand g6=Mvf~Z~Vu~nur|{th_ t=0.5s
TIGHT n=14 m=67 tag=rand g6=M|w}s~Z]}~tvFN~b_ t=0.6s
TIGHT n=14 m=65 tag=rand g6=MzY~j~Kwz`ZyVzz~_ t=0.2s
TIGHT n=14 m=68 tag=rand g6=M~~|Uj|z{]z|~SNZ? t=0.2s
TIGHT n=14 m=66 tag=rand g6=M~~}KL{dzudy^\^~_ t=0.3s
TIGHT n=14 m=78 tag=rand g6=Mr~~V~|~}lx^~z}~_ t=0.4s
TIGHT n=14 m=63 tag=rand g6=MnXuj|y~o^ynJvfl? t=0.2s
TIGHT n=14 m=58 tag=rand g6=MUd~X^fzrdrRCxmv_ t=0.3s
TIGHT n=14 m=79 tag=rand g6=Muvj~}~~^|vnz~~}_ t=0.2s
TIGHT n=14 m=63 tag=rand g6=M^ZnvuVLbV|W^jx|_ t=0.2s
TIGHT n=14 m=81 tag=rand g6=M^~v~~~r~}nt^~~^_ t=0.4s
TIGHT n=14 m=76 tag=rand g6=M|nN||jzvy|~~|~z_ t=0.6s
TIGHT n=14 m=73 tag=rand g6=Mzv~m~~Sv~u[|~]z_ t=0.3s
TIGHT n=14 m=72 tag=rand g6=Mu\~~}Z~xv}s|^~{? t=0.3s
TIGHT n=14 m=61 tag=rand g6=MR}jR~NWkR~zt^`n_ t=0.1s
TIGHT n=14 m=79 tag=rand g6=M~~ml|~^z}~y~}~^_ t=0.2s
TIGHT n=14 m=77 tag=rand g6=MZ}^|X~|~~t^n~~|_ t=0.6s
TIGHT n=14 m=84 tag=rand g6=M~}}~~~~v|n~|~z~_ t=1.5s
TIGHT n=14 m=77 tag=rand g6=Mv~~\lz~~~nz~kNz_ t=0.4s
TIGHT n=14 m=78 tag=rand g6=MV\~l~~|~Y~|~z~^_ t=0.4s
TIGHT n=14 m=59 tag=rand g6=My|on~r^uJqx~BFX? t=0.1s
TIGHT n=14 m=68 tag=rand g6=My||Y|}h|[~}|NT~_ t=0.5s
TIGHT n=14 m=74 tag=rand g6=M|j]n~btNv~|n~^~_ t=0.5s
TIGHT n=14 m=68 tag=rand g6=M~~t}xjvz\|V{~SN? t=0.3s
TIGHT n=14 m=65 tag=rand g6=M]Nm~}ur|q]x\Zm~? t=0.1s
TIGHT n=14 m=55 tag=rand g6=M|hkum[ktl~dxege_ t=0.1s
TIGHT n=14 m=82 tag=rand g6=Mz~~~zvv~|~Vn~~}_ t=0.7s
TIGHT n=14 m=65 tag=rand g6=Mnbuf~Z||wZL~^k]_ t=0.5s
TIGHT n=14 m=57 tag=rand g6=MZO{ub}[R]Lpzd~~? t=0.1s
TIGHT n=14 m=76 tag=rand g6=M|~Rv^~^q~x|~^~|_ t=0.8s
TIGHT n=14 m=59 tag=rand g6=MxmtJwuKkl^n|b^n? t=0.2s
TIGHT n=14 m=56 tag=rand g6=MXxv]vZBz]mVUpqs? t=0.2s
TIGHT n=14 m=67 tag=rand g6=Mn}B}|~fjdgnz~n\_ t=0.6s
TIGHT n=14 m=67 tag=rand g6=Myx~|z}FoUNNz^~~? t=0.3s
TIGHT n=14 m=64 tag=rand g6=M|~oV^fz|X~Dzj|c_ t=0.2s
TIGHT n=14 m=80 tag=rand g6=Mn~~~^xn}N~zv~z~_ t=0.4s
TIGHT n=14 m=74 tag=rand g6=Mk~zz~~w}szVv~~|_ t=0.7s
TIGHT n=14 m=68 tag=rand g6=MNn^~f~}R}vzpa~p_ t=0.6s
TIGHT n=14 m=68 tag=rand g6=Mz~mexrn}|W|~~V]? t=0.5s
TIGHT n=14 m=69 tag=rand g6=MVn|zz^Z~~xmzMmZ? t=0.3s
TIGHT n=14 m=78 tag=rand g6=M~V~v^nx~v~|v~e~_ t=0.5s
TIGHT n=14 m=78 tag=rand g6=M~~xn~~Tn}~^xz^~_ t=1.0s
TIGHT n=14 m=72 tag=rand g6=MR~v^nlmR~]}}}~~? t=0.5s
TIGHT n=14 m=70 tag=rand g6=Mezt]~ryvJ~zfv|~_ t=0.6s
TIGHT n=14 m=75 tag=rand g6=Mtm]~~~~|y}V\^~z_ t=0.2s
TIGHT n=14 m=71 tag=rand g6=Mt~{}zlZz~}f}j^f_ t=0.2s
TIGHT n=14 m=78 tag=rand g6=M^vnY~|^nz~|z~v~_ t=0.3s
TIGHT n=14 m=62 tag=rand g6=M}D{iyx^]{VZ~^Ll_ t=0.3s
TIGHT n=14 m=57 tag=rand g6=MZuH\V~~EbkmRlb\_ t=0.2s
TIGHT n=14 m=60 tag=rand g6=M]\OlJjf~~VhVz{M_ t=0.3s
TIGHT n=14 m=58 tag=rand g6=MvqcRxB{nmGZ~n~i_ t=0.1s
TIGHT n=14 m=71 tag=rand g6=Mv~l^n~Z~]|nm]}X? t=0.5s
TIGHT n=14 m=75 tag=rand g6=M^uVz~vm~Rj~~}~z_ t=0.6s
TIGHT n=14 m=80 tag=rand g6=M~v~{~n^}~|Vz~~^_ t=0.3s
TIGHT n=14 m=74 tag=rand g6=M}U|~~~v}xr~|t~[_ t=0.4s
TIGHT n=14 m=75 tag=rand g6=M~~\~rvVm~|^v}v^? t=0.4s
TIGHT n=14 m=65 tag=rand g6=Mm~q]lxZVu~U]zd~_ t=0.3s
TIGHT n=14 m=68 tag=rand g6=MZ\}j|nZvZ[}~r~t? t=0.1s
TIGHT n=14 m=76 tag=rand g6=Mnt~~~vlz~|vvN~i_ t=0.4s
TIGHT n=14 m=65 tag=rand g6=MM|z|VCmz~bvF~~Y_ t=0.2s
TIGHT n=14 m=79 tag=rand g6=Mk^z~~~v~]~U~~~~? t=0.8s
TIGHT n=14 m=61 tag=rand g6=MvDz^uvl[Y~Mt{p}? t=0.1s
TIGHT n=14 m=81 tag=rand g6=M}~zt~~~v~~^|~}\_ t=0.3s
TIGHT n=14 m=74 tag=rand g6=M^x||X^y}v^n~vv~_ t=0.3s
TIGHT n=14 m=75 tag=rand g6=M^~~~z~vvNJn}NVn_ t=0.5s
TIGHT n=14 m=79 tag=rand g6=M}~~~f|n~~~^V|un_ t=0.5s
TIGHT n=14 m=61 tag=rand g6=MfmvjzorZKNc~^Z^_ t=0.2s
TIGHT n=14 m=76 tag=rand g6=M^~^z~~vRN~z~uv}? t=0.3s
TIGHT n=14 m=69 tag=rand g6=Muj|znv^nFvlVvnV_ t=0.3s
TIGHT n=14 m=56 tag=rand g6=M{z^up}unOMoq][V_ t=0.3s
TIGHT n=14 m=78 tag=rand g6=MV^~~f|z|~mz~n~v_ t=0.9s
TIGHT n=14 m=72 tag=rand g6=M^~}s{|}n^|~Yzt~? t=0.4s
TIGHT n=14 m=61 tag=rand g6=Md|zvtNvZxYIM~Ze_ t=0.3s
TIGHT n=14 m=69 tag=rand g6=M^btrf~Z^zl|^v~Z? t=0.3s
TIGHT n=14 m=67 tag=rand g6=M~~^FmZ}n~gr]vZw_ t=0.1s
TIGHT n=14 m=80 tag=rand g6=M~~~v{nlj~n~n~v~_ t=0.6s
TIGHT n=14 m=78 tag=rand g6=M~t~~v~~vUu~|]~v_ t=0.3s
TIGHT n=14 m=81 tag=rand g6=Mn~n|~t~~^~~~qz~_ t=0.6s
TIGHT n=14 m=62 tag=rand g6=Mnl^x^bZ~}qqzcZR_ t=0.3s
TIGHT n=14 m=80 tag=rand g6=M]~~z~zl^^|~n~^~_ t=1.0s
TIGHT n=14 m=72 tag=rand g6=MzS~~z~|Nh~}~z{p_ t=0.8s
TIGHT n=14 m=70 tag=rand g6=M|}Xnnrrv\r}Nn^~_ t=0.2s
TIGHT n=14 m=76 tag=rand g6=M~V~|~n_z~~nJ~v~_ t=0.4s
TIGHT n=14 m=74 tag=rand g6=MVl~jv~z^z}u~p}~_ t=0.4s
TIGHT n=14 m=62 tag=rand g6=MP|^vny~nC[y^uRj_ t=0.1s
TIGHT n=14 m=79 tag=rand g6=M~~n~v\{~~Fz~n~n_ t=0.3s
TIGHT n=14 m=72 tag=rand g6=Mzjyt||n~nvnnrzy_ t=0.5s
TIGHT n=14 m=75 tag=rand g6=Mvjs^^v~~~e~n~vx_ t=0.6s
TIGHT n=14 m=74 tag=rand g6=M\y~jvn]~|r~~zl}_ t=0.2s
TIGHT n=14 m=59 tag=rand g6=M@jzylLvvjkvu~fg? t=0.4s
TIGHT n=14 m=65 tag=rand g6=MltNn[}^ynZwvmfv_ t=0.4s
TIGHT n=14 m=83 tag=rand g6=M~t|~~n~~~N~~n^~_ t=2.3s
TIGHT n=14 m=74 tag=rand g6=Mv}r}^m~~}Q~~|w~_ t=0.3s
TIGHT n=14 m=69 tag=rand g6=ME~ysxp~z~~}~q}{_ t=0.5s
TIGHT n=14 m=80 tag=rand g6=M^|n~~~{y~^z~^~n_ t=0.4s
TIGHT n=14 m=83 tag=rand g6=M|}~z}~v~~~n|~~|_ t=0.8s
TIGHT n=14 m=71 tag=rand g6=M|l^y~]]nv|^zmnV_ t=0.6s
TIGHT n=14 m=70 tag=rand g6=M}n~z|t~|JjMjvvr_ t=0.3s
TIGHT n=14 m=74 tag=rand g6=M|u~|v~yZ^}a|~~^_ t=0.6s
TIGHT n=14 m=56 tag=rand g6=MY\IfzTzEK\swm~z_ t=0.1s
TIGHT n=14 m=73 tag=rand g6=M~~Z\~~|\j~xL}^^? t=0.3s
TIGHT n=14 m=61 tag=rand g6=MU|WYinvJZ{|}~dr_ t=0.3s
TIGHT n=14 m=74 tag=rand g6=M|f~\r~t~zhx~|~|_ t=0.6s
TIGHT n=14 m=77 tag=rand g6=M~z~^~~x^~f}vf{^_ t=0.8s
TIGHT n=14 m=79 tag=rand g6=M~~nRn^m~^~v~z~^_ t=0.3s
TIGHT n=14 m=72 tag=rand g6=MZ]rvr\|x|~~}]~v_ t=0.3s
TIGHT n=14 m=67 tag=rand g6=Ml}z^qk~nyzVS~}|? t=0.3s
TIGHT n=14 m=81 tag=rand g6=M~~nZ~~}|u|~v~|~_ t=0.6s
TIGHT n=14 m=64 tag=rand g6=MJnV|}ZNzE^xz[}z? t=0.6s
TIGHT n=14 m=70 tag=rand g6=MjqVk|~x|~~}njf|_ t=0.2s
TIGHT n=14 m=80 tag=rand g6=Mnz|~~zunv~z~vv~_ t=0.4s
TIGHT n=14 m=55 tag=rand g6=Mh|MQ}nfXzFVfYDT_ t=0.3s
TIGHT n=14 m=56 tag=rand g6=M|\z\Mql~Jdssg\b_ t=0.3s
TIGHT n=14 m=67 tag=rand g6=M~jC~fn~n{qv~{]V? t=0.3s
TIGHT n=14 m=70 tag=rand g6=Mzj~m{Ru^~e^~[z~_ t=0.6s
TIGHT n=14 m=67 tag=rand g6=MzHR~mMu|mn|}m|~_ t=0.6s
TIGHT n=14 m=73 tag=rand g6=M~y{~~rYn~Mnn~Zv_ t=0.4s
TIGHT n=14 m=59 tag=rand g6=MnNvtzyvJse~hkEm? t=0.1s
TIGHT n=14 m=71 tag=rand g6=MZ~nrZ|^l|U}~|U~_ t=0.4s
TIGHT n=14 m=76 tag=rand g6=Mz}~^Xu|~~zn\|~}_ t=0.7s
TIGHT n=14 m=64 tag=rand g6=M}S~Pv|{hm~}wfU~_ t=0.2s
TIGHT n=14 m=70 tag=rand g6=Mzvyu|}}r^n~Jj]|_ t=0.5s
TIGHT n=14 m=76 tag=rand g6=M~}~s|~z^Jvtz~}~_ t=0.6s
TIGHT n=14 m=66 tag=rand g6=MneZJ\|f~|~TvnZV? t=0.3s
TIGHT n=14 m=82 tag=rand g6=M~~~r^~n~~~z~|tn_ t=0.5s
TIGHT n=14 m=71 tag=rand g6=M||~t}qz~u|jvN}t_ t=0.2s
TIGHT n=14 m=71 tag=rand g6=MnZ~~ynufX}x~vV^_ t=0.3s
TIGHT n=14 m=68 tag=rand g6=Mn|xVT^vi~p~nV|x_ t=0.2s
TIGHT n=14 m=81 tag=rand g6=Mj}~n~v~z~^}~n|~_ t=0.7s
TIGHT n=14 m=80 tag=rand g6=M~zz~~vLm~n~}~~z_ t=0.5s
TIGHT n=14 m=82 tag=rand g6=M|~||~z~~~^~V}|~_ t=0.9s
TIGHT n=14 m=73 tag=rand g6=M}bn^~zj}^~[z~Nn_ t=0.4s
TIGHT n=14 m=78 tag=rand g6=M^~~\]v~n}v~z~e~_ t=0.3s
TIGHT n=14 m=77 tag=rand g6=M{}~v}~n~zn~{^jn_ t=1.5s
TIGHT n=14 m=58 tag=rand g6=MLj|z|STg~Pj]}ls_ t=0.2s
TIGHT n=14 m=70 tag=rand g6=Myu~vj|n~{jz[|j~? t=0.3s
TIGHT n=14 m=69 tag=rand g6=Muzzfu|wnxzm~znV_ t=0.5s
TIGHT n=14 m=73 tag=rand g6=Mn~~~Vj^tFn}~~~I? t=0.3s
TIGHT n=14 m=70 tag=rand g6=Mf}T|Y}m~~~um^~q_ t=0.6s
TIGHT n=14 m=75 tag=rand g6=M|zX~u~}^y~nz~~p_ t=0.1s
TIGHT n=14 m=67 tag=rand g6=M~snokn~n|yZ~qzj_ t=0.5s
TIGHT n=14 m=66 tag=rand g6=M~Y|fvA~nz}N^lJl_ t=0.1s
TIGHT n=14 m=57 tag=rand g6=M|XZzeu}^bmghz~?? t=0.2s
TIGHT n=14 m=75 tag=rand g6=MxNn~n~|z~zv~Fl}_ t=0.6s
TIGHT n=14 m=77 tag=rand g6=My~^|~~~vZyn~[~}_ t=0.4s
TIGHT n=14 m=79 tag=rand g6=MN|~~nf~~n^~~T~}_ t=0.2s
TIGHT n=14 m=71 tag=rand g6=MzV~|^znx~Kf^}~y? t=0.3s
TIGHT n=14 m=67 tag=rand g6=M[u~n~~Ivlf~}LvM? t=0.3s
TIGHT n=14 m=66 tag=rand g6=M~yzZf|v~HvnVeet_ t=0.4s
TIGHT n=14 m=77 tag=rand g6=MX^n~~|~|{~x~~v}? t=0.7s
TIGHT n=14 m=76 tag=rand g6=M|un~yz}~nmZz~~}_ t=0.5s
TIGHT n=14 m=78 tag=rand g6=Mzu~v~n}l~t|z~z~_ t=0.4s
TIGHT n=14 m=82 tag=rand g6=M~~v~{|~m~|~z~z~_ t=0.6s
TIGHT n=14 m=71 tag=rand g6=MTt^~tzrz~N~vVy|_ t=0.6s
TIGHT n=14 m=72 tag=rand g6=Mn]^}^v~|vs~ZH~~? t=0.7s
TIGHT n=14 m=60 tag=rand g6=Mqr@\|~][}lJ]~I~? t=0.1s
TIGHT n=14 m=62 tag=rand g6=MnTyz^dUmq]~zrLZ_ t=0.3s
TIGHT n=14 m=72 tag=rand g6=M}Z~u~nn~|yMv~uL_ t=0.5s
TIGHT n=14 m=71 tag=rand g6=M^||z{}NF^u~v}~V? t=0.3s
TIGHT n=14 m=72 tag=rand g6=M}F~x|}v^ZT~}~~U_ t=0.2s
TIGHT n=14 m=60 tag=rand g6=MXJ|n`mfu^E~NvTj_ t=0.3s
TIGHT n=14 m=69 tag=rand g6=M{ndvlnf~z{|mvs~_ t=0.4s
TIGHT n=14 m=68 tag=rand g6=Mrnlizzz}ymz{v|V_ t=0.3s
TIGHT n=14 m=83 tag=rand g6=M^n~~v^n~~~}~^z~_ t=1.0s
TIGHT n=14 m=78 tag=rand g6=M~{^~f~n~~tR~|~^_ t=1.2s
TIGHT n=14 m=78 tag=rand g6=Mb~m~~e^~^~}z~~|_ t=0.8s
TIGHT n=14 m=60 tag=rand g6=ML{rvzpfl~NYVn[Q_ t=0.2s
TIGHT n=14 m=75 tag=rand g6=M~v~N~~nj^~nkxjv_ t=0.6s
TIGHT n=14 m=66 tag=rand g6=M}neM|Nf^VU~~i|N_ t=0.3s
TIGHT n=14 m=53 tag=rand g6=Ml|~YwsuxRj_AVi\_ t=0.3s
TIGHT n=14 m=75 tag=rand g6=Mim|~~LZ~~^~z~~M_ t=0.2s
TIGHT n=14 m=66 tag=rand g6=MqY~o|N}e~{n~V^n? t=0.1s
TIGHT n=14 m=63 tag=rand g6=Mvbz~hXL^}lf}mYj_ t=0.3s
TIGHT n=14 m=55 tag=rand g6=My{[yqi~}ElFt]Ti? t=0.1s
TIGHT n=14 m=70 tag=rand g6=Mpuyv~^Rx|fn~~}^? t=0.7s
TIGHT n=14 m=73 tag=rand g6=M\~^fnx~}yy^n~}Z_ t=0.3s
TIGHT n=14 m=84 tag=rand g6=M}~~~m~~z~~n}~~z_ t=0.6s
TIGHT n=14 m=76 tag=rand g6=Mnb~~y~^^~z~mz^\_ t=0.4s
TIGHT n=14 m=64 tag=rand g6=M}^Nl]q|nz^dv^lP? t=0.2s
TIGHT n=14 m=58 tag=rand g6=M\^xjRR}n^naLNLP_ t=0.1s
TIGHT n=14 m=60 tag=rand g6=Mo~~VpbYl}Lh}vVZ? t=0.3s
TIGHT n=14 m=78 tag=rand g6=M^~|v^^Lz~~~}~}]_ t=0.3s
TIGHT n=14 m=81 tag=rand g6=M~x}~~~^|{n~~z~z_ t=0.3s
TIGHT n=14 m=58 tag=rand g6=M{j}|xkzU^bN|PBR_ t=0.1s
TIGHT n=14 m=80 tag=rand g6=M~~~~N^~^vl~~}jn_ t=0.8s
TIGHT n=14 m=67 tag=rand g6=M|zv{Y{n|}|w~yX^? t=0.3s
TIGHT n=14 m=82 tag=rand g6=M~~m~~}|~~fn~|~^_ t=0.9s
TIGHT n=14 m=64 tag=rand g6=MvThovm[~^N|^c~n_ t=0.3s
TIGHT n=14 m=65 tag=rand g6=Mn~QpzmzfZZ^u{~x? t=0.3s
TIGHT n=14 m=56 tag=rand g6=Myn]S`ycUA\~|NU~_ t=0.3s
TIGHT n=14 m=78 tag=rand g6=M}^}~v^n~}~~vtv{_ t=0.8s
TIGHT n=14 m=72 tag=rand g6=Mljml~~y|Zv|v~}u_ t=0.7s
TIGHT n=14 m=66 tag=rand g6=MaoK|f~z^zrz~R~v_ t=0.3s
TIGHT n=14 m=66 tag=rand g6=MxR}{K|zl~n~y^Hz_ t=0.3s
TIGHT n=14 m=82 tag=rand g6=M^zz~~nv~vn~z~~n_ t=1.0s
TIGHT n=14 m=57 tag=rand g6=MUJw}^}bk`T|sy}]_ t=0.3s
TIGHT n=14 m=59 tag=rand g6=MbvqatvyTFRwvr~|_ t=0.2s
TIGHT n=14 m=66 tag=rand g6=M|v^m}YhY~]VxT~|_ t=0.3s
TIGHT n=14 m=80 tag=rand g6=M^z~~~}~~zyv{z~n_ t=0.9s
TIGHT n=14 m=81 tag=rand g6=M~v~Z~~~~|~Z~in~_ t=0.8s
TIGHT n=14 m=63 tag=rand g6=MvXuTNUnptV~~R}Z_ t=0.3s
TIGHT n=14 m=62 tag=rand g6=MveY}rfz|us~LNMN_ t=0.3s
TIGHT n=14 m=76 tag=rand g6=M^}~n\lj~n}~~zV^_ t=1.0s
TIGHT n=14 m=69 tag=rand g6=Mnz}~^T|^W~^}tmJ_ t=0.3s
TIGHT n=14 m=72 tag=rand g6=MnL~u~~~Z^mj}xvy_ t=0.5s
TIGHT n=14 m=84 tag=rand g6=M~~v}~n^~~v~~^~|_ t=1.0s
TIGHT n=14 m=57 tag=rand g6=MKd|^Up~L`^nslbV_ t=0.3s
TIGHT n=14 m=78 tag=rand g6=Mz^z}uZ}~v~^~nv~_ t=0.4s
TIGHT n=14 m=81 tag=rand g6=Mn]~~t~z~zv~}~n~_ t=0.3s
TIGHT n=14 m=72 tag=rand g6=Myzn~{R|ZZ~d}~v~_ t=0.8s
TIGHT n=14 m=73 tag=rand g6=Mn~~n]nj~}qTt}~n_ t=0.8s
TIGHT n=14 m=76 tag=rand g6=M\n}~nx^}yn~~~t~? t=0.8s
TIGHT n=14 m=77 tag=rand g6=M~nny~un|}~|~X|~_ t=0.7s
TIGHT n=14 m=71 tag=rand g6=M^Ml~^z~pz^k~vp~_ t=0.4s
TIGHT n=14 m=76 tag=rand g6=M~~J^lf^|f~n~|~|_ t=0.8s
TIGHT n=14 m=80 tag=rand g6=Mj~vw~~~~~z~~X~v_ t=0.5s
TIGHT n=14 m=73 tag=rand g6=M~z\~v~^|bsu~^zf_ t=0.9s
TIGHT n=14 m=77 tag=rand g6=M~^nv^\}|y}~x~~~? t=0.9s
TIGHT n=14 m=77 tag=rand g6=M~mvz~^z|l~^~v~F_ t=0.8s
TIGHT n=14 m=78 tag=rand g6=Muu~~^n~~nun^z~~? t=0.4s
TIGHT n=14 m=68 tag=rand g6=M~^~FOzx^~bvln|{_ t=0.4s
TIGHT n=14 m=82 tag=rand g6=M~~~Vw~~~}z~~z|~_ t=1.9s
TIGHT n=14 m=53 tag=rand g6=MzFYVAFA[nBj{k~}_ t=0.2s
TIGHT n=14 m=59 tag=rand g6=MypvCpUv{j}Yvmjn_ t=0.3s
TIGHT n=14 m=76 tag=rand g6=Mn|^}fd~~~U~~~^}? t=0.6s
TIGHT n=14 m=63 tag=rand g6=MYZu^knxe^nylZ|n? t=0.3s
TIGHT n=14 m=69 tag=rand g6=M}TJV]Zz}~vnl~~]? t=0.2s
TIGHT n=14 m=69 tag=rand g6=MZ|~m^u|n\\uZd^~_ t=0.4s
TIGHT n=14 m=78 tag=rand g6=Mt^q|~~~^~}~^~vt_ t=0.4s
TIGHT n=14 m=77 tag=rand g6=M}nzM~rv~~v~~vj|_ t=0.4s
TIGHT n=14 m=71 tag=rand g6=MrXm~~j~}{{r~z~e_ t=0.2s
TIGHT n=14 m=63 tag=rand g6=M`~}]zr~xi\~ltbF? t=0.3s
TIGHT n=14 m=77 tag=rand g6=M~v~|~~]\UvN~^~|_ t=0.5s
TIGHT n=14 m=68 tag=rand g6=M}]~~txxz]]Y}j~i_ t=0.2s
TIGHT n=14 m=66 tag=rand g6=Muz{uzl~^y^^Wn`z_ t=0.2s
TIGHT n=14 m=80 tag=rand g6=Mzz~~}N~^~~}z~yn_ t=1.2s
TIGHT n=14 m=77 tag=rand g6=M~zvv}^^z~vZln^~_ t=0.4s
TIGHT n=14 m=69 tag=rand g6=MzZ~}yvh`v}r}f}~_ t=0.2s
TIGHT n=14 m=66 tag=rand g6=Md~Z\~[rt}ffz~x[_ t=0.2s
TIGHT n=14 m=63 tag=rand g6=MxuJ|MnzZeFn~nQn_ t=0.2s
TIGHT n=14 m=67 tag=rand g6=M~^^s}Y}zUTv^fzr_ t=0.3s
TIGHT n=14 m=56 tag=rand g6=MulyN|jTyfNJfwSd_ t=0.1s
TIGHT n=14 m=67 tag=rand g6=MXZv~Zx}~]L~N}rJ_ t=0.2s
TIGHT n=14 m=75 tag=rand g6=M}~u~l^~U^Z~~^h~_ t=0.2s
TIGHT n=14 m=61 tag=rand g6=Mm~kNzzZU|xdirJx_ t=0.3s
TIGHT n=14 m=62 tag=rand g6=M^nnXlkpJ~b^z]eV_ t=0.3s
TIGHT n=14 m=56 tag=rand g6=MqPQZVn}vnfXOzdz? t=0.2s
TIGHT n=14 m=80 tag=rand g6=Mr~z~xzv~z}~~vv~_ t=0.9s
TIGHT n=14 m=78 tag=rand g6=M~V~~~}lvz~~xv{}_ t=0.4s
TIGHT n=14 m=74 tag=rand g6=Mtztvh~vzv|~Vn~|_ t=0.2s
TIGHT n=14 m=82 tag=rand g6=Mm~}~~~}~{v~|~~|_ t=0.4s
TIGHT n=14 m=61 tag=rand g6=MzNFn\T}~ddeb~\s_ t=0.1s
TIGHT n=14 m=71 tag=rand g6=M}n^}|nsz~Y|y^^t_ t=0.2s
TIGHT n=14 m=68 tag=rand g6=MYyv~rf^~tsy|z}z? t=0.2s
TIGHT n=14 m=62 tag=rand g6=M^xFxJnvvu|y]|Ep_ t=0.4s
TIGHT n=14 m=81 tag=rand g6=M~~v|x~~u{|~~~~~? t=0.4s
TIGHT n=14 m=55 tag=rand g6=MjZZUdd[|O{lZJ|{_ t=0.1s
TIGHT n=14 m=75 tag=rand g6=M|Xny~R~~x~~~zv{_ t=0.2s
TIGHT n=14 m=74 tag=rand g6=M[~~z~f}~l~~|{NF_ t=0.2s
TIGHT n=14 m=62 tag=rand g6=M]z|}Vgu}~QH{lzz? t=0.1s
TIGHT n=14 m=83 tag=rand g6=M~n~~~n~^~n~un~|_ t=0.9s
TIGHT n=14 m=72 tag=rand g6=M|n~ch}\~~mn~v~X_ t=0.3s
TIGHT n=14 m=74 tag=rand g6=M~|vn[z[n\^^z~v~_ t=0.9s
TIGHT n=14 m=65 tag=rand g6=Mxz^uV~fvN}djlzY? t=0.3s
TIGHT n=14 m=68 tag=rand g6=M\i{MZ~Zn\n}r}~v_ t=0.4s
TIGHT n=14 m=69 tag=rand g6=MpV]n}}Rf~ynvl|~_ t=0.4s
TIGHT n=14 m=71 tag=rand g6=MVy}~~t~z~N}^vTM? t=0.2s
TIGHT n=14 m=57 tag=rand g6=MnK\clGozms\~L~|_ t=0.1s
TIGHT n=14 m=62 tag=rand g6=M|ml|^kRmZp}fwun_ t=0.3s
TIGHT n=14 m=55 tag=rand g6=Mwysk~i~[XziW^[c_ t=0.2s
TIGHT n=14 m=79 tag=rand g6=M~~~B~~}}~~V~vnm_ t=0.5s
TIGHT n=14 m=69 tag=rand g6=M\^~Fztv]~Bf~dz~_ t=0.3s
TIGHT n=14 m=81 tag=rand g6=M~V~~vnn~^{n~~~~? t=0.6s
TIGHT n=14 m=64 tag=rand g6=MTZR{nBz}t^qyzn~_ t=0.2s
TIGHT n=14 m=76 tag=rand g6=M~Nz~~vZz}z~]z~d_ t=0.5s
TIGHT n=14 m=76 tag=rand g6=Mu~~s~y|~V~}jv^~_ t=0.3s
TIGHT n=14 m=74 tag=rand g6=M|zX~|~~~\vM}z^}? t=0.4s
TIGHT n=14 m=64 tag=rand g6=M^~jVa}VltXlun~s_ t=0.2s
TIGHT n=14 m=79 tag=rand g6=M~^n{nv~~~^zn~nV_ t=0.4s
TIGHT n=14 m=59 tag=rand g6=MsvDtVD~|VfZt~`y? t=0.4s
TIGHT n=14 m=62 tag=rand g6=M}Jz}}}e|UYtz}?~? t=0.1s
TIGHT n=14 m=76 tag=rand g6=M~v^U~~^r~vj~z]v_ t=0.8s
TIGHT n=14 m=66 tag=rand g6=MN~~l[]he~en}mZ^_ t=0.2s
TIGHT n=14 m=68 tag=rand g6=Mx^|z}Xj^}mvNN|^? t=0.3s
TIGHT n=14 m=84 tag=rand g6=M~^n~~^~~~^v~^n~_ t=0.7s
TIGHT n=14 m=82 tag=rand g6=M~~mz~v~~}~~~qn~_ t=1.6s
TIGHT n=14 m=73 tag=rand g6=Mz~s^N}d^~z}n~~Y_ t=0.4s
TIGHT n=14 m=84 tag=rand g6=M~~~~^^~\~~^^~|~_ t=1.0s
TIGHT n=14 m=60 tag=rand g6=M\lTnlm^rV^UJ\Xt_ t=0.2s
TIGHT n=14 m=79 tag=rand g6=M^}~y~z}~zn~~nh~_ t=0.4s
TIGHT n=14 m=74 tag=rand g6=M|\~^v|y^n|~t|Z|_ t=0.4s
TIGHT n=14 m=79 tag=rand g6=M~rr|~~}~}|~v~q~_ t=0.6s
TIGHT n=14 m=65 tag=rand g6=M^l}L~~lx|}]nkkq? t=0.1s
TIGHT n=14 m=73 tag=rand g6=Mmjrjym}~~~^|~f|_ t=0.2s
TIGHT n=14 m=72 tag=rand g6=M~]~x}^^~~~`jinl_ t=0.5s
TIGHT n=14 m=68 tag=rand g6=Mvzmpev}|^z`nx}~_ t=0.3s
TIGHT n=14 m=65 tag=rand g6=Mh}^V\\jj~^m^V|a_ t=0.2s
TIGHT n=14 m=72 tag=rand g6=M~qx|~xuf}~pt~~~? t=0.3s
TIGHT n=14 m=59 tag=rand g6=Mi{P|zbmV^wjL~sj_ t=0.2s
TIGHT n=14 m=75 tag=rand g6=M~}\zn}~t]^}v~uz_ t=0.6s
TIGHT n=14 m=83 tag=rand g6=M}n~~^z^~^~~~^~}_ t=0.5s
TIGHT n=14 m=65 tag=rand g6=MV|U\}Vl^rL|rz}Z_ t=0.3s
TIGHT n=14 m=68 tag=rand g6=Mvvvnd~v^xG}]zvx_ t=0.2s
TIGHT n=14 m=75 tag=rand g6=M~uR~nnv}y~z^~V^_ t=0.7s
TIGHT n=14 m=72 tag=rand g6=M|znZv~vvVj|U~}l_ t=0.4s
TIGHT n=14 m=71 tag=rand g6=MfRm{~~n~YtnZnn~_ t=0.4s
TIGHT n=14 m=76 tag=rand g6=Mu\~|z~~~~V~nvFn? t=0.4s
TIGHT n=14 m=67 tag=rand g6=Mty\byiuF~~}n~ln_ t=0.2s
TIGHT n=14 m=82 tag=rand g6=Mz~}~~~k~|~zn~n~_ t=0.4s
TIGHT n=14 m=71 tag=rand g6=Mvtm||tm~}nh|y~z_ t=0.4s
TIGHT n=14 m=80 tag=rand g6=M}|vv~|^N~n~~|n~_ t=1.0s
TIGHT n=14 m=63 tag=rand g6=M~Bx|^f_x~^zs^yj? t=0.3s
TIGHT n=14 m=71 tag=rand g6=M|sXyn~~|f}j~zk~_ t=0.3s
TIGHT n=14 m=77 tag=rand g6=M~|f~t~~vzv~]^vV_ t=0.7s
TIGHT n=14 m=79 tag=rand g6=MVx~|~~~^~ni~^~}_ t=0.6s
TIGHT n=14 m=60 tag=rand g6=Mu~zGjFFoz}^^rd{_ t=0.3s
TIGHT n=14 m=68 tag=rand g6=M~~^Vjsvl[~^Pp~^_ t=0.1s
TIGHT n=14 m=59 tag=rand g6=Mtd}LmvhJ\E~Zb^\_ t=0.1s
TIGHT n=14 m=60 tag=rand g6=M~nNK]~fuHJRjq~s_ t=0.3s
TIGHT n=14 m=82 tag=rand g6=M||~~z^\~~~}~z^~_ t=0.8s
TIGHT n=14 m=63 tag=rand g6=M}~ylGz~vut^x]Rk? t=0.1s
TIGHT n=14 m=58 tag=rand g6=MBQzv}pYpxV{kX~~? t=0.2s
TIGHT n=14 m=70 tag=rand g6=Mu~~~^v~zvyy}Jwe? t=0.3s
TIGHT n=14 m=73 tag=rand g6=M^~~x}~~n|}bYtv{_ t=0.8s
TIGHT n=14 m=65 tag=rand g6=Mj|qPv}`y|}~^Ze~_ t=0.2s
TIGHT n=14 m=83 tag=rand g6=M~u~z~|~~~~{z~~}_ t=0.7s
TIGHT n=14 m=58 tag=rand g6=Md~I~xyjT~NubXXp? t=0.2s
TIGHT n=14 m=80 tag=rand g6=M}~~v}~}zr~~|]~n_ t=0.5s
TIGHT n=14 m=67 tag=rand g6=Mvn~{lsjlrZ|^{^V_ t=0.2s
TIGHT n=14 m=82 tag=rand g6=M}~v^~~nf~|~~|^~_ t=0.2s
TIGHT n=14 m=72 tag=rand g6=M~^pnvYNx~^|z~^j_ t=0.3s
TIGHT n=14 m=56 tag=rand g6=M{D|hn~esJwFmNyy? t=0.1s
TIGHT n=14 m=67 tag=rand g6=M~jNkmLv~~bY|}n^? t=0.1s
TIGHT n=14 m=76 tag=rand g6=M~~vu]}}||~qN~~~? t=0.5s
TIGHT n=14 m=66 tag=rand g6=Mgnt|v~hyv|\}^~B? t=0.1s
TIGHT n=14 m=73 tag=rand g6=Mn}]N~~~^~Xz}zrN? t=0.2s
TIGHT n=14 m=81 tag=rand g6=M~~\~~~~Fn|n~}^~_ t=0.4s
TIGHT n=14 m=74 tag=rand g6=M~~wz|u~n~n\xz\|_ t=0.5s
TIGHT n=14 m=83 tag=rand g6=M}~~~nn}|~n~~^z~_ t=1.7s
TIGHT n=14 m=70 tag=rand g6=M^xTz}~Nltv~mv\v_ t=0.2s
TIGHT n=14 m=79 tag=rand g6=Mn{~z~~}n}{n~n~z_ t=0.4s
TIGHT n=14 m=67 tag=rand g6=M}n{djT~qiz~~l~l? t=0.4s
TIGHT n=14 m=69 tag=rand g6=Mx}l^qL}~znvk~^u_ t=0.4s
TIGHT n=14 m=74 tag=rand g6=Ml^~Nn^^^~zn}Wz~_ t=0.3s
TIGHT n=14 m=63 tag=rand g6=MTm{F~i\~|\~bZ^H_ t=0.2s
TIGHT n=14 m=70 tag=rand g6=Mzr|^|y~~JvtH~|n? t=0.4s
TIGHT n=14 m=81 tag=rand g6=M~|zz~~~nn|~~vfn_ t=0.4s
TIGHT n=14 m=66 tag=rand g6=ML}r~lyrm\}{Znzx_ t=0.6s
TIGHT n=14 m=69 tag=rand g6=M^}|z\vrjm~zxR^Z_ t=0.4s
TIGHT n=14 m=82 tag=rand g6=M~^|}~v|~}~^~vz~_ t=0.5s
TIGHT n=14 m=77 tag=rand g6=Mr~|mv|n~n}tv~~z_ t=0.2s
TIGHT n=14 m=78 tag=rand g6=M|v~x~x^x{~~~}~|_ t=1.3s
TIGHT n=14 m=69 tag=rand g6=MM^NTv~^R}~v}fnl_ t=0.2s
TIGHT n=14 m=61 tag=rand g6=MFjRnZ~l|Fm\}C^^? t=0.2s
TIGHT n=14 m=77 tag=rand g6=Mvv~~o}~||\v~}v~_ t=0.7s
TIGHT n=14 m=72 tag=rand g6=M~^fv}~vzlnhzQz~_ t=0.7s
TIGHT n=14 m=63 tag=rand g6=MgZz@~v}}fuqlTn~_ t=0.2s
TIGHT n=14 m=73 tag=rand g6=Mdfn^~Z}~nz~~h~p_ t=0.4s
TIGHT n=14 m=70 tag=rand g6=M~~Zv|mn|]^{hV]}_ t=0.3s
TIGHT n=14 m=67 tag=rand g6=Mu~^t^vnzlU{|ygz_ t=0.3s
TIGHT n=14 m=83 tag=rand g6=M~~~}~|\|~~^z~~z_ t=1.0s
TIGHT n=14 m=69 tag=rand g6=M|]~rmWY^^^U|~~n_ t=0.4s
TIGHT n=14 m=77 tag=rand g6=MZ~vntf~~~X^~}~}_ t=0.2s
TIGHT n=14 m=63 tag=rand g6=Ml~nyw^~\NmfXqzb? t=0.2s
TIGHT n=14 m=73 tag=rand g6=M]{v]~fVt}}}~}~v_ t=0.9s
TIGHT n=14 m=61 tag=rand g6=Mtt~~O]^~kmeys^E_ t=0.3s
TIGHT n=14 m=66 tag=rand g6=Mx^svE~\ex~|d~nV_ t=0.3s
TIGHT n=14 m=83 tag=rand g6=M~zn~~|n~^n~~nv~_ t=1.0s
TIGHT n=14 m=57 tag=rand g6=MW{mw~|e]yse^pmm? t=0.4s
TIGHT n=14 m=62 tag=rand g6=M}~~ZhtAzfy\~\\W? t=0.3s
TIGHT n=14 m=67 tag=rand g6=Mnn|vt{lf^]}YVz]_ t=0.4s
TIGHT n=14 m=75 tag=rand g6=M~v{~}~[zXn~d~~|_ t=0.8s
TIGHT n=14 m=78 tag=rand g6=M^~~w\]v~vv~~^|~_ t=1.1s
TIGHT n=14 m=64 tag=rand g6=M^hf}zVnzg|fpmx}_ t=0.3s
TIGHT n=14 m=77 tag=rand g6=M~]}~~~ln~K~^rn~_ t=0.9s
TIGHT n=14 m=81 tag=rand g6=M~~~t^vzm~|~~z^~_ t=0.9s
TIGHT n=14 m=66 tag=rand g6=MNvmfnN]^uzzyp~Y_ t=0.3s
TIGHT n=14 m=72 tag=rand g6=M^x~~jnzlVY}M~z~_ t=0.9s
TIGHT n=14 m=80 tag=rand g6=M|~~~Vv~N^~~^~vy_ t=0.9s
TIGHT n=14 m=73 tag=rand g6=M{yyr|~uz~f~~Y~^_ t=0.4s
TIGHT n=14 m=77 tag=rand g6=M|jzfnn~m~~~ln~}_ t=1.2s
TIGHT n=14 m=55 tag=rand g6=M}Nn~{ijukLMHk@y_ t=0.3s
TIGHT n=14 m=74 tag=rand g6=MZz\}~v~f|v~Xrv~_ t=0.4s
TIGHT n=14 m=79 tag=rand g6=M^t~~}~vN~d~~|v~_ t=0.9s
TIGHT n=14 m=80 tag=rand g6=Mnn^n~^Zz~~||~~n_ t=1.5s
TIGHT n=14 m=64 tag=rand g6=Mrjm^]f~^MnuTF~\? t=0.4s
TIGHT n=14 m=73 tag=rand g6=MV^~|n||~Jnz{^~e_ t=0.6s
TIGHT n=14 m=61 tag=rand g6=M\~zumzwN]tlJi|L? t=0.3s
TIGHT n=14 m=77 tag=rand g6=Mtyz~|}~^^~v~n^V_ t=0.4s
TIGHT n=14 m=71 tag=rand g6=Mr~~N|^yMZ|~^N~b_ t=0.6s
TIGHT n=14 m=62 tag=rand g6=M^}^~Tl}jjBuilF\_ t=0.3s
TIGHT n=14 m=70 tag=rand g6=MnnzXz~T}|f^z~xd_ t=0.6s
TIGHT n=14 m=75 tag=rand g6=M~nn}z~~B~vvz]jn_ t=0.9s
TIGHT n=14 m=73 tag=rand g6=Mzn~~zty~V~}sN~b_ t=0.8s
TIGHT n=14 m=63 tag=rand g6=M|k|vQd[nt\zv~Y]_ t=0.8s
TIGHT n=14 m=66 tag=rand g6=MF~zfui~^r\~Z~Ub? t=0.2s
TIGHT n=14 m=65 tag=rand g6=Mjjzvmby~Vk{YVn~_ t=0.2s
TIGHT n=14 m=62 tag=rand g6=Mib[|i||uJ\vdm^~_ t=0.2s
TIGHT n=14 m=77 tag=rand g6=M}}^nn^~yf~~~zv{_ t=0.6s
TIGHT n=14 m=60 tag=rand g6=Mo}EnYd]vT~^dN\n_ t=0.1s
TIGHT n=14 m=71 tag=rand g6=M~|JmT~}n^}|nmt^_ t=0.4s
TIGHT n=14 m=84 tag=rand g6=M~nz~^~v~~~^~v~|_ t=0.7s
TIGHT n=14 m=67 tag=rand g6=Mnm~N}LzufJv}\V^_ t=0.2s
TIGHT n=14 m=59 tag=rand g6=M~qNhmL}x[{UE|u^_ t=0.2s
TIGHT n=14 m=58 tag=rand g6=MnL}pn|TS[nB~sT{_ t=0.2s
TIGHT n=14 m=70 tag=rand g6=Mkv~}v}^i^|fyv}r_ t=0.2s
TIGHT n=14 m=62 tag=rand g6=MuFiF|xn\|zxfztp_ t=0.2s
TIGHT n=14 m=52 tag=rand g6=MHy}||]yAPvPR]YW_ t=0.1s
TIGHT n=14 m=63 tag=rand g6=MP~yUf^]|[~~zNFo_ t=0.2s
TIGHT n=14 m=63 tag=rand g6=Mn~aZSk}ryRv}|j~? t=0.2s
TIGHT n=14 m=68 tag=rand g6=M}~c~r~eZyqtv~w~_ t=0.3s
TIGHT n=14 m=77 tag=rand g6=M~z~V}}U~z~vzf}~_ t=0.2s
TIGHT n=14 m=68 tag=rand g6=M|}^~zjPm]|U}}n|? t=0.3s
TIGHT n=14 m=67 tag=rand g6=M^~fntzu||ZsTynt_ t=0.3s
TIGHT n=14 m=76 tag=rand g6=Mn}^~zR~v}y~v~x}_ t=0.4s
TIGHT n=14 m=83 tag=rand g6=M~z|~~~^~~~Yv~~n_ t=0.5s
TIGHT n=14 m=79 tag=rand g6=M}~NV~~~nzn~n~tv_ t=0.6s
TIGHT n=14 m=78 tag=rand g6=M~~i^n}yn^~^z~n~_ t=0.3s
TIGHT n=14 m=80 tag=rand g6=M|~z~}^~nb~zn~~^_ t=0.2s
TIGHT n=14 m=53 tag=rand g6=Myv{jCf~y\xcsDA{_ t=0.1s
TIGHT n=14 m=74 tag=rand g6=M{VzvX^|z~nx~z~n_ t=0.2s
TIGHT n=14 m=66 tag=rand g6=MRu]zUkfnzfzN}~}_ t=0.3s
TIGHT n=14 m=62 tag=rand g6=MIn~~iTzuepn~hhu_ t=0.2s
TIGHT n=14 m=84 tag=rand g6=M~^~~~^}|~~v~^z~_ t=0.7s
TIGHT n=14 m=72 tag=rand g6=MQlvVy~||v^~v~}y_ t=0.3s
TIGHT n=14 m=68 tag=rand g6=M}|\]nltn|~PV}\z_ t=0.3s
TIGHT n=14 m=79 tag=rand g6=M~znj~~~v\v~|~vl_ t=0.6s
TIGHT n=14 m=71 tag=rand g6=M^Xll|z~zZz\}u~}_ t=0.4s
TIGHT n=14 m=84 tag=rand g6=M~|~|~^~~~]~z~~^_ t=0.4s
TIGHT n=14 m=59 tag=rand g6=MvvCglv|Z~`dLfrn_ t=0.1s
TIGHT n=14 m=74 tag=rand g6=M~d}zN~u~n}~^Z}V_ t=0.4s
TIGHT n=14 m=58 tag=rand g6=MNrF@ZbVl~|XUyzV_ t=0.1s
TIGHT n=14 m=81 tag=rand g6=Mn~^~~||}t~^n~z~_ t=0.2s
TIGHT n=14 m=70 tag=rand g6=Mz~fn}yNz^b}|r^u_ t=0.3s
TIGHT n=14 m=59 tag=rand g6=M^uvuy{mked]Ms~m? t=0.1s
TIGHT n=14 m=67 tag=rand g6=M~~\m}L\~Zvs^EX~_ t=0.2s
TIGHT n=14 m=81 tag=rand g6=M~~v}}~\^^}~~|~|_ t=0.4s
TIGHT n=14 m=64 tag=rand g6=M}n~R~W\^JhVrrvz? t=0.2s
TIGHT n=14 m=71 tag=rand g6=Mx^^f{^y~nz~|zlN? t=0.3s
TIGHT n=14 m=68 tag=rand g6=M|D^yU^~d~~lvyjz_ t=0.3s
TIGHT n=14 m=64 tag=rand g6=Mv\~puEnm~x]wxf}_ t=0.2s
TIGHT n=14 m=54 tag=rand g6=M^xp~i~MQ{MBegTt_ t=0.1s
TIGHT n=14 m=60 tag=rand g6=MaN~Lw^Tj]~lX}mV? t=0.1s
TIGHT n=14 m=75 tag=rand g6=My~~~vzv~|vzpm}V_ t=0.4s
TIGHT n=14 m=67 tag=rand g6=M~z|{j}zvlmZlyzL? t=0.1s
TIGHT n=14 m=81 tag=rand g6=M~}}~k~nv^~~~}~z_ t=0.5s
TIGHT n=14 m=71 tag=rand g6=M~WZ|U~l~^t^v~rz_ t=0.4s
TIGHT n=14 m=80 tag=rand g6=Mn~n^y~x^~^~~}~z_ t=0.4s
TIGHT n=14 m=73 tag=rand g6=M~|f~f~m]~Nq|~^y_ t=0.2s
TIGHT n=14 m=60 tag=rand g6=Md]PnS{~}Sutf}\^_ t=0.2s
TIGHT n=14 m=77 tag=rand g6=M~v~m}~H~~V^~~v}? t=0.4s
TIGHT n=14 m=68 tag=rand g6=M|^Em~j~F^rnqNn~_ t=0.2s
TIGHT n=14 m=62 tag=rand g6=MsZ|~|t]NNwuzwzk? t=0.1s
TIGHT n=14 m=78 tag=rand g6=Mvv|z^Nn~~~v~vy|_ t=0.4s
TIGHT n=14 m=74 tag=rand g6=Mvr}^~ny~^~j^j|u_ t=0.2s
TIGHT n=14 m=64 tag=rand g6=MfM}N^~|\~ypNRrb_ t=0.4s
TIGHT n=14 m=78 tag=rand g6=M~|~~~rvv^~}mz~L_ t=0.4s
TIGHT n=14 m=64 tag=rand g6=MrvzVjq~~np`Hvyn_ t=0.3s
TIGHT n=14 m=59 tag=rand g6=MeTffY]NfLZQZnv~_ t=0.1s
TIGHT n=14 m=75 tag=rand g6=Mv}~~}vnf^znvyNz_ t=0.5s
TIGHT n=14 m=74 tag=rand g6=M~x~Yv~vxz|~mvf^_ t=0.2s
TIGHT n=14 m=68 tag=rand g6=MN~uf}~FfV|Ny||V_ t=0.2s
TIGHT n=14 m=75 tag=rand g6=M~^|nnvr|p~s|~n~_ t=0.4s
TIGHT n=14 m=69 tag=rand g6=M^uPvxvf^}V~}zz|? t=0.3s
TIGHT n=14 m=54 tag=rand g6=MfjpJb^E\T`]rMfn_ t=0.1s
TIGHT n=14 m=77 tag=rand g6=M^~b~}~~Yz~nmn~^_ t=0.4s
TIGHT n=14 m=51 tag=rand g6=MAmTH~EzNvp`Xbuf? t=0.1s
TIGHT n=14 m=81 tag=rand g6=M~~n~|z~^nrz}~~n_ t=0.6s
TIGHT n=14 m=78 tag=rand g6=M~~\j~~~^|~^yd~|_ t=0.3s
TIGHT n=14 m=58 tag=rand g6=MuxBuzUffwsvz~TI_ t=0.2s
TIGHT n=14 m=74 tag=rand g6=M}~zUtvv}~|ZF~~n_ t=0.5s
TIGHT n=14 m=72 tag=rand g6=Mxr}nZ^~nn{~zyyz_ t=0.2s
TIGHT n=14 m=74 tag=rand g6=M}z^nnzn~V~{^xv{_ t=0.3s
TIGHT n=14 m=62 tag=rand g6=Mmm~zv^z[T_fNnXZ_ t=0.2s
TIGHT n=14 m=66 tag=rand g6=MdVVVrmNs\vuz~}~_ t=0.2s
TIGHT n=14 m=65 tag=rand g6=M{N|]}~tnhzF|Ifz_ t=0.2s
TIGHT n=14 m=69 tag=rand g6=Mnu}EnjNm~~z^\j|_ t=0.3s
TIGHT n=14 m=74 tag=rand g6=M}~~v~nL~M}f~r~Z? t=0.4s
TIGHT n=14 m=61 tag=rand g6=M~jX~e~MX|zdFzNI? t=0.3s
TIGHT n=14 m=60 tag=rand g6=MHh^~lYsMFS|l}~v_ t=0.1s
TIGHT n=14 m=74 tag=rand g6=M}z|~[^~~~UX~vtz_ t=0.4s
TIGHT n=14 m=75 tag=rand g6=Mm~nznv|~~n~RNN|_ t=0.3s
TIGHT n=14 m=75 tag=rand g6=Mh~n~~qs~}}~~^Vv_ t=0.3s
TIGHT n=14 m=80 tag=rand g6=Mp~|~z~{~}~n~zz~_ t=0.4s
TIGHT n=14 m=64 tag=rand g6=MN|Mvg~jb~p\lztz_ t=0.2s
TIGHT n=14 m=78 tag=rand g6=Mm}t~vzv~v~v~~nn? t=0.2s
TIGHT n=14 m=79 tag=rand g6=M~~z~~}m^j|~V|^~_ t=0.5s
TIGHT n=14 m=73 tag=rand g6=M~z~UifvQv~n~v}~_ t=0.3s
TIGHT n=14 m=74 tag=rand g6=Mf~\v}n~NZ^z{^z~_ t=0.3s
TIGHT n=14 m=69 tag=rand g6=Mv~|z{~[ZR|[z}^v? t=0.3s
TIGHT n=14 m=61 tag=rand g6=MXv~[~OXtVx}~|aR_ t=0.2s
TIGHT n=14 m=70 tag=rand g6=Mf}|~DVtz|zm~n}Z_ t=0.2s
TIGHT n=14 m=72 tag=rand g6=M|~}}{x}mu~~~Zlm? t=0.3s
TIGHT n=14 m=66 tag=rand g6=M~^|KI~~|mu|zp}X? t=0.2s
TIGHT n=14 m=82 tag=rand g6=M~~t~~m~v}z~~v^~_ t=0.4s
TIGHT n=14 m=68 tag=rand g6=MvvT|yx~NJ~x^mnf_ t=0.2s
TIGHT n=14 m=83 tag=rand g6=M~~~~|~n~|~n}~p~_ t=0.2s
TIGHT n=14 m=80 tag=rand g6=Mn}vm~^~~~~^~|xz_ t=0.2s
TIGHT n=14 m=69 tag=rand g6=M~~~n~zPq[~~~U@V_ t=0.4s
TIGHT n=14 m=81 tag=rand g6=Mz\~}~~n~v~Z~}~^_ t=0.2s
TIGHT n=14 m=74 tag=rand g6=M||mnM~|fz~zmv~v_ t=0.3s
TIGHT n=14 m=72 tag=rand g6=MT^}j|lny~}]~~j~? t=0.2s
TIGHT n=14 m=67 tag=rand g6=MkqvVnf~|{vj~FnZ_ t=0.2s
TIGHT n=14 m=64 tag=rand g6=MCyi}~|\zrv}~ixL_ t=0.2s
TIGHT n=14 m=75 tag=rand g6=Mvyn~v}V]zt}~n~^_ t=0.2s
TIGHT n=14 m=68 tag=rand g6=Mr]{nlsz~}Xt~}|\_ t=0.3s
TIGHT n=14 m=83 tag=rand g6=M|~~v~~^~|y~~v~}_ t=0.4s
TIGHT n=14 m=65 tag=rand g6=M~EVN~xR[yZ^^nz}? t=0.3s
TIGHT n=14 m=71 tag=rand g6=M}~T}vv~\nbnrnz{_ t=0.3s
TIGHT n=14 m=72 tag=rand g6=Mt{vN^v^m~zN}j^~_ t=0.2s
TIGHT n=14 m=80 tag=rand g6=M~Vv{~^~n^~|~z~^_ t=0.2s
TIGHT n=14 m=66 tag=rand g6=M}}}pn~~e|rmTu[r_ t=0.3s
TIGHT n=14 m=68 tag=rand g6=Mlxfrhmvzz~|zju|_ t=0.3s
TIGHT n=14 m=77 tag=rand g6=Mnz~jNzm~V^~^~~}_ t=0.4s
TIGHT n=14 m=80 tag=rand g6=M~~~~^v~[~n~{~||? t=0.3s
TIGHT n=14 m=76 tag=rand g6=Mu~||Z}|~|~~u^Z}_ t=0.2s
TIGHT n=14 m=67 tag=rand g6=McLz^~z~Dn}}{~Nu? t=0.4s
TIGHT n=14 m=78 tag=rand g6=M~\~~f~zxnzj~n}~_ t=0.4s
TIGHT n=14 m=67 tag=rand g6=MnZmx~v~mmifv^Zf? t=0.5s
TIGHT n=14 m=71 tag=rand g6=M^kzz~vZ[~]j}rn~_ t=0.4s
TIGHT n=14 m=82 tag=rand g6=M~~\z~~~~z|~~^|r_ t=0.2s
TIGHT n=14 m=69 tag=rand g6=MwU]Z}~~X|s~v~]n_ t=0.4s
TIGHT n=14 m=67 tag=rand g6=MnT}z}zum~N\qttn_ t=0.3s
TIGHT n=14 m=65 tag=rand g6=MRnS^|~rO~~nxbY~_ t=0.2s
TIGHT n=14 m=73 tag=rand g6=MnM}|~vfvnu}~|Zv_ t=0.2s
TIGHT n=14 m=82 tag=rand g6=M~xn~y~z~~~^v~~|_ t=0.4s
TIGHT n=14 m=65 tag=rand g6=MHzj~@rFyZt}n~~n_ t=0.2s
TIGHT n=14 m=67 tag=rand g6=M~~~{yv}{miy[vW~? t=0.3s
TIGHT n=14 m=60 tag=rand g6=Mjs|~^Is^v|XwzfI? t=0.1s
TIGHT n=14 m=71 tag=rand g6=M~Wv~|vl^}r}}t}f_ t=0.4s
TIGHT n=14 m=81 tag=rand g6=MvN~||~~^^~^^~|~_ t=0.9s
TIGHT n=14 m=60 tag=rand g6=MVNo~zizhbp}LW~^_ t=0.2s
TIGHT n=14 m=60 tag=rand g6=MS{i^uF~^P^brr~V? t=0.2s
TIGHT n=14 m=75 tag=rand g6=Mr~|z~zN~i||zV~}_ t=0.5s
TIGHT n=14 m=62 tag=rand g6=M~mltL{nvxyxnPjq_ t=0.2s
TIGHT n=14 m=70 tag=rand g6=M~szvt}n~Vtm~izr_ t=0.3s
TIGHT n=14 m=70 tag=rand g6=MV|}}|Z^nVv~}xSn_ t=0.3s
TIGHT n=14 m=83 tag=rand g6=M~~~~~vv~vd~~n~^_ t=0.5s
TIGHT n=14 m=72 tag=rand g6=M~f^^yun~|j\~Z}}? t=0.4s
TIGHT n=14 m=73 tag=rand g6=M|{i~z~h~vj^vr~z_ t=0.4s
TIGHT n=14 m=82 tag=rand g6=M|~~m~~^~e}~~~~~? t=0.3s
TIGHT n=14 m=77 tag=rand g6=M~z^f~~~fnb\v~~^_ t=0.2s
TIGHT n=14 m=64 tag=rand g6=M~uNh[~~lV~OnrTt_ t=0.2s
TIGHT n=14 m=78 tag=rand g6=Md~~d~z~z~~n^~uz_ t=0.4s
TIGHT n=14 m=66 tag=rand g6=MvE~Yz|~~qy\x^Ru_ t=0.2s
TIGHT n=14 m=60 tag=rand g6=MZh_z^~Q~Nv|guVl? t=0.1s
TIGHT n=14 m=81 tag=rand g6=M~~~~vn~gj~~~}~n_ t=0.5s
TIGHT n=14 m=82 tag=rand g6=Mnn~~~v|~~|V~^~|_ t=0.4s
TIGHT n=14 m=66 tag=rand g6=M^zblv~vR|Qm|xr^_ t=0.2s
TIGHT n=14 m=73 tag=rand g6=M\}|~~{z}x~}zvll? t=0.2s
TIGHT n=14 m=81 tag=rand g6=M|vz~vn~}^~}~zv~_ t=0.4s
TIGHT n=14 m=66 tag=rand g6=Mz}zzFn}~^v]uGjY_ t=0.2s
TIGHT n=14 m=71 tag=rand g6=M~~Ub~~~fy~}vRhn? t=0.2s
TIGHT n=14 m=76 tag=rand g6=Mv^zT~Z~|v~w^~v~_ t=0.3s
TIGHT n=14 m=81 tag=rand g6=M|~r}~~n|~^|~v~|_ t=0.3s
TIGHT n=14 m=61 tag=rand g6=MT~^^mnM~nrwYbhd? t=0.2s
TIGHT n=14 m=74 tag=rand g6=Mzz~|Ltm~~f}fzn~_ t=0.4s
TIGHT n=14 m=59 tag=rand g6=M\zpBJ^R|zN^}lcw_ t=0.1s
TIGHT n=14 m=84 tag=rand g6=Mn~nn}~~n~~~~}~|_ t=0.5s
TIGHT n=14 m=81 tag=rand g6=Mn~~~h~~~v|~^jn~_ t=0.4s
TIGHT n=14 m=75 tag=rand g6=Mnr}~}ixn~~z~h~z_ t=0.2s
TIGHT n=14 m=75 tag=rand g6=MvztvK\z~}~vv~}~_ t=0.5s
TIGHT n=14 m=79 tag=rand g6=Mz~~}~^{}~Vj~v~|_ t=0.5s
TIGHT n=14 m=83 tag=rand g6=M~^m~~~~n^~zn~z~_ t=0.6s
TIGHT n=14 m=80 tag=rand g6=M~n~z|fv~v~~~}\^_ t=0.3s
TIGHT n=14 m=60 tag=rand g6=Mhznzi`jpulVm]~l? t=0.2s
TIGHT n=14 m=77 tag=rand g6=Mz~[n~^~~nv~Lj^~_ t=0.2s
TIGHT n=14 m=77 tag=rand g6=M~~V~]~^]vzu~j~~? t=0.5s
TIGHT n=14 m=76 tag=rand g6=Mlv~~zV~vj~l}x~}_ t=0.4s
TIGHT n=14 m=69 tag=rand g6=M~Flz|N}l~Jvm|J~_ t=0.4s
TIGHT n=14 m=61 tag=rand g6=M|Umup|~\{dY{|me_ t=0.2s
TIGHT n=14 m=59 tag=rand g6=MEj^Vd{ye~h^Ui}v? t=0.1s
TIGHT n=14 m=62 tag=rand g6=MvIu~~QZURu~f|[y_ t=0.2s
TIGHT n=14 m=77 tag=rand g6=M}~~U~zz~vv~Vz|Z_ t=0.4s
TIGHT n=14 m=57 tag=rand g6=MPkb~TYzfL~zwbtj? t=0.3s
TIGHT n=14 m=71 tag=rand g6=Mnm^~rnLpl^~vun~_ t=0.4s
TIGHT n=14 m=81 tag=rand g6=M~v~v|^~~^zrn~~z_ t=0.4s
TIGHT n=14 m=79 tag=rand g6=Mz~}z~~|}r~n^~fv_ t=0.4s
TIGHT n=14 m=69 tag=rand g6=M~xtvZUp}|]^}m~z_ t=0.2s
TIGHT n=14 m=62 tag=rand g6=MmFtu~Z}vr{QJa}~_ t=0.2s
TIGHT n=14 m=71 tag=rand g6=M~\Kyl}~~~jv~Rt|_ t=0.2s
TIGHT n=14 m=66 tag=rand g6=My}eT^u~||T~a}|f_ t=0.2s
TIGHT n=14 m=69 tag=rand g6=MT^~\~f~r~]~euvo_ t=0.4s
TIGHT n=14 m=81 tag=rand g6=M|~^zn|~~n]~~|~n_ t=0.5s
TIGHT n=14 m=72 tag=rand g6=M^}{vr~J{}m~~nv]_ t=0.3s
TIGHT n=14 m=70 tag=rand g6=M~q{^\Nvm|]~z^n^? t=0.2s
TIGHT n=14 m=82 tag=rand g6=Ml}~~~v|~n~nn~~n_ t=0.5s
TIGHT n=14 m=80 tag=rand g6=Mnnz|~z~~|n~z~nj_ t=0.8s
TIGHT n=14 m=77 tag=rand g6=Mhy~vn~^~vvr~n|~_ t=0.4s
TIGHT n=14 m=63 tag=rand g6=MZnD}qZ~|^kunVjb_ t=0.2s
TIGHT n=14 m=73 tag=rand g6=Mnu|nnzn\nW~m~~~? t=0.2s
TIGHT n=14 m=76 tag=rand g6=Mf~~~n^X~r~~|u^t_ t=0.2s
TIGHT n=14 m=69 tag=rand g6=M~vrxzvWn~n}W}zN_ t=0.3s
TIGHT n=14 m=75 tag=rand g6=M}~}vl~||l|f~nrn_ t=0.2s
TIGHT n=14 m=83 tag=rand g6=M~~n|~~~~n~n^~vr_ t=0.5s
TIGHT n=14 m=78 tag=rand g6=M~z~~|f|~wz~n~yv_ t=0.4s
TIGHT n=14 m=59 tag=rand g6=Mn^mgx^|]MstX]h{_ t=0.2s
TIGHT n=14 m=69 tag=rand g6=M~~xd~Y^NnU|~nYl_ t=0.2s
TIGHT n=14 m=81 tag=rand g6=Mz~~d~||z~}~^~v~_ t=0.4s
TIGHT n=14 m=74 tag=rand g6=MZ|v{~e~V~[zn~}~_ t=0.3s
TIGHT n=14 m=58 tag=rand g6=MzvNrUkyluyCv~Dh_ t=0.2s
TIGHT n=14 m=80 tag=rand g6=M~|~~Uv~v~~e}~v~_ t=0.2s
TIGHT n=14 m=51 tag=rand g6=MnaPshJwwkd{aY~}_ t=0.2s
TIGHT n=14 m=77 tag=rand g6=M]uvq~~^~}~v~~l~? t=0.4s
TIGHT n=14 m=79 tag=rand g6=M~~~zf|f~N~}|z~~? t=0.4s
TIGHT n=14 m=81 tag=rand g6=Mn~|z~z~v~}~^tz~_ t=0.4s
TIGHT n=14 m=69 tag=rand g6=M^tzA||n}nz^nuvl_ t=0.3s
TIGHT n=14 m=72 tag=rand g6=M}b~vl~T~\|f~^Z|_ t=0.3s
TIGHT n=14 m=83 tag=rand g6=M~n]~~~^~^~zv~~n_ t=0.7s
TIGHT n=14 m=73 tag=rand g6=Mvv|ty]}}~j}n~y|_ t=0.2s
TIGHT n=14 m=65 tag=rand g6=Mz{~^^Z~TNHln]vW_ t=0.3s
TIGHT n=14 m=72 tag=rand g6=Mztnwnu}{z|~nf~n_ t=0.4s
TIGHT n=14 m=65 tag=rand g6=Mvwx|^[~@vj~~NZu? t=0.2s
TIGHT n=14 m=68 tag=rand g6=Mj~Nbzzt~q\}|mnV_ t=0.2s
TIGHT n=14 m=58 tag=rand g6=MdEIenlX^y^|Nzon_ t=0.2s
TIGHT n=14 m=59 tag=rand g6=My}}YVZ~BmR^B~Up? t=0.3s
TIGHT n=14 m=65 tag=rand g6=M~xTR}~|r~||kW|P_ t=0.3s
TIGHT n=14 m=81 tag=rand g6=M~zv}}~^V~~z~||~_ t=0.7s
TIGHT n=14 m=66 tag=rand g6=Mv~~}ZEyn^ozc|]|_ t=0.4s
TIGHT n=14 m=80 tag=rand g6=M~~uv~~~r~~^jN~~? t=1.5s
TIGHT n=14 m=67 tag=rand g6=Mtzn^}zNM~vtzdu\? t=0.4s
TIGHT n=14 m=77 tag=rand g6=Mnn[t~n~~^|~v~uz_ t=0.8s
TIGHT n=14 m=73 tag=rand g6=M~y~~nxzjnrznlyz_ t=0.5s
TIGHT n=14 m=75 tag=rand g6=M~Mz}j|~z|~{~}jn_ t=0.8s
TIGHT n=14 m=63 tag=rand g6=Mj\NtTfUy~|v~Ms\_ t=0.2s
TIGHT n=14 m=74 tag=rand g6=Mz}{|z[~}z||z~|{_ t=0.4s
TIGHT n=14 m=67 tag=rand g6=M\^VZ^E~}z~lkux|_ t=0.2s
TIGHT n=14 m=66 tag=rand g6=Mv~w]f~c~ZT~cz~q_ t=0.2s
TIGHT n=14 m=68 tag=rand g6=MK~v|fnzV}l~emln_ t=0.4s
TIGHT n=14 m=73 tag=rand g6=M\~}}|nZ}nz\f~~t? t=0.2s
TIGHT n=14 m=83 tag=rand g6=M~~v}~n}z~~^n~~^_ t=0.6s
TIGHT n=14 m=73 tag=rand g6=Mnnv~z~lR|\~f^Vn_ t=0.4s
TIGHT n=14 m=77 tag=rand g6=M~zr~zzy~~~}~^`z_ t=1.0s
TIGHT n=14 m=65 tag=rand g6=M~z~b\z~ieMmyzK}_ t=0.4s
TIGHT n=14 m=59 tag=rand g6=MjNfrNlml[ndkhn}? t=0.4s
TIGHT n=14 m=70 tag=rand g6=M^r~v~UJn~~|jNV\? t=0.4s
TIGHT n=14 m=59 tag=rand g6=MIn^J^z}ih]|RkLz? t=0.3s
TIGHT n=14 m=67 tag=rand g6=Mnt|}t}vVv]mP^^Z_ t=0.4s
TIGHT n=14 m=66 tag=rand g6=Mnz}v|v|LKzrJtl|_ t=0.3s
TIGHT n=14 m=76 tag=rand g6=M~~^~nv~vYx~Z}d~_ t=0.5s
TIGHT n=14 m=72 tag=rand g6=M~NLyvu~x|~lv~~U_ t=0.4s
TIGHT n=14 m=82 tag=rand g6=Mv~~B~~~vn~~~}|~_ t=0.4s
TIGHT n=14 m=75 tag=rand g6=M~zql~^^|^~}Z~f~? t=0.5s
TIGHT n=14 m=65 tag=rand g6=MV^Nmvz|ySzj~ljN? t=0.2s
TIGHT n=14 m=58 tag=rand g6=MtxbnxJp]IoV~~|i? t=0.2s
TIGHT n=14 m=61 tag=rand g6=Mf~~UF~rzztx{G@Z_ t=0.3s
TIGHT n=14 m=84 tag=rand g6=M^~~~~vz~|z~~^}~_ t=0.4s
TIGHT n=14 m=80 tag=rand g6=Mv^~^~~v~vzv~s~|_ t=0.9s
TIGHT n=14 m=70 tag=rand g6=Mn~ZFzyZl|vun~rv_ t=0.5s
TIGHT n=14 m=83 tag=rand g6=M}|~~~|~vn~vn~~v_ t=0.2s
TIGHT n=14 m=69 tag=rand g6=M~}~\~~ic~nb{Uj|_ t=0.3s
TIGHT n=14 m=68 tag=rand g6=MJs\z~\s~r~q~v|f_ t=0.4s
TIGHT n=14 m=65 tag=rand g6=M~E^lnivZlUnMl}~_ t=0.4s
TIGHT n=14 m=78 tag=rand g6=M~^Vnv|~~zt~|y|~_ t=0.8s
TIGHT n=14 m=56 tag=rand g6=MzctigL~}douvmUZ_ t=0.4s
TIGHT n=14 m=77 tag=rand g6=M{v|{^}}~x~}~^^~_ t=0.4s
TIGHT n=14 m=70 tag=rand g6=Mi}f~X~rFz}zl}n~_ t=0.3s
TIGHT n=14 m=63 tag=rand g6=MNN{z}i|vNlx|^fc? t=0.2s
TIGHT n=14 m=78 tag=rand g6=Mzz~^}}y}v\~}~~v_ t=0.4s
TIGHT n=14 m=69 tag=rand g6=MVtUt~z~~|Yv}^Y|? t=0.4s
TIGHT n=14 m=61 tag=rand g6=MbzFiZ^~v\}RL~MK_ t=0.3s
TIGHT n=14 m=55 tag=rand g6=Mp~axsNzftByyyrS? t=0.3s
TIGHT n=14 m=73 tag=rand g6=Mt}~}j{njrzZn~~z_ t=0.3s
TIGHT n=14 m=69 tag=rand g6=Mt~|^vYnb~}Jf^z]_ t=0.3s
TIGHT n=14 m=69 tag=rand g6=M~^h~vxp^llnnxnf_ t=0.3s
TIGHT n=14 m=67 tag=rand g6=Md~jx^dz}~X~yXu}_ t=0.4s
TIGHT n=14 m=80 tag=rand g6=M^~~^z}|~~z}}m~^_ t=0.9s
TIGHT n=14 m=64 tag=rand g6=Mxf}fsusU~n\rn}Z_ t=0.4s
TIGHT n=14 m=69 tag=rand g6=Mfrn~nK|v|]{}zu~? t=0.3s
TIGHT n=14 m=84 tag=rand g6=M~z~}}~}z~~~~^~}_ t=1.0s
TIGHT n=14 m=71 tag=rand g6=MLNv~fn~vY]^~}~h_ t=0.2s
TIGHT n=14 m=75 tag=rand g6=Mn~|v~vr~}~vVp^\_ t=0.9s
TIGHT n=14 m=78 tag=rand g6=M~y^z~{~F~~~~|}]_ t=0.6s
TIGHT n=14 m=79 tag=rand g6=M|}^~vt~v~~}~vNv_ t=0.7s
TIGHT n=14 m=63 tag=rand g6=MXnUW||ltYn~ytn^? t=0.4s
TIGHT n=14 m=75 tag=rand g6=M~~j~n\zt~Tzn\~v_ t=0.8s
TIGHT n=14 m=72 tag=rand g6=Mz~rn~N|}vF|}fr^_ t=0.5s
TIGHT n=14 m=61 tag=rand g6=MlTVy~[a^~@Z~n~A_ t=0.2s
TIGHT n=14 m=80 tag=rand g6=Mr|~^~v~zl|~|~~z_ t=0.5s
TIGHT n=14 m=60 tag=rand g6=M}rq^uZ|fnsLoMnr_ t=0.4s
TIGHT n=14 m=67 tag=rand g6=MMHng~~}vp~^nNlz_ t=0.4s
TIGHT n=14 m=82 tag=rand g6=Mz]~~~~^}|~n~|~v_ t=0.6s
TIGHT n=14 m=70 tag=rand g6=Mrv^yt~m~zU}|]v]_ t=0.4s
TIGHT n=14 m=66 tag=rand g6=MptKvy}Z~uz|~}jL_ t=0.4s
TIGHT n=14 m=72 tag=rand g6=Mvzl{^}zNU~J^~v~_ t=0.3s
TIGHT n=14 m=70 tag=rand g6=M^yZn^zl~Lv|nm\^_ t=0.5s
TIGHT n=14 m=58 tag=rand g6=MtX~V~XmZ}QUivyW? t=0.1s
TIGHT n=14 m=64 tag=rand g6=M\z}~aV~rfgi|\{^_ t=0.2s
TIGHT n=14 m=61 tag=rand g6=MqNxy|mh[r^^]vRV_ t=0.4s
TIGHT n=14 m=67 tag=rand g6=Mns|i~vXnfF~j}j^_ t=0.4s
TIGHT n=14 m=71 tag=rand g6=Mzv^~T^[^]us~^~^_ t=0.4s
TIGHT n=14 m=67 tag=rand g6=MB}l|YX~l}~|vjt|_ t=0.6s
TIGHT n=14 m=64 tag=rand g6=M^lu^zNRz^Kyizz|? t=0.5s
TIGHT n=14 m=73 tag=rand g6=MLnn~nNtzZzxz~v~_ t=0.6s
TIGHT n=14 m=69 tag=rand g6=MvE~~PQ~z|f|n~\|_ t=0.4s
TIGHT n=14 m=61 tag=rand g6=M_q{\xitvR~n}Zuz_ t=0.2s
TIGHT n=14 m=75 tag=rand g6=Mv}~|z~~xzvNwf~z_ t=0.2s
TIGHT n=14 m=76 tag=rand g6=M||]~n~~~uZ{^~^x_ t=0.9s
TIGHT n=14 m=66 tag=rand g6=M~zzoy~\zZJzrnlT_ t=0.2s
TIGHT n=14 m=69 tag=rand g6=MzLn^f~rrV~^z}Zm? t=0.5s
TIGHT n=14 m=66 tag=rand g6=MVLd}]Rt~z~~yqvN_ t=0.4s
TIGHT n=14 m=66 tag=rand g6=M~Vy~uFepm^j}}t~? t=0.5s
TIGHT n=14 m=68 tag=rand g6=M|yzf\lxXv|}z|v}? t=0.2s
TIGHT n=14 m=67 tag=rand g6=M{xay~zzjfV~^lnN_ t=0.3s
TIGHT n=14 m=73 tag=rand g6=MV^~tk^J~~~u\}v~_ t=0.3s
TIGHT n=14 m=64 tag=rand g6=MJnn[rbfMN~|l^t^_ t=0.2s
TIGHT n=14 m=71 tag=rand g6=Mx~E~Vv|v~Zvwu|~_ t=0.4s
TIGHT n=14 m=62 tag=rand g6=M~{U}Zy~}jFMel\T_ t=0.3s
TIGHT n=14 m=74 tag=rand g6=MzyzZ~x^~}J~~z}{_ t=0.4s
TIGHT n=14 m=67 tag=rand g6=M]|j~yvv}WrYv|~f? t=0.4s
TIGHT n=14 m=69 tag=rand g6=My}e|~un~m~M{Nt~? t=0.3s
TIGHT n=14 m=74 tag=rand g6=Mx~^|~}v~vv^}No}_ t=0.4s
TIGHT n=14 m=76 tag=rand g6=M^r~n~U{~~^~n}f~? t=0.2s
TIGHT n=14 m=75 tag=rand g6=MfE}vz~~~~H^~}~v_ t=0.3s
TIGHT n=14 m=73 tag=rand g6=M~Z|Zm|n^}lv}~vZ_ t=0.5s
TIGHT n=14 m=59 tag=rand g6=Mn^pufRvyvtJwUJ}? t=0.2s
TIGHT n=14 m=83 tag=rand g6=M~~~^~R~l~~~~}^~_ t=1.0s
TIGHT n=14 m=66 tag=rand g6=M~vtyfvdzfmUyvnt_ t=0.7s
TIGHT n=14 m=72 tag=rand g6=Mvq~`~uuZ~}~z~Zv_ t=0.4s
TIGHT n=14 m=81 tag=rand g6=Mn~~N~}n}v~nv~~|_ t=0.6s
TIGHT n=14 m=66 tag=rand g6=Myt]nno}}zfz~Nw|? t=0.4s
TIGHT n=14 m=79 tag=rand g6=M|^tN~~~~^zt~vn~_ t=0.3s
TIGHT n=14 m=70 tag=rand g6=M[}m^{zzzjjzNn~v_ t=0.4s
TIGHT n=14 m=77 tag=rand g6=M|n|~y~v~~ny}^nv? t=0.4s
TIGHT n=14 m=81 tag=rand g6=Mv~~n~~i~~vy~n^~_ t=1.0s
TIGHT n=14 m=82 tag=rand g6=M|~~v~V^~|~z|~|~_ t=0.2s
TIGHT n=14 m=73 tag=rand g6=Mm~~\}v\vEfzv~~|_ t=0.7s
TIGHT n=14 m=74 tag=rand g6=M|U~f~zv|nz~tnv\_ t=0.7s
TIGHT n=14 m=82 tag=rand g6=M~N~~v~~v~w~~|~^_ t=0.8s
TIGHT n=14 m=65 tag=rand g6=M~}byVy}]~aZ|^jy? t=0.4s
TIGHT n=14 m=79 tag=rand g6=Mn~n}v~}~j~znlv~_ t=0.3s
TIGHT n=14 m=81 tag=rand g6=Mzv~}n^||~~n~n}~_ t=0.2s
TIGHT n=14 m=79 tag=rand g6=Mr}z|^~~v~|u|~^~_ t=0.4s
TIGHT n=14 m=77 tag=rand g6=M~~Mx~x|z~~nvf^~_ t=1.0s
TIGHT n=14 m=78 tag=rand g6=M~|dv~}^~vjnz~z~_ t=0.4s
TIGHT n=14 m=60 tag=rand g6=MdZzmL{e^~dLrkk~_ t=0.2s
TIGHT n=14 m=76 tag=rand g6=Mz]|uw~|~v~~~e|~_ t=0.7s
TIGHT n=14 m=64 tag=rand g6=M^J|uSs~dx|J~n|y_ t=0.6s
TIGHT n=14 m=76 tag=rand g6=Msy|nn{^~|~zv~n~_ t=0.6s
TIGHT n=14 m=79 tag=rand g6=Myz^~~~~~zp~~vzj_ t=0.5s
TIGHT n=14 m=77 tag=rand g6=M~}zYzv\~|~~~z|m_ t=1.1s
TIGHT n=14 m=69 tag=rand g6=MErzljv^~~F~az~}_ t=0.4s
TIGHT n=14 m=70 tag=rand g6=MnrjVf|tN~}xnt^~_ t=0.5s
TIGHT n=14 m=70 tag=rand g6=Mzum~Z]~f~nZ~`^^? t=0.3s
TIGHT n=14 m=62 tag=rand g6=MzxvfMnU~~QJrfnq? t=0.2s
TIGHT n=14 m=81 tag=rand g6=Mv~~v~^xm~~z^~~v_ t=0.3s
TIGHT n=14 m=76 tag=rand g6=Mn|y~Nvnz~nvt^~}_ t=0.6s
TIGHT n=14 m=72 tag=rand g6=M~\}~n|~j^]J~qmn_ t=0.3s
TIGHT n=14 m=72 tag=rand g6=M^^n^N|nytu|}x~^_ t=0.4s
TIGHT n=14 m=70 tag=rand g6=M~|mn~d|f~^\Jf^m_ t=0.4s
TIGHT n=14 m=71 tag=rand g6=Mo]^~~^j^vpz~v^m_ t=0.7s
TIGHT n=14 m=80 tag=rand g6=M~z}j~^n^~]~v~}~_ t=0.9s
TIGHT n=14 m=53 tag=rand g6=Ms`yZbR~kE~e@nYv? t=0.3s
TIGHT n=14 m=63 tag=rand g6=M^^}\X|fjE~}pfZT_ t=0.4s
TIGHT n=14 m=82 tag=rand g6=Mz~~~~|v|~~vv~s~_ t=0.4s
TIGHT n=14 m=57 tag=rand g6=MxNTFB~fmMZn@Zy}_ t=0.3s
TIGHT n=14 m=84 tag=rand g6=Mz}~~~}~~nz~~z~^_ t=0.2s
TIGHT n=14 m=63 tag=rand g6=Ml[tM{}Zh\{}Tn~~? t=0.2s
TIGHT n=14 m=81 tag=rand g6=M}~~z}V~~v^}~^v~_ t=0.5s
TIGHT n=14 m=76 tag=rand g6=Mnz||f~~rnn}~vnu_ t=0.6s
TIGHT n=14 m=77 tag=rand g6=Mz^}x~~Nj~v~~|}t_ t=0.4s
TIGHT n=14 m=83 tag=rand g6=M~~j~~}~u~v~|~~v_ t=0.4s
TIGHT n=14 m=80 tag=rand g6=Mn~~nv~y|~|~}~zr_ t=0.2s
TIGHT n=14 m=60 tag=rand g6=Mc}h{dXzzTpzn~R{_ t=0.5s
TIGHT n=14 m=66 tag=rand g6=MfVxx~Rv}w\zu}]z_ t=0.2s
TIGHT n=14 m=68 tag=rand g6=MUq~v}Yv}x~zn^pn? t=0.4s
TIGHT n=14 m=81 tag=rand g6=M^~vu~zz~zz~v~~^_ t=0.4s
TIGHT n=14 m=74 tag=rand g6=Mp~^^}fr}z~}~^vj_ t=0.3s
TIGHT n=14 m=82 tag=rand g6=M~v~~~}z~~v^^]~|_ t=0.5s
TIGHT n=14 m=58 tag=rand g6=M|rru}[}m^sUpD}W_ t=0.2s
TIGHT n=14 m=64 tag=rand g6=MjZ~mngxi^~|Na~]? t=0.2s
TIGHT n=14 m=70 tag=rand g6=M|wV^~}^n~~^NM|W_ t=0.4s
TIGHT n=14 m=79 tag=rand g6=MnZnn~~~j^~~nu~|_ t=0.3s
TIGHT n=14 m=76 tag=rand g6=M~~nnzv}r~vNtr~~? t=0.9s
TIGHT n=14 m=58 tag=rand g6=Mi|mBr~ymPNhfvys_ t=0.2s
TIGHT n=14 m=81 tag=rand g6=M~n~v~}uzv^~z~~}_ t=1.6s
TIGHT n=14 m=66 tag=rand g6=Mfff[~tmphz|Z}~z_ t=0.5s
TIGHT n=14 m=60 tag=rand g6=MszVNqu|\p~}]BjV? t=0.2s
TIGHT n=14 m=62 tag=rand g6=MD~UxS~]l\jjn~]M_ t=0.5s
TIGHT n=14 m=78 tag=rand g6=M~y~zv~|fv}~|~t^_ t=0.4s
TIGHT n=14 m=74 tag=rand g6=MR~~}~Sz|v~~Zs~n_ t=0.5s
TIGHT n=14 m=55 tag=rand g6=MsMwuQ]~~AoLtt^|? t=0.4s
TIGHT n=14 m=78 tag=rand g6=M~^^^~|~~~]nny|j_ t=0.5s
TIGHT n=14 m=57 tag=rand g6=MVFz~]HmXTR@Ut~^_ t=0.2s
TIGHT n=14 m=63 tag=rand g6=MrU~L\}m|~ptjr}J? t=0.2s
TIGHT n=14 m=73 tag=rand g6=M|xzz}vz~qq~}Z~z_ t=0.2s
TIGHT n=14 m=61 tag=rand g6=MY]hUZl||h{rF{|~_ t=0.4s
TIGHT n=14 m=74 tag=rand g6=M|y|y~|n~|Ti~v~z_ t=0.5s
TIGHT n=14 m=71 tag=rand g6=Mv|V}~|Zh^||~YnN_ t=0.2s
TIGHT n=14 m=76 tag=rand g6=M}|~^|~^f^nrn~\n_ t=0.8s
TIGHT n=14 m=67 tag=rand g6=M|ZU}b~skj]~}~jv_ t=0.2s
TIGHT n=14 m=68 tag=rand g6=Mf^VNrzznFV~\vnt_ t=0.3s
TIGHT n=14 m=58 tag=rand g6=M|]tnzOmffZxCz[^? t=0.2s
TIGHT n=14 m=68 tag=rand g6=M}z~j~x~]mXTy~jl? t=0.2s
TIGHT n=14 m=84 tag=rand g6=M^z^~~}~^~~~~|~}_ t=0.5s
TIGHT n=14 m=71 tag=rand g6=Mzzzel~|~u|u{^nV_ t=0.4s
TIGHT n=14 m=58 tag=rand g6=MXumqqx~{|viuaml? t=0.1s
TIGHT n=14 m=82 tag=rand g6=M~u~~~}^~^^}~^~z_ t=0.6s
TIGHT n=14 m=68 tag=rand g6=M~~kV}Uml~fhrj~~? t=0.5s
TIGHT n=14 m=71 tag=rand g6=M^zNqzlL\j~zv~~z_ t=0.4s
TIGHT n=14 m=73 tag=rand g6=MZ|aZ]~~~^~l~Mn~_ t=0.3s
TIGHT n=14 m=67 tag=rand g6=M~]N~^UVifr~n[y~? t=0.2s
TIGHT n=14 m=77 tag=rand g6=M^~v~}f|z~nf~zfz_ t=0.4s
TIGHT n=14 m=84 tag=rand g6=M~~~r~~|~^v~v~~v_ t=0.5s
TIGHT n=14 m=66 tag=rand g6=Mx^}~]nvn~oxxeYt_ t=0.2s
TIGHT n=14 m=60 tag=rand g6=MtjhzZ~vQ~}gJY^U? t=0.6s
TIGHT n=14 m=76 tag=rand g6=M~vM~~~|y}z~l^}N_ t=0.4s
TIGHT n=14 m=62 tag=rand g6=MnL~^~~n`qb^FI\b_ t=0.4s
TIGHT n=14 m=63 tag=rand g6=M~}Q~}~NB^N@rnY]_ t=0.5s
TIGHT n=14 m=74 tag=rand g6=M~~^y^r}~]\ffz~n_ t=0.3s
TIGHT n=14 m=65 tag=rand g6=M}njN~z]\^l^nb{P? t=0.6s
TIGHT n=14 m=67 tag=rand g6=M^tr^xM~}mDynf}~_ t=0.4s
TIGHT n=14 m=64 tag=rand g6=MvJjnXex\zu~nq~x? t=0.2s
TIGHT n=14 m=74 tag=rand g6=M~V~fpz~jm~~z}l~? t=0.3s
TIGHT n=14 m=73 tag=rand g6=M}~zvyfv|~f}vlZn_ t=0.4s
TIGHT n=14 m=72 tag=rand g6=M}z~N~ZzvNJ~jnz]_ t=0.3s
TIGHT n=14 m=57 tag=rand g6=Mjku}bYnFfvxmctu? t=0.3s
TIGHT n=14 m=66 tag=rand g6=Mzjff~s|}v~xKqN|_ t=0.2s
TIGHT n=14 m=74 tag=rand g6=MN^zLn~zz^vv~s}~_ t=1.0s
TIGHT n=14 m=78 tag=rand g6=Mz}n^~}\}}^^^~~v_ t=0.3s
TIGHT n=14 m=67 tag=rand g6=Mj~h~^vzz]{bV^pN_ t=0.2s
TIGHT n=14 m=80 tag=rand g6=Mn~~z~rv}~|jn~^~_ t=0.5s
TIGHT n=14 m=58 tag=rand g6=Mfu^yf_sTvZi[z~{? t=0.4s
TIGHT n=14 m=59 tag=rand g6=MamFuwvhs}in~nJy_ t=0.3s
TIGHT n=14 m=74 tag=rand g6=My~|n~^^q~V~n~yF_ t=0.7s
TIGHT n=14 m=81 tag=rand g6=Mnv|~z|~~vz~zz~~? t=0.5s
TIGHT n=14 m=76 tag=rand g6=M}|~~n~zzyv^q~V}_ t=0.3s
TIGHT n=14 m=55 tag=rand g6=Mzl~xFRYHeZWlfev? t=0.3s
TIGHT n=14 m=70 tag=rand g6=Msv~NzyzmVz~Nz{v_ t=0.2s
TIGHT n=14 m=80 tag=rand g6=M~z~}z~M~s~~~}}~_ t=0.9s
TIGHT n=14 m=77 tag=rand g6=M~|n~~|zUjtz~n}~_ t=0.8s
TIGHT n=14 m=70 tag=rand g6=Mc{qv||Qvz~v|~|~_ t=0.5s
TIGHT n=14 m=63 tag=rand g6=Mr^FY~DemVZ~ztj^_ t=0.2s
TIGHT n=14 m=67 tag=rand g6=Mzrze~z|j|XZnq|z? t=0.3s
TIGHT n=14 m=71 tag=rand g6=M}nY~~k^f~|l^~~@_ t=0.5s
TIGHT n=14 m=80 tag=rand g6=M|~~}~p~}~n~~|vx_ t=0.5s
TIGHT n=14 m=56 tag=rand g6=M{J|\JE^xzzlStPx? t=0.3s
TIGHT n=14 m=67 tag=rand g6=MZmv~|^niE~|P^l|_ t=0.5s
TIGHT n=14 m=78 tag=rand g6=M}~~Vn~|t^~|^\|~_ t=0.4s
TIGHT n=14 m=79 tag=rand g6=M~}^~|~}~Z}z~k~v_ t=0.7s
TIGHT n=14 m=68 tag=rand g6=M|x}T\{n^vT~j}Z|_ t=0.3s
TIGHT n=14 m=75 tag=rand g6=M|vvn~r}u~n~~^tJ_ t=0.6s
TIGHT n=14 m=62 tag=rand g6=MHvfV~N~uJ[rey{v_ t=0.2s
TIGHT n=14 m=77 tag=rand g6=M~|n~n^~vyv~nlmn_ t=0.4s
TIGHT n=14 m=63 tag=rand g6=MyzavrN~rVryx[vf_ t=0.3s
TIGHT n=14 m=74 tag=rand g6=M||zi^v^~ynz|~z{_ t=0.3s
TIGHT n=14 m=69 tag=rand g6=M^nvr~jQn~^U|tjz_ t=0.5s
TIGHT n=14 m=75 tag=rand g6=MfV~z~tn|^}^~}|t_ t=0.5s
TIGHT n=14 m=67 tag=rand g6=Mh~~}CV~nvn{MZ|t_ t=0.2s
TIGHT n=14 m=76 tag=rand g6=M~Bxr~zl~~^}}~~|_ t=0.5s
TIGHT n=14 m=60 tag=rand g6=Msm|N~Pj^v\lFev[? t=0.2s
TIGHT n=14 m=73 tag=rand g6=MtuZVnv^z~~~r^v]_ t=0.7s
TIGHT n=14 m=69 tag=rand g6=MV}^U|nh^}fZ}~~q_ t=0.5s
TIGHT n=14 m=69 tag=rand g6=M~zenUnzn^tg^{n~_ t=0.5s
TIGHT n=14 m=66 tag=rand g6=Mv|N~b|{[jx~zVfs_ t=0.2s
TIGHT n=14 m=72 tag=rand g6=Mf}n~VJ}m~~zdr~^_ t=0.9s
SUMMARY n=14 mode=random {'OK': 18543, 'TIGHT': 1457, 'CE': 0} time=6423s
