TIGHT n=17 m=125 tag=rand g6=P^n‾¥‾‾‾‾x‾‾‾‾z‾}‾v‾‾N‾{ t=2.6s
TIGHT n=17 m=122 tag=rand g6=Pzj‾‾^‾j‾‾‾‾‾‾‾tn|‾{N‾‾{ t=2.1s
TIGHT n=17 m=106 tag=rand g6=PfjU‾}t‾ynzn‾]nm‾]fTz|v{ t=1.6s
TIGHT n=17 m=103 tag=rand g6=P|}}vn^fLf|j||nZ|nVvz`z[ t=0.3s
TIGHT n=17 m=117 tag=rand g6=P‾‾|v^^zny‾‾‾|‾|Z|‾znmx{ t=0.8s
TIGHT n=17 m=120 tag=rand g6=P^‾‾^‾‾‾|‾‾^Q‾‾^‾‾V‾vv{w t=1.8s
TIGHT n=17 m=119 tag=rand g6=P‾‾}‾‾‾z‾‾y‾p}TZ}‾v‾‾^}{ t=9.1s
TIGHT n=17 m=115 tag=rand g6=PN‾^‾‾‾|vf‾N‾^vVVZ}z‾‾vs t=1.6s
TIGHT n=17 m=114 tag=rand g6=P‾U‾‾‾nv|j|^‾|‾q}nb‾|‾}k t=1.9s
TIGHT n=17 m=110 tag=rand g6=Pz|V}tznm‾N^}‾{‾T‾U‾^‾m{ t=0.7s
TIGHT n=17 m=113 tag=rand g6=P‾zz‾‾whz‾|^znn{^z‾‾z‾yo t=0.3s
TIGHT n=17 m=117 tag=rand g6=P¥Vn‾^‾jN^‾‾‾‾‾‾|‾mrnn‾[ t=0.9s
TIGHT n=17 m=130 tag=rand g6=P‾‾‾}z‾‾‾z‾}‾‾‾‾‾‾}‾v‾‾{ t=2.2s
TIGHT n=17 m=117 tag=rand g6=P}}‾‾|Zjv‾‾^‾}]n‾‾‾¥¥z‾[ t=0.8s
TIGHT n=17 m=105 tag=rand g6=PQZ{^‾stnv‾v}y‾‾jj|xjv‾w t=0.7s
TIGHT n=17 m=120 tag=rand g6=Pn‾yz‾|jvj‾‾Xz‾‾vv‾‾‾‾‾{ t=0.3s
TIGHT n=17 m=122 tag=rand g6=P^‾‾|n‾z‾‾‾n‾^‾‾|‾^lZ^n{ t=1.6s
TIGHT n=17 m=125 tag=rand g6=P‾z|‾z‾‾‾t}n‾‾‾‾‾N|^‾‾‾{ t=0.7s
TIGHT n=17 m=120 tag=rand g6=P‾‾nnvm‾|}vn^‾‾‾n‾jn‾^v{ t=2.1s
TIGHT n=17 m=122 tag=rand g6=P‾‾|‾y^‾^‾‾‾‾Z‾‾jvv‾|^‾w t=2.1s
TIGHT n=17 m=126 tag=rand g6=P}‾‾}‾‾‾‾‾‾vz^‾‾‾|‾z}‾y{ t=1.9s
TIGHT n=17 m=119 tag=rand g6=P‾Z‾‾z‾n]^‾‾|‾v‾Z‾z|‾d‾s t=1.9s
TIGHT n=17 m=102 tag=rand g6=P}‾}‾tzufyfznj]uB|n¥|n‾O t=1.9s
TIGHT n=17 m=107 tag=rand g6=P‾}|‾l|vn‾@x‾||F‾‾‾m‾gF[ t=1.9s
TIGHT n=17 m=116 tag=rand g6=P]‾}n‾z‾‾{‾‾jn^‾|‾‾vvx}C t=2.5s
TIGHT n=17 m=121 tag=rand g6=Pn|‾zv‾nz‾Y‾‾‾‾^un‾‾‾‾‾c t=2.1s
TIGHT n=17 m=109 tag=rand g6=P‾V^z}z}|xy‾|vvT]‾nf{‾zs t=0.3s
TIGHT n=17 m=117 tag=rand g6=PVr‾^z‾zY‾z}‾|‾f|z‾zz‾‾{ t=2.4s
TIGHT n=17 m=113 tag=rand g6=P‾¥t|v|‾x}t‾p‾‾‾M‾vv}v|{ t=1.6s
TIGHT n=17 m=116 tag=rand g6=Ppu^‾w‾‾zz‾‾‾}V‾‾v^nv‾}[ t=1.0s
TIGHT n=17 m=122 tag=rand g6=P^¥‾z‾|‾‾‾‾Nl‾‾‾‾z‾|^‾zs t=4.6s
TIGHT n=17 m=113 tag=rand g6=Pvx{‾‾}‾|vnn‾‾lV‾m|x‾j|w t=0.8s
TIGHT n=17 m=123 tag=rand g6=P‾‾^‾‾‾v‾fV}|‾n‾|‾n^|‾‾{ t=1.7s
TIGHT n=17 m=117 tag=rand g6=P‾V^vz}^zR{‾‾‾‾V}|zv‾‾‾{ t=1.6s
TIGHT n=17 m=105 tag=rand g6=P{‾[n}ZzvQ‾^‾zL^V‾x}^‾]c t=0.9s
TIGHT n=17 m=125 tag=rand g6=Pv}‾‾‾‾v^v}z|^‾‾‾y‾‾‾‾‾{ t=0.8s
TIGHT n=17 m=93 tag=rand g6=Pm‾VYJ¥‾zx|||lzt}EmzEYsc t=0.2s
TIGHT n=17 m=105 tag=rand g6=P‾‾‾nk^zj]|i‾‾KuzNzJf‾|s t=0.3s
TIGHT n=17 m=113 tag=rand g6=Pj‾ifnn‾|^‾^n‾‾‾n^z{}^}S t=1.8s
TIGHT n=17 m=127 tag=rand g6=P‾z‾‾‾‾|‾‾||‾}n‾^‾‾‾‾n}{ t=2.4s
TIGHT n=17 m=115 tag=rand g6=P‾‾‾v}‾Vwn}‾^y]‾^}vzn‾r{ t=1.4s
TIGHT n=17 m=118 tag=rand g6=P}‾‾‾^‾‾}‾uq^z^|}}|}‾‾y{ t=0.3s
TIGHT n=17 m=122 tag=rand g6=P‾‾}v^‾vn}|‾‾|‾‾‾^^}|‾‾K t=2.3s
TIGHT n=17 m=98 tag=rand g6=PJz{‾h{z^LNuN‾zNg}‾‾]Fuk t=0.6s
TIGHT n=17 m=121 tag=rand g6=P¥‾‾‾^‾‾‾}n}‾‾¥u‾v‾‾‾¥}s t=1.5s
TIGHT n=17 m=122 tag=rand g6=Pz‾‾}‾vz‾‾‾^}‾^}‾zn‾‾tj{ t=1.8s
TIGHT n=17 m=114 tag=rand g6=PV{‾‾‾zfzv|‾‾n‾{‾}‾lyXv{ t=0.3s
TIGHT n=17 m=118 tag=rand g6=P‾nZ‾}nvr‾}n‾{‾m‾‾‾]‾}n{ t=1.7s
TIGHT n=17 m=120 tag=rand g6=P^|‾‾z‾z‾‾‾‾vnqvv^‾}^}^{ t=1.8s
TIGHT n=17 m=129 tag=rand g6=P‾‾zn‾‾‾‾‾‾‾v‾‾‾}‾n‾‾V‾{ t=2.4s
TIGHT n=17 m=117 tag=rand g6=P‾}‾|^‾N‾v‾t‾wj‾n^Nt‾‾‾{ t=1.7s
TIGHT n=17 m=116 tag=rand g6=P¥z‾zvz‾n^‾‾J^‾jni‾‾‾l‾{ t=0.3s
TIGHT n=17 m=112 tag=rand g6=Pn‾‾^n‾z‾zzzjxfvx‾f}z¥f{ t=0.5s
TIGHT n=17 m=119 tag=rand g6=Pvz‾y‾‾‾^}u‾‾^‾t‾nj‾^z^{ t=0.3s
TIGHT n=17 m=109 tag=rand g6=Pvvz{|Nrf^z}yj|Z^‾‾vv‾}[ t=0.5s
TIGHT n=17 m=117 tag=rand g6=P‾‾|n|v}‾‾‾}^‾v‾x¥|‾lz}W t=0.5s
TIGHT n=17 m=109 tag=rand g6=Pz}v{‾v}{‾r|¥‾{nv^‾||au{ t=0.7s
TIGHT n=17 m=114 tag=rand g6=PFn‾[^y‾{nvn‾‾‾|‾¥v‾^‾‾o t=0.5s
TIGHT n=17 m=114 tag=rand g6=P‾Vn}‾‾{]nZ‾^n|}}y‾Y}‾‾{ t=0.7s
TIGHT n=17 m=105 tag=rand g6=Pnx}n[zzv‾{xn^yz‾v‾S‾¥Nc t=0.5s
TIGHT n=17 m=125 tag=rand g6=P‾}^‾‾‾‾‾N‾‾^‾v‾^‾‾‾‾H‾{ t=0.9s
TIGHT n=17 m=112 tag=rand g6=P^‾X}|z‾{nz‾f‾nlz‾pn}‾}s t=1.8s
TIGHT n=17 m=112 tag=rand g6=P‾‾tjt{}¥ynV‾s‾v‾‾zzx‾‾{ t=1.7s
TIGHT n=17 m=127 tag=rand g6=Py‾‾‾z‾^‾‾‾v‾‾‾Z‾‾‾‾‾v}{ t=2.0s
TIGHT n=17 m=117 tag=rand g6=P|‾V‾b‾zi‾n‾‾^n‾^^‾z}‾]{ t=0.7s
TIGHT n=17 m=126 tag=rand g6=P‾|}‾r‾‾}‾‾‾‾^‾¥n‾n‾‾‾‾{ t=4.4s
TIGHT n=17 m=113 tag=rand g6=P‾‾Nr‾v‾‾‾n|}‾}z|‾Uuv|NC t=1.6s
TIGHT n=17 m=116 tag=rand g6=Pvdv|^‾mz‾‾}‾‾r‾}^]‾v‾}s t=0.3s
TIGHT n=17 m=108 tag=rand g6=Pjt^f^‾vyzm^‾ZvNvnz‾dl‾{ t=0.3s
TIGHT n=17 m=128 tag=rand g6=P}‾‾|‾‾v‾‾‾‾‾‾n‾‾vv‾‾zz{ t=2.3s
TIGHT n=17 m=108 tag=rand g6=P‾{vv{t||¥zvul}‾^‾{N‾vj[ t=1.3s
TIGHT n=17 m=123 tag=rand g6=P‾‾n‾‾unn‾‾‾‾‾l‾x^u‾|‾‾{ t=0.3s
TIGHT n=17 m=106 tag=rand g6=P^x‾s^‾Y‾znvr‾‾{j‾I‾J{|w t=0.5s
TIGHT n=17 m=129 tag=rand g6=Pv‾‾‾‾‾‾|n‾‾V‾‾‾‾‾‾‾‾¥‾{ t=5.0s
TIGHT n=17 m=118 tag=rand g6=P}‾z^‾‾z‾¥|}^nv‾V|‾^nn‾[ t=1.8s
TIGHT n=17 m=117 tag=rand g6=Pzzzv‾‾‾‾‾vy‾f‾‾uz^s|‾|k t=0.7s
TIGHT n=17 m=121 tag=rand g6=PV‾‾‾zl‾yV‾‾‾‾}n‾^‾v‾‾‾o t=0.9s
TIGHT n=17 m=127 tag=rand g6=P‾‾vn‾‾‾‾‾‾Z‾n‾f‾‾‾zz‾‾{ t=2.5s
TIGHT n=17 m=118 tag=rand g6=P‾nyzy|t‾‾‾}v‾‾^‾‾‾z|v{[ t=2.2s
TIGHT n=17 m=122 tag=rand g6=Pz{‾|^v‾‾‾‾z‾vz}‾znN‾‾‾{ t=1.8s
TIGHT n=17 m=123 tag=rand g6=Pv|‾‾z}vv‾‾‾^|n|‾‾‾v‾‾^w t=1.7s
TIGHT n=17 m=126 tag=rand g6=P‾||‾z‾‾‾‾‾^‾‾v}‾‾{‾‾^n{ t=2.0s
TIGHT n=17 m=119 tag=rand g6=Pm‾¥‾‾r|‾‾‾‾}^]‾vn}z‾zz{ t=1.6s
TIGHT n=17 m=113 tag=rand g6=Pn‾v‾}‾‾^pzy}‾{v‾xr‾znms t=2.1s
TIGHT n=17 m=125 tag=rand g6=P|‾‾n^‾‾‾v‾‾m‾|^‾}‾‾‾‾ns t=4.7s
TIGHT n=17 m=119 tag=rand g6=Pz^nV|‾|‾‾lz‾n‾y‾‾f||‾‾{ t=1.5s
TIGHT n=17 m=116 tag=rand g6=P¥‾‾|J‾n‾‾‾yW‾‾Z‾^‾}}z|{ t=0.7s
TIGHT n=17 m=119 tag=rand g6=P‾NNvy‾zz‾^‾‾v‾‾‾V‾‾xv‾k t=0.8s
TIGHT n=17 m=115 tag=rand g6=P‾nvL^‾‾v‾nYzy‾{{‾j‾}‾‾{ t=1.4s
TIGHT n=17 m=115 tag=rand g6=Pmn‾‾]|^nb}‾|‾y}^‾‾nnx‾{ t=0.5s
TIGHT n=17 m=123 tag=rand g6=Pz‾‾‾¥‾nn}|nz‾‾‾‾‾|‾z‾¥{ t=0.8s
TIGHT n=17 m=125 tag=rand g6=P‾t‾‾jz‾‾}‾m‾‾^‾‾‾‾‾‾v‾k t=2.1s
TIGHT n=17 m=118 tag=rand g6=Pzn‾‾l‾bn‾nZ^^‾‾‾n}v‾‾}s t=0.3s
TIGHT n=17 m=104 tag=rand g6=Prr‾nt|}Je‾‾V‾}Rz}|ul}vg t=1.4s
TIGHT n=17 m=119 tag=rand g6=P‾‾vmn¥‾‾‾‾n‾{}nm‾z|‾‾¥{ t=2.6s
TIGHT n=17 m=118 tag=rand g6=Pq‾‾‾‾‾U‾v‾‾v}‾r‾}l}z‾}w t=1.8s
TIGHT n=17 m=122 tag=rand g6=P‾‾‾^NZ‾‾v}‾‾‾n|z‾|zu‾‾{ t=1.8s
TIGHT n=17 m=118 tag=rand g6=P}ln‾^‾Z‾‾‾z|}‾‾|‾n¥‾fv[ t=0.8s
TIGHT n=17 m=121 tag=rand g6=Pzz‾‾‾z{‾zn‾‾‾‾‾z}{‾‾nU{ t=1.8s
TIGHT n=17 m=111 tag=rand g6=P‾‾^bn‾}]sn‾‾Y^nfnny‾nz{ t=1.9s
TIGHT n=17 m=119 tag=rand g6=P^‾F‾‾zzny‾‾‾‾‾n}‾{z|^‾s t=3.7s
TIGHT n=17 m=110 tag=rand g6=Pnvqz|^‾{‾n‾dn}^l‾}‾‾p]w t=1.5s
TIGHT n=17 m=107 tag=rand g6=P‾}z‾vxN‾jn|nv{¥f|n[iz‾s t=1.0s
TIGHT n=17 m=102 tag=rand g6=Pe{q¥{V}tt}‾‾‾‾zz{|md}¥s t=1.2s
TIGHT n=17 m=94 tag=rand g6=Pvbe}u‾l‾[W‾‾}rd|n|DZhdg t=0.4s
TIGHT n=17 m=122 tag=rand g6=P‾‾z‾vj‾‾‾n‾‾z‾}‾‾‾z¥znW t=2.8s
TIGHT n=17 m=124 tag=rand g6=P‾‾^‾‾zvn|‾Z‾^‾‾‾m‾vz‾‾{ t=0.7s
TIGHT n=17 m=112 tag=rand g6=Pjnz^‾‾v}‾‾{v‾vn]}tv‾Uls t=2.4s
TIGHT n=17 m=115 tag=rand g6=P}}|‾z‾‾v‾‾‾}n¥mzzx^vlj{ t=0.8s
TIGHT n=17 m=108 tag=rand g6=P‾‾‾|nFv}V‾]‾jjyX|n]tzn{ t=0.6s
TIGHT n=17 m=117 tag=rand g6=Pzn‾uv‾zb‾‾unn‾r‾‾‾j‾vn{ t=1.6s
TIGHT n=17 m=102 tag=rand g6=P|V‾{f¥¥uQy|}}af|v‾‾‾lt{ t=0.2s
TIGHT n=17 m=124 tag=rand g6=P‾‾‾‾‾f‾‾^‾‾v‾‾‾^}qn‾^‾w t=1.7s
TIGHT n=17 m=113 tag=rand g6=Pz‾v‾|‾Xz|Nq‾‾Y^‾V‾Z‾}n{ t=1.8s
TIGHT n=17 m=103 tag=rand g6=Pvk^‾‾‾^J‾‾]x{}zj‾ETnn^? t=0.6s
TIGHT n=17 m=132 tag=rand g6=P‾}^‾‾‾f‾‾‾‾‾‾‾‾‾‾‾‾‾‾‾{ t=1.7s
TIGHT n=17 m=119 tag=rand g6=P|{|r‾^}v‾‾z‾fn}‾‾‾^‾v‾w t=0.6s
TIGHT n=17 m=104 tag=rand g6=Pw^rFLtfdv|‾n^‾u^vv‾‾{v[ t=0.6s
TIGHT n=17 m=121 tag=rand g6=P^‾‾n}v‾‾‾|‾‾‾iv‾n^‾‾Mv{ t=2.5s
TIGHT n=17 m=113 tag=rand g6=Pl‾x}n‾{‾z|n‾|‾¥¥‾nRh‾‾{ t=0.3s
TIGHT n=17 m=88 tag=rand g6=P‾mnKufu¥y^Z|riFPV}j‾gb_ t=0.2s
TIGHT n=17 m=126 tag=rand g6=Pv‾‾‾‾^‾x‾‾‾‾‾}‾‾‾vu‾^‾s t=4.9s
TIGHT n=17 m=91 tag=rand g6=PvqKVn‾fNLtifq{x}uVTw‾m{ t=0.2s
TIGHT n=17 m=114 tag=rand g6=P|‾^zzy‾}‾||V|‾‾‾^uzZmnk t=0.8s
TIGHT n=17 m=113 tag=rand g6=P‾zt^u‾‾v}‾yVu‾‾m|‾‾utf{ t=1.9s
TIGHT n=17 m=113 tag=rand g6=P{‾‾l‾‾‾y‾‾[|‾‾nr‾xzpux{ t=0.9s
TIGHT n=17 m=119 tag=rand g6=P‾‾nvV‾v‾Nzz|zz‾^‾‾y‾}‾[ t=0.8s
TIGHT n=17 m=120 tag=rand g6=P^‾‾ty‾}v‾‾‾t‾z‾x‾|‾|¥‾{ t=1.8s
TIGHT n=17 m=104 tag=rand g6=P|{rhz¥|l‾}}{KxN‾‾y‾N‾y{ t=0.8s
TIGHT n=17 m=124 tag=rand g6=P‾‾‾{‾|‾}‾r‾‾‾zvzn‾‾‾z|{ t=2.1s
TIGHT n=17 m=109 tag=rand g6=P}}zqx‾‾||zr|nD‾n‾^^vN]{ t=0.5s
TIGHT n=17 m=113 tag=rand g6=P^i‾‾Z‾kZ‾in^^‾}‾‾v‾fv‾s t=1.7s
TIGHT n=17 m=105 tag=rand g6=P^nbn‾ynh‾]‾‾‾M]^|n[‾nDw t=1.3s
TIGHT n=17 m=122 tag=rand g6=Pn}‾E}|‾‾l‾‾V‾r‾‾‾‾‾‾‾‾{ t=1.8s
TIGHT n=17 m=119 tag=rand g6=Pzxz‾‾rn|‾^‾‾‾^^‾u‾vn}n{ t=1.7s
TIGHT n=17 m=114 tag=rand g6=Pz‾‾znn{‾Nj‾‾^‾‾^nqy‾w^{ t=0.3s
TIGHT n=17 m=114 tag=rand g6=P‾ZVU‾zwzvz‾‾j‾‾y‾‾^v|v{ t=0.9s
TIGHT n=17 m=126 tag=rand g6=P‾‾‾‾‾‾‾‾z‾‾^^‾¥‾|‾z^^‾s t=2.2s
TIGHT n=17 m=127 tag=rand g6=P‾‾}‾‾‾‾m‾‾n‾‾‾‾‾|‾‾u‾l{ t=1.8s
TIGHT n=17 m=117 tag=rand g6=P}‾‾|}{zv^‾|vn‾¥|¥^‾‾}n{ t=1.8s
TIGHT n=17 m=121 tag=rand g6=Pj‾z‾z]‾z^‾n|‾‾^‾‾‾‾r|‾k t=1.6s
TIGHT n=17 m=121 tag=rand g6=P‾vd‾nf‾}‾‾‾‾n‾^‾}f‾‾n‾s t=2.2s
TIGHT n=17 m=121 tag=rand g6=P}‾‾‾}b}u^zz‾‾‾‾u‾‾‾‾r‾{ t=2.3s
TIGHT n=17 m=111 tag=rand g6=P}|N‾s{Zy}z‾‾^j^‾‾‾zp‾t{ t=0.3s
TIGHT n=17 m=125 tag=rand g6=P‾|‾‾n‾^n‾‾‾u|‾‾}‾m‾n‾‾{ t=1.8s
TIGHT n=17 m=103 tag=rand g6=Ptp|Un‾|vl‾‾¥trNs}v^^|zc t=0.7s
TIGHT n=17 m=128 tag=rand g6=Pv|‾‾‾‾‾‾‾‾‾‾‾n^‾‾y‾‾}^{ t=5.3s
TIGHT n=17 m=109 tag=rand g6=P^‾zZ‾‾v‾‾z‾u]_}fd‾zvl^s t=1.6s
TIGHT n=17 m=120 tag=rand g6=P‾‾‾|‾jz}^zv}^‾¥‾{‾‾‾j‾{ t=0.7s
TIGHT n=17 m=104 tag=rand g6=Pz^zzqv‾d‾y^‾p‾‾p][nNu‾W t=1.5s
TIGHT n=17 m=124 tag=rand g6=P^‾‾zv‾‾v‾‾]‾‾‾‾‾}n‾Znv{ t=0.8s
TIGHT n=17 m=101 tag=rand g6=Pv‾b|[v‾mzRrvn^bJrv‾‾vhS t=0.7s
TIGHT n=17 m=119 tag=rand g6=P‾zv‾z|nn}^V‾xn‾‾u‾‾‾z‾k t=0.8s
TIGHT n=17 m=126 tag=rand g6=P‾‾‾v‾‾nzvv‾^^‾z‾‾‾‾t‾‾{ t=2.4s
TIGHT n=17 m=114 tag=rand g6=P|tt‾‾‾‾z‾^{zt}‾rZ|zz‾‾g t=0.3s
TIGHT n=17 m=117 tag=rand g6=Pl{y^‾‾‾‾]}|r‾V‾‾‾‾‾‾|R{ t=1.7s
TIGHT n=17 m=113 tag=rand g6=P]rRxn}n‾rfx‾|‾‾‾}mv‾‾‾{ t=0.3s
TIGHT n=17 m=111 tag=rand g6=PVd‾ln‾n|‾}n{‾‾‾‾^pv¥N|w t=0.3s
TIGHT n=17 m=102 tag=rand g6=Pir‾t{vzn^‾KYt|‾^SU|t‾‾{ t=0.5s
TIGHT n=17 m=120 tag=rand g6=P‾‾‾r‾m^‾^‾m‾t‾‾‾Xn‾‾‾|[ t=1.8s
TIGHT n=17 m=118 tag=rand g6=P‾‾‾{z‾‾}nvnfn^zv|}n‾^‾[ t=1.6s
TIGHT n=17 m=117 tag=rand g6=P‾m‾‾‾zX^yv‾lnx}^‾‾‾‾^n{ t=2.3s
TIGHT n=17 m=118 tag=rand g6=Pn‾‾v^‾‾v‾mv|‾v^‾W‾‾fz‾[ t=1.5s
TIGHT n=17 m=127 tag=rand g6=P‾|‾‾‾‾‾‾r‾z^‾‾]‾zn‾‾‾‾{ t=2.1s
TIGHT n=17 m=109 tag=rand g6=P‾n|x‾nvj‾JYj{zn‾‾‾v‾XZw t=0.3s
TIGHT n=17 m=120 tag=rand g6=Pv^‾n‾nRt|}‾|n‾^‾‾‾‾‾‾}k t=2.0s
TIGHT n=17 m=123 tag=rand g6=P‾n^¥v^‾zN‾‾‾‾‾‾nn‾‾‾‾t{ t=0.8s
TIGHT n=17 m=121 tag=rand g6=Pn|^‾‾}‾‾}^n‾j‾]‾‾z^‾Z‾{ t=2.2s
TIGHT n=17 m=120 tag=rand g6=Pt|A]n‾‾‾‾‾‾‾‾‾^‾}v‾‾z|{ t=1.8s
TIGHT n=17 m=111 tag=rand g6=Pn‾zy‾‾‾Nl‾‾dfM‾Rf|}‾}^{ t=0.7s
TIGHT n=17 m=121 tag=rand g6=Pmv‾‾‾‾‾n‾nv‾‾v‾}{vN‾||{ t=2.2s
SUMMARY n=17 mode=random {'OK': 4829, 'TIGHT': 171, 'CE': 0} time=4281s
