TIGHT n=20 m=173 tag=rand g6=S{~~~n~~lRv}~~~}~z~~v^~~~|~~v~|~{ t=11.7s
TIGHT n=20 m=141 tag=rand g6=S]U~~tu~{|~j~uV~\^IY{^entr^nRz|mw t=3.3s
TIGHT n=20 m=127 tag=rand g6=Sthnp}nmf[eK\kz|LrZt~Nz]pD~]]n^Ys t=0.4s
TIGHT n=20 m=174 tag=rand g6=S~d~^n~~~^^j~~~|~~~^}~}~~|~~~^z~{ t=1.8s
TIGHT n=20 m=163 tag=rand g6=S~n|\^v~ZnF~~~v}^n~~\~^~~~zt|\^~s t=4.4s
TIGHT n=20 m=165 tag=rand g6=S~|zn~[~}u^~~|f}^v~~~z~\}~vv~~}|[ t=21.1s
TIGHT n=20 m=138 tag=rand g6=S~n~IvZmrm~|n\nU^nk~}vo^}R{~qH|mS t=4.3s
TIGHT n=20 m=150 tag=rand g6=S~U~L~z|zv{nz{zzzz|m~mY[N}~~ynb~{ t=3.8s
TIGHT n=20 m=144 tag=rand g6=SnJ]|~J~|~in||v{~nrlxym~B~^\tjt\{ t=2.3s
TIGHT n=20 m=153 tag=rand g6=S^^vvy]}n\QvV~~z~~n~||W~s}~|^vzN{ t=2.7s
TIGHT n=20 m=154 tag=rand g6=SNn|~z~n~~m~J^^r~x^z}^^~}[zn}~tlC t=3.2s
TIGHT n=20 m=139 tag=rand g6=SY~y~]etn}^~xZ^x~Isu^N^~N~P~sbVj{ t=3.2s
TIGHT n=20 m=139 tag=rand g6=Sj^zyy^z~v~Xuq}jpu}vz~UeZufr~NzYw t=2.4s
TIGHT n=20 m=145 tag=rand g6=SU@V}^~lZ^~Z|^v~~X[^^}}^j~z}uvXn[ t=2.4s
TIGHT n=20 m=167 tag=rand g6=S}nv|vV}n{z~~^~n~}~~|~~v~~z~\|~}s t=6.6s
TIGHT n=20 m=170 tag=rand g6=Sz~^~}~v~Xm~~~v~lv^^~~~^~~~~}~\~s t=9.9s
TIGHT n=20 m=170 tag=rand g6=S~~u~~}n|m~z~}{~n^v~~j}z~~~~~n~~s t=8.8s
TIGHT n=20 m=175 tag=rand g6=S~l~~^~~~}~~~~vzVu~|~~^}~~~~v~~n{ t=3.9s
TIGHT n=20 m=158 tag=rand g6=S~~zyunz[m^~^v|~~}zJ~~vu~pr~~}~}[ t=3.0s
TIGHT n=20 m=146 tag=rand g6=Szlffz^vc^n^L|n~~{^pz^uz|z^v}\n^K t=0.8s
TIGHT n=20 m=150 tag=rand g6=Se}}~j~y{v~~vf|xhns~^~y\~x}Nf|^|{ t=2.3s
TIGHT n=20 m=170 tag=rand g6=S|v~~xzm~~}~l~~z^~n~|~|~|\~v~~z~{ t=8.5s
TIGHT n=20 m=154 tag=rand g6=S^vt~~Vxu|nn~^|nl~rz^|N{unz^nz|v{ t=3.4s
TIGHT n=20 m=145 tag=rand g6=S~~ptUf~vV|vn{iY]vv^|~r~[zN\~~~y_ t=2.6s
TIGHT n=20 m=167 tag=rand g6=Sv~~~~l~zv~n~}nnr~~~^~}l^~rm~~zm{ t=3.5s
TIGHT n=20 m=161 tag=rand g6=Sn~}}~p~vN|~nvw~tnN^~^~~nr~^~xv~{ t=2.5s
TIGHT n=20 m=109 tag=rand g6=SYEov[bQxMblsUAXW^iAIQ~vvz}iztVzw t=0.6s
TIGHT n=20 m=160 tag=rand g6=Sk~v|^f}^zz}{~~^}l~^~~|~t^~~rt|~s t=2.5s
TIGHT n=20 m=165 tag=rand g6=S~~~~^tzr~t~f|~~vv^v~v|n|m~~|}x~{ t=6.6s
TIGHT n=20 m=135 tag=rand g6=S^Nr~zVden~^\w^}~{fwPN|n`nxt~n_u{ t=0.7s
TIGHT n=20 m=179 tag=rand g6=S~~~~~^~~|~nv~v~|~~n~}~}~~~~^z~~{ t=9.5s
TIGHT n=20 m=151 tag=rand g6=SfV|~~zT~Vrz|rvb{u|y}}^y}}~~v}^v{ t=2.2s
TIGHT n=20 m=168 tag=rand g6=Sv~~~^~uv}v|~zn~^n^~^tv~~kz~~~~}{ t=3.7s
TIGHT n=20 m=150 tag=rand g6=S|jVZZn`j~||~~t^~vLV~vZ|Lvn~~\~ns t=2.3s
TIGHT n=20 m=161 tag=rand g6=S^^z^~z~~Vrzv|~tz^|~~~~^nNN{l^z~{ t=1.5s
TIGHT n=20 m=152 tag=rand g6=SZnr~v^j~nxlp~n~VWU~n}~~H~n~z~m^{ t=1.1s
TIGHT n=20 m=141 tag=rand g6=SRv]Tzzn^^z~Z~NtFRzvwN~]|~|RJ~vws t=1.2s
TIGHT n=20 m=161 tag=rand g6=S~~gv|vvzn~n~~~{~}~}~~^~jz~Hxm~nk t=2.9s
TIGHT n=20 m=136 tag=rand g6=Srs^VrMzbz]^sqn^~v}}~FexjQ}{j{v~{ t=2.4s
TIGHT n=20 m=127 tag=rand g6=Syzplm]~xws~jTa~~RvOayYX|{~L~Rjx{ t=1.0s
TIGHT n=20 m=151 tag=rand g6=Szz{~xzrZm|Lv~vZ]~u^^}{rtn~n~~~j[ t=2.8s
TIGHT n=20 m=172 tag=rand g6=S~~}~}~~~^uvf~}~n|N|~~n~~~]~~~~v{ t=3.4s
TIGHT n=20 m=158 tag=rand g6=S{|~n~g~^~fv^Z]~nn|~^~^z|~~y|~xmk t=3.1s
TIGHT n=20 m=157 tag=rand g6=S]h^\Y~Nv^z~~^~t~~}~}}~L~~}vnzfz[ t=2.6s
TIGHT n=20 m=159 tag=rand g6=Sv~~Xunrz|~}z~~~~n^^fvf|~m^n|vzl{ t=0.6s
TIGHT n=20 m=169 tag=rand g6=S~x~|~^~n~|~~|~nln~~~v~~^Zz~vn}~K t=3.5s
TIGHT n=20 m=157 tag=rand g6=S~^s~mm~}~t~~~nhv~{^v~~^|V{}l]~nw t=1.4s
TIGHT n=20 m=174 tag=rand g6=S~~~n~}}~~f^n|~~~^~~z~n~}~|^|}~~{ t=3.5s
TIGHT n=20 m=170 tag=rand g6=S|^z~~z~z~z~~z~~~^n~Z~zz{~vr|~~}{ t=9.8s
TIGHT n=20 m=165 tag=rand g6=S~^~zV}~~|u~|~|^z|^~n~v~v~R~~~}kk t=3.5s
TIGHT n=20 m=156 tag=rand g6=SZF{Nn^y~||~~ux|~^~~^~~zzznd~~qj{ t=3.1s
TIGHT n=20 m=171 tag=rand g6=Sr~~z~|~~zn^~~~~~~v~n}m~|~~n~~tJ{ t=3.4s
TIGHT n=20 m=172 tag=rand g6=S~~~|x~~n~}~~^z~~~n~~y|~[~~~z~\~[ t=3.4s
TIGHT n=20 m=167 tag=rand g6=S^~~v~~~r~~]yn~^~~}~n\~~|znu~nu}{ t=2.7s
TIGHT n=20 m=160 tag=rand g6=S~e~~r}u~v}vR}~vZ|nz~~~]^~~p~~}|s t=2.4s
TIGHT n=20 m=145 tag=rand g6=S|fV^~x}~qPz~~^^^^bTtt~l|t^N^}}{[ t=1.1s
TIGHT n=20 m=150 tag=rand g6=S^u}~ys}~^VI~W^|^^~z~n^~Fz~|~RV~K t=1.0s
TIGHT n=20 m=136 tag=rand g6=Sz^vHLSV~}~v^Z}[\NU{~Vc~][^Xu~|~c t=1.2s
TIGHT n=20 m=159 tag=rand g6=S|u~~~}vy~z~j~|~~~}l~zZV}Z~|e~{]w t=3.7s
TIGHT n=20 m=166 tag=rand g6=S~~v|~uVn}~^}~~}~k}~~|}z^~~~^^^nw t=3.6s
TIGHT n=20 m=168 tag=rand g6=S~}~v~~z~}~v~~~~}~~xz]j~\}~t~nt^{ t=3.6s
TIGHT n=20 m=167 tag=rand g6=S~vnn|}~~~z~z~x~~}v~Nnvv~z~^n]^v{ t=6.6s
TIGHT n=20 m=143 tag=rand g6=S~]~]se}{]~n~n{ny]~}E^tnZ}nrVEm~{ t=1.2s
TIGHT n=20 m=166 tag=rand g6=S{~z^|x~~~}|z~zjnmNz^~~n~~n~z~~|{ t=9.0s
TIGHT n=20 m=170 tag=rand g6=S~~~f|~~V\zzn}|~~~^~}~}V~n~n~~~n{ t=10.4s
TIGHT n=20 m=140 tag=rand g6=S~|~vZfLjZmm}y^annf~z^lrls~~\]Z`{ t=2.4s
TIGHT n=20 m=159 tag=rand g6=S~|}|u~N~|~n~N~~~Jl^|Dnn~^Uz|~~^{ t=3.1s
TIGHT n=20 m=166 tag=rand g6=S~v~n~~~v^~|z~^~Zf^~syz}v~~~~uzz{ t=6.9s
TIGHT n=20 m=163 tag=rand g6=S^vn~|~~~~v~l~~~]n~tvyZ~~^^Yvj~ns t=2.6s
TIGHT n=20 m=132 tag=rand g6=SpZ{|}|zHzpMZZ~}xfx{Z~VZq^Mv}\~i_ t=1.0s
TIGHT n=20 m=158 tag=rand g6=S~v~l|~mjw}nn~~~~}rnvjz~|N|h~~|}w t=1.2s
TIGHT n=20 m=171 tag=rand g6=S|~~v|~]z^z~~|~~}~~V^z~~~n~~|~\^{ t=3.7s
TIGHT n=20 m=156 tag=rand g6=S~z~~z|~Z~~VZ\fUzUz~t~u~B|~n|n~}{ t=5.3s
TIGHT n=20 m=166 tag=rand g6=Szvv}~~~}^~v|nn~z|N~n~^v}~~~~m[v{ t=0.5s
TIGHT n=20 m=157 tag=rand g6=S]\n|n}|~n~\mf|~~~~x{~n~}}vuz~^VK t=6.5s
TIGHT n=20 m=167 tag=rand g6=S^~n~j}U~~~}n~~z~|~VJ~~\~~|~~~^N{ t=3.5s
TIGHT n=20 m=174 tag=rand g6=S|~~nv~~~~~zv~~|n~~~vz}zjn~~~^v~{ t=29.0s
TIGHT n=20 m=142 tag=rand g6=Suy||\n~dnl|nN||ontl~znT~u\~gV|~K t=1.2s
TIGHT n=20 m=134 tag=rand g6=Sez}^]zdtZv^W\q~|~N~kYozlom]nn~i{ t=0.4s
TIGHT n=20 m=153 tag=rand g6=SX||v~]|rx~]~fumlVZ~~nt~~n}~tx~z{ t=2.5s
TIGHT n=20 m=177 tag=rand g6=S~~}z~~~v~|~~^~~n~|~~^|nv~~v~~z~{ t=28.7s
TIGHT n=20 m=178 tag=rand g6=S~~~ynn~~~^~~n}~~~~~vn~~}~~~}~z~{ t=34.8s
TIGHT n=20 m=139 tag=rand g6=S~upV{}zZ~^n|\t`zsbz}ln~|^rzy\X}K t=0.8s
TIGHT n=20 m=159 tag=rand g6=S^|q~|u~~^~Q~|^z|~n|v~~Z\~u]~~n{{ t=2.5s
TIGHT n=20 m=132 tag=rand g6=S}^n~}YU~~\xM|h}y}n|}U|WO{hFFq~^K t=1.0s
TIGHT n=20 m=142 tag=rand g6=SX|~^X|ti|^}y~yyz~yp|nj|Nb~tz^yno t=2.2s
TIGHT n=20 m=149 tag=rand g6=S}j^~^|]]Z^f~}~lN}~NR}}v\~y\|~\ls t=3.1s
TIGHT n=20 m=173 tag=rand g6=S~~~}~~~~nv^m}~v~^|^~~z}~~~~~Xz~{ t=90.6s
TIGHT n=20 m=153 tag=rand g6=Sz[jr^z~~z~~|~E^u|~F~^N\v~r\z~|vw t=8.3s
TIGHT n=20 m=137 tag=rand g6=S^t^ynZnn{nlv]VLdFX~}~r~ttruJW~}[ t=1.0s
TIGHT n=20 m=141 tag=rand g6=SlV]n~XV|vter~c^m~Y~^{T~~l|MVvZn{ t=1.2s
TIGHT n=20 m=146 tag=rand g6=S{^ynxn~nx~n~}~}}miU~jtZz~p}ffvuK t=2.4s
TIGHT n=20 m=174 tag=rand g6=Sn~~~~~~~zn~~zM~}~~|~z~~~z|~v|}~w t=22.1s
TIGHT n=20 m=145 tag=rand g6=Sz{j~|rrwiZM~V~n~N~njn~uRzvh~{x~s t=3.0s
TIGHT n=20 m=156 tag=rand g6=S~~mZ{z}^|^~~~v\~^~N~nnt~rYznXvzs t=2.6s
TIGHT n=20 m=137 tag=rand g6=SxHlv~uum^~^|ZtJvT~\NtnrzNnxz[^Zo t=2.2s
TIGHT n=20 m=157 tag=rand g6=S~|J~]]~}|LNtvVnnn~}~~u~}~~un~~mk t=8.7s
TIGHT n=20 m=126 tag=rand g6=ST~^t~KnRyJ|mwr[reTXtjT|z|{`Zx~nW t=0.3s
TIGHT n=20 m=132 tag=rand g6=SUXilg`nmfBn~|{{~TZ|vz}utU~nFvtn{ t=2.2s
TIGHT n=20 m=158 tag=rand g6=S}~zn^nzn~~fn~n~W~e{~~n~zF^j}|zv{ t=3.3s
TIGHT n=20 m=153 tag=rand g6=Shw~jn~Zut|]z}fv|~~~~z~~jv^~eV}j{ t=0.5s
TIGHT n=20 m=149 tag=rand g6=S^^nnvn^nvtmuV|}J||n|Uyn^~~m~m|F{ t=0.9s
TIGHT n=20 m=133 tag=rand g6=S|~|qfU~Vt~zNLh|iz~v\xvfl{dfI^N]_ t=0.8s
TIGHT n=20 m=133 tag=rand g6=SxVm}mNzo~ByzbDn\h~|b^|lttmnuunn{ t=1.0s
TIGHT n=20 m=168 tag=rand g6=S~v^|]}~z~|~~~~~~f~~}~~mV^~Lzv~^{ t=3.3s
TIGHT n=20 m=174 tag=rand g6=S~~~|~n~~z~}~~|\n|nr~v~~~~n~z~~z{ t=7.0s
TIGHT n=20 m=137 tag=rand g6=SVlm|]~Tfgyk^u~vq~kv^v~|pt^n|^Pd{ t=2.2s
TIGHT n=20 m=149 tag=rand g6=Szt|fyJlnyv~^~mxz~y{~t}jnZ~^~zF^{ t=2.7s
TIGHT n=20 m=155 tag=rand g6=SnV~pbu}Z~~~~v^Z{~~jzxv~^N~~z~\U{ t=6.4s
TIGHT n=20 m=150 tag=rand g6=S~}^zvv|tr~~Mvmv^if~||[xym{^~}~z[ t=7.2s
TIGHT n=20 m=142 tag=rand g6=S[V~^z^|v^||l~u}|VF{v|u~v~oZV|e[c t=2.6s
TIGHT n=20 m=156 tag=rand g6=S~nt^r|n~n~u^~vz\~~~n~nv|U^[Tnvj{ t=2.4s
TIGHT n=20 m=145 tag=rand g6=Sum\mv~X~X~nN~R~~M}zuxN|~VUdrZ~~{ t=1.2s
TIGHT n=20 m=164 tag=rand g6=S~l~~~\h|~|}~~n~^vt~u~lz~~~N~v{~[ t=3.3s
TIGHT n=20 m=175 tag=rand g6=S~}n~~|~^~zu~~}~~~~n~~^V~n~~^z~~{ t=7.2s
TIGHT n=20 m=139 tag=rand g6=SLVxeZ|ermnVvtVlkznn}^Z{z}^n~yvz[ t=0.9s
TIGHT n=20 m=174 tag=rand g6=S~~~~m~n^^~}~}~z~^w~~~}~~v}~~}~~{ t=4.2s
TIGHT n=20 m=152 tag=rand g6=S^~y~x^xrxnn~~Gvqn|~|vf}|~j~~}^q{ t=2.5s
TIGHT n=20 m=132 tag=rand g6=SzW|V~ml}J}T^y}^~~vYV{^Si~LNgv^sO t=0.4s
TIGHT n=20 m=153 tag=rand g6=S~~|l~lzqe^~~|vRy|]~}j{~NvfZv~~|{ t=3.3s
TIGHT n=20 m=176 tag=rand g6=S~~~~~z~}~~~^~~v|r~v~~}~|~~~^|f~{ t=27.7s
TIGHT n=20 m=168 tag=rand g6=S~}n^~~~^~vz~~~z~^~ne~n~|~y^~|~Y[ t=11.2s
TIGHT n=20 m=161 tag=rand g6=Sv~~iv^Yv~~~nr}v~^~v~}u|~U^u}|~~{ t=3.4s
TIGHT n=20 m=173 tag=rand g6=S~vzZ~|^^}~n}~~~~~~}~~~m~j~~v~~}{ t=6.5s
TIGHT n=20 m=175 tag=rand g6=S~~~~~]~~vn~n~~z~n~}~~~zn~~n~n~~G t=20.6s
TIGHT n=20 m=145 tag=rand g6=S^vT~~z}ZVX|Xzf~tMt\U}yz~v}~b~~vg t=0.5s
TIGHT n=20 m=169 tag=rand g6=S~n~~~|~}^z~zn~~Z~v~~~~^~}~Vyz~NW t=10.0s
TIGHT n=20 m=174 tag=rand g6=S~~^~~}||z}~v~~|y~~}}^~~n~~~~^}~{ t=2.3s
TIGHT n=20 m=171 tag=rand g6=S~~|~~}z|~v\vN~~^v~v~}~||n~n~~~z{ t=3.4s
TIGHT n=20 m=172 tag=rand g6=ST\u~~~~~}~^|^~~^~~~~v~~~n~z~~|}[ t=12.9s
TIGHT n=20 m=156 tag=rand g6=S|~~z}|zv^x^|vzUlv~^P|Z~|~xz~~l^{ t=2.3s
TIGHT n=20 m=158 tag=rand g6=S~j{~|z~n~~~tv|^}~~mQv}M~Vf~^~nu{ t=3.2s
TIGHT n=20 m=172 tag=rand g6=S~|~~~~l~v~~~z}y~h~|~U~~z~z~~~^~{ t=30.3s
TIGHT n=20 m=166 tag=rand g6=Sn}z~^~~~ns}~}vz~}~z~v]~~^x~v~N|{ t=22.0s
TIGHT n=20 m=162 tag=rand g6=S~e^~^|~n}je~l}~ut~nz~~v|~~n~~}^[ t=2.6s
TIGHT n=20 m=150 tag=rand g6=SN}|T~|~bZZV~}v~~~c~^bgn~~~lyt}~k t=2.5s
TIGHT n=20 m=135 tag=rand g6=S|\~XTv~lvR\~Yn~uzk|M{c^snNl]qmv{ t=2.9s
TIGHT n=20 m=161 tag=rand g6=S~t^lt^~}|~z~~]w~~^lz~^}}~{R~~~~s t=2.9s
TIGHT n=20 m=168 tag=rand g6=S~|~}v~~~|u~v~~n~fv~|yuv~~n~}}~^[ t=10.1s
TIGHT n=20 m=171 tag=rand g6=Sz}~~~}}~~y~}n~[~~^v~~mn~}~~z~v~{ t=3.5s
TIGHT n=20 m=134 tag=rand g6=SnFve^~qTZe^~^v[~~Pvvj~KtnP^Tz|bW t=1.2s
TIGHT n=20 m=162 tag=rand g6=S{v|nZ}|^vN~|~v^~^tn}~~~~urv|z~~{ t=3.2s
TIGHT n=20 m=152 tag=rand g6=SZ~e~yzzzr^~z[m^v]^~SY~j~v|}zz~~{ t=5.8s
TIGHT n=20 m=140 tag=rand g6=Szr~}z~t|xldu}xo~lv]d}rvyyz~\}j{c t=1.3s
TIGHT n=20 m=177 tag=rand g6=S~}~Z~|^~nn~v~}~~n~~~}~~~~~~~v~~[ t=23.4s
TIGHT n=20 m=166 tag=rand g6=S~~n~~nzf^e~~~z~y~nV|~~~~^vV~vj|{ t=10.7s
TIGHT n=20 m=169 tag=rand g6=S~~|~Z~un~~m~~z~~n~fz~}~lv~v~z}n{ t=3.5s
TIGHT n=20 m=167 tag=rand g6=S^nnV~~~~~}t{|~|t~~~z~|v||}~~~}~c t=2.8s
TIGHT n=20 m=152 tag=rand g6=Sa^~^|zRVzZ~~~zrzTk~V~t}~z~r~vz~K t=6.3s
TIGHT n=20 m=178 tag=rand g6=S^~~~n~~~~~n~~~z~^~}zv|z~~~^~~~~s t=8.3s
TIGHT n=20 m=171 tag=rand g6=S~z}z~vmn~~r~~z~}~~~~z|v~~n~q~}~{ t=10.9s
TIGHT n=20 m=173 tag=rand g6=Snf~^~~n{|~^~v~z~~~~~~~r~~~~^fn~{ t=10.5s
TIGHT n=20 m=171 tag=rand g6=S|^^~zz|v~~}~~~{~~~mn}~~~h~~}~~|{ t=2.4s
TIGHT n=20 m=179 tag=rand g6=S~~~~~}~}~~n|z}~|~~~zn~~~~~~~r~~{ t=94.9s
TIGHT n=20 m=162 tag=rand g6=S^~|V~n~~n~}~fn~z|nN~v~w|vo~~~i~{ t=3.6s
TIGHT n=20 m=137 tag=rand g6=S}[ueyvnvxZiP~\i{wsu|~~n^\~{|xy}{ t=1.9s
TIGHT n=20 m=140 tag=rand g6=S}]zVm\~~iiMnv]~N|U^{yvv|}UZnvi|[ t=1.1s
TIGHT n=20 m=169 tag=rand g6=S~V~~|~n~}~{{r~\~~~^~~n\~~V~|~~v{ t=3.1s
TIGHT n=20 m=145 tag=rand g6=S~^|jzVKw\}nz}~~v~BU{uaZ|{~}~||~k t=1.6s
TIGHT n=20 m=171 tag=rand g6=S~Z|~~w~{~~~~~|~^~{~M~}~|~}~~~~|{ t=4.0s
TIGHT n=20 m=161 tag=rand g6=S~~~^y~r^{}~^|v~f}n~]Zz~zv{~~^{~s t=2.6s
TIGHT n=20 m=148 tag=rand g6=SEe~v~{|V~~vtZ~j~]Lx~\zfn}~~n~\Ds t=0.5s
TIGHT n=20 m=179 tag=rand g6=Sv~~~^~}~v~^~~~^n~~~z|~~~~~~~v}~{ t=28.0s
TIGHT n=20 m=175 tag=rand g6=S~}~~}~}~~~~~}v~|}|z}}n|~~~n~~~~k t=30.3s
TIGHT n=20 m=132 tag=rand g6=S}fi]]|Vdz{xVlvvD|]}uHN~]~VK^^Zvo t=1.2s
TIGHT n=20 m=135 tag=rand g6=S}kF~X~o~~\{x|{~pn[|z~nubfVJ`rt~W t=2.4s
TIGHT n=20 m=132 tag=rand g6=S~~u^T}cD|Cq|owy~Vz^}~u_N~J]Tt~~{ t=1.3s
TIGHT n=20 m=144 tag=rand g6=S~_r\s]fdkxnn{Z^n~j~N]~v~z}]j~z~{ t=1.1s
TIGHT n=20 m=139 tag=rand g6=StN~Vvc~MQy~n~^vnzon|qnzLzYv~~X[[ t=0.5s
TIGHT n=20 m=161 tag=rand g6=S|~sv~~~~{~~|fyzzz|Nl^~}]}~~~t~u{ t=0.5s
TIGHT n=20 m=151 tag=rand g6=SV~~~iMvz^n~~|^]jz~Jvh~nN[tuz^~~s t=3.2s
TIGHT n=20 m=163 tag=rand g6=S^~Z\}~Yvn~~~~|}}~~~z~nN|~}sz}^^{ t=3.5s
TIGHT n=20 m=157 tag=rand g6=Sn~||~|n~v|zVv~uznuu}Rzzv|~V]v~z{ t=3.5s
TIGHT n=20 m=154 tag=rand g6=S~w~zdlm^z|lvBz~mv}~}}~z~~u~~x]}{ t=7.6s
TIGHT n=20 m=154 tag=rand g6=Sy}~f~~~viQ^|~x~r~zt}U{~~\n~x}~^w t=1.3s
TIGHT n=20 m=141 tag=rand g6=SCn~Rts|m]u|N]^~zu}~~n~T~j~|y}@J{ t=1.2s
TIGHT n=20 m=127 tag=rand g6=S~}yx|pehuFnA^Rz~HMZfn\U~Fvr`|~Vg t=0.7s
TIGHT n=20 m=172 tag=rand g6=S~~z~un^~~~~n~||vz~~|v}v~~~~vz~vs t=8.3s
TIGHT n=20 m=167 tag=rand g6=S~n~z||{~lz~~v~~|fz~~~~~~}~zjN~Z[ t=4.3s
TIGHT n=20 m=175 tag=rand g6=S~~zl~~~|~~|}|v~~}~z~~v}~~~~~~^zw t=8.9s
TIGHT n=20 m=170 tag=rand g6=S}}}~~^~~n~~~~^I~}~~~v{~|~n~z}~vs t=5.0s
TIGHT n=20 m=166 tag=rand g6=Sz~vr^|vnvz~~x~~}~y~n~n~l}|l~~~z{ t=4.1s
TIGHT n=20 m=135 tag=rand g6=S~M~|z]Z]cv~Uz}l}nqnlZh?i^i}\~~M{ t=3.4s
TIGHT n=20 m=165 tag=rand g6=S~~}}~~~|^~|zu{~~~{z{v{~n~y~~lz~k t=4.4s
TIGHT n=20 m=130 tag=rand g6=S}vl]~ZNBsXNrlnmSvCzLyMv|Trnm^~|{ t=0.9s
TIGHT n=20 m=178 tag=rand g6=S~z^n~v~~~~|z~~~~v|~~~~nn~~~nz~~{ t=10.7s
TIGHT n=20 m=118 tag=rand g6=SX^{fZF^}YNSl]ZJ@_qxI[@tzjZ}Z^v~{ t=1.0s
TIGHT n=20 m=153 tag=rand g6=Sp^z}~t|vcn~^}}~^~rlr~V^}f}\~xv~{ t=2.2s
TIGHT n=20 m=155 tag=rand g6=Snz~}^~l^^u~^~~~NAvj~v~~~mvnLl~p[ t=1.5s
TIGHT n=20 m=178 tag=rand g6=S^n~~~z~~~~n~~~|v~~~~~z~n|n|~}~~{ t=7.3s
TIGHT n=20 m=160 tag=rand g6=Szlvn}~\V^vnv~v^~^~|V|f~~}~\v}zv{ t=3.2s
TIGHT n=20 m=160 tag=rand g6=S|v|r}}~v~s~~~^n\z|yu~uv~^~nnz~}w t=1.6s
TIGHT n=20 m=157 tag=rand g6=S~Mtm~|~}~N~~}~~|d~zn^x~sz]v~~zlW t=2.6s
TIGHT n=20 m=143 tag=rand g6=S}|ywiz}uze~|~~~zlr|u~_z{n]}yuxzk t=0.5s
TIGHT n=20 m=153 tag=rand g6=Sz||~~~vrZ~^Z^^g~nvz|tz^zv~^^E^q{ t=2.8s
TIGHT n=20 m=157 tag=rand g6=S~rnz}~^~fnn~jz^}|~~y|l~^z{ztTvv{ t=3.0s
TIGHT n=20 m=148 tag=rand g6=S~v~\}n~z~vZnl]~zy|H~nrk}~kfvdxv[ t=1.1s
TIGHT n=20 m=163 tag=rand g6=Sx~~~|qlV|^v}~~~^]v}x^~~v~|]~}~~{ t=3.2s
TIGHT n=20 m=157 tag=rand g6=Snrb~~~}~~~|m~~|^zl~}rL^}~zxl|v^K t=3.9s
TIGHT n=20 m=157 tag=rand g6=S~~}^Jr^|~n}Z~jp|~v~^j}Vv~~z|^Z~[ t=3.7s
TIGHT n=20 m=145 tag=rand g6=Snu{z^Jip}~w~\^~~~^]~Yzm~[{~~\sVs t=2.8s
TIGHT n=20 m=137 tag=rand g6=S~zx~gm~\K]sz~^cvutzymv|RYh}~~Vrs t=0.8s
TIGHT n=20 m=172 tag=rand g6=S~zm^~~~||~~~~{v}~~~j}~~~~n~^zzv{ t=3.1s
TIGHT n=20 m=148 tag=rand g6=Sl~}vu\ts~v}xvv}~~}q]|z^V\\~|]J}{ t=1.4s
TIGHT n=20 m=166 tag=rand g6=S~~v~|~v~||~~z~^tz~^~\uvz~Zf^v~v{ t=10.4s
TIGHT n=20 m=153 tag=rand g6=Stj|~j~n}}~}}v}}un^jzbv\n~^Z~~txw t=2.9s
TIGHT n=20 m=150 tag=rand g6=Svz|~~nvjX]~ntnR{nv}m~V]nny~~jtzk t=0.7s
TIGHT n=20 m=149 tag=rand g6=SzvB|}~v\V^t}~~y}}}}uNNnZv~yv|rn[ t=3.4s
TIGHT n=20 m=172 tag=rand g6=S~~~|zz~v|~^~~~~~~z~n~v~~{^Nn}v~[ t=3.7s
TIGHT n=20 m=137 tag=rand g6=SN~fvzTt\wx\fy~~vm~}q~bz~{hrzv]U? t=2.2s
SUMMARY n=20 mode=random {'OK': 3790, 'TIGHT': 210, 'CE': 0} time=13312s
