TIGHT n=16 m=100 tag=perturb g6=O~|yz{}vR|zz~}~|~n~J~ t=2.0s
TIGHT n=16 m=97 tag=perturb g6=On|z{fu^n}~r~zZ~z^^m| t=0.7s
TIGHT n=16 m=96 tag=perturb g6=O}t}|n~N~zf^}}|[^{~{} t=0.4s
TIGHT n=16 m=95 tag=perturb g6=Omj~slNjv~uzv~~~F}~Nz t=1.4s
TIGHT n=16 m=92 tag=perturb g6=O^n|E~|~uN~^nZhp}Mu~~ t=0.9s
TIGHT n=16 m=86 tag=perturb g6=Ovv^|t}fTeuPvyy\|~~X\ t=0.3s
TIGHT n=16 m=90 tag=perturb g6=O~Rznlnm|~v^TF~n\~qfU t=0.7s
TIGHT n=16 m=103 tag=perturb g6=Onzzzfs~~|}~|z~~~nd~~ t=1.6s
TIGHT n=16 m=86 tag=perturb g6=OT~|M~|rV~^\jXxryKuvv t=0.3s
TIGHT n=16 m=96 tag=perturb g6=O~~un~Svz~{vj~~~N|zK] t=0.2s
TIGHT n=16 m=103 tag=perturb g6=Oz^vz\~N}v|~|~}x~n~|~ t=1.7s
TIGHT n=16 m=74 tag=perturb g6=O\]~pyiY[|fkr\INJI|tm t=0.1s
TIGHT n=16 m=84 tag=perturb g6=Ot~N|^j[N~hMbzzUL~[^V t=0.3s
TIGHT n=16 m=84 tag=perturb g6=OnfpyOEh~jnm~q{jr~v~v t=0.3s
TIGHT n=16 m=96 tag=perturb g6=OzzNVnt~\~fnrvnx~}y~^ t=0.3s
TIGHT n=16 m=91 tag=perturb g6=O~|zSN}]x~hjt^z~v}~M] t=0.4s
TIGHT n=16 m=87 tag=perturb g6=Oz|nzrtl~zmVzuXZ^FmN{ t=0.2s
TIGHT n=16 m=99 tag=perturb g6=On^}~z~~x[~}ur~d~~^zr t=0.6s
TIGHT n=16 m=101 tag=perturb g6=On~~~V~v]n~~~z~tf|Z|[ t=1.5s
TIGHT n=16 m=89 tag=perturb g6=O~{I}vm^^m|Ubrf~~RV^~ t=0.8s
TIGHT n=16 m=79 tag=perturb g6=OjvIinl{}F~urd|wvMbni t=0.1s
TIGHT n=16 m=80 tag=perturb g6=O{jFWsZY|~^~|Jm]Yrt\l t=0.6s
TIGHT n=16 m=102 tag=perturb g6=Om||~n~vn~z~^}~~Z{^{} t=1.8s
TIGHT n=16 m=93 tag=perturb g6=Orn~}}x|{fnKVxn~~m}~y t=0.9s
TIGHT n=16 m=88 tag=perturb g6=O|~lz~Lv\H[^~n~nY}Fpu t=0.2s
TIGHT n=16 m=88 tag=perturb g6=Ofdnn|TzVwk^~UF~r~{~} t=0.2s
TIGHT n=16 m=81 tag=perturb g6=OTx|M~|pV~m\nWwozK}vv t=0.3s
TIGHT n=16 m=91 tag=perturb g6=Of|}nV~~yD|^tUzyn}ZV~ t=0.5s
TIGHT n=16 m=87 tag=perturb g6=O~^j^VpM~rZ{|C~v~U~tb t=0.2s
TIGHT n=16 m=100 tag=perturb g6=O~~n]~e^~~z|l}Vn}}z~] t=1.7s
TIGHT n=16 m=90 tag=perturb g6=OrV\n|}vTmuRv~yN\~|zz t=0.5s
TIGHT n=16 m=94 tag=perturb g6=Ov~dz~n~[~[~|jvn~}nr_ t=0.3s
TIGHT n=16 m=98 tag=perturb g6=O~nu{~j|}\ff~~~~\F^}~ t=0.4s
TIGHT n=16 m=100 tag=perturb g6=O\~|~|tzpz~t~~v~|z\vz t=1.4s
TIGHT n=16 m=90 tag=perturb g6=Ol~~|mSv~|xnIETvV~^~} t=0.7s
TIGHT n=16 m=87 tag=perturb g6=Oov\zYn{}Fnp^{~zlt|z} t=0.2s
TIGHT n=16 m=100 tag=perturb g6=OTt~x^zvn~|\~}n{~n~|~ t=0.8s
TIGHT n=16 m=91 tag=perturb g6=O^arnn}Mr~vV\V~~N^r~\ t=0.3s
TIGHT n=16 m=79 tag=perturb g6=O~m|UUen\VxGVXhFzx}^| t=0.1s
TIGHT n=16 m=95 tag=perturb g6=O[yuF\~|}~}v^~~l~iV}~ t=1.2s
TIGHT n=16 m=92 tag=perturb g6=Ozn|VVyul^u^}~xmvZ~~d t=0.6s
TIGHT n=16 m=91 tag=perturb g6=OttZxZZ~~~`x~}m{~nztt t=0.7s
TIGHT n=16 m=87 tag=perturb g6=O~Rznknm|~v^TF~nTzqfU t=0.2s
TIGHT n=16 m=88 tag=perturb g6=ONS|~My{~yfHv}t\z~~zx t=0.9s
TIGHT n=16 m=101 tag=perturb g6=O~~xz~fzvzntz~v~~Zn{z t=1.3s
TIGHT n=16 m=90 tag=perturb g6=Ol{n}x~y^||^~^Fn`vsnu t=1.7s
TIGHT n=16 m=88 tag=perturb g6=OrN~m{Z|{fnKVxfv~m}~y t=0.3s
TIGHT n=16 m=97 tag=perturb g6=Ozn|~rzunRu^y}}{}~~~n t=0.4s
TIGHT n=16 m=76 tag=perturb g6=OalzbznFylOUxyc}n~z`j t=0.3s
TIGHT n=16 m=103 tag=perturb g6=Onzzrvv}~l]~~z|^~~t~~ t=1.6s
TIGHT n=16 m=81 tag=perturb g6=OZJuz^~Lret~|uy^SvzJG t=0.2s
TIGHT n=16 m=93 tag=perturb g6=Orr{z}^~XNvZt}n}}}|~{ t=0.5s
TIGHT n=16 m=85 tag=perturb g6=OYZ~z^n\rut~|sy^VJzhk t=0.3s
TIGHT n=16 m=93 tag=perturb g6=Ov~l~|lvX~[]~n^mZ}ft} t=0.7s
TIGHT n=16 m=102 tag=perturb g6=O}||~n~~~~}~vm~mZ{nm} t=1.8s
TIGHT n=16 m=93 tag=perturb g6=Ozl~~|n{^~_}r}bv~Vj~x t=0.5s
TIGHT n=16 m=104 tag=perturb g6=Ot~^^~VZv~~~n}^~~}z|z t=1.4s
TIGHT n=16 m=70 tag=perturb g6=OlwtlVqBJS~a~zY~bUP@{ t=0.1s
TIGHT n=16 m=85 tag=perturb g6=O|vlz~Lv\HY^~nxnY}Fpu t=0.2s
TIGHT n=16 m=75 tag=perturb g6=OT]~p}iY[|fkjLInjI|tm t=0.2s
TIGHT n=16 m=88 tag=perturb g6=O\yuN\~x~~mF^~U|~?u}n t=0.2s
TIGHT n=16 m=91 tag=perturb g6=O~|znvDv}\nkj^|q~Evz~ t=0.4s
TIGHT n=16 m=104 tag=perturb g6=O~~~Zft~|~~n~}vV~|~jv t=1.9s
TIGHT n=16 m=88 tag=perturb g6=O{Z~khvrx[zuur~d~~^zr t=0.6s
TIGHT n=16 m=79 tag=perturb g6=Of}Dn|\uvrmzmkozlZWi^ t=0.5s
TIGHT n=16 m=79 tag=perturb g6=Ow{VUn~~itwDs]}RV]}fr t=0.2s
TIGHT n=16 m=95 tag=perturb g6=Okzhzfs~~|}N|z~~xnd~~ t=0.7s
TIGHT n=16 m=98 tag=perturb g6=O~nu~vt~z~{fivn}^|~L~ t=0.6s
TIGHT n=16 m=72 tag=perturb g6=OilzaxlFyl?Exysmn~z`j t=0.3s
TIGHT n=16 m=105 tag=perturb g6=OV~nz~}~z||}z~n~~n~nV t=0.4s
TIGHT n=16 m=89 tag=perturb g6=Otw~]~~wZ]}^~zVxv^DzJ t=0.3s
TIGHT n=16 m=97 tag=perturb g6=O|~yV}Unr~~p~^n~nr{^~ t=0.8s
TIGHT n=16 m=92 tag=perturb g6=O}n|f|v{v}Z|utL}nV~vx t=1.2s
TIGHT n=16 m=93 tag=perturb g6=OnZzzfc|z|}~txvz~nd]~ t=0.2s
TIGHT n=16 m=89 tag=perturb g6=ONvTE}X~u^~^~ZXz}mu~y t=0.2s
TIGHT n=16 m=84 tag=perturb g6=O~m|]Uen^^xGVz|@zx}~\ t=0.1s
TIGHT n=16 m=85 tag=perturb g6=ORn|z]sB}n^~F~^ntNo[v t=0.1s
TIGHT n=16 m=82 tag=perturb g6=O}kv^u]NbLYzXt]x~~|[[ t=0.2s
TIGHT n=16 m=93 tag=perturb g6=Ov~ly~lv\z[^vf~|Z}fr} t=0.4s
TIGHT n=16 m=75 tag=perturb g6=Oz?Vfq|mOo]~k~K~dIx~| t=0.3s
TIGHT n=16 m=76 tag=perturb g6=O\^~p}iA[|fkzLZnbIltm t=0.1s
TIGHT n=16 m=97 tag=perturb g6=O|~en~slz~{vj~~~]\~L~ t=0.9s
TIGHT n=16 m=89 tag=perturb g6=Os|zv~Jx|mNnZ~}`~\znq t=1.4s
TIGHT n=16 m=93 tag=perturb g6=Ov}z~l|~|r|~~P~VLmvQ| t=0.6s
TIGHT n=16 m=96 tag=perturb g6=Ot~VN~VZV~^|m}^~~nzxV t=1.5s
TIGHT n=16 m=96 tag=perturb g6=O^fZrnq~{n~m|{~z{z~}~ t=1.8s
TIGHT n=16 m=87 tag=perturb g6=O^Bzn|nmxzv^FFn~\~qrU t=0.3s
TIGHT n=16 m=86 tag=perturb g6=OrV\n|wUTmuRu~zN\~x~| t=0.8s
TIGHT n=16 m=90 tag=perturb g6=Onvlzl\v]J[^~n|n^~Npu t=0.2s
TIGHT n=16 m=85 tag=perturb g6=OrnturjUvRu^y}Kw{n~~n t=0.3s
TIGHT n=16 m=84 tag=perturb g6=O~RznknM|~v^TF^jTzqfU t=0.2s
TIGHT n=16 m=91 tag=perturb g6=O\muV\f|~}uv\~tlx}f}~ t=1.0s
TIGHT n=16 m=82 tag=perturb g6=OntztFeTny}ez^^ln\Zsi t=0.3s
TIGHT n=16 m=83 tag=perturb g6=Op~{xmfh^YJLxsjm}~~|\ t=0.1s
TIGHT n=16 m=95 tag=perturb g6=O|Xrur~~~rzzj}}|~\sz~ t=0.6s
TIGHT n=16 m=83 tag=perturb g6=OttI|znboy~^|now\~~Zd t=0.2s
TIGHT n=16 m=87 tag=perturb g6=OmRz}h~ml~vL\f^nXzztV t=0.6s
TIGHT n=16 m=87 tag=perturb g6=O\yu^\~x~~mF^~U\~?}mm t=0.1s
TIGHT n=16 m=89 tag=perturb g6=OzpnFzt~\~fNqunxm}y~^ t=1.4s
TIGHT n=16 m=88 tag=perturb g6=OzV[nv}v\muRufYB|~~~z t=0.5s
TIGHT n=16 m=90 tag=perturb g6=O~~xrVfzv^n~zgv{tZl[z t=0.6s
TIGHT n=16 m=89 tag=perturb g6=Ovv^}|^vTmuRp~uNW~~Zz t=0.2s
TIGHT n=16 m=94 tag=perturb g6=Ozzr]mu~W|fn|~~z~ey~^ t=0.7s
TIGHT n=16 m=88 tag=perturb g6=Orn~]}X|{dnKRhfv~~}~y t=0.4s
TIGHT n=16 m=92 tag=perturb g6=Ov}^^nFZV~v~n}^B}]x|r t=0.5s
TIGHT n=16 m=99 tag=perturb g6=O~|}~[}vR|zzzm~|~n~L~ t=0.7s
TIGHT n=16 m=83 tag=perturb g6=O~\I^VPE^jN{|C~z~^}nR t=1.3s
TIGHT n=16 m=95 tag=perturb g6=O~|fU~k^~~z|K}Vn}}z~] t=0.5s
TIGHT n=16 m=88 tag=perturb g6=O~arlN}Mr~dV\V~~N^r~\ t=1.0s
TIGHT n=16 m=86 tag=perturb g6=Ovv^|v~fTcUPvyy\|~zX| t=0.2s
TIGHT n=16 m=88 tag=perturb g6=Of~dzzn~[~Gf|jvn~}nr_ t=0.1s
TIGHT n=16 m=91 tag=perturb g6=O^K}mfjv|Nz~~~k~]~UYv t=0.6s
TIGHT n=16 m=94 tag=perturb g6=O|v}vRVz^jn^}~|z}vvsf t=0.4s
TIGHT n=16 m=81 tag=perturb g6=Oh]^jfD|~~{Uvd{{snanu t=0.2s
TIGHT n=16 m=108 tag=perturb g6=O^z~~tz~vzz~^~}~~v~|~ t=1.4s
TIGHT n=16 m=86 tag=perturb g6=Ot~nyFlv\Z[vrf~^Z}fby t=0.2s
TIGHT n=16 m=85 tag=perturb g6=Ozjx^Y{V}J\|F~\zsNv~s t=0.6s
TIGHT n=16 m=85 tag=perturb g6=O~|]}BZH]}{U~[vEj~~}m t=0.4s
TIGHT n=16 m=103 tag=perturb g6=O~}~Zft~|~~~~}fV~\vn~ t=0.6s
TIGHT n=16 m=96 tag=perturb g6=O}N^t~zf~V~z{r}t^^~]| t=0.2s
TIGHT n=16 m=79 tag=perturb g6=OnI^jf\|~~sUtl[ssN_f~ t=0.1s
TIGHT n=16 m=91 tag=perturb g6=Osd~vnJn|{n~^z}|~S}}w t=0.5s
TIGHT n=16 m=91 tag=perturb g6=Ov^zV|v^~X|yLvu~rZfzm t=0.3s
TIGHT n=16 m=91 tag=perturb g6=OmN^t~zf~Vnz{rus^^v]} t=0.6s
TIGHT n=16 m=95 tag=perturb g6=Om||~fz~mvzzU~~~^s^{Y t=2.2s
TIGHT n=16 m=89 tag=perturb g6=Ojv~z~|~Hu~kruaNBn^v~ t=0.6s
TIGHT n=16 m=79 tag=perturb g6=Ovm|]Uen^^P?ZzsP|y}v^ t=0.2s
TIGHT n=16 m=87 tag=perturb g6=Ol~e~|XxZ|\HzVF~r~ze} t=0.4s
TIGHT n=16 m=91 tag=perturb g6=OVe}zfnz~vh~^jFN~tvx| t=0.7s
TIGHT n=16 m=101 tag=perturb g6=O}Mvlv~nhN^z~~~~N~~^~ t=1.8s
TIGHT n=16 m=102 tag=perturb g6=Ov}~yvz~~\|fz~f|~~~n] t=1.6s
TIGHT n=16 m=96 tag=perturb g6=O\v\~|tzpb~t~~v~|z\vz t=0.8s
TIGHT n=16 m=97 tag=perturb g6=Ovy|~k|~~v|~~xxVT}~U~ t=0.4s
TIGHT n=16 m=91 tag=perturb g6=Ouv|f|v{v}Z|utL}nV~vx t=0.2s
TIGHT n=16 m=80 tag=perturb g6=Ovv^tt}fTcupfyi{\u~X\ t=0.1s
TIGHT n=16 m=93 tag=perturb g6=Omn^t~zf~F~z{r}tZ]~]| t=0.2s
TIGHT n=16 m=85 tag=perturb g6=OEj~skLjrZuzzv~pn{~Nz t=0.2s
TIGHT n=16 m=83 tag=perturb g6=OUfyre|Z~vh~^jFBzdvx| t=0.2s
TIGHT n=16 m=89 tag=perturb g6=O^l^~VnF}zvjnrZAn}n}r t=0.5s
TIGHT n=16 m=77 tag=perturb g6=OunRm~atfCrmPqqt~~i{z t=0.2s
TIGHT n=16 m=92 tag=perturb g6=Ov~dZZn~[~T~~jvn~}lrc t=0.2s
TIGHT n=16 m=98 tag=perturb g6=Onzzzfs~~|yz|rv~^nd~~ t=0.3s
TIGHT n=16 m=87 tag=perturb g6=Ot^^vZ}~~i}nWtFnN~ZhM t=0.1s
TIGHT n=16 m=90 tag=perturb g6=Olten|\~^|l^^^C~r~yny t=0.5s
TIGHT n=16 m=91 tag=perturb g6=O}~un~Sjz~{tz~~}N|zKW t=0.4s
TIGHT n=16 m=83 tag=perturb g6=O^\^d~^|]}dbuG]ZZh~}y t=0.1s
TIGHT n=16 m=85 tag=perturb g6=O|Wu^{}|~NKV^~U|n_um~ t=0.2s
TIGHT n=16 m=79 tag=perturb g6=O{jFWOZY|~^~xJ}}Yrv\h t=0.3s
TIGHT n=16 m=91 tag=perturb g6=O^fZrnqv{n~m|{vy{x^}~ t=0.6s
TIGHT n=16 m=88 tag=perturb g6=OtbyV}VnbN~p~Zn~nr{]z t=0.6s
TIGHT n=16 m=83 tag=perturb g6=OV^zV|v^~xgyD{u~vZcIn t=0.4s
TIGHT n=16 m=82 tag=perturb g6=Ox^{xzfh^YNHXSjm}~~|\ t=0.7s
TIGHT n=16 m=78 tag=perturb g6=Of}Dn|\uvrkzilozlZWi^ t=0.2s
TIGHT n=16 m=85 tag=perturb g6=O^}r[N}{w~hzT\z~f}yMV t=0.2s
TIGHT n=16 m=91 tag=perturb g6=OnzxXue{||~Y~z~~~VTtu t=1.6s
TIGHT n=16 m=83 tag=perturb g6=Oaf~u{uUt}}wNv}vz]~Dd t=0.2s
TIGHT n=16 m=80 tag=perturb g6=OV^zR|v^~xgyD{u~vZ_Gn t=0.3s
TIGHT n=16 m=91 tag=perturb g6=Ov~tZZn~[~T~yjvn~}lrc t=0.7s
TIGHT n=16 m=87 tag=perturb g6=Oyl^Dvk~u^~~tR~N~VozF t=0.5s
TIGHT n=16 m=98 tag=perturb g6=O~~nZntz||~n~[vf~|~hV t=0.6s
TIGHT n=16 m=85 tag=perturb g6=O{d~vmBn~{jv^zk|~S}{g t=0.2s
TIGHT n=16 m=95 tag=perturb g6=ON~~}V}f]nn|~v~tb~Z|[ t=1.3s
TIGHT n=16 m=88 tag=perturb g6=Oe~FVvze|F~zsv}tZN~]| t=0.6s
TIGHT n=16 m=79 tag=perturb g6=OTx\M~|pV~m\mWwo~Kmvv t=0.3s
TIGHT n=16 m=91 tag=perturb g6=OX|~}vjlz|v|~kJt}}~H} t=0.6s
TIGHT n=16 m=90 tag=perturb g6=Of~}nU^~zL|^s]yqn}\V~ t=0.8s
TIGHT n=16 m=97 tag=perturb g6=Os|~v~r~|{nxV~yz~\~}y t=0.5s
TIGHT n=16 m=78 tag=perturb g6=OmlzfXlNyl_Nxysmn~z`j t=0.1s
TIGHT n=16 m=86 tag=perturb g6=Of|}nU~~yC|^tSjyN}ZV~ t=0.5s
TIGHT n=16 m=97 tag=perturb g6=O~~|j|F~z}^\~Y|]~m~~e t=1.2s
TIGHT n=16 m=89 tag=perturb g6=Of~^vuuUtnnw~v}vz]~Dd t=1.2s
TIGHT n=16 m=79 tag=perturb g6=OKnz^x@zydz~Yt[|tVTju t=0.6s
TIGHT n=16 m=83 tag=perturb g6=O~|]}BZH]}{U~XvEn~]}M t=0.2s
TIGHT n=16 m=99 tag=perturb g6=O^~}|~j|x^n~~l~~\|v{L t=1.5s
TIGHT n=16 m=97 tag=perturb g6=OV^~vtZvj~vxx~^j}x~~z t=0.7s
TIGHT n=16 m=97 tag=perturb g6=O]}~l}z~~|~^lzjv{vd~x t=1.3s
TIGHT n=16 m=97 tag=perturb g6=Ov|z^VvVny~q~Nz^Z^~~} t=1.1s
TIGHT n=16 m=91 tag=perturb g6=Ohz}uZi~j^uz~|zZvJ~n] t=0.1s
TIGHT n=16 m=79 tag=perturb g6=O~z|UUfjLVxMVXhFzx}V\ t=0.2s
TIGHT n=16 m=79 tag=perturb g6=OmVZ}h~ml~pL\fY~WrrTU t=0.2s
TIGHT n=16 m=79 tag=perturb g6=O~z|UUfiLVxMV\hFzx}^X t=0.1s
TIGHT n=16 m=84 tag=perturb g6=Oej~skLjrZuzzvNpn{~Nz t=0.2s
TIGHT n=16 m=83 tag=perturb g6=OnL}nV||zD|^tUX{myZB~ t=0.5s
TIGHT n=16 m=93 tag=perturb g6=O~\ZzV~zN~m}}zn\[tvun t=0.8s
TIGHT n=16 m=77 tag=perturb g6=OV^rV|z^xxwqT{u}VZcGf t=0.5s
TIGHT n=16 m=91 tag=perturb g6=O^jXVNzN|n~m~}~y{z^[{ t=0.4s
TIGHT n=16 m=86 tag=perturb g6=O}N^t~re~Vnz]rvSZHv]} t=1.1s
TIGHT n=16 m=91 tag=perturb g6=Ot~Ntvz|n|~Mb~~Kl^T^^ t=1.3s
TIGHT n=16 m=82 tag=perturb g6=ONuTE~P}c^~^~RXrVfu~y t=0.2s
TIGHT n=16 m=96 tag=perturb g6=O~|~~V~y^~n~]^BZmtvun t=1.4s
TIGHT n=16 m=83 tag=perturb g6=O}d~vkBn||jv^zG|~S}{g t=0.1s
TIGHT n=16 m=86 tag=perturb g6=O{d^vnJn|{n~Kz{|^S}}w t=0.4s
TIGHT n=16 m=84 tag=perturb g6=OrmdVFyph^F^}~p}vZ~~d t=0.7s
TIGHT n=16 m=98 tag=perturb g6=O^~~}~p~|X{^}~jG~~^n~ t=1.1s
TIGHT n=16 m=95 tag=perturb g6=O~mu{~jk}\ff~~~~\F^}~ t=1.1s
TIGHT n=16 m=83 tag=perturb g6=OnDi^|tjv{c^~UM~p^}}e t=0.2s
TIGHT n=16 m=81 tag=perturb g6=OZ^z^vhuyVTPJn~lJuv]T t=0.2s
TIGHT n=16 m=76 tag=perturb g6=ON^~d{TDX}s_tgL^zjv}y t=0.1s
TIGHT n=16 m=90 tag=perturb g6=Oz~xvvzEkNu^}~xnw~|Fn t=0.4s
TIGHT n=16 m=98 tag=perturb g6=On~~zV~uMn~~~z~tv\Z|[ t=1.2s
TIGHT n=16 m=100 tag=perturb g6=O}N~t~~l~^}h~~|~N~RZ~ t=3.0s
TIGHT n=16 m=82 tag=perturb g6=Ozd~s{B^||jv^zG|~S}mg t=0.4s
TIGHT n=16 m=87 tag=perturb g6=O^^}qzU\}^~rHuszt]f~} t=0.3s
TIGHT n=16 m=88 tag=perturb g6=O^fZrnqv{f~m|{uw{x^}~ t=0.7s
TIGHT n=16 m=88 tag=perturb g6=OmN^d~zf~Vmz{rus^^VY~ t=0.3s
TIGHT n=16 m=94 tag=perturb g6=O^^~m~p^{Z}v}lk]~~]zv t=0.8s
TIGHT n=16 m=81 tag=perturb g6=OoDrVnHn|{n~]r}|nC}}w t=0.9s
TIGHT n=16 m=82 tag=perturb g6=OFS|}mY{~ZjHf}d|Znvzx t=0.3s
TIGHT n=16 m=77 tag=perturb g6=OcpGlyfbsmwN|n}y\~~Zd t=0.3s
TIGHT n=16 m=86 tag=perturb g6=Op~^JY^k]F~p~{~znv{zQ t=0.3s
TIGHT n=16 m=88 tag=perturb g6=OLden~slz~kfj~}^]\~L~ t=0.8s
TIGHT n=16 m=82 tag=perturb g6=OtZ]v^k~~mzeWtFmN~rhM t=0.4s
TIGHT n=16 m=82 tag=perturb g6=O{`nvmBn~sjv^zk|~S}kw t=0.9s
TIGHT n=16 m=85 tag=perturb g6=Omtjv\}tRn}v]a~nQZr~m t=0.8s
TIGHT n=16 m=88 tag=perturb g6=Okzhyfs~~h}Nxz~~}}d|i t=1.3s
TIGHT n=16 m=77 tag=perturb g6=OvLzV|z^xxwqT{u}VZcGf t=1.2s
TIGHT n=16 m=91 tag=perturb g6=O\~~^zb~ukt~|VY|jV]}| t=1.1s
TIGHT n=16 m=93 tag=perturb g6=O^~|E~|~u\~^nZxr}Mu|n t=0.4s
TIGHT n=16 m=84 tag=perturb g6=OmN^t~xlvVen{ZiS\^v]^ t=0.4s
TIGHT n=16 m=86 tag=perturb g6=O\V^r|l~Hf~kR}enBn^v~ t=0.3s
TIGHT n=16 m=84 tag=perturb g6=Obzvi~{x~gVxMtWz{s~~^ t=1.1s
TIGHT n=16 m=77 tag=perturb g6=OV^zR|v^~xgiD{u~vJ?Gn t=0.7s
TIGHT n=16 m=73 tag=perturb g6=O~e[uUen\FwGRZcE|x~N| t=0.3s
TIGHT n=16 m=73 tag=perturb g6=OvDrV|z^whpqT{u}VZe?f t=0.3s
TIGHT n=16 m=91 tag=perturb g6=Ov~dz~n~[~[~|Jfn^}lv_ t=1.1s
TIGHT n=16 m=101 tag=perturb g6=Onyzrvvm~l]~}~|^~~t~~ t=2.8s
TIGHT n=16 m=72 tag=perturb g6=OmlzaxLFylSExyoen~z`j t=0.2s
TIGHT n=16 m=88 tag=perturb g6=OtzVN~VJF~\tm}^~~lxhu t=0.4s
TIGHT n=16 m=82 tag=perturb g6=Oe~|VusClb~g~v}vjM~Vd t=0.3s
TIGHT n=16 m=101 tag=perturb g6=Orny}||]~~~]}rN}~~~~} t=0.4s
TIGHT n=16 m=85 tag=perturb g6=O^W}kbjv|Nxf~nkn}~UW~ t=2.0s
TIGHT n=16 m=91 tag=perturb g6=Oy||~fz~mRzz]~^^~sZ{W t=1.2s
TIGHT n=16 m=103 tag=perturb g6=O|Y~~}~~|V~~vzln~~^rz t=2.9s
TIGHT n=16 m=100 tag=perturb g6=O~}yV}V~r~z~^~mV~rv}~ t=1.3s
TIGHT n=16 m=85 tag=perturb g6=Oy~unnSjzj{lz~Z}N|zKW t=0.3s
TIGHT n=16 m=91 tag=perturb g6=Osd~vnJnd~n~^z}|~S}}w t=1.1s
TIGHT n=16 m=94 tag=perturb g6=OvrznN~m~~v^XF~~^~qvD t=1.0s
TIGHT n=16 m=83 tag=perturb g6=Oy~unnSjzH{lz~^mN|zKW t=0.3s
TIGHT n=16 m=83 tag=perturb g6=Ot~nyf|vTZ[srf~LZ}fby t=0.3s
TIGHT n=16 m=84 tag=perturb g6=Ow{VV~~~iv{Tu[}bV]}fr t=0.7s
TIGHT n=16 m=92 tag=perturb g6=OV\vuz~^zVnrl~u]n^fvu t=1.3s
TIGHT n=16 m=97 tag=perturb g6=Ovnyy||]~|^]}rN}||~~} t=1.5s
TIGHT n=16 m=79 tag=perturb g6=OFBzf|nM|zv^Fbn}l^OrB t=0.4s
TIGHT n=16 m=83 tag=perturb g6=OrV\jl~vDmuTr}g^^~Zxx t=0.6s
TIGHT n=16 m=73 tag=perturb g6=Of}Dn|\uurkziloxhZWi[ t=0.3s
TIGHT n=16 m=83 tag=perturb g6=Ol~e^|XxZ|\HzvBvrzje} t=0.4s
TIGHT n=16 m=87 tag=perturb g6=OZ]}t~gxp^}~~l^f\xt|M t=0.8s
TIGHT n=16 m=86 tag=perturb g6=Oz|nzbtl~zmVzuXZ^Jm]{ t=1.0s
TIGHT n=16 m=91 tag=perturb g6=O[yuF\~|}t}v^~~l~AV}~ t=0.3s
TIGHT n=16 m=100 tag=perturb g6=Ot~^V~VZv~~Znu^~~}zx~ t=2.8s
TIGHT n=16 m=98 tag=perturb g6=OF}nz~}}z||}zz^~^n}nT t=0.8s
TIGHT n=16 m=79 tag=perturb g6=O~ArHN}IrldV\V}ZN^rv^ t=0.3s
TIGHT n=16 m=86 tag=perturb g6=Ov}lZWn~[fT~]jvn~}lrc t=0.3s
TIGHT n=16 m=103 tag=perturb g6=On~rjvj~v|}~~z~~~|tz} t=0.4s
TIGHT n=16 m=95 tag=perturb g6=O|~{uvn|yxv^~k~|}}~H} t=1.1s
TIGHT n=16 m=92 tag=perturb g6=Ov}~wvx~l\|cyve\~~~n] t=1.2s
TIGHT n=16 m=89 tag=perturb g6=O}|}vW[vR|zz{]}|]N~L~ t=0.9s
TIGHT n=16 m=100 tag=perturb g6=O~lV~vv~x|v~Zz}^^vN~v t=1.2s
TIGHT n=16 m=97 tag=perturb g6=OV~}vr~Z~^~z{~ujl^l~{ t=0.9s
TIGHT n=16 m=85 tag=perturb g6=Oz|nzrtl~zeviuXZ^FmN{ t=0.7s
TIGHT n=16 m=76 tag=perturb g6=O`J{T]ze\x?Nmn~|vRZFv t=0.3s
TIGHT n=16 m=99 tag=perturb g6=OnzZzfs~~|}~|z}~~nc~| t=1.0s
TIGHT n=16 m=86 tag=perturb g6=OOMslv~H|H^q~~znMn~^~ t=0.4s
TIGHT n=16 m=99 tag=perturb g6=O~lV~vv~x|v~zz}Z~vJ~V t=2.6s
TIGHT n=16 m=91 tag=perturb g6=Oj^^jfn~~v~mrd|wvbrnn t=0.5s
TIGHT n=16 m=97 tag=perturb g6=O~}N^|v^~}~^n}^~n\X\Y t=2.6s
TIGHT n=16 m=91 tag=perturb g6=OMfJrnq~|n~n|{Uy{z~}~ t=0.3s
TIGHT n=16 m=92 tag=perturb g6=O^^nZR~Le|mjmv^n~~Z~l t=0.8s
TIGHT n=16 m=91 tag=perturb g6=OTw~~|z|Z]~t~j^hunVzj t=0.4s
TIGHT n=16 m=88 tag=perturb g6=O~r^rn|Z\u^kruenBn^v~ t=0.8s
TIGHT n=16 m=75 tag=perturb g6=O~QDn|~uvrkziNeXlJWi[ t=0.6s
TIGHT n=16 m=84 tag=perturb g6=OZY}d~l|p^}V~H^f\xt|M t=1.0s
TIGHT n=16 m=96 tag=perturb g6=O~j|~]{v}n^~F~^ntNr~V t=0.8s
TIGHT n=16 m=88 tag=perturb g6=Oh|k{|\v^tl^r^fzr]}n} t=0.4s
TIGHT n=16 m=75 tag=perturb g6=OQ^z^|vX~xLy?\uyfYcIn t=0.6s
TIGHT n=16 m=84 tag=perturb g6=Ovj|n]{v}lEnF~D^{NvzD t=0.3s
TIGHT n=16 m=92 tag=perturb g6=Ory||ex~~vd~~xxVF}~U~ t=0.8s
TIGHT n=16 m=84 tag=perturb g6=OtV]vZN~~{}jW~NVJmyJ] t=1.1s
TIGHT n=16 m=84 tag=perturb g6=OlxYz~jb`zZN|nwy\~~Zd t=0.2s
TIGHT n=16 m=94 tag=perturb g6=OzLzz~v}~rNvz}\z}fe^| t=1.2s
TIGHT n=16 m=73 tag=perturb g6=Ob}fbiYlxmPHv~Vu|XSW} t=0.3s
TIGHT n=16 m=76 tag=perturb g6=OV^zR|v^~x_iD{u~vJAGf t=0.3s
TIGHT n=16 m=74 tag=perturb g6=Otr|EUFiLVxMrlhNZxz\\ t=0.3s
TIGHT n=16 m=84 tag=perturb g6=OjN|~rzunRu]y}M{i]|ff t=1.1s
TIGHT n=16 m=99 tag=perturb g6=Ot~^V~VZv~~znr]z~}zx~ t=0.4s
TIGHT n=16 m=74 tag=perturb g6=ONZy||zLvjIxSzDwYzSfJ t=0.3s
TIGHT n=16 m=83 tag=perturb g6=OnMvrV~u]n}V}ynpFl@|\ t=1.4s
TIGHT n=16 m=86 tag=perturb g6=OV~dz~i~w|W||jum~}kvg t=0.4s
TIGHT n=16 m=80 tag=perturb g6=OntzpNevmq~Ey]}ln\]{a t=0.4s
TIGHT n=16 m=73 tag=perturb g6=O}lziXLFyHPUjzoEV~zjj t=0.3s
TIGHT n=16 m=75 tag=perturb g6=O^S|}e]{zQi@f}dnQFvzx t=0.6s
TIGHT n=16 m=78 tag=perturb g6=Oz?Vfq~mwo]~k~K~dIx~| t=0.9s
TIGHT n=16 m=81 tag=perturb g6=O^]ZvVpMzr^{wCyv~V^tb t=0.8s
TIGHT n=16 m=86 tag=perturb g6=OrvKz}^~XBvZt}n}}}{b{ t=1.0s
TIGHT n=16 m=83 tag=perturb g6=Of|^vuuUtnnW~v}qz]zDD t=0.6s
TIGHT n=16 m=92 tag=perturb g6=OWqmF\~}~~}v~~zl{JN}~ t=0.6s
TIGHT n=16 m=82 tag=perturb g6=OKfTE}Xvu^}^nZH~]mm~u t=0.4s
TIGHT n=16 m=88 tag=perturb g6=O^arnn}Mr~vVLV~~F^b~\ t=1.1s
TIGHT n=16 m=100 tag=perturb g6=O^}~~nz~~Vh~z~Nf~xvxn t=2.6s
TIGHT n=16 m=73 tag=perturb g6=OfmldZJMgkP@v~~V|XSx} t=0.2s
TIGHT n=16 m=80 tag=perturb g6=Oy}{x^sgN^NHxsjM}~}h^ t=0.6s
TIGHT n=16 m=91 tag=perturb g6=O^^zm~p^S~}v}lku~~YZv t=0.5s
TIGHT n=16 m=86 tag=perturb g6=OntztFeVny|a}^}ln^~ti t=0.3s
TIGHT n=16 m=93 tag=perturb g6=Onrxnn~}|zVN\V~~^nUvT t=2.5s
TIGHT n=16 m=78 tag=perturb g6=OZJuz^~Kret~{qy^SvzJG t=0.3s
TIGHT n=16 m=95 tag=perturb g6=On|]~]{vRpzzzm~|~n~L~ t=0.4s
TIGHT n=16 m=81 tag=perturb g6=OnIrrV~zyn}V}}dvFl@tX t=0.8s
TIGHT n=16 m=80 tag=perturb g6=Ovw]|ZyJ[}[Ux[}En~}sn t=0.3s
TIGHT n=16 m=86 tag=perturb g6=OtbyV}VnbN}t|Rn~nr{]z t=1.0s
TIGHT n=16 m=85 tag=perturb g6=Obzvm||x~gVxMtWz{s~~^ t=0.3s
TIGHT n=16 m=87 tag=perturb g6=Os|~t~q~t{nxN~hnyTtuy t=1.1s
TIGHT n=16 m=82 tag=perturb g6=O\e{Wfmz~vh~~bE^jVux\ t=1.1s
TIGHT n=16 m=86 tag=perturb g6=O^|lxcluTz]~Vn~|W}fr} t=0.9s
TIGHT n=16 m=87 tag=perturb g6=O}^n^R~Le|IJ}u^n~~zT[ t=0.5s
TIGHT n=16 m=91 tag=perturb g6=O}M~t~vl{^]h~r~|N~QR~ t=0.8s
TIGHT n=16 m=98 tag=perturb g6=OX~|~Vtzpz~t~~q~~~\vz t=1.5s
TIGHT n=16 m=81 tag=perturb g6=Om|M~]{vRPxa~nyk~nuH{ t=0.7s
TIGHT n=16 m=76 tag=perturb g6=O~m|UUen\VxGTXhFzx}Nx t=0.3s
TIGHT n=16 m=73 tag=perturb g6=Oknj\x@zyLjzYt[ttVThs t=0.3s
TIGHT n=16 m=88 tag=perturb g6=O{d~vMBn~{h~^zk|~\}}w t=0.4s
TIGHT n=16 m=78 tag=perturb g6=O~z|UUfiLVxMVThFzx}]\ t=0.3s
TIGHT n=16 m=86 tag=perturb g6=OL~yZxb~uk|v{^J|jV]}| t=0.8s
TIGHT n=16 m=81 tag=perturb g6=O}Vbv^}pRj}u[J\jUZv^l t=0.3s
TIGHT n=16 m=92 tag=perturb g6=O]||}f~}~~y~vi~mZ{hmq t=2.3s
TIGHT n=16 m=95 tag=perturb g6=Oz\jZx~N}v|~}^mxTn~|~ t=2.2s
TIGHT n=16 m=91 tag=perturb g6=O~~UXW}~R|Zzl}~|~m~D} t=1.2s
TIGHT n=16 m=100 tag=perturb g6=Onnxz|v|^}}~~rlvl^~~z t=1.2s
TIGHT n=16 m=91 tag=perturb g6=Ol~~|k\v~|xniMTvV~^l} t=2.5s
TIGHT n=16 m=87 tag=perturb g6=OtfVM~^WV~V|m}]e~nzxV t=0.3s
TIGHT n=16 m=81 tag=perturb g6=Oum|]Uan^^P?Zz|P~}}v^ t=0.6s
TIGHT n=16 m=91 tag=perturb g6=OZv^~\n}}tzf~|~wf^Wu] t=0.3s
TIGHT n=16 m=90 tag=perturb g6=OX^~m~p^{Z}v}lk]f~]zv t=0.4s
TIGHT n=16 m=90 tag=perturb g6=Ot}N^{F]|}~[~}^~nxJ\Z t=2.2s
TIGHT n=16 m=85 tag=perturb g6=Ouh\~uvlzttmZqi^]uN~v t=0.4s
TIGHT n=16 m=75 tag=perturb g6=OIVJ~h~ml~pLNfW~wRaVU t=0.3s
TIGHT n=16 m=94 tag=perturb g6=O|mrF[nk}~{^^~~{~}Vz~ t=0.7s
TIGHT n=16 m=85 tag=perturb g6=OvzmreO~z|wz[rv~^ndyf t=0.3s
TIGHT n=16 m=84 tag=perturb g6=O~wm~uFZ~n}\na^cxWvf| t=0.7s
TIGHT n=16 m=73 tag=perturb g6=O}hziXLFyHWUJzoE\~~jn t=0.6s
TIGHT n=16 m=95 tag=perturb g6=On|]h|L~zx^\~ztv}m~~v t=1.5s
TIGHT n=16 m=78 tag=perturb g6=Ow^gtxfhZW^LxUbk}~~|\ t=0.3s
TIGHT n=16 m=72 tag=perturb g6=OwbFWOZg~^^~xJu{Yov\h t=0.6s
TIGHT n=16 m=101 tag=perturb g6=O~n~Zf{~|~vf~}vV~|~jv t=2.9s
TIGHT n=16 m=79 tag=perturb g6=OjHVt~yf~Fz]{rUcM^ruu t=0.3s
TIGHT n=16 m=89 tag=perturb g6=O|brnNzMr~dVlV~~\^r~\ t=1.0s
TIGHT n=16 m=81 tag=perturb g6=OmpZtF}Tny}e}^^ln\Zsi t=0.3s
TIGHT n=16 m=77 tag=perturb g6=O~z|SuVjMRx]VXhCzx}V\ t=0.3s
TIGHT n=16 m=85 tag=perturb g6=OyllvVi^|^u^}ZwevZ~|D t=1.0s
TIGHT n=16 m=96 tag=perturb g6=OuzZvNt~Vzjt~~F~~^|~r t=1.3s
TIGHT n=16 m=91 tag=perturb g6=Ov^~jjF~r}Z^Nz|^~mxzc t=0.8s
TIGHT n=16 m=79 tag=perturb g6=O~RznmjM|~f^tF]jDzQfO t=0.6s
TIGHT n=16 m=83 tag=perturb g6=O]kI}vm^^mkUrrn~TRV^~ t=1.2s
TIGHT n=16 m=84 tag=perturb g6=OrntErzUvRvZy}Kw{n~~n t=0.3s
TIGHT n=16 m=101 tag=perturb g6=O|~}vV~z^vn~~~}x]vvun t=1.3s
TIGHT n=16 m=92 tag=perturb g6=Ot~Lt~z|l~~Mb\~Ml~\^^ t=1.2s
TIGHT n=16 m=90 tag=perturb g6=Of{|z^|V\vsF~nYn^}nzu t=1.1s
TIGHT n=16 m=91 tag=perturb g6=Ovy~wrp~l\~w}~e\|z~n] t=1.2s
TIGHT n=16 m=97 tag=perturb g6=O}N~t~~m~N~j~x|~N~RB~ t=1.3s
TIGHT n=16 m=89 tag=perturb g6=O^jXvNzN\L~m~}~y{z^][ t=0.8s
TIGHT n=16 m=94 tag=perturb g6=Oxv\|}t~tZ~Nu^Tvj~v~v t=0.9s
TIGHT n=16 m=87 tag=perturb g6=Ovj|nM\m~~rNJF~~Y~uuD t=0.6s
TIGHT n=16 m=85 tag=perturb g6=OT~tM~|xVn]wjZwz}levv t=0.8s
TIGHT n=16 m=97 tag=perturb g6=Ot~^V~VZv~}Znu^~}}Zx~ t=1.2s
TIGHT n=16 m=95 tag=perturb g6=ORv~~[j~}vzffn~w~^\}} t=1.2s
TIGHT n=16 m=76 tag=perturb g6=OmtbpNa~eq~Ey]|ln\]{a t=0.4s
TIGHT n=16 m=95 tag=perturb g6=O\yuF|\|}~}v^~~l~qV}~ t=2.6s
TIGHT n=16 m=91 tag=perturb g6=Oyzun~Sjz~{tz~~}N|~[W t=1.2s
TIGHT n=16 m=99 tag=perturb g6=O~|u~suvR}zz~}~|~n~L~ t=2.5s
TIGHT n=16 m=88 tag=perturb g6=OuNnt~^m~F~nbws~N~RJn t=1.5s
TIGHT n=16 m=95 tag=perturb g6=O~~^~r^j]yZ^^t~^zlNlz t=1.7s
TIGHT n=16 m=85 tag=perturb g6=Ot|J~~Jx|mNnQ~{p~\yxq t=0.9s
TIGHT n=16 m=85 tag=perturb g6=OtV]vZN~~{}jW~NVHmyj^ t=1.3s
TIGHT n=16 m=94 tag=perturb g6=O}N]t~zn~V~z{r}t^^~Y\ t=0.4s
TIGHT n=16 m=89 tag=perturb g6=Ouv^~|}rTmsRv~vN|\NZz t=0.4s
TIGHT n=16 m=85 tag=perturb g6=ON~Ln~Lvvqmymn|rlYYy} t=0.3s
TIGHT n=16 m=82 tag=perturb g6=OZY}f~l|p]uR~H^t\xt|M t=0.5s
TIGHT n=16 m=78 tag=perturb g6=O||pryUMlFY]vzGxn~xwr t=0.3s
TIGHT n=16 m=90 tag=perturb g6=O^}F]~rL~|~^n}^~n\W[Y t=2.5s
TIGHT n=16 m=67 tag=perturb g6=Ove[qREn^Dx__ZcE|x~Jt t=0.2s
TIGHT n=16 m=89 tag=perturb g6=ON}Nr~}}z||}zrNU^n]nO t=0.7s
TIGHT n=16 m=79 tag=perturb g6=OrvKz}N}PAvZt}iu}~sb{ t=0.8s
TIGHT n=16 m=86 tag=perturb g6=OvWtzk|~~v|~^xzRssfUy t=1.0s
TIGHT n=16 m=86 tag=perturb g6=OyllrVi^||ev}Z}uvZ~dN t=0.4s
TIGHT n=16 m=88 tag=perturb g6=OUX[~l~^~^}rKve~NFf~} t=1.1s
TIGHT n=16 m=88 tag=perturb g6=Ovwtzk|~~v|~^xZRtsnUy t=1.0s
TIGHT n=16 m=83 tag=perturb g6=OlZ~Hk\vN|{nimTVv~]h} t=0.4s
TIGHT n=16 m=85 tag=perturb g6=O^bZrnjv{d~m{suw|[^n~ t=0.7s
TIGHT n=16 m=100 tag=perturb g6=O~z]]nvZv~~zn}^~~}zxr t=1.3s
TIGHT n=16 m=88 tag=perturb g6=OZJ}z^~\r}t~|sy^]}zhk t=0.4s
TIGHT n=16 m=84 tag=perturb g6=Or~lA}{~uVrMnZXR}Mu~~ t=0.5s
TIGHT n=16 m=79 tag=perturb g6=O]a}^f|rxJw}^~mmTL\fa t=0.4s
TIGHT n=16 m=96 tag=perturb g6=O~rznn~m||v^\V~|~vbvT t=1.2s
TIGHT n=16 m=84 tag=perturb g6=OkftU}Xvu^}]~ja~}mm|k t=0.4s
TIGHT n=16 m=90 tag=perturb g6=Onxzz~Dv~\nkz\nq{ev~} t=1.2s
TIGHT n=16 m=97 tag=perturb g6=Ony~vtSm~lI~}~|^~~t~~ t=0.5s
TIGHT n=16 m=95 tag=perturb g6=Ot~^V}RZv~uznu^~}}Zx~ t=2.6s
TIGHT n=16 m=88 tag=perturb g6=O]bZbjqv|n|k|]~z~z}g~ t=0.8s
TIGHT n=16 m=92 tag=perturb g6=OKzjzduz||}L|z~~zmN~| t=2.5s
TIGHT n=16 m=78 tag=perturb g6=Of}cn|\vvrmHncozd^yi] t=0.7s
TIGHT n=16 m=83 tag=perturb g6=OrqjtvzjgvmXQZ}l^ru~~ t=0.3s
TIGHT n=16 m=94 tag=perturb g6=OzlVzrd~x|v~zz}Z~vJ~V t=0.7s
TIGHT n=16 m=89 tag=perturb g6=O~~^~r^iYiX^ztzZzLn\z t=1.3s
TIGHT n=16 m=86 tag=perturb g6=OfarnF}MvvdV\V~~N^r~\ t=0.4s
TIGHT n=16 m=81 tag=perturb g6=OrV\jlvvD}uTrsg^^~Zxx t=0.8s
TIGHT n=16 m=77 tag=perturb g6=O}bEOOZY|^^~yJu}]r|\x t=0.4s
TIGHT n=16 m=89 tag=perturb g6=OZu^~\n}}|re~|~wf^Wu] t=0.8s
TIGHT n=16 m=85 tag=perturb g6=Ow~Vjy\{}L{sr|~zne|Z] t=0.7s
TIGHT n=16 m=82 tag=perturb g6=OfZnYR~\e|IJ}u\j~~zT[ t=0.4s
TIGHT n=16 m=84 tag=perturb g6=OuNmT~^m~Fxnbws~N~RJn t=0.5s
TIGHT n=16 m=83 tag=perturb g6=OeX|n|r{vUZ|utL]}Rvvx t=0.4s
TIGHT n=16 m=91 tag=perturb g6=OmN^d~zf~Vmz{zuu~^VZn t=0.7s
TIGHT n=16 m=80 tag=perturb g6=O|~^\rYiYiX^z|}zWHnLy t=0.3s
TIGHT n=16 m=83 tag=perturb g6=OF~^f}uetrewlv}vzV~Dd t=0.7s
TIGHT n=16 m=92 tag=perturb g6=OZnz~rzunRu^y^}\u^|vn t=0.7s
TIGHT n=16 m=85 tag=perturb g6=Okrj}x~Kt~vL\f\~Xzx}V t=0.4s
TIGHT n=16 m=94 tag=perturb g6=Ov{yN~n~~|jz^~ZiuB^n~ t=2.7s
TIGHT n=16 m=86 tag=perturb g6=O^fZrlqv{n~m|ovy{xZ}^ t=0.3s
TIGHT n=16 m=99 tag=perturb g6=O~yt|^tzvzNt~z~~^^}~j t=1.2s
TIGHT n=16 m=85 tag=perturb g6=OvzeruO~z|wz\bv~^ndyf t=0.4s
TIGHT n=16 m=89 tag=perturb g6=Ot[~]|z{ZM^~vy^xv^lzJ t=0.4s
TIGHT n=16 m=88 tag=perturb g6=Oj^\nnn~|r~mrd|wfBrnn t=0.3s
TIGHT n=16 m=94 tag=perturb g6=O|l~|vv^j}\y~Zh~z]l~] t=1.0s
TIGHT n=16 m=101 tag=perturb g6=O~~^~}~]~}\nn}^~vyzdz t=0.8s
TIGHT n=16 m=80 tag=perturb g6=Om|Ev]{vRBxq~nyL~vuH{ t=0.5s
TIGHT n=16 m=78 tag=perturb g6=OjULlne~|q~ern|wfBqLf t=0.3s
TIGHT n=16 m=94 tag=perturb g6=O~~nYft~|jh~\MuU~|~n~ t=1.1s
TIGHT n=16 m=83 tag=perturb g6=OmVbv^ytRe{v]j~nQyvV} t=0.3s
TIGHT n=16 m=85 tag=perturb g6=OR\~ez~^xNnrhzCyn]nvu t=0.4s
TIGHT n=16 m=89 tag=perturb g6=OuulmB~n~}x}t|vni~s\} t=0.3s
TIGHT n=16 m=71 tag=perturb g6=OxeKJj^{n~ayME|q}ZHBX t=0.1s
TIGHT n=16 m=88 tag=perturb g6=OWqeB^~}~~}V~~zl{JNlv t=2.2s
TIGHT n=16 m=93 tag=perturb g6=O~zQ~vs~nt]~|xvN~Mt~{ t=1.0s
TIGHT n=16 m=84 tag=perturb g6=On~UXWvvR|Z~l}~|me^C] t=1.3s
TIGHT n=16 m=90 tag=perturb g6=OXu^~\n}}|zfz~~wf^Wu] t=1.3s
TIGHT n=16 m=82 tag=perturb g6=O}{m~}\uR^NPrfevnviF\ t=0.2s
TIGHT n=16 m=83 tag=perturb g6=OrmdvFgph^F^}~p}vZ~~d t=0.4s
TIGHT n=16 m=70 tag=perturb g6=O~e[uUef\F{GRZcE|x^N[ t=0.2s
TIGHT n=16 m=91 tag=perturb g6=Oz\rZx~H}f|~}^mzTn~l| t=0.3s
TIGHT n=16 m=74 tag=perturb g6=Of}_f|\uvrmHnCozp\jm] t=0.7s
TIGHT n=16 m=95 tag=perturb g6=O}Lzt~~l~^}h~~|^N~RR| t=2.4s
TIGHT n=16 m=74 tag=perturb g6=OUcrEUaN^FTAZz|P~}}v^ t=0.1s
TIGHT n=16 m=85 tag=perturb g6=OzSnzrtl|z}vzuXZ^FnNk t=1.1s
TIGHT n=16 m=84 tag=perturb g6=O~r|igFfzyZT~YzS~m~~e t=0.8s
TIGHT n=16 m=90 tag=perturb g6=Ov~dznn|K~]~xivn~}nr_ t=0.3s
TIGHT n=16 m=89 tag=perturb g6=O^}F]~pL~|~^n}^Zn\W\y t=0.2s
TIGHT n=16 m=77 tag=perturb g6=O~ArHN}IrllU\VmXN^rv^ t=0.4s
TIGHT n=16 m=81 tag=perturb g6=OvUyJvnjJ|Zr^~zIoB\n^ t=0.3s
TIGHT n=16 m=91 tag=perturb g6=O\yuFv\|}~}}z~^d~RR]~ t=0.3s
TIGHT n=16 m=69 tag=perturb g6=O~e[uUef\F{?RZcE|p~N[ t=0.2s
TIGHT n=16 m=83 tag=perturb g6=Oh{n}x~yZx{^|^BN`vsny t=1.1s
TIGHT n=16 m=88 tag=perturb g6=OZyr]kq~Wpfn|~~z~Uy~^ t=0.8s
TIGHT n=16 m=78 tag=perturb g6=Ot~fyf|vVZ[swdnLZ}ebw t=0.2s
TIGHT n=16 m=95 tag=perturb g6=Ov~un~Snz~{vj~~~N|zK] t=0.3s
TIGHT n=16 m=81 tag=perturb g6=O}{}~U\qr~NPrfUtnvkB^ t=0.3s
TIGHT n=16 m=100 tag=perturb g6=Ov~|z~nv\~]]~nvn^}nzm t=1.7s
TIGHT n=16 m=83 tag=perturb g6=OuNnSz^m~Fxnbws~N~RJn t=0.6s
TIGHT n=16 m=79 tag=perturb g6=O^{zI^|idX{}_v~znk]Rb t=0.3s
TIGHT n=16 m=71 tag=perturb g6=OpmxxqyUj[hrJlqp~jSZe t=0.6s
TIGHT n=16 m=76 tag=perturb g6=OUYR^|vWzx^yL^fyvWcIn t=0.2s
TIGHT n=16 m=77 tag=perturb g6=O~^mUn^pVehxN~ZD{LRRb t=0.3s
TIGHT n=16 m=89 tag=perturb g6=O`r}uJi~j^~r~|zZvJ~~U t=0.4s
TIGHT n=16 m=91 tag=perturb g6=Ov~~v}uUtf~W~v}vzV~Dd t=1.1s
TIGHT n=16 m=82 tag=perturb g6=Opm|fbJUvRu^}]Mo{n~~n t=0.3s
TIGHT n=16 m=95 tag=perturb g6=O|nzlVr^n}nj~zz~Z^~{w t=1.2s
TIGHT n=16 m=73 tag=perturb g6=OzJzgmjKl~f^tF]jDzQVO t=0.7s
TIGHT n=16 m=81 tag=perturb g6=O{kvNu]NbLZjXt]x|~~[\ t=0.5s
TIGHT n=16 m=86 tag=perturb g6=O}N~t~rl{^Qh~vvtN|AR~ t=0.6s
TIGHT n=16 m=81 tag=perturb g6=OzSnzrqk|z}^zuWz^bnFK t=0.1s
TIGHT n=16 m=92 tag=perturb g6=OdNnn~Muv{~v^Vyzzj~^N t=0.5s
TIGHT n=16 m=81 tag=perturb g6=ORn|r]uBun^~Fz]nTNo[v t=0.4s
TIGHT n=16 m=89 tag=perturb g6=O[iuF\~|}t~vN}~l~AV}~ t=1.0s
TIGHT n=16 m=98 tag=perturb g6=O{{~^mtnvz~~U~Trv~~~v t=1.1s
TIGHT n=16 m=75 tag=perturb g6=O^[|}e]{~Qi@f}dnREqzx t=0.3s
TIGHT n=16 m=85 tag=perturb g6=Osdn~nJidnn~\z}|~smyg t=0.8s
TIGHT n=16 m=87 tag=perturb g6=OqMvlv~NhNJjv}r~^ll^z t=0.8s
TIGHT n=16 m=78 tag=perturb g6=OunRm~btfCrmPqql~~i{z t=0.3s
TIGHT n=16 m=107 tag=perturb g6=Oz^~~~~~xY~~uz~n~~^^~ t=3.4s
TIGHT n=16 m=92 tag=perturb g6=O~LN^|v~~}~^N{Nzn\Z\I t=1.3s
TIGHT n=16 m=90 tag=perturb g6=Oz\rZx~h}f|~]ZmzTn~l| t=1.7s
TIGHT n=16 m=101 tag=perturb g6=Omivl~~mxN^z~~~~N~}~~ t=2.1s
TIGHT n=16 m=87 tag=perturb g6=Oz\xYxzN~vVx]]mx\vX|~ t=0.9s
TIGHT n=16 m=91 tag=perturb g6=O}zun~Sjz~~tZ}~}N|^KX t=0.4s
TIGHT n=16 m=94 tag=perturb g6=OXf|{Vtzpz~t~~q~~~\vz t=0.2s
TIGHT n=16 m=78 tag=perturb g6=Otr|hgFfzyY\~YzS|e|ne t=0.2s
TIGHT n=16 m=89 tag=perturb g6=Ovi|dlx~~vd~~xlVF}|S~ t=0.9s
TIGHT n=16 m=95 tag=perturb g6=Ob}vx\~N~t|~t~mx^n~d~ t=0.5s
TIGHT n=16 m=80 tag=perturb g6=OrympVznGtn@QZ}m^ru~~ t=0.6s
TIGHT n=16 m=81 tag=perturb g6=OuNnSz^m~Fxn_ws~N~RRn t=0.4s
TIGHT n=16 m=83 tag=perturb g6=Oz|nzqdl~zcvivHZ~FmN{ t=0.3s
TIGHT n=16 m=79 tag=perturb g6=O|WvI]}|~NLR^~Q{n_ukv t=0.4s
TIGHT n=16 m=76 tag=perturb g6=Om|M~][vRPxavfYKn~uH{ t=0.7s
TIGHT n=16 m=80 tag=perturb g6=OmBnd~zf}Rnz{Yuu~ZEIj t=0.3s
TIGHT n=16 m=81 tag=perturb g6=OuuLuF~n~{xIu|~nI~s[a t=0.4s
TIGHT n=16 m=87 tag=perturb g6=OVNtz~ku^~V[|lvN]uNzl t=0.4s
TIGHT n=16 m=79 tag=perturb g6=O[iQF\^|zsnfn{~ljARu~ t=0.3s
TIGHT n=16 m=82 tag=perturb g6=O`s~z\}}y|Hfrz~wf^Wu] t=0.4s
TIGHT n=16 m=84 tag=perturb g6=Ozzm~}F|~F][ldYshztf~ t=0.7s
TIGHT n=16 m=81 tag=perturb g6=OyvuN~Sjz^{tP|z]N|zKW t=0.3s
TIGHT n=16 m=85 tag=perturb g6=OvV~YR~NE|Ynk^\n^~zT[ t=0.2s
TIGHT n=16 m=89 tag=perturb g6=OrT\n~mvTmuRv~yN^^|zz t=1.0s
TIGHT n=16 m=79 tag=perturb g6=OtqyTkVn`NvpnYn~nrwVj t=0.4s
TIGHT n=16 m=74 tag=perturb g6=O~DrVlz^wjorT{m}VZe?f t=0.3s
TIGHT n=16 m=89 tag=perturb g6=Om}fVvze|F~zsv}tZN~]| t=1.1s
TIGHT n=16 m=85 tag=perturb g6=Owk^Dvl~}R}ntRx~~Vo~f t=0.6s
TIGHT n=16 m=90 tag=perturb g6=OZ|~}v~zZ~n~]^BZeUqun t=1.0s
TIGHT n=16 m=96 tag=perturb g6=O~Nln^l~~Y~~uzxn}V\z} t=0.8s
TIGHT n=16 m=78 tag=perturb g6=O||xryuClFY]vzGxn~xpr t=0.2s
TIGHT n=16 m=82 tag=perturb g6=OSN^T^^nxVzzobuv^}~YP t=0.3s
TIGHT n=16 m=81 tag=perturb g6=OfL}nV||xD|^tUP}myZB~ t=0.3s
TIGHT n=16 m=68 tag=perturb g6=ONJoxwzNnxiNSRdyQxSfJ t=0.3s
TIGHT n=16 m=90 tag=perturb g6=OjxvzrDv~\nlz]nq~ev~} t=0.3s
TIGHT n=16 m=95 tag=perturb g6=Oy|^l^~~}frqvp|~^~p}~ t=0.6s
TIGHT n=16 m=90 tag=perturb g6=O^^zn~P\S~~z}hku~~YZz t=1.0s
TIGHT n=16 m=65 tag=perturb g6=Ove[qREn^Dx_oJcEtp~Jt t=0.2s
TIGHT n=16 m=81 tag=perturb g6=O~fZpnqvkf~mlwew[xZ}z t=0.4s
TIGHT n=16 m=92 tag=perturb g6=O~n|Zfw~lvvsj}vV|t~i~ t=0.5s
TIGHT n=16 m=92 tag=perturb g6=O^K~ybjV|LZv~vm~}~V^~ t=1.5s
TIGHT n=16 m=89 tag=perturb g6=Ot~Ntvz|n|{Mb~~Kl^Tn^ t=0.5s
TIGHT n=16 m=85 tag=perturb g6=OSyuB^~\Myut^~Vl~iV}~ t=0.5s
TIGHT n=16 m=93 tag=perturb g6=Ol}~vmt~vzfnvEDv~^~{v t=0.3s
TIGHT n=16 m=73 tag=perturb g6=Of}lbJ^exmPHv~eqrHSx} t=0.2s
TIGHT n=16 m=89 tag=perturb g6=Ob}vx\~N~th~t~KxYn~d~ t=0.2s
TIGHT n=16 m=81 tag=perturb g6=On|ztFe\mi]ez^Vnn\Zsi t=0.4s
TIGHT n=16 m=82 tag=perturb g6=Ob~|z}Qvxu}k`VbJBn^v~ t=0.2s
TIGHT n=16 m=85 tag=perturb g6=O~{I[Vk^^lt]brf~~RV^~ t=0.4s
TIGHT n=16 m=84 tag=perturb g6=O}n|e{v{V}Rfu|DunVfuz t=0.6s
TIGHT n=16 m=71 tag=perturb g6=OgnjXz@}yLhjzsW[t^thw t=0.2s
TIGHT n=16 m=78 tag=perturb g6=Opms~rjAfR}]yyKw{mn~n t=0.3s
TIGHT n=16 m=83 tag=perturb g6=OrV~YP~\E|Qfk^^~^~zs[ t=0.4s
TIGHT n=16 m=86 tag=perturb g6=O]||{fjyv~y~vi~mR{hdr t=1.0s
TIGHT n=16 m=86 tag=perturb g6=Onbpnn~]|zFM\V~~VNUvd t=0.4s
TIGHT n=16 m=77 tag=perturb g6=Okniv}W~RPxcvfYKn~uZ{ t=0.4s
TIGHT n=16 m=82 tag=perturb g6=OZv^~Pju]t^v~x~WFYWu] t=0.1s
TIGHT n=16 m=82 tag=perturb g6=OrV\il~vDmuTzmg^^~Zxx t=0.2s
TIGHT n=16 m=72 tag=perturb g6=OM^Yzt|Mfti~SzeaQxSfJ t=0.2s
TIGHT n=16 m=84 tag=perturb g6=OT~sM~~xVn]wjzwr]lfrv t=0.7s
TIGHT n=16 m=84 tag=perturb g6=O{{~^eYNbLYz^t]x~z|]\ t=0.6s
TIGHT n=16 m=73 tag=perturb g6=Oz}xxqyMJ[hrHlqp~lC}f t=0.3s
TIGHT n=16 m=92 tag=perturb g6=Ol{fV|\~Z\v^~^E~p~U~~ t=0.5s
TIGHT n=16 m=93 tag=perturb g6=O{L~t~}}zM~j~x|~N~Rh^ t=0.4s
TIGHT n=16 m=93 tag=perturb g6=Onrxnnt}|zVN^v~~^nUvT t=0.6s
TIGHT n=16 m=85 tag=perturb g6=OO{~N}tcfz~~V^Trrn}Jv t=1.0s
TIGHT n=16 m=87 tag=perturb g6=OMfJrmqn|n~h|{Uy{z~}~ t=0.2s
TIGHT n=16 m=96 tag=perturb g6=OyL~t~~n~~ny~|s~N^uVj t=2.9s
TIGHT n=16 m=74 tag=perturb g6=OU^RV|j^xxwqT{vuVZcGf t=0.2s
TIGHT n=16 m=83 tag=perturb g6=O~TI^VPe^jN{|C~zj^}~r t=0.2s
TIGHT n=16 m=77 tag=perturb g6=O~zm}]F|fDY[ldYuXzdev t=0.2s
TIGHT n=16 m=91 tag=perturb g6=Of~l~|ltX~[]|~^mN}fv] t=0.6s
TIGHT n=16 m=90 tag=perturb g6=Orn~}ux|{fnKVxn~~E}~y t=0.5s
TIGHT n=16 m=69 tag=perturb g6=O`J[Tqje\x?Qmn~|vRYFf t=0.3s
TIGHT n=16 m=83 tag=perturb g6=Ozzn~}F|~FYKldYshztf~ t=0.4s
TIGHT n=16 m=84 tag=perturb g6=O|\z^Uon~rZS|C~v~U~tb t=0.3s
TIGHT n=16 m=77 tag=perturb g6=OTc{Wfmz~~h}]a]^jVupX t=0.2s
TIGHT n=16 m=85 tag=perturb g6=O]~|}Fz}~~y~vi^mXWhcp t=1.5s
TIGHT n=16 m=81 tag=perturb g6=O~|]}BZxM}sU^KvEn~]}M t=0.3s
