TIGHT n=18 m=115 tag=rand g6=Qr|l^}l~|~RUv~~z]s~~U]a^jUw t=3.1s
TIGHT n=18 m=140 tag=rand g6=Qy~n~~~~~~~~~y|n^~|~~~v~|vW t=4.8s
TIGHT n=18 m=112 tag=rand g6=Qpjuv|~x{i^j~{}lvzYyjx}rV~W t=1.0s
TIGHT n=18 m=142 tag=rand g6=Q~}z~~~z|~}~n~~~~~}~~~v~}}W t=6.8s
TIGHT n=18 m=110 tag=rand g6=Q^zxj|~n~KD^T|llvn]^~vpglto t=0.3s
TIGHT n=18 m=93 tag=rand g6=QW}VX\SjkslsZqxc^YzIh|~}M]g t=0.2s
TIGHT n=18 m=120 tag=rand g6=QM^~uL~njzZzn]^f~n|^^n^|Vno t=0.3s
TIGHT n=18 m=126 tag=rand g6=Q^nr]^~|~}~P~~~}nv|}z}Rvm^w t=2.4s
TIGHT n=18 m=139 tag=rand g6=Q~~m~~^}j~v~v~v~~~}n}}~~~nw t=4.9s
TIGHT n=18 m=108 tag=rand g6=QtvtNU~jV|QZv}^Q~~CzL|{~lVg t=0.3s
TIGHT n=18 m=123 tag=rand g6=Qt~^}lyzz|q^^z~v^v]IN~~v~}w t=1.7s
TIGHT n=18 m=117 tag=rand g6=Qf~NtzJ~~sm}x~Mt~Nnn~|p~VVo t=2.1s
TIGHT n=18 m=124 tag=rand g6=Q~~~v\{v~Zo~v|]kf}|}^}z^~^w t=4.6s
TIGHT n=18 m=134 tag=rand g6=Qn~]~~~}~Jn~k~~nn~~n~~^n~]o t=2.4s
TIGHT n=18 m=112 tag=rand g6=Qm~|yuv\nbvf~Rnjmu^fu~zs|f_ t=0.2s
TIGHT n=18 m=124 tag=rand g6=Q^nvg}~}~zvt~z|~Tnp^~{nVn~w t=0.3s
TIGHT n=18 m=122 tag=rand g6=QzVzX^||Vn|~zNz}nvZv}x~l~^W t=1.7s
TIGHT n=18 m=134 tag=rand g6=Q~y~~}lz|~~~~^~vfR}~~~}}x~w t=5.3s
TIGHT n=18 m=132 tag=rand g6=Q~~zf^~~~~\^Z~~t~mkz~~~lzzw t=2.8s
TIGHT n=18 m=125 tag=rand g6=QRvz}~|Ut~xz}~z^n~~^~{Znd~w t=0.8s
TIGHT n=18 m=119 tag=rand g6=Q^~\v~vxxu~j]~uZ|u~}|bVYvzw t=1.5s
TIGHT n=18 m=117 tag=rand g6=QfylLf~~~azf~~y~}fZ~zjz||qG t=0.6s
TIGHT n=18 m=108 tag=rand g6=QXvFnx~Blm^kn~}vk[~|mZf|mMo t=0.9s
TIGHT n=18 m=135 tag=rand g6=Qn~n~]~zzy|~~^~n~~~Y~^~~u~W t=3.0s
TIGHT n=18 m=123 tag=rand g6=Q}~{}z~m|zv}|~NC^~z~v~y`~tw t=3.3s
TIGHT n=18 m=138 tag=rand g6=Q~n~~}j~}~~v^~~~vfz~~^~~}mw t=2.7s
TIGHT n=18 m=138 tag=rand g6=Q~~}~~v~~|~~~[z~~|~n~m^|vvw t=5.5s
TIGHT n=18 m=126 tag=rand g6=Q~^}|~v^l^u|x~^}}ZN^l~|~}Vw t=0.9s
TIGHT n=18 m=124 tag=rand g6=Qz~|\~~~~~xj~]p^Rvy~n]~nMmw t=0.8s
TIGHT n=18 m=122 tag=rand g6=QtznR|~~~Z~nrzj[|v~~~rjtzjg t=2.2s
TIGHT n=18 m=139 tag=rand g6=Q~^~[~~~~~\~~vVnn~~v~v~~n~w t=5.3s
TIGHT n=18 m=105 tag=rand g6=Q\u^uwz[\~^}knv{~WEfi{vA~fw t=0.3s
TIGHT n=18 m=136 tag=rand g6=QVm~~~nfvv~v~^^~jz~~~~~zz~w t=8.3s
TIGHT n=18 m=123 tag=rand g6=Q~vunn^}M{kmv}~Uv~~~v~m^yvw t=3.4s
TIGHT n=18 m=138 tag=rand g6=Q~v}~~z||~~^^~~v~~}{~w~~~~W t=2.7s
TIGHT n=18 m=127 tag=rand g6=Qx~\n~~~}m~c~~zx~t}junn^|~w t=2.4s
TIGHT n=18 m=122 tag=rand g6=Q^y~ut~|m~nX^|~}n\}}w|zm~vW t=2.8s
TIGHT n=18 m=107 tag=rand g6=QryxE|z^|~PVWJ}ON~Nnx|~|zkw t=0.5s
TIGHT n=18 m=107 tag=rand g6=QlneY~~y~^kzAJfiF}~tHm~Yz~o t=0.8s
TIGHT n=18 m=134 tag=rand g6=Qy~~|}~~nz~^~z}n~||~v{~znyw t=2.8s
TIGHT n=18 m=141 tag=rand g6=Q~n~~~}~}~|~~~~|~~~~z~\tznw t=8.9s
TIGHT n=18 m=140 tag=rand g6=Q^n~n~n|~~}~}~n~~~}~~|l~~~W t=8.7s
TIGHT n=18 m=122 tag=rand g6=Qx^~|~~R{x^~T~{Jkn]n~v~~n^g t=0.8s
TIGHT n=18 m=95 tag=rand g6=Qc]]ju]flp~~XZ`lJjtXN{Zu~?G t=0.2s
TIGHT n=18 m=121 tag=rand g6=QK~~|~Nu{~^nf~zu}|i]vfz}^^w t=1.8s
TIGHT n=18 m=140 tag=rand g6=Q~~v~~~~~wz~n~^j~~n|~z~~~|w t=2.4s
TIGHT n=18 m=118 tag=rand g6=QwNZrtmzv~V~]~~|q}nzzLvzr|w t=0.9s
TIGHT n=18 m=121 tag=rand g6=Q|~hrHn~~v\mtz~yyvL}~v~Z~}w t=0.9s
TIGHT n=18 m=139 tag=rand g6=Q~^^|~~rZ~~n~~^^~z~~|~~^^~w t=7.6s
TIGHT n=18 m=120 tag=rand g6=Qn{uvNnnrv~l|^RXF}~}v~h~~~g t=0.3s
TIGHT n=18 m=128 tag=rand g6=Qx~vn^~^Vl~^~vv~}]~~^ZJ~f^w t=2.0s
TIGHT n=18 m=114 tag=rand g6=Qms{Ux|iny^^zj}k]}~~~wz^~zG t=0.7s
TIGHT n=18 m=140 tag=rand g6=Q~}}~|~v|]~v~~~vz~~~zn~~v~w t=2.8s
TIGHT n=18 m=136 tag=rand g6=Q^~y^~nn~n~~~v]^|~~}~~}}{~w t=2.9s
TIGHT n=18 m=143 tag=rand g6=Q~^}~vn~|~~~~|~~~~^~^~|~~}w t=20.4s
TIGHT n=18 m=121 tag=rand g6=Qtf{|^yz~||}nZ|||pT}n~v|~vW t=1.0s
TIGHT n=18 m=117 tag=rand g6=Q~k~LuzjLxn^^z|]vtJ^vV~~~No t=0.9s
TIGHT n=18 m=128 tag=rand g6=Q|~~}Zg^^v{|m}~~v~~^~^f|~yw t=2.5s
TIGHT n=18 m=97 tag=rand g6=Qz@^oI~^Nb@vL`nrZ~}~x\x[@tw t=0.5s
TIGHT n=18 m=110 tag=rand g6=QT~x}bzV^^e~}D\Z^~k^|}z}XU_ t=0.7s
TIGHT n=18 m=111 tag=rand g6=Qg|z~zFv{uu^Vum}~|XZF]v~V\W t=0.3s
TIGHT n=18 m=92 tag=rand g6=QTm{m]D\PL~xmuz~fH~I]cEPgzW t=0.2s
TIGHT n=18 m=119 tag=rand g6=QZ~zx~~V}W|Yu~jz^zZnn^~vh}o t=1.8s
TIGHT n=18 m=138 tag=rand g6=Q~~^^]~~z~yz~~~v~|}~~z|^~vw t=6.0s
TIGHT n=18 m=126 tag=rand g6=Q~^~~~V]B^~]h~~{~~~y~z^nzVG t=4.2s
TIGHT n=18 m=116 tag=rand g6=Q~~v|~|Nbzu~s~u~yquBuv]|xjw t=0.8s
TIGHT n=18 m=124 tag=rand g6=Qz}~}r|~xnnfN~v\r~~vnnzP{~w t=1.1s
TIGHT n=18 m=143 tag=rand g6=Qv~~~z~~}~~zv~|~~^~~^z~|~~w t=2.7s
TIGHT n=18 m=121 tag=rand g6=Q}x~~~yxnxue~Umuvm~|m~^~~]W t=2.4s
TIGHT n=18 m=130 tag=rand g6=QzU~J]~}~~|n~z}f|{|}v~~~~~o t=1.0s
TIGHT n=18 m=140 tag=rand g6=Q~~~\~~~|vu~~z~~~zy~v~|~~}w t=0.3s
TIGHT n=18 m=92 tag=rand g6=QceAfnUxF}gVkUNz~lbjYlrR[}W t=0.2s
TIGHT n=18 m=128 tag=rand g6=Qx~Nv~zrh~~]z|~~|}\~~r~\v}w t=2.8s
TIGHT n=18 m=113 tag=rand g6=Q^xy^j}}nF^n?~~y}fp~~v[zjlW t=0.8s
TIGHT n=18 m=130 tag=rand g6=Q\~^~k|^vz~^M}~~vjz~V~~n~|w t=4.7s
TIGHT n=18 m=120 tag=rand g6=QV~~eyv~nqv~z~Szn||wy~~R}^W t=2.0s
TIGHT n=18 m=106 tag=rand g6=QP}~x}V[njw~tzjWl[~|~sgnpno t=1.5s
TIGHT n=18 m=138 tag=rand g6=Qvz~~|~~~~^~~~^}~~N|u^^nz~w t=2.6s
TIGHT n=18 m=118 tag=rand g6=Q}z~~|vX~}cJh}]qnn~~z}I}~zW t=1.7s
TIGHT n=18 m=117 tag=rand g6=Q~]zInL]RZJ^}z}|~|z~~~}f|XW t=2.5s
TIGHT n=18 m=115 tag=rand g6=QySvun]~}v~}Nl}f~m^x^C}^M~w t=1.9s
TIGHT n=18 m=132 tag=rand g6=Q~^z~z^~~~^}~^Z~~Y|}|s~~R~w t=0.7s
TIGHT n=18 m=117 tag=rand g6=QZ~Rnvfvg~\xXjxZV~~l^|~~}tw t=0.9s
TIGHT n=18 m=102 tag=rand g6=QzfmynJyz^~^V\`nM~wV~g|g_fG t=0.7s
TIGHT n=18 m=116 tag=rand g6=Qvz~zR}yh^ul~}L~b}}tnZY~~zG t=1.0s
TIGHT n=18 m=128 tag=rand g6=Q\^Vnz|v]xv~n~~~V~~u~^v^}ng t=1.9s
TIGHT n=18 m=131 tag=rand g6=Q~\~~}z~N~~]~y~|Z|v}~Zxn~}w t=1.0s
TIGHT n=18 m=129 tag=rand g6=Q}~vz~~N~{z~zz~|zFz|^}zvm|w t=2.1s
TIGHT n=18 m=120 tag=rand g6=Qzlvz~y~~zZ~vTVvNluM^znz^~G t=2.1s
TIGHT n=18 m=127 tag=rand g6=Qm||}^n|^vp~~~}^^~t]\Vn~~^w t=2.1s
TIGHT n=18 m=134 tag=rand g6=Q~n^{^~ty~|~v~~\v|vn~~v~n~w t=2.5s
TIGHT n=18 m=135 tag=rand g6=Q~~~~m~Z~~n~^z~\y~~V}~~nf|w t=4.8s
TIGHT n=18 m=111 tag=rand g6=QxLNgmv^^^}]Srv}Tn~\~R[z|~w t=0.5s
TIGHT n=18 m=122 tag=rand g6=QvJ~\I~ft~^~~~~t~}tzfunrvlw t=1.8s
TIGHT n=18 m=130 tag=rand g6=Q^~^|v}~Zt~^~^n~}j~v}^nvn^g t=2.1s
TIGHT n=18 m=126 tag=rand g6=Qn~}nz~]vrj~n~u}u~|~mxV~^^o t=1.6s
TIGHT n=18 m=122 tag=rand g6=Q|~}nen\~f~~f~}^yEnmvyz~t}w t=0.3s
TIGHT n=18 m=133 tag=rand g6=Q^n~~|}]^^z~~{~|v~n~|~~f~Zo t=0.9s
TIGHT n=18 m=129 tag=rand g6=Q|~`nyf~tz~^n~u~~]v~~~fz}~w t=5.1s
TIGHT n=18 m=120 tag=rand g6=Q~~|~zVZznu~^tKl~}~m\~|x{Ro t=2.4s
TIGHT n=18 m=114 tag=rand g6=Qrfw}~~|vLYgz~\^~|n~~lzuyH_ t=1.6s
TIGHT n=18 m=114 tag=rand g6=QfF|n}fm[v^XunVe}}ntrd~~~~g t=0.8s
TIGHT n=18 m=138 tag=rand g6=Qln~~\~~~~Vt}~~z|~~z~~n|~~w t=5.1s
TIGHT n=18 m=128 tag=rand g6=Q~v}NnV]~nv~^n^u~~n|tnz}~}o t=2.3s
TIGHT n=18 m=118 tag=rand g6=Qf}~{n^z}~~X|~z^zzrBl]jnWvw t=0.9s
TIGHT n=18 m=117 tag=rand g6=Qzhr}z~~l~v|l~Q}l^mRU~n}uZw t=2.0s
TIGHT n=18 m=112 tag=rand g6=Qlyp]t^vL}mMZnnz^~|\~\~[RnW t=0.3s
TIGHT n=18 m=118 tag=rand g6=Qzk^vUM~}j|Z~v~Y|Zv~t~~Tv|_ t=0.3s
TIGHT n=18 m=134 tag=rand g6=Qvj]Nz}^~z~v~~n~~}~~nz~V~~W t=2.5s
TIGHT n=18 m=122 tag=rand g6=Q~|~vz}mmnVz\~nx{~\n^\V]~fw t=1.6s
TIGHT n=18 m=119 tag=rand g6=Qyn}Vznu~m}~F~~pp~fnz}Z|vmg t=2.0s
TIGHT n=18 m=130 tag=rand g6=Q^nU\~~~~~~~v~~Z~vzVv|~hmVw t=0.3s
TIGHT n=18 m=133 tag=rand g6=QV~U|~|]~^~~~}^jz~z~~v~|{~w t=2.5s
TIGHT n=18 m=124 tag=rand g6=Q~^|m~v~a|[}\~nz|x}~|i~~||g t=0.6s
TIGHT n=18 m=103 tag=rand g6=QnXFn~{RZu|fVR}xcVzf[WtnN~g t=0.3s
TIGHT n=18 m=135 tag=rand g6=Q~~~~~~~|f~n}~}zRv|^~~vx~|o t=1.9s
TIGHT n=18 m=102 tag=rand g6=QcczEjn~~vvVU~@~uz~hxXVxbk_ t=0.2s
TIGHT n=18 m=143 tag=rand g6=Q~z|~~|~nzz~~~~~^~~v~^~~~~W t=2.8s
TIGHT n=18 m=136 tag=rand g6=Q^~z~v~~j]x~~~xn}~Nn~~~~~~o t=2.2s
TIGHT n=18 m=107 tag=rand g6=Qp~f~ctM^~vt~TvvEzSbo^Z^~lo t=0.6s
TIGHT n=18 m=133 tag=rand g6=Q}zz~}vv|N~~vn{}vz^~z~}~v~w t=2.0s
TIGHT n=18 m=121 tag=rand g6=QvU~N^nv~~v~mt~~yu]||~m]oVw t=0.3s
TIGHT n=18 m=130 tag=rand g6=Qfn~v^~R~|}}z~~vnu\~{|~n~~o t=0.8s
TIGHT n=18 m=140 tag=rand g6=Qv~~~~|~z}^~~~~u~^~~|~n~f|w t=5.5s
TIGHT n=18 m=115 tag=rand g6=Qnv~ywNZtx|^~W}~~|Ixn^}sx~W t=1.7s
TIGHT n=18 m=122 tag=rand g6=Q{^tnl}|Jy{}zZvz{~~~}f|n~~o t=2.4s
TIGHT n=18 m=110 tag=rand g6=Q}Fv^^jvxfazds^w]oz|zh~^~~o t=0.7s
TIGHT n=18 m=133 tag=rand g6=Qv~~\~nvvfV]v~}~n~~]n~~^~|w t=0.4s
TIGHT n=18 m=136 tag=rand g6=Qv^~nZ~~~|\~z|~}~zNz~}~~v~w t=2.2s
TIGHT n=18 m=127 tag=rand g6=Q|~pEnv^~d|v~~~znnn~~niz|~w t=1.8s
TIGHT n=18 m=134 tag=rand g6=Qz~^~\Nv~z}n~~~Yv~|~Zn~|~~w t=3.3s
TIGHT n=18 m=113 tag=rand g6=QnH~ZY|vzotZ}~ry|t~~uyVf~z_ t=1.5s
TIGHT n=18 m=122 tag=rand g6=Q||vVh~|v}yZ~s~}|^~|L|}x~}W t=1.8s
TIGHT n=18 m=129 tag=rand g6=Q}~^z^|zn~~~rrN|m~^]~~z^~n_ t=0.3s
TIGHT n=18 m=108 tag=rand g6=Qerpn||l~|n\k^|UllS]y]~xjNw t=1.7s
TIGHT n=18 m=131 tag=rand g6=QzHz~~}]~~^^~nzz|~~x|~^~Nnw t=1.9s
TIGHT n=18 m=141 tag=rand g6=Q|znn~^^~|~~~}~~~~^~v~~nv~w t=8.1s
TIGHT n=18 m=136 tag=rand g6=Qv~~}~~^}||~~|~~~z~}~{nj|^g t=2.8s
TIGHT n=18 m=116 tag=rand g6=Qq}Nvjfx}n^f~vw\~||UV}V~^vg t=0.6s
TIGHT n=18 m=102 tag=rand g6=Q}Rnwb~{rf\]k}{Jm^L|tMj}lig t=0.5s
TIGHT n=18 m=127 tag=rand g6=Qzfn~~|n}|l^|~}z~sr~{~~}]}o t=0.9s
TIGHT n=18 m=134 tag=rand g6=Q~~~~}|\Z~|~~nu~|nn}~Z~~~{o t=2.8s
TIGHT n=18 m=104 tag=rand g6=QNj|yz~xVVv\Y~}krtx@lNnTt`w t=1.0s
TIGHT n=18 m=144 tag=rand g6=Q|~^~~~^~~~v~~~~]~~~n~^~~^w t=2.0s
TIGHT n=18 m=106 tag=rand g6=QeZnNSQnMNW|rj~mtp~~^N~lvdw t=0.5s
TIGHT n=18 m=138 tag=rand g6=Qnnm~~~v~~]~~J~^n~~}~|~|~~w t=2.1s
TIGHT n=18 m=107 tag=rand g6=Qv}ocmu~OnXvfjo{}RnzfZz~~}w t=0.3s
TIGHT n=18 m=136 tag=rand g6=Qnvzz~~zn^~^vv~n}~|~~~z~f|w t=4.6s
TIGHT n=18 m=127 tag=rand g6=Qt~~|g|n~Z~~~l~|~\nvE~~vi~w t=1.9s
TIGHT n=18 m=119 tag=rand g6=Q~~uQ~^n`tz}]~]r^|O~n~lz~}w t=0.8s
TIGHT n=18 m=115 tag=rand g6=Q~|~yr^^vhn\mZyyl^x~~f}Hj^o t=1.0s
TIGHT n=18 m=131 tag=rand g6=Qzv~~y~y|~|nn^~~}~d~^nvzvZw t=2.2s
TIGHT n=18 m=137 tag=rand g6=Q~n\~n~}v~~^^~xzv}~~}~~n~}w t=2.3s
TIGHT n=18 m=139 tag=rand g6=Qz~~~j~~j~~n}~f}~n~}~~}|~~w t=5.0s
TIGHT n=18 m=108 tag=rand g6=QZyvMdnn~jjxmNj}~~|a^ln`^So t=1.6s
TIGHT n=18 m=114 tag=rand g6=Qrv~v{^vc~^^W^ry[}|~jz[}^Vo t=1.6s
TIGHT n=18 m=120 tag=rand g6=Qf~~zy}vxtut~~~}\S~e~jjnfnw t=1.6s
TIGHT n=18 m=123 tag=rand g6=Qr]fm~r}|r|~~|~v~z}y}K|}~~G t=0.6s
TIGHT n=18 m=137 tag=rand g6=Q^~~~~}n}|~~j|~V~Zv~v~n~v~w t=2.7s
TIGHT n=18 m=116 tag=rand g6=QnvmnZf~pNjf~]yvM^v|~Z|~M^W t=1.4s
TIGHT n=18 m=124 tag=rand g6=Q~Tv~{m~^~~nbv}Tl~xz~~v~\{W t=1.7s
TIGHT n=18 m=140 tag=rand g6=Q~~~~~~~~~N~~z~~~T~n~n~~L]w t=2.5s
TIGHT n=18 m=123 tag=rand g6=Qzn|}q~}g~~j~`v~fz~mb{~~~~o t=0.5s
TIGHT n=18 m=138 tag=rand g6=Q~~z~~^^\^~~}z~kn~~z~~~^v~w t=6.3s
TIGHT n=18 m=118 tag=rand g6=Q\~~x^|f~rje|nnnx|~vtT}\Q~w t=1.7s
TIGHT n=18 m=118 tag=rand g6=Ql~nnPt}~pm^l~]~]]v~M^Jm~~w t=0.6s
TIGHT n=18 m=125 tag=rand g6=Q|{}z^N|~nz}~|~vve^~^n~{pfw t=1.7s
TIGHT n=18 m=137 tag=rand g6=Q~v~~n~z~zvZ|~~z~lvz|~~x~~w t=7.1s
TIGHT n=18 m=129 tag=rand g6=Q~z~~Jvn~|ZF~^nxl^~n~l}~z~w t=2.5s
TIGHT n=18 m=125 tag=rand g6=QN]~g}~x}v~|~nmv~Vnrn~V\~~w t=2.1s
TIGHT n=18 m=134 tag=rand g6=Q~}n}nn^v^v~~~~~~v|~Znvmx~w t=0.8s
TIGHT n=18 m=130 tag=rand g6=Qmvvy{u~}~~~xv~|z~~Nvvx~|~w t=2.0s
TIGHT n=18 m=115 tag=rand g6=Q{oxez~J~~jai~V~}MnnV~|N~nw t=0.8s
TIGHT n=18 m=140 tag=rand g6=QV~~~^~~n~~~nl~~~z~n~}}n|~w t=2.8s
TIGHT n=18 m=123 tag=rand g6=Q]w~n~r}jy~~rn~~ntz|^~^}Yiw t=2.3s
TIGHT n=18 m=127 tag=rand g6=Q~~xZr~|T~~n|~tf~~r~u~Nu~Zw t=2.5s
TIGHT n=18 m=111 tag=rand g6=QQ~n}Z|vn{yoJztf~|vxpffmv~W t=0.8s
TIGHT n=18 m=126 tag=rand g6=Q||~z|{Xz||nvv^~~z|^~j|||xg t=1.0s
TIGHT n=18 m=106 tag=rand g6=QS~|DTlU]vZEMf~^||~]n}m{{jW t=0.5s
TIGHT n=18 m=116 tag=rand g6=Qv~zj|~|fHjQ\^}~XzMl~zV~Z}w t=1.4s
TIGHT n=18 m=136 tag=rand g6=Q~~qn~~~v^v~~z~vv~||}~rvv~w t=0.6s
TIGHT n=18 m=95 tag=rand g6=Qx~Vv}LNS]|[XJ^sj\nQEiUbDnw t=0.3s
TIGHT n=18 m=111 tag=rand g6=Qm~n]}}m}|nPTm{z}Wtut|~nr}O t=1.7s
TIGHT n=18 m=111 tag=rand g6=Qi^yuuyvd~{~fZLfn\|v^v]x~l_ t=0.8s
TIGHT n=18 m=131 tag=rand g6=Q|^v~yx~~~~fnZ~~~u^jnu~n~vw t=0.3s
TIGHT n=18 m=119 tag=rand g6=Q~~T{{~~UYE~nvN~|^NNk~n}~rw t=0.8s
TIGHT n=18 m=139 tag=rand g6=Q~~|~~n~zn~v~~~~\y}v^z~~~^w t=8.2s
TIGHT n=18 m=131 tag=rand g6=Q~fv|VZn~~~^~|n~~Nk}z^~z~~o t=5.0s
TIGHT n=18 m=132 tag=rand g6=Q}~}~Z~Zzd~nV~nr~~n~}~~~~vO t=4.6s
TIGHT n=18 m=127 tag=rand g6=Qbz~nl^~~]~f^~~^~rnmv~z|rtw t=1.9s
TIGHT n=18 m=126 tag=rand g6=Q|nuq~nj~~u~~Zvn~VF~~v|y]~w t=2.1s
TIGHT n=18 m=132 tag=rand g6=QrvnvQ~~~~^~^}n^}~}~~^~^v}o t=0.4s
TIGHT n=18 m=122 tag=rand g6=QpG~]~^n^^~^~|~nvUhn~\z~x|w t=5.1s
TIGHT n=18 m=140 tag=rand g6=Q~vvx~vz~}~n~~~~~~~{}~~n~|w t=5.1s
TIGHT n=18 m=118 tag=rand g6=QR|pX~~NZ^nzu^^f~r^n~~jnVew t=1.6s
TIGHT n=18 m=136 tag=rand g6=Q~~l^~~u}t}~~~v^^z~^^~~x~~w t=0.3s
TIGHT n=18 m=115 tag=rand g6=Q^n}N]}^n~~]hDyv[vzv~nW~v[g t=0.3s
TIGHT n=18 m=130 tag=rand g6=Qzrv~^~}~}|nm~^~nv^nzln}n~g t=0.9s
TIGHT n=18 m=131 tag=rand g6=Q~~~}~~Y~n^~^~~un}~fn{Zm~vW t=5.2s
TIGHT n=18 m=109 tag=rand g6=QhjN|L~INt~{Rn|j~}|lNuiN^mw t=1.5s
TIGHT n=18 m=137 tag=rand g6=QnZr~~~~~~~~z~~}v~~}^}l~j~g t=2.6s
TIGHT n=18 m=125 tag=rand g6=Qu~^vzz~nn|tKjn~}}~|n~~vh|g t=1.0s
TIGHT n=18 m=133 tag=rand g6=Q||l~~~nx|u~~~~}|^^~z~~|^Zo t=3.0s
TIGHT n=18 m=120 tag=rand g6=Q~~[}v~}Xnw~}~KvJ~^^yzjv~yo t=0.9s
TIGHT n=18 m=126 tag=rand g6=Qn~|~z~~vn~nyz~}qYm}vnx^r~o t=2.3s
TIGHT n=18 m=136 tag=rand g6=Qunz~~z~n~v~^|~~v~~~|R~}n|w t=7.0s
TIGHT n=18 m=90 tag=rand g6=QunRPyguiu|MFe]Kaa~~~kjTdIg t=0.2s
TIGHT n=18 m=130 tag=rand g6=Qb^~z}Nz}~^[T~~~}~|^|~^~n~w t=0.9s
TIGHT n=18 m=104 tag=rand g6=QYzwi~ltrj}y~NqmLvrx~jor{n_ t=0.2s
TIGHT n=18 m=132 tag=rand g6=Q^~n~J~}i|n~~}~}{^z~~^~~vNw t=1.7s
TIGHT n=18 m=120 tag=rand g6=QNV~~^u~N|^lZ~~zjz~~Wyn~|aG t=0.8s
TIGHT n=18 m=119 tag=rand g6=QvW^n|~}~~|y~~zx~Vumr\g{}}o t=0.9s
TIGHT n=18 m=134 tag=rand g6=Qx~~n^~~j~|j~~}~^n~|\^~~Nnw t=2.3s
TIGHT n=18 m=126 tag=rand g6=Q^~~n^m}|{|Q~v^|x}~v~^~}muw t=2.1s
TIGHT n=18 m=128 tag=rand g6=Q}z}z~|~z{|}Nv{~~v{~Ll}~|~w t=3.0s
TIGHT n=18 m=137 tag=rand g6=Qf~}~n^~~~|n}y~|~~}zz~~v~|w t=2.5s
TIGHT n=18 m=105 tag=rand g6=QTU\}ErfttkO~rxg~^v[Zl~v}~w t=0.8s
TIGHT n=18 m=117 tag=rand g6=Q]]xnwv~tzvnfUmvtYN~vz~|^|w t=0.3s
TIGHT n=18 m=125 tag=rand g6=Qn~f~fzn~~zhdxzVv~~r~z~Z}xw t=1.7s
TIGHT n=18 m=110 tag=rand g6=Q~b~~bvMu~v~rNTiBjf}wxvqzzw t=0.3s
TIGHT n=18 m=138 tag=rand g6=Q~^~~|\~l~v~~|~~~~~^~^|mz~W t=7.2s
TIGHT n=18 m=118 tag=rand g6=Qpknyh}^}^}F~nX~~n^j}]^}~Vw t=0.8s
TIGHT n=18 m=129 tag=rand g6=Q~Z~V~^yvnVznj~}~]|~}~Nz}~w t=0.8s
TIGHT n=18 m=115 tag=rand g6=Q}kf~m~m^~qz|vRg~~r\Zr}N^xw t=0.9s
TIGHT n=18 m=131 tag=rand g6=Q~^M}~|^V|~~jny~~~z~~~tn~rW t=2.6s
TIGHT n=18 m=137 tag=rand g6=Q~~~}v~~~j~v~tZ~^~l^zz~~~nw t=2.5s
TIGHT n=18 m=103 tag=rand g6=Q^vlKmymf]dUtva~~vxy~lFZ]Gw t=0.7s
TIGHT n=18 m=107 tag=rand g6=Qm^~v~~~~dnjx{yJj[|wcULn]LG t=0.6s
TIGHT n=18 m=120 tag=rand g6=Q~~Uv|jvZv~~R~u}|fen^m~nTtw t=2.1s
TIGHT n=18 m=135 tag=rand g6=Q~}zzN~~}~^^^n~~}^n~n~~nu^w t=2.5s
TIGHT n=18 m=133 tag=rand g6=Q}~^~^^zX~~n}|{~^nn~Z~~z~~W t=2.5s
TIGHT n=18 m=107 tag=rand g6=Q~~vl}zN~ZvVrl}me_^`uXs^{^G t=1.5s
TIGHT n=18 m=112 tag=rand g6=Q|n~vEMl^D~zkj^m~}}~Jz]VZvG t=0.7s
TIGHT n=18 m=137 tag=rand g6=Qv~~~~{]|zv~|~v~z~~}Nz~~|~w t=2.9s
TIGHT n=18 m=133 tag=rand g6=Q~}~~|vnc~^v~R~}~|~|~z~~~Jw t=2.6s
TIGHT n=18 m=132 tag=rand g6=Q~Fn}~|~~\n~~z~~l~v~jv}^}zg t=2.9s
TIGHT n=18 m=116 tag=rand g6=Q~}V^uzv~WUer|nznL^nVmVn~^w t=0.3s
TIGHT n=18 m=111 tag=rand g6=Q~vrxVvZttztzs~m^}vfNSn{}uG t=1.7s
TIGHT n=18 m=133 tag=rand g6=Q~}|{~n~~~~}~~~nv~o~]~~zV{g t=1.8s
TIGHT n=18 m=130 tag=rand g6=QK^~~~v~v}~|v\|~~{~^z}~Y}~W t=2.3s
TIGHT n=18 m=128 tag=rand g6=Qz~zr~|}~^n~~~|N~ln|Zm~xN|g t=2.3s
TIGHT n=18 m=136 tag=rand g6=Q~~~U^|p~}~~v~n~fz~~v~n}~~w t=4.8s
TIGHT n=18 m=122 tag=rand g6=Qq~~m|tY~~~}^^t|nu~Nzsnvj~W t=1.7s
TIGHT n=18 m=109 tag=rand g6=Q~}~tyoD[zqjnXpvj}ml^vnx~}W t=0.3s
TIGHT n=18 m=130 tag=rand g6=Q~~~]nz~}f~~~~~zz|x|~z~rbhg t=2.4s
TIGHT n=18 m=134 tag=rand g6=Qz~~~~}~|n~}~~~V}~nf|vr^~|O t=1.7s
TIGHT n=18 m=122 tag=rand g6=Qxn~j~\}z]v^^kn~n||~~|zFwuw t=0.9s
TIGHT n=18 m=104 tag=rand g6=QI{bmZw}~rmuz~z|y^OE}}xfzMg t=0.5s
TIGHT n=18 m=124 tag=rand g6=Q~~zZ|}l~nn}}ZzrV~|\V~||V{w t=2.0s
TIGHT n=18 m=140 tag=rand g6=Q~n~|z~~~~~|~fM~~~n^~v~~~vw t=5.0s
TIGHT n=18 m=131 tag=rand g6=Qf~]~R~[^~v~~~~v~~]~b^zy~~w t=2.5s
TIGHT n=18 m=123 tag=rand g6=QvNn}zz^~|ln}Tfs~~n^~d}}^~o t=0.8s
TIGHT n=18 m=126 tag=rand g6=Q~t~uv~n\Uv^~~~~|~~~F~ZzMkg t=0.3s
TIGHT n=18 m=134 tag=rand g6=Q~~z}~~}f|~^~}^u{nzu~~^}~~w t=2.0s
TIGHT n=18 m=142 tag=rand g6=Q~}~j~~~}~~~~}~~~|~~z~vNn~w t=6.9s
TIGHT n=18 m=124 tag=rand g6=Q]m{x~l~~v}Z~}^v~\]llzt~z~w t=1.7s
TIGHT n=18 m=127 tag=rand g6=Q{vn^~t~H~nzF~z~~|~~m||z~rW t=0.8s
TIGHT n=18 m=133 tag=rand g6=Q~~\^nn}n~{~~^^m~~|n^n~~zvW t=1.8s
TIGHT n=18 m=132 tag=rand g6=Q~|z~|fln|v~~}n~u~{~}~|~}rw t=1.7s
TIGHT n=18 m=132 tag=rand g6=Q~n~l~ny{^Y~~}t~~~^n~^{~~}w t=5.1s
TIGHT n=18 m=118 tag=rand g6=Q~~}fY^n}wr|]mi~Z~z\En~d~~w t=1.2s
TIGHT n=18 m=134 tag=rand g6=Q~~~zjV~~fv~v~~p~~}|z~nVn~w t=2.0s
TIGHT n=18 m=127 tag=rand g6=Qz~~L~vz~~vz^}^eun}zn}}n{|w t=3.8s
TIGHT n=18 m=140 tag=rand g6=Q~~~v~~~}t~~~}~v}~x~~~z~j~g t=5.9s
TIGHT n=18 m=133 tag=rand g6=Q~~~~zun^y~\~U~n~~~z~Z~v^Vw t=2.5s
TIGHT n=18 m=138 tag=rand g6=Q~~zz~~}z^v~~}vv~}~~~~}nv~_ t=2.3s
TIGHT n=18 m=112 tag=rand g6=Q|Yx^~}t}^jVt\v~uyl|Y]s|l|W t=1.6s
TIGHT n=18 m=122 tag=rand g6=QzNM~~~v}^n~~~|lf^zq}cV^v^W t=1.8s
TIGHT n=18 m=112 tag=rand g6=Qx~|Z~\~fT]^nvvuz~}tpzop]MW t=0.3s
TIGHT n=18 m=131 tag=rand g6=Q~|^}|~|}Zu~n~Nn~~vvf|nn~vw t=2.7s
TIGHT n=18 m=122 tag=rand g6=Qz~v|~~}jm[Jz\t~vz^w~Lvn~zw t=1.7s
TIGHT n=18 m=136 tag=rand g6=Q|~~t~}vf~z~n{^~~z}n~~~z~zw t=1.8s
TIGHT n=18 m=128 tag=rand g6=Qm\~~~~|~n~n~~z~vz~^fv[J{}G t=2.5s
TIGHT n=18 m=106 tag=rand g6=Qt~rz~MjijZjz|vracNW[^~}^Yw t=0.8s
TIGHT n=18 m=111 tag=rand g6=QZ^^v~Pqz~}VNmnbt|\|q~jj|j_ t=0.8s
TIGHT n=18 m=142 tag=rand g6=Q|~^~~^^~n~n~^~~~v~~|~^~^~w t=2.2s
TIGHT n=18 m=136 tag=rand g6=Q~~^~}nwrn^^~^z~~v~^~|~~n~w t=2.9s
TIGHT n=18 m=113 tag=rand g6=Q~]\}I~~}z]nVh}~zUv`vZi~eyw t=0.3s
TIGHT n=18 m=140 tag=rand g6=Q~^|~~n}~~|~v~~n~~~~m~n~m~g t=18.7s
TIGHT n=18 m=116 tag=rand g6=Q~^~f|^d^wvT~v\vzhnVnlb^~ro t=1.7s
TIGHT n=18 m=136 tag=rand g6=Q~~~~Vnnz~z~}~y~~^~x|~~^r|w t=2.1s
TIGHT n=18 m=116 tag=rand g6=QRlNzzu}^nnrj}z~jex^Zn~}zpw t=1.6s
TIGHT n=18 m=115 tag=rand g6=Qczmv}^vz~M}j|~v{znyyN||Ing t=1.7s
TIGHT n=18 m=115 tag=rand g6=Q~NiNm}vByzNnn|~mP~n}^^~l|_ t=0.5s
TIGHT n=18 m=123 tag=rand g6=Q}z|rvTX}}n^^v~{^^i|~~~^Z~W t=1.5s
TIGHT n=18 m=125 tag=rand g6=Qvtn||z~^TNu~~^~N~se]|~~n~w t=2.3s
TIGHT n=18 m=139 tag=rand g6=Q~~~~^|~~|fvn~}~~~~n]f~~~~o t=2.2s
TIGHT n=18 m=130 tag=rand g6=Qv}^^~f~~zt}|~f~~[z||l^~~^w t=2.2s
TIGHT n=18 m=140 tag=rand g6=Q~~}n}x~~n~~~n~~~~Z~~|~~nmw t=2.0s
TIGHT n=18 m=109 tag=rand g6=Q~~nlyafev}r|zq~\rP^{n^vqQw t=0.7s
TIGHT n=18 m=103 tag=rand g6=QikmOxvzyJlJ^zrPLj\~~nx~[jw t=0.5s
TIGHT n=18 m=118 tag=rand g6=Qvz[n{{tvZ~HF}~~zwr^zm^~^~w t=1.7s
TIGHT n=18 m=128 tag=rand g6=Q~]~~yV~}^vVn~~h~z}m~}m}}zw t=6.2s
TIGHT n=18 m=118 tag=rand g6=Qvku]t^\|^|~~^ndf~vVvR]}|nw t=1.8s
TIGHT n=18 m=96 tag=rand g6=QuyVC?zy^o`^hNrFJa~~~jFV|}g t=0.4s
TIGHT n=18 m=134 tag=rand g6=Qv~^~~~}qz~}~~~l|^~~}nz]v}w t=8.4s
TIGHT n=18 m=129 tag=rand g6=Q~~~r}}v}~~j}|n{{\mx~nz~~~o t=2.4s
TIGHT n=18 m=116 tag=rand g6=QrrujhkmdzX~~~~v^|r~}}r|Nzg t=0.6s
TIGHT n=18 m=136 tag=rand g6=Qn~}~|~~}{~|z~~~}~~||N~zy^w t=2.4s
TIGHT n=18 m=133 tag=rand g6=Q~^~~]~~m|~~~v~~^\^~^~}Z|Rg t=2.4s
TIGHT n=18 m=139 tag=rand g6=Q}~z]~~m~nz~~~~~|~~}~~z~|{w t=17.7s
TIGHT n=18 m=127 tag=rand g6=Qn~^Z{|}~~rfrj|zv^]~l~~^n~w t=2.0s
TIGHT n=18 m=117 tag=rand g6=Q~~^~~Bz|vnzyJtZ~rZhjZ~zj[w t=1.5s
SUMMARY n=18 mode=random {'OK': 4697, 'TIGHT': 303, 'CE': 0} time=7868s
