TIGHT n=15 m=98 tag=rand g6=N‾vz‾n‾‾‾‾nn‾‾vn‾‾w t=1.1s
TIGHT n=15 m=86 tag=rand g6=N^}‾v‾n]]^‾a}n‾Zz}w t=0.7s
TIGHT n=15 m=94 tag=rand g6=N}T‾v‾‾‾‾‾znz‾v‾‾‾_ t=0.9s
TIGHT n=15 m=83 tag=rand g6=N‾fv}‾‾|nvy‾tvzLtbg t=0.1s
TIGHT n=15 m=86 tag=rand g6=N‾|‾^rnrz^‾x‾lvb‾yw t=0.4s
TIGHT n=15 m=91 tag=rand g6=N‾{‾e^‾‾|^n^vv|v‾‾w t=0.5s
TIGHT n=15 m=90 tag=rand g6=Nxzzl‾‾^|‾|‾n|‾jn‾W t=0.5s
TIGHT n=15 m=91 tag=rand g6=Nx‾‾}¥}‾‾‾|}}ne|‾‾w t=1.1s
TIGHT n=15 m=91 tag=rand g6=N‾^z‾}X^x‾‾|‾‾|}z^w t=1.9s
TIGHT n=15 m=86 tag=rand g6=Njvl‾}}z‾{V}mVx‾‾‾w t=0.4s
TIGHT n=15 m=77 tag=rand g6=Nlp^Yv‾NR[fjnU‾‾‾^W t=0.3s
TIGHT n=15 m=91 tag=rand g6=N‾|vN|ny‾Zn^‾‾^^‾‾w t=0.9s
TIGHT n=15 m=94 tag=rand g6=Nvn‾‾‾‾‾‾|l‾Zlt‾‾‾w t=0.6s
TIGHT n=15 m=90 tag=rand g6=N|‾v‾v‾vmjv{‾Z‾‾|‾W t=0.3s
TIGHT n=15 m=69 tag=rand g6=N¥{XV{ln}JtIzwzUs^w t=0.4s
TIGHT n=15 m=86 tag=rand g6=Nn‾^‾Zzr‾l‾z^^vl}}O t=0.2s
TIGHT n=15 m=92 tag=rand g6=Nz|}‾‾n{‾‾‾z‾uvv}nw t=0.4s
TIGHT n=15 m=84 tag=rand g6=N‾r|‾‾‾‾uj|Mr‾jZyZw t=0.1s
TIGHT n=15 m=79 tag=rand g6=Nmv{ZIN^V^^fj‾Fn‾‾w t=0.3s
TIGHT n=15 m=95 tag=rand g6=N‾}vn‾tn‾‾‾‾l‾nz‾‾w t=0.5s
TIGHT n=15 m=93 tag=rand g6=N‾‾|v|‾m‾r‾n‾‾}}nzw t=1.1s
TIGHT n=15 m=86 tag=rand g6=N‾‾‾||^}^yzv}|J^|iw t=0.3s
TIGHT n=15 m=88 tag=rand g6=N‾}}ry‾rv‾^^‾‾^}|Mw t=0.4s
TIGHT n=15 m=94 tag=rand g6=N‾^‾‾z‾‾}|zn‾n‾‾mvg t=0.8s
TIGHT n=15 m=84 tag=rand g6=N|zm|‾}‾|bezPn‾n^‾w t=0.6s
TIGHT n=15 m=85 tag=rand g6=N^qzv‾f¥¥^r|^}z^‾‾w t=0.4s
TIGHT n=15 m=91 tag=rand g6=Nz‾rv‾lr‾‾|‾|‾‾^Z‾W t=1.0s
TIGHT n=15 m=84 tag=rand g6=NU‾}zrR|^‾‾vn}h^}zw t=0.1s
TIGHT n=15 m=80 tag=rand g6=Nsbmn‾{v}vv|y‾yF‾zo t=0.1s
TIGHT n=15 m=86 tag=rand g6=N^Z‾lVv}‾n]zz}z}‾fw t=0.2s
TIGHT n=15 m=93 tag=rand g6=N‾‾txz‾‾‾‾n^‾n‾}]‾W t=1.1s
TIGHT n=15 m=86 tag=rand g6=N^^Mn^z^j‾‾‾i|y‾‾Zw t=0.2s
TIGHT n=15 m=98 tag=rand g6=N‾‾tn‾‾}‾‾‾‾‾‾n‾‾|o t=1.0s
TIGHT n=15 m=91 tag=rand g6=NvZ‾‾|^‾‾^^n‾Z‾]vnw t=0.2s
TIGHT n=15 m=78 tag=rand g6=NNr‾jIlzW‾z}‾|l|}z_ t=0.1s
TIGHT n=15 m=82 tag=rand g6=N{Uvh^‾uN‾‾je‾‾v¥nw t=0.5s
TIGHT n=15 m=86 tag=rand g6=Nvlv‾^‾^¥^|vv‾y‾VNo t=0.4s
TIGHT n=15 m=90 tag=rand g6=Nf}Vn‾¥Un‾‾v‾‾v}‾‾w t=1.1s
TIGHT n=15 m=96 tag=rand g6=NnZ‾]v‾‾^‾‾‾}z‾‾‾‾w t=1.1s
TIGHT n=15 m=73 tag=rand g6=N‾^dprtxY¥^‾T¥¥Nlng t=0.2s
TIGHT n=15 m=80 tag=rand g6=N‾n¥uy|njjynT‾}}‾Ug t=0.3s
TIGHT n=15 m=95 tag=rand g6=N‾‾^‾‾‾v‾y||‾‾yV‾‾w t=0.4s
TIGHT n=15 m=88 tag=rand g6=N]|‾]‾‾‾‾‾¥n‾lw‾u|o t=0.2s
TIGHT n=15 m=90 tag=rand g6=Nzv‾‾yz{^‾‾‾njz‾J‾w t=0.3s
TIGHT n=15 m=83 tag=rand g6=N‾‾|znU‾‾‾iJbn]‾g‾w t=0.2s
TIGHT n=15 m=90 tag=rand g6=NF‾^‾^n}‾nzr‾y||‾‾w t=0.2s
TIGHT n=15 m=91 tag=rand g6=N‾‾^i}^m}z‾‾^^|^‾‾w t=0.2s
TIGHT n=15 m=90 tag=rand g6=Nzfz]‾‾‾‾‾n‾|}znc‾w t=0.5s
TIGHT n=15 m=78 tag=rand g6=NNDj‾‾‾p‾}J{z|}U|¥W t=0.1s
TIGHT n=15 m=88 tag=rand g6=Nn|¥‾|‾zr}‾‾jv|^]‾o t=0.4s
TIGHT n=15 m=96 tag=rand g6=N‾‾zZ‾n‾n‾‾‾^v‾‾n|w t=1.3s
TIGHT n=15 m=86 tag=rand g6=N¥]x‾vv‾}‾‾‾vp¥j{‾w t=0.3s
TIGHT n=15 m=90 tag=rand g6=NN^‾‾N‾v}]zzn|‾‾n|w t=0.5s
TIGHT n=15 m=81 tag=rand g6=N{m‾]y^‾tuYu‾‾f‾xuw t=0.4s
TIGHT n=15 m=90 tag=rand g6=N‾zv|N^‾i‾vz¥‾}z‾‾w t=0.5s
TIGHT n=15 m=89 tag=rand g6=N‾‾vxn‾u^‾‾NN‾v‾‾To t=1.1s
TIGHT n=15 m=93 tag=rand g6=Nn‾znnn‾v‾}|t‾zn‾‾w t=0.5s
TIGHT n=15 m=80 tag=rand g6=N^SZt^}‾ny‾‾Nj]n|No t=0.3s
TIGHT n=15 m=83 tag=rand g6=Nt‾ryv‾^}z^uVzv‾W|w t=0.1s
TIGHT n=15 m=97 tag=rand g6=N‾{‾x‾^v‾‾‾x‾‾‾‾‾‾w t=1.0s
TIGHT n=15 m=84 tag=rand g6=N^znryv‾x‾vZ}vvvjzW t=0.5s
TIGHT n=15 m=90 tag=rand g6=Nn‾}z}vn‾z}‾^|‾nn|O t=1.1s
TIGHT n=15 m=88 tag=rand g6=N|Zbn|^‾‾^zmN‾‾‾‾nW t=1.0s
TIGHT n=15 m=99 tag=rand g6=N‾‾}^‾‾‾|^‾‾‾‾f‾‾‾w t=1.2s
TIGHT n=15 m=96 tag=rand g6=Nb}‾‾‾‾‾‾‾n^^‾z‾^‾w t=1.2s
TIGHT n=15 m=89 tag=rand g6=N]j}‾jv|‾‾}z‾j^‾‾vo t=0.3s
TIGHT n=15 m=74 tag=rand g6=N‾jzxXuY^^NZ¥f}‾^HG t=0.1s
TIGHT n=15 m=89 tag=rand g6=Nm}jv‾n‾}‾f]‾‾vvl‾w t=0.4s
TIGHT n=15 m=90 tag=rand g6=N]‾|^vZ‾‾L‾‾‾|^‾[‾w t=0.6s
TIGHT n=15 m=86 tag=rand g6=N‾z‾‾qo|‾‾¥‾zvnn{}W t=0.2s
TIGHT n=15 m=89 tag=rand g6=N‾‾‾|x‾‾Zzz^‾‾}YrzW t=1.0s
TIGHT n=15 m=82 tag=rand g6=N‾‾‾|‾‾smnJ}vm]rVro t=0.6s
TIGHT n=15 m=80 tag=rand g6=Nnj}zynb|V‾ru@‾‾‾ng t=0.5s
TIGHT n=15 m=77 tag=rand g6=Nv‾lNzdemj‾v‾}p{VrW t=0.2s
TIGHT n=15 m=83 tag=rand g6=Nn}xyy‾ny}VN}nv}v^w t=0.3s
TIGHT n=15 m=94 tag=rand g6=N‾|‾‾‾‾v}vn}z‾‾|¥|w t=0.3s
TIGHT n=15 m=80 tag=rand g6=Nr‾vd|ku|ZM‾‾zG‾^‾w t=0.2s
TIGHT n=15 m=73 tag=rand g6=NzrLQR{Y‾{ve]yvs‾‾w t=0.2s
TIGHT n=15 m=91 tag=rand g6=Nf‾|‾z‾^nu‾v‾n‾v^^W t=0.6s
TIGHT n=15 m=99 tag=rand g6=Nz‾‾‾¥‾‾‾‾‾v‾‾‾u‾‾w t=0.8s
TIGHT n=15 m=94 tag=rand g6=N}n}^‾‾||‾‾‾^‾‾‾n{g t=1.3s
TIGHT n=15 m=88 tag=rand g6=N‾v‾vp‾^}‾}}v^‾]zxW t=0.6s
TIGHT n=15 m=86 tag=rand g6=N]fvm‾Jz‾]‾‾zn^^||w t=0.5s
TIGHT n=15 m=89 tag=rand g6=N‾^‾m‾ZV]|‾‾v|v|‾¥w t=1.1s
TIGHT n=15 m=82 tag=rand g6=NR^Nv}]‾xlvy‾‾}}rmw t=0.4s
TIGHT n=15 m=90 tag=rand g6=N‾Zy‾vn}v‾z‾‾yvnz|w t=0.2s
TIGHT n=15 m=90 tag=rand g6=N}v‾¥‾}‾vl^V}^‾‾v}w t=0.6s
TIGHT n=15 m=76 tag=rand g6=N]tzKnzH[Z‾F‾j}e‾‾w t=0.3s
TIGHT n=15 m=91 tag=rand g6=N‾‾‾nnx‾‾n^y}d‾‾}|w t=1.1s
TIGHT n=15 m=88 tag=rand g6=Nj‾|‾]‾‾s‾rtv^‾}‾‾O t=0.3s
TIGHT n=15 m=80 tag=rand g6=N‾j}Tz^‾N‾Viedvp‾‾w t=0.1s
TIGHT n=15 m=85 tag=rand g6=Ndt}n}‾l}^v‾vvk‾‾‾O t=0.2s
TIGHT n=15 m=98 tag=rand g6=Nu‾‾‾}‾‾z^nz‾‾‾‾‾‾w t=3.2s
TIGHT n=15 m=95 tag=rand g6=N‾{‾mz‾‾‾‾}‾^}f‾‾‾w t=1.2s
TIGHT n=15 m=95 tag=rand g6=N‾n|‾v}‾‾y‾‾‾‾x‾|^w t=1.0s
TIGHT n=15 m=96 tag=rand g6=N^v‾nz‾‾‾‾‾‾nn^‾z‾o t=1.1s
TIGHT n=15 m=96 tag=rand g6=N‾^‾}n‾‾}‾‾‾N|‾‾v‾g t=1.3s
TIGHT n=15 m=91 tag=rand g6=N‾Z‾‾‾‾|‾nkn|v‾Z‾yw t=0.6s
TIGHT n=15 m=101 tag=rand g6=N‾‾‾nn‾‾‾‾‾‾‾‾‾‾‾fw t=1.3s
TIGHT n=15 m=90 tag=rand g6=Nzv|‾z‾m‾v}}‾‾vvlrw t=0.4s
TIGHT n=15 m=95 tag=rand g6=N|‾‾‾^‾|¥‾‾‾‾‾|l‾no t=0.6s
TIGHT n=15 m=79 tag=rand g6=Nu‾‾{mPm‾u^‾zU‾k‾Xo t=0.2s
TIGHT n=15 m=83 tag=rand g6=N‾^}‾^lvi‾‾bvN{‾^ZO t=0.2s
TIGHT n=15 m=93 tag=rand g6=N‾‾‾v^u¥‾‾|z}^^v‾‾w t=0.8s
TIGHT n=15 m=93 tag=rand g6=N^{‾‾N‾z‾‾}s‾‾‾‾‾uw t=0.5s
TIGHT n=15 m=86 tag=rand g6=N]‾vz}y‾vvv¥l|v‾¥‾W t=0.2s
TIGHT n=15 m=88 tag=rand g6=N‾r^^z‾‾v|}}‾y^}mZw t=0.4s
TIGHT n=15 m=97 tag=rand g6=N‾v‾‾‾‾]z‾‾‾‾‾||z^w t=0.6s
TIGHT n=15 m=81 tag=rand g6=N^z¥Zv‾M}uexZ‾‾‾l}W t=0.3s
TIGHT n=15 m=93 tag=rand g6=N‾v‾z‾z‾}‾nz}v||‾rw t=1.2s
TIGHT n=15 m=92 tag=rand g6=N^n‾}tvr‾‾v‾z}‾‾v^w t=0.2s
TIGHT n=15 m=91 tag=rand g6=N‾|iz‾}‾‾‾‾zN}‾‾p‾g t=0.5s
TIGHT n=15 m=82 tag=rand g6=N‾v^}|^|‾d}zTj|lzz_ t=0.2s
TIGHT n=15 m=84 tag=rand g6=N‾nz‾‾z|}nrzl‾AzxnW t=0.6s
TIGHT n=15 m=81 tag=rand g6=NlN|X‾|ttj^‾r‾J‾Z‾g t=0.1s
TIGHT n=15 m=90 tag=rand g6=Nn‾¥‾¥Zz‾‾rj‾n‾‾‾|g t=1.0s
TIGHT n=15 m=95 tag=rand g6=N‾z‾n‾t‾}Nz‾‾‾‾‾‾}W t=0.6s
TIGHT n=15 m=92 tag=rand g6=N‾‾v‾bv‾‾j‾^‾n‾‾‾ZG t=0.2s
TIGHT n=15 m=86 tag=rand g6=N^‾n‾‾Jzv‾}vzvdFnnw t=0.5s
TIGHT n=15 m=92 tag=rand g6=NV|‾|vvn‾‾‾‾|^‾Vz|w t=1.1s
TIGHT n=15 m=97 tag=rand g6=N‾z‾n‾‾‾yZ‾‾V‾‾‾‾‾w t=1.1s
TIGHT n=15 m=88 tag=rand g6=N|‾mz‾‾}‾vr^‾‾ZW|vw t=0.2s
TIGHT n=15 m=82 tag=rand g6=Nl}¥N‾ll‾^]}zvZx}zw t=0.3s
TIGHT n=15 m=85 tag=rand g6=Nzh‾^^‾v^xzvu^‾nr‾_ t=0.1s
TIGHT n=15 m=89 tag=rand g6=N‾z‾¥Nzynz||‾‾jt‾‾w t=0.3s
TIGHT n=15 m=98 tag=rand g6=Nz|‾z‾j‾z|‾‾‾‾‾‾‾‾w t=0.2s
TIGHT n=15 m=77 tag=rand g6=NzM|zvnnt^dz^|Zj|_w t=0.3s
TIGHT n=15 m=95 tag=rand g6=N‾‾v^‾‾‾^‾‾¥z‾t‾z‾g t=1.0s
TIGHT n=15 m=101 tag=rand g6=N‾‾zn‾‾‾‾‾‾‾‾‾‾‾m‾w t=1.3s
TIGHT n=15 m=84 tag=rand g6=N‾z}znN‾vnh|l‾n¥xzo t=0.3s
TIGHT n=15 m=88 tag=rand g6=N‾yi‾‾|‾‾‾ffv}‾e}‾o t=1.0s
TIGHT n=15 m=100 tag=rand g6=N‾‾‾‾|z‾‾vn}‾‾‾‾‾‾w t=1.2s
TIGHT n=15 m=97 tag=rand g6=N‾‾‾z‾|‾‾‾‾n‾}^v‾vg t=1.2s
TIGHT n=15 m=82 tag=rand g6=N‾Z‾f‾^nxzTj¥‾uvfzo t=0.2s
TIGHT n=15 m=93 tag=rand g6=N‾v‾}n}‾t‾^‾n‾‾f‾zg t=1.1s
TIGHT n=15 m=85 tag=rand g6=N‾|J‾pn¥f^|}‾nv‾]zw t=0.2s
TIGHT n=15 m=86 tag=rand g6=Nh‾t‾{z}}jN}n|}v‾‾w t=0.5s
TIGHT n=15 m=93 tag=rand g6=N‾{‾|z‾‾‾‾‾m||^v}zw t=0.2s
TIGHT n=15 m=97 tag=rand g6=N}‾‾V‾^{‾‾‾‾‾‾‾‾}zw t=0.2s
TIGHT n=15 m=98 tag=rand g6=N}‾‾^‾‾‾‾z^‾‾‾v‾‾|o t=1.1s
TIGHT n=15 m=71 tag=rand g6=N{N|h|v‾PnZaLu^@‾ng t=0.1s
TIGHT n=15 m=95 tag=rand g6=N‾‾‾‾v^}}‾‾w‾n‾‾‾‾G t=0.8s
TIGHT n=15 m=90 tag=rand g6=Ntxjzn‾z‾‾z|‾¥^|‾‾w t=0.2s
TIGHT n=15 m=94 tag=rand g6=N‾}z||z‾^n‾‾‾‾||‾tw t=1.2s
TIGHT n=15 m=92 tag=rand g6=N‾‾z‾‾‾u‾z‾yT‾‾‾}Zg t=0.7s
TIGHT n=15 m=69 tag=rand g6=NfUPf|Zq‾imzx¥^]uho t=0.1s
TIGHT n=15 m=78 tag=rand g6=Nf‾Z‾¥^nmZv‾‾dEl^yO t=0.5s
TIGHT n=15 m=85 tag=rand g6=Nl}|‾^|}xv^V^‾‾fjvg t=0.7s
TIGHT n=15 m=81 tag=rand g6=N|dx}|nxvt¥jL[‾‾‾‾w t=0.2s
TIGHT n=15 m=80 tag=rand g6=NWzj[¥k‾z‾}]‾¥N{‾‾w t=0.2s
TIGHT n=15 m=91 tag=rand g6=N‾vz‾^‾z‾u}z]jv^‾‾w t=0.5s
TIGHT n=15 m=93 tag=rand g6=N}}‾‾‾z‾‾]x‾^‾z‾F‾w t=1.0s
TIGHT n=15 m=75 tag=rand g6=N^k‾‾‾s]‾|YP{v}UbvG t=0.3s
TIGHT n=15 m=98 tag=rand g6=N|‾‾|z‾‾‾y‾‾‾‾‾‾|zw t=1.6s
TIGHT n=15 m=90 tag=rand g6=Nz‾^z‾Vzlzzn‾‾f‾}^w t=0.5s
TIGHT n=15 m=79 tag=rand g6=N}^ZnH}Vv‾‾ZvlvNY{w t=0.1s
TIGHT n=15 m=92 tag=rand g6=N‾‾‾vv||z‾^u|‾^t^‾w t=1.3s
TIGHT n=15 m=86 tag=rand g6=Nt|b‾‾‾‾}y‾g‾y‾]}^w t=0.2s
TIGHT n=15 m=82 tag=rand g6=N|z‾Hz‾zuNzn|jz‾Nww t=0.4s
TIGHT n=15 m=89 tag=rand g6=Nnn}nZ^b^‾N}‾‾‾‾‾xw t=1.3s
TIGHT n=15 m=77 tag=rand g6=N{qd}}Fv‾wVTvvzzvvw t=0.3s
TIGHT n=15 m=88 tag=rand g6=N^zv‾|||^nVv‾‾Z‾nTw t=0.3s
TIGHT n=15 m=95 tag=rand g6=N‾‾}‾vMz^‾‾z‾‾}}‾‾w t=0.9s
TIGHT n=15 m=92 tag=rand g6=N}‾‾mnn‾|‾^z‾z‾}Vnw t=0.4s
TIGHT n=15 m=94 tag=rand g6=N^‾v‾‾‾|^‾vn‾z^‾^¥w t=0.9s
TIGHT n=15 m=94 tag=rand g6=Nv‾‾‾v^‾n‾z|}‾vvv‾g t=0.6s
TIGHT n=15 m=91 tag=rand g6=N^‾]vt‾‾‾}v‾‾my‾|}w t=0.6s
TIGHT n=15 m=79 tag=rand g6=N}fNn‾vMXZq]z^|v‾}W t=0.2s
TIGHT n=15 m=96 tag=rand g6=Nn‾}‾|‾Z‾]‾‾‾‾^^‾‾w t=0.7s
TIGHT n=15 m=88 tag=rand g6=N}v‾|z‾}‾lvtn‾y^V‾W t=0.9s
TIGHT n=15 m=79 tag=rand g6=N‾‾zmj{QqvX{z|Z‾‾xw t=0.3s
TIGHT n=15 m=70 tag=rand g6=N‾xnuDqv‾fm¥ZY{¥^cO t=0.4s
TIGHT n=15 m=99 tag=rand g6=Nz‾‾‾|‾z^‾‾‾‾V‾‾‾‾w t=2.9s
TIGHT n=15 m=85 tag=rand g6=NznvNz|}||‾lzv|‾Lng t=0.8s
TIGHT n=15 m=94 tag=rand g6=N‾‾‾‾|}Z‾|‾‾Z{‾‾n‾W t=2.7s
TIGHT n=15 m=95 tag=rand g6=N‾n‾‾^‾‾}‾Zvnzx‾‾‾w t=2.3s
TIGHT n=15 m=91 tag=rand g6=N^|‾‾‾m‾‾v‾fz‾^^f}g t=0.4s
TIGHT n=15 m=85 tag=rand g6=N‾}‾f^^z]lvu‾n|V]‾W t=0.3s
TIGHT n=15 m=101 tag=rand g6=N‾‾‾‾‾¥‾}z‾‾‾‾‾‾‾‾w t=2.4s
TIGHT n=15 m=78 tag=rand g6=NZ}^aT^‾i¥x¥v^‾‾mNw t=0.3s
TIGHT n=15 m=83 tag=rand g6=N}‾^n|‾‾{mljzvK‾g‾w t=0.8s
TIGHT n=15 m=97 tag=rand g6=Nzn‾nz‾jz|‾‾‾‾‾‾‾‾w t=2.8s
TIGHT n=15 m=77 tag=rand g6=N^vvys‾p‾‾XZvw]uytw t=0.6s
TIGHT n=15 m=87 tag=rand g6=Nm^{‾zl‾‾rrF‾‾|‾‾‾O t=1.1s
TIGHT n=15 m=94 tag=rand g6=N^^‾‾}‾‾^x‾||v‾m‾‾w t=1.0s
TIGHT n=15 m=90 tag=rand g6=N‾}l^xv|‾tn¥‾‾‾]‾‾w t=0.9s
TIGHT n=15 m=95 tag=rand g6=N}‾‾z‾]‾b||z‾‾‾‾‾‾w t=1.3s
TIGHT n=15 m=90 tag=rand g6=N‾‾r‾F‾^¥‾^{nn‾‾|}w t=0.5s
TIGHT n=15 m=92 tag=rand g6=N‾z‾‾‾vvvn‾uvnz^}nw t=1.0s
TIGHT n=15 m=95 tag=rand g6=N‾^z‾z‾z‾n|v‾z‾‾‾}g t=2.1s
TIGHT n=15 m=72 tag=rand g6=Nupl[}mRf‾zjjZzrV|G t=0.4s
TIGHT n=15 m=89 tag=rand g6=N^z‾{^}‾r‾‾}xzr‾‾‾G t=0.4s
TIGHT n=15 m=81 tag=rand g6=N[|xT[‾xxm‾‾‾VZ‾znw t=0.8s
TIGHT n=15 m=91 tag=rand g6=Nz‾‾‾]v^z|t‾^‾zz}‾g t=1.4s
TIGHT n=15 m=95 tag=rand g6=N‾^}‾j‾‾‾‾‾‾zv^vx‾w t=1.2s
TIGHT n=15 m=94 tag=rand g6=N‾zn‾z‾¥‾z‾‾^‾‾|^Vw t=1.1s
TIGHT n=15 m=83 tag=rand g6=N‾¥y}no|m‾L‾pz‾‾}nw t=0.4s
TIGHT n=15 m=88 tag=rand g6=N^|n‾mvVj‾^v‾}‾nX‾w t=0.7s
TIGHT n=15 m=85 tag=rand g6=NZynvZu‾‾X]^‾Zx‾‾‾w t=0.8s
TIGHT n=15 m=100 tag=rand g6=N‾v‾‾n^‾f‾‾‾‾‾‾‾‾‾w t=6.7s
TIGHT n=15 m=84 tag=rand g6=NV^‾n}‾^z¥[}n^‾tyvW t=0.3s
TIGHT n=15 m=89 tag=rand g6=N‾^‾‾‾|nt‾}}¥u|V‾‾O t=0.8s
TIGHT n=15 m=95 tag=rand g6=NVj‾‾‾‾v|^n‾‾‾‾y‾‾w t=1.2s
TIGHT n=15 m=86 tag=rand g6=Nz}‾Uv‾}^x‾^q}Z‾vvw t=1.8s
TIGHT n=15 m=85 tag=rand g6=Nn^}‾|fvmxR‾nzZ‾zzw t=0.3s
TIGHT n=15 m=90 tag=rand g6=N‾‾^‾}^v‾‾vZ‾Q‾Zz|w t=0.9s
TIGHT n=15 m=90 tag=rand g6=N‾‾]||}v{t^‾^^‾l‾‾w t=0.5s
TIGHT n=15 m=98 tag=rand g6=N‾‾‾z‾‾‾‾‾‾‾‾r^v‾tw t=1.9s
TIGHT n=15 m=81 tag=rand g6=NG‾‾^‾eUl|‾‾z‾}^qrg t=0.4s
TIGHT n=15 m=89 tag=rand g6=N‾}‾nj}u‾‾y‾{‾n‾‾Ro t=0.2s
TIGHT n=15 m=75 tag=rand g6=Npj_Jw‾dh^N|vn‾‾u‾w t=0.2s
TIGHT n=15 m=93 tag=rand g6=N‾‾‾‾}‾vnn‾rj‾r‾}}w t=0.5s
TIGHT n=15 m=89 tag=rand g6=NN‾f‾kV‾v‾kz‾j‾‾‾‾w t=2.0s
TIGHT n=15 m=80 tag=rand g6=N|k‾‾f}l^¥}}]n^Lnxg t=0.6s
TIGHT n=15 m=81 tag=rand g6=Nm‾femt¥f‾‾‾}}|‾rfO t=0.3s
TIGHT n=15 m=84 tag=rand g6=N‾¥uc}ynL‾V‾|}‾‾vzw t=0.7s
TIGHT n=15 m=69 tag=rand g6=NwNO^‾npqZRn}zt|W^G t=0.5s
TIGHT n=15 m=87 tag=rand g6=N‾‾Ntzv‾r}}^^‾‾‾pxg t=0.4s
TIGHT n=15 m=92 tag=rand g6=Nlv‾‾n‾ztvnv‾v}‾^‾w t=0.5s
TIGHT n=15 m=65 tag=rand g6=Nv¥]‾h{lVyaadvDnFqg t=0.1s
TIGHT n=15 m=83 tag=rand g6=N^^‾T‾z‾vvnz|ry¥Nfo t=0.7s
TIGHT n=15 m=82 tag=rand g6=NJfzzzxP‾N‾v‾‾r]‾Vw t=0.4s
TIGHT n=15 m=96 tag=rand g6=N^‾‾y‾‾nm}‾r‾‾‾‾‾‾w t=1.5s
TIGHT n=15 m=76 tag=rand g6=N|vn{m}m^OUr‾‾M^knw t=0.9s
TIGHT n=15 m=97 tag=rand g6=Nv‾‾‾‾{‾‾|‾‾v|‾‾vnw t=2.4s
TIGHT n=15 m=100 tag=rand g6=N‾‾‾‾‾‾‾}|z‾‾‾‾m‾‾w t=2.0s
TIGHT n=15 m=92 tag=rand g6=N{‾‾‾vz^q‾‾‾nl‾‾‾}g t=2.0s
TIGHT n=15 m=92 tag=rand g6=N‾‾‾‾‾t‾}‾uNn|}vzzw t=0.9s
TIGHT n=15 m=82 tag=rand g6=Nx¥nvln‾nq|‾}sn‾|¥o t=0.2s
TIGHT n=15 m=84 tag=rand g6=Nzvrs‾z{¥‾}e‾vzj^‾w t=1.1s
TIGHT n=15 m=90 tag=rand g6=N‾‾‾fL}z‾¥n|u‾r‾‾‾w t=0.4s
TIGHT n=15 m=78 tag=rand g6=NN]vy‾jmr‾n^J|yylzW t=0.2s
TIGHT n=15 m=83 tag=rand g6=N{u‾nBqzvN‾‾m‾znu‾w t=0.8s
TIGHT n=15 m=91 tag=rand g6=Nn‾n‾h‾V‾‾|‾‾u|^n^w t=0.5s
TIGHT n=15 m=86 tag=rand g6=N‾}tv{vv‾^nz‾yj‾z]W t=0.6s
TIGHT n=15 m=95 tag=rand g6=N|Zv‾‾r‾‾‾‾‾V‾f‾‾‾w t=1.7s
TIGHT n=15 m=96 tag=rand g6=Nn‾‾‾‾¥r‾‾‾‾‾‾v^l‾w t=2.1s
TIGHT n=15 m=90 tag=rand g6=NRn‾‾‾‾z{nv¥m{‾‾‾‾w t=0.6s
TIGHT n=15 m=84 tag=rand g6=Nd}r}vnn‾‾zntnuj‾zg t=0.5s
TIGHT n=15 m=76 tag=rand g6=Nx^f{^^nv¥{Wv}vsu¥w t=0.6s
TIGHT n=15 m=87 tag=rand g6=N‾Zv‾]z‾z|‾|yzy}U‾w t=0.8s
TIGHT n=15 m=84 tag=rand g6=N}|Rt^}}n‾q‾v}]vn‾o t=1.3s
TIGHT n=15 m=83 tag=rand g6=N‾n‾n‾v‾}lpvZlzbllw t=1.0s
TIGHT n=15 m=97 tag=rand g6=N‾‾^‾‾‾‾‾‾^]‾‾‾Zznw t=2.7s
TIGHT n=15 m=93 tag=rand g6=N‾‾^}n‾‾‾‾¥nwz‾¥‾‾w t=0.7s
TIGHT n=15 m=90 tag=rand g6=N‾n^cz|‾nz‾|‾¥‾‾‾zW t=0.6s
TIGHT n=15 m=86 tag=rand g6=Nu‾v‾Ln]|‾‾y‾|}‾¥Yw t=0.4s
TIGHT n=15 m=92 tag=rand g6=N|vn|^^|t‾|^n|‾‾‾‾w t=0.2s
TIGHT n=15 m=78 tag=rand g6=N¥}|‾wn]y}n}nr‾aJ‾O t=0.2s
TIGHT n=15 m=85 tag=rand g6=N|f‾tzvZjv‾‾‾‾‾zQrg t=0.6s
TIGHT n=15 m=75 tag=rand g6=N‾Ktr‾V‾x¥zR{dzn]uo t=0.2s
TIGHT n=15 m=100 tag=rand g6=Nzzz‾‾‾|^‾‾‾‾‾‾‾‾‾w t=2.3s
TIGHT n=15 m=92 tag=rand g6=N‾r‾z‾z‾nVv|f‾‾‾nzw t=0.9s
TIGHT n=15 m=97 tag=rand g6=N‾v‾‾‾|‾v‾z‾‾‾|^‾|W t=1.0s
TIGHT n=15 m=90 tag=rand g6=Nz{¥n^‾‾}‾N^‾‾^z}vw t=1.2s
TIGHT n=15 m=69 tag=rand g6=NyNVzTr|sv‾w‾nH{BWo t=0.7s
TIGHT n=15 m=81 tag=rand g6=Nzt}‾nV‾‾t^‾zYzqwww t=0.4s
TIGHT n=15 m=88 tag=rand g6=Nu‾^‾‾z|h‾|}‾nt|Nzw t=0.5s
TIGHT n=15 m=88 tag=rand g6=NR‾‾]‾d‾‾kl‾^n‾‾‾uw t=0.7s
TIGHT n=15 m=96 tag=rand g6=N‾n‾vq‾‾‾‾}‾‾‾‾v‾‾O t=0.7s
TIGHT n=15 m=81 tag=rand g6=N}by‾mnZ^‾x‾‾np^Y|o t=1.3s
TIGHT n=15 m=97 tag=rand g6=N‾‾‾‾zk‾‾‾{‾‾‾‾‾}zw t=2.4s
TIGHT n=15 m=97 tag=rand g6=N‾‾‾v‾‾v|‾Vnu‾‾‾‾‾w t=2.1s
TIGHT n=15 m=79 tag=rand g6=NX‾zWmNT‾‾‾|{fumm‾w t=0.6s
TIGHT n=15 m=98 tag=rand g6=N‾}‾‾‾‾yz^‾‾‾‾‾‾f‾w t=1.8s
TIGHT n=15 m=81 tag=rand g6=N‾‾^^MnuEnxV‾}}zvzG t=0.3s
TIGHT n=15 m=89 tag=rand g6=N^N‾Zz‾i‾‾V}}v^v‾‾w t=0.6s
TIGHT n=15 m=93 tag=rand g6=N^‾‾‾z|‾xt}‾‾u‾‾}^w t=1.9s
TIGHT n=15 m=84 tag=rand g6=Nz‾mp‾‾J‾¥nVvq}‾‾zo t=0.2s
TIGHT n=15 m=89 tag=rand g6=N‾Z‾x‾}‾‾‾v¥Yn‾rn‾W t=1.4s
TIGHT n=15 m=95 tag=rand g6=N^z‾}‾‾xn‾‾‾‾‾nzj‾w t=2.3s
TIGHT n=15 m=93 tag=rand g6=N‾‾Y‾^u|z‾|^‾‾‾‾‾{w t=0.7s
TIGHT n=15 m=90 tag=rand g6=Nr‾inz‾¥z‾‾^‾‾n}‾uw t=1.1s
TIGHT n=15 m=93 tag=rand g6=N‾¥n^‾t|‾n^‾n‾‾‾v‾g t=1.8s
TIGHT n=15 m=85 tag=rand g6=NlhxvN‾‾‾z‾}z‾f}m‾_ t=0.7s
TIGHT n=15 m=82 tag=rand g6=N¥N¥‾fwZ}^|zXn‾‾|^w t=0.5s
TIGHT n=15 m=91 tag=rand g6=NznV‾n|f‾‾m‾z^‾‾‾rw t=0.7s
TIGHT n=15 m=91 tag=rand g6=NvzVZn‾‾z}vz‾‾‾^}‾o t=1.1s
TIGHT n=15 m=85 tag=rand g6=Ntv‾rmXy‾z‾n‾‾v|f^W t=0.4s
TIGHT n=15 m=99 tag=rand g6=Njv‾‾‾‾‾‾‾‾‾z‾|‾^‾w t=3.2s
TIGHT n=15 m=80 tag=rand g6=Nd‾|zztv{Mv{l}|‾‾j_ t=0.7s
TIGHT n=15 m=88 tag=rand g6=Nef^_‾m‾‾mvz‾‾‾‾‾‾w t=1.1s
TIGHT n=15 m=92 tag=rand g6=N‾nn]‾‾d^‾‾‾‾v}‾^rw t=0.8s
TIGHT n=15 m=87 tag=rand g6=N}rL|l^‾‾‾|‾l^N‾‾‾G t=0.3s
TIGHT n=15 m=81 tag=rand g6=NU‾‾r||m}‾zurw‾zB}w t=0.5s
TIGHT n=15 m=95 tag=rand g6=N‾{y‾‾‾‾l‾‾uvz‾‾‾‾w t=2.6s
TIGHT n=15 m=86 tag=rand g6=Nv‾|n^M‾‾‾mt|z¥N‾jw t=0.9s
TIGHT n=15 m=89 tag=rand g6=N‾t‾|nZ‾n|Lvnn‾‾|‾W t=0.8s
TIGHT n=15 m=84 tag=rand g6=Nfl}x‾‾]‾N|v‾mn‾ZnG t=0.3s
TIGHT n=15 m=90 tag=rand g6=N{z‾^vV‾|vnv‾Z^z‾‾w t=0.8s
TIGHT n=15 m=87 tag=rand g6=NvZ‾‾‾v^v^‾Lv|ly‾Nw t=0.7s
TIGHT n=15 m=90 tag=rand g6=N‾‾z}‾sm|}v^f‾¥‾‾‾w t=0.7s
TIGHT n=15 m=90 tag=rand g6=N‾‾‾rn^‾vvm|f‾n^‾}W t=2.1s
TIGHT n=15 m=88 tag=rand g6=Nrl‾‾‾‾v‾L]‾{‾vmz‾o t=0.8s
TIGHT n=15 m=86 tag=rand g6=N|lz{‾ur‾‾‾Zf‾‾^zro t=0.1s
TIGHT n=15 m=77 tag=rand g6=NZvqX}tu]‾ns‾‾]NuZw t=0.3s
TIGHT n=15 m=86 tag=rand g6=Np‾]n‾‾}iV‾‾}‾pnz‾g t=0.5s
TIGHT n=15 m=79 tag=rand g6=NiZw‾|n‾‾^u}¥|j[r‾_ t=0.3s
TIGHT n=15 m=84 tag=rand g6=N‾‾nLynjv‾v‾ux|vzmW t=0.3s
TIGHT n=15 m=92 tag=rand g6=N‾}n}‾j}}^¥}nn‾‾‾‾w t=1.1s
TIGHT n=15 m=85 tag=rand g6=N¥]‾fV‾‾n|‾zjvzy^]w t=0.4s
TIGHT n=15 m=93 tag=rand g6=N‾‾|‾‾}L^‾‾t‾r¥‾‾‾w t=1.0s
TIGHT n=15 m=82 tag=rand g6=N}zt¥z‾Znljn}n{‾‾TW t=0.4s
TIGHT n=15 m=77 tag=rand g6=N¥‾‾[j‾vHP‾‾czv}T‾O t=0.2s
TIGHT n=15 m=99 tag=rand g6=N‾‾‾‾v‾‾‾||^‾‾‾‾|}w t=0.9s
TIGHT n=15 m=77 tag=rand g6=N|‾vx`‾y¥JvFhrj‾|‾g t=0.4s
TIGHT n=15 m=88 tag=rand g6=N]}‾‾vx‾||d^z^v‾|‾o t=0.4s
TIGHT n=15 m=101 tag=rand g6=N‾‾f‾‾‾x‾‾‾‾‾‾‾‾‾‾w t=0.5s
TIGHT n=15 m=99 tag=rand g6=N‾^‾‾|z|‾‾‾‾}z‾‾‾‾w t=0.3s
TIGHT n=15 m=96 tag=rand g6=N‾‾z‾‾‾Nfx‾‾‾‾‾‾vzw t=2.0s
TIGHT n=15 m=89 tag=rand g6=NLu‾‾v‾‾¥z}‾n}jj‾‾w t=1.5s
TIGHT n=15 m=77 tag=rand g6=N‾nx‾}zvFdFju{}r‾yO t=0.7s
TIGHT n=15 m=88 tag=rand g6=N‾|x}|mv|‾n^rx‾‾zzw t=0.5s
TIGHT n=15 m=91 tag=rand g6=N‾‾}y‾|XvN‾‾|^‾‾}nw t=0.6s
TIGHT n=15 m=90 tag=rand g6=N|T‾{}‾‾x‾lj‾‾}^‾‾w t=0.6s
TIGHT n=15 m=89 tag=rand g6=Nm}vzN{‾|‾f‾‾¥‾‾f‾w t=2.0s
TIGHT n=15 m=87 tag=rand g6=N‾‾‾|Ry]z¥‾Unn‾]‾‾w t=0.4s
TIGHT n=15 m=96 tag=rand g6=N‾‾‾}‾^z‾‾l‾^b‾‾‾‾w t=0.7s
TIGHT n=15 m=79 tag=rand g6=Nz}ulVNu^nRnl{‾‾luw t=0.4s
TIGHT n=15 m=94 tag=rand g6=N‾||v‾Nl}nl‾‾‾‾‾‾‾w t=0.7s
TIGHT n=15 m=90 tag=rand g6=N}v|‾n|‾b‾L‾‾z‾‾V‾o t=0.5s
TIGHT n=15 m=91 tag=rand g6=N‾‾‾z‾|nnUvny|^‾^‾w t=1.2s
TIGHT n=15 m=99 tag=rand g6=NNn‾‾‾^‾‾‾‾‾‾‾‾‾}zw t=1.9s
TIGHT n=15 m=78 tag=rand g6=N}{{svz‾‾|njgv|^ziG t=0.7s
TIGHT n=15 m=72 tag=rand g6=Na‾n^xHIN‾|VH‾dvjvW t=0.2s
TIGHT n=15 m=87 tag=rand g6=N‾‾vzVvj‾|^v‾b‾}f‾_ t=0.7s
TIGHT n=15 m=82 tag=rand g6=NzXnvn^Z‾‾q‾^^]rvtW t=0.4s
TIGHT n=15 m=90 tag=rand g6=N‾‾B‾‾v‾zvtmn|‾‾zzw t=1.5s
TIGHT n=15 m=87 tag=rand g6=N|‾zuv|z}‾‾jNxm‾v^w t=0.6s
TIGHT n=15 m=91 tag=rand g6=N‾‾lnz‾}^‾nvZ‾n|}}w t=2.4s
TIGHT n=15 m=96 tag=rand g6=N‾v‾‾‾fz‾‾‾‾v^‾^‾|o t=0.9s
TIGHT n=15 m=89 tag=rand g6=Nnj‾¥Zz^‾^‾Z‾‾‾jz}w t=0.9s
TIGHT n=15 m=92 tag=rand g6=N‾‾‾‾‾v‾u‾vw}vl‾z^w t=0.8s
TIGHT n=15 m=82 tag=rand g6=N}zf‾xz‾n‾c|{‾vivdw t=0.6s
TIGHT n=15 m=83 tag=rand g6=NvET^^‾znv|‾t‾}|m^W t=0.7s
TIGHT n=15 m=87 tag=rand g6=Nf‾uv}}‾‾kjv‾n‾{‾zg t=1.1s
TIGHT n=15 m=89 tag=rand g6=N‾}Z‾v}u^‾^‾^tN‾n‾g t=0.4s
TIGHT n=15 m=83 tag=rand g6=NkzZnvx|yrL‾||nn‾‾w t=0.9s
TIGHT n=15 m=74 tag=rand g6=Ng]Rpnnsv‾}^nyV}Ytw t=0.2s
TIGHT n=15 m=94 tag=rand g6=N‾‾‾‾n‾^n‾fr‾‾|nvzw t=0.5s
TIGHT n=15 m=87 tag=rand g6=N‾zrf}v‾|nm}‾{zn‾fw t=1.9s
TIGHT n=15 m=87 tag=rand g6=N}t‾‾‾f‾zu}^u‾|‾Zyg t=0.7s
TIGHT n=15 m=93 tag=rand g6=N‾‾|zn‾}n‾n‾‾‾|^vVW t=1.2s
TIGHT n=15 m=81 tag=rand g6=Nuv‾vN]x‾}]{yun¥‾vo t=0.2s
TIGHT n=15 m=85 tag=rand g6=Nbv}‾[t|}nNvvn‾l‾‾w t=0.2s
TIGHT n=15 m=89 tag=rand g6=Nzm^Vz‾|nz‾‾‾‾]lzvw t=1.1s
TIGHT n=15 m=87 tag=rand g6=N}n|ns{v‾‾^^‾‾J}‾mw t=0.4s
TIGHT n=15 m=77 tag=rand g6=NbNzm|‾z‾nZbN}NyNlo t=0.1s
TIGHT n=15 m=92 tag=rand g6=N‾‾^^‾‾y‾nzn‾Z‾x}nw t=1.4s
TIGHT n=15 m=90 tag=rand g6=N‾u‾n‾b‾yyv‾X}‾‾‾‾w t=1.3s
TIGHT n=15 m=75 tag=rand g6=Nle‾zm}tf]tZez}y|zO t=0.2s
TIGHT n=15 m=83 tag=rand g6=Nnf‾l‾NN‾}r‾‾]xE‾mw t=0.4s
TIGHT n=15 m=84 tag=rand g6=Nr|M‾fnvvVym‾‾‾‾r]w t=0.8s
TIGHT n=15 m=91 tag=rand g6=NN‾zny‾^v‾‾j‾ft‾‾‾w t=1.4s
TIGHT n=15 m=92 tag=rand g6=N‾‾rMvz‾}z‾‾‾‾zvn^w t=0.9s
TIGHT n=15 m=74 tag=rand g6=N‾m]}|Pyw]YZ[rNn^‾w t=0.4s
TIGHT n=15 m=83 tag=rand g6=Nr¥nyv^‾muV‾||}{‾^o t=0.4s
TIGHT n=15 m=86 tag=rand g6=N‾zv‾v{‾Z¥|n}zyNn}w t=0.5s
TIGHT n=15 m=88 tag=rand g6=N‾‾‾^‾u‾n}‾`x‾jlt‾w t=0.4s
TIGHT n=15 m=85 tag=rand g6=N‾z^‾vv}v‾lz}{V`‾|g t=0.5s
TIGHT n=15 m=77 tag=rand g6=N‾Z‾lur|`mflzV|‾Mfw t=0.2s
TIGHT n=15 m=91 tag=rand g6=N‾^^‾c‾nzvz|‾‾}‾n‾o t=0.2s
TIGHT n=15 m=94 tag=rand g6=N‾‾‾}‾}|}‾^‾‾‾zn{rw t=0.7s
TIGHT n=15 m=90 tag=rand g6=Nyv‾‾|‾jV‾‾‾l‾‾n|fo t=1.7s
TIGHT n=15 m=90 tag=rand g6=Nf||n‾‾‾‾fvvhnx‾‾‾w t=1.2s
TIGHT n=15 m=79 tag=rand g6=Nn|‾‾z|yjpn^‾tvS|pO t=0.2s
TIGHT n=15 m=94 tag=rand g6=N‾‾‾^‾x‾‾Nvz}v‾‾u‾w t=1.6s
TIGHT n=15 m=90 tag=rand g6=N‾‾‾}||v|}n‾‾B‾mvvw t=1.8s
TIGHT n=15 m=90 tag=rand g6=N‾h‾x‾nkv‾]}nz‾‾‾‾w t=1.1s
TIGHT n=15 m=86 tag=rand g6=Nz[ZnN‾c‾‾}}‾‾|n‾uw t=0.6s
TIGHT n=15 m=86 tag=rand g6=Nx‾z^z[|‾‾tz‾||‾Z{W t=0.9s
TIGHT n=15 m=93 tag=rand g6=Nx‾}]‾‾n‾‾v|nnZ‾‾‾w t=0.5s
TIGHT n=15 m=82 tag=rand g6=N‾jJ¥}n‾z‾y}||¥‾euW t=0.7s
TIGHT n=15 m=88 tag=rand g6=Nlzx|nnj‾‾]|‾‾‾ty‾w t=0.5s
TIGHT n=15 m=78 tag=rand g6=Nv^{a‾r‾[uvn}‾mrU^o t=0.4s
TIGHT n=15 m=96 tag=rand g6=N‾‾‾‾z}‾‾z‾y}n‾‾‾Vw t=1.6s
TIGHT n=15 m=87 tag=rand g6=N|‾f|nv]ynzy}^‾]‾‾w t=0.6s
TIGHT n=15 m=96 tag=rand g6=N‾‾‾^¥‾^^‾‾‾vvvn‾‾w t=3.1s
TIGHT n=15 m=88 tag=rand g6=Nv‾‾‾lmUrvm‾zv‾‾vzw t=1.1s
TIGHT n=15 m=91 tag=rand g6=N^‾‾‾||n^^|n‾‾n¥V‾g t=0.7s
TIGHT n=15 m=82 tag=rand g6=Nfzn}}‾‾‾vzWvu{nJxw t=0.2s
TIGHT n=15 m=96 tag=rand g6=N‾‾z‾‾‾‾R‾}}|‾‾v^‾w t=0.6s
TIGHT n=15 m=93 tag=rand g6=Nz‾^‾‾‾‾||zvm‾^z||w t=1.1s
TIGHT n=15 m=85 tag=rand g6=N‾‾v]vV¥|‾jfr|‾‾uvg t=0.2s
TIGHT n=15 m=85 tag=rand g6=Nv^‾l‾jnhjy^‾n‾‾|vG t=0.3s
TIGHT n=15 m=88 tag=rand g6=Nv‾‾‾mj}}nvv}rm‾|‾g t=0.5s
TIGHT n=15 m=97 tag=rand g6=N^^‾}‾^‾‾mvv‾‾‾‾‾‾w t=2.0s
TIGHT n=15 m=65 tag=rand g6=NDLbjUe‾z{ajlLf{}}G t=0.1s
TIGHT n=15 m=94 tag=rand g6=N‾}‾‾f‾n^‾}‾‾^‾z^|W t=1.2s
TIGHT n=15 m=82 tag=rand g6=N‾n{|v¥yz‾]Z]qj^^‾w t=0.5s
TIGHT n=15 m=90 tag=rand g6=Nvk‾|f‾}}‾n|}n}|‾‾w t=0.5s
TIGHT n=15 m=84 tag=rand g6=NNl‾u|‾]vxuz‾yMv‾‾w t=0.2s
TIGHT n=15 m=87 tag=rand g6=Nj‾‾‾}nH‾un‾|}uv|‾o t=0.3s
TIGHT n=15 m=98 tag=rand g6=N‾^n‾‾‾‾‾‾l‾‾‾}‾}‾o t=1.8s
TIGHT n=15 m=96 tag=rand g6=N‾‾‾‾‾z‾‾}|v}|z‾‾vo t=0.6s
TIGHT n=15 m=86 tag=rand g6=Nx‾Z|‾‾J‾vv}ZZ‾lz}w t=0.4s
TIGHT n=15 m=92 tag=rand g6=N‾vn^‾‾|‾‾Rf‾‾‾‾vUw t=1.2s
TIGHT n=15 m=93 tag=rand g6=N‾‾‾}‾‾z}zntz]‾‾n‾g t=0.4s
TIGHT n=15 m=96 tag=rand g6=Nz}‾‾‾z^tz‾‾‾‾‾‾|nw t=0.4s
TIGHT n=15 m=83 tag=rand g6=N‾^v¥‾n¥r}|xxm‾^f^o t=0.2s
TIGHT n=15 m=81 tag=rand g6=Nm‾ynFzi‾e‾‾|xv‾Tfw t=0.4s
TIGHT n=15 m=96 tag=rand g6=Nz‾‾‾‾‾v‾‾n‾vvzz‾zW t=1.5s
TIGHT n=15 m=89 tag=rand g6=Nj‾‾¥‾‾‾n}^ndz‾y}zw t=0.5s
TIGHT n=15 m=95 tag=rand g6=N‾‾‾‾‾‾‾‾||‾rm^|j‾w t=1.2s
TIGHT n=15 m=105 tag=rand g6=N‾‾‾‾‾‾‾‾‾‾‾‾‾‾‾‾‾w t=1.3s
TIGHT n=15 m=90 tag=rand g6=N^r‾}|^vn‾}‾zn‾mu‾w t=0.6s
TIGHT n=15 m=93 tag=rand g6=N‾|‾j]hn‾‾‾|‾‾‾‾}‾W t=0.6s
TIGHT n=15 m=97 tag=rand g6=Nz‾‾‾z‾^¥^‾‾nn‾‾‾‾w t=1.2s
TIGHT n=15 m=98 tag=rand g6=N‾vzv‾‾‾‾f‾‾V‾‾‾‾‾w t=1.3s
TIGHT n=15 m=100 tag=rand g6=N‾n‾‾‾‾‾|‾‾‾|‾‾‾‾}g t=1.8s
TIGHT n=15 m=84 tag=rand g6=N‾v|yls|q‾‾‾V‾}}vZW t=0.6s
TIGHT n=15 m=80 tag=rand g6=NvXzzwu¥v‾‾VVzXv}‾g t=0.2s
TIGHT n=15 m=88 tag=rand g6=Nt}|‾n‾‾‾m|}‾vun‾m_ t=0.2s
TIGHT n=15 m=74 tag=rand g6=N|f‾uq¥l}psx‾{‾`vRw t=0.2s
TIGHT n=15 m=90 tag=rand g6=Nuvn}‾‾N‾|m‾}{‾}^‾w t=0.2s
TIGHT n=15 m=85 tag=rand g6=N‾sqNzu‾‾‾u‾}vxv‾no t=0.8s
TIGHT n=15 m=70 tag=rand g6=N^IZ^||]¥f[X{Zu}lJo t=0.2s
TIGHT n=15 m=84 tag=rand g6=N^‾v‾^‾nm‾Z‾p}vlnSo t=0.4s
TIGHT n=15 m=89 tag=rand g6=N‾]‾‾‾X|]z‾nnv^‾^‾G t=0.2s
TIGHT n=15 m=99 tag=rand g6=N‾}‾‾}‾‾‾f‾‾|v‾‾‾‾w t=0.5s
TIGHT n=15 m=98 tag=rand g6=N‾N‾‾‾^‾x‾‾‾‾‾‾‾zzw t=1.3s
TIGHT n=15 m=80 tag=rand g6=Nw‾wu‾u‾‾ll^R|Z{nvw t=0.4s
TIGHT n=15 m=92 tag=rand g6=N|}v}j‾^‾‾x‾‾‾‾jnnw t=0.4s
TIGHT n=15 m=81 tag=rand g6=Nv‾X¥^|‾vxno‾{evznw t=0.2s
TIGHT n=15 m=91 tag=rand g6=N|z‾njz|n{‾^n‾‾‾‾‾G t=0.7s
TIGHT n=15 m=89 tag=rand g6=Nv‾^x^‾nnu‾nJ}‾‾‾jw t=0.6s
SUMMARY n=15 mode=random {'OK': 9574, 'TIGHT': 426, 'CE': 0} time=4597s
