TIGHT n=14 m=66 tag=perturb g6=MhW^^pyvu}p~~||Z_ t=0.1s
TIGHT n=14 m=54 tag=perturb g6=MDE}Z|dZviukruLw? t=0.1s
TIGHT n=14 m=71 tag=perturb g6=Mn~U~hzz~mfv}{}]_ t=0.3s
TIGHT n=14 m=65 tag=perturb g6=M}mn~gzldz^In{i~_ t=0.1s
TIGHT n=14 m=49 tag=perturb g6=Mi\QiKKxmL|n[M]D? t=0.1s
TIGHT n=14 m=72 tag=perturb g6=MU~}~l~yg\z^}}~~? t=0.3s
TIGHT n=14 m=70 tag=perturb g6=M\}|]vYz}^~~hW~z_ t=0.1s
TIGHT n=14 m=73 tag=perturb g6=MZu~}~uT|~~nVnVv_ t=0.3s
TIGHT n=14 m=72 tag=perturb g6=M~{~vn|H}~xnz~Dz_ t=0.1s
TIGHT n=14 m=60 tag=perturb g6=MMiNE~zzzDxM{~}L? t=0.1s
TIGHT n=14 m=67 tag=perturb g6=M^mb~}}Z{~^Z[zZy? t=0.2s
TIGHT n=14 m=72 tag=perturb g6=M~~~lkz~t~t|L~Vb_ t=0.6s
TIGHT n=14 m=69 tag=perturb g6=MZZ~~z|\j}vufFyn_ t=0.1s
TIGHT n=14 m=68 tag=perturb g6=Mt~~^zV~|Wyx]k|t_ t=0.3s
TIGHT n=14 m=64 tag=perturb g6=Mx^}f}V]{JU~e\vm_ t=0.1s
TIGHT n=14 m=64 tag=perturb g6=MLfNtx~MzC\n~}zr_ t=0.1s
TIGHT n=14 m=69 tag=perturb g6=MRNnz^v^~n}}r{rN? t=0.3s
TIGHT n=14 m=57 tag=perturb g6=MW|mRkRnyvjvhTzT? t=0.1s
TIGHT n=14 m=75 tag=perturb g6=Mk~ZJ~~~~mV~~|l|_ t=0.3s
TIGHT n=14 m=54 tag=perturb g6=MPttlKxk^Y@s^~Mj_ t=0.1s
TIGHT n=14 m=81 tag=perturb g6=M~~z~zvv~Z~}~~m~? t=0.4s
TIGHT n=14 m=72 tag=perturb g6=MY{^}n|z|~rff^~}_ t=0.1s
TIGHT n=14 m=68 tag=perturb g6=Mh~h~Nt^~|mjr~f]? t=0.1s
TIGHT n=14 m=77 tag=perturb g6=M~r~|mz~~z~~N~~a? t=0.3s
TIGHT n=14 m=71 tag=perturb g6=M~^B}xk~~~}mf^zr_ t=0.2s
TIGHT n=14 m=67 tag=perturb g6=MzLZ{^zf}^X^yn\n_ t=0.3s
TIGHT n=14 m=63 tag=perturb g6=Mg~h~LT^z\mjr~f]? t=0.1s
TIGHT n=14 m=63 tag=perturb g6=MtQ|~nT{mipy}|~l? t=0.1s
TIGHT n=14 m=67 tag=perturb g6=Mv~sfh~y|pxnzl}j_ t=0.2s
TIGHT n=14 m=64 tag=perturb g6=Mx^}nY^N}Zs~uUfi_ t=0.1s
TIGHT n=14 m=67 tag=perturb g6=MfN}vU^^ZsN~\vVv_ t=0.2s
TIGHT n=14 m=65 tag=perturb g6=M~vQmu~zxrrR}T]~? t=0.1s
TIGHT n=14 m=74 tag=perturb g6=Mrz~n^X~~h^s~zv~_ t=0.4s
TIGHT n=14 m=78 tag=perturb g6=M~~}~l|ylz~~~s~n_ t=0.3s
TIGHT n=14 m=55 tag=perturb g6=Mi~AiKK|]n\l}}yQ? t=0.1s
TIGHT n=14 m=69 tag=perturb g6=Mnf]}}n|b~qn|NV}_ t=0.1s
TIGHT n=14 m=72 tag=perturb g6=Mx~|xFnV~|{||l~|_ t=0.3s
TIGHT n=14 m=66 tag=perturb g6=M}V^mrNu^~au^mxv_ t=0.2s
TIGHT n=14 m=66 tag=perturb g6=M|y\ZXvknu]~L~yn_ t=0.1s
TIGHT n=14 m=76 tag=perturb g6=M}~\z^n~n~n}vm\n_ t=0.2s
TIGHT n=14 m=67 tag=perturb g6=Mtun}Fre|~zNVnuv_ t=0.2s
TIGHT n=14 m=64 tag=perturb g6=M~nNrV|a}|rd]^U\_ t=0.3s
TIGHT n=14 m=58 tag=perturb g6=MPtmj|bZv~Afnvta? t=0.1s
TIGHT n=14 m=64 tag=perturb g6=M[uUZ]fZ~n}dj^v]_ t=0.1s
TIGHT n=14 m=64 tag=perturb g6=M`z~ux}N^z^fMomn_ t=0.1s
TIGHT n=14 m=66 tag=perturb g6=M~~nlKj~dvT|L~Rj_ t=0.2s
TIGHT n=14 m=61 tag=perturb g6=Mszn]z\~|WuLAt|t_ t=0.1s
TIGHT n=14 m=73 tag=perturb g6=MvVz}wn}^~vy|~~b_ t=0.1s
TIGHT n=14 m=68 tag=perturb g6=M}^~fR|~^~fa]Mxv_ t=0.3s
TIGHT n=14 m=58 tag=perturb g6=MXbiz~eZv~FJWffr? t=0.1s
TIGHT n=14 m=62 tag=perturb g6=M]vm^NQq{tn~F^}d? t=0.1s
TIGHT n=14 m=74 tag=perturb g6=M}~n]zvvm~~~VXn{_ t=0.2s
TIGHT n=14 m=60 tag=perturb g6=MtQ|}~T}}np_ux~c? t=0.1s
TIGHT n=14 m=63 tag=perturb g6=MnRU}`zz~guV}ly}_ t=0.1s
TIGHT n=14 m=75 tag=perturb g6=M^n~^}m~~{~\zcv~_ t=0.3s
TIGHT n=14 m=69 tag=perturb g6=MRp^z\z}xy~u}~\}_ t=0.1s
TIGHT n=14 m=61 tag=perturb g6=Mx^~~YmtFIti~}YE_ t=0.1s
TIGHT n=14 m=70 tag=perturb g6=MN~~|ygvvj^~^|vs? t=0.3s
TIGHT n=14 m=68 tag=perturb g6=Mrl~}~~ynbB~hxnf_ t=0.2s
TIGHT n=14 m=68 tag=perturb g6=M|z|KZ~nfuN|l}zV_ t=0.3s
TIGHT n=14 m=63 tag=perturb g6=M]zv}~pyLJx]smfz_ t=0.1s
TIGHT n=14 m=62 tag=perturb g6=MIXMG^~ztnZ|Tm~z_ t=0.1s
TIGHT n=14 m=69 tag=perturb g6=MrNkznvZ~n~}zxRN_ t=0.1s
TIGHT n=14 m=69 tag=perturb g6=MN}Qzkzz|n~^nm~[_ t=0.1s
TIGHT n=14 m=61 tag=perturb g6=MMr[n{fv~yhiPvvm_ t=0.1s
TIGHT n=14 m=59 tag=perturb g6=MWRD]M}[}R}~Nfz|? t=0.1s
TIGHT n=14 m=60 tag=perturb g6=M|ytGWzjvuL\l}x^_ t=0.1s
TIGHT n=14 m=79 tag=perturb g6=M^~^^r~~Nn~\~}~v_ t=0.6s
TIGHT n=14 m=65 tag=perturb g6=M}^x~jzPZ\lprn~R_ t=0.1s
TIGHT n=14 m=74 tag=perturb g6=M~~~|^~]u{~~zqxZ? t=0.7s
TIGHT n=14 m=69 tag=perturb g6=Mw{lzfnZ~~z\p~\|_ t=0.1s
TIGHT n=14 m=67 tag=perturb g6=M]\_}xk~~~}mj^zr_ t=0.1s
TIGHT n=14 m=72 tag=perturb g6=Mvz\y~wn~~jYvV^~_ t=0.3s
TIGHT n=14 m=64 tag=perturb g6=M~~nnKj~pvVkzyPJ_ t=0.1s
TIGHT n=14 m=69 tag=perturb g6=MF~prfn~zv^Vd~nm_ t=0.2s
TIGHT n=14 m=67 tag=perturb g6=Mrxv~VZ{^r}z|~UK_ t=0.5s
TIGHT n=14 m=62 tag=perturb g6=MKNttSi^~Xqn|~}]_ t=0.3s
TIGHT n=14 m=74 tag=perturb g6=M~Yxr}~b~^}~m^~^_ t=0.3s
TIGHT n=14 m=64 tag=perturb g6=M]jN}nt}||~|rSpY? t=0.1s
TIGHT n=14 m=62 tag=perturb g6=M~}[nzHldv^}MT|F? t=0.1s
TIGHT n=14 m=76 tag=perturb g6=M^~^^Rm~Nn~\~}~v_ t=0.3s
TIGHT n=14 m=71 tag=perturb g6=M|~~llj~t~t|L~Vb_ t=0.4s
TIGHT n=14 m=67 tag=perturb g6=MrZ~j}NVbzVRn~n]_ t=0.1s
TIGHT n=14 m=71 tag=perturb g6=M~yznrn}jtZ]Zn|~_ t=0.2s
TIGHT n=14 m=62 tag=perturb g6=M{~nmxolUH~Vlrz}? t=0.1s
TIGHT n=14 m=60 tag=perturb g6=MpvNfAXz^J^s~zpV_ t=0.1s
TIGHT n=14 m=63 tag=perturb g6=Mxr]{xSXn{~rh~~w_ t=0.4s
TIGHT n=14 m=78 tag=perturb g6=M}y}~z}~~~^f^~r}_ t=0.3s
TIGHT n=14 m=60 tag=perturb g6=MtJQV^VzxvzZyFif_ t=0.1s
TIGHT n=14 m=65 tag=perturb g6=MqnX~jd~Y|y~tMvN_ t=0.1s
TIGHT n=14 m=58 tag=perturb g6=MnvYhxrStrv]T\RV_ t=0.2s
TIGHT n=14 m=58 tag=perturb g6=MnTUu`rz~[uU]lwv? t=0.1s
TIGHT n=14 m=65 tag=perturb g6=MZ|~vlfZNu~@q|x~? t=0.1s
TIGHT n=14 m=64 tag=perturb g6=Mj~\~[fv|qjAvr^j_ t=0.1s
TIGHT n=14 m=63 tag=perturb g6=M^elN}}JzUprv`~z_ t=0.2s
TIGHT n=14 m=79 tag=perturb g6=M}~~v|||n~Vl~v~z_ t=0.3s
TIGHT n=14 m=61 tag=perturb g6=M`~xNlmVZ}]hUmr^_ t=0.1s
TIGHT n=14 m=70 tag=perturb g6=M}|Nnnm}vzy|jNy~? t=0.1s
TIGHT n=14 m=77 tag=perturb g6=Mz}}zv}~rn|~}~zt_ t=0.1s
TIGHT n=14 m=70 tag=perturb g6=M~zt\~xy^[|nvmL~_ t=0.1s
TIGHT n=14 m=72 tag=perturb g6=MVNN~^q^~~z~v|rN? t=0.1s
TIGHT n=14 m=73 tag=perturb g6=M{}}~vv^~~~jqvn[? t=0.2s
TIGHT n=14 m=64 tag=perturb g6=MZMa~}}Zx~^Z[z|Y? t=0.1s
TIGHT n=14 m=72 tag=perturb g6=M}YXr}~b~|}~nN~^_ t=0.3s
TIGHT n=14 m=61 tag=perturb g6=MtWkfJNK~~lZ}yZ|_ t=0.1s
TIGHT n=14 m=76 tag=perturb g6=MTz||Nzt~~^|~zv~_ t=0.3s
TIGHT n=14 m=66 tag=perturb g6=Mr^~n\rns]~|puxs_ t=0.2s
TIGHT n=14 m=74 tag=perturb g6=MZV^~||N~|}~vZnV_ t=0.1s
TIGHT n=14 m=54 tag=perturb g6=MR}|fcXlJjzcMb|p? t=0.1s
TIGHT n=14 m=65 tag=perturb g6=Mr^F~|[uC^}zn~}E_ t=0.1s
TIGHT n=14 m=64 tag=perturb g6=Mvh~{ud|lR~V}Qt|_ t=0.1s
TIGHT n=14 m=78 tag=perturb g6=M~~Z~|}~~~}mn~ZR_ t=0.2s
TIGHT n=14 m=63 tag=perturb g6=M~HVv`zz~iuV}li{_ t=0.1s
TIGHT n=14 m=62 tag=perturb g6=M]O\N~N|nf[]ftn}? t=0.1s
TIGHT n=14 m=69 tag=perturb g6=M}d^L]|mnz~dnj~v_ t=0.2s
TIGHT n=14 m=71 tag=perturb g6=Mfnxvk~xhzn~v~~F_ t=0.3s
TIGHT n=14 m=69 tag=perturb g6=Mn~{xg[yL~~~n}~j? t=0.2s
TIGHT n=14 m=75 tag=perturb g6=M~~nE\~~j}n^~vn{_ t=0.6s
TIGHT n=14 m=65 tag=perturb g6=M{wl~b~\]mN\R~\|_ t=0.2s
TIGHT n=14 m=49 tag=perturb g6=MT@ejNHe^VJca_n~_ t=0.1s
TIGHT n=14 m=77 tag=perturb g6=Mzn^^}xn~~\~}N~z_ t=0.1s
TIGHT n=14 m=60 tag=perturb g6=MZ\Vu`zz~iuV}lak_ t=0.1s
TIGHT n=14 m=70 tag=perturb g6=MmvH~~ZtzK~|vN~n_ t=0.1s
TIGHT n=14 m=71 tag=perturb g6=M|y~|Mu~Vzvv^]vr_ t=0.1s
TIGHT n=14 m=65 tag=perturb g6=MpZ~\y]~|Wz|]k|t_ t=0.1s
TIGHT n=14 m=63 tag=perturb g6=M^N~xzk\h}\}fFyi_ t=0.1s
TIGHT n=14 m=52 tag=perturb g6=MtCL\JvdnrmEyKvX? t=0.1s
TIGHT n=14 m=63 tag=perturb g6=M^]j|W~nFqzNRrun_ t=0.1s
TIGHT n=14 m=73 tag=perturb g6=Mzz}N}f|~^\u}~xz_ t=0.3s
TIGHT n=14 m=65 tag=perturb g6=Munn^XzVRuV~n`jz_ t=0.1s
TIGHT n=14 m=70 tag=perturb g6=Mj}}~V}xvN|~O~zt_ t=0.1s
TIGHT n=14 m=53 tag=perturb g6=MPpvLDxk^Y@s^~Lr_ t=0.1s
TIGHT n=14 m=69 tag=perturb g6=M|z}~njNnR|z{Fnu_ t=0.2s
TIGHT n=14 m=63 tag=perturb g6=M~nne^xSNy^rziur? t=0.1s
TIGHT n=14 m=75 tag=perturb g6=Mn~~vzvl~]^z~[|{_ t=0.1s
TIGHT n=14 m=69 tag=perturb g6=MA~m~l~yg\z^v}~~? t=0.1s
TIGHT n=14 m=73 tag=perturb g6=Mv|~yxz|}|z^~}rd_ t=0.2s
TIGHT n=14 m=65 tag=perturb g6=Mxf\tuF]N^{~\q}~_ t=0.1s
TIGHT n=14 m=53 tag=perturb g6=Mj~|G~~`tGLUlK\a? t=0.1s
TIGHT n=14 m=76 tag=perturb g6=M~z~~mv~V~~^Nnfh_ t=0.1s
TIGHT n=14 m=64 tag=perturb g6=M\q}^uvv~mvyctf\? t=0.1s
TIGHT n=14 m=68 tag=perturb g6=Mdo}^{~]v|r~~|\[_ t=0.2s
TIGHT n=14 m=79 tag=perturb g6=M~n\r~|j~~^^~^~^_ t=0.3s
TIGHT n=14 m=61 tag=perturb g6=M||vfcfnc^^ugiZ^_ t=0.2s
TIGHT n=14 m=72 tag=perturb g6=Mjz~]^npnV^z^~lv_ t=0.1s
TIGHT n=14 m=65 tag=perturb g6=MJs~v|fz^u~@b|x~? t=0.1s
TIGHT n=14 m=72 tag=perturb g6=MZ~^^rmzNNN\~n~v_ t=0.1s
TIGHT n=14 m=72 tag=perturb g6=Ml~wunt^~|}jv~f^_ t=0.2s
TIGHT n=14 m=68 tag=perturb g6=MjyZ}~b~^~j^Vx{Z? t=0.2s
TIGHT n=14 m=71 tag=perturb g6=MVu^yvvZ}Z~~xq~v_ t=0.1s
TIGHT n=14 m=61 tag=perturb g6=M{fm}H~^iVHnn{Q|_ t=0.1s
TIGHT n=14 m=65 tag=perturb g6=MW{jzfm\v^r^b~\n_ t=0.2s
TIGHT n=14 m=64 tag=perturb g6=M]~}~FOo|}n~FX~f? t=0.1s
TIGHT n=14 m=63 tag=perturb g6=Mf~[hfO~~~Z~Lz`Z? t=0.3s
TIGHT n=14 m=68 tag=perturb g6=Mn^[^zU]~l^{}Wv~_ t=0.2s
TIGHT n=14 m=61 tag=perturb g6=MKdNrz^UwkTn^~zr_ t=0.1s
TIGHT n=14 m=55 tag=perturb g6=MV~\qvz|XYVRFqF@? t=0.1s
TIGHT n=14 m=74 tag=perturb g6=Mz~~~[~~mnd~~Dm~? t=0.5s
TIGHT n=14 m=70 tag=perturb g6=M|zx|^s{l{~zr~j~? t=0.1s
TIGHT n=14 m=69 tag=perturb g6=M~Ixr}~b|^}}k]~^_ t=0.3s
TIGHT n=14 m=69 tag=perturb g6=M~}fu^yvnXnj|rtv_ t=0.1s
TIGHT n=14 m=63 tag=perturb g6=MvR^{T|X^q^}nrtb_ t=0.1s
TIGHT n=14 m=65 tag=perturb g6=Mn~rf}Z}y}?]Ff~z_ t=0.4s
TIGHT n=14 m=62 tag=perturb g6=MNtOe~zzrj~|kB}j_ t=0.1s
TIGHT n=14 m=66 tag=perturb g6=MZ~xLzznv~JvLZxR_ t=0.1s
TIGHT n=14 m=66 tag=perturb g6=MbuxBR~^~f}v|u}\_ t=0.2s
TIGHT n=14 m=66 tag=perturb g6=MA~m~l~qhXz^v}~Z? t=0.1s
TIGHT n=14 m=79 tag=perturb g6=M~z~~~e~|~{n^~uz_ t=0.3s
TIGHT n=14 m=70 tag=perturb g6=MpvTz|vmv}~n^VJ~_ t=0.2s
TIGHT n=14 m=64 tag=perturb g6=MA~mnl~ajLZ^v}~Z? t=0.1s
TIGHT n=14 m=67 tag=perturb g6=M~|}vVX^u{bm}xt^_ t=0.2s
TIGHT n=14 m=71 tag=perturb g6=M^m~v\^vzr}j\}V}_ t=0.1s
TIGHT n=14 m=75 tag=perturb g6=M]x~^~z}zF|~{n~|_ t=0.5s
TIGHT n=14 m=67 tag=perturb g6=M^|QntvzxvrR~l}|? t=0.2s
TIGHT n=14 m=59 tag=perturb g6=Mx^V|b~~}r_IhLjZ? t=0.1s
TIGHT n=14 m=63 tag=perturb g6=Mrr[~xsXnlran~ny_ t=0.1s
TIGHT n=14 m=63 tag=perturb g6=MxFzjx^VVqFpzx|~_ t=0.2s
TIGHT n=14 m=61 tag=perturb g6=MYF}\~l\hZ{mnVyM_ t=0.1s
TIGHT n=14 m=60 tag=perturb g6=MlyxTxt{Nu]~LN]F_ t=0.1s
TIGHT n=14 m=55 tag=perturb g6=Mvg~suc{LJ}R}Qdl_ t=0.1s
TIGHT n=14 m=65 tag=perturb g6=MNr[~{fv~]hiZvvm_ t=0.1s
TIGHT n=14 m=62 tag=perturb g6=M~v^hdWrZ~ZxT|Tv? t=0.1s
TIGHT n=14 m=74 tag=perturb g6=M~l~z|vvvnf^JZ}~_ t=0.7s
TIGHT n=14 m=69 tag=perturb g6=Msvn]zvpm~~~VXn{_ t=0.1s
TIGHT n=14 m=82 tag=perturb g6=M|^^~x~~v~~z~|^~_ t=0.4s
TIGHT n=14 m=68 tag=perturb g6=M{yM~vv^~~yjqvn[? t=0.4s
TIGHT n=14 m=55 tag=perturb g6=MvGyYtIW]j^|yf]t? t=0.1s
TIGHT n=14 m=66 tag=perturb g6=Mh^`~Np~u|kjv~n\_ t=0.1s
TIGHT n=14 m=71 tag=perturb g6=M|}\y}z\~~n|fC~^_ t=0.2s
TIGHT n=14 m=61 tag=perturb g6=MN}bg]vwvvBctzv~_ t=0.1s
TIGHT n=14 m=70 tag=perturb g6=Mxj|znnV~t{s|l~|_ t=0.2s
TIGHT n=14 m=70 tag=perturb g6=Mtj~XVt|lV~^~R|~_ t=0.1s
TIGHT n=14 m=68 tag=perturb g6=MOeU~~~~u|^l~|V[_ t=0.1s
TIGHT n=14 m=59 tag=perturb g6=M~X|n\wWfYZiM~g}_ t=0.2s
TIGHT n=14 m=72 tag=perturb g6=Mu~v~m~ttV|~v^Uv? t=0.1s
TIGHT n=14 m=75 tag=perturb g6=Mz~|~zv|^~}}}IvN_ t=0.3s
TIGHT n=14 m=60 tag=perturb g6=M\NlrtuUsFn|TE~n_ t=0.1s
TIGHT n=14 m=67 tag=perturb g6=M~vw~m~XtX\rz~Q^_ t=0.4s
TIGHT n=14 m=58 tag=perturb g6=MF\P~svUaYVV~X]^_ t=0.1s
TIGHT n=14 m=67 tag=perturb g6=M~}y|w^xvyZ^VYun_ t=0.1s
TIGHT n=14 m=63 tag=perturb g6=M~Xjn^|[vyR~I~g]? t=0.2s
TIGHT n=14 m=71 tag=perturb g6=MZV\|x|N~|}~vZnV_ t=0.2s
TIGHT n=14 m=69 tag=perturb g6=My~n^vuen~lzFjnl_ t=0.3s
TIGHT n=14 m=59 tag=perturb g6=M~PQydzy~guV}lqy_ t=0.1s
TIGHT n=14 m=57 tag=perturb g6=M~y\T^zD[i}sfxcu? t=0.1s
TIGHT n=14 m=81 tag=perturb g6=M|n}~n~l~~^z}~^~_ t=0.3s
TIGHT n=14 m=65 tag=perturb g6=MNg~^\^sZzyx\}V|_ t=0.1s
TIGHT n=14 m=69 tag=perturb g6=Mq{n~z~~T~V~dD^f_ t=0.4s
TIGHT n=14 m=63 tag=perturb g6=MR|cc}j\~~}|}[[n? t=0.1s
TIGHT n=14 m=68 tag=perturb g6=Mnrun}x]sz~zdn^^? t=0.1s
TIGHT n=14 m=50 tag=perturb g6=MNCQebzzrhz{CBkj_ t=0.1s
TIGHT n=14 m=58 tag=perturb g6=M\tyjzdYv~FJJFbv? t=0.1s
TIGHT n=14 m=66 tag=perturb g6=Mz~z~[~zIjdn~Di}? t=0.1s
TIGHT n=14 m=50 tag=perturb g6=MS@jjJHgz^ZkI_n~_ t=0.1s
TIGHT n=14 m=62 tag=perturb g6=MWsnzfM\rZr^b~^f_ t=0.1s
TIGHT n=14 m=66 tag=perturb g6=M}^~fR|~[~nAVMxv_ t=0.3s
TIGHT n=14 m=72 tag=perturb g6=M~~}~f}|v~e~\wXu_ t=0.1s
TIGHT n=14 m=60 tag=perturb g6=MtPZ{TnX^Y~zj~db? t=0.1s
TIGHT n=14 m=67 tag=perturb g6=M^^mzlxWdZ~~~snx_ t=0.2s
TIGHT n=14 m=64 tag=perturb g6=Mwnnn{V^~Ezivfs]_ t=0.2s
TIGHT n=14 m=64 tag=perturb g6=Mw}Yns[yvmz~y\|n? t=0.1s
TIGHT n=14 m=69 tag=perturb g6=M~rnN}f^^^wuvtzr_ t=0.3s
TIGHT n=14 m=65 tag=perturb g6=MzLzt~x~}|y~cf[w? t=0.2s
TIGHT n=14 m=70 tag=perturb g6=Mvv|~]D^vzl}^t{z_ t=0.1s
TIGHT n=14 m=75 tag=perturb g6=Mn~~~n]~~r^qt|h~_ t=0.4s
TIGHT n=14 m=66 tag=perturb g6=Mty\ZXv{mu}~L~yn_ t=0.1s
TIGHT n=14 m=65 tag=perturb g6=MvXzn^|CvyZ~I}|]_ t=0.1s
TIGHT n=14 m=67 tag=perturb g6=MN~^|ykvvj^zV{vs? t=0.2s
TIGHT n=14 m=77 tag=perturb g6=Mr}z^~}||}~n^~zt_ t=0.4s
TIGHT n=14 m=69 tag=perturb g6=M|~vnj|nd]gv~f|v? t=0.4s
TIGHT n=14 m=71 tag=perturb g6=M~r|~{~l]|vmmuv}? t=0.1s
TIGHT n=14 m=68 tag=perturb g6=M~b[^]]|x~UlvN~}_ t=0.1s
TIGHT n=14 m=59 tag=perturb g6=MJ~\ceejFNSx~^nf_ t=0.1s
TIGHT n=14 m=63 tag=perturb g6=MefZT||XixN~un^f_ t=0.1s
TIGHT n=14 m=68 tag=perturb g6=MVnZZR^~r{|~nvMv? t=0.3s
TIGHT n=14 m=75 tag=perturb g6=MmzB~~~~^~v}|E^~_ t=0.1s
TIGHT n=14 m=57 tag=perturb g6=MTwtNWzjvuL\{mX^? t=0.1s
TIGHT n=14 m=72 tag=perturb g6=MbUzN~u||}~n^~z\_ t=0.1s
TIGHT n=14 m=67 tag=perturb g6=MUn|~nzv\pw~]nRx_ t=0.2s
TIGHT n=14 m=74 tag=perturb g6=MyvzR}^vV~~Mv~}~_ t=0.1s
TIGHT n=14 m=73 tag=perturb g6=M^nw~~n|}rr~|~NM_ t=0.4s
TIGHT n=14 m=71 tag=perturb g6=MzDyt~|~nhy~n~]}_ t=0.1s
TIGHT n=14 m=48 tag=perturb g6=MD@ejNhE^VJaa_n~_ t=0.1s
TIGHT n=14 m=71 tag=perturb g6=MzR}znM~|~{n^~YZ_ t=0.6s
TIGHT n=14 m=63 tag=perturb g6=M[~}mgvH~Z}Fnzzk? t=0.1s
TIGHT n=14 m=60 tag=perturb g6=MHbrfznxZfmU||Un? t=0.2s
TIGHT n=14 m=61 tag=perturb g6=Mf|ZfvLTfr^{}k[v? t=0.1s
TIGHT n=14 m=68 tag=perturb g6=M|xufz{Tu~Nyxn~v_ t=0.1s
TIGHT n=14 m=61 tag=perturb g6=MAnm}l|yg\qJvmv~_ t=0.1s
TIGHT n=14 m=72 tag=perturb g6=Mn~tzu~z|uN||l|u_ t=0.4s
TIGHT n=14 m=77 tag=perturb g6=M|n}~nzm~~]v}m^~_ t=0.5s
TIGHT n=14 m=65 tag=perturb g6=M~fxueRhhzj|v~~F_ t=0.1s
TIGHT n=14 m=57 tag=perturb g6=MDe}zlvXvwukrqlw_ t=0.1s
TIGHT n=14 m=72 tag=perturb g6=M~}nt~|]zxv{~|Sn_ t=0.3s
TIGHT n=14 m=65 tag=perturb g6=ML|}xuuvuv}pd}^|? t=0.1s
TIGHT n=14 m=63 tag=perturb g6=Mzqnf}jv}uVRj~mW? t=0.1s
TIGHT n=14 m=65 tag=perturb g6=M[u~zeM\zRZ~b~^f_ t=0.1s
TIGHT n=14 m=63 tag=perturb g6=MvvRxrzUdR~y|num? t=0.1s
TIGHT n=14 m=60 tag=perturb g6=M]vv}npuLYxQsmfz_ t=0.1s
TIGHT n=14 m=66 tag=perturb g6=M^|~xN~umes~t]x{? t=0.1s
TIGHT n=14 m=66 tag=perturb g6=M]\_}xkz~~}mnNzf_ t=0.2s
TIGHT n=14 m=65 tag=perturb g6=M^mn}{ztnXjzxynq? t=0.1s
TIGHT n=14 m=71 tag=perturb g6=MzzN}v~ir~~XvVZn_ t=0.2s
TIGHT n=14 m=61 tag=perturb g6=Mv~^RRta||Za^NU\_ t=0.1s
TIGHT n=14 m=69 tag=perturb g6=Mk~~~l~r{|xtJZ}y_ t=0.1s
TIGHT n=14 m=65 tag=perturb g6=Mvci~^ae|~zNVnuv_ t=0.4s
TIGHT n=14 m=71 tag=perturb g6=Mn~^~XSn}\nf~vrv_ t=0.4s
TIGHT n=14 m=69 tag=perturb g6=Mmvh}vZtzK~|vN~n_ t=0.2s
TIGHT n=14 m=78 tag=perturb g6=M~n^r~nj~~^^j^~^_ t=0.1s
TIGHT n=14 m=61 tag=perturb g6=MuzZ~lRyn|xSRluq_ t=0.1s
TIGHT n=14 m=64 tag=perturb g6=M~Ixr]~bt^{qky~}_ t=0.3s
TIGHT n=14 m=65 tag=perturb g6=Mf~{xg]aL~~~nU~j? t=0.1s
TIGHT n=14 m=66 tag=perturb g6=MN~^|ykvfh~zV{vs? t=0.2s
TIGHT n=14 m=71 tag=perturb g6=M|~~^l|Enzdtzrz~_ t=0.4s
TIGHT n=14 m=67 tag=perturb g6=M{Vzlu^~~Tmv^r[N_ t=0.1s
TIGHT n=14 m=71 tag=perturb g6=M~}^{n]f]}z^Vkz~_ t=0.4s
TIGHT n=14 m=64 tag=perturb g6=MJs|vwfz^u~Lb|x~? t=0.1s
TIGHT n=14 m=74 tag=perturb g6=M^|^vnn\N}^b~||~_ t=0.3s
TIGHT n=14 m=63 tag=perturb g6=MpiZ}v^Rt~nfJzlV? t=0.1s
TIGHT n=14 m=61 tag=perturb g6=MlzjsV|j{xr\Uz~W? t=0.1s
TIGHT n=14 m=64 tag=perturb g6=MlV~lu\~~Tkp^u[N_ t=0.2s
TIGHT n=14 m=73 tag=perturb g6=M~nl~Jzz|~jn}y|y_ t=0.4s
TIGHT n=14 m=78 tag=perturb g6=M~~n^~v~n~^~Rxn{_ t=0.4s
TIGHT n=14 m=57 tag=perturb g6=M}VuuDrr~[eSyl{V? t=0.1s
TIGHT n=14 m=64 tag=perturb g6=Mg^h~LT^z\~jr~f]? t=0.1s
TIGHT n=14 m=70 tag=perturb g6=M}\L|xhmvt~~~}u|_ t=0.3s
TIGHT n=14 m=51 tag=perturb g6=MtrjYGAr^~HjE}ha_ t=0.1s
TIGHT n=14 m=61 tag=perturb g6=M{iJC~scl{~zr~j~? t=0.1s
TIGHT n=14 m=69 tag=perturb g6=M~z|~If~^^~SJmvx_ t=0.1s
TIGHT n=14 m=58 tag=perturb g6=M^|\ov~{XWf~FpNQ? t=0.1s
TIGHT n=14 m=65 tag=perturb g6=MZN^~u`k~tSN}N~z_ t=0.2s
TIGHT n=14 m=68 tag=perturb g6=M^Nm^~F^nvZ~ulfN? t=0.2s
TIGHT n=14 m=66 tag=perturb g6=Mu~~iYl~dnW}z~us_ t=0.1s
TIGHT n=14 m=67 tag=perturb g6=MFy||J~t~~XT}rV^_ t=0.1s
TIGHT n=14 m=67 tag=perturb g6=M~}z\wfx~}yNVYun_ t=0.2s
TIGHT n=14 m=62 tag=perturb g6=Mnz}}Vtl]hXrw^yy? t=0.1s
TIGHT n=14 m=54 tag=perturb g6=MuRuuDrr}[nSylwT? t=0.1s
TIGHT n=14 m=70 tag=perturb g6=Mcv~z~vlV}^Nv{Z^_ t=0.1s
TIGHT n=14 m=63 tag=perturb g6=MB~~}[~Venl~N@me_ t=0.1s
TIGHT n=14 m=77 tag=perturb g6=Mn~|Nvz^~U~zZ~~~? t=0.3s
TIGHT n=14 m=64 tag=perturb g6=Mx}}xEfU{|{z|l|t_ t=0.1s
TIGHT n=14 m=68 tag=perturb g6=Mti~PVtnlV~^~R~^_ t=0.3s
TIGHT n=14 m=61 tag=perturb g6=M]v{mFXo~mn~DX|f_ t=0.5s
TIGHT n=14 m=60 tag=perturb g6=MNlw|}txM|]ixtZ]? t=0.1s
TIGHT n=14 m=57 tag=perturb g6=MJVtvyniVeVHb|H~? t=0.2s
TIGHT n=14 m=67 tag=perturb g6=M|]L|xhKut~~~}s~_ t=0.2s
TIGHT n=14 m=66 tag=perturb g6=M~n^rtmIF~^Lj^~F_ t=0.2s
TIGHT n=14 m=70 tag=perturb g6=M|~w|^s{l{~zx~n^? t=0.4s
TIGHT n=14 m=57 tag=perturb g6=M^WsmfXp|MN~DX|t_ t=0.1s
TIGHT n=14 m=69 tag=perturb g6=Mi~vzu~zyqN||l|u_ t=0.4s
TIGHT n=14 m=53 tag=perturb g6=MbQ~^hTnLKugzHVU_ t=0.1s
TIGHT n=14 m=68 tag=perturb g6=MPjy{Yv|~{S~}~~z_ t=0.2s
TIGHT n=14 m=62 tag=perturb g6=MEv}Vx]xNyf|xTR~_ t=0.1s
TIGHT n=14 m=70 tag=perturb g6=MqzFJ~|F~z~Nu}n~_ t=0.2s
TIGHT n=14 m=71 tag=perturb g6=M|n\b~b~l~c~~}\n_ t=0.2s
TIGHT n=14 m=67 tag=perturb g6=M~zNnzDslv^}}|\f? t=0.2s
TIGHT n=14 m=71 tag=perturb g6=Mf~~p|Nnf|~^~j{r? t=0.4s
TIGHT n=14 m=48 tag=perturb g6=MtqHWABJ~~HjE}gq_ t=0.1s
TIGHT n=14 m=77 tag=perturb g6=M~^^t~f}nv}r}~~z_ t=0.2s
TIGHT n=14 m=55 tag=perturb g6=MtZ]Cvfr]|yuc{ct? t=0.1s
TIGHT n=14 m=58 tag=perturb g6=MN}bk]vOutBctzv~_ t=0.2s
TIGHT n=14 m=60 tag=perturb g6=M\^pbx~MF~o`|{Zn_ t=0.1s
TIGHT n=14 m=69 tag=perturb g6=MZV\|w~N|x}~vZnV_ t=0.1s
TIGHT n=14 m=71 tag=perturb g6=M^u~yvvZ}Z~~gq~v_ t=0.1s
TIGHT n=14 m=64 tag=perturb g6=M|}~zV|GxlV{^\TN_ t=0.2s
TIGHT n=14 m=68 tag=perturb g6=M~~~~w~zIjdn~Di}? t=0.1s
TIGHT n=14 m=70 tag=perturb g6=MbS~Nru||}~n^~z\_ t=0.2s
TIGHT n=14 m=78 tag=perturb g6=M~|~N~~~X|~~f}Nv_ t=0.4s
TIGHT n=14 m=70 tag=perturb g6=Mf{^~n~~^}~T[yhm_ t=0.2s
TIGHT n=14 m=68 tag=perturb g6=M^bNzx^v|~Z]Zr^n? t=0.1s
TIGHT n=14 m=72 tag=perturb g6=M~vbi~Lv}~vr^~yv_ t=0.1s
TIGHT n=14 m=67 tag=perturb g6=MWn}\vl^~^er~zPz_ t=0.1s
TIGHT n=14 m=63 tag=perturb g6=M[~JP~xx]lk}Y{~v_ t=0.1s
TIGHT n=14 m=65 tag=perturb g6=MMu~}|uT|VlnUfVv_ t=0.1s
TIGHT n=14 m=73 tag=perturb g6=Mw~ux^~~rfy~m}z~_ t=0.3s
TIGHT n=14 m=69 tag=perturb g6=M^nw~~l|Uzr~|~MK_ t=0.1s
TIGHT n=14 m=69 tag=perturb g6=MY{^}F|z|~pff^}~_ t=0.2s
TIGHT n=14 m=72 tag=perturb g6=M~^^t~f]nvermz~z_ t=0.4s
TIGHT n=14 m=67 tag=perturb g6=MZV[~|lN{[}~vZnV_ t=0.2s
TIGHT n=14 m=63 tag=perturb g6=Mwpuh^z~~F{li]x^_ t=0.2s
TIGHT n=14 m=54 tag=perturb g6=MMrWa{B~}yHiPvvm_ t=0.1s
TIGHT n=14 m=71 tag=perturb g6=MzLx|~Xfn|y~n~]}_ t=0.3s
TIGHT n=14 m=71 tag=perturb g6=M^yt}vR~~Z~|rl}^? t=0.1s
TIGHT n=14 m=52 tag=perturb g6=M]Mw|}thM|GgpTX}? t=0.1s
TIGHT n=14 m=66 tag=perturb g6=Mv~{jnS~v~yn{ybw? t=0.3s
TIGHT n=14 m=67 tag=perturb g6=M~t|Jv~vXdn}vWNv_ t=0.2s
TIGHT n=14 m=61 tag=perturb g6=MvuRxxMoxFNyln~^_ t=0.1s
TIGHT n=14 m=67 tag=perturb g6=Mq~]nldULzv^~s~n_ t=0.1s
TIGHT n=14 m=53 tag=perturb g6=M`E}X\k^niukvqNo? t=0.1s
TIGHT n=14 m=55 tag=perturb g6=M{}Lc^JT{y~Ddpmm? t=0.1s
TIGHT n=14 m=75 tag=perturb g6=Mm~nez~jm~~z~|u|_ t=0.1s
TIGHT n=14 m=67 tag=perturb g6=Mz|lsz}qm~f~}f|a_ t=0.2s
TIGHT n=14 m=58 tag=perturb g6=M]X_yXKz~nmrn]rF_ t=0.1s
TIGHT n=14 m=80 tag=perturb g6=M|~~]v~^~^}r~z~z_ t=0.2s
TIGHT n=14 m=62 tag=perturb g6=MZ~xLzjnv]J~LZxA_ t=0.1s
TIGHT n=14 m=64 tag=perturb g6=MN]^n}INzvVrqfp~_ t=0.1s
TIGHT n=14 m=66 tag=perturb g6=MuR\}~sn~~jYoF^~_ t=0.1s
TIGHT n=14 m=63 tag=perturb g6=M|Z~~l~Pw{xtJZ{q_ t=0.2s
TIGHT n=14 m=55 tag=perturb g6=MF\uNsV]aYrR`X~|_ t=0.1s
TIGHT n=14 m=67 tag=perturb g6=MsVz}zmeN{f}ln~n_ t=0.2s
TIGHT n=14 m=73 tag=perturb g6=Mu~}~mLv|~|~v^Uv? t=0.1s
TIGHT n=14 m=52 tag=perturb g6=MUJ{JnT~kBinDgjj? t=0.1s
TIGHT n=14 m=70 tag=perturb g6=M~r|}{~l]|vmmu~m? t=0.2s
TIGHT n=14 m=75 tag=perturb g6=M^}zvz~yp|}~vf~v_ t=0.4s
TIGHT n=14 m=65 tag=perturb g6=Md~}ZlVlR{^Nv{Z^_ t=0.1s
TIGHT n=14 m=52 tag=perturb g6=MPdvHDxg|\Po^~Lr_ t=0.1s
TIGHT n=14 m=56 tag=perturb g6=MtK|[Zvdm`~EU[~Z? t=0.1s
TIGHT n=14 m=72 tag=perturb g6=MvV~\v^~sk|~V~Z~? t=0.4s
TIGHT n=14 m=57 tag=perturb g6=Mmvl}IJalBrB~]zn? t=0.1s
TIGHT n=14 m=69 tag=perturb g6=M}nFnny}rry|~Ny~? t=0.1s
TIGHT n=14 m=65 tag=perturb g6=Mf~yZ]e]n[Lunj~}_ t=0.1s
TIGHT n=14 m=75 tag=perturb g6=MZ\n}^zn}~f~vm~^_ t=0.1s
TIGHT n=14 m=60 tag=perturb g6=MwvQls[qfmz~y\|n? t=0.1s
TIGHT n=14 m=63 tag=perturb g6=Mxr]{hSZn{~xh~~w_ t=0.2s
TIGHT n=14 m=73 tag=perturb g6=M\m^~~|Nrf~~\e^~_ t=0.2s
TIGHT n=14 m=70 tag=perturb g6=Mmvh~vZtyM~|vN~n_ t=0.1s
TIGHT n=14 m=55 tag=perturb g6=MvvRzrzSh@~o|pEm? t=0.1s
TIGHT n=14 m=69 tag=perturb g6=M~ny~Jt}yMkl~~vz? t=0.2s
TIGHT n=14 m=68 tag=perturb g6=M~y~nxtv]MK~^\vt_ t=0.2s
TIGHT n=14 m=66 tag=perturb g6=MVV^yv^J}RJ~xq~v_ t=0.1s
TIGHT n=14 m=63 tag=perturb g6=Mxr]{hSZN{~hh~~|_ t=0.8s
TIGHT n=14 m=61 tag=perturb g6=MlV}ku{~~Tgp^u[m_ t=0.1s
TIGHT n=14 m=66 tag=perturb g6=MVN^JR\~r{|~n^Mv? t=0.1s
TIGHT n=14 m=61 tag=perturb g6=M^n~xMvuies]t]x{? t=0.6s
TIGHT n=14 m=69 tag=perturb g6=M}uns~k]zxv{~|]n_ t=0.3s
TIGHT n=14 m=59 tag=perturb g6=MMi^c~jzzDqM~]}T? t=0.1s
TIGHT n=14 m=61 tag=perturb g6=Mfve}yitNmz]h|}h? t=0.1s
TIGHT n=14 m=72 tag=perturb g6=M||Nl|z}v~^zZun}? t=0.4s
TIGHT n=14 m=66 tag=perturb g6=MvV|v]D^vrlm^u]z_ t=0.1s
TIGHT n=14 m=71 tag=perturb g6=MN]Zy^~nz|^x]m~~? t=0.1s
TIGHT n=14 m=65 tag=perturb g6=Mn|A|mz~|nuzhyzK_ t=0.1s
TIGHT n=14 m=76 tag=perturb g6=M{~^~jy~v~y^~|X~_ t=0.3s
TIGHT n=14 m=65 tag=perturb g6=Mx|~vmf|]~]sgiZ^_ t=0.1s
TIGHT n=14 m=64 tag=perturb g6=My]hu}naztNznK~^_ t=0.1s
TIGHT n=14 m=71 tag=perturb g6=Mu}V~mztuV|~v^V~? t=0.3s
TIGHT n=14 m=63 tag=perturb g6=M[m~zeM\wRZ~b~^f_ t=0.2s
TIGHT n=14 m=64 tag=perturb g6=Mnzv]nn_H\~R^~lT_ t=0.1s
TIGHT n=14 m=70 tag=perturb g6=M^|Vf~n[N}]j~X|~_ t=0.4s
TIGHT n=14 m=66 tag=perturb g6=Mrb~xbl~i|~Z]]\~? t=0.1s
TIGHT n=14 m=75 tag=perturb g6=M~M|zNnz~^v~r~N~? t=0.5s
TIGHT n=14 m=65 tag=perturb g6=Mr^~n\rno]l|pu|u_ t=0.1s
TIGHT n=14 m=71 tag=perturb g6=M~^^N|~z^~}innZQ? t=0.2s
TIGHT n=14 m=66 tag=perturb g6=MN|z~It~~}eKvTu~? t=0.2s
TIGHT n=14 m=69 tag=perturb g6=Msj~Xft|k^}~~R|~_ t=0.1s
TIGHT n=14 m=69 tag=perturb g6=Mfv|~]c~fzl}^t{z_ t=0.3s
TIGHT n=14 m=67 tag=perturb g6=M|NbxVc}f|zn|~y}_ t=0.3s
TIGHT n=14 m=66 tag=perturb g6=M{yZ\vvV^|yXVzyv_ t=0.2s
TIGHT n=14 m=72 tag=perturb g6=M~i~j}~q|^}}k]~^_ t=0.2s
TIGHT n=14 m=54 tag=perturb g6=MK_NEvzzzLxMtnGN_ t=0.1s
TIGHT n=14 m=60 tag=perturb g6=MCqZ^vvVW~zXVzYu_ t=0.1s
TIGHT n=14 m=69 tag=perturb g6=Mz~}~VtE~xxyz~Yy_ t=0.2s
TIGHT n=14 m=68 tag=perturb g6=Mn^Y|sf^vv}Zm^~b_ t=0.1s
TIGHT n=14 m=66 tag=perturb g6=M^~Z\^mlFY\y^n~Z? t=0.3s
TIGHT n=14 m=51 tag=perturb g6=MEq{l{Df{}hq@Pvm_ t=0.1s
TIGHT n=14 m=72 tag=perturb g6=Mf~~z||V^m~]j]N~? t=0.3s
TIGHT n=14 m=72 tag=perturb g6=M~~{^zQ^z|nw~Yv~_ t=0.4s
TIGHT n=14 m=61 tag=perturb g6=MnjKuyM~lIFd^\z~_ t=0.1s
TIGHT n=14 m=70 tag=perturb g6=M~~VtJ~m[~|~vtWn_ t=0.5s
TIGHT n=14 m=62 tag=perturb g6=M~n^otmIFv~Jj^eN_ t=0.2s
TIGHT n=14 m=62 tag=perturb g6=ML`xZ^N|R|~hnv\x? t=0.3s
TIGHT n=14 m=61 tag=perturb g6=M`aZ}v^Rt~nfJzNV? t=0.1s
TIGHT n=14 m=62 tag=perturb g6=M}Ihr}^bx^}^KV~]? t=0.1s
TIGHT n=14 m=71 tag=perturb g6=MuNy~~vnnfi\v~}\_ t=0.1s
TIGHT n=14 m=63 tag=perturb g6=Mx~y^v]|K^~]ecRN_ t=0.2s
TIGHT n=14 m=66 tag=perturb g6=Mtnvzgn\z|A~~irz_ t=0.2s
TIGHT n=14 m=67 tag=perturb g6=M~]K]vzjvtVR~}nj_ t=0.2s
TIGHT n=14 m=62 tag=perturb g6=M~zVtJFm[~^Z}V[I_ t=0.2s
TIGHT n=14 m=60 tag=perturb g6=MNfxuuQh`za|~z~F_ t=0.1s
TIGHT n=14 m=69 tag=perturb g6=M|z|~if~^^v[Jmvx_ t=0.1s
TIGHT n=14 m=72 tag=perturb g6=M~~^~~}[vvfJMzj~? t=0.1s
TIGHT n=14 m=81 tag=perturb g6=Mu~~u|~|~}~|~v~z_ t=0.2s
TIGHT n=14 m=71 tag=perturb g6=MNy}~lxr|]}~~Z}v? t=0.3s
TIGHT n=14 m=66 tag=perturb g6=Mqv]VmLv|~k~v^Uv? t=0.3s
TIGHT n=14 m=65 tag=perturb g6=M^\R|En|zfTrn}~x? t=0.1s
TIGHT n=14 m=64 tag=perturb g6=MJ~g~Nt^}|MjV^fY_ t=0.2s
TIGHT n=14 m=60 tag=perturb g6=Mr~~ytkFNfvYjENf? t=0.1s
TIGHT n=14 m=72 tag=perturb g6=Mlnnnzvl~]^z~[|{_ t=0.1s
TIGHT n=14 m=62 tag=perturb g6=MVXnwlv[dZ~z~sF{_ t=0.1s
TIGHT n=14 m=77 tag=perturb g6=Mnz~~n^v^}}~nj}f_ t=0.1s
TIGHT n=14 m=73 tag=perturb g6=M~z^g|\nyz~nl^v~_ t=0.2s
TIGHT n=14 m=70 tag=perturb g6=Mtv~mhV~svkj^~z~_ t=0.1s
TIGHT n=14 m=63 tag=perturb g6=M~}YlwXxvyZ^\Yun_ t=0.1s
TIGHT n=14 m=62 tag=perturb g6=Mn}^hs\qtnz~a\pz? t=0.1s
TIGHT n=14 m=62 tag=perturb g6=MXf~Ned^v^ap~zTr_ t=0.2s
TIGHT n=14 m=67 tag=perturb g6=M~}m\yvx~}}jVYue_ t=0.1s
TIGHT n=14 m=75 tag=perturb g6=M|}Lt~~zrv}~~|nZ_ t=0.5s
TIGHT n=14 m=74 tag=perturb g6=Mnjv|n~x^}{vk~}~_ t=0.5s
TIGHT n=14 m=65 tag=perturb g6=M{V]~{f~^~mfnRtW? t=0.2s
TIGHT n=14 m=61 tag=perturb g6=M^^JKyENwXL~]}v~_ t=0.1s
TIGHT n=14 m=55 tag=perturb g6=MVK]jOX^q\|~MXMv? t=0.1s
TIGHT n=14 m=56 tag=perturb g6=M~z[NYFwe~yhFIue_ t=0.1s
TIGHT n=14 m=69 tag=perturb g6=MmdZzj|~Mv^u~}^\_ t=0.1s
TIGHT n=14 m=71 tag=perturb g6=MZDn{~zn}Nf~|m~^_ t=0.3s
TIGHT n=14 m=67 tag=perturb g6=M^^\yK]~dNV~^|zn? t=0.1s
TIGHT n=14 m=60 tag=perturb g6=MeMJZZyFv}^}kbzz? t=0.1s
TIGHT n=14 m=63 tag=perturb g6=MwVV|V~~}vaqknjZ? t=0.1s
TIGHT n=14 m=58 tag=perturb g6=MXR]khSZlw~xh~~w_ t=0.1s
TIGHT n=14 m=52 tag=perturb g6=MVCJ^ZyDSE^}m@zj_ t=0.1s
TIGHT n=14 m=61 tag=perturb g6=M~cxueRhhzj|F~~F_ t=0.1s
TIGHT n=14 m=55 tag=perturb g6=MYb^|n]gzNdTsQYj_ t=0.1s
TIGHT n=14 m=70 tag=perturb g6=Mnnz~Jt}zmk~b~F~_ t=0.1s
TIGHT n=14 m=73 tag=perturb g6=MzV^~||}~p}|vynV_ t=0.1s
TIGHT n=14 m=69 tag=perturb g6=Mp{^Ntxvunzz~||y_ t=0.2s
TIGHT n=14 m=70 tag=perturb g6=M^urFZm|zn\~jv~z_ t=0.3s
TIGHT n=14 m=70 tag=perturb g6=M~|^rnnTL}]`~nv~_ t=0.1s
TIGHT n=14 m=72 tag=perturb g6=Mrn^^zzn~|\m}NvZ_ t=0.1s
TIGHT n=14 m=69 tag=perturb g6=Mn~pzulv|vn}|lT{_ t=0.1s
TIGHT n=14 m=67 tag=perturb g6=MZQL^h|N~|}~vZjv_ t=0.1s
TIGHT n=14 m=69 tag=perturb g6=Mf~~z||V^e~]i[N~? t=0.3s
TIGHT n=14 m=83 tag=perturb g6=M|~^~z~~vn~}~|^~_ t=0.4s
TIGHT n=14 m=67 tag=perturb g6=Mv~N^zN~|Wz|]k`|_ t=0.1s
TIGHT n=14 m=68 tag=perturb g6=Mjuns~k]zxv{~|]n_ t=0.1s
TIGHT n=14 m=60 tag=perturb g6=MhFzjx^vEoFpzx|~_ t=0.1s
TIGHT n=14 m=68 tag=perturb g6=MZn}^yM~~s|[z{U~_ t=0.4s
TIGHT n=14 m=60 tag=perturb g6=M{~vijtlD^gv~DXv? t=0.1s
TIGHT n=14 m=70 tag=perturb g6=M^~]^Re|FnzL~}~v_ t=0.3s
TIGHT n=14 m=74 tag=perturb g6=MN}^}Uvznzn~zj~v_ t=0.1s
TIGHT n=14 m=64 tag=perturb g6=MEv\^||v~yjmPvte_ t=0.1s
TIGHT n=14 m=54 tag=perturb g6=M]H`mXLz~mmrF]bD_ t=0.2s
TIGHT n=14 m=69 tag=perturb g6=Mcv}z~^n^y~Hv{Z^_ t=0.2s
TIGHT n=14 m=67 tag=perturb g6=M|{lnf~\]c^|R~t|_ t=0.1s
TIGHT n=14 m=59 tag=perturb g6=Mfno\xbm}~itLZjR_ t=0.1s
TIGHT n=14 m=60 tag=perturb g6=M^F~`zk\h}\}mFyi_ t=0.1s
TIGHT n=14 m=61 tag=perturb g6=MHzxyhnv^}~zUipU? t=0.1s
TIGHT n=14 m=68 tag=perturb g6=M~~~zyzfY\q^}c^N_ t=0.3s
TIGHT n=14 m=63 tag=perturb g6=MWwjzfu^v]ZZb~Nn_ t=0.1s
TIGHT n=14 m=68 tag=perturb g6=Mv^SfInp~n}n~^vu_ t=0.4s
TIGHT n=14 m=65 tag=perturb g6=MY{Fyf|z|~pff^[~_ t=0.2s
TIGHT n=14 m=64 tag=perturb g6=MScE~~~vu{zh~|V[_ t=0.2s
TIGHT n=14 m=59 tag=perturb g6=M~gj~^|]vYRlJzKW? t=0.1s
TIGHT n=14 m=63 tag=perturb g6=MLhXR^L|R|~hn~^x_ t=0.1s
TIGHT n=14 m=71 tag=perturb g6=Mn~|Nvz^nU~jZ~~I? t=0.2s
TIGHT n=14 m=74 tag=perturb g6=M~t~Qv~~H|~~v}~r? t=0.2s
TIGHT n=14 m=66 tag=perturb g6=M^|z^}MvFnVNU\Zn_ t=0.1s
TIGHT n=14 m=65 tag=perturb g6=Mvkj^ZyFv}^}mbvj_ t=0.2s
TIGHT n=14 m=64 tag=perturb g6=MzjUH^|F~zvn}[h|? t=0.1s
TIGHT n=14 m=59 tag=perturb g6=M~ybiUvwrFVcsxv~_ t=0.1s
TIGHT n=14 m=64 tag=perturb g6=M\}{w~sLp~n|tC~^_ t=0.2s
TIGHT n=14 m=59 tag=perturb g6=MK^xp]_^zWZn|~}W_ t=0.1s
TIGHT n=14 m=77 tag=perturb g6=M^z~}]nNn~~Y~^^~_ t=0.1s
TIGHT n=14 m=57 tag=perturb g6=Mmvm}IJalfrB~]fN? t=0.1s
TIGHT n=14 m=54 tag=perturb g6=Mh^Lwuzxs]UtAazj_ t=0.1s
TIGHT n=14 m=54 tag=perturb g6=MSBjjJ@jz^Zkign~_ t=0.1s
TIGHT n=14 m=67 tag=perturb g6=Mln^~XSn}\kf~vrv_ t=0.2s
TIGHT n=14 m=65 tag=perturb g6=M^q}j^}Txy]~nyJu_ t=0.2s
TIGHT n=14 m=64 tag=perturb g6=MzIqv~ny|ZUM}lm|_ t=0.2s
TIGHT n=14 m=72 tag=perturb g6=Mn}Vy~uyvRn~xv~v_ t=0.5s
TIGHT n=14 m=63 tag=perturb g6=M~uu~rQNz|hi}If^_ t=0.2s
TIGHT n=14 m=65 tag=perturb g6=MvVz}zieKsfzln~n_ t=0.5s
TIGHT n=14 m=61 tag=perturb g6=M|Nm^Ff~Sq{r|mpZ_ t=0.2s
TIGHT n=14 m=74 tag=perturb g6=M~j}|^~hn~^w}~^x_ t=0.5s
TIGHT n=14 m=64 tag=perturb g6=MNlwtnm\N~vV~[vQ_ t=0.2s
TIGHT n=14 m=69 tag=perturb g6=Mfc}z~vFrN^}lv}~_ t=0.4s
TIGHT n=14 m=70 tag=perturb g6=M~~|~zf\Zx}x]Yvm_ t=0.3s
TIGHT n=14 m=69 tag=perturb g6=M}^tNhp}]^Jv~v~^_ t=0.1s
TIGHT n=14 m=78 tag=perturb g6=M~~~j~nt^~}~~Tmv_ t=0.3s
TIGHT n=14 m=57 tag=perturb g6=MMX`iXKz~n}vlUrF_ t=0.2s
TIGHT n=14 m=56 tag=perturb g6=Mj^ye]NB|YUmdVtk_ t=0.1s
TIGHT n=14 m=58 tag=perturb g6=MBdxfCU\ms{U~^~v_ t=0.1s
TIGHT n=14 m=61 tag=perturb g6=Mlezh|\tEpfp~|{z_ t=0.2s
TIGHT n=14 m=66 tag=perturb g6=M~~^m~zZx\mubnki? t=0.1s
TIGHT n=14 m=67 tag=perturb g6=MYfv~\\vzren\}U~_ t=0.5s
TIGHT n=14 m=58 tag=perturb g6=Mnn|lrzJrU^bJq\I? t=0.1s
TIGHT n=14 m=70 tag=perturb g6=Mev^{~ntBy~n|~J~_ t=0.2s
TIGHT n=14 m=68 tag=perturb g6=MMu\yv~yvR{nxv~v_ t=0.1s
TIGHT n=14 m=71 tag=perturb g6=M~r~lez~~p}nN~~a? t=0.2s
TIGHT n=14 m=79 tag=perturb g6=M|n]~n^l~~^^}~^~_ t=0.4s
TIGHT n=14 m=63 tag=perturb g6=MLz^~nB~jB|z{FmU_ t=0.2s
TIGHT n=14 m=63 tag=perturb g6=M}zjD~jfr]H{l}~U_ t=0.1s
TIGHT n=14 m=65 tag=perturb g6=Mnyl]\kpnV^z^flv_ t=0.1s
TIGHT n=14 m=77 tag=perturb g6=MZ}j~~x||~~nrn~v_ t=0.5s
TIGHT n=14 m=63 tag=perturb g6=Mj^Y\sf^VvmXm^~b_ t=0.1s
TIGHT n=14 m=75 tag=perturb g6=M^Lz|~zM}~|~~nln_ t=0.1s
TIGHT n=14 m=68 tag=perturb g6=MF~~~vj[tr}^dxn{_ t=0.2s
TIGHT n=14 m=65 tag=perturb g6=M~}Z|s~xryJ]VY}f_ t=0.3s
TIGHT n=14 m=68 tag=perturb g6=M^eVv^]v~p}j\}V}_ t=0.2s
TIGHT n=14 m=64 tag=perturb g6=M^Jezux}|~n^dnQ]? t=0.1s
TIGHT n=14 m=56 tag=perturb g6=Mc~XsV|i|`r^Uwzw? t=0.1s
TIGHT n=14 m=72 tag=perturb g6=M~^}{TxN~r^}~|fn_ t=0.5s
TIGHT n=14 m=74 tag=perturb g6=MVMrvrn}~|~~|~l}_ t=0.1s
TIGHT n=14 m=53 tag=perturb g6=MAxNoV~NYr|FYSEn_ t=0.1s
TIGHT n=14 m=65 tag=perturb g6=MNyezdD~|]}~~ZYv? t=0.1s
TIGHT n=14 m=52 tag=perturb g6=MuRvuDTv}KNq{gwT? t=0.1s
TIGHT n=14 m=65 tag=perturb g6=M}^}fRv~[~nA\Mxv_ t=0.2s
TIGHT n=14 m=74 tag=perturb g6=M|\~yo}}v~~z~|Nz_ t=0.5s
TIGHT n=14 m=62 tag=perturb g6=Mlukn\ltlRZ~\blv_ t=0.1s
TIGHT n=14 m=69 tag=perturb g6=Mn~V~jzz~mbf]s}]_ t=0.3s
TIGHT n=14 m=71 tag=perturb g6=Mrz~n^Xn~h^qnrv~_ t=0.3s
TIGHT n=14 m=57 tag=perturb g6=MWBD]M}[}R}~Lfj|_ t=0.1s
TIGHT n=14 m=62 tag=perturb g6=MsnN^y~nX^uKtmvL? t=0.2s
TIGHT n=14 m=71 tag=perturb g6=MR{J~~{|n^~nVz}f_ t=0.2s
TIGHT n=14 m=77 tag=perturb g6=Mzz~~xvv~~~}~~Gv? t=0.8s
TIGHT n=14 m=66 tag=perturb g6=Mj~|~[zr\qjA~^\n_ t=0.2s
TIGHT n=14 m=62 tag=perturb g6=Mm}uY^pPnz]}zf|Q_ t=0.2s
TIGHT n=14 m=60 tag=perturb g6=M`j}z~DLqpt~xMzZ_ t=0.2s
TIGHT n=14 m=67 tag=perturb g6=MjyZ}~b}^~j|Vx{Z? t=0.3s
TIGHT n=14 m=73 tag=perturb g6=M~]Zll}{~~}mn~zr_ t=0.5s
TIGHT n=14 m=57 tag=perturb g6=MKlNvz{UwkCj~^Zq_ t=0.1s
TIGHT n=14 m=69 tag=perturb g6=M~~~\^tU}{}^~yoZ? t=0.1s
TIGHT n=14 m=45 tag=perturb g6=MD@ejLhEZUJaa_n~_ t=0.1s
TIGHT n=14 m=69 tag=perturb g6=MlQLt~~zvf}~~|JZ_ t=0.1s
TIGHT n=14 m=68 tag=perturb g6=M~mn~y}Wm~~Z[zZy? t=0.3s
TIGHT n=14 m=67 tag=perturb g6=M\Nw~~j|wzr~ztNM_ t=0.1s
TIGHT n=14 m=66 tag=perturb g6=MnnV~irz~mbf]s}]_ t=0.3s
TIGHT n=14 m=60 tag=perturb g6=M~vQjvdvwpyZ}Tu]? t=0.2s
TIGHT n=14 m=58 tag=perturb g6=MvpUsuT|lrrR}Q}u_ t=0.1s
TIGHT n=14 m=73 tag=perturb g6=M}v~vy||~z^ht^^\_ t=0.1s
TIGHT n=14 m=79 tag=perturb g6=M|~\z}~~n~n}~}\n_ t=0.3s
TIGHT n=14 m=71 tag=perturb g6=M~{^vT~}nusyn~Zz_ t=0.3s
TIGHT n=14 m=65 tag=perturb g6=MJ|^J||NztxvvZFV_ t=0.1s
TIGHT n=14 m=67 tag=perturb g6=M~b~|mv^f~~NFjFg_ t=0.2s
TIGHT n=14 m=72 tag=perturb g6=M~z~n|c|\~{L^~V^_ t=0.1s
TIGHT n=14 m=66 tag=perturb g6=M^^m{lX]lZ~~~sXl_ t=0.1s
TIGHT n=14 m=62 tag=perturb g6=MZ|jnyzrLnUJZvif_ t=0.1s
TIGHT n=14 m=61 tag=perturb g6=MNZZ~ynvbGfzVuvs? t=0.1s
TIGHT n=14 m=59 tag=perturb g6=Mn{^xuXQ|uzNA^pz? t=0.1s
TIGHT n=14 m=70 tag=perturb g6=MBm^^npn~~\~}N}j_ t=0.1s
TIGHT n=14 m=56 tag=perturb g6=Melb^ZQBy]\~mbfb_ t=0.1s
TIGHT n=14 m=55 tag=perturb g6=M\m{wIsLXtn|oC~^_ t=0.1s
TIGHT n=14 m=64 tag=perturb g6=Mf^zn^rNS]j|pu|{_ t=0.1s
TIGHT n=14 m=60 tag=perturb g6=Mnhl]dKTnV^vUflv_ t=0.2s
TIGHT n=14 m=65 tag=perturb g6=M|N~XYV|nlvvy]Zx? t=0.1s
TIGHT n=14 m=57 tag=perturb g6=Mx^yf}D]{MSne\Ve_ t=0.1s
TIGHT n=14 m=59 tag=perturb g6=MFvSTm}z^znthylA_ t=0.1s
TIGHT n=14 m=79 tag=perturb g6=Mr~~|f~n^~~z|~|x_ t=0.3s
TIGHT n=14 m=69 tag=perturb g6=M|X~^Xxv~y~L~zxd_ t=0.3s
TIGHT n=14 m=74 tag=perturb g6=M~n~]~]~z|vquin~_ t=0.4s
TIGHT n=14 m=56 tag=perturb g6=MZ{NZMe|asf\mmVr? t=0.1s
TIGHT n=14 m=64 tag=perturb g6=M}mn~gjldy\In~i~_ t=0.3s
TIGHT n=14 m=70 tag=perturb g6=M~~^b~Rtuv~}z\et_ t=0.4s
TIGHT n=14 m=72 tag=perturb g6=M}~^tmzv~~y}Nztb_ t=0.3s
TIGHT n=14 m=65 tag=perturb g6=M~~|z{fv|OjhRr^l_ t=0.2s
TIGHT n=14 m=73 tag=perturb g6=M|v~N~n~}z]vt|[{_ t=0.6s
TIGHT n=14 m=76 tag=perturb g6=M^]n~z}n~n~~V~{m? t=1.0s
TIGHT n=14 m=70 tag=perturb g6=Mz~^}{~ct~d|yYn~_ t=0.6s
TIGHT n=14 m=65 tag=perturb g6=M~a\Zx}cnuV~|~Yj_ t=0.2s
TIGHT n=14 m=72 tag=perturb g6=M}w~~zrv]^]~^\^t_ t=0.6s
TIGHT n=14 m=66 tag=perturb g6=MtQ|~n\{kyx}}|~l? t=0.2s
TIGHT n=14 m=68 tag=perturb g6=M~lVNZ~m~{|NzNjh_ t=0.1s
TIGHT n=14 m=73 tag=perturb g6=M~z\~^]j^}yf^~l}_ t=0.4s
TIGHT n=14 m=63 tag=perturb g6=MfUpRu~^xm{VZv~[_ t=0.2s
TIGHT n=14 m=74 tag=perturb g6=M~{^~j{z|~znf^~U_ t=0.4s
TIGHT n=14 m=70 tag=perturb g6=M~AtfFV~v^u^v~n~_ t=0.2s
TIGHT n=14 m=72 tag=perturb g6=MznVZnm~j}^{~k}~_ t=0.4s
TIGHT n=14 m=77 tag=perturb g6=M~^zwV~~~z^}~F~n_ t=0.6s
TIGHT n=14 m=71 tag=perturb g6=M}\Nn|bm~v~q~zu|_ t=0.4s
TIGHT n=14 m=68 tag=perturb g6=MT~|\v~~b\uh~zNb_ t=0.1s
TIGHT n=14 m=61 tag=perturb g6=Mmvk~IJr^JrB~]zn? t=0.2s
TIGHT n=14 m=69 tag=perturb g6=M^Zkve~rjN}n~^r}_ t=0.1s
TIGHT n=14 m=67 tag=perturb g6=Mjz~Y^npjV^y^mlv_ t=0.1s
TIGHT n=14 m=65 tag=perturb g6=M^]viyuu^{~\wov~_ t=0.1s
TIGHT n=14 m=57 tag=perturb g6=MJrflzFVTD~|O^yV? t=0.1s
TIGHT n=14 m=65 tag=perturb g6=Mg~umNnlv{n|fn|W_ t=0.1s
TIGHT n=14 m=76 tag=perturb g6=M}~}v|l|n}r~zu~z_ t=0.4s
TIGHT n=14 m=75 tag=perturb g6=M^n]~nYl~~^^}~yn_ t=0.1s
TIGHT n=14 m=65 tag=perturb g6=M|NrzVc}fTzn|~im_ t=0.4s
TIGHT n=14 m=70 tag=perturb g6=Mz~sE[^~j}}^~vn{_ t=0.3s
TIGHT n=14 m=65 tag=perturb g6=Mqnv[e|v|~k~tNYv? t=0.2s
TIGHT n=14 m=65 tag=perturb g6=Mz~^}|deT^d}iVnu_ t=0.3s
TIGHT n=14 m=72 tag=perturb g6=Mln}yn~D}s^^}~~n_ t=0.3s
TIGHT n=14 m=60 tag=perturb g6=Mnn|nrzJRU^bZa\m? t=0.1s
TIGHT n=14 m=69 tag=perturb g6=MnN\vvxh|~N\~~ft? t=0.1s
TIGHT n=14 m=71 tag=perturb g6=Mi~nez~Jm^~x~|u}_ t=0.1s
TIGHT n=14 m=58 tag=perturb g6=MxFXl~[VzQFPVw|~_ t=0.1s
TIGHT n=14 m=63 tag=perturb g6=Mz~xH~y~^tjvLXwR? t=0.1s
TIGHT n=14 m=67 tag=perturb g6=Mr^~jm]VbzVRn~n]_ t=0.4s
TIGHT n=14 m=71 tag=perturb g6=Mb}jnz}~wU~}~n^r_ t=0.1s
TIGHT n=14 m=64 tag=perturb g6=MyY[{@xj~r^}~|fn_ t=0.2s
TIGHT n=14 m=60 tag=perturb g6=M}S]^ikZ|~old]vV_ t=0.1s
TIGHT n=14 m=71 tag=perturb g6=Mf}y}{yq~z}z~^~M_ t=0.2s
TIGHT n=14 m=70 tag=perturb g6=M~~Zj~rmMTn~~vsx_ t=0.4s
TIGHT n=14 m=60 tag=perturb g6=M\mf}[ztn@jzxy~a? t=0.1s
TIGHT n=14 m=60 tag=perturb g6=M}ZjD~jfr]H{l}\U_ t=0.2s
TIGHT n=14 m=70 tag=perturb g6=M^^~_~jfnj}~tv}l_ t=0.1s
TIGHT n=14 m=54 tag=perturb g6=MuXjl}|[tYP|Irg]? t=0.1s
TIGHT n=14 m=64 tag=perturb g6=MxW^^hyvv}oz]v|Z_ t=0.1s
TIGHT n=14 m=59 tag=perturb g6=Mxrjn]uxqNu`nrfs_ t=0.1s
TIGHT n=14 m=67 tag=perturb g6=Mvz~|mU~R^nNZNvh? t=0.1s
TIGHT n=14 m=64 tag=perturb g6=MR`^z[x}xg~m}~\}_ t=0.1s
TIGHT n=14 m=70 tag=perturb g6=Mv~N~zNN|[z|}kt~? t=0.1s
TIGHT n=14 m=61 tag=perturb g6=M^Jnxzk\h}\}fFxi_ t=0.1s
TIGHT n=14 m=56 tag=perturb g6=MT\cr\xWbZ~~v[mP? t=0.1s
TIGHT n=14 m=60 tag=perturb g6=Mxrjn]uhqNu`~vfs_ t=0.1s
TIGHT n=14 m=66 tag=perturb g6=Mx~h}Nt^~}mjRvf]? t=0.1s
TIGHT n=14 m=66 tag=perturb g6=Mx^V|f~n}vaqknz^? t=0.2s
TIGHT n=14 m=70 tag=perturb g6=Mnu^zv~xun|fzzVx? t=0.3s
TIGHT n=14 m=62 tag=perturb g6=MnrZywe|\~kD^~E^_ t=0.2s
TIGHT n=14 m=57 tag=perturb g6=M^[UjP\Nq\|~E\Mv? t=0.1s
TIGHT n=14 m=52 tag=perturb g6=MT@ejNHe~VJua_n~_ t=0.1s
TIGHT n=14 m=65 tag=perturb g6=Mvdz{~yMul{v~jdn? t=0.1s
TIGHT n=14 m=53 tag=perturb g6=MPbiznFxV~MJwbdR? t=0.1s
TIGHT n=14 m=65 tag=perturb g6=MZ^~~z|\jmTsbF}n? t=0.1s
TIGHT n=14 m=71 tag=perturb g6=MVn}U~YnK~~n}t~v_ t=0.1s
TIGHT n=14 m=59 tag=perturb g6=MzYLTZ|n^}eRi]ij_ t=0.1s
TIGHT n=14 m=67 tag=perturb g6=M}~Vnvw^nsv}||vA? t=0.1s
TIGHT n=14 m=66 tag=perturb g6=Mvy{~~s~}^wQ\vsj_ t=0.1s
TIGHT n=14 m=67 tag=perturb g6=Mm}z^xp}Fv^Vvyzx_ t=0.2s
TIGHT n=14 m=57 tag=perturb g6=MtWgvJNG~~lXgzj|_ t=0.1s
TIGHT n=14 m=61 tag=perturb g6=MNhY|}tx}~qJxr\]? t=0.5s
TIGHT n=14 m=64 tag=perturb g6=M^d{f||fYzN~ehzv? t=0.2s
TIGHT n=14 m=74 tag=perturb g6=Mn~\|s^rnvn~~}t}_ t=0.4s
TIGHT n=14 m=62 tag=perturb g6=Me~~~eUU|VtzvRDr? t=0.3s
TIGHT n=14 m=72 tag=perturb g6=Mry~~]~omV}V}~~^_ t=0.8s
TIGHT n=14 m=67 tag=perturb g6=Mdfm~Vv~~xZLy~yy? t=0.5s
TIGHT n=14 m=55 tag=perturb g6=Mc}XsVln|_r^Fwyy? t=0.2s
TIGHT n=14 m=52 tag=perturb g6=MkOKH^vWchYp|l~z_ t=0.2s
TIGHT n=14 m=72 tag=perturb g6=M~Ur}zns\~F}|~~n_ t=0.4s
TIGHT n=14 m=68 tag=perturb g6=M~^VmZ}_~|V}lzz]_ t=0.2s
TIGHT n=14 m=65 tag=perturb g6=M]|}dZ~~Wvne\Mxv_ t=0.4s
TIGHT n=14 m=61 tag=perturb g6=MvF|v]D\prDn^umz_ t=0.5s
TIGHT n=14 m=63 tag=perturb g6=Mgjvh^R}|V{~i]x^_ t=0.4s
TIGHT n=14 m=62 tag=perturb g6=MnviMxtvmr~~EXZ[_ t=0.4s
TIGHT n=14 m=60 tag=perturb g6=MY~]^RePFmxW~Y~v_ t=0.6s
TIGHT n=14 m=59 tag=perturb g6=Mz~Vy\fAd}c]mFnu_ t=0.2s
TIGHT n=14 m=55 tag=perturb g6=M~|nHG|ZpqT|JrPp_ t=0.2s
TIGHT n=14 m=71 tag=perturb g6=Mm^~jfz^}vrv\|tn_ t=0.4s
TIGHT n=14 m=66 tag=perturb g6=Mi|Nl|Z^~eznuvs]_ t=0.2s
TIGHT n=14 m=61 tag=perturb g6=Mt~~ZjP~|OyX^M^s? t=0.2s
TIGHT n=14 m=52 tag=perturb g6=MFvAOm}b^zkthymA_ t=0.1s
TIGHT n=14 m=60 tag=perturb g6=Mnn|npZFrvNbZj\I? t=0.2s
TIGHT n=14 m=66 tag=perturb g6=Mey^}jr|~u~T|yjk_ t=0.3s
TIGHT n=14 m=56 tag=perturb g6=MWwZ\j|RL}OdfR~z_ t=0.1s
TIGHT n=14 m=57 tag=perturb g6=Mm_\EfzzztxNd]kN_ t=0.3s
TIGHT n=14 m=58 tag=perturb g6=Mw^V|V^v}fAqlfaZ? t=0.2s
TIGHT n=14 m=59 tag=perturb g6=M{fm}D~^iVJNj[Q|_ t=0.2s
TIGHT n=14 m=74 tag=perturb g6=M~~}~fn|dmN|~z~w_ t=0.9s
TIGHT n=14 m=68 tag=perturb g6=Mz~Ynl]t}J^}lLz~_ t=0.6s
TIGHT n=14 m=68 tag=perturb g6=M~ny~Jt}ymkl~~rx? t=0.4s
TIGHT n=14 m=70 tag=perturb g6=Mnnt|U~}~ynNKt~~? t=0.4s
TIGHT n=14 m=68 tag=perturb g6=Mrj~xbLvf|~Z]]~~? t=0.2s
TIGHT n=14 m=68 tag=perturb g6=Mvz~yxn|YlzF~}rp_ t=0.2s
TIGHT n=14 m=60 tag=perturb g6=Mr^|jk]VbzNPl}lq_ t=0.2s
TIGHT n=14 m=65 tag=perturb g6=MV}v~Ftjnrvixz{i_ t=0.2s
TIGHT n=14 m=72 tag=perturb g6=MnZzz^^n~f~e^Vrv_ t=0.5s
TIGHT n=14 m=65 tag=perturb g6=M|Nw~~Ml|yr~ZbmM_ t=0.2s
TIGHT n=14 m=67 tag=perturb g6=M~kJvN^nxRy~|~km_ t=0.6s
TIGHT n=14 m=61 tag=perturb g6=Mr^^k\rns]v\puxs_ t=0.5s
TIGHT n=14 m=58 tag=perturb g6=Mzz]M{~csjClyYnZ_ t=0.4s
TIGHT n=14 m=71 tag=perturb g6=M~^^t|d]nv]r}\~z_ t=0.2s
TIGHT n=14 m=65 tag=perturb g6=MtQ~n~\mmnpa}|~l? t=0.2s
TIGHT n=14 m=67 tag=perturb g6=Mzz~|\b[ut}zzq|^? t=0.2s
TIGHT n=14 m=64 tag=perturb g6=MK]|t^@^~Xj~s~}]_ t=0.2s
TIGHT n=14 m=57 tag=perturb g6=MSdyZ^dYv~FJNfbv? t=0.1s
TIGHT n=14 m=70 tag=perturb g6=M^~^\rf|Nn^\nmzt_ t=0.2s
TIGHT n=14 m=71 tag=perturb g6=MF~}^}u]n~N}^j~[_ t=0.6s
TIGHT n=14 m=68 tag=perturb g6=M}|f~wuzf~~}|`^`_ t=0.4s
TIGHT n=14 m=68 tag=perturb g6=M~^Nt|f]nveVIz~z_ t=0.6s
TIGHT n=14 m=61 tag=perturb g6=Mn{]z]Zsfs~diJzn? t=0.2s
TIGHT n=14 m=63 tag=perturb g6=MnvnlN}jSl^nzDxL_ t=0.2s
TIGHT n=14 m=78 tag=perturb g6=M^\N~n~n}~v~tv~^_ t=0.7s
TIGHT n=14 m=55 tag=perturb g6=MTPH}mXpnv|bE^mi_ t=0.2s
TIGHT n=14 m=74 tag=perturb g6=MVn~^~m~v{~\zc~z_ t=0.3s
TIGHT n=14 m=59 tag=perturb g6=M^ejJymJxUXmbu~z_ t=0.2s
TIGHT n=14 m=67 tag=perturb g6=M~}jlr|]~|sK~|Pn_ t=0.6s
TIGHT n=14 m=64 tag=perturb g6=MsU|}K~l]|vm\u~m? t=0.2s
TIGHT n=14 m=61 tag=perturb g6=M}^xyhyPZ\hxrn~R_ t=0.2s
TIGHT n=14 m=68 tag=perturb g6=Mu|~zelv|~{vs^VN? t=0.2s
TIGHT n=14 m=75 tag=perturb g6=Mn^||z~}~z|~Dvtn_ t=0.3s
TIGHT n=14 m=64 tag=perturb g6=MZwnn~FVTl~|O^}v? t=0.3s
TIGHT n=14 m=64 tag=perturb g6=Mvz~hvpk\U^Xnrxv_ t=0.2s
TIGHT n=14 m=73 tag=perturb g6=M^~\x}vjv~|y^nzv? t=0.5s
TIGHT n=14 m=60 tag=perturb g6=MAvm~|~ohXyTv}vY? t=0.2s
TIGHT n=14 m=59 tag=perturb g6=MmanNkX^\be{r}]}_ t=0.2s
TIGHT n=14 m=64 tag=perturb g6=Mr{xz~}td}XI^~js_ t=0.2s
TIGHT n=14 m=59 tag=perturb g6=Mq^Zf\p~Uim|p]xs_ t=0.2s
TIGHT n=14 m=67 tag=perturb g6=Mcvzz|tlV}^Nv{Z^_ t=0.3s
TIGHT n=14 m=53 tag=perturb g6=M{Ni~`g|C][In~iS_ t=0.1s
TIGHT n=14 m=58 tag=perturb g6=M\byTM~rwDvfeyj}_ t=0.2s
TIGHT n=14 m=69 tag=perturb g6=MRL~ZZv^~n~~P]r~? t=0.3s
TIGHT n=14 m=59 tag=perturb g6=M^xNY]orj|Lj}~ha_ t=0.2s
TIGHT n=14 m=63 tag=perturb g6=MV~f~in\aTI}~i\z_ t=0.2s
TIGHT n=14 m=58 tag=perturb g6=MtL~[Zvhk@^C^zn^? t=0.2s
TIGHT n=14 m=67 tag=perturb g6=MX^FX{w~~~T~}N|m_ t=0.5s
TIGHT n=14 m=56 tag=perturb g6=MHbrfBnwZlku~xUn? t=0.2s
TIGHT n=14 m=52 tag=perturb g6=Mv}PybzSlD~o[pEm? t=0.2s
TIGHT n=14 m=80 tag=perturb g6=Mv~~~v~v~R}~}~Vv_ t=0.5s
TIGHT n=14 m=58 tag=perturb g6=MxV^cyRouu~}m^ET_ t=0.2s
TIGHT n=14 m=69 tag=perturb g6=Muv}^~vjnN^~Rxm[_ t=0.2s
TIGHT n=14 m=56 tag=perturb g6=M{MojVc}fTx\|~gi_ t=0.2s
TIGHT n=14 m=61 tag=perturb g6=MnviEttvmr~~EXZ[_ t=0.2s
TIGHT n=14 m=71 tag=perturb g6=MN|ztnm\n~uV~[~v_ t=0.7s
TIGHT n=14 m=61 tag=perturb g6=MefZT||X`xn~unFl_ t=0.2s
TIGHT n=14 m=72 tag=perturb g6=Mvfh|r~~zvZ~ln^f_ t=0.6s
TIGHT n=14 m=62 tag=perturb g6=Mv]fzg~\qti}{i\z_ t=0.2s
TIGHT n=14 m=67 tag=perturb g6=M^|R|En~~eTtn}~x? t=0.2s
TIGHT n=14 m=61 tag=perturb g6=M^n~|Evuimc]t\x{? t=0.2s
TIGHT n=14 m=54 tag=perturb g6=M^xxHm]VF~TDA]Jf_ t=0.1s
TIGHT n=14 m=60 tag=perturb g6=M]}~}NRo|]fuFXze? t=0.2s
TIGHT n=14 m=73 tag=perturb g6=MmzB~~v|V~vm|f^~_ t=0.3s
TIGHT n=14 m=66 tag=perturb g6=M{|LH|byvt{~~}u|_ t=0.2s
TIGHT n=14 m=64 tag=perturb g6=MVczn||VYzN~ehzv? t=0.2s
TIGHT n=14 m=71 tag=perturb g6=Mz~^v[}N~||f~~kJ? t=0.2s
TIGHT n=14 m=68 tag=perturb g6=Mm}z^xp}fr~Vvyzx_ t=0.2s
TIGHT n=14 m=62 tag=perturb g6=M}h|v|B\rL^|A^}v? t=0.2s
TIGHT n=14 m=57 tag=perturb g6=Mx\ZSgrz~juV}nac? t=0.1s
TIGHT n=14 m=65 tag=perturb g6=Mv\u}}yLnK^Vlvm}_ t=0.4s
TIGHT n=14 m=68 tag=perturb g6=Mw}Uy^~~vfq^]}y|_ t=0.5s
TIGHT n=14 m=62 tag=perturb g6=M^`u~]xq|}~^`nRD_ t=0.2s
TIGHT n=14 m=64 tag=perturb g6=MBUzFvu||q~N~}jL_ t=0.5s
TIGHT n=14 m=70 tag=perturb g6=M{~}|vVVv~~jrfn[? t=0.6s
TIGHT n=14 m=60 tag=perturb g6=MFi^^x^sZzajXyV|_ t=0.2s
TIGHT n=14 m=72 tag=perturb g6=Mp~}lz~|~mz^x{|n? t=0.3s
TIGHT n=14 m=53 tag=perturb g6=MZc^yq`kzD[TwH~z_ t=0.2s
TIGHT n=14 m=58 tag=perturb g6=MmrIn^ZtbKtlvNre_ t=0.2s
TIGHT n=14 m=65 tag=perturb g6=M{pxvvjmv~n~PV^T? t=0.2s
TIGHT n=14 m=53 tag=perturb g6=MuB{HvTtdZ}hDyjj? t=0.2s
TIGHT n=14 m=63 tag=perturb g6=M[q~zeE\xQZ~v~^f_ t=0.2s
TIGHT n=14 m=64 tag=perturb g6=Mvbn|bl~it~V]]\t? t=0.5s
TIGHT n=14 m=64 tag=perturb g6=MK^|T]`Z^Xj~|~}]_ t=0.2s
TIGHT n=14 m=62 tag=perturb g6=Mn^Q|sf^vjyJm^v`_ t=0.2s
TIGHT n=14 m=67 tag=perturb g6=M^urFJm|zn[vjv~z_ t=0.3s
TIGHT n=14 m=63 tag=perturb g6=MJ{|txMz^u|Lf{x~? t=0.2s
TIGHT n=14 m=69 tag=perturb g6=MZ|fL\~^XNJv~|~|_ t=0.3s
TIGHT n=14 m=65 tag=perturb g6=M|r|KZ^nfuNxNvZ^_ t=0.3s
TIGHT n=14 m=58 tag=perturb g6=MI\|lygbqV^~\tv[? t=0.1s
TIGHT n=14 m=58 tag=perturb g6=MnzjsV|i{Xp}qzNW? t=0.4s
TIGHT n=14 m=77 tag=perturb g6=Mjnz~|z~^{nmv~v~_ t=0.7s
TIGHT n=14 m=72 tag=perturb g6=Mv~}~j~nN}n\|y`}_ t=0.3s
TIGHT n=14 m=69 tag=perturb g6=M~xJf~~}~ftx{w\n_ t=0.5s
TIGHT n=14 m=65 tag=perturb g6=M~|]uVx~}{beVwt^_ t=0.5s
TIGHT n=14 m=70 tag=perturb g6=M\uvVXm|zz\~n~nZ_ t=0.4s
TIGHT n=14 m=68 tag=perturb g6=M~~zdlu~z|]~pU~E? t=0.8s
TIGHT n=14 m=56 tag=perturb g6=MZ|JKyQ~wRl][if~? t=0.1s
TIGHT n=14 m=65 tag=perturb g6=Mmrg|uptyM~|r^~n_ t=0.3s
TIGHT n=14 m=63 tag=perturb g6=Msl^lJ~VwtfH}~N}_ t=0.2s
TIGHT n=14 m=61 tag=perturb g6=M^mJ~}uXoz^XU}zY? t=0.4s
TIGHT n=14 m=59 tag=perturb g6=M|xLgLbwV~{v{}uk_ t=0.4s
TIGHT n=14 m=63 tag=perturb g6=M\VZ~{f~^~mfnR`W? t=0.2s
TIGHT n=14 m=78 tag=perturb g6=M~f^vt|v~i~~~}z~_ t=0.6s
TIGHT n=14 m=66 tag=perturb g6=M|v|{^]E}{}vjM|Z_ t=0.4s
TIGHT n=14 m=56 tag=perturb g6=M~u]fxHdlv]uVDTF? t=0.1s
TIGHT n=14 m=59 tag=perturb g6=MlyzQxs{u{]~Kn}`_ t=0.1s
TIGHT n=14 m=59 tag=perturb g6=Mr{gy~}{t}XYY~ap_ t=0.2s
TIGHT n=14 m=61 tag=perturb g6=MVczn\|RIzN~ehzv? t=0.1s
TIGHT n=14 m=57 tag=perturb g6=MjN}JlMvEQFpzxL~_ t=0.2s
TIGHT n=14 m=68 tag=perturb g6=M~q|~{~l[\vmjuv}? t=0.3s
TIGHT n=14 m=67 tag=perturb g6=M|n|avbzl~c~~}Xj_ t=0.5s
TIGHT n=14 m=67 tag=perturb g6=MzrTS}M}}N}^~q~z_ t=0.5s
TIGHT n=14 m=71 tag=perturb g6=M^vjz~~vzNzW\zy|_ t=0.5s
TIGHT n=14 m=57 tag=perturb g6=MNyxPxtwvVUnXN]F_ t=0.2s
TIGHT n=14 m=63 tag=perturb g6=M~~y~WZx~qw^SIu~? t=0.3s
TIGHT n=14 m=62 tag=perturb g6=Mf~{FvtfvxYjyfzY? t=0.2s
TIGHT n=14 m=63 tag=perturb g6=Mury^~~Jnj^xRtmO_ t=0.6s
TIGHT n=14 m=62 tag=perturb g6=M\Xzn^{[vWJ~M~xU_ t=0.2s
TIGHT n=14 m=67 tag=perturb g6=MV}zvy~rod}~vdt~? t=0.3s
TIGHT n=14 m=65 tag=perturb g6=Mn|Vnh~jv~br]smU_ t=0.2s
TIGHT n=14 m=50 tag=perturb g6=M{@af~wWuar}G{i]_ t=0.2s
TIGHT n=14 m=69 tag=perturb g6=Mtun}Frf\~z~Vnuv_ t=0.3s
TIGHT n=14 m=70 tag=perturb g6=Mz~^}w~ct~dtyzn~_ t=0.5s
TIGHT n=14 m=63 tag=perturb g6=Mv~~lVpk\UMXnrxv_ t=0.3s
TIGHT n=14 m=72 tag=perturb g6=Mn~^~Xsn}\nfv~rv_ t=0.7s
TIGHT n=14 m=60 tag=perturb g6=MvjWTZzoT\~}e~n`_ t=0.2s
TIGHT n=14 m=73 tag=perturb g6=Mv~~p|Nni|~^~j{~? t=0.7s
TIGHT n=14 m=74 tag=perturb g6=M~n~Tv~~e~|nmyZ~? t=0.2s
TIGHT n=14 m=61 tag=perturb g6=MVczn||RyzNnagzv? t=0.2s
TIGHT n=14 m=65 tag=perturb g6=Mn|V~x~jvzbr]umE? t=0.3s
TIGHT n=14 m=71 tag=perturb g6=MlnYvn~D}s^^}~~n_ t=0.3s
TIGHT n=14 m=65 tag=perturb g6=M^no~~h|Uir~|~MK_ t=0.4s
TIGHT n=14 m=64 tag=perturb g6=M|]^nuSYvmz~}XXn? t=0.2s
TIGHT n=14 m=58 tag=perturb g6=MsFLmfMu^~auUuxv_ t=0.2s
TIGHT n=14 m=58 tag=perturb g6=M^zwJhUNvX}{|Ws]_ t=0.2s
TIGHT n=14 m=72 tag=perturb g6=M~uvvN^nzr}ncn~}_ t=0.7s
TIGHT n=14 m=56 tag=perturb g6=MY~bZW{YvM|dxbNi_ t=0.2s
TIGHT n=14 m=49 tag=perturb g6=Mb^xGz}psILUnO\a? t=0.1s
TIGHT n=14 m=69 tag=perturb g6=Mth~XVt|lVn~~R|~_ t=0.3s
TIGHT n=14 m=79 tag=perturb g6=M~n|]}~~z~^}}]~}_ t=0.7s
TIGHT n=14 m=53 tag=perturb g6=MX`jVAlXnTap~zTr_ t=0.1s
TIGHT n=14 m=59 tag=perturb g6=M\^}Kg|xuY}Fnjzg_ t=0.2s
TIGHT n=14 m=65 tag=perturb g6=M]~^^RetdnpMvy~v_ t=0.2s
TIGHT n=14 m=60 tag=perturb g6=Mv|n~ofyf}qx|`U`_ t=0.2s
TIGHT n=14 m=66 tag=perturb g6=M~qnjVfvzQ{}y^V|_ t=0.2s
TIGHT n=14 m=80 tag=perturb g6=M|~~~|~v~~^n^j[~_ t=0.7s
TIGHT n=14 m=59 tag=perturb g6=MffYC|L\yx]~qj~b_ t=0.2s
TIGHT n=14 m=64 tag=perturb g6=Mz^^kTpnK]~~xvxs_ t=0.2s
TIGHT n=14 m=67 tag=perturb g6=MN}Vw~uyvRnvXu~v_ t=0.5s
TIGHT n=14 m=60 tag=perturb g6=MJ~T{eejFNSx~^nf_ t=0.2s
TIGHT n=14 m=79 tag=perturb g6=M~n~^v~~u}|~~tZ~? t=1.0s
TIGHT n=14 m=74 tag=perturb g6=Mnv^m}ntrn|~|~Z|_ t=0.2s
TIGHT n=14 m=62 tag=perturb g6=M~X~F\y[fZrjM~h{_ t=0.2s
TIGHT n=14 m=61 tag=perturb g6=Mxr]|xUPN{~rh~~__ t=0.3s
TIGHT n=14 m=58 tag=perturb g6=MUr{n{fvyypiPvUm_ t=0.5s
TIGHT n=14 m=69 tag=perturb g6=Mv~~wkP~^M~~nMN~? t=0.7s
TIGHT n=14 m=63 tag=perturb g6=MNNm^|FVnvZ~u`fN? t=0.3s
TIGHT n=14 m=57 tag=perturb g6=M~yLT^~D[i}sfx_}? t=0.2s
TIGHT n=14 m=68 tag=perturb g6=M}xJ\vvv^|wXV}~v_ t=0.5s
TIGHT n=14 m=54 tag=perturb g6=MyS]R_kZ|~qlduVU_ t=0.2s
TIGHT n=14 m=78 tag=perturb g6=M~}}}l~yn|~~u}~n_ t=0.8s
TIGHT n=14 m=58 tag=perturb g6=M~q\T^zD[iuofx}}? t=0.1s
TIGHT n=14 m=71 tag=perturb g6=MZpz~tvv|n~}~~_v? t=0.2s
TIGHT n=14 m=59 tag=perturb g6=MsVizh~^IVjNn[rN? t=0.1s
TIGHT n=14 m=70 tag=perturb g6=M~|{x~\mlvZ~~rH~? t=0.5s
TIGHT n=14 m=59 tag=perturb g6=M^N~xjkLx}\}dFii? t=0.3s
TIGHT n=14 m=61 tag=perturb g6=M~kb|\xVRu]Zn`jz_ t=0.2s
TIGHT n=14 m=60 tag=perturb g6=Mj~}s]NRl[Umdut|_ t=0.2s
TIGHT n=14 m=70 tag=perturb g6=Mg~}}^}|T~n~e]zu_ t=0.5s
TIGHT n=14 m=63 tag=perturb g6=MYN{yz`|znyFtv}l_ t=0.2s
TIGHT n=14 m=70 tag=perturb g6=M~~Q~kzRxnf}~}~[_ t=0.3s
TIGHT n=14 m=68 tag=perturb g6=M~Uzir^}jt]]Zn|~_ t=0.6s
TIGHT n=14 m=61 tag=perturb g6=MWwJzfu^v]Rzr~Fn? t=0.3s
TIGHT n=14 m=59 tag=perturb g6=Mnn|nrzJZU\fZaXi? t=0.1s
TIGHT n=14 m=52 tag=perturb g6=MEvzTx[hjwfp`TBn_ t=0.2s
TIGHT n=14 m=79 tag=perturb g6=M^}z~~n\~n~|~nd~_ t=0.8s
TIGHT n=14 m=59 tag=perturb g6=M~mKnzLgfe^~NS|F? t=0.3s
TIGHT n=14 m=61 tag=perturb g6=MIrRu|wulUH~^~mz_ t=0.2s
TIGHT n=14 m=69 tag=perturb g6=Mi~|@u^fTv^^v~}~_ t=0.2s
TIGHT n=14 m=67 tag=perturb g6=MfrrFunv|}nn}}s|? t=0.2s
TIGHT n=14 m=48 tag=perturb g6=MTHejL`E^VJaa_n~_ t=0.1s
TIGHT n=14 m=59 tag=perturb g6=MN~{~SXr\qjEm^Xu_ t=0.3s
TIGHT n=14 m=60 tag=perturb g6=M\NhvvvqsFm{Rc~n_ t=0.2s
TIGHT n=14 m=71 tag=perturb g6=Mnu~yYv^v~n~^NlX_ t=0.5s
TIGHT n=14 m=69 tag=perturb g6=M|znVMv~V{~^Nnv`_ t=0.5s
TIGHT n=14 m=74 tag=perturb g6=M~r|j~tz|v~}hu~}_ t=0.6s
TIGHT n=14 m=61 tag=perturb g6=MRlcs~h\~~ylu{[n? t=0.2s
TIGHT n=14 m=61 tag=perturb g6=Mu~v^mjstX\^vTUk? t=0.2s
TIGHT n=14 m=53 tag=perturb g6=Mn{NHS\qtmz~aDTX? t=0.1s
TIGHT n=14 m=64 tag=perturb g6=M^{zfytyxp}~vbNV? t=0.6s
TIGHT n=14 m=59 tag=perturb g6=Mvn^tqnqhqFyJU~N? t=0.3s
TIGHT n=14 m=67 tag=perturb g6=Mb}jnz}~wU~}~M^Q_ t=0.3s
TIGHT n=14 m=67 tag=perturb g6=Mn][NzU^~xV}}Wv~_ t=0.3s
TIGHT n=14 m=53 tag=perturb g6=MOvAmbYm^~AvSbxv_ t=0.2s
TIGHT n=14 m=69 tag=perturb g6=M~vtxI|~|~vNV^Ur_ t=0.5s
TIGHT n=14 m=58 tag=perturb g6=MIi^E~zYzDxM{~}L? t=0.5s
TIGHT n=14 m=74 tag=perturb g6=M\~~z~nv}Wi~}~nf_ t=0.9s
TIGHT n=14 m=62 tag=perturb g6=M~tQnU~zxvrV|sot? t=0.3s
TIGHT n=14 m=60 tag=perturb g6=Mx~yvv]xK^~]ecQJ_ t=0.5s
TIGHT n=14 m=63 tag=perturb g6=M\h}~lbnnRtxlFnu_ t=0.2s
TIGHT n=14 m=72 tag=perturb g6=Mx}Lt~~zrv}~~|JZ_ t=0.7s
TIGHT n=14 m=61 tag=perturb g6=MiUFi~thmJfx~|u}_ t=0.3s
TIGHT n=14 m=62 tag=perturb g6=M[kzZeM\wzZ~b~^f_ t=0.2s
TIGHT n=14 m=60 tag=perturb g6=MQ~J]zmkEyLyZm~~? t=0.1s
TIGHT n=14 m=67 tag=perturb g6=MDrt}{\Z^~yyT~~}_ t=0.4s
TIGHT n=14 m=65 tag=perturb g6=Mw{lybnZ}vzlp~\|_ t=0.3s
TIGHT n=14 m=63 tag=perturb g6=Mf|}Yxz|Qwz^z{rd_ t=0.4s
TIGHT n=14 m=62 tag=perturb g6=M}~tNhj}]xjP\e{^_ t=0.2s
TIGHT n=14 m=59 tag=perturb g6=MZ~xLzbnv]IzLZxA_ t=0.2s
TIGHT n=14 m=55 tag=perturb g6=Mzc^}i`lrDS\y@~z_ t=0.2s
TIGHT n=14 m=58 tag=perturb g6=MKx~zL}rytwpJZ}g_ t=0.2s
TIGHT n=14 m=62 tag=perturb g6=Mv{Vqxx{{s~S~}pt_ t=0.2s
TIGHT n=14 m=66 tag=perturb g6=Mpbz}ziu]Sfzn~~n_ t=0.2s
TIGHT n=14 m=58 tag=perturb g6=MFvSTe}z^znthykQ_ t=0.2s
TIGHT n=14 m=60 tag=perturb g6=Mg^h~DQ^z\~jrVf]? t=0.2s
TIGHT n=14 m=60 tag=perturb g6=M^mf}|RdnXnxwqnq? t=0.3s
TIGHT n=14 m=67 tag=perturb g6=MzQ\~^|~^}vZJyby_ t=0.5s
TIGHT n=14 m=71 tag=perturb g6=MI~neynjm~~z~|u|_ t=0.3s
TIGHT n=14 m=70 tag=perturb g6=Mxn}~l~jueZZ}r^~_ t=0.5s
TIGHT n=14 m=64 tag=perturb g6=Mn^^|sf\rn}Zk\sf_ t=0.7s
TIGHT n=14 m=57 tag=perturb g6=MtQvFj\mmnr_y|zH_ t=0.2s
TIGHT n=14 m=60 tag=perturb g6=M||fvkvncT^uheXz? t=0.2s
TIGHT n=14 m=55 tag=perturb g6=MbN}HlEvUBFpr|L~_ t=0.2s
TIGHT n=14 m=62 tag=perturb g6=M^\{x~T}kuNt^bH~? t=0.3s
TIGHT n=14 m=72 tag=perturb g6=M|~^~zln~~]nfpR{_ t=0.6s
TIGHT n=14 m=68 tag=perturb g6=M|xLL|x}v~]zJ~n]_ t=0.9s
TIGHT n=14 m=73 tag=perturb g6=Mz~^}{~cvzlny^n~_ t=0.6s
TIGHT n=14 m=62 tag=perturb g6=MpJ|NTXn|a^qnrv~_ t=0.2s
TIGHT n=14 m=65 tag=perturb g6=Mzt^mzLsdv^}yx^v? t=0.5s
TIGHT n=14 m=57 tag=perturb g6=Mq~zf\ptUiu^`Uxw_ t=0.2s
TIGHT n=14 m=56 tag=perturb g6=MtR|K~G}}np_ux~c? t=0.2s
TIGHT n=14 m=65 tag=perturb g6=MsTdN~jQvt{~~}u|_ t=0.2s
TIGHT n=14 m=78 tag=perturb g6=M|}V~yv~un~}v~^~_ t=0.7s
TIGHT n=14 m=70 tag=perturb g6=M`}Vy~u{ur~~zu~v_ t=0.7s
TIGHT n=14 m=66 tag=perturb g6=M|vvFne~yb]ft}|{_ t=0.3s
TIGHT n=14 m=66 tag=perturb g6=MZ~\LqfzNNN\nf~v_ t=0.2s
TIGHT n=14 m=67 tag=perturb g6=MdNt~}[|V~n][}^}? t=0.6s
TIGHT n=14 m=62 tag=perturb g6=MmvUm}~trn{H|YZ\? t=0.2s
TIGHT n=14 m=71 tag=perturb g6=M^z~}]MNj|jY~^^~_ t=0.3s
TIGHT n=14 m=58 tag=perturb g6=MMX`ixK~nn}vlUrF_ t=0.4s
TIGHT n=14 m=56 tag=perturb g6=M|m\T^zD[i}sfxcu? t=0.2s
TIGHT n=14 m=59 tag=perturb g6=MnviMxtfkr^~EXZ[_ t=0.2s
TIGHT n=14 m=64 tag=perturb g6=Mx~dfx~XB^tpv|Z~? t=0.2s
TIGHT n=14 m=67 tag=perturb g6=ME}~~YlU~vqbvuv~_ t=0.2s
TIGHT n=14 m=61 tag=perturb g6=M`az}v^Rt~nfBzMV_ t=0.3s
TIGHT n=14 m=71 tag=perturb g6=MXm^v^~^cny~^m^~_ t=0.3s
TIGHT n=14 m=67 tag=perturb g6=M}K}z}v~rJyi^vy~? t=0.5s
TIGHT n=14 m=65 tag=perturb g6=MD}pqnn~yV^Vd~nm_ t=0.2s
TIGHT n=14 m=57 tag=perturb g6=M~qnvyjR^CRPj~iw? t=0.1s
TIGHT n=14 m=68 tag=perturb g6=M~^{^zQ^vlm{~Ytz_ t=0.2s
TIGHT n=14 m=66 tag=perturb g6=M~|wJv~vXdz}|WNv_ t=0.2s
TIGHT n=14 m=55 tag=perturb g6=MyuUR_kZ|~qlduVU_ t=0.2s
TIGHT n=14 m=67 tag=perturb g6=Mfnvp|Fnn|~|lj{r? t=0.7s
TIGHT n=14 m=62 tag=perturb g6=M}tPV|fkV|\hh{~^_ t=0.2s
TIGHT n=14 m=62 tag=perturb g6=MOsnzfN\rZ~^bf^f_ t=0.3s
TIGHT n=14 m=67 tag=perturb g6=Mvz~hmNVbz\Rn~n]_ t=0.2s
TIGHT n=14 m=62 tag=perturb g6=Mz\}|FpUzwXrz~yi_ t=0.2s
TIGHT n=14 m=64 tag=perturb g6=M~i}ruurl]ZslU|~_ t=0.2s
TIGHT n=14 m=73 tag=perturb g6=M^U~~]v[vj^\~}~z_ t=0.3s
TIGHT n=14 m=69 tag=perturb g6=M}y{~r{n~r^Z]~ry? t=0.5s
TIGHT n=14 m=68 tag=perturb g6=M~~R~khVwnF}~}~[_ t=0.5s
TIGHT n=14 m=63 tag=perturb g6=M^x^g||mqzpn`Y~z_ t=0.5s
TIGHT n=14 m=66 tag=perturb g6=MzLJ{^zf}vX^yn\n_ t=0.3s
TIGHT n=14 m=62 tag=perturb g6=M[dqntvzxvrRul}|? t=0.2s
TIGHT n=14 m=65 tag=perturb g6=M~~|e~zZx\muvn_i? t=0.2s
TIGHT n=14 m=59 tag=perturb g6=MslNlV~ty|ce\V]x? t=0.2s
TIGHT n=14 m=64 tag=perturb g6=M}}Lt~b\|q~td|}e? t=0.2s
TIGHT n=14 m=62 tag=perturb g6=M{~nnxpl]H~Rtrjr? t=0.2s
TIGHT n=14 m=64 tag=perturb g6=M\uvTZM~hz\~D|nZ_ t=0.2s
TIGHT n=14 m=64 tag=perturb g6=M~}^`d]xz~Z~S\D~? t=0.3s
TIGHT n=14 m=81 tag=perturb g6=M|~~~~|^~fv~~|fn_ t=0.8s
TIGHT n=14 m=57 tag=perturb g6=M~n^panylaNYJU}J? t=0.2s
TIGHT n=14 m=64 tag=perturb g6=MJ}leYgjm~~zvtu|_ t=0.2s
TIGHT n=14 m=59 tag=perturb g6=M^N~|Jkhx}\}dFii? t=0.2s
TIGHT n=14 m=64 tag=perturb g6=M~hg~zn{nv\]YHm|_ t=0.5s
TIGHT n=14 m=53 tag=perturb g6=MMqWq{B~{iHyPvun_ t=0.2s
TIGHT n=14 m=64 tag=perturb g6=M~f{~mnZp[\rzxE^_ t=0.2s
TIGHT n=14 m=61 tag=perturb g6=MlzzsV|i{xp^Uz~W? t=0.2s
TIGHT n=14 m=57 tag=perturb g6=M`MprsKlv~n][}]]? t=0.2s
TIGHT n=14 m=52 tag=perturb g6=M@emJ|fYViewrulx? t=0.1s
TIGHT n=14 m=79 tag=perturb g6=Mmunvz~n|~~z~^z~_ t=0.9s
TIGHT n=14 m=65 tag=perturb g6=MUn|~Nzr\p{~vzqw? t=0.2s
TIGHT n=14 m=58 tag=perturb g6=M\JlrdmUsFn|TE|~_ t=0.2s
TIGHT n=14 m=70 tag=perturb g6=M~m\V~{j^~^^Z^mR_ t=0.6s
TIGHT n=14 m=64 tag=perturb g6=M~}dRRl~nYnavlNv_ t=0.4s
TIGHT n=14 m=75 tag=perturb g6=Mz~v~~NM~znX~zzm_ t=0.7s
TIGHT n=14 m=75 tag=perturb g6=Mhnx^|~~^tnmv~v~_ t=0.2s
TIGHT n=14 m=67 tag=perturb g6=MnT]~nLm~y|p~zzg_ t=0.2s
TIGHT n=14 m=69 tag=perturb g6=MNu~zMv]qx^^~}~i_ t=0.3s
TIGHT n=14 m=57 tag=perturb g6=MXtulDxk^Y@s^~^r_ t=0.2s
TIGHT n=14 m=55 tag=perturb g6=Ml~Lwuzrs}QsAazj_ t=0.2s
TIGHT n=14 m=63 tag=perturb g6=M||F|dnn}Vbukdz^? t=0.2s
TIGHT n=14 m=56 tag=perturb g6=MDf{rlvXvwukrqlw_ t=0.2s
TIGHT n=14 m=75 tag=perturb g6=Mn~~vzulnm|z~U~|_ t=0.3s
TIGHT n=14 m=74 tag=perturb g6=M~f^vt|v^q}~~^yz_ t=0.6s
TIGHT n=14 m=74 tag=perturb g6=ME~~nvz^|t~}|||n? t=0.3s
TIGHT n=14 m=66 tag=perturb g6=Mr~Ke}J]~~|}Y]}r_ t=0.6s
TIGHT n=14 m=70 tag=perturb g6=M~zp|z|~\Xn{tzZ^_ t=0.5s
TIGHT n=14 m=58 tag=perturb g6=MNZoxzt~TXnspjNi_ t=0.1s
TIGHT n=14 m=67 tag=perturb g6=M}lfn{uzf~~}|`Np_ t=0.9s
TIGHT n=14 m=67 tag=perturb g6=Mm~Unhr~}mFv}{}u_ t=0.2s
TIGHT n=14 m=60 tag=perturb g6=MZ}Zu\deT^fuiVnu_ t=0.2s
TIGHT n=14 m=57 tag=perturb g6=Mzn|lpzJvEWrNyXi? t=0.2s
TIGHT n=14 m=65 tag=perturb g6=Mz~YnlYt}J^YlLz~_ t=0.5s
TIGHT n=14 m=72 tag=perturb g6=MzsV}~~lMvB~~n~v_ t=0.6s
TIGHT n=14 m=67 tag=perturb g6=M~un~eyulXjzxz~p_ t=0.3s
TIGHT n=14 m=68 tag=perturb g6=MzLzt~Suney~n~]}_ t=0.2s
TIGHT n=14 m=63 tag=perturb g6=MdjMs}}~lIVd~[z~_ t=0.2s
TIGHT n=14 m=72 tag=perturb g6=M]h^^~~}xV|~sf~|_ t=0.7s
TIGHT n=14 m=76 tag=perturb g6=M|}vf|~v~~^n^jL~_ t=0.7s
TIGHT n=14 m=60 tag=perturb g6=M[m~jeM\wBz~bZ^f_ t=0.2s
TIGHT n=14 m=60 tag=perturb g6=M}mdvgzldzUI|{w~_ t=0.2s
TIGHT n=14 m=73 tag=perturb g6=M^~^~ztrXnu^}~Vv_ t=0.3s
TIGHT n=14 m=70 tag=perturb g6=Muz~~mjttV|~v^Uv? t=0.2s
TIGHT n=14 m=68 tag=perturb g6=M^pZzwe|\~{|^~U~_ t=0.2s
TIGHT n=14 m=56 tag=perturb g6=MQMw^jd~Y|wetmt\? t=0.1s
TIGHT n=14 m=70 tag=perturb g6=MmzJnvf~^~uu|fZ}_ t=0.3s
TIGHT n=14 m=68 tag=perturb g6=MVn~~Mxjvx~Ixz}y_ t=0.2s
TIGHT n=14 m=64 tag=perturb g6=M{\q|Qz]R~]}vE~v_ t=0.2s
TIGHT n=14 m=66 tag=perturb g6=Miz~n]vur\z]^jUx_ t=0.2s
TIGHT n=14 m=56 tag=perturb g6=M~wLG@bwV~{v{}uk_ t=0.2s
TIGHT n=14 m=64 tag=perturb g6=M|~k^zS^zhfg|Zv]_ t=0.6s
TIGHT n=14 m=65 tag=perturb g6=M}|Fnbm}vpzli^y~? t=0.2s
TIGHT n=14 m=60 tag=perturb g6=M\N^ffvqqFj{TE~|_ t=0.2s
TIGHT n=14 m=62 tag=perturb g6=MfN^m~zZx\mubnki? t=0.2s
TIGHT n=14 m=59 tag=perturb g6=Mm]Q|sV]~irMm^th_ t=0.2s
TIGHT n=14 m=66 tag=perturb g6=M~}Jkz|]~|sK~|Pn_ t=0.2s
TIGHT n=14 m=59 tag=perturb g6=Mnn|nqzNZR\fJA\m? t=0.2s
TIGHT n=14 m=66 tag=perturb g6=Mj^^t|m}mvfr}~j__ t=0.3s
TIGHT n=14 m=70 tag=perturb g6=MT}}\{^^t~ll~}\v_ t=0.7s
TIGHT n=14 m=68 tag=perturb g6=Mt}mTt\zty|t~~{~? t=0.2s
TIGHT n=14 m=59 tag=perturb g6=Mz~xHLg~^tjvLPYr_ t=0.2s
TIGHT n=14 m=71 tag=perturb g6=Mzz~~}FtnY^}i~fz_ t=0.2s
TIGHT n=14 m=69 tag=perturb g6=M\e]~n~lnnX|~vql_ t=0.2s
TIGHT n=14 m=61 tag=perturb g6=MzNJ{]jE{VX^yn\n_ t=0.2s
TIGHT n=14 m=70 tag=perturb g6=Mn}VVnv~^}{ru~xm? t=0.3s
TIGHT n=14 m=61 tag=perturb g6=Mz^B}Pk^n~}ndKwr_ t=0.3s
TIGHT n=14 m=57 tag=perturb g6=MmN\~~BTr`^wA^ur? t=0.2s
TIGHT n=14 m=59 tag=perturb g6=MvT\v]D^qqhn^uUr_ t=0.4s
TIGHT n=14 m=60 tag=perturb g6=Mx~]fkItyB^YlLz~_ t=0.3s
TIGHT n=14 m=57 tag=perturb g6=MI~{uZyMC}et}]}E_ t=0.2s
TIGHT n=14 m=73 tag=perturb g6=Mlt^~Mz~|z|~\|~b_ t=0.9s
TIGHT n=14 m=70 tag=perturb g6=M|v~n~n~}z]bt|Ws_ t=0.3s
TIGHT n=14 m=68 tag=perturb g6=Mcv}z~^n^Y~Hr}Z^_ t=0.2s
TIGHT n=14 m=70 tag=perturb g6=Mz~se{^~j}}F~vn{_ t=0.6s
TIGHT n=14 m=63 tag=perturb g6=MyZQ|t^~~Vaiknzz? t=0.2s
TIGHT n=14 m=56 tag=perturb g6=MUv]XsyqFqZRm{~N? t=0.2s
TIGHT n=14 m=63 tag=perturb g6=M{|mzZ~]n|uzQlML? t=0.2s
TIGHT n=14 m=64 tag=perturb g6=Mx|}fmV~{JUve\Vn_ t=0.2s
TIGHT n=14 m=65 tag=perturb g6=M^~]NF[o|}n~Fx~F_ t=0.3s
TIGHT n=14 m=68 tag=perturb g6=Mfn`v{~xhzlvv~~F_ t=0.2s
TIGHT n=14 m=62 tag=perturb g6=MvjvFuntxEf|\zqx_ t=0.3s
TIGHT n=14 m=73 tag=perturb g6=M^~^~zxrW~q~}~Vv_ t=0.6s
TIGHT n=14 m=61 tag=perturb g6=Mu{l~yn~TVV~LDQF_ t=0.2s
TIGHT n=14 m=60 tag=perturb g6=MN{v{k{r~[gZUyNv_ t=0.3s
TIGHT n=14 m=60 tag=perturb g6=Mm]B[^sZeZfw~|y^_ t=0.2s
TIGHT n=14 m=71 tag=perturb g6=Mz}~E\^~j}b^^~n{_ t=0.6s
TIGHT n=14 m=63 tag=perturb g6=Mvc}r|pFrM^}dt}~_ t=0.2s
TIGHT n=14 m=66 tag=perturb g6=M~jn|JxxD~b|w~ny_ t=0.3s
TIGHT n=14 m=66 tag=perturb g6=M|vuFjf~rb}ft}|{_ t=0.3s
TIGHT n=14 m=52 tag=perturb g6=MRmwNzL~wZwcTMd[? t=0.2s
TIGHT n=14 m=64 tag=perturb g6=Mfy^}jP|^u~Tx}jk_ t=0.3s
TIGHT n=14 m=60 tag=perturb g6=Mz^B}Pm^ny}ndKwr_ t=0.2s
TIGHT n=14 m=74 tag=perturb g6=MvV~~v~V}R}~}xVv_ t=1.0s
TIGHT n=14 m=63 tag=perturb g6=MV~~^zVztWyx]c\t? t=0.3s
TIGHT n=14 m=72 tag=perturb g6=Mr{z^Tm||}~n^~zt_ t=0.2s
TIGHT n=14 m=65 tag=perturb g6=MVNZZR^~r{|~LvMv? t=0.2s
TIGHT n=14 m=71 tag=perturb g6=M\u]]~~Iv|r~^m~^_ t=0.2s
TIGHT n=14 m=63 tag=perturb g6=M~|FnBm}vpzlaNy~? t=0.3s
TIGHT n=14 m=61 tag=perturb g6=M]JV}nd~|S~yV\pY? t=0.2s
TIGHT n=14 m=55 tag=perturb g6=MDvQOn}rVzktxinQ_ t=0.1s
TIGHT n=14 m=51 tag=perturb g6=Me}tYtIYS|xoyxIm? t=0.1s
TIGHT n=14 m=72 tag=perturb g6=M}^|}~}j~{yZx}nx_ t=0.3s
TIGHT n=14 m=63 tag=perturb g6=Mmeh~nxtzGvtfL~n_ t=0.2s
TIGHT n=14 m=75 tag=perturb g6=Mvv]^v~~v|~~}lV[_ t=0.9s
TIGHT n=14 m=61 tag=perturb g6=Mz^F}ZK^mz}nc[wr_ t=0.3s
TIGHT n=14 m=63 tag=perturb g6=MNh?~~l|Uzr~|~MK_ t=0.2s
TIGHT n=14 m=67 tag=perturb g6=MWn}\vlNv^nv~yRz? t=0.2s
TIGHT n=14 m=60 tag=perturb g6=Mrf|V]D\pfDn^umz_ t=0.2s
TIGHT n=14 m=60 tag=perturb g6=M~m~tqnqhqFyJU~N? t=0.5s
TIGHT n=14 m=62 tag=perturb g6=MkyY^v|v\vjxVzYo_ t=0.1s
TIGHT n=14 m=63 tag=perturb g6=Mr[\npxvunmbv{|y_ t=0.4s
TIGHT n=14 m=71 tag=perturb g6=M~~Yzs\~|~Vm{^zf_ t=0.5s
TIGHT n=14 m=70 tag=perturb g6=M}z^g|\nyzxnl^v~_ t=0.3s
TIGHT n=14 m=66 tag=perturb g6=M~~vc^zeNl^r^mer_ t=0.3s
TIGHT n=14 m=68 tag=perturb g6=Mj~mnwdn]~vZ{q~}_ t=0.3s
TIGHT n=14 m=62 tag=perturb g6=Mnl}~Few}~}hxaX^? t=0.2s
TIGHT n=14 m=56 tag=perturb g6=MXR[cgSYlw~~h~~w_ t=0.2s
TIGHT n=14 m=65 tag=perturb g6=Mn\~nl^zxY|vmle[? t=0.2s
TIGHT n=14 m=69 tag=perturb g6=MZ{^~J{z|~znV^^E_ t=0.2s
TIGHT n=14 m=58 tag=perturb g6=M[wD^zJt~f[]ft]u? t=0.2s
TIGHT n=14 m=70 tag=perturb g6=M{Tznv]~~Vmv~z\T_ t=0.6s
TIGHT n=14 m=64 tag=perturb g6=MyzZ\rvV^|yXRj^V_ t=0.5s
TIGHT n=14 m=70 tag=perturb g6=M~~{\zQ^|~jw^X~~? t=0.3s
TIGHT n=14 m=63 tag=perturb g6=MVNZXR^~r{lZlf^}? t=0.3s
TIGHT n=14 m=61 tag=perturb g6=MZyz}~FfT~jYN{sY? t=0.1s
TIGHT n=14 m=64 tag=perturb g6=Mm\El|bmvt~~~MD|_ t=0.3s
TIGHT n=14 m=53 tag=perturb g6=M\YodvVpsUesRc~n_ t=0.1s
TIGHT n=14 m=62 tag=perturb g6=Mm\El|buvt~~f^Dk_ t=0.2s
TIGHT n=14 m=53 tag=perturb g6=MjNBwUJE{VHZwn|n? t=0.2s
TIGHT n=14 m=60 tag=perturb g6=MTTnS^in{vruvmtL_ t=0.2s
TIGHT n=14 m=59 tag=perturb g6=MnuOeq~aX|br}vN~? t=0.3s
TIGHT n=14 m=59 tag=perturb g6=MPnW~~L|Vzp^XtMK_ t=0.2s
TIGHT n=14 m=64 tag=perturb g6=Mey^~jr|~uzu|kik? t=0.2s
TIGHT n=14 m=60 tag=perturb g6=Mjnm}lLQg\qJvmv~_ t=0.2s
TIGHT n=14 m=68 tag=perturb g6=MNMlv~v^^zrzVp~L_ t=0.3s
TIGHT n=14 m=59 tag=perturb g6=MF\P~stUazVV~XY~_ t=0.1s
TIGHT n=14 m=55 tag=perturb g6=My}|Rrj}~Gj?vhmE? t=0.2s
TIGHT n=14 m=64 tag=perturb g6=Ml^~luD~~Cmv^rUN_ t=0.3s
TIGHT n=14 m=65 tag=perturb g6=MB{jzr{|j^~nvH}f_ t=0.2s
TIGHT n=14 m=58 tag=perturb g6=Mu]sL`ommMJv~v|Z_ t=0.2s
TIGHT n=14 m=65 tag=perturb g6=MA~m~|uqhXz^v}~Z? t=0.2s
TIGHT n=14 m=62 tag=perturb g6=Mv~[hfS~v}qnsrby_ t=0.3s
TIGHT n=14 m=52 tag=perturb g6=MuBXmnMU\~aVSu{B? t=0.1s
TIGHT n=14 m=62 tag=perturb g6=Mqr^]UVil~ncR\n~_ t=0.5s
TIGHT n=14 m=55 tag=perturb g6=MMHL}XLz~mmrF]bD_ t=0.2s
TIGHT n=14 m=69 tag=perturb g6=Mu}V~mztvvh~R^V~? t=0.3s
TIGHT n=14 m=63 tag=perturb g6=Mvtt|R~{Mt~Puivj_ t=0.2s
TIGHT n=14 m=64 tag=perturb g6=Msz\Y}yb~~jWvV^y_ t=0.6s
TIGHT n=14 m=67 tag=perturb g6=Mf~~z||Z^ex]i[N~? t=0.7s
TIGHT n=14 m=55 tag=perturb g6=Mx~yrVMxK^nYecQJ_ t=0.2s
TIGHT n=14 m=56 tag=perturb g6=M~mKlZNwfe}wNozF? t=0.1s
TIGHT n=14 m=61 tag=perturb g6=MnnV~}qRnivf]s{O_ t=0.3s
TIGHT n=14 m=66 tag=perturb g6=M~v{~m~Xp\\rr|Y\_ t=0.5s
TIGHT n=14 m=61 tag=perturb g6=MziU@^|F~zvnm[h\_ t=0.2s
TIGHT n=14 m=70 tag=perturb g6=M|n\b~b~l|t~\}\|_ t=0.5s
TIGHT n=14 m=68 tag=perturb g6=Mvvrfzfu~Q~}hzm~? t=0.3s
TIGHT n=14 m=71 tag=perturb g6=M~mxvjn}n\]~rF~v_ t=0.6s
TIGHT n=14 m=62 tag=perturb g6=Mv|n~ofyb~r||`s`_ t=0.2s
TIGHT n=14 m=65 tag=perturb g6=Mn}u~nB~^u{b}sxm? t=0.2s
TIGHT n=14 m=67 tag=perturb g6=M{}V~m^`uV|~e^V~? t=0.6s
TIGHT n=14 m=62 tag=perturb g6=MZ|eCT~\XNIt~|~|_ t=0.3s
TIGHT n=14 m=69 tag=perturb g6=Mv|~yxw|]~z^~wrd_ t=0.3s
TIGHT n=14 m=65 tag=perturb g6=M~~zn^rlS]j|puL{_ t=0.3s
TIGHT n=14 m=63 tag=perturb g6=Mfu~avpR}Z~~aq~R_ t=0.2s
TIGHT n=14 m=66 tag=perturb g6=M|NbxVd}fnzn|~wu_ t=0.2s
TIGHT n=14 m=63 tag=perturb g6=MbVzFvuh\yLN~}zl_ t=0.2s
TIGHT n=14 m=60 tag=perturb g6=Mgjvg^R}|Vwvi]x^_ t=0.2s
TIGHT n=14 m=60 tag=perturb g6=MxZV|fnnmvaqkfxJ_ t=0.3s
TIGHT n=14 m=64 tag=perturb g6=MUn{^J~r\S{~v|zk? t=0.3s
TIGHT n=14 m=69 tag=perturb g6=MZ~Vf~n[N]]j}Z|~_ t=0.2s
TIGHT n=14 m=63 tag=perturb g6=MjtBu~k]Y|v}~][|? t=0.3s
TIGHT n=14 m=58 tag=perturb g6=Mx]vk[z}Be{m}iI~? t=0.2s
TIGHT n=14 m=72 tag=perturb g6=M~~]u[}nn|~v~Zkn? t=1.1s
TIGHT n=14 m=64 tag=perturb g6=M~~Yj~qmMOn~vfsx_ t=0.5s
TIGHT n=14 m=73 tag=perturb g6=M|~|{nR^~v^|}ltn_ t=0.6s
TIGHT n=14 m=77 tag=perturb g6=MJ~~nh~yj~|~~^|~_ t=0.3s
TIGHT n=14 m=71 tag=perturb g6=M]\{~kT~~~n\v|u~? t=0.7s
TIGHT n=14 m=65 tag=perturb g6=MFC^n^Z}|w~~~T\e_ t=0.2s
TIGHT n=14 m=57 tag=perturb g6=MnhLudgOnV^vUflv_ t=0.2s
TIGHT n=14 m=67 tag=perturb g6=MftN]Jrf\~z~Vnuv_ t=0.2s
TIGHT n=14 m=62 tag=perturb g6=Mnl}nFew]~}hzeX^? t=0.3s
TIGHT n=14 m=64 tag=perturb g6=MsR~vy||~zZhtF~C_ t=0.2s
TIGHT n=14 m=57 tag=perturb g6=MoFUhv~Z}vaqknjZ? t=0.1s
TIGHT n=14 m=72 tag=perturb g6=M~zn}~zlzm^Y^ZZz_ t=0.7s
TIGHT n=14 m=70 tag=perturb g6=Mn\~{Vvvmj^}}rvr_ t=1.0s
TIGHT n=14 m=63 tag=perturb g6=M~~nn[D~p|RlzyPh_ t=0.3s
TIGHT n=14 m=66 tag=perturb g6=MhLuyF~D}sN~}~~n_ t=0.3s
TIGHT n=14 m=60 tag=perturb g6=M|{kwN}Hpydvts~v_ t=0.2s
TIGHT n=14 m=58 tag=perturb g6=MZstvxNiVvVHb|H~? t=0.2s
TIGHT n=14 m=67 tag=perturb g6=My}VvLvkzr~jcn~}_ t=0.3s
TIGHT n=14 m=68 tag=perturb g6=Mxn}n|~jueZZ}r^N_ t=0.5s
TIGHT n=14 m=68 tag=perturb g6=M~~]q[}nn~fvnXkn? t=0.5s
TIGHT n=14 m=68 tag=perturb g6=Mfu~yZv^v}j}^NlX_ t=0.2s
TIGHT n=14 m=57 tag=perturb g6=MeQ\}uon~tzYoEV~? t=0.2s
TIGHT n=14 m=65 tag=perturb g6=M^d|f|^fYzN~ehzv? t=0.5s
TIGHT n=14 m=55 tag=perturb g6=M`\}BQ\R}^dTcY~|_ t=0.1s
TIGHT n=14 m=60 tag=perturb g6=MhqzH{\pepvt~|{z_ t=0.4s
TIGHT n=14 m=76 tag=perturb g6=M~n~]}}~X~~i}m~}_ t=0.8s
TIGHT n=14 m=66 tag=perturb g6=M~v~|^rV]|^|rQpY? t=0.2s
TIGHT n=14 m=64 tag=perturb g6=Ms~N~z~~SzRndDUf_ t=0.2s
TIGHT n=14 m=54 tag=perturb g6=M{AN\fM{^rqtrHuN? t=0.2s
TIGHT n=14 m=62 tag=perturb g6=MNJEzs|}|~n^dnQ]? t=0.3s
TIGHT n=14 m=65 tag=perturb g6=M}wJ^nvvNlWXV}~v_ t=0.2s
TIGHT n=14 m=73 tag=perturb g6=MTNn|nv^~~z~p|~N? t=0.4s
TIGHT n=14 m=67 tag=perturb g6=Mm}}lfJ|~VBt}~^N_ t=0.3s
TIGHT n=14 m=57 tag=perturb g6=MinoZ^dm}~iPLZNR_ t=0.2s
TIGHT n=14 m=72 tag=perturb g6=Mz~vny~wYVn\~~}|? t=0.3s
TIGHT n=14 m=64 tag=perturb g6=MzZrNqF~~N\tm^hr_ t=0.2s
TIGHT n=14 m=66 tag=perturb g6=Mv~N~zNN|[h|}kP~? t=0.2s
TIGHT n=14 m=60 tag=perturb g6=M~uqmrD}jt^QZno}_ t=0.3s
TIGHT n=14 m=67 tag=perturb g6=M~z|~Md}^^~OIzvx_ t=0.2s
TIGHT n=14 m=74 tag=perturb g6=Mfj}m~ejnv}~v~~^_ t=0.3s
TIGHT n=14 m=65 tag=perturb g6=Mi|mZ~vvVI}y^ve^? t=0.2s
TIGHT n=14 m=68 tag=perturb g6=MY~mM]nzxf{vz~}t_ t=0.2s
TIGHT n=14 m=56 tag=perturb g6=M}Ihb}~bxUyNKV{]? t=0.2s
TIGHT n=14 m=57 tag=perturb g6=M[}}|JRvGj\~D|_Z_ t=0.2s
TIGHT n=14 m=60 tag=perturb g6=M]NnfB|~J~t`}Kwt_ t=0.2s
TIGHT n=14 m=62 tag=perturb g6=Mn}{nsPrp~zmb|p|? t=0.5s
TIGHT n=14 m=61 tag=perturb g6=M~k\|qnqhyZzJU~N? t=0.5s
TIGHT n=14 m=72 tag=perturb g6=M}~\jZe~n~n}vm\n_ t=0.6s
TIGHT n=14 m=72 tag=perturb g6=MjTvi^b~~vr^v~~z_ t=0.2s
TIGHT n=14 m=61 tag=perturb g6=MZ~oDzznt}Mv\RxR_ t=0.3s
TIGHT n=14 m=73 tag=perturb g6=M~uz~~nkrf~|ln\v_ t=0.4s
TIGHT n=14 m=63 tag=perturb g6=Mey]|Nb|~Uzu{kvu_ t=0.2s
TIGHT n=14 m=66 tag=perturb g6=M~rVnazn]z}nL|}q? t=0.2s
TIGHT n=14 m=57 tag=perturb g6=Mu{nwweWg^~~[hVy? t=0.2s
TIGHT n=14 m=65 tag=perturb g6=M~b^|ev^a~~NFjfw_ t=0.6s
TIGHT n=14 m=66 tag=perturb g6=MuxLVZzy^vz]q~nl_ t=0.3s
TIGHT n=14 m=65 tag=perturb g6=MNnzful}tr}r}gn{_ t=0.2s
TIGHT n=14 m=67 tag=perturb g6=MF~yN}u]jnN}^j~[_ t=0.2s
TIGHT n=14 m=62 tag=perturb g6=MmnNIzieNulzlL~n_ t=0.2s
TIGHT n=14 m=62 tag=perturb g6=MC^n^nfyh\z^B{zv? t=0.2s
TIGHT n=14 m=57 tag=perturb g6=MV~ZL^mnDMPwLk~Z? t=0.1s
TIGHT n=14 m=66 tag=perturb g6=M^nb|u}Z{~^Z[zZy? t=0.5s
TIGHT n=14 m=56 tag=perturb g6=MvvRzrzShh}O}tBi_ t=0.2s
TIGHT n=14 m=66 tag=perturb g6=Mn~Qv{xy|mUs~}~Y_ t=0.3s
TIGHT n=14 m=61 tag=perturb g6=Mtqz}R^}jt^UDYny_ t=0.2s
TIGHT n=14 m=73 tag=perturb g6=M^^VvfzVnn}n~^r}_ t=0.6s
TIGHT n=14 m=66 tag=perturb g6=MzmMek~~zj}vrYuv_ t=0.2s
TIGHT n=14 m=71 tag=perturb g6=M||{x~\}|vZ~~rLn? t=0.7s
TIGHT n=14 m=73 tag=perturb g6=M{~{V|l|n}r~zu~z_ t=0.5s
TIGHT n=14 m=63 tag=perturb g6=MNnF\rE\yh|~]vrz_ t=0.1s
TIGHT n=14 m=61 tag=perturb g6=M~X~F|yWFZrrM~h{_ t=0.3s
TIGHT n=14 m=61 tag=perturb g6=M~W\UJ|N]}fQM]}~_ t=0.2s
TIGHT n=14 m=61 tag=perturb g6=MNYuNlxo|M}~|ZYt_ t=0.2s
TIGHT n=14 m=68 tag=perturb g6=Mv|^ZV]~r~|VLvMv? t=0.3s
TIGHT n=14 m=78 tag=perturb g6=M|n]vn^l~~^n}~^~_ t=0.6s
TIGHT n=14 m=65 tag=perturb g6=Mv}x`J^}j{uw}~u|_ t=0.2s
TIGHT n=14 m=70 tag=perturb g6=M~V{|d~~d^li~zrn_ t=0.5s
TIGHT n=14 m=54 tag=perturb g6=MGJtsTI^~XqnznI]? t=0.2s
TIGHT n=14 m=57 tag=perturb g6=MWW]zeu^v]\zO}ff? t=0.2s
TIGHT n=14 m=69 tag=perturb g6=M~~}{TxN~r^}Z|`n_ t=0.5s
TIGHT n=14 m=64 tag=perturb g6=M~yp~bt~\ONVtzZ^_ t=0.3s
TIGHT n=14 m=67 tag=perturb g6=MJR^nZtT~}vvfn|m_ t=0.7s
TIGHT n=14 m=73 tag=perturb g6=M]z|tn~t~z^wzjv~_ t=0.6s
TIGHT n=14 m=51 tag=perturb g6=M@elB|dIVim]julx? t=0.1s
TIGHT n=14 m=63 tag=perturb g6=Mh}|}vH}tri^ex~k_ t=0.2s
TIGHT n=14 m=65 tag=perturb g6=Msu~]rvsm~~~VP~c? t=0.3s
TIGHT n=14 m=66 tag=perturb g6=M~NbxVcif|zn|~y}_ t=0.6s
TIGHT n=14 m=68 tag=perturb g6=M}y|n|qlU~s\^~F~_ t=0.7s
TIGHT n=14 m=61 tag=perturb g6=M}{nwzeWk^~~[h^w? t=0.2s
TIGHT n=14 m=64 tag=perturb g6=Mm]^zzl]VJkV{^xz_ t=0.3s
TIGHT n=14 m=63 tag=perturb g6=M]t]dZ~~Wnne\Mxv_ t=0.3s
TIGHT n=14 m=64 tag=perturb g6=M~~{sje~bj}~t]nA? t=0.2s
TIGHT n=14 m=65 tag=perturb g6=MW~mM]nzxfsun~mv_ t=0.3s
TIGHT n=14 m=60 tag=perturb g6=M}q?m^Z|{M}|vWvl_ t=0.2s
TIGHT n=14 m=63 tag=perturb g6=M~~VnlmJV~pR]seV_ t=0.3s
TIGHT n=14 m=66 tag=perturb g6=M{}^M~m~}z]rv{G{_ t=0.2s
TIGHT n=14 m=63 tag=perturb g6=M`^B|Zjz}fnrzMv}? t=0.2s
TIGHT n=14 m=54 tag=perturb g6=M~XQjtKukPyZ}Tu]? t=0.2s
TIGHT n=14 m=63 tag=perturb g6=MD|Nl|z}t|RzRen}? t=0.2s
TIGHT n=14 m=76 tag=perturb g6=Mn}~}tv~vzntyzv~_ t=0.3s
TIGHT n=14 m=65 tag=perturb g6=MNhl^|nzFMn^ryvv? t=0.2s
TIGHT n=14 m=62 tag=perturb g6=MluL|yuL~CmBn}~~? t=0.2s
TIGHT n=14 m=60 tag=perturb g6=Mj\pndbtV}yxUmr^_ t=0.2s
TIGHT n=14 m=60 tag=perturb g6=MvwMn~|uZfdhSv\i_ t=0.2s
TIGHT n=14 m=70 tag=perturb g6=MvzN~Uui~~{n^xuz_ t=0.3s
TIGHT n=14 m=63 tag=perturb g6=Mr{}z}~{ru|~u_Z__ t=0.3s
TIGHT n=14 m=60 tag=perturb g6=MJslvwbvVu}Mb}r~? t=0.2s
TIGHT n=14 m=52 tag=perturb g6=MYF^|NNgzMdPSR]h_ t=0.2s
TIGHT n=14 m=74 tag=perturb g6=Mhn|^|~~Zpnmv~v~_ t=0.5s
TIGHT n=14 m=69 tag=perturb g6=Mzhg^N~~xrn{~z~b_ t=0.5s
TIGHT n=14 m=54 tag=perturb g6=MzM]EY`lrDUT}P~z_ t=0.2s
TIGHT n=14 m=73 tag=perturb g6=Mjz~]~nsn~^zZnlv_ t=0.3s
TIGHT n=14 m=66 tag=perturb g6=MZ^f~|[qM~mZn~mM_ t=0.4s
TIGHT n=14 m=69 tag=perturb g6=MXkNv^~~knwz^m^~_ t=0.3s
TIGHT n=14 m=52 tag=perturb g6=M~z[NYFwc~YhFIea_ t=0.2s
TIGHT n=14 m=68 tag=perturb g6=Mz~^zz~h}via}nxN? t=0.3s
TIGHT n=14 m=67 tag=perturb g6=MVNNz^s^N~z~v|QN? t=0.3s
TIGHT n=14 m=61 tag=perturb g6=MvjXPZ{w\\~}F~n`_ t=0.2s
TIGHT n=14 m=65 tag=perturb g6=M}ZBn~~~ZNfitNX|? t=0.3s
TIGHT n=14 m=66 tag=perturb g6=MSn~^Dsj}\nlv~rv_ t=0.4s
TIGHT n=14 m=66 tag=perturb g6=MZNbxVc}f|zn|~y}_ t=0.5s
TIGHT n=14 m=63 tag=perturb g6=M}i|t~f[qN^vA^}n? t=0.3s
TIGHT n=14 m=58 tag=perturb g6=MNzjsV|iwXx~qzNW? t=0.2s
TIGHT n=14 m=76 tag=perturb g6=MP}~~~}||~zjZvv~_ t=0.3s
TIGHT n=14 m=53 tag=perturb g6=Mc~XsV{i|?r^Uw~g? t=0.1s
TIGHT n=14 m=63 tag=perturb g6=Meu}YZurU~{~VXn{_ t=0.3s
TIGHT n=14 m=55 tag=perturb g6=Mu]cL`cEnjXb~v|Z_ t=0.2s
TIGHT n=14 m=65 tag=perturb g6=MwylzfnY~np]p~l|_ t=0.6s
TIGHT n=14 m=67 tag=perturb g6=Mz}}^ndif^\umvxz_ t=0.3s
TIGHT n=14 m=72 tag=perturb g6=M|~~}~|^np^lvlti_ t=0.7s
TIGHT n=14 m=49 tag=perturb g6=MS@jiJHgz^^cI_n~_ t=0.1s
TIGHT n=14 m=68 tag=perturb g6=MvZ\y~{n~~jYUV\v_ t=0.5s
TIGHT n=14 m=69 tag=perturb g6=Mk~x~Nt^}{}juvf^_ t=0.6s
TIGHT n=14 m=58 tag=perturb g6=MJr^}}ffrn}HwYX[? t=0.1s
TIGHT n=14 m=49 tag=perturb g6=MUJ}HlC~kBij`hjJ_ t=0.2s
TIGHT n=14 m=61 tag=perturb g6=MVczn||VWzN~ehjt? t=0.3s
TIGHT n=14 m=71 tag=perturb g6=M~~~r^a~x~mix^uz_ t=0.1s
TIGHT n=14 m=67 tag=perturb g6=Mn~tzv}z|uNlle|K_ t=0.3s
TIGHT n=14 m=66 tag=perturb g6=MZ{^~H{zx~znV\^M? t=0.3s
TIGHT n=14 m=60 tag=perturb g6=Mb~]u]}fh|Zf^pGn? t=0.2s
TIGHT n=14 m=72 tag=perturb g6=MTz|~^yrn}T~~zv{_ t=0.2s
TIGHT n=14 m=62 tag=perturb g6=M~^NX|dYnteUj~~Q? t=0.1s
TIGHT n=14 m=53 tag=perturb g6=Me^DKAoEnfXb~v|Z_ t=0.1s
TIGHT n=14 m=63 tag=perturb g6=Myln]~Meb|~Yuiny_ t=0.1s
TIGHT n=14 m=65 tag=perturb g6=Mx~\Zz~h}via}nxN? t=0.6s
TIGHT n=14 m=66 tag=perturb g6=Mxrh^^fjo^~z~}fs_ t=0.3s
TIGHT n=14 m=63 tag=perturb g6=Mj~\~[ff|qjAfv^j_ t=0.2s
TIGHT n=14 m=53 tag=perturb g6=MEvzTX[hjwfp`TF~_ t=0.5s
TIGHT n=14 m=68 tag=perturb g6=MNq}~|xr{]}u~Z}v? t=0.2s
TIGHT n=14 m=64 tag=perturb g6=M}uv]vqNY|jhybn~_ t=0.5s
TIGHT n=14 m=66 tag=perturb g6=M\kY~|vLbzju^m^~_ t=0.2s
TIGHT n=14 m=63 tag=perturb g6=MYg{^\^{Zzyx|yf|_ t=0.3s
TIGHT n=14 m=70 tag=perturb g6=Mx~ZNthr~jzz~||y_ t=0.3s
TIGHT n=14 m=67 tag=perturb g6=Mn}zmnXPtgvNv~|~_ t=0.2s
TIGHT n=14 m=67 tag=perturb g6=MN~^|ycvfz~vV{vs? t=0.1s
TIGHT n=14 m=75 tag=perturb g6=M}~znvz^~tn~||lN? t=0.3s
TIGHT n=14 m=74 tag=perturb g6=M}~~~]f^ujn~Vv{z_ t=0.7s
TIGHT n=14 m=65 tag=perturb g6=MJ~^^rkzMYN\^n|v? t=0.2s
TIGHT n=14 m=64 tag=perturb g6=Ml~}ltVvr~}prfjE? t=0.3s
TIGHT n=14 m=67 tag=perturb g6=Mm|{}uV~vZntqtfz_ t=0.3s
TIGHT n=14 m=68 tag=perturb g6=M}zN|Vvv^|wXUm~v_ t=0.5s
TIGHT n=14 m=69 tag=perturb g6=M{ym~vb^~~yj}vn[? t=0.3s
TIGHT n=14 m=63 tag=perturb g6=ML|y|~tx}M}ixrZ]? t=0.2s
TIGHT n=14 m=60 tag=perturb g6=Mx~q^v}\L^^]EkON_ t=0.5s
TIGHT n=14 m=71 tag=perturb g6=MmzB~~~f^~z||E^x_ t=0.4s
TIGHT n=14 m=65 tag=perturb g6=M{tM~{~n^~mfnRd[? t=0.2s
TIGHT n=14 m=62 tag=perturb g6=MNHfX~vRf~xZ^S}V_ t=0.2s
TIGHT n=14 m=50 tag=perturb g6=MF~yLXmdB[PwlKmr? t=0.1s
TIGHT n=14 m=60 tag=perturb g6=M^}Jn}cxsZR^]uzY? t=0.3s
TIGHT n=14 m=66 tag=perturb g6=McuvZ~^~^y~Hv{TZ_ t=0.2s
TIGHT n=14 m=63 tag=perturb g6=M|NbxVc}fkzn|~wu_ t=0.1s
TIGHT n=14 m=64 tag=perturb g6=M}u}l^KPxn}~nyJu_ t=0.3s
TIGHT n=14 m=62 tag=perturb g6=Mx]yf}^EyZ}f~Of}_ t=0.1s
TIGHT n=14 m=65 tag=perturb g6=Mqn\~hd~q|y~tMvN_ t=0.1s
TIGHT n=14 m=59 tag=perturb g6=Mi^ye]VB|ZVmdV|f_ t=0.2s
TIGHT n=14 m=76 tag=perturb g6=M^~\vz|~rZf^|~~v_ t=0.3s
TIGHT n=14 m=53 tag=perturb g6=MF\uNsVQByRR`X~^_ t=0.2s
TIGHT n=14 m=66 tag=perturb g6=MlnDbnZ~l|t~^e||? t=0.3s
TIGHT n=14 m=67 tag=perturb g6=Mh~q^V}xvZ{nq~zt_ t=0.3s
TIGHT n=14 m=59 tag=perturb g6=MQN{yy@|znyFtt}n? t=0.3s
TIGHT n=14 m=64 tag=perturb g6=MWn{ZvlNvXnv~yrj? t=0.2s
TIGHT n=14 m=68 tag=perturb g6=M~~~j~npNx{d~Tmb_ t=0.3s
TIGHT n=14 m=65 tag=perturb g6=M|{mxD}zv~||YuZd_ t=0.5s
TIGHT n=14 m=65 tag=perturb g6=M\urVXmTzz\~f^nZ_ t=0.3s
TIGHT n=14 m=61 tag=perturb g6=Mvn[rtmWF~^Lj^lF_ t=0.3s
TIGHT n=14 m=61 tag=perturb g6=Mi~uy}~zjqJ||K{__ t=0.2s
TIGHT n=14 m=71 tag=perturb g6=M|xu~~yT}znYy}~^_ t=0.3s
TIGHT n=14 m=77 tag=perturb g6=M~m~vV^nzz}m|~~n_ t=0.2s
TIGHT n=14 m=53 tag=perturb g6=Msl^RrgA}|rd^JUT? t=0.2s
TIGHT n=14 m=66 tag=perturb g6=MxvvtMnnUt~|jvvB_ t=0.4s
TIGHT n=14 m=56 tag=perturb g6=MWn\YzL^fXlfjQrj? t=0.2s
TIGHT n=14 m=72 tag=perturb g6=Me~vyln|~vx~v]uv_ t=0.5s
TIGHT n=14 m=79 tag=perturb g6=M}y}~~}~}|\v^~~}_ t=0.2s
TIGHT n=14 m=63 tag=perturb g6=MA~n|l}q@Xv^v}~Z? t=0.3s
TIGHT n=14 m=67 tag=perturb g6=MvF}ny^F^qF|zx|~_ t=0.3s
TIGHT n=14 m=60 tag=perturb g6=Mxmdfx~YB^tpVtzv? t=0.3s
TIGHT n=14 m=56 tag=perturb g6=MzFJ{]JMsUX^qf^l_ t=0.4s
TIGHT n=14 m=74 tag=perturb g6=MZ~Y~~~~zxzt|l^t_ t=0.3s
TIGHT n=14 m=60 tag=perturb g6=Me|{~qR~vZfuovcU_ t=0.3s
TIGHT n=14 m=61 tag=perturb g6=M]vmVNSq{tn~F^}d? t=0.2s
TIGHT n=14 m=68 tag=perturb g6=Mn|{xg[ZL~~~n}~j? t=0.4s
TIGHT n=14 m=56 tag=perturb g6=Mg^rnuGtyB]Qh\z~_ t=0.3s
TIGHT n=14 m=56 tag=perturb g6=Mc~lMRplUB~NlBz}? t=0.2s
TIGHT n=14 m=56 tag=perturb g6=MzV^eiROUr~}i^c\? t=0.1s
TIGHT n=14 m=65 tag=perturb g6=Mp[VNtpVuvz|~||y_ t=0.3s
TIGHT n=14 m=63 tag=perturb g6=M^]\yK]~dNV~Flq~_ t=0.6s
TIGHT n=14 m=64 tag=perturb g6=M}hzp|J\z\~|A^}v? t=0.4s
TIGHT n=14 m=59 tag=perturb g6=MvnV}muX~sfHGix~? t=0.1s
TIGHT n=14 m=55 tag=perturb g6=MLNG^^WgYLk}][~v_ t=0.2s
TIGHT n=14 m=59 tag=perturb g6=MtLsmi[|V~m]U^]m? t=0.1s
TIGHT n=14 m=68 tag=perturb g6=M]~\jZenn~r{nm\n_ t=0.8s
TIGHT n=14 m=70 tag=perturb g6=Mf^~PXN~v|~^Nz}r_ t=0.7s
TIGHT n=14 m=74 tag=perturb g6=MS~~~|~v|^^nNj{~? t=0.2s
TIGHT n=14 m=69 tag=perturb g6=Mm^w~^hy}f[mv~~}_ t=0.2s
TIGHT n=14 m=62 tag=perturb g6=Mc~kZ|UnO~~f~[R\_ t=0.2s
TIGHT n=14 m=62 tag=perturb g6=Mp[VNt`Vuvxx~||y_ t=0.2s
TIGHT n=14 m=70 tag=perturb g6=MZlz~uz~ymV}h~z{_ t=0.2s
TIGHT n=14 m=58 tag=perturb g6=Mwjfj{V^yS|Jufv[? t=0.2s
TIGHT n=14 m=54 tag=perturb g6=MKkD^zJp~fX]Vt[q? t=0.2s
TIGHT n=14 m=54 tag=perturb g6=Mx[n{K{|BesMmam~? t=0.2s
TIGHT n=14 m=68 tag=perturb g6=M]zEVRm}n^}L~}~v_ t=0.6s
TIGHT n=14 m=57 tag=perturb g6=MD|Nllz{lvrQQfmu? t=0.1s
TIGHT n=14 m=55 tag=perturb g6=Mr^}n[qn_]lkpudo_ t=0.2s
TIGHT n=14 m=64 tag=perturb g6=MqvN|Vvv^|iXUmjv_ t=0.3s
TIGHT n=14 m=60 tag=perturb g6=Mtf|Tt~}aWUh~zNb_ t=0.2s
TIGHT n=14 m=63 tag=perturb g6=M^eRf^UV^pmz\}vu_ t=0.2s
TIGHT n=14 m=59 tag=perturb g6=Ml]~~qD~~EmvWbQL_ t=0.2s
TIGHT n=14 m=57 tag=perturb g6=MXRjn]uxqNu`~vdo_ t=0.1s
TIGHT n=14 m=60 tag=perturb g6=MCbm~Vvt~xR\y~YY? t=0.1s
TIGHT n=14 m=66 tag=perturb g6=MI~V}~zu\J\~t^az_ t=0.5s
TIGHT n=14 m=59 tag=perturb g6=MYnx^[z}Jjly~DK]? t=0.3s
TIGHT n=14 m=64 tag=perturb g6=Mtv~^zV{{Wyx]k{v_ t=0.3s
TIGHT n=14 m=64 tag=perturb g6=MRb{rNt}~Xmv[~jv_ t=0.2s
TIGHT n=14 m=55 tag=perturb g6=Mv\vVvoyRNihPFw]_ t=0.2s
TIGHT n=14 m=61 tag=perturb g6=Mm]fiw~Lqti}yM~z_ t=0.2s
TIGHT n=14 m=63 tag=perturb g6=M^uzsy~rpo}jvdt~? t=0.2s
TIGHT n=14 m=55 tag=perturb g6=Mc}XsVlf|_R^Nyyy? t=0.2s
TIGHT n=14 m=69 tag=perturb g6=MzDzt~l~llszn~]}_ t=0.4s
TIGHT n=14 m=62 tag=perturb g6=MN~^uqj}vrU\Mxms_ t=0.2s
TIGHT n=14 m=63 tag=perturb g6=Mg~uMn~lvwnpfnxY_ t=0.1s
TIGHT n=14 m=65 tag=perturb g6=Mfnx~Jtuzmklb~F~_ t=0.4s
TIGHT n=14 m=68 tag=perturb g6=MA^x^^j}}rxnv~rv_ t=0.2s
TIGHT n=14 m=64 tag=perturb g6=M~jx\]{sl{vxr~b^? t=0.5s
TIGHT n=14 m=59 tag=perturb g6=MpzKeSZY~~l{L]}r_ t=0.2s
TIGHT n=14 m=64 tag=perturb g6=MVzX]{~E~~pWn]^]_ t=0.2s
TIGHT n=14 m=62 tag=perturb g6=MCVn^nnyh\z^Jszv? t=0.2s
TIGHT n=14 m=66 tag=perturb g6=Mzmz~Nn}jVc~}vUq? t=0.2s
TIGHT n=14 m=65 tag=perturb g6=Mdo}\{~]v~r}n{\[_ t=0.2s
TIGHT n=14 m=64 tag=perturb g6=MZDRF~z~^f~Tx^fX_ t=0.2s
TIGHT n=14 m=54 tag=perturb g6=MY~[uzyMCsetY]}E_ t=0.3s
TIGHT n=14 m=67 tag=perturb g6=M^h~nV~}xB|~pF}|? t=0.1s
TIGHT n=14 m=65 tag=perturb g6=Mnr|ly\z|vximeu}_ t=0.1s
TIGHT n=14 m=68 tag=perturb g6=MZu~}~uS|~}NTjVv_ t=0.2s
TIGHT n=14 m=65 tag=perturb g6=Mp~ce{^~j}}F~ve{_ t=0.3s
TIGHT n=14 m=72 tag=perturb g6=Mf~klg~m^vn~~~|v? t=0.5s
TIGHT n=14 m=66 tag=perturb g6=Mz~^}|leT^c]j^nu_ t=0.4s
TIGHT n=14 m=66 tag=perturb g6=MuMzjL}|}leln~zr_ t=0.5s
TIGHT n=14 m=67 tag=perturb g6=MnkL~vo~~umvnXf~? t=0.3s
TIGHT n=14 m=54 tag=perturb g6=M~\nW}zTelpQipBj? t=0.1s
TIGHT n=14 m=65 tag=perturb g6=MjALt}vzrN}~z~YZ_ t=0.5s
TIGHT n=14 m=66 tag=perturb g6=M\rfnw}vOuV{|~~n_ t=0.2s
TIGHT n=14 m=66 tag=perturb g6=M~r|}{~l]|tkiq~m? t=0.3s
TIGHT n=14 m=67 tag=perturb g6=M^~V~jzz~mbf]se]_ t=0.4s
TIGHT n=14 m=62 tag=perturb g6=MzY|FYT}v}eRn]yz_ t=0.6s
TIGHT n=14 m=68 tag=perturb g6=M~vtxI{~|~vNV^Uj_ t=0.5s
TIGHT n=14 m=65 tag=perturb g6=MZ]~~r|\jm\tbF}|? t=0.3s
TIGHT n=14 m=64 tag=perturb g6=M}xJ\~rv^|wCV}~T_ t=0.4s
TIGHT n=14 m=74 tag=perturb g6=M~n~^v~}um\~~tW~? t=0.5s
TIGHT n=14 m=58 tag=perturb g6=MT~FvkvncT^uheXz? t=0.1s
TIGHT n=14 m=60 tag=perturb g6=M^Mi~Pz^FeV~~_jY_ t=0.1s
TIGHT n=14 m=58 tag=perturb g6=Mp|nzsfyj{yp|Lu`? t=0.3s
TIGHT n=14 m=52 tag=perturb g6=McRnYNNwj\j^BkRo_ t=0.2s
TIGHT n=14 m=68 tag=perturb g6=Mv~~ykPnVL~~nMN~? t=0.4s
TIGHT n=14 m=65 tag=perturb g6=M\}Tyu~\~un|tC^N_ t=0.1s
TIGHT n=14 m=59 tag=perturb g6=M}gntb~L]mC|R~\h_ t=0.1s
TIGHT n=14 m=68 tag=perturb g6=M~Zkve~BjN}n~^r}_ t=0.1s
TIGHT n=14 m=56 tag=perturb g6=MYr~gNOzX^ZnT[pn? t=0.3s
TIGHT n=14 m=48 tag=perturb g6=MGJtoTI^~XqzREAN_ t=0.1s
TIGHT n=14 m=62 tag=perturb g6=M^^\iK\~sZV~^|rH? t=0.2s
TIGHT n=14 m=64 tag=perturb g6=Mv}Unyxnc~zmY^|F? t=0.3s
TIGHT n=14 m=75 tag=perturb g6=Mn~[~z^}~z|nv{{|_ t=0.7s
TIGHT n=14 m=70 tag=perturb g6=M~~]e[unv|~n~Zkn? t=0.4s
TIGHT n=14 m=63 tag=perturb g6=M{|Fnbny~prdi^y~? t=0.1s
TIGHT n=14 m=63 tag=perturb g6=M^r}^nlP|yu^nQJu_ t=0.2s
TIGHT n=14 m=69 tag=perturb g6=M^^svenRfn}n~^r}_ t=0.2s
TIGHT n=14 m=50 tag=perturb g6=MtCL\JvdnrmEoK|X? t=0.1s
TIGHT n=14 m=64 tag=perturb g6=M~m|Mf]d|E~jZ~~E? t=0.1s
TIGHT n=14 m=56 tag=perturb g6=MZhY\YDx}~qJxr\]? t=0.1s
TIGHT n=14 m=55 tag=perturb g6=MyN]FR`lpdUTmX~z_ t=0.2s
TIGHT n=14 m=67 tag=perturb g6=Mm^^nvN^^~fu]Mpr_ t=0.3s
TIGHT n=14 m=56 tag=perturb g6=MQD[yy@|zn~FttUn? t=0.2s
TIGHT n=14 m=60 tag=perturb g6=M[wl~b~\ZmB^R}\x? t=0.2s
TIGHT n=14 m=55 tag=perturb g6=McNDF]O~V~n][}\I? t=0.2s
TIGHT n=14 m=61 tag=perturb g6=M]z^tzpwlXs}{Mfz_ t=0.1s
TIGHT n=14 m=64 tag=perturb g6=M`evw~}|uB|pzu~v_ t=0.1s
TIGHT n=14 m=77 tag=perturb g6=Mnv|x}~z~vm~vm|~_ t=0.5s
TIGHT n=14 m=61 tag=perturb g6=MpL~KYv}k?vc~~~~? t=0.2s
TIGHT n=14 m=65 tag=perturb g6=MDz{}^yRn}Tv~Y~w_ t=0.3s
TIGHT n=14 m=52 tag=perturb g6=Mc~XsVwi|?rzUw~g? t=0.1s
TIGHT n=14 m=68 tag=perturb g6=Mh^z~Jt}zmk~b~F~_ t=0.2s
TIGHT n=14 m=61 tag=perturb g6=MfQ}R}zFRN^}lT~p_ t=0.5s
TIGHT n=14 m=67 tag=perturb g6=Ml~tx}Nz|uN||lsu_ t=0.4s
TIGHT n=14 m=61 tag=perturb g6=MvqFt}]VDR~y|n{m? t=0.1s
TIGHT n=14 m=56 tag=perturb g6=MJJeinUSv}{dfnRj_ t=0.1s
TIGHT n=14 m=54 tag=perturb g6=MR}|fcOlBzvmMbdz? t=0.2s
TIGHT n=14 m=78 tag=perturb g6=M~fz~zvv}Zv~~~m~? t=0.4s
TIGHT n=14 m=69 tag=perturb g6=M~N~~yV~|N]}hygz_ t=0.3s
TIGHT n=14 m=56 tag=perturb g6=MFhZ^{]sYjajYy]|_ t=0.1s
TIGHT n=14 m=64 tag=perturb g6=MnruN[w]ux~zD~N~? t=0.1s
TIGHT n=14 m=74 tag=perturb g6=Mzd}tz|~nzy~n~]}_ t=0.9s
TIGHT n=14 m=65 tag=perturb g6=MBv~~~UOvu\n}zNy? t=0.3s
TIGHT n=14 m=69 tag=perturb g6=Mnx|zt{NvptzzN~^_ t=0.7s
TIGHT n=14 m=68 tag=perturb g6=Mxz~N|^nvP|nLZz{_ t=0.4s
TIGHT n=14 m=73 tag=perturb g6=MZ~xzu~~}nV~j~ZN? t=0.3s
TIGHT n=14 m=61 tag=perturb g6=MZ{vd|fZNq~@o~x~? t=0.3s
TIGHT n=14 m=70 tag=perturb g6=Mzpqn}jv~}vRn~{}_ t=0.5s
TIGHT n=14 m=63 tag=perturb g6=Mhb~X}\ompvt~|{z_ t=0.1s
TIGHT n=14 m=62 tag=perturb g6=MIXMG^~ztNz|Tmz~_ t=0.6s
TIGHT n=14 m=66 tag=perturb g6=M~ZvznhmJMfzn~VX_ t=0.4s
TIGHT n=14 m=61 tag=perturb g6=M^E`VXMtjw\~m^~z_ t=0.1s
TIGHT n=14 m=61 tag=perturb g6=MZb~|n]mzNFTsP\n_ t=0.2s
TIGHT n=14 m=57 tag=perturb g6=M]X@qXKz~nmrn]rF_ t=0.4s
TIGHT n=14 m=75 tag=perturb g6=Mm~|x}~z~un~rd|~_ t=0.9s
TIGHT n=14 m=68 tag=perturb g6=M}~iF\^~r\N^^jn{_ t=0.3s
TIGHT n=14 m=66 tag=perturb g6=M`}Vy~ucrrf~zu~v_ t=0.3s
TIGHT n=14 m=61 tag=perturb g6=MX^U|F~vWvaqk~nZ_ t=0.1s
TIGHT n=14 m=66 tag=perturb g6=MXj|znmV|sk{|l~|_ t=0.1s
TIGHT n=14 m=67 tag=perturb g6=M|z||jf~^^vOJmvx_ t=0.1s
TIGHT n=14 m=64 tag=perturb g6=M]u~xEM\zRZ~b~^f_ t=0.1s
TIGHT n=14 m=63 tag=perturb g6=M|[tfMZ~~}T^q~Pd_ t=0.1s
TIGHT n=14 m=45 tag=perturb g6=M@`gzlD_V~MJwbDV? t=0.2s
TIGHT n=14 m=65 tag=perturb g6=M{^DH|byvt{~~}u|_ t=0.1s
TIGHT n=14 m=66 tag=perturb g6=M~un~ey}kXJzxz~p_ t=0.1s
TIGHT n=14 m=71 tag=perturb g6=MzV^~|^}}x]~uXnV_ t=0.3s
TIGHT n=14 m=61 tag=perturb g6=MBN~^|Ffnrz~u`eJ? t=0.2s
TIGHT n=14 m=64 tag=perturb g6=Mn\~ml^zxO|vmln[? t=0.2s
TIGHT n=14 m=60 tag=perturb g6=MFh?~}h|Vrr~|~MK_ t=0.2s
TIGHT n=14 m=66 tag=perturb g6=MZV\\x|N~|}nvYjV? t=0.2s
TIGHT n=14 m=59 tag=perturb g6=Mv~^VRsat|Za^Ju\? t=0.1s
TIGHT n=14 m=65 tag=perturb g6=Mzt^mXHt|^^}yt}v? t=0.3s
TIGHT n=14 m=62 tag=perturb g6=M~~FnvwT~svT||t?? t=0.5s
TIGHT n=14 m=66 tag=perturb g6=MBm^^mPn}|\~m^}j_ t=0.3s
TIGHT n=14 m=63 tag=perturb g6=M}\N~{`]vv~_|rU\_ t=0.1s
TIGHT n=14 m=69 tag=perturb g6=MC~~XYnyfz|~~v|r_ t=0.1s
TIGHT n=14 m=72 tag=perturb g6=Mjz~]|n{f~^zrnlv_ t=0.3s
TIGHT n=14 m=70 tag=perturb g6=Mn~l|wv}|j~zDvun_ t=0.4s
TIGHT n=14 m=50 tag=perturb g6=M~_ZYw_lbDS\y@z~_ t=0.1s
TIGHT n=14 m=64 tag=perturb g6=Myn~ft}LmVwi~|hy_ t=0.6s
TIGHT n=14 m=62 tag=perturb g6=MZNV~u`k~|Sn}N{w_ t=0.1s
TIGHT n=14 m=59 tag=perturb g6=M|eujlqx`\^nrrjr? t=0.1s
TIGHT n=14 m=67 tag=perturb g6=Mev^{}N|By~nlzJ~_ t=0.5s
TIGHT n=14 m=57 tag=perturb g6=MerX~xSPnlvaNRnZ_ t=0.2s
TIGHT n=14 m=66 tag=perturb g6=MizJr^~z^xvmxb\n_ t=0.5s
TIGHT n=14 m=57 tag=perturb g6=MfjXPX{oT\~}F~n`_ t=0.2s
TIGHT n=14 m=63 tag=perturb g6=MJNyjVtC}zxyz~y}_ t=0.2s
TIGHT n=14 m=58 tag=perturb g6=MYBNyR^|t^h]ZrQ~? t=0.1s
TIGHT n=14 m=69 tag=perturb g6=M~ml|Jzz~|jN}zly? t=0.2s
TIGHT n=14 m=60 tag=perturb g6=MVfYWR^lqw|~nvMv? t=0.1s
TIGHT n=14 m=71 tag=perturb g6=MJyI~z}~{~\v^~r}_ t=0.2s
TIGHT n=14 m=55 tag=perturb g6=Mc}XsVlF|_r^nwyy? t=0.1s
TIGHT n=14 m=44 tag=perturb g6=MGBtkLA^yHaIynG]_ t=0.1s
TIGHT n=14 m=64 tag=perturb g6=MezBuv{~]vr}lF]n_ t=0.2s
TIGHT n=14 m=60 tag=perturb g6=M{u{{^sL`~f|tP|^? t=0.2s
TIGHT n=14 m=72 tag=perturb g6=Mt~n\vz^~V}ryz~p_ t=0.3s
TIGHT n=14 m=74 tag=perturb g6=Mnv^}}ntr~~F|~]n_ t=0.7s
TIGHT n=14 m=69 tag=perturb g6=Mj~flz|lyV^zvtnl_ t=0.2s
TIGHT n=14 m=62 tag=perturb g6=Mz~[mhdQDzvR~sv~_ t=0.5s
TIGHT n=14 m=67 tag=perturb g6=MvzN~UuIz~[n^xuz_ t=0.2s
TIGHT n=14 m=61 tag=perturb g6=M^NfrcRvb}n\~LUZ_ t=0.1s
TIGHT n=14 m=56 tag=perturb g6=MMW`qYKz~nmrn]rF_ t=0.1s
TIGHT n=14 m=64 tag=perturb g6=Mff}|vvnvwXKy~jy? t=0.2s
TIGHT n=14 m=59 tag=perturb g6=M~hlYdKTnR^v]vlT_ t=0.1s
TIGHT n=14 m=70 tag=perturb g6=M~WlflnK~~\~^~rv_ t=0.7s
TIGHT n=14 m=61 tag=perturb g6=M^~^~eu[vquJMzgV? t=0.2s
TIGHT n=14 m=60 tag=perturb g6=M[dqnvvzxvvRucU|? t=0.1s
TIGHT n=14 m=66 tag=perturb g6=MyyUy^~~trqN]|y|_ t=0.7s
TIGHT n=14 m=66 tag=perturb g6=M{xJ\vfv^|wXV}n~_ t=0.5s
TIGHT n=14 m=63 tag=perturb g6=M|Hzm^b}|U^vV~UR? t=0.1s
TIGHT n=14 m=60 tag=perturb g6=ML`wR^FsR|~hn~^x_ t=0.1s
TIGHT n=14 m=54 tag=perturb g6=MXbij~eXV~BJWfnq? t=0.3s
TIGHT n=14 m=57 tag=perturb g6=Mx~^veo[vquJMzgV? t=0.2s
TIGHT n=14 m=60 tag=perturb g6=Mz~aZZ{wf[|dlF~i_ t=0.1s
TIGHT n=14 m=63 tag=perturb g6=M|vuNjv~ra}fp{{[_ t=0.3s
TIGHT n=14 m=65 tag=perturb g6=M|fly^eV~tkS|l~|_ t=0.2s
TIGHT n=14 m=61 tag=perturb g6=MZ]~^v|\hk\tbFi|? t=0.1s
TIGHT n=14 m=62 tag=perturb g6=MqjZ~mjyn}|[Rluq_ t=0.1s
TIGHT n=14 m=59 tag=perturb g6=M{|VnbmwvpqDmNy~? t=0.1s
TIGHT n=14 m=58 tag=perturb g6=M~fwUAR`@zj|v~~J_ t=0.2s
TIGHT n=14 m=57 tag=perturb g6=M}GxUy{jt^y?ky~n_ t=0.1s
TIGHT n=14 m=60 tag=perturb g6=MxNw~~M`{kr~zBk]_ t=0.1s
TIGHT n=14 m=53 tag=perturb g6=M{GDVzJszb[]ft}q? t=0.2s
TIGHT n=14 m=58 tag=perturb g6=MMZZ~~ufbGfz\Qvs? t=0.1s
TIGHT n=14 m=64 tag=perturb g6=Mr^]~TrdK]~~x^xs_ t=0.1s
TIGHT n=14 m=61 tag=perturb g6=MX{N}@{zxxznNL^m_ t=0.2s
TIGHT n=14 m=77 tag=perturb g6=M~y]~z}~^~^t^~u}_ t=0.2s
TIGHT n=14 m=59 tag=perturb g6=M{nE[yzfx]uMvmvI_ t=0.3s
TIGHT n=14 m=70 tag=perturb g6=Mnr^z^}|v~fJm~jx? t=0.2s
TIGHT n=14 m=66 tag=perturb g6=Mvv|mWD~vzly~sU~_ t=0.3s
TIGHT n=14 m=76 tag=perturb g6=M^vn~z}~}~^~vZ~G_ t=0.7s
TIGHT n=14 m=55 tag=perturb g6=MT~FtLvncT\qheXz? t=0.2s
TIGHT n=14 m=63 tag=perturb g6=MF~yJ}u]jdNu}j~L_ t=0.1s
TIGHT n=14 m=61 tag=perturb g6=MZ~pDzZntvMv[rxR_ t=0.1s
TIGHT n=14 m=59 tag=perturb g6=MtOX~~Ty}nPxuxzd? t=0.1s
TIGHT n=14 m=65 tag=perturb g6=Mnkm}ro}{umvn|f~? t=0.2s
TIGHT n=14 m=68 tag=perturb g6=M^^~atiU~j}~tv}l_ t=0.4s
TIGHT n=14 m=63 tag=perturb g6=M~XFExbm~v|q~Yu|_ t=0.2s
TIGHT n=14 m=65 tag=perturb g6=M~r|}{~l]l~kkqnk? t=0.1s
TIGHT n=14 m=59 tag=perturb g6=MWn{xb[NvGdv~y~j? t=0.1s
TIGHT n=14 m=68 tag=perturb g6=M}~iF\^~b\N\^xn~_ t=0.1s
TIGHT n=14 m=75 tag=perturb g6=M~~unlryln~~~[~n_ t=0.5s
TIGHT n=14 m=67 tag=perturb g6=Ml^[~yU]~l^{}ov~_ t=0.3s
TIGHT n=14 m=57 tag=perturb g6=Mlakn|ltlRX|Trpr_ t=0.2s
TIGHT n=14 m=76 tag=perturb g6=M|l}vn~l^~Nx}~^~_ t=0.7s
TIGHT n=14 m=76 tag=perturb g6=Mn^t\j}M~v~v~~~~? t=0.3s
TIGHT n=14 m=68 tag=perturb g6=Mj~A~kzytnfz~}~[_ t=0.2s
TIGHT n=14 m=64 tag=perturb g6=Mj~^a\|~mfrpwx]|_ t=0.2s
TIGHT n=14 m=66 tag=perturb g6=MZz]ZBe|FnzL~}~v_ t=0.1s
TIGHT n=14 m=58 tag=perturb g6=MdyuFj\mnnroy{zJ? t=0.2s
TIGHT n=14 m=65 tag=perturb g6=M]mn|nz|l|^Qn[iv? t=0.2s
TIGHT n=14 m=67 tag=perturb g6=M~^ZT~f]nvErix^~_ t=0.1s
TIGHT n=14 m=62 tag=perturb g6=My\~ml^zxO|Vmlm\? t=0.2s
TIGHT n=14 m=69 tag=perturb g6=MzR}~nN^|~{l^~YQ_ t=0.7s
TIGHT n=14 m=64 tag=perturb g6=M}}\t~rT{i~tfr}e? t=0.2s
TIGHT n=14 m=58 tag=perturb g6=Mm{}IZtPzy][zf|Q_ t=0.1s
TIGHT n=14 m=59 tag=perturb g6=MyLH[^z^{vX^MjXl_ t=0.4s
TIGHT n=14 m=66 tag=perturb g6=M\Q{vu~RzV}n~^W}_ t=0.3s
TIGHT n=14 m=63 tag=perturb g6=M]rnm{fzgnw~wj}t_ t=0.3s
TIGHT n=14 m=68 tag=perturb g6=MrnyjxnXV~}Ut}n~_ t=0.3s
TIGHT n=14 m=65 tag=perturb g6=M[p}^|w}rFv~]j~l? t=0.2s
TIGHT n=14 m=72 tag=perturb g6=M~|~N~v|X|~~buJr_ t=0.7s
TIGHT n=14 m=51 tag=perturb g6=Mx[nlG}|ZusMEaML? t=0.1s
TIGHT n=14 m=58 tag=perturb g6=Mh~|izL^d\hFjqbj_ t=0.1s
TIGHT n=14 m=51 tag=perturb g6=MD@mjLXk]^Jcm_n~_ t=0.1s
TIGHT n=14 m=70 tag=perturb g6=Mg~}}^M|V}d~m^z~_ t=0.3s
TIGHT n=14 m=67 tag=perturb g6=MvN^^vzrnRmq}~NT_ t=0.3s
TIGHT n=14 m=60 tag=perturb g6=MvnQxgX|TT~y|num? t=0.1s
TIGHT n=14 m=74 tag=perturb g6=MnuZ~~j~~n~[]n|t_ t=0.2s
TIGHT n=14 m=58 tag=perturb g6=MTv}^DQyhSn~F^}d? t=0.2s
TIGHT n=14 m=60 tag=perturb g6=MgDuwf^E}{N~m|vf_ t=0.3s
TIGHT n=14 m=51 tag=perturb g6=Mn{NHS^a\mz~aHDP? t=0.1s
TIGHT n=14 m=69 tag=perturb g6=MI|{Nd~x|Zz~~nuz_ t=0.3s
TIGHT n=14 m=56 tag=perturb g6=M@N~[ZvhnH\C^wn^? t=0.2s
TIGHT n=14 m=74 tag=perturb g6=M|Y|zNnz~^v~r~N~? t=0.3s
TIGHT n=14 m=77 tag=perturb g6=M~~z}|}y~z}x~^Nn_ t=0.8s
TIGHT n=14 m=62 tag=perturb g6=MD|Nk~z}d|F|Ren}? t=0.2s
TIGHT n=14 m=73 tag=perturb g6=M]]|zn^~nLv~vnj~? t=0.3s
TIGHT n=14 m=59 tag=perturb g6=MF~~^xVRtWi|]c\t? t=0.3s
TIGHT n=14 m=59 tag=perturb g6=MFKzj|sV]iN~ebzv? t=0.2s
TIGHT n=14 m=72 tag=perturb g6=Mmm}ljzz~V^v}~}j_ t=0.3s
TIGHT n=14 m=73 tag=perturb g6=Mfnv^~rnnv~fvj~U_ t=0.6s
TIGHT n=14 m=62 tag=perturb g6=M^lv}}qc~Znw{qfb_ t=0.3s
TIGHT n=14 m=62 tag=perturb g6=Mr|^rnLTL}YpJf~v_ t=0.2s
TIGHT n=14 m=55 tag=perturb g6=Myf~~`UHIUwi~|Kq_ t=0.1s
TIGHT n=14 m=58 tag=perturb g6=Mar|H}Tom_vt~|{z_ t=0.1s
TIGHT n=14 m=56 tag=perturb g6=MMDNzz?\Fnon~~QN? t=0.2s
TIGHT n=14 m=65 tag=perturb g6=MeVS~hz~}mFv}{]}_ t=0.2s
TIGHT n=14 m=64 tag=perturb g6=M[z~~~d^CjNtpf{z_ t=0.3s
TIGHT n=14 m=76 tag=perturb g6=Mv~|~z\v~^y~}~Fu_ t=0.6s
TIGHT n=14 m=63 tag=perturb g6=Mzmn^wzX\~fzh}Fq? t=0.4s
TIGHT n=14 m=60 tag=perturb g6=M`DxP~m\n~cVn\^u_ t=0.3s
TIGHT n=14 m=59 tag=perturb g6=MQ^MhVv^~Fq]b|rN? t=0.2s
TIGHT n=14 m=64 tag=perturb g6=Mum~TvtbmVn~|Rq^? t=0.2s
TIGHT n=14 m=66 tag=perturb g6=M|@nfz^i|ydj~~u~? t=0.5s
TIGHT n=14 m=62 tag=perturb g6=ME[myLl}|~~~vn?]? t=0.1s
TIGHT n=14 m=51 tag=perturb g6=M{MoaDkMDT~^x~hh? t=0.2s
TIGHT n=14 m=57 tag=perturb g6=MU~UW{{~FoZJeyzN_ t=0.2s
TIGHT n=14 m=69 tag=perturb g6=M~~]a]snv|~n~Zk^? t=0.2s
TIGHT n=14 m=63 tag=perturb g6=Mx~y^v}|K]~]ecZL_ t=0.3s
TIGHT n=14 m=67 tag=perturb g6=Mey^}jr||u~T|yzm_ t=0.2s
TIGHT n=14 m=61 tag=perturb g6=MVb|i[D~^rlyZ{v|? t=0.1s
TIGHT n=14 m=59 tag=perturb g6=MNvvw{]MW\n|FuC~_ t=0.1s
TIGHT n=14 m=75 tag=perturb g6=Mr|~vt|~Z~~i\^~|_ t=0.2s
TIGHT n=14 m=62 tag=perturb g6=MY~m~FOP|}n~FX~f? t=0.1s
TIGHT n=14 m=68 tag=perturb g6=Mn~z~U{Vaj^~^|~c? t=0.1s
TIGHT n=14 m=57 tag=perturb g6=Mn\Se`rz~[yU]lwv? t=0.1s
TIGHT n=14 m=61 tag=perturb g6=Mu}R|b}SmVl~U^Vm? t=0.2s
TIGHT n=14 m=72 tag=perturb g6=M~}}nhju^|}fvf~v_ t=0.4s
TIGHT n=14 m=57 tag=perturb g6=M\q{wG{|Xsj~sI~^_ t=0.2s
TIGHT n=14 m=69 tag=perturb g6=Mqkr~vn~|le\Vn|~_ t=0.5s
TIGHT n=14 m=63 tag=perturb g6=MU~}~FOo}}n~FX~f? t=0.2s
TIGHT n=14 m=67 tag=perturb g6=M^|VtFRVnn~Nt^f}_ t=0.2s
TIGHT n=14 m=55 tag=perturb g6=M]qWq{b~{iXzPvud_ t=0.1s
TIGHT n=14 m=70 tag=perturb g6=Mt~~^z^||Wz|]k~p_ t=0.3s
TIGHT n=14 m=65 tag=perturb g6=Mq{j~zn~TjV~`L|f_ t=0.2s
TIGHT n=14 m=77 tag=perturb g6=MJzvnh~~j~|~~^|~_ t=0.3s
TIGHT n=14 m=73 tag=perturb g6=M|~rnz~}U~m[~|^Z_ t=0.5s
TIGHT n=14 m=65 tag=perturb g6=M{\Rnv]z~tmt~z\C_ t=0.1s
TIGHT n=14 m=70 tag=perturb g6=M{]}~vv\v~~jQ~n[? t=0.3s
TIGHT n=14 m=71 tag=perturb g6=Mt~n~r~v~X}mm}Vs_ t=0.2s
TIGHT n=14 m=63 tag=perturb g6=Mfy}xu|mZu|kv~qW_ t=0.1s
TIGHT n=14 m=65 tag=perturb g6=M{^Lt~fRvfm~{s~R_ t=0.6s
TIGHT n=14 m=58 tag=perturb g6=Mx]rf}XEyZ}ftOf}_ t=0.2s
TIGHT n=14 m=68 tag=perturb g6=M[v}V|n|n^r^Sq~}_ t=0.3s
TIGHT n=14 m=60 tag=perturb g6=MV~gvfjOdNujv~pu_ t=0.1s
TIGHT n=14 m=70 tag=perturb g6=M|}ls~]rrv}~]|N^_ t=0.4s
TIGHT n=14 m=56 tag=perturb g6=MVq}NrUbnNtqepf\? t=0.3s
TIGHT n=14 m=60 tag=perturb g6=MXiXc~scl[~Y~~j~? t=0.1s
TIGHT n=14 m=63 tag=perturb g6=MrJvntLh\~{J^~FZ_ t=0.5s
TIGHT n=14 m=53 tag=perturb g6=MmiIlSLMRu|kv~qW_ t=0.1s
TIGHT n=14 m=60 tag=perturb g6=M]\R|FntrUTrn}lr? t=0.1s
TIGHT n=14 m=57 tag=perturb g6=MnlQ~}qQnivf]ssS_ t=0.2s
TIGHT n=14 m=69 tag=perturb g6=Mm~nazvjmm~q~|U~_ t=0.2s
TIGHT n=14 m=58 tag=perturb g6=M~zzlNrhCM`tvtL{_ t=0.5s
TIGHT n=14 m=61 tag=perturb g6=Mud\MJ|mnq~dmj|v? t=0.1s
TIGHT n=14 m=67 tag=perturb g6=Me^f~vZ~lYsuQ~~~? t=0.2s
TIGHT n=14 m=70 tag=perturb g6=MYwf~~xq|~|~on~v_ t=0.4s
TIGHT n=14 m=63 tag=perturb g6=Mhye~V}|tL|~O~z`_ t=0.5s
TIGHT n=14 m=64 tag=perturb g6=Mf}}}lzynd]zUonf_ t=0.2s
TIGHT n=14 m=59 tag=perturb g6=Mq~{NztlvX[myfxQ? t=0.3s
TIGHT n=14 m=61 tag=perturb g6=Ml\~luF~vCmU^VuL_ t=0.3s
TIGHT n=14 m=58 tag=perturb g6=MFtz~IT~}]eK`Tuv_ t=0.3s
TIGHT n=14 m=53 tag=perturb g6=MD~twuzfs}JsAayi_ t=0.3s
TIGHT n=14 m=74 tag=perturb g6=M~~~zxz[n|z^~ijv_ t=0.7s
TIGHT n=14 m=71 tag=perturb g6=MzKx~rzn}~|~y~Ln? t=0.4s
TIGHT n=14 m=69 tag=perturb g6=Mzj{v~n{~M]yzlm|_ t=0.5s
TIGHT n=14 m=72 tag=perturb g6=Mnmjx~r~nz]x}\}~_ t=0.1s
TIGHT n=14 m=62 tag=perturb g6=Mev^x]D~Ew~klzN^_ t=0.1s
TIGHT n=14 m=67 tag=perturb g6=M~z]mv}]~c~sqVb~_ t=0.1s
TIGHT n=14 m=74 tag=perturb g6=M~~Vn|J~~f^vavz~_ t=0.5s
TIGHT n=14 m=65 tag=perturb g6=Mr^~n|bnoNl|pu~e_ t=0.2s
TIGHT n=14 m=70 tag=perturb g6=Mn~{g~pt||nlr|~n_ t=0.2s
TIGHT n=14 m=70 tag=perturb g6=Mn~~uv]~^r^Yvx_~_ t=0.2s
TIGHT n=14 m=60 tag=perturb g6=M]xERVm}jX}L}m^t_ t=0.1s
TIGHT n=14 m=62 tag=perturb g6=M^}{{VWze^|nhWvj_ t=0.1s
TIGHT n=14 m=60 tag=perturb g6=MYF}\~lLjZ[mnVyM_ t=0.2s
TIGHT n=14 m=64 tag=perturb g6=MZnv||N[ljnXnjxq_ t=0.3s
TIGHT n=14 m=62 tag=perturb g6=Mvb|~dm\t~e~\iRa_ t=0.3s
TIGHT n=14 m=72 tag=perturb g6=My~]nt]~~j^^Dnz~_ t=0.1s
TIGHT n=14 m=73 tag=perturb g6=Mm^~~f~mZ]w~n~mn_ t=0.2s
TIGHT n=14 m=55 tag=perturb g6=MFhZ^|]cQjajYy]|_ t=0.2s
TIGHT n=14 m=68 tag=perturb g6=M|n]vfZkn}^~]n}K_ t=0.2s
TIGHT n=14 m=56 tag=perturb g6=M~zYMt~cKjeLiWnZ_ t=0.2s
TIGHT n=14 m=61 tag=perturb g6=MI|mZ~Vv^I}yFrE^_ t=0.1s
TIGHT n=14 m=63 tag=perturb g6=M^N~~wF~~NW~`ygy? t=0.3s
