TIGHT n=15 m=80 tag=perturb g6=N^s‾|z]fql‾m|p^v}zw t=0.1s
TIGHT n=15 m=83 tag=perturb g6=Np‾yJl‾|unz|^|^|||w t=0.1s
TIGHT n=15 m=78 tag=perturb g6=NmvxZIn^V^^fj‾Fnnzw t=0.2s
TIGHT n=15 m=84 tag=perturb g6=NY‾vz}y^vvt^l|v‾¥‾W t=0.8s
TIGHT n=15 m=75 tag=perturb g6=NkY^F‾|l‾]U^z‾rp[zW t=0.1s
TIGHT n=15 m=83 tag=perturb g6=N}S‾v‾^‾|jzno^vt‾‾_ t=0.4s
TIGHT n=15 m=85 tag=perturb g6=N‾r‾n‾t|jHZ‾‾x^^‾}W t=0.4s
TIGHT n=15 m=77 tag=perturb g6=NNr‾jYlzW‾z}|ll|}z_ t=0.2s
TIGHT n=15 m=86 tag=perturb g6=Nz^x‾j‾e^v‾u‾‾vvlrw t=0.7s
TIGHT n=15 m=87 tag=perturb g6=N‾‾^‾^‾v‾y¥|j‾iT‾tw t=0.3s
TIGHT n=15 m=92 tag=perturb g6=NnZ‾]V‾zNv‾‾‾x‾‾‾‾w t=0.4s
TIGHT n=15 m=75 tag=perturb g6=NuvV{mTm‾}^^y]‾k‾WO t=0.1s
TIGHT n=15 m=74 tag=perturb g6=NwVm¥‾}‾zBsj@m‾n]}w t=0.3s
TIGHT n=15 m=75 tag=perturb g6=Ns}^]Q^‾vuYu‾xr‾wsw t=0.1s
TIGHT n=15 m=75 tag=perturb g6=NkY^F‾|l^‾u^j|vPS‾W t=0.3s
TIGHT n=15 m=86 tag=perturb g6=N‾n|‾|‾u^‾^}T¥‾‾‾IG t=0.6s
TIGHT n=15 m=79 tag=perturb g6=N‾n‾NXz‾XzZ^‾‾ua‾@W t=0.3s
TIGHT n=15 m=80 tag=perturb g6=N|VzN}XFxZ‾|‾‾x}zNo t=0.5s
TIGHT n=15 m=80 tag=perturb g6=NZnvz}zZfvt^|tt‾X‾O t=0.6s
TIGHT n=15 m=84 tag=perturb g6=N‾x‾nZu^y¥}‾Qj‾‾‾vW t=0.1s
TIGHT n=15 m=86 tag=perturb g6=N‾z}‾vNu}‾}w‾n‾u‾lG t=0.3s
TIGHT n=15 m=83 tag=perturb g6=N‾‾szzM‾n}d[‾‾‾m}fW t=0.3s
TIGHT n=15 m=91 tag=perturb g6=N}T‾v‾‾‾‾^znz‾v‾|}_ t=0.7s
TIGHT n=15 m=86 tag=perturb g6=Nn{}vN‾a}‾]s‾‾‾‾‾uw t=0.5s
TIGHT n=15 m=85 tag=perturb g6=N}T‾V‾‾‾‾‾znZvRu‾n? t=0.7s
TIGHT n=15 m=89 tag=perturb g6=N‾^y‾j‾‾mx‾‾N|^zv‾g t=0.9s
TIGHT n=15 m=75 tag=perturb g6=Nyj]|vqzlbezPnZn^‾w t=0.1s
TIGHT n=15 m=86 tag=perturb g6=N|‾|lNzmT‾‾‾‾‾|luno t=0.9s
TIGHT n=15 m=72 tag=perturb g6=NkY^F‾|l^}u^j|vPSyW t=0.1s
TIGHT n=15 m=81 tag=perturb g6=N^z}znNvVjxll|‾||z_ t=0.2s
TIGHT n=15 m=76 tag=perturb g6=NNr‾zYdzW‾w}xNlv‾zo t=0.1s
TIGHT n=15 m=71 tag=perturb g6=NuvVkuTm‾w]^wM‾k‾wo t=0.1s
TIGHT n=15 m=77 tag=perturb g6=N^qzv‾F¥[^rwVmrN‾‾w t=0.1s
TIGHT n=15 m=94 tag=perturb g6=N‾^zn|}‾z‾‾‾‾^‾|^fw t=0.4s
TIGHT n=15 m=75 tag=perturb g6=N‾rnmvspjHZ‾‾x^J‾wW t=0.3s
TIGHT n=15 m=95 tag=perturb g6=N‾‾‾‾‾‾]z‾|‾z}||}^w t=1.4s
TIGHT n=15 m=82 tag=perturb g6=N‾e^i{zwUz}|‾‾|^t‾w t=0.6s
TIGHT n=15 m=82 tag=perturb g6=NNZ‾]Vj‾Nr‾zM[‾t‾‾w t=0.2s
TIGHT n=15 m=90 tag=perturb g6=NZ{‾mz‾n‾‾{|^}f‾‾‾w t=0.4s
TIGHT n=15 m=86 tag=perturb g6=N‾ZvzBv‾‾j‾^|n|‾‾ZO t=1.0s
TIGHT n=15 m=83 tag=perturb g6=N‾z‾lso]}Pz‾‾‾|^‾}W t=0.2s
TIGHT n=15 m=89 tag=perturb g6=N‾vxfx‾‾zv‾‾‾NNvz‾o t=0.3s
TIGHT n=15 m=84 tag=perturb g6=N‾p^^z‾‾v|m}‾z]}mZ_ t=0.1s
TIGHT n=15 m=89 tag=perturb g6=N‾V‾ny‾|‾v‾Wnn^‾z‾o t=0.6s
TIGHT n=15 m=70 tag=perturb g6=Nr}vfXkulZK{}ZG{^‾w t=0.1s
TIGHT n=15 m=96 tag=perturb g6=N‾‾vn‾|‾‾u‾{‾x‾‾‾‾w t=0.6s
TIGHT n=15 m=83 tag=perturb g6=Nz‾rvnLzvl|x|r‾^Z‾W t=0.3s
TIGHT n=15 m=88 tag=perturb g6=N‾z^mu^m}z‾‾z^|^}^w t=0.4s
TIGHT n=15 m=81 tag=perturb g6=NNZ‾]Vl}Nr‾zMw‾t‾‾w t=0.2s
TIGHT n=15 m=76 tag=perturb g6=Nyj]|vyzlqezPnZn^‾w t=0.3s
TIGHT n=15 m=78 tag=perturb g6=Nyljv‾t^y]viQ‾v‾|{o t=0.3s
TIGHT n=15 m=80 tag=perturb g6=Nj‾bv^lR^‾‾vpV}VZ‾W t=0.2s
TIGHT n=15 m=84 tag=perturb g6=N{‾n‾]|{^‾‾mm‾khznw t=0.2s
TIGHT n=15 m=85 tag=perturb g6=N‾‾‾|x‾^ZZz^‾‾Y[rzW t=0.5s
TIGHT n=15 m=69 tag=perturb g6=NNr‾zYdxWnW}xNHvlzo t=0.1s
TIGHT n=15 m=87 tag=perturb g6=Nzv‾‾yz{¥‾‾‾njj|J‾w t=0.3s
TIGHT n=15 m=83 tag=perturb g6=NvV‾x‾Zzu‾dz}vL|}zw t=0.2s
TIGHT n=15 m=83 tag=perturb g6=N‾X‾[V‾rNrvv‾x}X‾‾w t=0.6s
TIGHT n=15 m=87 tag=perturb g6=N‾‾‾vv}‾rq‾{‾‾X|{Zw t=0.5s
TIGHT n=15 m=86 tag=perturb g6=NZn¥‾‾‾r|y¥|‾‾yV}nw t=1.3s
TIGHT n=15 m=87 tag=perturb g6=N‾z‾DNzxnz||‾‾jt‾‾w t=1.1s
TIGHT n=15 m=81 tag=perturb g6=NvLvi‾|l|u‾{^y}‾}‾? t=0.2s
TIGHT n=15 m=83 tag=perturb g6=N‾zni¥t‾}K‾vz‾yn^}W t=0.5s
TIGHT n=15 m=89 tag=perturb g6=Nfn‾‾‾n‾y‾l‾^dtl‾‾w t=1.2s
TIGHT n=15 m=87 tag=perturb g6=Nnnznmf‾v‾}|t‾zl‾}o t=0.4s
TIGHT n=15 m=84 tag=perturb g6=N‾‾szzM‾n}|K‾‾nnmvW t=0.4s
TIGHT n=15 m=71 tag=perturb g6=N‾rniVcRjXJ}‾x^Jn{W t=0.2s
TIGHT n=15 m=92 tag=perturb g6=Nf}‾z|}‾‾‾n^^‾z‾L‾w t=0.5s
TIGHT n=15 m=91 tag=perturb g6=N‾^zj|}‾z‾nv‾^‾|^fw t=0.8s
TIGHT n=15 m=81 tag=perturb g6=Ntt‾f}jL]^v‾vvk^|‾W t=0.2s
TIGHT n=15 m=95 tag=perturb g6=N‾‾zZ‾n‾n‾‾‾^‾‾vN|w t=0.8s
TIGHT n=15 m=90 tag=perturb g6=N‾zv^‾‾|V‾|Xz‾t‾z‾g t=0.6s
TIGHT n=15 m=78 tag=perturb g6=N‾zxlno|‾xTzYvn^{}W t=0.1s
TIGHT n=15 m=92 tag=perturb g6=Nn‾tn‾‾}z‾^‾‾‾Fnnvw t=0.6s
TIGHT n=15 m=74 tag=perturb g6=Ni]xyZ‾qypVN{Nv}v^w t=0.1s
TIGHT n=15 m=73 tag=perturb g6=NgT^P‾‾vv‾xNR‾Ruln? t=0.3s
TIGHT n=15 m=76 tag=perturb g6=N¥pFF‾‾‾‾]x‾ZvRu‾J? t=0.2s
TIGHT n=15 m=83 tag=perturb g6=N‾r^i{nwUz}|‾‾|^t‾w t=0.2s
TIGHT n=15 m=72 tag=perturb g6=NkY^F}|l^}u^z|vPS}G t=0.1s
TIGHT n=15 m=81 tag=perturb g6=N}^z‾j‾zmXneN|^nd‾g t=0.1s
TIGHT n=15 m=81 tag=perturb g6=N}BvV‾r‾vVJ‾z‾fv|}_ t=0.3s
TIGHT n=15 m=80 tag=perturb g6=N‾^s‾zM‾n{¥K‾‾ljmvW t=0.3s
TIGHT n=15 m=83 tag=perturb g6=Nnz}m‾dzu]j‾‾n‾Vy}g t=0.1s
TIGHT n=15 m=89 tag=perturb g6=N‾^zi^m‾z‾zv‾^‾|^fw t=0.5s
TIGHT n=15 m=79 tag=perturb g6=N}}}q]¥bv‾^^nzVm|Mw t=0.9s
TIGHT n=15 m=84 tag=perturb g6=N‾z}‾r^u}‾}w^‾‾ulxG t=0.3s
TIGHT n=15 m=82 tag=perturb g6=N‾xv^tu|V}{Wz‾t‾z‾g t=1.0s
TIGHT n=15 m=93 tag=perturb g6=N‾{‾x‾^vf‾‾x‾‾‾‾‾rw t=2.0s
TIGHT n=15 m=78 tag=perturb g6=N}zFv^‾v‾y¥|i^iTxtw t=0.5s
TIGHT n=15 m=68 tag=perturb g6=N{N|h‾f‾XMZaLu^@nlg t=0.5s
TIGHT n=15 m=74 tag=perturb g6=N‾zV]tuXR}}OZ}t{z‾g t=0.1s
TIGHT n=15 m=87 tag=perturb g6=N]|‾}‾‾‾|‾¥}nl{‾U|o t=1.2s
TIGHT n=15 m=89 tag=perturb g6=Nvv^‾V‾]z^‾^‾‾k}z^w t=1.0s
TIGHT n=15 m=84 tag=perturb g6=N^j‾‾nv|‾l{r^i^‾m‾O t=0.6s
TIGHT n=15 m=73 tag=perturb g6=NzrLqZ{Y‾{veRY‾c‾‾w t=0.1s
TIGHT n=15 m=68 tag=perturb g6=NpytvXkulZK{}ZG{^‾w t=0.2s
TIGHT n=15 m=83 tag=perturb g6=N‾xzlsvY}zxZ‾‾|^||w t=0.2s
TIGHT n=15 m=84 tag=perturb g6=Nt‾]‾v^‾y‾‾{ZL‾uz|G t=0.4s
TIGHT n=15 m=85 tag=perturb g6=N‾|‾^}‾puv‾{z‾‾|Clw t=0.4s
TIGHT n=15 m=81 tag=perturb g6=N}T]V‾‾}v‾znZvR]‾n? t=0.6s
TIGHT n=15 m=88 tag=perturb g6=Nzx}‾nn{‾‾‾zzevv}nw t=1.2s
TIGHT n=15 m=92 tag=perturb g6=N}‾‾R‾^{‾‾‾‾‾‾vnizw t=1.2s
TIGHT n=15 m=85 tag=perturb g6=Nn}zzz‾N‾|VN}Jv}v^w t=0.2s
TIGHT n=15 m=84 tag=perturb g6=NNt‾n}vn‾zeV^|‾nn|O t=0.3s
TIGHT n=15 m=82 tag=perturb g6=N^}ZVFnr‾‾}gzz‾‾|uW t=0.1s
TIGHT n=15 m=82 tag=perturb g6=NvV‾x‾^zu‾dz}vKt}zw t=0.4s
TIGHT n=15 m=73 tag=perturb g6=NkY‾F‾|l|}V]x‾erWzG t=0.1s
TIGHT n=15 m=90 tag=perturb g6=N‾^‾‾z‾‾M|znv‾v^mvg t=0.6s
TIGHT n=15 m=85 tag=perturb g6=Nn]y‾}X]|}v‾u‾|}‾jw t=1.1s
TIGHT n=15 m=84 tag=perturb g6=Nvlv‾^‾^|V¥fv‾z}VNo t=0.1s
TIGHT n=15 m=80 tag=perturb g6=N^Vrr‾z‾}nyztu||uQw t=0.4s
TIGHT n=15 m=81 tag=perturb g6=NvzTeTU}‾‾‾‾E‾f^‾|o t=0.4s
TIGHT n=15 m=92 tag=perturb g6=N‾|y‾l‾‾‾‾}^v^‾‾nbw t=1.6s
TIGHT n=15 m=63 tag=perturb g6=N{j|h|vzOnzaHeZ@jf_ t=0.2s
TIGHT n=15 m=83 tag=perturb g6=N^}‾v‾NU]^‾c‾n‾Zz]g t=0.6s
TIGHT n=15 m=75 tag=perturb g6=Nv‾lNjlv}g^v‾}_{VyW t=0.1s
TIGHT n=15 m=90 tag=perturb g6=NvZ‾ll^‾‾^^n‾Z‾]‾‾w t=0.4s
TIGHT n=15 m=76 tag=perturb g6=Nw^n¥‾}‾zFsj@k‾n^}g t=0.4s
TIGHT n=15 m=82 tag=perturb g6=N‾Z‾f‾^mzztj[‾uvnz_ t=0.3s
TIGHT n=15 m=75 tag=perturb g6=Nsfenv{onfv|r‾yF‾zo t=0.1s
TIGHT n=15 m=81 tag=perturb g6=N‾vxnp‾‾Zpnz‾^Nzjf_ t=0.3s
TIGHT n=15 m=85 tag=perturb g6=N}^xi^m‾z‾zv‾^f|¥vw t=0.2s
TIGHT n=15 m=83 tag=perturb g6=N‾‾|yjU‾N‾nzj‾T^g‾w t=0.5s
TIGHT n=15 m=93 tag=perturb g6=N‾vx‾n‾‾^‾fn‾‾vi‾‾w t=0.6s
TIGHT n=15 m=82 tag=perturb g6=NIfvm‾Jz}U‾‾zn^^‾¥w t=0.3s
TIGHT n=15 m=87 tag=perturb g6=Nf}V‾‾¥Ujz‾v‾‾v}m‾w t=0.3s
TIGHT n=15 m=73 tag=perturb g6=Nlp^YrvFrMfjnU‾‾zZW t=0.3s
TIGHT n=15 m=85 tag=perturb g6=N‾}um‾vn‾|‾vd‾nhzzG t=0.2s
TIGHT n=15 m=71 tag=perturb g6=N‾xVZtUtF}gWxvv}z^G t=0.3s
TIGHT n=15 m=82 tag=perturb g6=Nh‾v^{zy}jN}nx}vv‾g t=0.4s
TIGHT n=15 m=88 tag=perturb g6=N‾v‾nwv|‾v‾Wnn^‾z‾o t=1.1s
TIGHT n=15 m=90 tag=perturb g6=N^‾|v‾‾m‾uvn‾‾}}njW t=0.4s
TIGHT n=15 m=84 tag=perturb g6=N‾¥‾j|}‾z‾jfu^}|^Fo t=0.1s
TIGHT n=15 m=84 tag=perturb g6=N]‾vz}y‾ftv¥lzv‾¥‾W t=0.3s
TIGHT n=15 m=78 tag=perturb g6=Nbsgv}}z‾oV}mVx‾‾‾w t=0.2s
TIGHT n=15 m=83 tag=perturb g6=Nz‾fN`vxzi‾^‾n‾‾nzG t=0.2s
TIGHT n=15 m=83 tag=perturb g6=N^i‾h^v}‾f‾xz}z}}Fw t=0.2s
TIGHT n=15 m=94 tag=perturb g6=N‾^‾‾‾x‾‾r‾‾v‾V‾]‾o t=1.1s
TIGHT n=15 m=93 tag=perturb g6=N‾‾uf‾tn‾‾‾‾|‾nzz‾g t=1.0s
TIGHT n=15 m=80 tag=perturb g6=N‾^zj|{¥r‾NS}||znfW t=0.3s
TIGHT n=15 m=87 tag=perturb g6=N‾^||t}‾‾y‾^}fx}¥^w t=0.4s
TIGHT n=15 m=85 tag=perturb g6=Nj||‾]‾uo‾Vvv^‾}‾‾O t=0.6s
TIGHT n=15 m=84 tag=perturb g6=N‾Ly‾‾Z^x‾y|‾‾{]jNw t=0.5s
TIGHT n=15 m=87 tag=perturb g6=N}X‾}Z‾}n^znz‾v‾|}_ t=0.6s
TIGHT n=15 m=74 tag=perturb g6=NZMNiiZzSz]l‾‾|Yt‾w t=0.1s
TIGHT n=15 m=80 tag=perturb g6=Nm}yZz‾N}xVNujv}v^w t=0.4s
TIGHT n=15 m=80 tag=perturb g6=N}x‾mZu^y¥}‾QZ‾‾|fW t=0.4s
TIGHT n=15 m=85 tag=perturb g6=N]fvm‾Jz‾]‾‾z‾^^|tg t=0.6s
TIGHT n=15 m=79 tag=perturb g6=Nu‾n{]Tm‾f^‾zU‾k‾Xo t=0.1s
TIGHT n=15 m=77 tag=perturb g6=Nnz‾f|nerzenSvuvnz_ t=0.1s
TIGHT n=15 m=84 tag=perturb g6=N‾|‾npz^{‾uZ^^‾]zxW t=0.5s
TIGHT n=15 m=87 tag=perturb g6=NVn|}tVrV‾v‾z}‾‾v^w t=0.7s
TIGHT n=15 m=74 tag=perturb g6=N‾r|‾‾‾Yqj|MUXjZiJw t=0.5s
TIGHT n=15 m=82 tag=perturb g6=N‾^Txh‾{‾lbZ‾nn‾]‾W t=0.2s
TIGHT n=15 m=79 tag=perturb g6=Nz}}Vy‾RV‾T^J^^}|Uw t=0.2s
TIGHT n=15 m=89 tag=perturb g6=NnZ‾]V‾zNv‾‾‾xz‾|‾o t=0.5s
TIGHT n=15 m=68 tag=perturb g6=N^jzxXuYR^NN¥fmx^X? t=0.1s
TIGHT n=15 m=70 tag=perturb g6=NZMMjiXzSy]c‾‾|Yt‾w t=0.1s
TIGHT n=15 m=75 tag=perturb g6=NVXvz]n}zFZrNi|t]|w t=0.1s
TIGHT n=15 m=81 tag=perturb g6=N‾‾‾|x|VZzzB‾m}YfzW t=0.7s
TIGHT n=15 m=84 tag=perturb g6=N‾zv‾T}Yvn|vz}|||ZW t=0.5s
TIGHT n=15 m=77 tag=perturb g6=N‾t|||^¥mf}zTjtnzi_ t=0.2s
TIGHT n=15 m=98 tag=perturb g6=N‾}}^‾‾‾‾V‾‾‾‾f‾‾‾w t=2.0s
TIGHT n=15 m=85 tag=perturb g6=Nvzv^‾‾pV‾|Xz‾t‾p‾g t=0.6s
TIGHT n=15 m=78 tag=perturb g6=Nz}}V}‾RV¥T^J^^}‾Ew t=0.3s
TIGHT n=15 m=93 tag=perturb g6=N^‾z^}‾‾n‾|v^‾‾vN|w t=0.9s
TIGHT n=15 m=86 tag=perturb g6=NJ|‾z‾j¥z|fut‾‾l‾‾w t=0.2s
TIGHT n=15 m=79 tag=perturb g6=N]m}N}N|xN‾‾MVv|n{g t=0.2s
TIGHT n=15 m=77 tag=perturb g6=N‾^zJ|]¥r‾NSq||znfW t=0.1s
TIGHT n=15 m=88 tag=perturb g6=Nnn‾nz‾]zv^‾^zV‾fuw t=0.7s
TIGHT n=15 m=71 tag=perturb g6=N}T]V‾nip‾JgZvR]‾n? t=0.2s
TIGHT n=15 m=84 tag=perturb g6=Nv[‾i‾|{‾}‾{^y}‾}‾? t=0.2s
TIGHT n=15 m=74 tag=perturb g6=N^[^nxzL}‾ax^J‾]jwW t=0.2s
TIGHT n=15 m=82 tag=perturb g6=Nn^uuV¥zN‾¥z‾x}r|‾o t=0.2s
TIGHT n=15 m=77 tag=perturb g6=Nnj}zyn`|V}pu@‾‾‾ng t=0.3s
TIGHT n=15 m=84 tag=perturb g6=Nn{}uN‾a‾‾]s‾l‾‾‾uw t=1.2s
TIGHT n=15 m=77 tag=perturb g6=Nz{}rYNZF‾‾Vz^^}ldW t=0.3s
TIGHT n=15 m=82 tag=perturb g6=NMn^‾lurz^f‾xu‾‾f^W t=0.3s
TIGHT n=15 m=77 tag=perturb g6=N‾|zB|]¥R‾NSq|‾‾nfW t=0.6s
TIGHT n=15 m=84 tag=perturb g6=N]|‾}‾‾‾|‾¥}nL{‾Ul_ t=0.2s
TIGHT n=15 m=78 tag=perturb g6=Nj‾bvZlRN‾‾vpV}rZ‾W t=0.7s
TIGHT n=15 m=85 tag=perturb g6=N‾‾}u^Q}^‾‾Zv^^vkvw t=0.5s
TIGHT n=15 m=85 tag=perturb g6=Nj‾|‾]Z‾s‾rtv^v}‾^W t=0.5s
TIGHT n=15 m=77 tag=perturb g6=N^y|hUv}^vvXz}z}}Gw t=0.1s
TIGHT n=15 m=84 tag=perturb g6=N}X‾}Z‾}n^Znzxv‾|}_ t=0.5s
TIGHT n=15 m=86 tag=perturb g6=NiYjv‾n‾}‾f]‾‾vvl‾w t=0.4s
TIGHT n=15 m=83 tag=perturb g6=Nnw}vN‾a}‾]sx‾‾‾‾uw t=0.4s
TIGHT n=15 m=87 tag=perturb g6=N^nzy^|‾‾z‾n‾}Pt‾vg t=0.1s
TIGHT n=15 m=82 tag=perturb g6=N‾u|j|v|‾r‾Wnn‾Tr^o t=0.6s
TIGHT n=15 m=77 tag=perturb g6=N}¥{UmLv‾‾z|^fZe‾n? t=0.3s
TIGHT n=15 m=77 tag=perturb g6=N‾Zq‾nfkv‾ov‾irnYxw t=0.4s
TIGHT n=15 m=76 tag=perturb g6=Nuv‾{}pmnu}|zY‾k}Wo t=0.1s
TIGHT n=15 m=77 tag=perturb g6=N}}{q[¥bv‾^^^zVm|Yw t=0.5s
TIGHT n=15 m=80 tag=perturb g6=N^y‾hvrk|F‾|j‾z}}Fw t=0.2s
TIGHT n=15 m=71 tag=perturb g6=Nz^|JvxntMdj^|Zj{_W t=0.1s
TIGHT n=15 m=79 tag=perturb g6=N‾kL‾v}r‾xTt‾‾ZT}No t=0.3s
TIGHT n=15 m=76 tag=perturb g6=NfYzUUnmmzvZMw‾t‾‾w t=0.3s
TIGHT n=15 m=81 tag=perturb g6=N}}vm‾dn‾|‾v`‾n`x‾O t=0.1s
TIGHT n=15 m=85 tag=perturb g6=Nvu‾]z‾‾teZv‾‾f‾xuw t=0.2s
TIGHT n=15 m=75 tag=perturb g6=NJ‾NE}]nxlpy‾‾}}rcw t=0.1s
TIGHT n=15 m=83 tag=perturb g6=N|T‾v‾‾^‾Zzcz‾‾]dug t=0.5s
TIGHT n=15 m=76 tag=perturb g6=N‾Zx|no¥^xTzYvn^{}W t=0.2s
TIGHT n=15 m=81 tag=perturb g6=NMj}njV|z‾}z|@^‾‾vo t=0.6s
TIGHT n=15 m=90 tag=perturb g6=N|H‾}n‾‾‾‾‾^F‾‾‾f‾G t=1.0s
TIGHT n=15 m=81 tag=perturb g6=N‾¥nj|i‾z‾jfu^}|^Fo t=0.1s
TIGHT n=15 m=86 tag=perturb g6=N|H}un‾‾}v‾^F‾‾‾f‾G t=1.2s
TIGHT n=15 m=72 tag=perturb g6=NkU]v‾|l‾]U^Z^Pp[zW t=0.1s
TIGHT n=15 m=82 tag=perturb g6=N}l‾‾n‾‾|‾¥}nLS‾Ul_ t=0.1s
TIGHT n=15 m=87 tag=perturb g6=Nx‾‾e¥}‾‾‾|}}ne|}^w t=0.8s
TIGHT n=15 m=74 tag=perturb g6=NXUzN}PFxr‾||vx}zNo t=0.2s
TIGHT n=15 m=89 tag=perturb g6=N|H‾{n‾‾‾‾‾^Vn‾‾f‾G t=0.6s
TIGHT n=15 m=79 tag=perturb g6=Ny‾^‾^‾fxy|}j‾aQ‾sW t=0.8s
TIGHT n=15 m=79 tag=perturb g6=N¥V‾^TJ‾^r‾zYWzt^‾w t=0.4s
TIGHT n=15 m=86 tag=perturb g6=N|‾^|F]|¥‾v‾‾‾|‾}eO t=0.3s
TIGHT n=15 m=82 tag=perturb g6=N‾‾uq^R|F‾m¥v^^zl‾w t=0.5s
TIGHT n=15 m=78 tag=perturb g6=N^Vzxyx^}afx}‾||‾Rg t=0.3s
TIGHT n=15 m=88 tag=perturb g6=N}‾znN‾nnz‾nV{vnr‾w t=0.7s
TIGHT n=15 m=74 tag=perturb g6=NnpFE‾‾zn]x‾ZvRu‾J? t=0.3s
TIGHT n=15 m=82 tag=perturb g6=NjZ|zsz}|xN}fl}v‾‾w t=0.7s
TIGHT n=15 m=75 tag=perturb g6=Nz‾‾|X|vJZZB‾m}YdxW t=0.2s
TIGHT n=15 m=75 tag=perturb g6=Nnrl‾‾‾}qJXMr‾jZyYW t=0.8s
TIGHT n=15 m=82 tag=perturb g6=NU‾}zrR|n‾‾vnMh^}zw t=0.5s
TIGHT n=15 m=88 tag=perturb g6=N‾‾v‾b^‾‾jz^‾mt‾zZW t=0.6s
TIGHT n=15 m=87 tag=perturb g6=N‾‾dxz‾v‾vN^rn‾}]‾W t=0.8s
TIGHT n=15 m=81 tag=perturb g6=N}l‾n}|‾‾||}nLS‾Um_ t=1.0s
TIGHT n=15 m=94 tag=perturb g6=N‾z‾n‾nzqZ‾‾V‾‾‾‾‾w t=1.1s
TIGHT n=15 m=73 tag=perturb g6=N|^gR{}‾|beyPk‾nV^w t=0.5s
TIGHT n=15 m=78 tag=perturb g6=Ni‾vz]i¥fvtq}l‾|¥‾W t=1.2s
TIGHT n=15 m=77 tag=perturb g6=Nv‾|¥zdcmj‾‾ympX‾zW t=0.3s
TIGHT n=15 m=80 tag=perturb g6=N^¥‾l|}‾z‾hfu^y{^Fo t=0.4s
TIGHT n=15 m=78 tag=perturb g6=NzL^jl}‾zV‾feN}|^Fo t=1.9s
TIGHT n=15 m=91 tag=perturb g6=N‾^n‾z‾}m^zn‾n‾‾mvg t=2.2s
TIGHT n=15 m=90 tag=perturb g6=N‾‾‾}zn}ms‾‾‾Vzz‾xw t=1.2s
TIGHT n=15 m=70 tag=perturb g6=NNs}lz]frx^mtr^TMx_ t=0.5s
TIGHT n=15 m=74 tag=perturb g6=Njvi‾‾‾mRZXMr‾jZyYW t=0.2s
TIGHT n=15 m=68 tag=perturb g6=N^JzZHuY^^NZ¥f}^¥H? t=0.1s
TIGHT n=15 m=82 tag=perturb g6=Nn}Zzz‾N}tVN}Jv}v^w t=0.7s
TIGHT n=15 m=73 tag=perturb g6=N‾yxlmo|‾wTYYvn^{}W t=0.8s
TIGHT n=15 m=80 tag=perturb g6=NrV‾x‾^zu‾dz}‾G|mzg t=0.3s
TIGHT n=15 m=80 tag=perturb g6=N^znRYt‾x}vZ}nv|jzW t=0.6s
TIGHT n=15 m=82 tag=perturb g6=Nx‾vm¥o‾|v|}y‾v|{rw t=0.7s
TIGHT n=15 m=85 tag=perturb g6=NZ{‾mj‾l‾‾{|^mf‾‾|g t=0.6s
TIGHT n=15 m=77 tag=perturb g6=NN{^‾x‾L}‾ex^b‾]jWw t=0.3s
TIGHT n=15 m=91 tag=perturb g6=N‾ns}f}‾‾u‾‾‾‾x‾|^w t=1.1s
TIGHT n=15 m=77 tag=perturb g6=NV‾mr‾|}‾vr^y‾AOlVw t=0.3s
TIGHT n=15 m=79 tag=perturb g6=N‾Rwi^m‾}‾zv‾^D|[fw t=1.3s
TIGHT n=15 m=94 tag=perturb g6=Nf}n‾‾‾‾‾‾n^^‾Y‾^‾w t=1.3s
TIGHT n=15 m=81 tag=perturb g6=N‾xjy‾ml‾‾‾hNqnnp‾g t=0.9s
TIGHT n=15 m=82 tag=perturb g6=Nv‾‾|‾‾snnB‾vm]rVro t=0.9s
TIGHT n=15 m=72 tag=perturb g6=N^[^‾‾qL}‾Bp^L¥Ij}W t=0.3s
TIGHT n=15 m=76 tag=perturb g6=NyBvV‾b^vVJxz‾fv|}_ t=0.3s
TIGHT n=15 m=83 tag=perturb g6=N^v¥v‾‾nrve{‾‾}[nhw t=0.3s
TIGHT n=15 m=75 tag=perturb g6=Nyj]{vrzlbm‾PnBn^‾w t=0.3s
TIGHT n=15 m=75 tag=perturb g6=N‾x}eZuYy¥}‾Qz‾^|f? t=0.7s
TIGHT n=15 m=82 tag=perturb g6=NJZn]Vj‾Nr‾zn[‾t‾‾w t=0.3s
TIGHT n=15 m=75 tag=perturb g6=N‾DvV‾‾}zVzdr|v[dUG t=0.9s
TIGHT n=15 m=102 tag=perturb g6=N‾‾‾‾}‾‾‾‾‾‾‾‾‾‾vzw t=3.1s
TIGHT n=15 m=77 tag=perturb g6=Nj{l}ym}o‾Rvj}‾y^‾O t=0.3s
TIGHT n=15 m=79 tag=perturb g6=N}Tv^‾‾w^‾xJZvRv‾jG t=0.3s
TIGHT n=15 m=78 tag=perturb g6=NuZvn‾|pT‾|Lz‾l|`‾_ t=0.3s
TIGHT n=15 m=71 tag=perturb g6=Nqj]ytrzk`m‾PvBn^‾w t=0.3s
TIGHT n=15 m=72 tag=perturb g6=Naj]yvqzk`m‾PvJ‾^‾w t=0.3s
TIGHT n=15 m=87 tag=perturb g6=N|vZ‾nrl|^nn‾‾fnz‾o t=0.3s
TIGHT n=15 m=84 tag=perturb g6=Nzzz‾vnqu‾}w‾n‾u‾lG t=0.3s
TIGHT n=15 m=90 tag=perturb g6=N}‾zV‾|s‾‾n‾vz‾‾yzW t=0.9s
TIGHT n=15 m=80 tag=perturb g6=Nf‾||zl^LU‾{^{^f^^W t=0.7s
TIGHT n=15 m=67 tag=perturb g6=NfEPf|Zq|imzx¥^]vgo t=0.3s
TIGHT n=15 m=77 tag=perturb g6=N‾z‾LNyyNy¥|‾Rhh‾ng t=0.6s
TIGHT n=15 m=89 tag=perturb g6=N‾vYrm}‾‾‾nnn‾Vn^‾w t=2.5s
TIGHT n=15 m=82 tag=perturb g6=Nn^‾‾N|}^ryvRUVn}‾o t=0.2s
TIGHT n=15 m=80 tag=perturb g6=NIryJiN‾v^^‾n^Fn‾‾w t=0.9s
TIGHT n=15 m=80 tag=perturb g6=Nn‾‾MRlzNvn}‾Xz‾{u_ t=0.7s
TIGHT n=15 m=91 tag=perturb g6=N‾Vz}n‾]yz‾‾‾‾||z^w t=1.0s
TIGHT n=15 m=77 tag=perturb g6=NneZiwYwUz}|‾‾|^t‾w t=0.4s
TIGHT n=15 m=79 tag=perturb g6=N‾t^^tuvV}wwz‾t‾X^o t=0.3s
TIGHT n=15 m=84 tag=perturb g6=N]||]z‾nn‾¥n‾lw‾u|o t=0.7s
TIGHT n=15 m=82 tag=perturb g6=NR^Nv}]‾zLvy‾‾}}xmw t=0.3s
TIGHT n=15 m=73 tag=perturb g6=N‾zln‾zYzn|MUXjZgHw t=0.6s
TIGHT n=15 m=68 tag=perturb g6=N}T]V‾nIp‾JgyvR]‾L? t=0.4s
TIGHT n=15 m=76 tag=perturb g6=NtN|jMS|‾‾iJzzm‾g‾w t=0.4s
TIGHT n=15 m=74 tag=perturb g6=N‾zxlfoklxtzYvn^{}W t=0.6s
TIGHT n=15 m=79 tag=perturb g6=Nsm‾]y^‾tuYu‾‾n‾puo t=0.3s
TIGHT n=15 m=80 tag=perturb g6=Nn^‾zN|}‾ryvRUVzmno t=0.3s
TIGHT n=15 m=84 tag=perturb g6=Nzfj]‾n‾‾‾n‾{{zncyw t=0.6s
TIGHT n=15 m=97 tag=perturb g6=Nz|zz‾j‾‾x‾‾‾‾‾‾‾‾w t=0.4s
TIGHT n=15 m=83 tag=perturb g6=N‾s‾xv]cm|‾znv‾m‾tw t=1.7s
TIGHT n=15 m=83 tag=perturb g6=N}eVi‾Jz‾]‾‾z‾^^x|g t=0.9s
TIGHT n=15 m=77 tag=perturb g6=Ni‾vz]iXfvVq}l‾|¥}w t=0.4s
TIGHT n=15 m=78 tag=perturb g6=N‾zni¥t‾uG^vz‾yn^iW t=0.3s
TIGHT n=15 m=88 tag=perturb g6=N}|^V‾^{‾‾N}‾‾v^}hw t=0.7s
TIGHT n=15 m=74 tag=perturb g6=N‾j‾TNzhLw||‾fjDvew t=0.6s
TIGHT n=15 m=86 tag=perturb g6=N|v]‾V‾]z^‾^z^k}z^w t=0.4s
TIGHT n=15 m=86 tag=perturb g6=N‾x‾^rnvz^}z‾lvb‾yw t=0.7s
TIGHT n=15 m=84 tag=perturb g6=Nfn|‾‾n‾yy|z^dtlf‾w t=0.4s
TIGHT n=15 m=75 tag=perturb g6=Ne‾ZRr‾F}xVDujv}v^w t=0.3s
TIGHT n=15 m=76 tag=perturb g6=N‾DVV‾‾}}Vzdr|v[tuG t=0.3s
TIGHT n=15 m=81 tag=perturb g6=NvMj‾}Tn‾nN^J‾Y‾L‾w t=0.3s
TIGHT n=15 m=86 tag=perturb g6=N]m}^‾‾||^n^^‾‾|l{_ t=0.7s
TIGHT n=15 m=77 tag=perturb g6=NJtUr|U¥z|e}P‾‾l‾‾w t=0.3s
TIGHT n=15 m=83 tag=perturb g6=N}‾|i]enZ‾zv‾^f|¥vw t=0.3s
TIGHT n=15 m=84 tag=perturb g6=N|M‾nz‾}mZz‾‾Mn|mvg t=0.3s
TIGHT n=15 m=77 tag=perturb g6=N^jjiZ|‾‾r|nzmPt‾uG t=0.8s
TIGHT n=15 m=81 tag=perturb g6=Nn}Zz‾‾N}tVN}jvmv^_ t=2.4s
TIGHT n=15 m=81 tag=perturb g6=N‾Z^}‾‾|zlkd|v}Jnww t=0.3s
TIGHT n=15 m=73 tag=perturb g6=Nmv{ZIn^V¥^bjnFlZ‾W t=0.3s
TIGHT n=15 m=79 tag=perturb g6=Nn‾‾mlz[jrQ}^zu‾fuw t=0.3s
TIGHT n=15 m=82 tag=perturb g6=Nn‾¥v}Zc‾vVn‾‾}}mhW t=1.0s
TIGHT n=15 m=77 tag=perturb g6=NrV‾xv^zu‾dz}‾G|mRg t=0.3s
TIGHT n=15 m=91 tag=perturb g6=N‾¥zn‾}^vu‾‾‾^‾v^fw t=0.8s
TIGHT n=15 m=71 tag=perturb g6=N‾Jyvnfkv‾ov}yaNYpo t=0.9s
TIGHT n=15 m=68 tag=perturb g6=NR}rbXlulZK{}ZwS^‾w t=0.9s
TIGHT n=15 m=77 tag=perturb g6=NZeLv‾‾nrvv{x‾}[khw t=0.6s
TIGHT n=15 m=90 tag=perturb g6=N‾{‾x‾Zvf‾‾x‾‾{‾}vw t=2.3s
TIGHT n=15 m=76 tag=perturb g6=Ny‾^‾^}fxy|}jfaQ‾sW t=0.4s
TIGHT n=15 m=93 tag=perturb g6=N}^‾}nN‾}‾‾‾N|‾‾v‾g t=2.2s
TIGHT n=15 m=70 tag=perturb g6=NgY^F‾|l^}u^n|vPCyG t=0.7s
TIGHT n=15 m=81 tag=perturb g6=Nnz}m^d‾u]jt‾n‾Vy}g t=0.3s
TIGHT n=15 m=82 tag=perturb g6=N‾n}}^Q}‾‾uZv^]rkvw t=0.8s
TIGHT n=15 m=81 tag=perturb g6=N[||¥z‾nm^¥n‾lw‾u|o t=0.3s
TIGHT n=15 m=76 tag=perturb g6=N‾z^DNzpba‾xXvjt‾‾w t=0.6s
TIGHT n=15 m=92 tag=perturb g6=Nx‾z^^‾|¥‾‾‾‾‾|l‾no t=1.1s
TIGHT n=15 m=79 tag=perturb g6=NMn^‾lqrz^f‾xu}vf^W t=0.8s
TIGHT n=15 m=75 tag=perturb g6=N‾zvvv]xzQ{|zhX|yqW t=0.3s
TIGHT n=15 m=79 tag=perturb g6=N‾‾^yl^dfdtxtn‾|x‾_ t=0.6s
TIGHT n=15 m=75 tag=perturb g6=Nv[‾g‾|{‾}z{Nim]qnG t=0.3s
TIGHT n=15 m=68 tag=perturb g6=Nz{}rYNYD‾^ur[N‾HdO t=0.3s
TIGHT n=15 m=88 tag=perturb g6=Nr^x‾‾x‾‾rx‾v‾V‾]‾o t=0.4s
TIGHT n=15 m=85 tag=perturb g6=N]‾|^uZ‾|K‾‾r|^‾Y‾w t=0.9s
TIGHT n=15 m=74 tag=perturb g6=NO‾yN}N{xN‾‾MVt¥j}g t=0.4s
TIGHT n=15 m=91 tag=perturb g6=N‾r‾mn‾‾yR‾‾V‾‾‾‾]w t=0.9s
TIGHT n=15 m=79 tag=perturb g6=N‾‾^yl^dndT|tm‾|x}o t=0.6s
TIGHT n=15 m=79 tag=perturb g6=N‾‾nvvm‾bo^X‾‾X|{YW t=0.8s
TIGHT n=15 m=91 tag=perturb g6=Nfn‾‾‾‾‾{|l‾jlt‾‾‾w t=2.5s
TIGHT n=15 m=80 tag=perturb g6=N‾^t‾x‾K‾o‾n|l}snrg t=1.3s
TIGHT n=15 m=78 tag=perturb g6=NXmYey}‾zi}V^}f‾nzw t=1.3s
TIGHT n=15 m=76 tag=perturb g6=N^h¥Zv|M{qfXzv‾‾l}W t=0.3s
TIGHT n=15 m=88 tag=perturb g6=N‾^‾jxt^n‾‾n¥}^v‾vg t=2.2s
TIGHT n=15 m=89 tag=perturb g6=N‾n{^v}‾Z}‾‾v‾Xz‾^g t=0.6s
TIGHT n=15 m=83 tag=perturb g6=NV|Venlx]‾n|N|‾‾v‾g t=0.9s
TIGHT n=15 m=78 tag=perturb g6=NeZ}]ynb|^zYup‾‾‾ng t=1.0s
TIGHT n=15 m=85 tag=perturb g6=Nn|¥‾luzr}‾‾jv|^]‾o t=1.0s
TIGHT n=15 m=84 tag=perturb g6=NZ^nln|^‾]¥||X‾^‾^o t=0.3s
TIGHT n=15 m=77 tag=perturb g6=N‾Bwi]m‾}‾zv‾^D|¥bw t=0.3s
TIGHT n=15 m=85 tag=perturb g6=N‾r^^z|v‾|}}‾yV]mZw t=0.3s
TIGHT n=15 m=79 tag=perturb g6=NvzTetU}‾‾‾‾A‾fN^|o t=0.4s
TIGHT n=15 m=89 tag=perturb g6=N‾s]v‾‾}zV‾‾‾‾bz}}w t=0.9s
TIGHT n=15 m=89 tag=perturb g6=Nzv‾‾yzs^‾‾‾fnz‾J‾w t=1.1s
TIGHT n=15 m=80 tag=perturb g6=N‾{¥‾‾fwu^^]|v]r{jw t=1.0s
TIGHT n=15 m=77 tag=perturb g6=N¥J‾n}m|^lkz^i^‾mtO t=1.2s
TIGHT n=15 m=89 tag=perturb g6=Nn‾tn‾‾}z‾^^m‾Vmnvw t=2.1s
TIGHT n=15 m=74 tag=perturb g6=N^h|]v|E{qfXzv‾‾x[W t=0.8s
TIGHT n=15 m=77 tag=perturb g6=Nj‾vVn¥^‾ll||RvVXlG t=0.3s
TIGHT n=15 m=84 tag=perturb g6=N^n‾}tvZy|vvz}‾xv¥W t=0.7s
TIGHT n=15 m=90 tag=perturb g6=NM^‾‾N‾vv}zzn|‾‾nzw t=0.4s
TIGHT n=15 m=89 tag=perturb g6=N‾^‾¥‾x‾‾tv‾‾|^{{‾_ t=0.7s
TIGHT n=15 m=68 tag=perturb g6=NRuqb¥ltlZK}}Zx@^‾w t=0.2s
TIGHT n=15 m=95 tag=perturb g6=Nu‾‾‾‾‾‾x]‾j^^‾‾‾‾w t=2.5s
TIGHT n=15 m=80 tag=perturb g6=Nzf‾¥j‾e¥vpn‾‾dvlrw t=0.4s
TIGHT n=15 m=87 tag=perturb g6=Nz||B^b‾|tn}‾f‾‾‾‾w t=0.7s
TIGHT n=15 m=79 tag=perturb g6=N^v¥v‾‾Nrvey^V]S‾|g t=1.0s
TIGHT n=15 m=73 tag=perturb g6=N‾X‾f‾RGxbUj¥‾uvfzo t=0.6s
TIGHT n=15 m=77 tag=perturb g6=N^rnPZp‾x}vR‾m||jzW t=0.7s
TIGHT n=15 m=69 tag=perturb g6=N‾twt|^¥an]y¥bvNyi? t=0.6s
TIGHT n=15 m=84 tag=perturb g6=NVn‾{tVrV‾v‾z}‾nvNo t=0.4s
TIGHT n=15 m=84 tag=perturb g6=Njx]‾vn{zn‾zzevv}nw t=1.0s
TIGHT n=15 m=71 tag=perturb g6=NzxQztutF}gWx‾v}zNW t=0.3s
TIGHT n=15 m=67 tag=perturb g6=NzbdStka|XIe‾zG‾^‾w t=0.3s
TIGHT n=15 m=78 tag=perturb g6=N{m‾[y^‾tuYunnf‾xuw t=0.6s
TIGHT n=15 m=80 tag=perturb g6=N}S‾rz^‾|nznO¥vt‾‾_ t=0.4s
TIGHT n=15 m=85 tag=perturb g6=NJ|‾‾‾j¥z|fuTn‾l‾‾w t=0.3s
TIGHT n=15 m=84 tag=perturb g6=N^^‾unvm}n‾‾Np‾‾fkg t=0.7s
TIGHT n=15 m=79 tag=perturb g6=N‾zvxT}ivn|vj}||tZG t=2.0s
TIGHT n=15 m=87 tag=perturb g6=Nnvvz}‾n‾‾}‾¥t‾nn[O t=0.6s
TIGHT n=15 m=87 tag=perturb g6=N}T‾f‾‾m‾‾zni‾v‾}n_ t=1.1s
TIGHT n=15 m=86 tag=perturb g6=N‾nv^‾‾pV‾|Xz‾x‾p‾g t=1.7s
TIGHT n=15 m=81 tag=perturb g6=Nzv‾|y‾dU¥‾‾nfzxHzw t=1.1s
TIGHT n=15 m=82 tag=perturb g6=Nzex]‾n‾‾^n‾{{zncjw t=0.8s
TIGHT n=15 m=81 tag=perturb g6=N|Z‾mlv|wz^‾Q‾}zx{w t=0.7s
TIGHT n=15 m=85 tag=perturb g6=Nvzv[‾‾pV‾|Xz‾t‾|‾g t=0.9s
TIGHT n=15 m=73 tag=perturb g6=N^ytxU‾|^tvXzCz}}Gw t=0.3s
TIGHT n=15 m=73 tag=perturb g6=NN{Vzx‾L}‾eP|b‾]jWw t=0.3s
TIGHT n=15 m=81 tag=perturb g6=N]‾Gt|^m‾t‾b‾‾}}nbw t=1.7s
TIGHT n=15 m=77 tag=perturb g6=NWfYMy}‾zY}V^}r‾nzw t=0.3s
TIGHT n=15 m=86 tag=perturb g6=Nzv‾}yZ{^‾‾‾njzfJ‾w t=0.3s
TIGHT n=15 m=77 tag=perturb g6=N¥U^^Cj|Nr‾z]W‾t‾‾w t=0.4s
TIGHT n=15 m=86 tag=perturb g6=N^‾‾‾v‾}‾uvd‾‾yylhW t=1.1s
TIGHT n=15 m=87 tag=perturb g6=N‾‾‾}nx‾|z‾‾v‾U^Ano t=1.7s
TIGHT n=15 m=85 tag=perturb g6=N‾^nxz}}m]zn^l‾‾e‾g t=1.0s
TIGHT n=15 m=87 tag=perturb g6=N‾Vz}n‾]yq‾‾}v||z^w t=2.0s
TIGHT n=15 m=76 tag=perturb g6=N‾^[w`{¥z{rz^dnn}‾W t=0.6s
TIGHT n=15 m=80 tag=perturb g6=N|‾]tF]|¥uv‾vv|‾}eO t=0.3s
TIGHT n=15 m=83 tag=perturb g6=N||v‾v‾‾nav{‾Z]x|ZW t=0.4s
TIGHT n=15 m=86 tag=perturb g6=N‾|‾‾n‾v}vn]wf‾|¥xW t=1.4s
TIGHT n=15 m=85 tag=perturb g6=N}N‾}nNzznT‾N|N‾z‾g t=1.2s
TIGHT n=15 m=91 tag=perturb g6=N‾‾^^v^}‾z‾w‾n‾‾|^G t=1.1s
TIGHT n=15 m=74 tag=perturb g6=Nzd‾¥jVf[f_n‾‾frlrw t=0.6s
TIGHT n=15 m=86 tag=perturb g6=N‾vzf‾|nzvnd‾NNvz‾o t=0.3s
TIGHT n=15 m=79 tag=perturb g6=Nf]wn}XU|}v‾sz|}‾jw t=1.5s
TIGHT n=15 m=88 tag=perturb g6=N‾rYr‾‾x‾‾nn|^VN‾‾w t=0.8s
TIGHT n=15 m=94 tag=perturb g6=Nz}nmz‾‾‾‾}‾^}f‾‾‾w t=0.9s
TIGHT n=15 m=69 tag=perturb g6=NjVi‾‾‾NRRGMR‾jZyZG t=0.3s
TIGHT n=15 m=85 tag=perturb g6=NlZv‾v‾vmjp{‾Z‾‾|‾W t=1.0s
TIGHT n=15 m=87 tag=perturb g6=N‾l‾‾Xzj^vm]‾y‾‾n‾W t=1.1s
TIGHT n=15 m=86 tag=perturb g6=Nv^z}uX^x‾‾|‾‾k}z^w t=0.7s
TIGHT n=15 m=84 tag=perturb g6=N[‾v]N‾‾z‾¥nnnw‾u|o t=1.9s
TIGHT n=15 m=87 tag=perturb g6=Nx‾‾}¥u|‾‾|}}be|‾‾w t=1.3s
TIGHT n=15 m=73 tag=perturb g6=N‾jzxXuY^^NZXf}‾¥HW t=0.6s
TIGHT n=15 m=76 tag=perturb g6=Nv¥nj|i‾ynafu^}|^Fo t=0.6s
TIGHT n=15 m=69 tag=perturb g6=NzbLOB{yz{Ve]yvs‾‾w t=0.3s
TIGHT n=15 m=88 tag=perturb g6=N|‾‾‾n‾vmif|‾Z‾‾lzW t=2.4s
TIGHT n=15 m=89 tag=perturb g6=NV|‾|vtn‾‾‾‾|^‾Vzhw t=1.8s
TIGHT n=15 m=78 tag=perturb g6=N}]xg^m‾z‾wv‾Nf|]Vg t=0.3s
TIGHT n=15 m=77 tag=perturb g6=Nz}}V}‾Zv¥T¥J^^iz]W t=1.1s
TIGHT n=15 m=82 tag=perturb g6=N‾r|‾‾]‾}J|Yr‾j‾{Qw t=0.6s
TIGHT n=15 m=78 tag=perturb g6=N‾xjy‾mk‾‾‾hNqnnp¥g t=0.7s
TIGHT n=15 m=79 tag=perturb g6=N|}‾tp|^Iy^‾‾‾Y[rzW t=0.6s
TIGHT n=15 m=83 tag=perturb g6=NVt^‾V‾]xN‾^{‾k}z^w t=1.2s
TIGHT n=15 m=92 tag=perturb g6=Nx‾‾‾¥‾‾‾z‾f‾{ju‾‾w t=1.6s
TIGHT n=15 m=85 tag=perturb g6=Nv¥‾‾}zV‾vn]xz‾|¥{W t=0.7s
TIGHT n=15 m=71 tag=perturb g6=NYBvV‾b^tVJwz‾fvl}? t=0.3s
TIGHT n=15 m=83 tag=perturb g6=Nn|¥‾d‾xru^‾jv|^]‾o t=0.3s
TIGHT n=15 m=74 tag=perturb g6=Nf¥n‾EZV}‾nUyzrsN{W t=0.8s
TIGHT n=15 m=78 tag=perturb g6=NNZ‾]Fb‾nr‾jM[‾g‾‾w t=0.3s
TIGHT n=15 m=82 tag=perturb g6=Nvlv‾Z‾^x^¥vv‾YnVNo t=1.1s
TIGHT n=15 m=89 tag=perturb g6=Nu‾‾‾‾‾‾xM‾h^[|z‾‾w t=0.5s
TIGHT n=15 m=77 tag=perturb g6=NJd]r|U¥z|m]P‾‾l‾‾w t=0.5s
TIGHT n=15 m=77 tag=perturb g6=NVj}zynb‾VnrUB‾‾vnG t=0.3s
TIGHT n=15 m=74 tag=perturb g6=N‾zzxX‾Y¥^NQ¥f}‾^HG t=0.3s
TIGHT n=15 m=77 tag=perturb g6=N‾n‾|xtFRzzB‾m}YfzW t=0.7s
TIGHT n=15 m=89 tag=perturb g6=N‾^zn|^‾y}‾v‾^‾|^bW t=0.9s
TIGHT n=15 m=77 tag=perturb g6=N‾j}{]Q}‾‾szvF¥rkvw t=1.5s
TIGHT n=15 m=79 tag=perturb g6=Nn}Zzz‾em|VN]Z^}f]w t=1.1s
TIGHT n=15 m=74 tag=perturb g6=Nzx^DNzpba‾x[vjt‾‾w t=0.9s
TIGHT n=15 m=89 tag=perturb g6=N‾[nx‾^V‾^}zu‾‾‾z}w t=0.3s
TIGHT n=15 m=88 tag=perturb g6=NzZy‾vz]v‾z‾}}vnz|w t=0.4s
TIGHT n=15 m=85 tag=perturb g6=Nj‾ov‾lr‾‾|‾|‾^^R‾O t=0.7s
TIGHT n=15 m=80 tag=perturb g6=N^t¥rv‾nrve{‾‾}knpw t=0.3s
TIGHT n=15 m=84 tag=perturb g6=Ntxhxn]z‾‾z|‾¥V¥‾‾w t=0.6s
TIGHT n=15 m=82 tag=perturb g6=Nfmr^|n‾a‾l‾Jdv|‾‾w t=0.4s
TIGHT n=15 m=82 tag=perturb g6=Nn^y‾^lvi‾‾b‾N{^‾ZO t=0.3s
TIGHT n=15 m=75 tag=perturb g6=N‾|ap^J{dtMtv^‾‾w^w t=0.6s
TIGHT n=15 m=71 tag=perturb g6=NnJ}{[O}V‾sztNtrkvw t=0.6s
TIGHT n=15 m=80 tag=perturb g6=N^‾n}‾Jpv‾}vxvdFnfg t=0.9s
TIGHT n=15 m=77 tag=perturb g6=NV}‾u‾M]VXvp‾n‾ZzQg t=0.2s
TIGHT n=15 m=87 tag=perturb g6=N‾^‾‾qzu‾r‾nn]V‾]‾o t=1.4s
TIGHT n=15 m=89 tag=perturb g6=N‾v‾vp‾^‾n‾kv^‾y‾xw t=0.2s
TIGHT n=15 m=66 tag=perturb g6=Nb{v`¥¥ulZ]S}ZWC^‾w t=0.1s
TIGHT n=15 m=72 tag=perturb g6=N|^gR{}‾|bey@k‾n^^g t=0.6s
TIGHT n=15 m=80 tag=perturb g6=N]|‾}v‾^l‾¥}mL{‾Elo t=0.8s
TIGHT n=15 m=84 tag=perturb g6=NF^^^^f{Znzr‾yzv‾‾w t=0.4s
TIGHT n=15 m=73 tag=perturb g6=NtjvwD}gvn|vzy||uZG t=0.5s
TIGHT n=15 m=86 tag=perturb g6=N‾|vN|NyvZn¥‾‾V]‾‾w t=0.8s
TIGHT n=15 m=80 tag=perturb g6=N^‾n}|jpv‾yvzvfF^fG t=0.8s
TIGHT n=15 m=76 tag=perturb g6=Nvvv|bvn{i]V‾ntr}XG t=0.3s
TIGHT n=15 m=81 tag=perturb g6=N}iVn|JZ‾]‾‾zrz^x|g t=0.6s
TIGHT n=15 m=92 tag=perturb g6=Nff‾‾‾‾‾‾|l‾xlt‾‾‾w t=0.7s
TIGHT n=15 m=79 tag=perturb g6=N‾‾}u^O]^y‾ZVZ^vkvw t=0.3s
TIGHT n=15 m=77 tag=perturb g6=Nne]nozwUry{‾‾|^t‾w t=0.4s
TIGHT n=15 m=83 tag=perturb g6=N‾l‾jcq^n‾‾‾^‾^U‾VG t=0.4s
TIGHT n=15 m=80 tag=perturb g6=N‾^z}NuUYz¥‾‾[|xZ^w t=0.4s
TIGHT n=15 m=81 tag=perturb g6=N}fl^yZ‾{k‾mR‾^‾Y‾w t=0.6s
TIGHT n=15 m=85 tag=perturb g6=N^v[^v^}‾z‾w‾n‾‾k^G t=0.3s
TIGHT n=15 m=82 tag=perturb g6=NVn|}tVjV‾|vz}r‾vVW t=0.4s
TIGHT n=15 m=81 tag=perturb g6=N‾zvF^U¥‾^zZ{U^v‾}g t=0.7s
TIGHT n=15 m=85 tag=perturb g6=N‾Vz}n‾]yzf‾l‾||i^w t=1.1s
TIGHT n=15 m=88 tag=perturb g6=Nf‾xn‾nzqj‾‾v}‾}n‾o t=2.5s
TIGHT n=15 m=71 tag=perturb g6=N‾}xjMox‾wUYyb‾^[}W t=0.3s
TIGHT n=15 m=82 tag=perturb g6=N|m‾^y^ztuYu‾‾f‾x{w t=0.1s
TIGHT n=15 m=90 tag=perturb g6=N‾v‾dn‾kz‾‾‾}z^|z^w t=0.7s
TIGHT n=15 m=86 tag=perturb g6=N‾nnz|vy}Nz‾|vjf‾}W t=0.8s
TIGHT n=15 m=79 tag=perturb g6=N}z}}ryuv‾]W^u‾un|G t=0.6s
TIGHT n=15 m=66 tag=perturb g6=NR]rbzdulZK{yJwS^‾w t=0.3s
TIGHT n=15 m=81 tag=perturb g6=Nbe}z|q‾‾‾l^^‾z‾SNW t=0.3s
TIGHT n=15 m=74 tag=perturb g6=NYx¥^r‾njv¥N‾lwlvsO t=0.1s
TIGHT n=15 m=65 tag=perturb g6=NpuqBZltlZK}}Bx@^‾w t=0.1s
TIGHT n=15 m=68 tag=perturb g6=NuuTkfL}nuv‾uQfk‾WO t=0.3s
TIGHT n=15 m=81 tag=perturb g6=N|m^|FU}¥‾}‾‾‾lv}eO t=0.4s
TIGHT n=15 m=83 tag=perturb g6=N‾vv}T}]fn}vz}||}ZW t=0.4s
TIGHT n=15 m=85 tag=perturb g6=Nj||‾^‾uo‾^vvU‾}‾‾O t=0.8s
TIGHT n=15 m=76 tag=perturb g6=Nu‾n{]Ti‾f¥|zU‾k‾Xo t=0.3s
TIGHT n=15 m=77 tag=perturb g6=NzZv}in}mJ‾‾ZXx‾fkg t=0.2s
TIGHT n=15 m=81 tag=perturb g6=N‾|‾‾mvv}Fl]{e‾|VxW t=0.5s
TIGHT n=15 m=72 tag=perturb g6=NnkZrz‾NqpvNmLtqV^w t=0.3s
TIGHT n=15 m=71 tag=perturb g6=NcZ{V}^l|‾V]o|erXzW t=0.3s
TIGHT n=15 m=74 tag=perturb g6=Nj}}V}‾Zr¥T¥J^Viz^O t=1.0s
TIGHT n=15 m=81 tag=perturb g6=N‾t|t‾}|ef}^Tj|‾z}_ t=0.7s
TIGHT n=15 m=69 tag=perturb g6=N?imN{V|xfn}MVvtn|_ t=0.1s
TIGHT n=15 m=80 tag=perturb g6=N`‾|‾]‾fs^btf¥^‾‾‾O t=0.4s
TIGHT n=15 m=83 tag=perturb g6=Nfn^v‾‾z{‾l‾jj`‾rfw t=0.3s
TIGHT n=15 m=76 tag=perturb g6=N}iSn|JZ‾]z‾jqz^x|g t=0.7s
TIGHT n=15 m=82 tag=perturb g6=NfmrZ|m‾a‾l‾jlv|‾‾w t=0.3s
TIGHT n=15 m=82 tag=perturb g6=N‾l‾^}vpsv‾xz‾‾|Clw t=0.5s
TIGHT n=15 m=70 tag=perturb g6=NpmvvXkuLZM}}ZG{^‾w t=0.1s
TIGHT n=15 m=60 tag=perturb g6=NdVDf|HQ|amYzXJ]vgo t=0.2s
TIGHT n=15 m=73 tag=perturb g6=N‾zvvv]XzQ{¥zhw|yow t=0.1s
TIGHT n=15 m=82 tag=perturb g6=Nv¥‾z}zV‾vn]Xj‾|¥{W t=0.4s
TIGHT n=15 m=77 tag=perturb g6=N^vnRYt‾w|vVumz}jzW t=0.4s
TIGHT n=15 m=79 tag=perturb g6=NJ^NjFQ^j‾‾‾i|‾‾jNw t=0.4s
TIGHT n=15 m=75 tag=perturb g6=Nz^ln|‾LVwNnwtzTnrg t=0.3s
TIGHT n=15 m=74 tag=perturb g6=NV‾mrv|}f}r^y‾AOlVw t=0.2s
TIGHT n=15 m=98 tag=perturb g6=N}‾‾‾}‾‾‾^‾‾v|‾‾vzw t=3.1s
TIGHT n=15 m=91 tag=perturb g6=N‾vv}ny||‾^‾n‾‾f‾zg t=0.8s
TIGHT n=15 m=74 tag=perturb g6=Ntj}{]Ey‾‾uZ‾B¥rkvw t=0.6s
TIGHT n=15 m=78 tag=perturb g6=Nn]y‾qX]l{‾^u‾lw‾zo t=0.3s
TIGHT n=15 m=77 tag=perturb g6=Nw}}Vz^RV‾T^J^^}|Uw t=1.0s
TIGHT n=15 m=84 tag=perturb g6=N‾zfV‾ZpV‾|jz}t‾z|w t=0.7s
TIGHT n=15 m=81 tag=perturb g6=Nqn|utTyU}v^Z‾‾‾j‾w t=0.6s
TIGHT n=15 m=75 tag=perturb g6=N‾|zB‾^¥R{NSq|vvzfW t=0.2s
TIGHT n=15 m=82 tag=perturb g6=NNZv]Vj‾Nz‾zM[|v‾‾w t=0.3s
TIGHT n=15 m=75 tag=perturb g6=N^S‾|j]fqlnm|p^e}zw t=0.4s
TIGHT n=15 m=81 tag=perturb g6=NzzrvlL‾vlk||u‾^Z‾W t=0.3s
TIGHT n=15 m=88 tag=perturb g6=N‾‾|F|‾m‾Zznu‾{‾nzw t=0.9s
TIGHT n=15 m=72 tag=perturb g6=N^[^nxzLw‾uxFJ‾]jwW t=0.1s
TIGHT n=15 m=83 tag=perturb g6=Nh}tn|z]vv^‾‾‾Efnvw t=1.7s
TIGHT n=15 m=89 tag=perturb g6=Nn‾vf‾tn‾‾nn|}nyz‾o t=0.8s
TIGHT n=15 m=77 tag=perturb g6=Nulvf^‾^¥vXVv|zyuNO t=1.0s
TIGHT n=15 m=82 tag=perturb g6=NFv|Z‾z‾y‾fy}vx|nro t=0.7s
TIGHT n=15 m=89 tag=perturb g6=N}vx^n‾‾]zvf‾‾Vy‾‾w t=0.6s
TIGHT n=15 m=82 tag=perturb g6=Nn‾yvv}‾rq}s‾‾X||Rw t=0.6s
TIGHT n=15 m=77 tag=perturb g6=N^V[s}z[xFz‾‾‾bY‾]w t=0.3s
TIGHT n=15 m=89 tag=perturb g6=N‾H‾}n‾‾‾‾‾^F‾j‾f‾G t=2.4s
TIGHT n=15 m=82 tag=perturb g6=Nurbi}|‾zZnq‾‾‾l‾yw t=0.2s
TIGHT n=15 m=71 tag=perturb g6=Nffuxf‾^Sm]V‾ntrmWG t=0.2s
TIGHT n=15 m=85 tag=perturb g6=N‾‾v‾`vmtz^^‾n¥‾‾yG t=0.5s
TIGHT n=15 m=88 tag=perturb g6=N‾^n}l‾‾}‾n^nt^zt|g t=0.4s
TIGHT n=15 m=80 tag=perturb g6=NNV‾zwt^n‾^v¥_^v‾vg t=0.2s
TIGHT n=15 m=86 tag=perturb g6=N‾|‾|zN‾‾v‾m||Vvsyo t=0.4s
TIGHT n=15 m=88 tag=perturb g6=N^‾xv‾vmvuv‾|z}}‾jw t=0.2s
TIGHT n=15 m=80 tag=perturb g6=Nx‾‾][}mUvx}yme|‾‾w t=0.1s
TIGHT n=15 m=82 tag=perturb g6=NZYyv|j‾T^v^^}r‾|‾W t=0.5s
TIGHT n=15 m=73 tag=perturb g6=Nx‾n|[}sudJ}Ve}zVro t=0.3s
TIGHT n=15 m=80 tag=perturb g6=N‾Z‾f‾vkzyTjS‾uvn‾o t=0.6s
TIGHT n=15 m=94 tag=perturb g6=N}‾‾‾}‾‾‾^‾jvT‾‾vzw t=2.4s
TIGHT n=15 m=84 tag=perturb g6=N}vxfx|‾}v‾n‾Ejvz‾o t=0.4s
TIGHT n=15 m=79 tag=perturb g6=Nfl^v‾‾z{vl‾jj`‾bew t=0.2s
TIGHT n=15 m=79 tag=perturb g6=NMn^nL{rz¥F||v‾‾f^W t=0.6s
TIGHT n=15 m=67 tag=perturb g6=N¥‾[f‾vHrqayFV]S‾lG t=0.4s
TIGHT n=15 m=89 tag=perturb g6=N}‾}^‾‾‾n^r‾z}fw‾vo t=1.3s
TIGHT n=15 m=77 tag=perturb g6=NzxvZtE|‾}{Gz‾tu‾vg t=0.2s
TIGHT n=15 m=78 tag=perturb g6=NtzDetU}‾‾‾‾A‾vN^¥w t=1.2s
TIGHT n=15 m=84 tag=perturb g6=Nnv]y^m}n{Zj‾y||‾‾w t=0.7s
TIGHT n=15 m=90 tag=perturb g6=N‾vuentn‾‾‾‾|‾nzz‾g t=0.7s
TIGHT n=15 m=82 tag=perturb g6=N‾}qm|vn‾|‾vd‾nHz‾? t=0.4s
TIGHT n=15 m=81 tag=perturb g6=N‾ryvM}‾}tnfb‾‾n[}W t=0.2s
TIGHT n=15 m=75 tag=perturb g6=Nea}xmq‾‾‾h^Z}z‾SNW t=0.2s
TIGHT n=15 m=77 tag=perturb g6=NZNzcDv_z‾V‾z}‾‾vFw t=0.2s
TIGHT n=15 m=72 tag=perturb g6=N‾zxlf_kdxtzYvn^}{W t=0.5s
TIGHT n=15 m=82 tag=perturb g6=N‾z|‾v]}m^|Yz^j‾{Qw t=0.5s
TIGHT n=15 m=90 tag=perturb g6=N^|vk‾|‾‾u‾{ux‾‾‾‾w t=2.4s
TIGHT n=15 m=72 tag=perturb g6=NBcmVdV|Z|nMPV‾l‾‾w t=0.2s
TIGHT n=15 m=81 tag=perturb g6=Nn|¥‾|rzr}u^jv|^U‾O t=0.7s
TIGHT n=15 m=77 tag=perturb g6=Nnz}e^d‾rYjt‾n}Tm}g t=0.1s
TIGHT n=15 m=75 tag=perturb g6=N‾jq¥z^zF‾TmedTp‾‾w t=0.4s
TIGHT n=15 m=80 tag=perturb g6=NyZ‾|X¥‾z¥^nzJ‾Evnw t=0.3s
TIGHT n=15 m=84 tag=perturb g6=NxzyD‾‾^|‾|nb|‾jn^w t=0.2s
TIGHT n=15 m=90 tag=perturb g6=N‾{||z‾‾‾‾‾m||^vujw t=0.8s
TIGHT n=15 m=89 tag=perturb g6=N‾{}zy‾rv‾^^‾‾‾}|]o t=0.4s
TIGHT n=15 m=74 tag=perturb g6=N]Zbn{I‾z^leN‾‾tfJW t=0.2s
TIGHT n=15 m=79 tag=perturb g6=N^‾|xnU‾‾‾iBbn]}w‾o t=0.4s
TIGHT n=15 m=77 tag=perturb g6=N‾b|^v]}mJtIr‾j‾‾Qw t=0.1s
TIGHT n=15 m=67 tag=perturb g6=NhpDesQKv‾r‾EvvN^¥w t=0.3s
TIGHT n=15 m=80 tag=perturb g6=N]T|T‾‾‾‾‾bnZvRu‾v? t=0.9s
TIGHT n=15 m=73 tag=perturb g6=N[‾mrv|}f}r^y‾AOlVw t=0.3s
TIGHT n=15 m=89 tag=perturb g6=Nn|[‾‾‾n{vv^z‾‾|¥|w t=0.7s
TIGHT n=15 m=88 tag=perturb g6=Nfn‾j|}‾‾‾nN]}z‾L‾w t=1.1s
TIGHT n=15 m=87 tag=perturb g6=N‾‾v}‾‾‾‾slvWlv}‾Zw t=0.9s
TIGHT n=15 m=81 tag=perturb g6=N‾V|ZzM^N}|{¥‾nn{vW t=1.1s
TIGHT n=15 m=79 tag=perturb g6=N}|vNxN}‾Yn[}L]^‾}o t=0.3s
