TIGHT n=17 m=133 tag=Kn-cyc(3,) g6=PF‾‾‾‾‾‾‾‾‾‾‾‾‾‾‾‾‾‾‾‾‾{ t=4.8s
TIGHT n=17 m=130 tag=Kn-cyc(3, 3) g6=PFzf‾‾‾‾‾‾‾‾‾‾‾‾‾‾‾‾‾‾‾{ t=4.9s
TIGHT n=17 m=127 tag=Kn-cyc(3, 3, 3) g6=PFzf‾z{‾‾‾‾‾‾‾‾‾‾‾‾‾‾‾‾{ t=4.1s
TIGHT n=17 m=124 tag=Kn-cyc(3, 3, 3, 3) g6=PFzf‾z{‾‾‾^{‾‾‾‾‾‾‾‾‾‾‾{ t=1.8s
TIGHT n=17 m=121 tag=Kn-cyc(3, 3, 3, 3, 3) g6=PFzf‾z{‾‾‾^{‾‾‾‾^‾f‾‾‾‾{ t=3.8s
TIGHT n=17 m=120 tag=Kn-cyc(3, 3, 3, 3, 4) g6=PFzf‾z{‾‾‾^{‾‾‾‾^‾v‾y‾‾{ t=3.8s
TIGHT n=17 m=123 tag=Kn-cyc(3, 3, 3, 4) g6=PFzf‾z{‾‾‾^}‾y‾‾‾‾‾‾‾‾‾{ t=3.3s
TIGHT n=17 m=122 tag=Kn-cyc(3, 3, 3, 5) g6=PFzf‾z{‾‾‾^}‾}‾z^‾‾‾‾‾‾{ t=3.7s
TIGHT n=17 m=121 tag=Kn-cyc(3, 3, 3, 6) g6=PFzf‾z{‾‾‾^}‾}‾‾^|v‾‾‾‾{ t=3.2s
TIGHT n=17 m=120 tag=Kn-cyc(3, 3, 3, 7) g6=PFzf‾z{‾‾‾^}‾}‾‾^‾v‾]‾‾{ t=3.3s
TIGHT n=17 m=126 tag=Kn-cyc(3, 3, 4) g6=PFzf‾z}‾V‾‾‾‾‾‾‾‾‾‾‾‾‾‾{ t=4.8s
TIGHT n=17 m=122 tag=Kn-cyc(3, 3, 4, 4) g6=PFzf‾z}‾V‾‾}‾}‾|^‾‾‾‾‾‾{ t=4.6s
TIGHT n=17 m=121 tag=Kn-cyc(3, 3, 4, 5) g6=PFzf‾z}‾V‾‾}‾}‾‾^}v‾‾‾‾{ t=3.8s
TIGHT n=17 m=120 tag=Kn-cyc(3, 3, 4, 6) g6=PFzf‾z}‾V‾‾}‾}‾‾^‾v‾m‾‾{ t=1.2s
TIGHT n=17 m=125 tag=Kn-cyc(3, 3, 5) g6=PFzf‾z}‾vz^‾‾‾‾‾‾‾‾‾‾‾‾{ t=5.1s
TIGHT n=17 m=120 tag=Kn-cyc(3, 3, 5, 5) g6=PFzf‾z}‾vz^‾‾}‾‾^‾v‾u‾‾{ t=0.7s
TIGHT n=17 m=124 tag=Kn-cyc(3, 3, 6) g6=PFzf‾z}‾v‾^m‾‾‾‾‾‾‾‾‾‾‾{ t=4.2s
TIGHT n=17 m=123 tag=Kn-cyc(3, 3, 7) g6=PFzf‾z}‾v‾^}‾]‾‾‾‾‾‾‾‾‾{ t=3.6s
TIGHT n=17 m=122 tag=Kn-cyc(3, 3, 8) g6=PFzf‾z}‾v‾^}‾}‾^^‾‾‾‾‾‾{ t=3.9s
TIGHT n=17 m=121 tag=Kn-cyc(3, 3, 9) g6=PFzf‾z}‾v‾^}‾}‾‾^nv‾‾‾‾{ t=3.4s
TIGHT n=17 m=120 tag=Kn-cyc(3, 3, 10) g6=PFzf‾z}‾v‾^}‾}‾‾^‾vz}‾‾{ t=1.7s
TIGHT n=17 m=129 tag=Kn-cyc(3, 4) g6=PFzvV‾‾‾‾‾‾‾‾‾‾‾‾‾‾‾‾‾‾{ t=10.5s
TIGHT n=17 m=125 tag=Kn-cyc(3, 4, 4) g6=PFzvV‾}‾v|^‾‾‾‾‾‾‾‾‾‾‾‾{ t=3.8s
TIGHT n=17 m=121 tag=Kn-cyc(3, 4, 4, 4) g6=PFzvV‾}‾v|^‾‾}‾‾^‾V‾‾‾‾{ t=3.4s
TIGHT n=17 m=120 tag=Kn-cyc(3, 4, 4, 5) g6=PFzvV‾}‾v|^‾‾}‾‾^‾v‾u‾‾{ t=3.2s
TIGHT n=17 m=124 tag=Kn-cyc(3, 4, 5) g6=PFzvV‾}‾v‾^u‾‾‾‾‾‾‾‾‾‾‾{ t=4.2s
TIGHT n=17 m=123 tag=Kn-cyc(3, 4, 6) g6=PFzvV‾}‾v‾^}‾m‾‾‾‾‾‾‾‾‾{ t=9.6s
TIGHT n=17 m=122 tag=Kn-cyc(3, 4, 7) g6=PFzvV‾}‾v‾^}‾}‾n^‾‾‾‾‾‾{ t=1.4s
TIGHT n=17 m=121 tag=Kn-cyc(3, 4, 8) g6=PFzvV‾}‾v‾^}‾}‾‾^vv‾‾‾‾{ t=1.7s
TIGHT n=17 m=120 tag=Kn-cyc(3, 4, 9) g6=PFzvV‾}‾v‾^}‾}‾‾^‾v|}‾‾{ t=1.3s
TIGHT n=17 m=128 tag=Kn-cyc(3, 5) g6=PFzvvZ‾‾‾‾‾‾‾‾‾‾‾‾‾‾‾‾‾{ t=0.7s
TIGHT n=17 m=123 tag=Kn-cyc(3, 5, 5) g6=PFzvvZ‾‾v‾^}‾u‾‾‾‾‾‾‾‾‾{ t=4.1s
TIGHT n=17 m=122 tag=Kn-cyc(3, 5, 6) g6=PFzvvZ‾‾v‾^}‾}‾v^‾‾‾‾‾‾{ t=1.7s
TIGHT n=17 m=121 tag=Kn-cyc(3, 5, 7) g6=PFzvvZ‾‾v‾^}‾}‾‾^zv‾‾‾‾{ t=3.4s
TIGHT n=17 m=120 tag=Kn-cyc(3, 5, 8) g6=PFzvvZ‾‾v‾^}‾}‾‾^‾v}}‾‾{ t=1.4s
TIGHT n=17 m=127 tag=Kn-cyc(3, 6) g6=PFzvvzm‾‾‾‾‾‾‾‾‾‾‾‾‾‾‾‾{ t=5.1s
TIGHT n=17 m=121 tag=Kn-cyc(3, 6, 6) g6=PFzvvzm‾‾‾^}‾}‾‾^|v‾‾‾‾{ t=1.7s
TIGHT n=17 m=120 tag=Kn-cyc(3, 6, 7) g6=PFzvvzm‾‾‾^}‾}‾‾^‾v‾]‾‾{ t=0.6s
TIGHT n=17 m=126 tag=Kn-cyc(3, 7) g6=PFzvvz}zv‾‾‾‾‾‾‾‾‾‾‾‾‾‾{ t=9.7s
TIGHT n=17 m=125 tag=Kn-cyc(3, 8) g6=PFzvvz}‾v^^‾‾‾‾‾‾‾‾‾‾‾‾{ t=4.0s
TIGHT n=17 m=124 tag=Kn-cyc(3, 9) g6=PFzvvz}‾v‾¥}‾‾‾‾‾‾‾‾‾‾‾{ t=2.0s
TIGHT n=17 m=123 tag=Kn-cyc(3, 10) g6=PFzvvz}‾v‾^}z}‾‾‾‾‾‾‾‾‾{ t=4.1s
TIGHT n=17 m=122 tag=Kn-cyc(3, 11) g6=PFzvvz}‾v‾^}‾}z‾^‾‾‾‾‾‾{ t=3.8s
TIGHT n=17 m=121 tag=Kn-cyc(3, 12) g6=PFzvvz}‾v‾^}‾}‾‾¥‾v‾‾‾‾{ t=3.7s
TIGHT n=17 m=120 tag=Kn-cyc(3, 13) g6=PFzvvz}‾v‾^}‾}‾‾^‾v^}‾‾{ t=3.4s
TIGHT n=17 m=132 tag=Kn-cyc(4,) g6=PQ‾‾‾‾‾‾‾‾‾‾‾‾‾‾‾‾‾‾‾‾‾{ t=46.9s
TIGHT n=17 m=128 tag=Kn-cyc(4, 4) g6=PQ‾vvj‾‾‾‾‾‾‾‾‾‾‾‾‾‾‾‾‾{ t=4.8s
TIGHT n=17 m=124 tag=Kn-cyc(4, 4, 4) g6=PQ‾vvj‾‾v‾^y‾‾‾‾‾‾‾‾‾‾‾{ t=5.2s
TIGHT n=17 m=120 tag=Kn-cyc(4, 4, 4, 4) g6=PQ‾vvj‾‾v‾^y‾‾‾‾^‾v‾y‾‾{ t=2.1s
TIGHT n=17 m=123 tag=Kn-cyc(4, 4, 5) g6=PQ‾vvj‾‾v‾^}‾u‾‾‾‾‾‾‾‾‾{ t=4.2s
TIGHT n=17 m=122 tag=Kn-cyc(4, 4, 6) g6=PQ‾vvj‾‾v‾^}‾}‾v^‾‾‾‾‾‾{ t=4.6s
TIGHT n=17 m=121 tag=Kn-cyc(4, 4, 7) g6=PQ‾vvj‾‾v‾^}‾}‾‾^zv‾‾‾‾{ t=3.3s
TIGHT n=17 m=120 tag=Kn-cyc(4, 4, 8) g6=PQ‾vvj‾‾v‾^}‾}‾‾^‾v}}‾‾{ t=0.7s
TIGHT n=17 m=127 tag=Kn-cyc(4, 5) g6=PQ‾vvzu‾‾‾‾‾‾‾‾‾‾‾‾‾‾‾‾{ t=9.7s
TIGHT n=17 m=122 tag=Kn-cyc(4, 5, 5) g6=PQ‾vvzu‾‾‾^}‾}‾z^‾‾‾‾‾‾{ t=9.5s
TIGHT n=17 m=121 tag=Kn-cyc(4, 5, 6) g6=PQ‾vvzu‾‾‾^}‾}‾‾^|v‾‾‾‾{ t=3.6s
TIGHT n=17 m=120 tag=Kn-cyc(4, 5, 7) g6=PQ‾vvzu‾‾‾^}‾}‾‾^‾v‾]‾‾{ t=1.7s
TIGHT n=17 m=126 tag=Kn-cyc(4, 6) g6=PQ‾vvz}|v‾‾‾‾‾‾‾‾‾‾‾‾‾‾{ t=4.6s
TIGHT n=17 m=120 tag=Kn-cyc(4, 6, 6) g6=PQ‾vvz}|v‾‾}‾}‾‾^‾v‾m‾‾{ t=0.6s
TIGHT n=17 m=125 tag=Kn-cyc(4, 7) g6=PQ‾vvz}‾vn^‾‾‾‾‾‾‾‾‾‾‾‾{ t=4.6s
TIGHT n=17 m=124 tag=Kn-cyc(4, 8) g6=PQ‾vvz}‾v‾]}‾‾‾‾‾‾‾‾‾‾‾{ t=1.8s
TIGHT n=17 m=123 tag=Kn-cyc(4, 9) g6=PQ‾vvz}‾v‾^}|}‾‾‾‾‾‾‾‾‾{ t=4.0s
TIGHT n=17 m=122 tag=Kn-cyc(4, 10) g6=PQ‾vvz}‾v‾^}‾}|‾^‾‾‾‾‾‾{ t=3.7s
TIGHT n=17 m=121 tag=Kn-cyc(4, 11) g6=PQ‾vvz}‾v‾^}‾}‾‾]‾v‾‾‾‾{ t=1.5s
TIGHT n=17 m=120 tag=Kn-cyc(4, 12) g6=PQ‾vvz}‾v‾^}‾}‾‾^‾vn}‾‾{ t=1.3s
TIGHT n=17 m=131 tag=Kn-cyc(5,) g6=PUZ‾‾‾‾‾‾‾‾‾‾‾‾‾‾‾‾‾‾‾‾{ t=5.2s
TIGHT n=17 m=126 tag=Kn-cyc(5, 5) g6=PUZ‾vz}}v‾‾‾‾‾‾‾‾‾‾‾‾‾‾{ t=4.1s
TIGHT n=17 m=121 tag=Kn-cyc(5, 5, 5) g6=PUZ‾vz}}v‾‾}‾}‾‾^}v‾‾‾‾{ t=3.8s
TIGHT n=17 m=120 tag=Kn-cyc(5, 5, 6) g6=PUZ‾vz}}v‾‾}‾}‾‾^‾v‾m‾‾{ t=1.7s
TIGHT n=17 m=125 tag=Kn-cyc(5, 6) g6=PUZ‾vz}‾vv^‾‾‾‾‾‾‾‾‾‾‾‾{ t=4.8s
TIGHT n=17 m=124 tag=Kn-cyc(5, 7) g6=PUZ‾vz}‾v‾^]‾‾‾‾‾‾‾‾‾‾‾{ t=5.0s
TIGHT n=17 m=123 tag=Kn-cyc(5, 8) g6=PUZ‾vz}‾v‾^}}}‾‾‾‾‾‾‾‾‾{ t=5.0s
TIGHT n=17 m=122 tag=Kn-cyc(5, 9) g6=PUZ‾vz}‾v‾^}‾}}‾^‾‾‾‾‾‾{ t=3.5s
TIGHT n=17 m=121 tag=Kn-cyc(5, 10) g6=PUZ‾vz}‾v‾^}‾}‾‾^^v‾‾‾‾{ t=3.4s
TIGHT n=17 m=120 tag=Kn-cyc(5, 11) g6=PUZ‾vz}‾v‾^}‾}‾‾^‾vv}‾‾{ t=1.8s
TIGHT n=17 m=130 tag=Kn-cyc(6,) g6=PUxv‾‾‾‾‾‾‾‾‾‾‾‾‾‾‾‾‾‾‾{ t=5.0s
TIGHT n=17 m=124 tag=Kn-cyc(6, 6) g6=PUxv‾z}‾v‾^m‾‾‾‾‾‾‾‾‾‾‾{ t=3.5s
TIGHT n=17 m=123 tag=Kn-cyc(6, 7) g6=PUxv‾z}‾v‾^}‾]‾‾‾‾‾‾‾‾‾{ t=4.9s
TIGHT n=17 m=122 tag=Kn-cyc(6, 8) g6=PUxv‾z}‾v‾^}‾}‾^^‾‾‾‾‾‾{ t=4.1s
TIGHT n=17 m=121 tag=Kn-cyc(6, 9) g6=PUxv‾z}‾v‾^}‾}‾‾^nv‾‾‾‾{ t=1.6s
TIGHT n=17 m=120 tag=Kn-cyc(6, 10) g6=PUxv‾z}‾v‾^}‾}‾‾^‾vz}‾‾{ t=1.8s
TIGHT n=17 m=129 tag=Kn-cyc(7,) g6=PUzrv‾‾‾‾‾‾‾‾‾‾‾‾‾‾‾‾‾‾{ t=10.7s
TIGHT n=17 m=122 tag=Kn-cyc(7, 7) g6=PUzrv‾}‾v‾^}‾}‾n^‾‾‾‾‾‾{ t=4.7s
TIGHT n=17 m=121 tag=Kn-cyc(7, 8) g6=PUzrv‾}‾v‾^}‾}‾‾^vv‾‾‾‾{ t=1.5s
TIGHT n=17 m=120 tag=Kn-cyc(7, 9) g6=PUzrv‾}‾v‾^}‾}‾‾^‾v|}‾‾{ t=1.4s
TIGHT n=17 m=128 tag=Kn-cyc(8,) g6=PUzvrz‾‾‾‾‾‾‾‾‾‾‾‾‾‾‾‾‾{ t=4.5s
TIGHT n=17 m=120 tag=Kn-cyc(8, 8) g6=PUzvrz‾‾v‾^}‾}‾‾^‾v}}‾‾{ t=3.6s
TIGHT n=17 m=127 tag=Kn-cyc(9,) g6=PUzvvx}‾‾‾‾‾‾‾‾‾‾‾‾‾‾‾‾{ t=10.9s
TIGHT n=17 m=126 tag=Kn-cyc(10,) g6=PUzvvz}^v‾‾‾‾‾‾‾‾‾‾‾‾‾‾{ t=4.8s
TIGHT n=17 m=125 tag=Kn-cyc(11,) g6=PUzvvz}‾r‾^‾‾‾‾‾‾‾‾‾‾‾‾{ t=3.8s
TIGHT n=17 m=124 tag=Kn-cyc(12,) g6=PUzvvz}‾v‾N}‾‾‾‾‾‾‾‾‾‾‾{ t=2.0s
TIGHT n=17 m=123 tag=Kn-cyc(13,) g6=PUzvvz}‾v‾^}^}‾‾‾‾‾‾‾‾‾{ t=1.6s
TIGHT n=17 m=122 tag=Kn-cyc(14,) g6=PUzvvz}‾v‾^}‾}^‾^‾‾‾‾‾‾{ t=5.3s
TIGHT n=17 m=121 tag=Kn-cyc(15,) g6=PUzvvz}‾v‾^}‾}‾‾N‾v‾‾‾‾{ t=3.6s
TIGHT n=17 m=120 tag=Kn-cyc(16,) g6=PUzvvz}‾v‾^}‾}‾‾^‾r‾}‾‾{ t=3.4s
TIGHT n=17 m=136 tag=Kn-evenH0 g6=P‾‾‾‾‾‾‾‾‾‾‾‾‾‾‾‾‾‾‾‾‾‾{ t=4.4s
TIGHT n=17 m=133 tag=Kn-evenH1 g6=P‾‾‾‾‾‾‾‾‾‾‾‾‾‾‾‾‾z‾‾^‾w t=16.6s
TIGHT n=17 m=132 tag=Kn-evenH2 g6=P‾‾‾‾‾‾‾‾‾‾‾‾‾‾‾‾‾x‾‾N‾{ t=3.9s
TIGHT n=17 m=129 tag=Kn-evenH3 g6=P‾‾‾‾‾‾‾‾‾‾‾‾‾‾‾‾‾w‾‾F‾w t=14.4s
TIGHT n=17 m=128 tag=Kn-evenH4 g6=P‾‾‾‾‾‾‾‾‾‾‾‾‾‾‾‾‾w^‾B‾{ t=13.6s
TIGHT n=17 m=130 tag=Kn-evenH5 g6=P‾‾‾‾‾‾‾‾‾‾‾‾‾‾‾n‾|‾‾N‾o t=12.3s
TIGHT n=17 m=131 tag=Kn-evenH6 g6=P‾‾‾‾‾‾‾‾‾‾‾‾‾‾‾n‾x‾‾n‾s t=2.7s
TIGHT n=17 m=129 tag=Kn-evenH7 g6=P‾‾‾‾‾‾‾‾‾‾‾‾‾‾‾n‾{‾‾F‾s t=10.1s
TIGHT n=17 m=128 tag=Kn-evenH8 g6=P‾‾‾‾‾‾‾‾‾‾‾‾‾‾‾n‾w‾‾f‾o t=3.5s
TIGHT n=17 m=127 tag=Kn-evenH9 g6=P‾‾‾‾‾‾‾‾‾‾‾‾‾‾‾n‾w^‾b‾s t=7.9s
TIGHT n=17 m=130 tag=Kn-evenH10 g6=P‾‾‾‾‾‾‾‾‾‾‾‾‾‾‾f‾y‾‾f‾{ t=3.9s
TIGHT n=17 m=128 tag=Kn-evenH11 g6=P‾‾‾‾‾‾‾‾‾‾‾‾‾‾‾f‾}^‾B‾{ t=5.0s
TIGHT n=17 m=127 tag=Kn-evenH12 g6=P‾‾‾‾‾‾‾‾‾‾‾‾‾‾‾f‾y^‾b‾w t=2.0s
TIGHT n=17 m=127 tag=Kn-evenH13 g6=P‾‾‾‾‾‾‾‾‾‾‾‾‾‾‾f‾y‾}f‾o t=7.1s
TIGHT n=17 m=126 tag=Kn-evenH14 g6=P‾‾‾‾‾‾‾‾‾‾‾‾‾‾‾f‾yN‾`‾{ t=7.5s
TIGHT n=17 m=126 tag=Kn-evenH15 g6=P‾‾‾‾‾‾‾‾‾‾‾‾‾‾‾b‾x^‾r‾o t=7.5s
TIGHT n=17 m=125 tag=Kn-evenH16 g6=P‾‾‾‾‾‾‾‾‾‾‾‾‾‾‾b‾xN‾p‾s t=12.2s
TIGHT n=17 m=124 tag=Kn-evenH17 g6=P‾‾‾‾‾‾‾‾‾‾‾‾‾‾‾`‾xf‾o‾{ t=4.4s
TIGHT n=17 m=128 tag=Kn-evenH18 g6=P‾‾‾‾‾‾‾‾‾‾‾‾‾^‾v‾y‾‾f‾c t=0.4s
TIGHT n=17 m=130 tag=Kn-evenH19 g6=P‾‾‾‾‾‾‾‾‾‾‾‾‾^‾v‾z‾|n‾s t=9.2s
TIGHT n=17 m=127 tag=Kn-evenH20 g6=P‾‾‾‾‾‾‾‾‾‾‾‾‾^‾v‾w‾‾v‾_ t=4.2s
TIGHT n=17 m=127 tag=Kn-evenH21 g6=P‾‾‾‾‾‾‾‾‾‾‾‾‾^‾v‾y‾|f‾o t=6.0s
TIGHT n=17 m=126 tag=Kn-evenH22 g6=P‾‾‾‾‾‾‾‾‾‾‾‾‾^‾v‾w^‾r‾c t=3.1s
TIGHT n=17 m=126 tag=Kn-evenH23 g6=P‾‾‾‾‾‾‾‾‾‾‾‾‾^‾v‾y^|b‾s t=2.0s
TIGHT n=17 m=129 tag=Kn-evenH24 g6=P‾‾‾‾‾‾‾‾‾‾‾‾‾^‾f‾{‾‾v‾k t=3.8s
TIGHT n=17 m=127 tag=Kn-evenH25 g6=P‾‾‾‾‾‾‾‾‾‾‾‾‾^‾f‾}^‾b‾k t=3.9s
TIGHT n=17 m=126 tag=Kn-evenH26 g6=P‾‾‾‾‾‾‾‾‾‾‾‾‾^‾f‾{^‾r‾g t=3.9s
TIGHT n=17 m=126 tag=Kn-evenH27 g6=P‾‾‾‾‾‾‾‾‾‾‾‾‾^‾f‾x‾}^‾_ t=2.9s
TIGHT n=17 m=125 tag=Kn-evenH28 g6=P‾‾‾‾‾‾‾‾‾‾‾‾‾^‾f‾{N‾p‾k t=13.0s
TIGHT n=17 m=127 tag=Kn-evenH29 g6=P‾‾‾‾‾‾‾‾‾‾‾‾‾^‾r‾|^‾R‾k t=4.2s
TIGHT n=17 m=126 tag=Kn-evenH30 g6=P‾‾‾‾‾‾‾‾‾‾‾‾‾^‾r‾x^‾r‾g t=1.2s
TIGHT n=17 m=126 tag=Kn-evenH31 g6=P‾‾‾‾‾‾‾‾‾‾‾‾‾^‾r‾{^‾Z‾g t=9.5s
TIGHT n=17 m=126 tag=Kn-evenH32 g6=P‾‾‾‾‾‾‾‾‾‾‾‾‾^‾r‾x‾}v‾_ t=3.3s
TIGHT n=17 m=126 tag=Kn-evenH33 g6=P‾‾‾‾‾‾‾‾‾‾‾‾‾^‾r‾{‾}^‾_ t=7.9s
TIGHT n=17 m=125 tag=Kn-evenH34 g6=P‾‾‾‾‾‾‾‾‾‾‾‾‾^‾r‾xN‾p‾k t=3.4s
TIGHT n=17 m=125 tag=Kn-evenH35 g6=P‾‾‾‾‾‾‾‾‾‾‾‾‾^‾r‾{N‾X‾k t=7.5s
TIGHT n=17 m=129 tag=Kn-evenH36 g6=P‾‾‾‾‾‾‾‾‾‾‾‾‾^‾n‾s‾‾f‾{ t=5.5s
TIGHT n=17 m=126 tag=Kn-evenH37 g6=P‾‾‾‾‾‾‾‾‾‾‾‾‾^‾n‾s^‾b‾w t=7.9s
TIGHT n=17 m=126 tag=Kn-evenH38 g6=P‾‾‾‾‾‾‾‾‾‾‾‾‾^‾n‾r‾{^‾_ t=3.5s
TIGHT n=17 m=125 tag=Kn-evenH39 g6=P‾‾‾‾‾‾‾‾‾‾‾‾‾^‾n‾sN‾`‾{ t=8.4s
TIGHT n=17 m=125 tag=Kn-evenH40 g6=P‾‾‾‾‾‾‾‾‾‾‾‾‾^‾b‾w‾‾^‾_ t=2.1s
TIGHT n=17 m=125 tag=Kn-evenH41 g6=P‾‾‾‾‾‾‾‾‾‾‾‾‾^‾b‾|^|r‾o t=9.3s
TIGHT n=17 m=124 tag=Kn-evenH42 g6=P‾‾‾‾‾‾‾‾‾‾‾‾‾^‾b‾{N‾x‾c t=3.4s
TIGHT n=17 m=125 tag=Kn-evenH43 g6=P‾‾‾‾‾‾‾‾‾‾‾‾‾^‾p‾w‾‾z‾_ t=0.6s
TIGHT n=17 m=125 tag=Kn-evenH44 g6=P‾‾‾‾‾‾‾‾‾‾‾‾‾^‾p‾{^‾^‾_ t=8.1s
TIGHT n=17 m=125 tag=Kn-evenH45 g6=P‾‾‾‾‾‾‾‾‾‾‾‾‾^‾p‾x‾|r‾o t=4.0s
TIGHT n=17 m=124 tag=Kn-evenH46 g6=P‾‾‾‾‾‾‾‾‾‾‾‾‾^‾p‾wn‾x‾c t=2.4s
TIGHT n=17 m=124 tag=Kn-evenH47 g6=P‾‾‾‾‾‾‾‾‾‾‾‾‾^‾p‾{N‾¥‾c t=3.5s
TIGHT n=17 m=124 tag=Kn-evenH48 g6=P‾‾‾‾‾‾‾‾‾‾‾‾‾^‾p‾xn|p‾s t=6.4s
TIGHT n=17 m=125 tag=Kn-evenH49 g6=P‾‾‾‾‾‾‾‾‾‾‾‾‾^‾f‾o‾‾V‾o t=3.2s
TIGHT n=17 m=125 tag=Kn-evenH50 g6=P‾‾‾‾‾‾‾‾‾‾‾‾‾^‾f‾p‾|^‾_ t=3.9s
TIGHT n=17 m=123 tag=Kn-evenH51 g6=P‾‾‾‾‾‾‾‾‾‾‾‾‾^‾o‾wv‾w‾k t=2.5s
TIGHT n=17 m=123 tag=Kn-evenH52 g6=P‾‾‾‾‾‾‾‾‾‾‾‾‾^‾o‾{V‾[‾k t=2.8s
TIGHT n=17 m=128 tag=Kn-evenH53 g6=P‾‾‾‾‾‾‾‾‾‾‾‾‾N‾f‾}^‾r‾{ t=4.5s
TIGHT n=17 m=125 tag=Kn-evenH54 g6=P‾‾‾‾‾‾‾‾‾‾‾‾‾N‾f‾}N‾p‾w t=1.4s
TIGHT n=17 m=124 tag=Kn-evenH55 g6=P‾‾‾‾‾‾‾‾‾‾‾‾‾N‾f‾w^‾B‾{ t=2.0s
TIGHT n=17 m=124 tag=Kn-evenH56 g6=P‾‾‾‾‾‾‾‾‾‾‾‾‾N‾f‾}F‾o‾{ t=6.7s
TIGHT n=17 m=124 tag=Kn-evenH57 g6=P‾‾‾‾‾‾‾‾‾‾‾‾‾N‾f‾x‾{N‾c t=8.1s
TIGHT n=17 m=128 tag=Kn-evenH58 g6=P‾‾‾‾‾‾‾‾‾‾‾‾‾N‾j‾|^‾r‾{ t=3.5s
TIGHT n=17 m=126 tag=Kn-evenH59 g6=P‾‾‾‾‾‾‾‾‾‾‾‾‾N‾j‾‾N‾`‾{ t=3.9s
TIGHT n=17 m=125 tag=Kn-evenH60 g6=P‾‾‾‾‾‾‾‾‾‾‾‾‾N‾j‾|N‾p‾w t=2.9s
TIGHT n=17 m=124 tag=Kn-evenH61 g6=P‾‾‾‾‾‾‾‾‾‾‾‾‾N‾j‾|F‾o‾{ t=1.4s
TIGHT n=17 m=124 tag=Kn-evenH62 g6=P‾‾‾‾‾‾‾‾‾‾‾‾‾N‾j‾|^{r‾c t=2.8s
TIGHT n=17 m=125 tag=Kn-evenH63 g6=P‾‾‾‾‾‾‾‾‾‾‾‾‾N‾x‾xn‾p‾w t=1.7s
TIGHT n=17 m=125 tag=Kn-evenH64 g6=P‾‾‾‾‾‾‾‾‾‾‾‾‾N‾x‾yn‾h‾w t=2.7s
TIGHT n=17 m=125 tag=Kn-evenH65 g6=P‾‾‾‾‾‾‾‾‾‾‾‾‾N‾x‾x‾|r‾g t=3.4s
TIGHT n=17 m=125 tag=Kn-evenH66 g6=P‾‾‾‾‾‾‾‾‾‾‾‾‾N‾x‾y‾|j‾g t=3.4s
TIGHT n=17 m=124 tag=Kn-evenH67 g6=P‾‾‾‾‾‾‾‾‾‾‾‾‾N‾x‾xf‾o‾{ t=2.4s
TIGHT n=17 m=124 tag=Kn-evenH68 g6=P‾‾‾‾‾‾‾‾‾‾‾‾‾N‾x‾yf‾g‾{ t=3.2s
TIGHT n=17 m=124 tag=Kn-evenH69 g6=P‾‾‾‾‾‾‾‾‾‾‾‾‾N‾x‾x‾{r‾c t=4.0s
TIGHT n=17 m=124 tag=Kn-evenH70 g6=P‾‾‾‾‾‾‾‾‾‾‾‾‾N‾x‾y‾{j‾c t=13.0s
TIGHT n=17 m=124 tag=Kn-evenH71 g6=P‾‾‾‾‾‾‾‾‾‾‾‾‾N‾b‾w‾‾N‾o t=3.0s
TIGHT n=17 m=123 tag=Kn-evenH72 g6=P‾‾‾‾‾‾‾‾‾‾‾‾‾N‾b‾w^‾J‾s t=6.9s
TIGHT n=17 m=123 tag=Kn-evenH73 g6=P‾‾‾‾‾‾‾‾‾‾‾‾‾N‾b‾}N|x‾c t=3.3s
TIGHT n=17 m=124 tag=Kn-evenH74 g6=P‾‾‾‾‾‾‾‾‾‾‾‾‾N‾h‾y^‾N‾o t=3.4s
TIGHT n=17 m=124 tag=Kn-evenH75 g6=P‾‾‾‾‾‾‾‾‾‾‾‾‾N‾h‾{n‾x‾o t=2.6s
TIGHT n=17 m=123 tag=Kn-evenH76 g6=P‾‾‾‾‾‾‾‾‾‾‾‾‾N‾h‾}F‾k‾s t=2.9s
TIGHT n=17 m=123 tag=Kn-evenH77 g6=P‾‾‾‾‾‾‾‾‾‾‾‾‾N‾h‾{n|x‾c t=1.0s
TIGHT n=17 m=123 tag=Kn-evenH78 g6=P‾‾‾‾‾‾‾‾‾‾‾‾‾N‾h‾}N|l‾c t=2.8s
TIGHT n=17 m=124 tag=Kn-evenH79 g6=P‾‾‾‾‾‾‾‾‾‾‾‾‾N‾w‾w‾‾x‾o t=2.9s
TIGHT n=17 m=124 tag=Kn-evenH80 g6=P‾‾‾‾‾‾‾‾‾‾‾‾‾N‾w‾y^‾l‾o t=6.7s
TIGHT n=17 m=124 tag=Kn-evenH81 g6=P‾‾‾‾‾‾‾‾‾‾‾‾‾N‾w‾}N‾N‾o t=5.9s
TIGHT n=17 m=123 tag=Kn-evenH82 g6=P‾‾‾‾‾‾‾‾‾‾‾‾‾N‾w‾wv‾w‾s t=2.2s
TIGHT n=17 m=123 tag=Kn-evenH83 g6=P‾‾‾‾‾‾‾‾‾‾‾‾‾N‾w‾yV‾k‾s t=7.7s
TIGHT n=17 m=123 tag=Kn-evenH84 g6=P‾‾‾‾‾‾‾‾‾‾‾‾‾N‾w‾}F‾M‾s t=2.8s
TIGHT n=17 m=123 tag=Kn-evenH85 g6=P‾‾‾‾‾‾‾‾‾‾‾‾‾N‾w‾w‾|x‾c t=2.5s
TIGHT n=17 m=123 tag=Kn-evenH86 g6=P‾‾‾‾‾‾‾‾‾‾‾‾‾N‾w‾y^|l‾c t=2.3s
TIGHT n=17 m=123 tag=Kn-evenH87 g6=P‾‾‾‾‾‾‾‾‾‾‾‾‾N‾w‾}N|N‾c t=1.8s
TIGHT n=17 m=124 tag=Kn-evenH88 g6=P‾‾‾‾‾‾‾‾‾‾‾‾‾N‾j‾o‾‾^‾_ t=2.1s
TIGHT n=17 m=124 tag=Kn-evenH89 g6=P‾‾‾‾‾‾‾‾‾‾‾‾‾N‾j‾s^‾z‾_ t=3.0s
TIGHT n=17 m=124 tag=Kn-evenH90 g6=P‾‾‾‾‾‾‾‾‾‾‾‾‾N‾x‾o‾‾z‾_ t=2.5s
TIGHT n=17 m=123 tag=Kn-evenH91 g6=P‾‾‾‾‾‾‾‾‾‾‾‾‾N‾x‾on‾x‾c t=2.1s
TIGHT n=17 m=122 tag=Kn-evenH92 g6=P‾‾‾‾‾‾‾‾‾‾‾‾‾N‾w^yZ‾k^{ t=2.7s
TIGHT n=17 m=122 tag=Kn-evenH93 g6=P‾‾‾‾‾‾‾‾‾‾‾‾‾N‾w^}J‾M^{ t=5.9s
TIGHT n=17 m=123 tag=Kn-evenH94 g6=P‾‾‾‾‾‾‾‾‾‾‾‾‾F‾d‾y^‾^‾_ t=2.2s
TIGHT n=17 m=122 tag=Kn-evenH95 g6=P‾‾‾‾‾‾‾‾‾‾‾‾‾F‾d‾w^‾N‾c t=2.5s
TIGHT n=17 m=122 tag=Kn-evenH96 g6=P‾‾‾‾‾‾‾‾‾‾‾‾‾F‾d‾}F‾{‾c t=2.1s
TIGHT n=17 m=123 tag=Kn-evenH97 g6=P‾‾‾‾‾‾‾‾‾‾‾‾‾F‾k‾{^‾|‾_ t=2.5s
TIGHT n=17 m=122 tag=Kn-evenH98 g6=P‾‾‾‾‾‾‾‾‾‾‾‾‾F‾k‾{V‾{‾c t=2.6s
TIGHT n=17 m=122 tag=Kn-evenH99 g6=P‾‾‾‾‾‾‾‾‾‾‾‾‾F‾k‾|V|s‾s t=2.3s
TIGHT n=17 m=122 tag=Kn-evenH100 g6=P‾‾‾‾‾‾‾‾‾‾‾‾‾F‾k‾‾F|e‾s t=3.1s
TIGHT n=17 m=122 tag=Kn-evenH101 g6=P‾‾‾‾‾‾‾‾‾‾‾‾‾F‾{^w^‾{‾c t=0.6s
TIGHT n=17 m=122 tag=Kn-evenH102 g6=P‾‾‾‾‾‾‾‾‾‾‾‾‾F‾{^xN‾u‾c t=1.9s
TIGHT n=17 m=122 tag=Kn-evenH103 g6=P‾‾‾‾‾‾‾‾‾‾‾‾‾F‾{^w‾|w‾s t=7.3s
TIGHT n=17 m=122 tag=Kn-evenH104 g6=P‾‾‾‾‾‾‾‾‾‾‾‾‾F‾{^x^|s‾s t=2.8s
TIGHT n=17 m=122 tag=Kn-evenH105 g6=P‾‾‾‾‾‾‾‾‾‾‾‾‾F‾{^zN|e‾s t=3.1s
TIGHT n=17 m=122 tag=Kn-evenH106 g6=P‾‾‾‾‾‾‾‾‾‾‾‾‾F‾{^‾F|F‾s t=1.5s
TIGHT n=17 m=127 tag=Kn-evenH107 g6=P‾‾‾‾‾‾‾‾‾‾‾^‾n‾z‾z‾zf‾c t=2.5s
TIGHT n=17 m=126 tag=Kn-evenH108 g6=P‾‾‾‾‾‾‾‾‾‾‾^‾n‾z‾w‾‾‾‾? t=1.1s
TIGHT n=17 m=126 tag=Kn-evenH109 g6=P‾‾‾‾‾‾‾‾‾‾‾^‾n‾z‾x‾zv‾_ t=3.2s
TIGHT n=17 m=125 tag=Kn-evenH110 g6=P‾‾‾‾‾‾‾‾‾‾‾^‾n‾z‾w^‾z‾C t=8.6s
TIGHT n=17 m=125 tag=Kn-evenH111 g6=P‾‾‾‾‾‾‾‾‾‾‾^‾n‾z‾x^zr‾c t=2.2s
TIGHT n=17 m=126 tag=Kn-evenH112 g6=P‾‾‾‾‾‾‾‾‾‾‾^‾n‾j‾|^‾r‾K t=2.8s
TIGHT n=17 m=126 tag=Kn-evenH113 g6=P‾‾‾‾‾‾‾‾‾‾‾^‾n‾j‾}^‾j‾K t=1.0s
TIGHT n=17 m=125 tag=Kn-evenH114 g6=P‾‾‾‾‾‾‾‾‾‾‾^‾n‾j‾{^‾z‾G t=6.9s
TIGHT n=17 m=125 tag=Kn-evenH115 g6=P‾‾‾‾‾‾‾‾‾‾‾^‾n‾j‾x‾zV‾g t=1.6s
TIGHT n=17 m=125 tag=Kn-evenH116 g6=P‾‾‾‾‾‾‾‾‾‾‾^‾n‾j‾y‾zN‾g t=2.1s
TIGHT n=17 m=125 tag=Kn-evenH117 g6=P‾‾‾‾‾‾‾‾‾‾‾^‾n‾j‾}^zj‾g t=9.7s
TIGHT n=17 m=124 tag=Kn-evenH118 g6=P‾‾‾‾‾‾‾‾‾‾‾^‾n‾j‾{N‾x‾K t=2.3s
TIGHT n=17 m=124 tag=Kn-evenH119 g6=P‾‾‾‾‾‾‾‾‾‾‾^‾n‾j‾}Nzh‾k t=2.1s
TIGHT n=17 m=126 tag=Kn-evenH120 g6=P‾‾‾‾‾‾‾‾‾‾‾^‾n‾x‾}^‾N‾K t=2.0s
TIGHT n=17 m=125 tag=Kn-evenH121 g6=P‾‾‾‾‾‾‾‾‾‾‾^‾n‾x‾w‾‾z‾G t=5.5s
TIGHT n=17 m=125 tag=Kn-evenH122 g6=P‾‾‾‾‾‾‾‾‾‾‾^‾n‾x‾y^‾n‾G t=10.2s
TIGHT n=17 m=125 tag=Kn-evenH123 g6=P‾‾‾‾‾‾‾‾‾‾‾^‾n‾x‾y‾zj‾g t=2.7s
TIGHT n=17 m=124 tag=Kn-evenH124 g6=P‾‾‾‾‾‾‾‾‾‾‾^‾n‾x‾wn‾x‾K t=3.5s
TIGHT n=17 m=124 tag=Kn-evenH125 g6=P‾‾‾‾‾‾‾‾‾‾‾^‾n‾x‾yN‾l‾K t=2.3s
TIGHT n=17 m=124 tag=Kn-evenH126 g6=P‾‾‾‾‾‾‾‾‾‾‾^‾n‾x‾ynzh‾k t=3.2s
TIGHT n=17 m=128 tag=Kn-evenH127 g6=P‾‾‾‾‾‾‾‾‾‾‾^‾n‾n‾k‾‾v‾k t=3.7s
TIGHT n=17 m=126 tag=Kn-evenH128 g6=P‾‾‾‾‾‾‾‾‾‾‾^‾n‾n‾m^‾b‾k t=12.5s
TIGHT n=17 m=125 tag=Kn-evenH129 g6=P‾‾‾‾‾‾‾‾‾‾‾^‾n‾n‾k^‾r‾g t=4.8s
TIGHT n=17 m=125 tag=Kn-evenH130 g6=P‾‾‾‾‾‾‾‾‾‾‾^‾n‾n‾h‾z^‾G t=7.7s
TIGHT n=17 m=124 tag=Kn-evenH131 g6=P‾‾‾‾‾‾‾‾‾‾‾^‾n‾n‾kN‾p‾k t=2.6s
TIGHT n=17 m=124 tag=Kn-evenH132 g6=P‾‾‾‾‾‾‾‾‾‾‾^‾n‾b‾{‾zn‾_ t=4.4s
TIGHT n=17 m=124 tag=Kn-evenH133 g6=P‾‾‾‾‾‾‾‾‾‾‾^‾n‾b‾‾^xr‾o t=25.7s
TIGHT n=17 m=123 tag=Kn-evenH134 g6=P‾‾‾‾‾‾‾‾‾‾‾^‾n‾b‾w‾zN‾c t=4.1s
TIGHT n=17 m=123 tag=Kn-evenH135 g6=P‾‾‾‾‾‾‾‾‾‾‾^‾n‾b‾x‾xF‾s t=0.7s
TIGHT n=17 m=124 tag=Kn-evenH136 g6=P‾‾‾‾‾‾‾‾‾‾‾^‾n‾h‾{^‾‾‾? t=6.1s
TIGHT n=17 m=124 tag=Kn-evenH137 g6=P‾‾‾‾‾‾‾‾‾‾‾^‾n‾h‾{‾zz‾_ t=25.2s
TIGHT n=17 m=124 tag=Kn-evenH138 g6=P‾‾‾‾‾‾‾‾‾‾‾^‾n‾h‾}^zn‾_ t=7.0s
TIGHT n=17 m=124 tag=Kn-evenH139 g6=P‾‾‾‾‾‾‾‾‾‾‾^‾n‾h‾{‾|z‾O t=2.8s
TIGHT n=17 m=124 tag=Kn-evenH140 g6=P‾‾‾‾‾‾‾‾‾‾‾^‾n‾h‾|‾xr‾o t=3.8s
TIGHT n=17 m=123 tag=Kn-evenH141 g6=P‾‾‾‾‾‾‾‾‾‾‾^‾n‾h‾{N‾|‾C t=3.8s
TIGHT n=17 m=123 tag=Kn-evenH142 g6=P‾‾‾‾‾‾‾‾‾‾‾^‾n‾h‾{nzx‾c t=2.8s
TIGHT n=17 m=123 tag=Kn-evenH143 g6=P‾‾‾‾‾‾‾‾‾‾‾^‾n‾h‾}Nzl‾c t=2.3s
TIGHT n=17 m=123 tag=Kn-evenH144 g6=P‾‾‾‾‾‾‾‾‾‾‾^‾n‾h‾{n|x‾S t=3.8s
TIGHT n=17 m=123 tag=Kn-evenH145 g6=P‾‾‾‾‾‾‾‾‾‾‾^‾n‾w‾w^‾|‾C t=1.1s
TIGHT n=17 m=123 tag=Kn-evenH146 g6=P‾‾‾‾‾‾‾‾‾‾‾^‾n‾w‾yN‾n‾C t=1.5s
TIGHT n=17 m=123 tag=Kn-evenH147 g6=P‾‾‾‾‾‾‾‾‾‾‾^‾n‾w‾w‾zx‾c t=10.1s
TIGHT n=17 m=123 tag=Kn-evenH148 g6=P‾‾‾‾‾‾‾‾‾‾‾^‾n‾w‾y^zl‾c t=2.1s
TIGHT n=17 m=123 tag=Kn-evenH149 g6=P‾‾‾‾‾‾‾‾‾‾‾^‾n‾w‾x‾xp‾s t=2.8s
TIGHT n=17 m=124 tag=Kn-evenH150 g6=P‾‾‾‾‾‾‾‾‾‾‾^‾n‾f‾h‾|N‾o t=5.8s
TIGHT n=17 m=124 tag=Kn-evenH151 g6=P‾‾‾‾‾‾‾‾‾‾‾^‾n‾f‾i‾|V‾o t=7.2s
TIGHT n=17 m=124 tag=Kn-evenH152 g6=P‾‾‾‾‾‾‾‾‾‾‾^‾n‾f‾j‾x^‾O t=3.5s
TIGHT n=17 m=123 tag=Kn-evenH153 g6=P‾‾‾‾‾‾‾‾‾‾‾^‾n‾f‾h‾xN‾S t=2.9s
TIGHT n=17 m=124 tag=Kn-evenH154 g6=P‾‾‾‾‾‾‾‾‾‾‾^‾n‾j‾g‾‾^‾_ t=2.5s
TIGHT n=17 m=124 tag=Kn-evenH155 g6=P‾‾‾‾‾‾‾‾‾‾‾^‾n‾j‾h‾|V‾o t=5.7s
TIGHT n=17 m=124 tag=Kn-evenH156 g6=P‾‾‾‾‾‾‾‾‾‾‾^‾n‾j‾l^|r‾o t=2.7s
TIGHT n=17 m=122 tag=Kn-evenH157 g6=P‾‾‾‾‾‾‾‾‾‾‾^‾n‾g‾{V‾{‾K t=4.9s
TIGHT n=17 m=122 tag=Kn-evenH158 g6=P‾‾‾‾‾‾‾‾‾‾‾^‾n‾g‾}Vzk‾k t=4.6s
TIGHT n=17 m=122 tag=Kn-evenH159 g6=P‾‾‾‾‾‾‾‾‾‾‾^‾n‾w^w^‾{‾K t=4.5s
TIGHT n=17 m=122 tag=Kn-evenH160 g6=P‾‾‾‾‾‾‾‾‾‾‾^‾n‾w^yN‾m‾K t=4.7s
TIGHT n=17 m=122 tag=Kn-evenH161 g6=P‾‾‾‾‾‾‾‾‾‾‾^‾n‾w^}F‾N‾K t=4.9s
TIGHT n=17 m=122 tag=Kn-evenH162 g6=P‾‾‾‾‾‾‾‾‾‾‾^‾n‾w^y^zk‾k t=3.7s
TIGHT n=17 m=122 tag=Kn-evenH163 g6=P‾‾‾‾‾‾‾‾‾‾‾^‾n‾f‾`‾xN‾K t=4.1s
TIGHT n=17 m=127 tag=Kn-evenH164 g6=P‾‾‾‾‾‾‾‾‾‾‾^‾N‾r‾}^‾z‾[ t=5.0s
TIGHT n=17 m=125 tag=Kn-evenH165 g6=P‾‾‾‾‾‾‾‾‾‾‾^‾N‾r‾‾N‾p‾[ t=3.6s
TIGHT n=17 m=124 tag=Kn-evenH166 g6=P‾‾‾‾‾‾‾‾‾‾‾^‾N‾r‾}N‾x‾W t=4.1s
TIGHT n=17 m=124 tag=Kn-evenH167 g6=P‾‾‾‾‾‾‾‾‾‾‾^‾N‾r‾{‾|n‾G t=5.0s
TIGHT n=17 m=123 tag=Kn-evenH168 g6=P‾‾‾‾‾‾‾‾‾‾‾^‾N‾r‾}F‾w‾[ t=3.9s
TIGHT n=17 m=123 tag=Kn-evenH169 g6=P‾‾‾‾‾‾‾‾‾‾‾^‾N‾r‾x^zB‾{ t=5.1s
TIGHT n=17 m=124 tag=Kn-evenH170 g6=P‾‾‾‾‾‾‾‾‾‾‾^‾N‾x‾{n‾x‾W t=5.5s
TIGHT n=17 m=124 tag=Kn-evenH171 g6=P‾‾‾‾‾‾‾‾‾‾‾^‾N‾x‾}N‾l‾W t=4.1s
TIGHT n=17 m=124 tag=Kn-evenH172 g6=P‾‾‾‾‾‾‾‾‾‾‾^‾N‾x‾x‾zR‾w t=10.3s
TIGHT n=17 m=124 tag=Kn-evenH173 g6=P‾‾‾‾‾‾‾‾‾‾‾^‾N‾x‾{‾}z‾O t=2.0s
TIGHT n=17 m=124 tag=Kn-evenH174 g6=P‾‾‾‾‾‾‾‾‾‾‾^‾N‾x‾}^}n‾O t=3.7s
TIGHT n=17 m=123 tag=Kn-evenH175 g6=P‾‾‾‾‾‾‾‾‾‾‾^‾N‾x‾{f‾w‾[ t=5.4s
TIGHT n=17 m=123 tag=Kn-evenH176 g6=P‾‾‾‾‾‾‾‾‾‾‾^‾N‾x‾}F‾k‾[ t=4.6s
TIGHT n=17 m=123 tag=Kn-evenH177 g6=P‾‾‾‾‾‾‾‾‾‾‾^‾N‾x‾y^}N‾S t=3.9s
TIGHT n=17 m=123 tag=Kn-evenH178 g6=P‾‾‾‾‾‾‾‾‾‾‾^‾N‾x‾y‾yJ‾s t=2.0s
TIGHT n=17 m=127 tag=Kn-evenH179 g6=P‾‾‾‾‾‾‾‾‾‾‾^‾N‾v‾m^‾r‾{ t=0.7s
TIGHT n=17 m=124 tag=Kn-evenH180 g6=P‾‾‾‾‾‾‾‾‾‾‾^‾N‾v‾mN‾p‾w t=2.2s
TIGHT n=17 m=123 tag=Kn-evenH181 g6=P‾‾‾‾‾‾‾‾‾‾‾^‾N‾v‾mF‾o‾{ t=3.8s
TIGHT n=17 m=123 tag=Kn-evenH182 g6=P‾‾‾‾‾‾‾‾‾‾‾^‾N‾v‾h‾xN‾K t=4.0s
TIGHT n=17 m=123 tag=Kn-evenH183 g6=P‾‾‾‾‾‾‾‾‾‾‾^‾N‾b‾{‾zN‾o t=3.5s
TIGHT n=17 m=123 tag=Kn-evenH184 g6=P‾‾‾‾‾‾‾‾‾‾‾^‾N‾b‾}^zZ‾o t=1.7s
TIGHT n=17 m=122 tag=Kn-evenH185 g6=P‾‾‾‾‾‾‾‾‾‾‾^‾N‾b‾{‾xN‾c t=5.3s
TIGHT n=17 m=123 tag=Kn-evenH186 g6=P‾‾‾‾‾‾‾‾‾‾‾^‾N‾p‾{^‾n‾O t=4.8s
TIGHT n=17 m=123 tag=Kn-evenH187 g6=P‾‾‾‾‾‾‾‾‾‾‾^‾N‾p‾}nzx‾o t=3.6s
TIGHT n=17 m=122 tag=Kn-evenH188 g6=P‾‾‾‾‾‾‾‾‾‾‾^‾N‾p‾w^‾N‾S t=34.4s
TIGHT n=17 m=122 tag=Kn-evenH189 g6=P‾‾‾‾‾‾‾‾‾‾‾^‾N‾p‾}F‾{‾S t=3.5s
TIGHT n=17 m=122 tag=Kn-evenH190 g6=P‾‾‾‾‾‾‾‾‾‾‾^‾N‾p‾w‾zJ‾s t=13.8s
TIGHT n=17 m=122 tag=Kn-evenH191 g6=P‾‾‾‾‾‾‾‾‾‾‾^‾N‾p‾y^|^‾C t=34.4s
TIGHT n=17 m=122 tag=Kn-evenH192 g6=P‾‾‾‾‾‾‾‾‾‾‾^‾N‾p‾}N||‾C t=10.0s
TIGHT n=17 m=122 tag=Kn-evenH193 g6=P‾‾‾‾‾‾‾‾‾‾‾^‾N‾p‾y‾xZ‾c t=3.5s
TIGHT n=17 m=123 tag=Kn-evenH194 g6=P‾‾‾‾‾‾‾‾‾‾‾^‾N‾w‾{^‾|‾O t=1.9s
TIGHT n=17 m=123 tag=Kn-evenH195 g6=P‾‾‾‾‾‾‾‾‾‾‾^‾N‾w‾}N‾n‾O t=10.7s
TIGHT n=17 m=123 tag=Kn-evenH196 g6=P‾‾‾‾‾‾‾‾‾‾‾^‾N‾w‾{‾zx‾o t=3.3s
TIGHT n=17 m=122 tag=Kn-evenH197 g6=P‾‾‾‾‾‾‾‾‾‾‾^‾N‾w‾yN‾N‾S t=3.6s
TIGHT n=17 m=122 tag=Kn-evenH198 g6=P‾‾‾‾‾‾‾‾‾‾‾^‾N‾w‾{V‾{‾S t=5.1s
TIGHT n=17 m=122 tag=Kn-evenH199 g6=P‾‾‾‾‾‾‾‾‾‾‾^‾N‾w‾}F‾m‾S t=3.6s
TIGHT n=17 m=122 tag=Kn-evenH200 g6=P‾‾‾‾‾‾‾‾‾‾‾^‾N‾w‾y^zL‾s t=4.0s
TIGHT n=17 m=122 tag=Kn-evenH201 g6=P‾‾‾‾‾‾‾‾‾‾‾^‾N‾w‾{vzw‾s t=9.5s
TIGHT n=17 m=122 tag=Kn-evenH202 g6=P‾‾‾‾‾‾‾‾‾‾‾^‾N‾f‾h‾xn‾C t=4.9s
TIGHT n=17 m=122 tag=Kn-evenH203 g6=P‾‾‾‾‾‾‾‾‾‾‾^‾N‾r‾g^‾J‾s t=5.3s
TIGHT n=17 m=122 tag=Kn-evenH204 g6=P‾‾‾‾‾‾‾‾‾‾‾^‾N‾r‾g‾zN‾S t=5.2s
TIGHT n=17 m=122 tag=Kn-evenH205 g6=P‾‾‾‾‾‾‾‾‾‾‾^‾N‾r‾i^|Z‾c t=14.9s
TIGHT n=17 m=123 tag=Kn-evenH206 g6=P‾‾‾‾‾‾‾‾‾‾‾^‾N‾j‾s‾z^‾_ t=5.1s
TIGHT n=17 m=122 tag=Kn-evenH207 g6=P‾‾‾‾‾‾‾‾‾‾‾^‾N‾j‾s^zZ‾c t=3.6s
TIGHT n=17 m=125 tag=Kn-evenH208 g6=P‾‾‾‾‾‾‾‾‾‾‾^‾f‾r‾‾N‾X‾[ t=3.9s
TIGHT n=17 m=124 tag=Kn-evenH209 g6=P‾‾‾‾‾‾‾‾‾‾‾^‾f‾r‾zN‾x‾W t=5.3s
TIGHT n=17 m=123 tag=Kn-evenH210 g6=P‾‾‾‾‾‾‾‾‾‾‾^‾f‾r‾w^‾b‾[ t=4.4s
TIGHT n=17 m=123 tag=Kn-evenH211 g6=P‾‾‾‾‾‾‾‾‾‾‾^‾f‾r‾zF‾w‾[ t=5.0s
TIGHT n=17 m=125 tag=Kn-evenH212 g6=P‾‾‾‾‾‾‾‾‾‾‾^‾f‾t‾zn‾p‾[ t=9.8s
TIGHT n=17 m=125 tag=Kn-evenH213 g6=P‾‾‾‾‾‾‾‾‾‾‾^‾f‾t‾}n‾X‾[ t=1.6s
TIGHT n=17 m=124 tag=Kn-evenH214 g6=P‾‾‾‾‾‾‾‾‾‾‾^‾f‾t‾w‾‾j‾W t=5.2s
TIGHT n=17 m=124 tag=Kn-evenH215 g6=P‾‾‾‾‾‾‾‾‾‾‾^‾f‾t‾{^‾N‾W t=4.2s
TIGHT n=17 m=124 tag=Kn-evenH216 g6=P‾‾‾‾‾‾‾‾‾‾‾^‾f‾t‾yn‾x‾W t=4.6s
TIGHT n=17 m=124 tag=Kn-evenH217 g6=P‾‾‾‾‾‾‾‾‾‾‾^‾f‾t‾}N‾¥‾W t=5.3s
TIGHT n=17 m=124 tag=Kn-evenH218 g6=P‾‾‾‾‾‾‾‾‾‾‾^‾f‾t‾y‾|z‾G t=5.2s
TIGHT n=17 m=124 tag=Kn-evenH219 g6=P‾‾‾‾‾‾‾‾‾‾‾^‾f‾t‾}^|^‾G t=13.3s
TIGHT n=17 m=123 tag=Kn-evenH220 g6=P‾‾‾‾‾‾‾‾‾‾‾^‾f‾t‾yf‾w‾[ t=5.3s
TIGHT n=17 m=123 tag=Kn-evenH221 g6=P‾‾‾‾‾‾‾‾‾‾‾^‾f‾t‾}F‾[‾[ t=1.5s
TIGHT n=17 m=123 tag=Kn-evenH222 g6=P‾‾‾‾‾‾‾‾‾‾‾^‾f‾t‾y‾{z‾C t=3.7s
TIGHT n=17 m=123 tag=Kn-evenH223 g6=P‾‾‾‾‾‾‾‾‾‾‾^‾f‾t‾}^{^‾C t=4.5s
TIGHT n=17 m=124 tag=Kn-evenH224 g6=P‾‾‾‾‾‾‾‾‾‾‾^‾f‾{‾w‾‾x‾W t=4.3s
TIGHT n=17 m=124 tag=Kn-evenH225 g6=P‾‾‾‾‾‾‾‾‾‾‾^‾f‾{‾x^‾t‾W t=5.1s
TIGHT n=17 m=124 tag=Kn-evenH226 g6=P‾‾‾‾‾‾‾‾‾‾‾^‾f‾{‾{^‾¥‾W t=13.4s
TIGHT n=17 m=123 tag=Kn-evenH227 g6=P‾‾‾‾‾‾‾‾‾‾‾^‾f‾{‾wv‾w‾[ t=1.6s
TIGHT n=17 m=123 tag=Kn-evenH228 g6=P‾‾‾‾‾‾‾‾‾‾‾^‾f‾{‾xV‾s‾[ t=4.2s
TIGHT n=17 m=123 tag=Kn-evenH229 g6=P‾‾‾‾‾‾‾‾‾‾‾^‾f‾{‾{V‾[‾[ t=1.7s
TIGHT n=17 m=123 tag=Kn-evenH230 g6=P‾‾‾‾‾‾‾‾‾‾‾^‾f‾b‾{‾zf‾o t=9.7s
TIGHT n=17 m=122 tag=Kn-evenH231 g6=P‾‾‾‾‾‾‾‾‾‾‾^‾f‾b‾w‾zF‾s t=10.1s
TIGHT n=17 m=122 tag=Kn-evenH232 g6=P‾‾‾‾‾‾‾‾‾‾‾^‾f‾b‾x‾xN‾c t=17.1s
TIGHT n=17 m=122 tag=Kn-evenH233 g6=P‾‾‾‾‾‾‾‾‾‾‾^‾f‾b‾‾Nxx‾c t=5.2s
TIGHT n=17 m=123 tag=Kn-evenH234 g6=P‾‾‾‾‾‾‾‾‾‾‾^‾f‾d‾y^‾^‾O t=1.8s
TIGHT n=17 m=123 tag=Kn-evenH235 g6=P‾‾‾‾‾‾‾‾‾‾‾^‾f‾d‾|^zf‾o t=3.8s
TIGHT n=17 m=123 tag=Kn-evenH236 g6=P‾‾‾‾‾‾‾‾‾‾‾^‾f‾d‾}nzx‾o t=3.8s
TIGHT n=17 m=122 tag=Kn-evenH237 g6=P‾‾‾‾‾‾‾‾‾‾‾^‾f‾d‾x^zF‾s t=10.3s
TIGHT n=17 m=122 tag=Kn-evenH238 g6=P‾‾‾‾‾‾‾‾‾‾‾^‾f‾d‾y^|^‾C t=5.0s
TIGHT n=17 m=122 tag=Kn-evenH239 g6=P‾‾‾‾‾‾‾‾‾‾‾^‾f‾d‾}N||‾C t=4.0s
TIGHT n=17 m=122 tag=Kn-evenH240 g6=P‾‾‾‾‾‾‾‾‾‾‾^‾f‾d‾z^xV‾c t=3.7s
TIGHT n=17 m=122 tag=Kn-evenH241 g6=P‾‾‾‾‾‾‾‾‾‾‾^‾f‾d‾}nxx‾c t=4.0s
TIGHT n=17 m=122 tag=Kn-evenH242 g6=P‾‾‾‾‾‾‾‾‾‾‾^‾f‾d‾‾Nxt‾c t=1.8s
TIGHT n=17 m=123 tag=Kn-evenH243 g6=P‾‾‾‾‾‾‾‾‾‾‾^‾f‾p‾x^‾n‾O t=10.6s
TIGHT n=17 m=123 tag=Kn-evenH244 g6=P‾‾‾‾‾‾‾‾‾‾‾^‾f‾p‾znzx‾o t=3.7s
TIGHT n=17 m=122 tag=Kn-evenH245 g6=P‾‾‾‾‾‾‾‾‾‾‾^‾f‾p‾w^‾f‾S t=5.1s
TIGHT n=17 m=122 tag=Kn-evenH246 g6=P‾‾‾‾‾‾‾‾‾‾‾^‾f‾p‾w‾zb‾s t=4.1s
TIGHT n=17 m=122 tag=Kn-evenH247 g6=P‾‾‾‾‾‾‾‾‾‾‾^‾f‾p‾zN||‾C t=3.4s
TIGHT n=17 m=123 tag=Kn-evenH248 g6=P‾‾‾‾‾‾‾‾‾‾‾^‾f‾k‾{^‾|‾O t=3.6s
TIGHT n=17 m=123 tag=Kn-evenH249 g6=P‾‾‾‾‾‾‾‾‾‾‾^‾f‾k‾{‾zx‾o t=4.2s
TIGHT n=17 m=123 tag=Kn-evenH250 g6=P‾‾‾‾‾‾‾‾‾‾‾^‾f‾k‾|^zt‾o t=3.5s
TIGHT n=17 m=123 tag=Kn-evenH251 g6=P‾‾‾‾‾‾‾‾‾‾‾^‾f‾k‾‾Nzf‾o t=5.0s
TIGHT n=17 m=122 tag=Kn-evenH252 g6=P‾‾‾‾‾‾‾‾‾‾‾^‾f‾k‾{V‾{‾S t=3.7s
TIGHT n=17 m=122 tag=Kn-evenH253 g6=P‾‾‾‾‾‾‾‾‾‾‾^‾f‾k‾|F‾u‾S t=3.8s
TIGHT n=17 m=122 tag=Kn-evenH254 g6=P‾‾‾‾‾‾‾‾‾‾‾^‾f‾k‾‾Fze‾s t=15.2s
TIGHT n=17 m=122 tag=Kn-evenH255 g6=P‾‾‾‾‾‾‾‾‾‾‾^‾f‾k‾{^||‾C t=0.8s
TIGHT n=17 m=122 tag=Kn-evenH256 g6=P‾‾‾‾‾‾‾‾‾‾‾^‾f‾k‾|N|v‾C t=5.2s
TIGHT n=17 m=122 tag=Kn-evenH257 g6=P‾‾‾‾‾‾‾‾‾‾‾^‾f‾k‾{‾xx‾c t=10.0s
TIGHT n=17 m=122 tag=Kn-evenH258 g6=P‾‾‾‾‾‾‾‾‾‾‾^‾f‾k‾|^xt‾c t=0.6s
TIGHT n=17 m=122 tag=Kn-evenH259 g6=P‾‾‾‾‾‾‾‾‾‾‾^‾f‾k‾‾Nxf‾c t=5.2s
TIGHT n=17 m=123 tag=Kn-evenH260 g6=P‾‾‾‾‾‾‾‾‾‾‾^‾f‾s‾y^‾|‾O t=5.1s
TIGHT n=17 m=123 tag=Kn-evenH261 g6=P‾‾‾‾‾‾‾‾‾‾‾^‾f‾s‾zN‾v‾O t=3.9s
TIGHT n=17 m=123 tag=Kn-evenH262 g6=P‾‾‾‾‾‾‾‾‾‾‾^‾f‾s‾}N‾^‾O t=1.7s
TIGHT n=17 m=123 tag=Kn-evenH263 g6=P‾‾‾‾‾‾‾‾‾‾‾^‾f‾s‾y‾zx‾o t=4.1s
TIGHT n=17 m=123 tag=Kn-evenH264 g6=P‾‾‾‾‾‾‾‾‾‾‾^‾f‾s‾z^zt‾o t=4.9s
TIGHT n=17 m=122 tag=Kn-evenH265 g6=P‾‾‾‾‾‾‾‾‾‾‾^‾f‾s‾yV‾{‾S t=4.3s
TIGHT n=17 m=122 tag=Kn-evenH266 g6=P‾‾‾‾‾‾‾‾‾‾‾^‾f‾s‾zF‾u‾S t=1.6s
TIGHT n=17 m=122 tag=Kn-evenH267 g6=P‾‾‾‾‾‾‾‾‾‾‾^‾f‾s‾}F‾]‾S t=4.3s
TIGHT n=17 m=122 tag=Kn-evenH268 g6=P‾‾‾‾‾‾‾‾‾‾‾^‾f‾s‾zVzs‾s t=5.8s
TIGHT n=17 m=122 tag=Kn-evenH269 g6=P‾‾‾‾‾‾‾‾‾‾‾^‾f‾s‾y^||‾C t=5.3s
TIGHT n=17 m=122 tag=Kn-evenH270 g6=P‾‾‾‾‾‾‾‾‾‾‾^‾f‾s‾zN|v‾C t=4.4s
TIGHT n=17 m=122 tag=Kn-evenH271 g6=P‾‾‾‾‾‾‾‾‾‾‾^‾f‾s‾}N|^‾C t=5.4s
TIGHT n=17 m=122 tag=Kn-evenH272 g6=P‾‾‾‾‾‾‾‾‾‾‾^‾f‾{^w^‾{‾S t=9.8s
TIGHT n=17 m=122 tag=Kn-evenH273 g6=P‾‾‾‾‾‾‾‾‾‾‾^‾f‾{^xN‾u‾S t=3.6s
TIGHT n=17 m=122 tag=Kn-evenH274 g6=P‾‾‾‾‾‾‾‾‾‾‾^‾f‾{^{N‾]‾S t=3.9s
TIGHT n=17 m=122 tag=Kn-evenH275 g6=P‾‾‾‾‾‾‾‾‾‾‾^‾f‾{^zF‾f‾S t=10.1s
TIGHT n=17 m=122 tag=Kn-evenH276 g6=P‾‾‾‾‾‾‾‾‾‾‾^‾f‾{^|F‾V‾S t=3.7s
TIGHT n=17 m=122 tag=Kn-evenH277 g6=P‾‾‾‾‾‾‾‾‾‾‾^‾f‾{^w‾zw‾s t=11.7s
TIGHT n=17 m=122 tag=Kn-evenH278 g6=P‾‾‾‾‾‾‾‾‾‾‾^‾f‾{^x^zs‾s t=3.6s
TIGHT n=17 m=122 tag=Kn-evenH279 g6=P‾‾‾‾‾‾‾‾‾‾‾^‾f‾{^zNze‾s t=4.2s
TIGHT n=17 m=123 tag=Kn-evenH280 g6=P‾‾‾‾‾‾‾‾‾‾‾^‾f‾f‾g‾‾N‾o t=4.6s
TIGHT n=17 m=123 tag=Kn-evenH281 g6=P‾‾‾‾‾‾‾‾‾‾‾^‾f‾f‾i^‾Z‾o t=5.7s
TIGHT n=17 m=123 tag=Kn-evenH282 g6=P‾‾‾‾‾‾‾‾‾‾‾^‾f‾f‾i‾z^‾O t=1.8s
TIGHT n=17 m=122 tag=Kn-evenH283 g6=P‾‾‾‾‾‾‾‾‾‾‾^‾f‾f‾g‾zN‾S t=3.9s
TIGHT n=17 m=122 tag=Kn-evenH284 g6=P‾‾‾‾‾‾‾‾‾‾‾^‾f‾f‾g‾|N‾c t=10.6s
TIGHT n=17 m=122 tag=Kn-evenH285 g6=P‾‾‾‾‾‾‾‾‾‾‾^‾f‾f‾mN|x‾c t=10.1s
TIGHT n=17 m=123 tag=Kn-evenH286 g6=P‾‾‾‾‾‾‾‾‾‾‾^‾f‾l‾g‾‾Z‾o t=10.6s
TIGHT n=17 m=123 tag=Kn-evenH287 g6=P‾‾‾‾‾‾‾‾‾‾‾^‾f‾l‾h^‾V‾o t=9.8s
TIGHT n=17 m=122 tag=Kn-evenH288 g6=P‾‾‾‾‾‾‾‾‾‾‾^‾f‾l‾g‾|Z‾c t=4.7s
TIGHT n=17 m=122 tag=Kn-evenH289 g6=P‾‾‾‾‾‾‾‾‾‾‾^‾f‾l‾h^|V‾c t=3.7s
TIGHT n=17 m=122 tag=Kn-evenH290 g6=P‾‾‾‾‾‾‾‾‾‾‾^‾f‾l‾kn|x‾c t=9.7s
TIGHT n=17 m=122 tag=Kn-evenH291 g6=P‾‾‾‾‾‾‾‾‾‾‾^‾f‾l‾lN|t‾c t=10.2s
TIGHT n=17 m=123 tag=Kn-evenH292 g6=P‾‾‾‾‾‾‾‾‾‾‾^‾f‾f‾q‾z^‾_ t=4.8s
TIGHT n=17 m=123 tag=Kn-evenH293 g6=P‾‾‾‾‾‾‾‾‾‾‾^‾f‾f‾s‾zn‾_ t=9.7s
TIGHT n=17 m=123 tag=Kn-evenH294 g6=P‾‾‾‾‾‾‾‾‾‾‾^‾f‾f‾u^zz‾_ t=3.9s
TIGHT n=17 m=122 tag=Kn-evenH295 g6=P‾‾‾‾‾‾‾‾‾‾‾^‾f‾f‾o‾zN‾c t=3.7s
TIGHT n=17 m=123 tag=Kn-evenH296 g6=P‾‾‾‾‾‾‾‾‾‾‾^‾f‾r‾p‾zn‾_ t=5.4s
TIGHT n=17 m=123 tag=Kn-evenH297 g6=P‾‾‾‾‾‾‾‾‾‾‾^‾f‾r‾r^zz‾_ t=1.8s
TIGHT n=17 m=122 tag=Kn-evenH298 g6=P‾‾‾‾‾‾‾‾‾‾‾^‾f‾r‾o‾zf‾c t=0.7s
TIGHT n=17 m=123 tag=Kn-evenH299 g6=P‾‾‾‾‾‾‾‾‾‾‾^‾f‾l‾s^‾‾‾? t=3.8s
TIGHT n=17 m=123 tag=Kn-evenH300 g6=P‾‾‾‾‾‾‾‾‾‾‾^‾f‾l‾s‾zz‾_ t=3.8s
TIGHT n=17 m=123 tag=Kn-evenH301 g6=P‾‾‾‾‾‾‾‾‾‾‾^‾f‾l‾t^zv‾_ t=2.0s
TIGHT n=17 m=122 tag=Kn-evenH302 g6=P‾‾‾‾‾‾‾‾‾‾‾^‾f‾l‾sN‾|‾C t=3.7s
TIGHT n=17 m=123 tag=Kn-evenH303 g6=P‾‾‾‾‾‾‾‾‾‾‾^‾f‾t‾q^‾‾‾? t=3.8s
TIGHT n=17 m=123 tag=Kn-evenH304 g6=P‾‾‾‾‾‾‾‾‾‾‾^‾f‾t‾q‾zz‾_ t=4.2s
TIGHT n=17 m=122 tag=Kn-evenH305 g6=P‾‾‾‾‾‾‾‾‾‾‾^‾f‾t‾qN‾|‾C t=9.5s
TIGHT n=17 m=122 tag=Kn-evenH306 g6=P‾‾‾‾‾‾‾‾‾‾‾^‾f‾{‾o^‾|‾C t=4.9s
TIGHT n=17 m=122 tag=Kn-evenH307 g6=P‾‾‾‾‾‾‾‾‾‾‾^‾f‾{‾sN‾^‾C t=4.8s
TIGHT n=17 m=122 tag=Kn-evenH308 g6=P‾‾‾‾‾‾‾‾‾‾‾^‾f‾{‾o‾zx‾c t=3.8s
TIGHT n=17 m=122 tag=Kn-evenH309 g6=P‾‾‾‾‾‾‾‾‾‾‾^‾f‾{‾p^zt‾c t=5.1s
TIGHT n=17 m=123 tag=Kn-evenH310 g6=P‾‾‾‾‾‾‾‾‾‾‾^‾f‾n‾_‾‾^‾_ t=9.7s
TIGHT n=17 m=123 tag=Kn-evenH311 g6=P‾‾‾‾‾‾‾‾‾‾‾^‾f‾n‾c^‾z‾_ t=4.7s
TIGHT n=17 m=122 tag=Kn-evenH312 g6=P‾‾‾‾‾‾‾‾‾‾‾^‾f‾n‾_‾z^‾C t=4.9s
TIGHT n=17 m=127 tag=Kn-evenH313 g6=P‾‾‾‾‾‾‾‾‾‾‾^‾^‾R‾|^‾r‾{ t=3.6s
TIGHT n=17 m=125 tag=Kn-evenH314 g6=P‾‾‾‾‾‾‾‾‾‾‾^‾^‾R‾‾N‾`‾{ t=10.1s
TIGHT n=17 m=124 tag=Kn-evenH315 g6=P‾‾‾‾‾‾‾‾‾‾‾^‾^‾R‾|N‾p‾w t=10.2s
TIGHT n=17 m=124 tag=Kn-evenH316 g6=P‾‾‾‾‾‾‾‾‾‾‾^‾^‾R‾x‾zV‾W t=4.7s
TIGHT n=17 m=124 tag=Kn-evenH317 g6=P‾‾‾‾‾‾‾‾‾‾‾^‾^‾R‾|^}r‾o t=11.1s
TIGHT n=17 m=123 tag=Kn-evenH318 g6=P‾‾‾‾‾‾‾‾‾‾‾^‾^‾R‾|F‾o‾{ t=4.9s
TIGHT n=17 m=123 tag=Kn-evenH319 g6=P‾‾‾‾‾‾‾‾‾‾‾^‾^‾P‾{n‾x‾o t=5.2s
TIGHT n=17 m=122 tag=Kn-evenH320 g6=P‾‾‾‾‾‾‾‾‾‾‾^‾^‾P‾{f‾w‾s t=5.0s
TIGHT n=17 m=122 tag=Kn-evenH321 g6=P‾‾‾‾‾‾‾‾‾‾‾^‾^‾P‾w‾zZ‾S t=4.3s
TIGHT n=17 m=122 tag=Kn-evenH322 g6=P‾‾‾‾‾‾‾‾‾‾‾^‾F‾d‾}^z^‾_ t=11.4s
TIGHT n=17 m=122 tag=Kn-evenH323 g6=P‾‾‾‾‾‾‾‾‾‾‾^‾b‾b‾|^zn‾_ t=2.0s
TIGHT n=17 m=122 tag=Kn-evenH324 g6=P‾‾‾‾‾‾‾‾‾‾‾^‾b‾b‾‾Nz|‾_ t=4.9s
TIGHT n=17 m=122 tag=Kn-evenH325 g6=P‾‾‾‾‾‾‾‾‾‾‾^‾b‾p‾x‾zn‾_ t=3.8s
TIGHT n=17 m=122 tag=Kn-evenH326 g6=P‾‾‾‾‾‾‾‾‾‾‾^‾b‾p‾znz|‾_ t=5.2s
TIGHT n=17 m=122 tag=Kn-evenH327 g6=P‾‾‾‾‾‾‾‾‾‾‾^‾b‾e‾}nzz‾_ t=3.6s
TIGHT n=17 m=122 tag=Kn-evenH328 g6=P‾‾‾‾‾‾‾‾‾‾‾^‾b‾q‾zN‾‾‾? t=5.0s
TIGHT n=17 m=122 tag=Kn-evenH329 g6=P‾‾‾‾‾‾‾‾‾‾‾^‾b‾q‾z^z|‾_ t=4.9s
TIGHT n=17 m=122 tag=Kn-evenH330 g6=P‾‾‾‾‾‾‾‾‾‾‾^‾N‾H‾{^‾^‾_ t=4.8s
TIGHT n=17 m=126 tag=Kn-evenH331 g6=P‾‾‾‾‾‾‾‾‾‾‾N‾N‾x‾}n‾x‾{ t=3.8s
TIGHT n=17 m=124 tag=Kn-evenH332 g6=P‾‾‾‾‾‾‾‾‾‾‾N‾N‾x‾‾f‾o‾{ t=0.6s
TIGHT n=17 m=123 tag=Kn-evenH333 g6=P‾‾‾‾‾‾‾‾‾‾‾N‾N‾x‾}f‾w‾w t=13.8s
TIGHT n=17 m=123 tag=Kn-evenH334 g6=P‾‾‾‾‾‾‾‾‾‾‾N‾N‾x‾}n}x‾o t=4.4s
TIGHT n=17 m=122 tag=Kn-evenH335 g6=P‾‾‾‾‾‾‾‾‾‾‾N‾N‾x‾wn‾H‾{ t=4.4s
TIGHT n=17 m=122 tag=Kn-evenH336 g6=P‾‾‾‾‾‾‾‾‾‾‾N‾N‾x‾}b‾w^{ t=3.7s
TIGHT n=17 m=122 tag=Kn-evenH337 g6=P‾‾‾‾‾‾‾‾‾‾‾N‾N‾x‾w‾}J‾s t=4.8s
TIGHT n=17 m=122 tag=Kn-evenH338 g6=P‾‾‾‾‾‾‾‾‾‾‾N‾N‾w‾}V‾{‾o t=1.9s
TIGHT n=17 m=123 tag=Kn-evenH339 g6=P‾‾‾‾‾‾‾‾‾‾‾N‾V‾r‾‾F‾w‾w t=1.9s
TIGHT n=17 m=122 tag=Kn-evenH340 g6=P‾‾‾‾‾‾‾‾‾‾‾N‾V‾r‾w^‾B‾{ t=4.0s
TIGHT n=17 m=122 tag=Kn-evenH341 g6=P‾‾‾‾‾‾‾‾‾‾‾N‾V‾r‾‾B‾w^{ t=4.6s
TIGHT n=17 m=122 tag=Kn-evenH342 g6=P‾‾‾‾‾‾‾‾‾‾‾N‾V‾r‾x‾xN‾K t=3.9s
TIGHT n=17 m=122 tag=Kn-evenH343 g6=P‾‾‾‾‾‾‾‾‾‾‾N‾V‾r‾{‾xf‾K t=4.0s
TIGHT n=17 m=126 tag=Kn-evenH344 g6=P‾‾‾‾‾‾‾‾‾‾‾N‾V‾t‾}n‾x‾{ t=15.2s
TIGHT n=17 m=124 tag=Kn-evenH345 g6=P‾‾‾‾‾‾‾‾‾‾‾N‾V‾t‾‾f‾o‾{ t=3.6s
TIGHT n=17 m=123 tag=Kn-evenH346 g6=P‾‾‾‾‾‾‾‾‾‾‾N‾V‾t‾}f‾w‾w t=1.8s
TIGHT n=17 m=122 tag=Kn-evenH347 g6=P‾‾‾‾‾‾‾‾‾‾‾N‾V‾t‾wn‾H‾{ t=1.8s
TIGHT n=17 m=122 tag=Kn-evenH348 g6=P‾‾‾‾‾‾‾‾‾‾‾N‾V‾t‾}b‾w^{ t=3.5s
TIGHT n=17 m=122 tag=Kn-evenH349 g6=P‾‾‾‾‾‾‾‾‾‾‾N‾V‾t‾w‾|J‾k t=3.9s
TIGHT n=17 m=122 tag=Kn-evenH350 g6=P‾‾‾‾‾‾‾‾‾‾‾N‾V‾t‾}nxx‾K t=4.9s
TIGHT n=17 m=122 tag=Kn-evenH351 g6=P‾‾‾‾‾‾‾‾‾‾‾N‾V‾t‾}‾wz‾C t=4.9s
TIGHT n=17 m=124 tag=Kn-evenH352 g6=P‾‾‾‾‾‾‾‾‾‾‾N‾V‾{‾‾V‾c‾{ t=5.0s
TIGHT n=17 m=123 tag=Kn-evenH353 g6=P‾‾‾‾‾‾‾‾‾‾‾N‾V‾{‾|V‾s‾w t=4.1s
TIGHT n=17 m=123 tag=Kn-evenH354 g6=P‾‾‾‾‾‾‾‾‾‾‾N‾V‾{‾‾F‾e‾w t=10.5s
TIGHT n=17 m=123 tag=Kn-evenH355 g6=P‾‾‾‾‾‾‾‾‾‾‾N‾V‾{‾{‾zx‾W t=3.2s
TIGHT n=17 m=123 tag=Kn-evenH356 g6=P‾‾‾‾‾‾‾‾‾‾‾N‾V‾{‾|^zt‾W t=4.6s
TIGHT n=17 m=123 tag=Kn-evenH357 g6=P‾‾‾‾‾‾‾‾‾‾‾N‾V‾{‾|^}t‾o t=4.8s
TIGHT n=17 m=123 tag=Kn-evenH358 g6=P‾‾‾‾‾‾‾‾‾‾‾N‾V‾{‾‾N}f‾o t=3.5s
TIGHT n=17 m=122 tag=Kn-evenH359 g6=P‾‾‾‾‾‾‾‾‾‾‾N‾V‾{‾|R‾s^{ t=8.9s
TIGHT n=17 m=122 tag=Kn-evenH360 g6=P‾‾‾‾‾‾‾‾‾‾‾N‾V‾{‾‾B‾e^{ t=3.8s
TIGHT n=17 m=122 tag=Kn-evenH361 g6=P‾‾‾‾‾‾‾‾‾‾‾N‾V‾{‾{‾xx‾K t=5.2s
TIGHT n=17 m=122 tag=Kn-evenH362 g6=P‾‾‾‾‾‾‾‾‾‾‾N‾V‾{‾|^xt‾K t=4.4s
TIGHT n=17 m=122 tag=Kn-evenH363 g6=P‾‾‾‾‾‾‾‾‾‾‾N‾V‾{‾zN}F‾s t=32.5s
TIGHT n=17 m=122 tag=Kn-evenH364 g6=P‾‾‾‾‾‾‾‾‾‾‾N‾V‾{‾|^yt‾S t=2.0s
TIGHT n=17 m=122 tag=Kn-evenH365 g6=P‾‾‾‾‾‾‾‾‾‾‾N‾V‾{‾‾Nyf‾S t=5.1s
TIGHT n=17 m=122 tag=Kn-evenH366 g6=P‾‾‾‾‾‾‾‾‾‾‾N‾V‾s‾|N‾f‾o t=2.2s
TIGHT n=17 m=122 tag=Kn-evenH367 g6=P‾‾‾‾‾‾‾‾‾‾‾N‾V‾s‾}V‾{‾o t=4.8s
TIGHT n=17 m=122 tag=Kn-evenH368 g6=P‾‾‾‾‾‾‾‾‾‾‾N‾V‾{^{^‾{‾o t=5.2s
TIGHT n=17 m=122 tag=Kn-evenH369 g6=P‾‾‾‾‾‾‾‾‾‾‾N‾V‾{^|N‾u‾o t=3.7s
TIGHT n=17 m=122 tag=Kn-evenH370 g6=P‾‾‾‾‾‾‾‾‾‾‾N‾V‾{^‾F‾f‾o t=4.7s
TIGHT n=17 m=122 tag=Kn-evenH371 g6=P‾‾‾‾‾‾‾‾‾‾‾N‾V‾x‾lN‾|‾O t=0.7s
TIGHT n=17 m=122 tag=Kn-evenH372 g6=P‾‾‾‾‾‾‾‾‾‾‾N‾V‾x‾l^|‾‾? t=5.3s
TIGHT n=17 m=123 tag=Kn-evenH373 g6=P‾‾‾‾‾‾‾‾‾‾‾N‾r‾}^w‾‾w‾w t=3.8s
TIGHT n=17 m=123 tag=Kn-evenH374 g6=P‾‾‾‾‾‾‾‾‾‾‾N‾r‾}^yn‾i‾w t=1.3s
TIGHT n=17 m=122 tag=Kn-evenH375 g6=P‾‾‾‾‾‾‾‾‾‾‾N‾r‾}^wz‾w^{ t=5.0s
TIGHT n=17 m=122 tag=Kn-evenH376 g6=P‾‾‾‾‾‾‾‾‾‾‾N‾r‾}^yj‾i^{ t=3.7s
TIGHT n=17 m=122 tag=Kn-evenH377 g6=P‾‾‾‾‾‾‾‾‾‾‾N‾r‾b‾x^‾N‾o t=3.7s
TIGHT n=17 m=122 tag=Kn-evenH378 g6=P‾‾‾‾‾‾‾‾‾‾‾N‾r‾b‾y^‾V‾o t=9.9s
TIGHT n=17 m=122 tag=Kn-evenH379 g6=P‾‾‾‾‾‾‾‾‾‾‾N‾r‾e‾}V‾{‾o t=9.6s
TIGHT n=17 m=122 tag=Kn-evenH380 g6=P‾‾‾‾‾‾‾‾‾‾‾N‾r‾i‾{n‾r‾o t=1.9s
TIGHT n=17 m=122 tag=Kn-evenH381 g6=P‾‾‾‾‾‾‾‾‾‾‾N‾r‾i‾|V‾{‾o t=3.8s
TIGHT n=17 m=122 tag=Kn-evenH382 g6=P‾‾‾‾‾‾‾‾‾‾‾N‾r‾m^{^‾{‾o t=5.4s
TIGHT n=17 m=122 tag=Kn-evenH383 g6=P‾‾‾‾‾‾‾‾‾‾‾N‾r‾m^{n‾y‾o t=4.4s
TIGHT n=17 m=122 tag=Kn-evenH384 g6=P‾‾‾‾‾‾‾‾‾‾‾N‾r‾m^}N‾m‾o t=4.8s
TIGHT n=17 m=122 tag=Kn-evenH385 g6=P‾‾‾‾‾‾‾‾‾‾‾N‾r‾m^|f‾r‾o t=3.6s
TIGHT n=17 m=122 tag=Kn-evenH386 g6=P‾‾‾‾‾‾‾‾‾‾‾N‾r‾m^}f‾j‾o t=16.3s
TIGHT n=17 m=122 tag=Kn-evenH387 g6=P‾‾‾‾‾‾‾‾‾‾‾N‾r‾f‾i^‾^‾O t=4.5s
TIGHT n=17 m=122 tag=Kn-evenH388 g6=P‾‾‾‾‾‾‾‾‾‾‾N‾r‾f‾mN‾|‾O t=4.0s
TIGHT n=17 m=122 tag=Kn-evenH389 g6=P‾‾‾‾‾‾‾‾‾‾‾N‾r‾f‾m^|‾‾? t=6.0s
TIGHT n=17 m=122 tag=Kn-evenH390 g6=P‾‾‾‾‾‾‾‾‾‾‾N‾r‾j‾h^‾^‾O t=3.7s
TIGHT n=17 m=122 tag=Kn-evenH391 g6=P‾‾‾‾‾‾‾‾‾‾‾N‾r‾j‾k^‾v‾O t=5.2s
TIGHT n=17 m=122 tag=Kn-evenH392 g6=P‾‾‾‾‾‾‾‾‾‾‾N‾r‾j‾lN‾|‾O t=5.6s
TIGHT n=17 m=122 tag=Kn-evenH393 g6=P‾‾‾‾‾‾‾‾‾‾‾N‾r‾j‾l^|‾‾? t=6.4s
TIGHT n=17 m=122 tag=Kn-evenH394 g6=P‾‾‾‾‾‾‾‾‾‾‾N‾r‾x‾g‾‾v‾O t=5.1s
TIGHT n=17 m=122 tag=Kn-evenH395 g6=P‾‾‾‾‾‾‾‾‾‾‾N‾r‾x‾hn‾|‾O t=4.1s
TIGHT n=17 m=122 tag=Kn-evenH396 g6=P‾‾‾‾‾‾‾‾‾‾‾N‾r‾x‾h‾|‾‾? t=0.6s
TIGHT n=17 m=122 tag=Kn-evenH397 g6=P‾‾‾‾‾‾‾‾‾‾‾N‾r‾m‾k^‾|‾O t=5.5s
TIGHT n=17 m=122 tag=Kn-evenH398 g6=P‾‾‾‾‾‾‾‾‾‾‾N‾r‾m‾kn‾z‾O t=2.9s
TIGHT n=17 m=122 tag=Kn-evenH399 g6=P‾‾‾‾‾‾‾‾‾‾‾N‾r‾y‾h^‾|‾O t=2.7s
TIGHT n=17 m=122 tag=Kn-evenH400 g6=P‾‾‾‾‾‾‾‾‾‾‾N‾r‾y‾hn‾z‾O t=2.8s
TIGHT n=17 m=122 tag=Kn-evenH401 g6=P‾‾‾‾‾‾‾‾‾‾‾N‾r‾y‾jN‾n‾O t=3.1s
TIGHT n=17 m=124 tag=Kn-evenH402 g6=P‾‾‾‾‾‾‾‾‾n‾n‾v‾|‾w^‾‾}C t=1.1s
TIGHT n=17 m=124 tag=Kn-evenH403 g6=P‾‾‾‾‾‾‾‾‾n‾n‾v‾|‾w‾vz‾C t=3.8s
TIGHT n=17 m=124 tag=Kn-evenH404 g6=P‾‾‾‾‾‾‾‾‾n‾n‾v‾|‾x‾rr‾c t=6.8s
TIGHT n=17 m=125 tag=Kn-evenH405 g6=P‾‾‾‾‾‾‾‾‾n‾n‾v‾l‾‾^vf‾K t=2.9s
TIGHT n=17 m=124 tag=Kn-evenH406 g6=P‾‾‾‾‾‾‾‾‾n‾n‾v‾l‾{^‾‾}G t=6.5s
TIGHT n=17 m=124 tag=Kn-evenH407 g6=P‾‾‾‾‾‾‾‾‾n‾n‾v‾l‾|^vv‾G t=2.3s
TIGHT n=17 m=124 tag=Kn-evenH408 g6=P‾‾‾‾‾‾‾‾‾n‾n‾v‾l‾|^zv}g t=2.4s
TIGHT n=17 m=123 tag=Kn-evenH409 g6=P‾‾‾‾‾‾‾‾‾n‾n‾v‾l‾{N‾|}K t=1.2s
TIGHT n=17 m=123 tag=Kn-evenH410 g6=P‾‾‾‾‾‾‾‾‾n‾n‾v‾l‾|Nvt‾K t=1.1s
TIGHT n=17 m=123 tag=Kn-evenH411 g6=P‾‾‾‾‾‾‾‾‾n‾n‾v‾l‾|Nzt}k t=3.8s
TIGHT n=17 m=123 tag=Kn-evenH412 g6=P‾‾‾‾‾‾‾‾‾n‾n‾v‾{‾w^‾|}K t=2.7s
TIGHT n=17 m=123 tag=Kn-evenH413 g6=P‾‾‾‾‾‾‾‾‾n‾n‾v‾{‾xN‾v}K t=3.1s
TIGHT n=17 m=123 tag=Kn-evenH414 g6=P‾‾‾‾‾‾‾‾‾n‾n‾v‾{‾x^vt‾K t=2.7s
TIGHT n=17 m=123 tag=Kn-evenH415 g6=P‾‾‾‾‾‾‾‾‾n‾n‾v‾{‾zNvf‾K t=6.1s
TIGHT n=17 m=125 tag=Kn-evenH416 g6=P‾‾‾‾‾‾‾‾‾n‾n‾v‾n‾¥^‾r‾K t=9.2s
TIGHT n=17 m=127 tag=Kn-evenH417 g6=P‾‾‾‾‾‾‾‾‾n‾n‾v‾n‾¥‾zv‾k t=6.0s
TIGHT n=17 m=124 tag=Kn-evenH418 g6=P‾‾‾‾‾‾‾‾‾n‾n‾v‾n‾[^‾z‾G t=3.7s
TIGHT n=17 m=124 tag=Kn-evenH419 g6=P‾‾‾‾‾‾‾‾‾n‾n‾v‾n‾X‾zV‾g t=2.8s
TIGHT n=17 m=124 tag=Kn-evenH420 g6=P‾‾‾‾‾‾‾‾‾n‾n‾v‾n‾¥^zr‾g t=2.2s
TIGHT n=17 m=123 tag=Kn-evenH421 g6=P‾‾‾‾‾‾‾‾‾n‾n‾v‾n‾[N‾x‾K t=1.2s
TIGHT n=17 m=123 tag=Kn-evenH422 g6=P‾‾‾‾‾‾‾‾‾n‾n‾v‾n‾¥Nzp‾k t=0.5s
TIGHT n=17 m=123 tag=Kn-evenH423 g6=P‾‾‾‾‾‾‾‾‾n‾n‾v‾b‾}‾rv‾_ t=6.3s
TIGHT n=17 m=122 tag=Kn-evenH424 g6=P‾‾‾‾‾‾‾‾‾n‾n‾v‾b‾x‾rN‾c t=15.2s
TIGHT n=17 m=123 tag=Kn-evenH425 g6=P‾‾‾‾‾‾‾‾‾n‾n‾v‾d‾}^v‾‾? t=6.0s
TIGHT n=17 m=123 tag=Kn-evenH426 g6=P‾‾‾‾‾‾‾‾‾n‾n‾v‾d‾}‾rz‾_ t=2.7s
TIGHT n=17 m=123 tag=Kn-evenH427 g6=P‾‾‾‾‾‾‾‾‾n‾n‾v‾d‾‾^rv‾_ t=2.4s
TIGHT n=17 m=123 tag=Kn-evenH428 g6=P‾‾‾‾‾‾‾‾‾n‾n‾v‾d‾}^|‾}O t=6.2s
TIGHT n=17 m=123 tag=Kn-evenH429 g6=P‾‾‾‾‾‾‾‾‾n‾n‾v‾d‾}‾tz‾O t=2.3s
TIGHT n=17 m=122 tag=Kn-evenH430 g6=P‾‾‾‾‾‾‾‾‾n‾n‾v‾d‾}Nv|‾C t=2.6s
TIGHT n=17 m=122 tag=Kn-evenH431 g6=P‾‾‾‾‾‾‾‾‾n‾n‾v‾d‾‾Nrt‾c t=2.0s
TIGHT n=17 m=122 tag=Kn-evenH432 g6=P‾‾‾‾‾‾‾‾‾n‾n‾v‾d‾}N||}S t=3.0s
TIGHT n=17 m=122 tag=Kn-evenH433 g6=P‾‾‾‾‾‾‾‾‾n‾n‾v‾k‾{N‾‾}C t=5.3s
TIGHT n=17 m=122 tag=Kn-evenH434 g6=P‾‾‾‾‾‾‾‾‾n‾n‾v‾k‾{^v|‾C t=2.2s
TIGHT n=17 m=122 tag=Kn-evenH435 g6=P‾‾‾‾‾‾‾‾‾n‾n‾v‾k‾|Nvv‾C t=2.5s
TIGHT n=17 m=122 tag=Kn-evenH436 g6=P‾‾‾‾‾‾‾‾‾n‾n‾v‾k‾{^z|}c t=5.8s
TIGHT n=17 m=122 tag=Kn-evenH437 g6=P‾‾‾‾‾‾‾‾‾n‾n‾v‾k‾|Nzv}c t=1.9s
TIGHT n=17 m=122 tag=Kn-evenH438 g6=P‾‾‾‾‾‾‾‾‾n‾n‾v‾k‾{‾rx‾c t=2.7s
TIGHT n=17 m=122 tag=Kn-evenH439 g6=P‾‾‾‾‾‾‾‾‾n‾n‾v‾k‾|^rt‾c t=2.3s
TIGHT n=17 m=122 tag=Kn-evenH440 g6=P‾‾‾‾‾‾‾‾‾n‾n‾v‾k‾{‾xx}s t=2.1s
TIGHT n=17 m=123 tag=Kn-evenH441 g6=P‾‾‾‾‾‾‾‾‾n‾n‾v‾f‾Y‾z^‾_ t=5.6s
TIGHT n=17 m=123 tag=Kn-evenH442 g6=P‾‾‾‾‾‾‾‾‾n‾n‾v‾f‾Y‾|^‾O t=3.4s
TIGHT n=17 m=123 tag=Kn-evenH443 g6=P‾‾‾‾‾‾‾‾‾n‾n‾v‾f‾[‾|n‾O t=2.7s
TIGHT n=17 m=122 tag=Kn-evenH444 g6=P‾‾‾‾‾‾‾‾‾n‾n‾v‾f‾W‾zN‾c t=3.1s
TIGHT n=17 m=122 tag=Kn-evenH445 g6=P‾‾‾‾‾‾‾‾‾n‾n‾v‾f‾W‾|N‾S t=0.9s
TIGHT n=17 m=123 tag=Kn-evenH446 g6=P‾‾‾‾‾‾‾‾‾n‾n‾v‾l‾[‾zz‾_ t=2.5s
TIGHT n=17 m=123 tag=Kn-evenH447 g6=P‾‾‾‾‾‾‾‾‾n‾n‾v‾l‾¥^zv‾_ t=2.5s
TIGHT n=17 m=122 tag=Kn-evenH448 g6=P‾‾‾‾‾‾‾‾‾n‾n‾v‾l‾¥Nzt‾c t=2.8s
TIGHT n=17 m=124 tag=Kn-evenH449 g6=P‾‾‾‾‾‾‾‾‾n‾n‾V‾t‾}n‾x}[ t=2.8s
TIGHT n=17 m=123 tag=Kn-evenH450 g6=P‾‾‾‾‾‾‾‾‾n‾n‾V‾t‾}N‾|}W t=5.1s
TIGHT n=17 m=123 tag=Kn-evenH451 g6=P‾‾‾‾‾‾‾‾‾n‾n‾V‾t‾y‾vZ‾W t=4.7s
TIGHT n=17 m=123 tag=Kn-evenH452 g6=P‾‾‾‾‾‾‾‾‾n‾n‾V‾t‾}nvx‾W t=1.8s
TIGHT n=17 m=122 tag=Kn-evenH453 g6=P‾‾‾‾‾‾‾‾‾n‾n‾V‾t‾}F‾{}[ t=0.8s
TIGHT n=17 m=122 tag=Kn-evenH454 g6=P‾‾‾‾‾‾‾‾‾n‾n‾V‾t‾w‾vJ‾[ t=2.5s
TIGHT n=17 m=122 tag=Kn-evenH455 g6=P‾‾‾‾‾‾‾‾‾n‾n‾V‾t‾x^vF‾[ t=4.7s
TIGHT n=17 m=122 tag=Kn-evenH456 g6=P‾‾‾‾‾‾‾‾‾n‾n‾V‾t‾}fvw‾[ t=1.7s
TIGHT n=17 m=122 tag=Kn-evenH457 g6=P‾‾‾‾‾‾‾‾‾n‾n‾V‾t‾x‾rB‾{ t=5.0s
TIGHT n=17 m=124 tag=Kn-evenH458 g6=P‾‾‾‾‾‾‾‾‾n‾n‾V‾x‾‾N‾l}[ t=2.5s
TIGHT n=17 m=123 tag=Kn-evenH459 g6=P‾‾‾‾‾‾‾‾‾n‾n‾V‾x‾|N‾|}W t=2.3s
TIGHT n=17 m=123 tag=Kn-evenH460 g6=P‾‾‾‾‾‾‾‾‾n‾n‾V‾x‾x‾vZ‾W t=2.6s
TIGHT n=17 m=123 tag=Kn-evenH461 g6=P‾‾‾‾‾‾‾‾‾n‾n‾V‾x‾{‾vr‾W t=1.7s
TIGHT n=17 m=123 tag=Kn-evenH462 g6=P‾‾‾‾‾‾‾‾‾n‾n‾V‾x‾z^vN‾W t=2.3s
TIGHT n=17 m=123 tag=Kn-evenH463 g6=P‾‾‾‾‾‾‾‾‾n‾n‾V‾x‾}^vf‾W t=1.8s
TIGHT n=17 m=123 tag=Kn-evenH464 g6=P‾‾‾‾‾‾‾‾‾n‾n‾V‾x‾‾Nvl‾W t=2.7s
TIGHT n=17 m=122 tag=Kn-evenH465 g6=P‾‾‾‾‾‾‾‾‾n‾n‾V‾x‾|F‾{}[ t=1.7s
TIGHT n=17 m=122 tag=Kn-evenH466 g6=P‾‾‾‾‾‾‾‾‾n‾n‾V‾x‾w‾vR‾[ t=1.9s
TIGHT n=17 m=122 tag=Kn-evenH467 g6=P‾‾‾‾‾‾‾‾‾n‾n‾V‾x‾y^vF‾[ t=2.2s
TIGHT n=17 m=122 tag=Kn-evenH468 g6=P‾‾‾‾‾‾‾‾‾n‾n‾V‾x‾‾Fvk‾[ t=2.4s
TIGHT n=17 m=122 tag=Kn-evenH469 g6=P‾‾‾‾‾‾‾‾‾n‾n‾V‾x‾x^}^}S t=2.0s
TIGHT n=17 m=122 tag=Kn-evenH470 g6=P‾‾‾‾‾‾‾‾‾n‾n‾V‾x‾z^uN‾S t=0.9s
TIGHT n=17 m=123 tag=Kn-evenH471 g6=P‾‾‾‾‾‾‾‾‾n‾n‾V‾{‾{^‾|}W t=2.6s
TIGHT n=17 m=123 tag=Kn-evenH472 g6=P‾‾‾‾‾‾‾‾‾n‾n‾V‾{‾|N‾v}W t=1.9s
TIGHT n=17 m=123 tag=Kn-evenH473 g6=P‾‾‾‾‾‾‾‾‾n‾n‾V‾{‾}N‾n}W t=2.6s
TIGHT n=17 m=123 tag=Kn-evenH474 g6=P‾‾‾‾‾‾‾‾‾n‾n‾V‾{‾}^vl‾W t=1.9s
TIGHT n=17 m=122 tag=Kn-evenH475 g6=P‾‾‾‾‾‾‾‾‾n‾n‾V‾{‾{V‾{}[ t=1.8s
TIGHT n=17 m=122 tag=Kn-evenH476 g6=P‾‾‾‾‾‾‾‾‾n‾n‾V‾{‾|F‾u}[ t=0.9s
TIGHT n=17 m=122 tag=Kn-evenH477 g6=P‾‾‾‾‾‾‾‾‾n‾n‾V‾{‾}F‾m}[ t=2.5s
TIGHT n=17 m=122 tag=Kn-evenH478 g6=P‾‾‾‾‾‾‾‾‾n‾n‾V‾{‾}Vvk‾[ t=0.8s
TIGHT n=17 m=126 tag=Kn-evenH479 g6=P‾‾‾‾‾‾‾‾‾n‾n‾V‾z‾¥^‾z‾[ t=5.2s
TIGHT n=17 m=124 tag=Kn-evenH480 g6=P‾‾‾‾‾‾‾‾‾n‾n‾V‾z‾^N‾h‾[ t=1.8s
TIGHT n=17 m=123 tag=Kn-evenH481 g6=P‾‾‾‾‾‾‾‾‾n‾n‾V‾z‾¥N‾x‾W t=2.2s
TIGHT n=17 m=123 tag=Kn-evenH482 g6=P‾‾‾‾‾‾‾‾‾n‾n‾V‾z‾X‾v^}W t=6.8s
TIGHT n=17 m=122 tag=Kn-evenH483 g6=P‾‾‾‾‾‾‾‾‾n‾n‾V‾z‾W^‾R‾[ t=0.7s
TIGHT n=17 m=122 tag=Kn-evenH484 g6=P‾‾‾‾‾‾‾‾‾n‾n‾V‾z‾¥F‾w‾[ t=1.0s
TIGHT n=17 m=122 tag=Kn-evenH485 g6=P‾‾‾‾‾‾‾‾‾n‾n‾V‾z‾W‾vV}[ t=5.0s
TIGHT n=17 m=122 tag=Kn-evenH486 g6=P‾‾‾‾‾‾‾‾‾n‾n‾V‾b‾}‾rV‾o t=5.2s
TIGHT n=17 m=122 tag=Kn-evenH487 g6=P‾‾‾‾‾‾‾‾‾n‾n‾V‾b‾‾^rZ‾o t=1.7s
TIGHT n=17 m=122 tag=Kn-evenH488 g6=P‾‾‾‾‾‾‾‾‾n‾n‾V‾b‾‾‾p^‾_ t=1.6s
TIGHT n=17 m=122 tag=Kn-evenH489 g6=P‾‾‾‾‾‾‾‾‾n‾n‾V‾d‾}^v^‾O t=1.8s
TIGHT n=17 m=122 tag=Kn-evenH490 g6=P‾‾‾‾‾‾‾‾‾n‾n‾V‾d‾}^z^}o t=1.9s
TIGHT n=17 m=122 tag=Kn-evenH491 g6=P‾‾‾‾‾‾‾‾‾n‾n‾V‾h‾|^v^‾O t=1.7s
TIGHT n=17 m=122 tag=Kn-evenH492 g6=P‾‾‾‾‾‾‾‾‾n‾n‾V‾h‾|^z^}o t=3.3s
TIGHT n=17 m=122 tag=Kn-evenH493 g6=P‾‾‾‾‾‾‾‾‾n‾n‾V‾p‾|^vn‾O t=1.9s
TIGHT n=17 m=122 tag=Kn-evenH494 g6=P‾‾‾‾‾‾‾‾‾n‾n‾V‾p‾}^zv}o t=1.7s
TIGHT n=17 m=122 tag=Kn-evenH495 g6=P‾‾‾‾‾‾‾‾‾n‾n‾V‾p‾‾nrx‾o t=0.9s
TIGHT n=17 m=122 tag=Kn-evenH496 g6=P‾‾‾‾‾‾‾‾‾n‾n‾V‾s‾}^v|‾O t=4.7s
TIGHT n=17 m=122 tag=Kn-evenH497 g6=P‾‾‾‾‾‾‾‾‾n‾n‾V‾s‾}^z|}o t=2.7s
TIGHT n=17 m=122 tag=Kn-evenH498 g6=P‾‾‾‾‾‾‾‾‾n‾n‾V‾s‾‾Nzv}o t=2.1s
TIGHT n=17 m=122 tag=Kn-evenH499 g6=P‾‾‾‾‾‾‾‾‾n‾n‾V‾s‾}‾rx‾o t=4.5s
TIGHT n=17 m=122 tag=Kn-evenH500 g6=P‾‾‾‾‾‾‾‾‾n‾n‾V‾w‾|N‾‾}O t=4.5s
TIGHT n=17 m=122 tag=Kn-evenH501 g6=P‾‾‾‾‾‾‾‾‾n‾n‾V‾w‾|^v|‾O t=1.7s
TIGHT n=17 m=122 tag=Kn-evenH502 g6=P‾‾‾‾‾‾‾‾‾n‾n‾V‾w‾‾Nvn‾O t=2.5s
TIGHT n=17 m=122 tag=Kn-evenH503 g6=P‾‾‾‾‾‾‾‾‾n‾n‾V‾w‾|^z|}o t=2.1s
TIGHT n=17 m=122 tag=Kn-evenH504 g6=P‾‾‾‾‾‾‾‾‾n‾n‾V‾w‾|‾rx‾o t=2.0s
TIGHT n=17 m=122 tag=Kn-evenH505 g6=P‾‾‾‾‾‾‾‾‾n‾n‾V‾f‾[‾zN‾o t=4.6s
TIGHT n=17 m=122 tag=Kn-evenH506 g6=P‾‾‾‾‾‾‾‾‾n‾n‾V‾f‾]^zZ‾o t=2.0s
TIGHT n=17 m=122 tag=Kn-evenH507 g6=P‾‾‾‾‾‾‾‾‾n‾n‾V‾f‾]‾r^}o t=1.9s
TIGHT n=17 m=122 tag=Kn-evenH508 g6=P‾‾‾‾‾‾‾‾‾n‾n‾V‾j‾[‾zV‾o t=2.7s
TIGHT n=17 m=122 tag=Kn-evenH509 g6=P‾‾‾‾‾‾‾‾‾n‾n‾V‾j‾¥^zZ‾o t=1.9s
TIGHT n=17 m=122 tag=Kn-evenH510 g6=P‾‾‾‾‾‾‾‾‾n‾n‾V‾j‾¥‾r^}o t=0.3s
TIGHT n=17 m=122 tag=Kn-evenH511 g6=P‾‾‾‾‾‾‾‾‾n‾n‾V‾r‾]‾rv}o t=1.8s
TIGHT n=17 m=122 tag=Kn-evenH512 g6=P‾‾‾‾‾‾‾‾‾n‾n‾V‾x‾[^‾v‾O t=2.7s
TIGHT n=17 m=122 tag=Kn-evenH513 g6=P‾‾‾‾‾‾‾‾‾n‾n‾V‾x‾¥nzx‾o t=2.5s
TIGHT n=17 m=122 tag=Kn-evenH514 g6=P‾‾‾‾‾‾‾‾‾n‾n‾V‾f‾k‾vN‾o t=1.0s
TIGHT n=17 m=122 tag=Kn-evenH515 g6=P‾‾‾‾‾‾‾‾‾n‾n‾V‾f‾m^vZ‾o t=5.3s
TIGHT n=17 m=122 tag=Kn-evenH516 g6=P‾‾‾‾‾‾‾‾‾n‾n‾V‾r‾k‾vf‾o t=2.0s
TIGHT n=17 m=122 tag=Kn-evenH517 g6=P‾‾‾‾‾‾‾‾‾n‾n‾V‾r‾l^vj‾o t=0.9s
TIGHT n=17 m=122 tag=Kn-evenH518 g6=P‾‾‾‾‾‾‾‾‾n‾n‾V‾r‾l‾rn‾O t=4.9s
TIGHT n=17 m=122 tag=Kn-evenH519 g6=P‾‾‾‾‾‾‾‾‾n‾n‾V‾t‾k^‾n}o t=0.7s
TIGHT n=17 m=122 tag=Kn-evenH520 g6=P‾‾‾‾‾‾‾‾‾n‾n‾V‾t‾k‾vj‾o t=0.9s
TIGHT n=17 m=122 tag=Kn-evenH521 g6=P‾‾‾‾‾‾‾‾‾n‾n‾V‾f‾u‾r^‾_ t=0.3s
TIGHT n=17 m=122 tag=Kn-evenH522 g6=P‾‾‾‾‾‾‾‾‾n‾n‾V‾j‾t‾r^‾_ t=1.8s
TIGHT n=17 m=124 tag=Kn-evenH523 g6=P‾‾‾‾‾‾‾‾‾n‾n‾r‾x‾zn‾l}[ t=2.7s
TIGHT n=17 m=123 tag=Kn-evenH524 g6=P‾‾‾‾‾‾‾‾‾n‾n‾r‾x‾w‾‾v}W t=4.7s
TIGHT n=17 m=123 tag=Kn-evenH525 g6=P‾‾‾‾‾‾‾‾‾n‾n‾r‾x‾xn‾|}W t=2.5s
TIGHT n=17 m=123 tag=Kn-evenH526 g6=P‾‾‾‾‾‾‾‾‾n‾n‾r‾x‾y‾vf‾W t=1.9s
TIGHT n=17 m=123 tag=Kn-evenH527 g6=P‾‾‾‾‾‾‾‾‾n‾n‾r‾x‾znvl‾W t=1.7s
TIGHT n=17 m=122 tag=Kn-evenH528 g6=P‾‾‾‾‾‾‾‾‾n‾n‾r‾x‾w^‾r}[ t=5.8s
TIGHT n=17 m=122 tag=Kn-evenH529 g6=P‾‾‾‾‾‾‾‾‾n‾n‾r‾x‾xf‾{}[ t=0.7s
TIGHT n=17 m=122 tag=Kn-evenH530 g6=P‾‾‾‾‾‾‾‾‾n‾n‾r‾x‾y^vb‾[ t=2.4s
TIGHT n=17 m=122 tag=Kn-evenH531 g6=P‾‾‾‾‾‾‾‾‾n‾n‾r‾x‾zfvk‾[ t=0.9s
TIGHT n=17 m=124 tag=Kn-evenH532 g6=P‾‾‾‾‾‾‾‾‾n‾n‾r‾y‾‾N‾N}[ t=3.0s
TIGHT n=17 m=123 tag=Kn-evenH533 g6=P‾‾‾‾‾‾‾‾‾n‾n‾r‾y‾x^‾|}W t=6.9s
TIGHT n=17 m=123 tag=Kn-evenH534 g6=P‾‾‾‾‾‾‾‾‾n‾n‾r‾y‾zN‾n}W t=2.2s
TIGHT n=17 m=123 tag=Kn-evenH535 g6=P‾‾‾‾‾‾‾‾‾n‾n‾r‾y‾z^vl‾W t=0.9s
TIGHT n=17 m=122 tag=Kn-evenH536 g6=P‾‾‾‾‾‾‾‾‾n‾n‾r‾y‾xV‾{}[ t=2.6s
TIGHT n=17 m=122 tag=Kn-evenH537 g6=P‾‾‾‾‾‾‾‾‾n‾n‾r‾y‾zF‾m}[ t=0.3s
TIGHT n=17 m=122 tag=Kn-evenH538 g6=P‾‾‾‾‾‾‾‾‾n‾n‾r‾y‾zVvk‾[ t=2.3s
TIGHT n=17 m=122 tag=Kn-evenH539 g6=P‾‾‾‾‾‾‾‾‾n‾n‾r‾}^w^‾{}[ t=2.0s
TIGHT n=17 m=122 tag=Kn-evenH540 g6=P‾‾‾‾‾‾‾‾‾n‾n‾r‾}^wn‾y}[ t=5.1s
TIGHT n=17 m=122 tag=Kn-evenH541 g6=P‾‾‾‾‾‾‾‾‾n‾n‾r‾}^yN‾m}[ t=1.9s
TIGHT n=17 m=122 tag=Kn-evenH542 g6=P‾‾‾‾‾‾‾‾‾n‾n‾r‾}^}F‾N}[ t=1.0s
TIGHT n=17 m=122 tag=Kn-evenH543 g6=P‾‾‾‾‾‾‾‾‾n‾n‾r‾}^y^vk‾[ t=0.3s
TIGHT n=17 m=122 tag=Kn-evenH544 g6=P‾‾‾‾‾‾‾‾‾n‾n‾r‾}^ynvi‾[ t=2.4s
TIGHT n=17 m=122 tag=Kn-evenH545 g6=P‾‾‾‾‾‾‾‾‾n‾n‾r‾b‾|^vn‾O t=1.7s
TIGHT n=17 m=122 tag=Kn-evenH546 g6=P‾‾‾‾‾‾‾‾‾n‾n‾r‾b‾}‾rr‾o t=2.5s
TIGHT n=17 m=122 tag=Kn-evenH547 g6=P‾‾‾‾‾‾‾‾‾n‾n‾r‾h‾{‾vv‾O t=4.6s
TIGHT n=17 m=122 tag=Kn-evenH548 g6=P‾‾‾‾‾‾‾‾‾n‾n‾r‾h‾x‾z^}o t=1.7s
TIGHT n=17 m=122 tag=Kn-evenH549 g6=P‾‾‾‾‾‾‾‾‾n‾n‾r‾h‾{‾zv}o t=2.0s
TIGHT n=17 m=122 tag=Kn-evenH550 g6=P‾‾‾‾‾‾‾‾‾n‾n‾r‾e‾}^v|‾O t=0.4s
TIGHT n=17 m=122 tag=Kn-evenH551 g6=P‾‾‾‾‾‾‾‾‾n‾n‾r‾e‾}‾rx‾o t=1.7s
TIGHT n=17 m=122 tag=Kn-evenH552 g6=P‾‾‾‾‾‾‾‾‾n‾n‾r‾e‾‾nrr‾o t=2.3s
TIGHT n=17 m=122 tag=Kn-evenH553 g6=P‾‾‾‾‾‾‾‾‾n‾n‾r‾i‾|N‾‾}O t=2.9s
TIGHT n=17 m=122 tag=Kn-evenH554 g6=P‾‾‾‾‾‾‾‾‾n‾n‾r‾i‾|^v|‾O t=1.9s
TIGHT n=17 m=122 tag=Kn-evenH555 g6=P‾‾‾‾‾‾‾‾‾n‾n‾r‾i‾|nvz‾O t=0.3s
TIGHT n=17 m=122 tag=Kn-evenH556 g6=P‾‾‾‾‾‾‾‾‾n‾n‾r‾i‾‾Nvn‾O t=1.8s
TIGHT n=17 m=122 tag=Kn-evenH557 g6=P‾‾‾‾‾‾‾‾‾n‾n‾r‾i‾|^z|}o t=1.7s
TIGHT n=17 m=122 tag=Kn-evenH558 g6=P‾‾‾‾‾‾‾‾‾n‾n‾r‾i‾|nzz}o t=2.5s
TIGHT n=17 m=122 tag=Kn-evenH559 g6=P‾‾‾‾‾‾‾‾‾n‾n‾r‾i‾|‾rx‾o t=0.3s
TIGHT n=17 m=122 tag=Kn-evenH560 g6=P‾‾‾‾‾‾‾‾‾n‾n‾r‾w‾xn‾‾}O t=4.7s
TIGHT n=17 m=122 tag=Kn-evenH561 g6=P‾‾‾‾‾‾‾‾‾n‾n‾r‾w‾x‾v|‾O t=2.4s
TIGHT n=17 m=122 tag=Kn-evenH562 g6=P‾‾‾‾‾‾‾‾‾n‾n‾r‾w‾znvn‾O t=1.8s
TIGHT n=17 m=122 tag=Kn-evenH563 g6=P‾‾‾‾‾‾‾‾‾n‾n‾r‾f‾Y^‾^‾O t=2.4s
TIGHT n=17 m=122 tag=Kn-evenH564 g6=P‾‾‾‾‾‾‾‾‾n‾n‾r‾f‾Y‾zZ‾o t=1.7s
TIGHT n=17 m=122 tag=Kn-evenH565 g6=P‾‾‾‾‾‾‾‾‾n‾n‾r‾j‾X^‾^‾O t=2.1s
TIGHT n=17 m=122 tag=Kn-evenH566 g6=P‾‾‾‾‾‾‾‾‾n‾n‾r‾j‾X‾zZ‾o t=1.7s
TIGHT n=17 m=122 tag=Kn-evenH567 g6=P‾‾‾‾‾‾‾‾‾n‾n‾r‾j‾[‾zr‾o t=2.6s
TIGHT n=17 m=122 tag=Kn-evenH568 g6=P‾‾‾‾‾‾‾‾‾n‾n‾r‾m‾[^‾|‾O t=6.8s
TIGHT n=17 m=122 tag=Kn-evenH569 g6=P‾‾‾‾‾‾‾‾‾n‾n‾r‾m‾[‾zx‾o t=2.4s
TIGHT n=17 m=122 tag=Kn-evenH570 g6=P‾‾‾‾‾‾‾‾‾n‾n‾r‾m‾¥nzr‾o t=2.0s
TIGHT n=17 m=122 tag=Kn-evenH571 g6=P‾‾‾‾‾‾‾‾‾n‾n‾r‾f‾u^v‾‾? t=7.8s
TIGHT n=17 m=122 tag=Kn-evenH572 g6=P‾‾‾‾‾‾‾‾‾n‾n‾r‾f‾u‾rz‾_ t=1.7s
TIGHT n=17 m=122 tag=Kn-evenH573 g6=P‾‾‾‾‾‾‾‾‾n‾n‾r‾j‾t^v‾‾? t=1.8s
TIGHT n=17 m=122 tag=Kn-evenH574 g6=P‾‾‾‾‾‾‾‾‾n‾n‾r‾j‾t^z‾}_ t=1.8s
TIGHT n=17 m=122 tag=Kn-evenH575 g6=P‾‾‾‾‾‾‾‾‾n‾n‾r‾j‾t‾rz‾_ t=1.8s
TIGHT n=17 m=122 tag=Kn-evenH576 g6=P‾‾‾‾‾‾‾‾‾n‾n‾r‾x‾p‾v‾‾? t=2.1s
TIGHT n=17 m=122 tag=Kn-evenH577 g6=P‾‾‾‾‾‾‾‾‾n‾n‾r‾n‾S^‾‾‾? t=0.8s
TIGHT n=17 m=122 tag=Kn-evenH578 g6=P‾‾‾‾‾‾‾‾‾n‾n‾r‾n‾S‾zz‾_ t=5.1s
TIGHT n=17 m=126 tag=Kn-evenH579 g6=P‾‾‾‾‾‾‾‾‾n‾n‾^}r‾}^‾z‾[ t=4.6s
TIGHT n=17 m=124 tag=Kn-evenH580 g6=P‾‾‾‾‾‾‾‾‾n‾n‾^}r‾‾N‾p‾[ t=4.6s
TIGHT n=17 m=123 tag=Kn-evenH581 g6=P‾‾‾‾‾‾‾‾‾n‾n‾^}r‾}N‾x‾W t=1.7s
TIGHT n=17 m=123 tag=Kn-evenH582 g6=P‾‾‾‾‾‾‾‾‾n‾n‾^}r‾y‾v^}W t=1.8s
TIGHT n=17 m=123 tag=Kn-evenH583 g6=P‾‾‾‾‾‾‾‾‾n‾n‾^}r‾{‾}n‾O t=1.0s
TIGHT n=17 m=122 tag=Kn-evenH584 g6=P‾‾‾‾‾‾‾‾‾n‾n‾^}r‾}F‾w‾[ t=4.5s
TIGHT n=17 m=122 tag=Kn-evenH585 g6=P‾‾‾‾‾‾‾‾‾n‾n‾^}r‾x‾rF}{ t=4.7s
TIGHT n=17 m=124 tag=Kn-evenH586 g6=P‾‾‾‾‾‾‾‾‾n‾n‾^}x‾}n‾h‾[ t=0.9s
TIGHT n=17 m=123 tag=Kn-evenH587 g6=P‾‾‾‾‾‾‾‾‾n‾n‾^}x‾{n‾x‾W t=2.3s
TIGHT n=17 m=123 tag=Kn-evenH588 g6=P‾‾‾‾‾‾‾‾‾n‾n‾^}x‾}N‾l‾W t=4.9s
TIGHT n=17 m=123 tag=Kn-evenH589 g6=P‾‾‾‾‾‾‾‾‾n‾n‾^}x‾{‾}z‾O t=1.9s
TIGHT n=17 m=123 tag=Kn-evenH590 g6=P‾‾‾‾‾‾‾‾‾n‾n‾^}x‾}^}n‾O t=2.7s
TIGHT n=17 m=122 tag=Kn-evenH591 g6=P‾‾‾‾‾‾‾‾‾n‾n‾^}x‾{f‾w‾[ t=2.0s
TIGHT n=17 m=122 tag=Kn-evenH592 g6=P‾‾‾‾‾‾‾‾‾n‾n‾^}x‾}F‾k‾[ t=2.2s
TIGHT n=17 m=122 tag=Kn-evenH593 g6=P‾‾‾‾‾‾‾‾‾n‾n‾^}x‾y^}N‾S t=7.2s
TIGHT n=17 m=126 tag=Kn-evenH594 g6=P‾‾‾‾‾‾‾‾‾n‾n‾^}v‾m^‾r‾{ t=2.1s
TIGHT n=17 m=123 tag=Kn-evenH595 g6=P‾‾‾‾‾‾‾‾‾n‾n‾^}v‾mN‾p‾w t=2.7s
TIGHT n=17 m=123 tag=Kn-evenH596 g6=P‾‾‾‾‾‾‾‾‾n‾n‾^}v‾j‾t^}g t=2.7s
TIGHT n=17 m=122 tag=Kn-evenH597 g6=P‾‾‾‾‾‾‾‾‾n‾n‾^}v‾mF‾o‾{ t=1.8s
TIGHT n=17 m=122 tag=Kn-evenH598 g6=P‾‾‾‾‾‾‾‾‾n‾n‾^}v‾h‾rN}[ t=10.5s
TIGHT n=17 m=122 tag=Kn-evenH599 g6=P‾‾‾‾‾‾‾‾‾n‾n‾^}p‾{^‾n‾O t=2.1s
TIGHT n=17 m=122 tag=Kn-evenH600 g6=P‾‾‾‾‾‾‾‾‾n‾n‾^}p‾}nzx‾o t=2.8s
TIGHT n=17 m=122 tag=Kn-evenH601 g6=P‾‾‾‾‾‾‾‾‾n‾n‾^}w‾{^‾|‾O t=2.6s
TIGHT n=17 m=122 tag=Kn-evenH602 g6=P‾‾‾‾‾‾‾‾‾n‾n‾^}w‾}N‾n‾O t=2.8s
TIGHT n=17 m=122 tag=Kn-evenH603 g6=P‾‾‾‾‾‾‾‾‾n‾n‾^}w‾{‾zx‾o t=5.5s
TIGHT n=17 m=122 tag=Kn-evenH604 g6=P‾‾‾‾‾‾‾‾‾n‾n‾^}r‾k^‾j‾o t=1.9s
TIGHT n=17 m=122 tag=Kn-evenH605 g6=P‾‾‾‾‾‾‾‾‾n‾n‾^}r‾k‾zn‾O t=8.3s
TIGHT n=17 m=125 tag=Kn-evenH606 g6=P‾‾‾‾‾‾‾‾‾n‾N‾f‾x‾‾N‾|}{ t=2.6s
TIGHT n=17 m=123 tag=Kn-evenH607 g6=P‾‾‾‾‾‾‾‾‾n‾N‾f‾x‾‾f‾w}{ t=2.5s
TIGHT n=17 m=122 tag=Kn-evenH608 g6=P‾‾‾‾‾‾‾‾‾n‾N‾f‾x‾‾F‾{}w t=2.0s
TIGHT n=17 m=122 tag=Kn-evenH609 g6=P‾‾‾‾‾‾‾‾‾n‾N‾f‾x‾|^|n}g t=5.4s
TIGHT n=17 m=122 tag=Kn-evenH610 g6=P‾‾‾‾‾‾‾‾‾n‾N‾f‾{‾}V‾{}w t=2.8s
TIGHT n=17 m=122 tag=Kn-evenH611 g6=P‾‾‾‾‾‾‾‾‾n‾N‾f‾{‾‾F‾u}w t=2.1s
TIGHT n=17 m=122 tag=Kn-evenH612 g6=P‾‾‾‾‾‾‾‾‾n‾N‾f‾{‾y‾vX‾w t=2.3s
TIGHT n=17 m=122 tag=Kn-evenH613 g6=P‾‾‾‾‾‾‾‾‾n‾N‾f‾{‾}^}|}o t=1.0s
TIGHT n=17 m=122 tag=Kn-evenH614 g6=P‾‾‾‾‾‾‾‾‾n‾N‾f‾{‾‾N}v}o t=2.2s
TIGHT n=17 m=125 tag=Kn-evenH615 g6=P‾‾‾‾‾‾‾‾‾n‾N‾f‾z‾^N‾x‾{ t=2.5s
TIGHT n=17 m=122 tag=Kn-evenH616 g6=P‾‾‾‾‾‾‾‾‾n‾N‾f‾z‾^F‾w‾w t=2.8s
TIGHT n=17 m=122 tag=Kn-evenH617 g6=P‾‾‾‾‾‾‾‾‾n‾N‾r‾}^{^‾{}w t=2.8s
TIGHT n=17 m=122 tag=Kn-evenH618 g6=P‾‾‾‾‾‾‾‾‾n‾N‾r‾}^{n‾y}w t=2.5s
TIGHT n=17 m=122 tag=Kn-evenH619 g6=P‾‾‾‾‾‾‾‾‾n‾N‾r‾}^}N‾m}w t=6.0s
TIGHT n=17 m=125 tag=Kn-evenH620 g6=P‾‾‾‾‾‾‾‾‾n‾N‾n}x‾}n‾x‾{ t=2.6s
TIGHT n=17 m=123 tag=Kn-evenH621 g6=P‾‾‾‾‾‾‾‾‾n‾N‾n}x‾‾f‾o‾{ t=1.8s
TIGHT n=17 m=122 tag=Kn-evenH622 g6=P‾‾‾‾‾‾‾‾‾n‾N‾n}x‾}f‾w‾w t=2.0s
TIGHT n=17 m=122 tag=Kn-evenH623 g6=P‾‾‾‾‾‾‾‾‾n‾N‾n}x‾}n}x‾o t=2.1s
TIGHT n=17 m=123 tag=Kn-evenH624 g6=P‾‾‾‾‾‾‾‾‾n‾f‾f‾l‾‾f‾w}{ t=8.5s
TIGHT n=17 m=122 tag=Kn-evenH625 g6=P‾‾‾‾‾‾‾‾‾n‾f‾f‾l‾‾F‾{}w t=1.9s
TIGHT n=17 m=122 tag=Kn-evenH626 g6=P‾‾‾‾‾‾‾‾‾n‾f‾f‾l‾z^}^}o t=5.8s
TIGHT n=17 m=123 tag=Kn-evenH627 g6=P‾‾‾‾‾‾‾‾‾n‾f‾f‾{‾‾V‾[}{ t=2.9s
TIGHT n=17 m=122 tag=Kn-evenH628 g6=P‾‾‾‾‾‾‾‾‾n‾f‾f‾{‾x^‾l}w t=1.7s
TIGHT n=17 m=122 tag=Kn-evenH629 g6=P‾‾‾‾‾‾‾‾‾n‾f‾f‾{‾|N‾N}w t=2.3s
TIGHT n=17 m=122 tag=Kn-evenH630 g6=P‾‾‾‾‾‾‾‾‾n‾f‾f‾{‾zV‾{}w t=5.4s
TIGHT n=17 m=122 tag=Kn-evenH631 g6=P‾‾‾‾‾‾‾‾‾n‾f‾f‾{‾‾F‾]}w t=10.3s
TIGHT n=17 m=122 tag=Kn-evenH632 g6=P‾‾‾‾‾‾‾‾‾n‾f‾f‾{‾z^}|}o t=2.6s
TIGHT n=17 m=122 tag=Kn-evenH633 g6=P‾‾‾‾‾‾‾‾‾n‾f‾f‾{‾‾N}^}o t=3.0s
TIGHT n=17 m=123 tag=Kn-evenH634 g6=P‾‾‾‾‾‾‾‾‾n‾f‾j‾x‾‾f‾[}{ t=5.7s
TIGHT n=17 m=122 tag=Kn-evenH635 g6=P‾‾‾‾‾‾‾‾‾n‾f‾j‾x‾zf‾{}w t=1.0s
TIGHT n=17 m=122 tag=Kn-evenH636 g6=P‾‾‾‾‾‾‾‾‾n‾f‾j‾x‾x‾zn}W t=2.2s
TIGHT n=17 m=123 tag=Kn-evenH637 g6=P‾‾‾‾‾‾‾‾‾n‾f‾j‾m‾}v‾w}{ t=2.4s
TIGHT n=17 m=123 tag=Kn-evenH638 g6=P‾‾‾‾‾‾‾‾‾n‾f‾j‾m‾‾f‾q}{ t=5.3s
TIGHT n=17 m=122 tag=Kn-evenH639 g6=P‾‾‾‾‾‾‾‾‾n‾f‾j‾m‾}f‾y}w t=5.4s
TIGHT n=17 m=122 tag=Kn-evenH640 g6=P‾‾‾‾‾‾‾‾‾n‾f‾j‾m‾znvR‾w t=1.9s
TIGHT n=17 m=122 tag=Kn-evenH641 g6=P‾‾‾‾‾‾‾‾‾n‾f‾j‾m‾‾fvq‾w t=2.6s
TIGHT n=17 m=122 tag=Kn-evenH642 g6=P‾‾‾‾‾‾‾‾‾n‾f‾j‾m‾}^z|}W t=2.6s
TIGHT n=17 m=122 tag=Kn-evenH643 g6=P‾‾‾‾‾‾‾‾‾n‾f‾j‾m‾}nzz}W t=1.9s
TIGHT n=17 m=123 tag=Kn-evenH644 g6=P‾‾‾‾‾‾‾‾‾n‾f‾j‾y‾‾V‾[}{ t=3.0s
TIGHT n=17 m=122 tag=Kn-evenH645 g6=P‾‾‾‾‾‾‾‾‾n‾f‾j‾y‾y^‾t}w t=2.1s
TIGHT n=17 m=122 tag=Kn-evenH646 g6=P‾‾‾‾‾‾‾‾‾n‾f‾j‾y‾|N‾N}w t=2.4s
TIGHT n=17 m=122 tag=Kn-evenH647 g6=P‾‾‾‾‾‾‾‾‾n‾f‾j‾y‾zV‾{}w t=2.0s
TIGHT n=17 m=122 tag=Kn-evenH648 g6=P‾‾‾‾‾‾‾‾‾n‾f‾j‾y‾‾F‾]}w t=2.0s
TIGHT n=17 m=122 tag=Kn-evenH649 g6=P‾‾‾‾‾‾‾‾‾n‾f‾j‾y‾z^z|}W t=2.9s
TIGHT n=17 m=122 tag=Kn-evenH650 g6=P‾‾‾‾‾‾‾‾‾n‾f‾j‾y‾‾Nz^}W t=2.3s
TIGHT n=17 m=122 tag=Kn-evenH651 g6=P‾‾‾‾‾‾‾‾‾n‾f‾j‾y‾z^||}g t=2.1s
TIGHT n=17 m=122 tag=Kn-evenH652 g6=P‾‾‾‾‾‾‾‾‾n‾f‾j‾y‾‾N|^}g t=2.6s
TIGHT n=17 m=122 tag=Kn-evenH653 g6=P‾‾‾‾‾‾‾‾‾n‾f‾j‾}^yn‾y}w t=1.8s
TIGHT n=17 m=122 tag=Kn-evenH654 g6=P‾‾‾‾‾‾‾‾‾n‾f‾j‾}^}N‾]}w t=2.0s
TIGHT n=17 m=122 tag=Kn-evenH655 g6=P‾‾‾‾‾‾‾‾‾n‾f‾j‾}^zf‾r}w t=5.5s
TIGHT n=17 m=122 tag=Kn-evenH656 g6=P‾‾‾‾‾‾‾‾‾n‾f‾j‾}^}f‾Z}w t=2.7s
TIGHT n=17 m=125 tag=Kn-evenH657 g6=P‾‾‾‾‾‾‾‾‾n‾^}f‾r‾‾N‾x‾{ t=2.5s
TIGHT n=17 m=122 tag=Kn-evenH658 g6=P‾‾‾‾‾‾‾‾‾n‾^}f‾r‾‾F‾w‾w t=1.1s
TIGHT n=17 m=122 tag=Kn-evenH659 g6=P‾‾‾‾‾‾‾‾‾n‾^}f‾r‾z‾r^}W t=3.2s
TIGHT n=17 m=125 tag=Kn-evenH660 g6=P‾‾‾‾‾‾‾‾‾n‾^}f‾t‾}n‾x‾{ t=2.6s
TIGHT n=17 m=123 tag=Kn-evenH661 g6=P‾‾‾‾‾‾‾‾‾n‾^}f‾t‾‾f‾o‾{ t=0.8s
TIGHT n=17 m=122 tag=Kn-evenH662 g6=P‾‾‾‾‾‾‾‾‾n‾^}f‾t‾}f‾w‾w t=2.3s
TIGHT n=17 m=122 tag=Kn-evenH663 g6=P‾‾‾‾‾‾‾‾‾n‾^}f‾t‾y‾vZ}w t=2.4s
TIGHT n=17 m=122 tag=Kn-evenH664 g6=P‾‾‾‾‾‾‾‾‾n‾^}f‾{‾{v‾w‾w t=6.0s
TIGHT n=17 m=122 tag=Kn-evenH665 g6=P‾‾‾‾‾‾‾‾‾n‾^}f‾{‾|V‾s‾w t=0.8s
TIGHT n=17 m=122 tag=Kn-evenH666 g6=P‾‾‾‾‾‾‾‾‾n‾^}f‾{‾{‾|x‾g t=5.5s
TIGHT n=17 m=122 tag=Kn-evenH667 g6=P‾‾‾‾‾‾‾‾‾n‾^}f‾{‾|^|t‾g t=2.9s
TIGHT n=17 m=124 tag=Kn-evenH668 g6=P‾‾‾‾‾‾‾‾‾f‾N‾r‾x‾‾f‾{‾{ t=2.0s
TIGHT n=17 m=122 tag=Kn-evenH669 g6=P‾‾‾‾‾‾‾‾‾f‾N‾r‾y‾‾r‾w^{ t=0.9s
TIGHT n=17 m=124 tag=Kn-evenH670 g6=P‾‾‾‾‾‾‾‾‾f‾V‾f‾{‾‾V‾{‾{ t=2.1s
TIGHT n=17 m=122 tag=Kn-evenH671 g6=P‾‾‾‾‾‾‾‾‾f‾V‾f‾{‾‾r‾w^{ t=2.8s
TIGHT n=17 m=124 tag=Kn-evenH672 g6=P‾‾‾‾‾‾‾‾‾f‾V‾j‾x‾‾f‾{‾{ t=1.8s
TIGHT n=17 m=124 tag=Kn-evenH673 g6=P‾‾‾‾‾‾‾‾‾f‾V‾j‾y‾‾V‾{‾{ t=7.7s
TIGHT n=17 m=122 tag=Kn-evenH674 g6=P‾‾‾‾‾‾‾‾‾f‾V‾j‾y‾‾r‾w^{ t=6.0s
TIGHT n=17 m=122 tag=Kn-evenH675 g6=P‾‾‾‾‾‾‾‾‾f‾V‾x‾|^|z‾s^{ t=5.3s
TIGHT n=17 m=122 tag=Kn-evenH676 g6=P‾‾‾‾‾‾‾z‾v‾v‾z‾m‾{N‾‾{K t=0.3s
TIGHT n=17 m=122 tag=Kn-evenH677 g6=P‾‾‾‾‾‾‾z‾v‾v‾z‾m‾{nnz}K t=1.1s
TIGHT n=17 m=122 tag=Kn-evenH678 g6=P‾‾‾‾‾‾‾z‾v‾v‾z‾m‾{nvz|K t=2.2s
TIGHT n=17 m=122 tag=Kn-evenH679 g6=P‾‾‾‾‾‾‾z‾v‾v‾z‾m‾|nfr‾K t=2.2s
TIGHT n=17 m=124 tag=Kn-evenH680 g6=P‾‾‾‾‾‾‾z‾v‾v‾z‾n}|‾vr‾K t=2.3s
TIGHT n=17 m=123 tag=Kn-evenH681 g6=P‾‾‾‾‾‾‾z‾v‾v‾z‾n}{^‾‾}G t=2.9s
TIGHT n=17 m=123 tag=Kn-evenH682 g6=P‾‾‾‾‾‾‾z‾v‾v‾z‾n}{‾vz‾G t=1.2s
TIGHT n=17 m=122 tag=Kn-evenH683 g6=P‾‾‾‾‾‾‾z‾v‾v‾z‾n}{N‾|}K t=3.0s
TIGHT n=17 m=122 tag=Kn-evenH684 g6=P‾‾‾‾‾‾‾z‾v‾v‾z‾n}{nvx‾K t=2.3s
TIGHT n=17 m=122 tag=Kn-evenH685 g6=P‾‾‾‾‾‾‾z‾v‾v‾z‾b‾‾^f‾‾? t=0.9s
TIGHT n=17 m=122 tag=Kn-evenH686 g6=P‾‾‾‾‾‾‾z‾v‾v‾z‾b‾‾‾bz‾_ t=2.4s
TIGHT n=17 m=122 tag=Kn-evenH687 g6=P‾‾‾‾‾‾‾z‾v‾v‾z‾b‾‾^l‾}O t=2.4s
TIGHT n=17 m=122 tag=Kn-evenH688 g6=P‾‾‾‾‾‾‾z‾v‾v‾z‾f}}^z‾}_ t=2.1s
TIGHT n=17 m=122 tag=Kn-evenH689 g6=P‾‾‾‾‾‾‾z‾v‾v‾z‾f}}‾rz‾_ t=2.2s
TIGHT n=17 m=122 tag=Kn-evenH690 g6=P‾‾‾‾‾‾‾z‾v‾v‾Z‾u‾}N‾‾{W t=2.1s
TIGHT n=17 m=122 tag=Kn-evenH691 g6=P‾‾‾‾‾‾‾z‾v‾v‾Z‾u‾}^n|}W t=1.7s
TIGHT n=17 m=122 tag=Kn-evenH692 g6=P‾‾‾‾‾‾‾z‾v‾v‾Z‾u‾‾Nnv}W t=1.7s
TIGHT n=17 m=123 tag=Kn-evenH693 g6=P‾‾‾‾‾‾‾z‾v‾v‾Z‾{‾‾nnf}[ t=1.6s
TIGHT n=17 m=122 tag=Kn-evenH694 g6=P‾‾‾‾‾‾‾z‾v‾v‾Z‾{‾{n‾‾{W t=2.2s
TIGHT n=17 m=122 tag=Kn-evenH695 g6=P‾‾‾‾‾‾‾z‾v‾v‾Z‾{‾|nnv}W t=0.9s
TIGHT n=17 m=122 tag=Kn-evenH696 g6=P‾‾‾‾‾‾‾z‾v‾v‾Z‾{‾|nvv|W t=0.8s
TIGHT n=17 m=123 tag=Kn-evenH697 g6=P‾‾‾‾‾‾‾z‾v‾v‾Z‾|}|n‾t}[ t=2.1s
TIGHT n=17 m=122 tag=Kn-evenH698 g6=P‾‾‾‾‾‾‾z‾v‾v‾Z‾|}w‾‾^}W t=2.5s
TIGHT n=17 m=122 tag=Kn-evenH699 g6=P‾‾‾‾‾‾‾z‾v‾v‾Z‾|}{n‾|}W t=2.3s
TIGHT n=17 m=122 tag=Kn-evenH700 g6=P‾‾‾‾‾‾‾z‾v‾v‾Z‾|}x‾vV‾W t=1.9s
TIGHT n=17 m=122 tag=Kn-evenH701 g6=P‾‾‾‾‾‾‾z‾v‾v‾Z‾|}|nvt‾W t=1.7s
TIGHT n=17 m=122 tag=Kn-evenH702 g6=P‾‾‾‾‾‾‾z‾v‾v‾x‾{‾w‾‾‾{W t=6.5s
TIGHT n=17 m=122 tag=Kn-evenH703 g6=P‾‾‾‾‾‾‾z‾v‾v‾x‾{‾x‾nv}W t=6.4s
TIGHT n=17 m=123 tag=Kn-evenH704 g6=P‾‾‾‾‾‾‾z‾v‾v‾^|t‾}n‾x}[ t=4.4s
TIGHT n=17 m=123 tag=Kn-evenH705 g6=P‾‾‾‾‾‾‾z‾v‾v‾^|t‾‾N‾t}[ t=2.4s
TIGHT n=17 m=122 tag=Kn-evenH706 g6=P‾‾‾‾‾‾‾z‾v‾v‾^|t‾}N‾|}W t=2.4s
TIGHT n=17 m=122 tag=Kn-evenH707 g6=P‾‾‾‾‾‾‾z‾v‾v‾^|t‾{‾vj‾W t=2.0s
TIGHT n=17 m=122 tag=Kn-evenH708 g6=P‾‾‾‾‾‾‾z‾v‾v‾^|t‾|^vf‾W t=1.8s
TIGHT n=17 m=122 tag=Kn-evenH709 g6=P‾‾‾‾‾‾‾z‾v‾v‾^|t‾‾Nvt‾W t=4.6s
TIGHT n=17 m=123 tag=Kn-evenH710 g6=P‾‾‾‾‾‾‾z‾v‾v‾^|{‾‾N‾f}[ t=2.5s
TIGHT n=17 m=122 tag=Kn-evenH711 g6=P‾‾‾‾‾‾‾z‾v‾v‾^|{‾{^‾|}W t=1.7s
TIGHT n=17 m=122 tag=Kn-evenH712 g6=P‾‾‾‾‾‾‾z‾v‾v‾^|{‾|N‾v}W t=2.0s
TIGHT n=17 m=122 tag=Kn-evenH713 g6=P‾‾‾‾‾‾‾z‾v‾v‾^|{‾|^vt‾W t=1.8s
TIGHT n=17 m=125 tag=Kn-evenH714 g6=P‾‾‾‾‾‾‾z‾v‾v‾^|v‾]^‾z‾[ t=2.2s
TIGHT n=17 m=123 tag=Kn-evenH715 g6=P‾‾‾‾‾‾‾z‾v‾v‾^|v‾^N‾p‾[ t=4.3s
TIGHT n=17 m=122 tag=Kn-evenH716 g6=P‾‾‾‾‾‾‾z‾v‾v‾^|v‾]N‾x‾W t=2.4s
TIGHT n=17 m=122 tag=Kn-evenH717 g6=P‾‾‾‾‾‾‾z‾v‾v‾^|v‾Y‾n^|W t=1.8s
TIGHT n=17 m=122 tag=Kn-evenH718 g6=P‾‾‾‾‾‾‾z‾v‾V‾j‾y‾‾V‾{{{ t=1.9s
TIGHT n=17 m=122 tag=Kn-evenH719 g6=P‾‾‾‾‾‾‾z‾v‾V‾j‾y‾‾f‾y{{ t=1.7s
TIGHT n=17 m=122 tag=Kn-evenH720 g6=P‾‾‾‾‾‾‾z‾v‾V‾r‾{‾‾f‾m{{ t=2.3s
TIGHT n=17 m=124 tag=Kn-evenH721 g6=P‾‾‾‾‾‾‾z‾v‾V‾r‾|}|n‾|}{ t=1.7s
TIGHT n=17 m=122 tag=Kn-evenH722 g6=P‾‾‾‾‾‾‾z‾v‾V‾r‾|}‾f‾k}{ t=0.8s
TIGHT n=17 m=122 tag=Kn-evenH723 g6=P‾‾‾‾‾‾‾z‾v‾V‾v|t‾‾f‾w}{ t=2.0s
TIGHT n=17 m=122 tag=Kn-evenH724 g6=P‾‾‾‾‾‾‾z‾v‾V‾v|{‾‾V‾k}{ t=1.8s
TIGHT n=17 m=122 tag=Kn-evenH725 g6=P‾‾‾‾‾‾‾z‾v‾r‾r‾m‾|v‾{{{ t=0.8s
TIGHT n=17 m=122 tag=Kn-evenH726 g6=P‾‾‾‾‾‾‾z‾v‾r‾r‾m‾‾f‾m{{ t=1.6s
TIGHT n=17 m=122 tag=Kn-evenH727 g6=P‾‾‾‾‾‾‾z‾v‾r‾r‾}^‾f‾N{{ t=1.7s
TIGHT n=17 m=122 tag=Kn-evenH728 g6=P‾‾‾‾‾‾‾z‾v‾r‾t‾{‾zv‾m{{ t=3.7s
TIGHT n=17 m=122 tag=Kn-evenH729 g6=P‾‾‾‾‾‾‾z‾v‾r‾t‾|^‾f‾N{{ t=1.9s
TIGHT n=17 m=124 tag=Kn-evenH730 g6=P‾‾‾‾‾‾‾z‾v‾^|f‾x‾‾N‾|}{ t=1.9s
TIGHT n=17 m=122 tag=Kn-evenH731 g6=P‾‾‾‾‾‾‾z‾v‾^|f‾x‾‾f‾w}{ t=0.8s
TIGHT n=17 m=122 tag=Kn-evenH732 g6=P‾‾‾‾‾‾‾z‾v‾^|f‾{‾‾V‾s}{ t=1.9s
TIGHT n=17 m=124 tag=Kn-evenH733 g6=P‾‾‾‾‾‾‾z‾v‾^|f‾z‾^N‾x‾{ t=2.3s
TIGHT n=17 m=122 tag=Kn-evenH734 g6=P‾‾‾‾‾‾‾z‾v‾^|r‾x‾‾f‾k}{ t=2.1s
TIGHT n=17 m=122 tag=Kn-evenH735 g6=P‾‾‾‾‾‾‾z‾v‾^|r‾y‾‾V‾k}{ t=1.6s
TIGHT n=17 m=124 tag=Kn-evenH736 g6=P‾‾‾‾‾‾‾z‾v‾^|n}x‾}n‾x‾{ t=2.3s
TIGHT n=17 m=122 tag=Kn-evenH737 g6=P‾‾‾‾‾‾‾z‾v‾^|n}x‾‾f‾o‾{ t=2.5s
TIGHT n=17 m=123 tag=Kn-evenH738 g6=P‾‾‾‾‾‾‾z‾f‾f‾r‾{‾‾f‾}|{ t=4.5s
TIGHT n=17 m=123 tag=Kn-evenH739 g6=P‾‾‾‾‾‾‾z‾f‾f‾r‾|}‾f‾{‾{ t=2.0s
TIGHT n=17 m=123 tag=Kn-evenH740 g6=P‾‾‾‾‾‾‾z‾f‾f‾v|{‾‾V‾{‾{ t=4.6s
TIGHT n=17 m=123 tag=Kn-evenH741 g6=P‾‾‾‾‾‾‾z‾f‾n|r‾x‾‾f‾{‾{ t=2.3s
TIGHT n=17 m=123 tag=Kn-evenH742 g6=P‾‾‾‾‾‾‾z‾r‾j‾t‾{‾zv‾}|{ t=0.9s
TIGHT n=17 m=123 tag=Kn-evenH743 g6=P‾‾‾‾‾‾‾z‾n}f‾f‾{‾‾V‾{‾{ t=2.0s
TIGHT n=17 m=123 tag=Kn-evenH744 g6=P‾‾‾‾‾‾‾z‾n}f‾j‾y‾‾V‾{‾{ t=0.3s
TIGHT n=17 m=122 tag=Kn-evenH745 g6=P‾‾‾‾‾‾‾x‾f‾r‾r‾}^‾j‾}^{ t=1.7s
TIGHT n=17 m=122 tag=Kn-evenH746 g6=P‾‾‾‾‾‾‾x‾j‾j‾r‾}^‾j‾}^{ t=2.0s
TIGHT n=17 m=122 tag=Kn-evenH747 g6=P‾‾‾‾‾‾‾x‾j‾j‾t‾{‾‾r‾}^{ t=1.6s
TIGHT n=17 m=122 tag=Kn-evenH748 g6=P‾‾‾‾‾‾‾x‾j‾j‾t‾|^‾j‾}^{ t=0.8s
TIGHT n=17 m=122 tag=Kn-evenH749 g6=P‾‾‾‾‾‾^|‾z‾z‾^zu‾‾nnr}[ t=1.6s
TIGHT n=17 m=122 tag=Kn-evenH750 g6=P‾‾‾‾‾‾^|‾z‾z‾^zv}}n‾x}[ t=0.3s
TIGHT n=17 m=124 tag=Kn-evenH751 g6=P‾‾‾‾‾‾^|‾z‾z‾^zv}}‾vz‾[ t=1.9s
TIGHT n=17 m=123 tag=Kn-evenH752 g6=P‾‾‾‾‾‾^|‾z‾^zj‾|}}n‾|}{ t=4.6s
TIGHT n=17 m=123 tag=Kn-evenH753 g6=P‾‾‾‾‾‾^|‾z‾^zn|x‾‾N‾|}{ t=1.4s
TIGHT n=17 m=123 tag=Kn-evenH754 g6=P‾‾‾‾‾‾^|‾z‾^zn|z‾^N‾x‾{ t=1.7s
TIGHT n=17 m=122 tag=Kn-evenH755 g6=P‾‾‾‾‾‾^|‾j‾r‾x‾}||v‾}|{ t=2.4s
TIGHT n=17 m=122 tag=Kn-evenH756 g6=P‾‾‾‾‾‾^|‾j‾r‾zzu‾‾f‾}|{ t=1.9s
TIGHT n=17 m=122 tag=Kn-evenH757 g6=P‾‾‾‾‾‾^|‾j‾vzx‾{‾|v‾}|{ t=0.9s
TIGHT n=17 m=122 tag=Kn-evenH758 g6=P‾‾‾‾‾‾^|‾n|f‾r‾{‾‾f‾}|{ t=1.7s
TIGHT n=17 m=122 tag=Kn-evenH759 g6=P‾‾‾‾‾‾^|‾n|f‾r‾|}‾f‾{‾{ t=1.7s
TIGHT n=17 m=122 tag=Kn-evenH760 g6=P‾‾‾‾‾‾^|‾n|f‾v|{‾‾V‾{‾{ t=2.0s
TIGHT n=17 m=122 tag=Kn-evenH761 g6=P‾‾‾‾‾‾^|‾n|n|r‾x‾‾f‾{‾{ t=0.8s
TIGHT n=17 m=122 tag=Kn-evenH762 g6=P‾‾‾‾‾‾^|‾n|n|r‾y‾‾V‾{‾{ t=0.7s
TIGHT n=17 m=122 tag=Kn-evenH763 g6=P‾‾‾‾|‾n}‾|‾^vnzz}‾N‾|}{ t=0.9s
SUMMARY n=17 mode=dense {'OK': 25, 'TIGHT': 859, 'CE': 0} time=5974s
