TIGHT n=19 m=142 tag=rand g6=R^yZl||~~~\}~z^N~~}~v~y~^}k~ZO t=2.4s
TIGHT n=19 m=155 tag=rand g6=Rvnz~~~x~~nzv~~V~~v~~~~V~}~^~o t=4.8s
TIGHT n=19 m=153 tag=rand g6=R~|~uzv^v~~t~~v}~u~~n~~~vn~~vW t=2.4s
TIGHT n=19 m=145 tag=rand g6=R^~^V}nn~n~zx~Nu~{z~^~x|nv}~~o t=2.9s
TIGHT n=19 m=163 tag=rand g6=R~~~^}~~|n~~~Vx~~~~~~~~~~~~~~w t=5.8s
TIGHT n=19 m=153 tag=rand g6=R~~z~~n~{~^\^~~~~n^~~j{~~\}v~w t=3.3s
TIGHT n=19 m=139 tag=rand g6=R\p^~]n~v\eu]~~}nuu~^^v~Z~~N~w t=1.2s
TIGHT n=19 m=142 tag=rand g6=R~N}ZZt~^Np~^^^~~{z~r~lh~|~~~w t=6.1s
TIGHT n=19 m=151 tag=rand g6=R~~}X~~|~zT~^|vnvn|n~~|~}~v~~w t=2.8s
TIGHT n=19 m=148 tag=rand g6=R|~~^~~}vf~~~v~t}n~v~}tY~zV~uw t=2.5s
TIGHT n=19 m=137 tag=rand g6=R~|R~|Vi^^~~\i~~xdn^vd]~~Z~~ng t=1.1s
TIGHT n=19 m=145 tag=rand g6=R|~xf|~|~~nz^n|}zZ~n}vfzn~n~Vw t=2.9s
TIGHT n=19 m=156 tag=rand g6=R~~rn~~}~~^~~~^~~~vvn~}u~z|v~w t=25.6s
TIGHT n=19 m=121 tag=rand g6=R}R~hykR~{tjn}zvM~`|t~iv~}wkuO t=2.2s
TIGHT n=19 m=161 tag=rand g6=R~~~|~}~fz~~~~n~~~~zn~~~~~~||w t=18.4s
TIGHT n=19 m=142 tag=rand g6=R~[~r~V~~~f~}nvn||ny^zn~z~vuyG t=0.8s
TIGHT n=19 m=130 tag=rand g6=Rd^vz~nm~~ity}}}J~l^y]Jvw~^mtw t=2.3s
TIGHT n=19 m=156 tag=rand g6=R~~~~^}v}~|^~~v~z|~}n~~~v}~f~w t=3.2s
TIGHT n=19 m=154 tag=rand g6=R~~~~^e{zz~~\~|v~^~}}~V~~~~~~w t=3.3s
TIGHT n=19 m=137 tag=rand g6=R~wjN\|JdNv}~~^j^z^~~N~~zz|lzw t=1.2s
TIGHT n=19 m=117 tag=rand g6=R\qumUznb|fN~~B\f\zg]xv~mjNwfg t=0.4s
TIGHT n=19 m=142 tag=rand g6=Rl~}~zfz|~\~z^~Zuz~^~~Vt}nlzvg t=2.2s
TIGHT n=19 m=143 tag=rand g6=R}z~z~}VM~~j~n~~u~}~~T~k^t~n|O t=1.4s
TIGHT n=19 m=141 tag=rand g6=R^zwmn~z|lznv~~~^b|~yvvN~~}~NW t=2.3s
TIGHT n=19 m=135 tag=rand g6=Rt~y~v~^~u|MlV~~rN~^NrNz^lunZw t=2.2s
TIGHT n=19 m=159 tag=rand g6=R~~|~~|~|~~~|z~r~~~n~~~~^~m~nw t=3.4s
TIGHT n=19 m=139 tag=rand g6=RVzi|\~nx^z^~n~~|z~\Zun^v||tnw t=2.7s
TIGHT n=19 m=130 tag=rand g6=R\V{P\zv^~xtznI~vnZvG~~~~r~|xW t=1.1s
TIGHT n=19 m=156 tag=rand g6=R}|r{~~n~^~^}^~~~~~~~|z~~~~~fw t=0.5s
TIGHT n=19 m=141 tag=rand g6=RzV~~~Nz~}U\~yHv^^|zz~^w~z^~~w t=2.4s
TIGHT n=19 m=121 tag=rand g6=RdnXx^Wr~z~~zHl~A]rdL^z~^}[z^O t=2.0s
TIGHT n=19 m=139 tag=rand g6=R|vnn}~n~~f~R~e}zn~jvJn~~NzhzW t=2.2s
TIGHT n=19 m=157 tag=rand g6=R~~~~~|~r|~|~~~~~en~v^~^~vn~~w t=3.0s
TIGHT n=19 m=146 tag=rand g6=Rtz|~b^~~~~f~hn~~]f~~~v~}fvznw t=1.1s
TIGHT n=19 m=159 tag=rand g6=R~}~~|y~|~~}~~\~~~~nv~~~}^~~~w t=3.4s
TIGHT n=19 m=156 tag=rand g6=Rt~~~~}~~~~n~~z^^zm|~~y~~m~~~w t=8.6s
TIGHT n=19 m=146 tag=rand g6=R~}~~|yvy~~zn~f|{{~|vn~~~{}N~g t=2.3s
TIGHT n=19 m=134 tag=rand g6=Rn~u~~z]v||u~Z}^N{^Zx^Jzuf~z^G t=0.7s
TIGHT n=19 m=162 tag=rand g6=R~~~^^~|~~~~~~~~z|}h~~~~~~~~~w t=20.6s
TIGHT n=19 m=155 tag=rand g6=R~uz~l~|n~~lv~~~~zn~~~~}~n~f~w t=3.8s
TIGHT n=19 m=159 tag=rand g6=R~~~~^v~~~}z~z~~~vv~x~z~n~v~~w t=6.4s
TIGHT n=19 m=153 tag=rand g6=Rnn~\~~~~}}n~~znmy~n~~~}^~|~~W t=2.2s
TIGHT n=19 m=154 tag=rand g6=R~^|~~n~l~~~~~^n~~~n^~^v~vn]}W t=3.0s
TIGHT n=19 m=159 tag=rand g6=R~u~~~~~n~~^v~~~~~N~~~n~vn|~~g t=6.4s
TIGHT n=19 m=139 tag=rand g6=R^{r~~|~~~^r}|~xrtv~\n}X^|^nfW t=2.3s
TIGHT n=19 m=149 tag=rand g6=R~fv~~~v]^~]^zv|~~{~~X^~^~~~^o t=5.8s
TIGHT n=19 m=140 tag=rand g6=RR}v~l~~~n~{zb}~~r}d~^n~M^{^|w t=2.3s
TIGHT n=19 m=132 tag=rand g6=Rxf\^|sPzNmn|n~~k~^n^`~~z~n^NW t=1.0s
TIGHT n=19 m=141 tag=rand g6=R~~}nnx~Rt~n~st}nnf~F~~~~dnnzw t=2.8s
TIGHT n=19 m=142 tag=rand g6=R\~n{N~|~~~|~ezx~}~n~vzVy~xm|W t=3.1s
TIGHT n=19 m=144 tag=rand g6=RvZnv|]~~~~~~}J~~\^~~~^z~lzS{W t=2.5s
TIGHT n=19 m=141 tag=rand g6=Rr~fnfVV^~zU~^~~}|~|z|~}~Vny~G t=0.7s
TIGHT n=19 m=136 tag=rand g6=R~~nx|mVv~^znx~vV|]zN]|{{~Z~^_ t=2.3s
TIGHT n=19 m=147 tag=rand g6=Rx}~m~t~|jnyv~~~~~~}}k~v}|~zvw t=1.3s
TIGHT n=19 m=143 tag=rand g6=R^zv~m}nT~~m~~^|~Q~~~\nzNni~~w t=1.0s
TIGHT n=19 m=159 tag=rand g6=R~v}~^{~~~~~v~~~z~~~}x~~~~~~zW t=6.7s
TIGHT n=19 m=118 tag=rand g6=RzUSm~~uL^rZZdvzDNn~~j~si~orGw t=0.4s
TIGHT n=19 m=158 tag=rand g6=Rn~}~~~^~}~~~L^n~~~~~^v~~~~~Zw t=3.2s
TIGHT n=19 m=145 tag=rand g6=R|[}v~z|v~|~v~~vv]^~n~~~}^ltxo t=2.2s
TIGHT n=19 m=139 tag=rand g6=Rz~|~~|~z~{~vro{~z|V}]v|~~fvRO t=1.1s
TIGHT n=19 m=150 tag=rand g6=R||~}~||v~~~~|~^Yn|Z}~~~~vzt~o t=2.0s
TIGHT n=19 m=134 tag=rand g6=RzJ~~rvvx~^Be|^b~p~~~zN~y~|X}g t=1.1s
TIGHT n=19 m=146 tag=rand g6=R~xd|}d^~~U{~~~l~|~V}~~~~v~~~O t=2.3s
TIGHT n=19 m=153 tag=rand g6=R}~~~}^~~|~V~~~Zzv~|^v|~~~|R~w t=2.8s
TIGHT n=19 m=147 tag=rand g6=Rvl~]Z]v~vv|~n}~]v|v~~|x~~n~~w t=1.0s
TIGHT n=19 m=157 tag=rand g6=R~m^M~xy~z~v~~~~~~~~~~~~~~~~fw t=6.1s
TIGHT n=19 m=137 tag=rand g6=R~~|}t^^^yuY~}~f~~znnl~]S^i~~_ t=5.6s
TIGHT n=19 m=153 tag=rand g6=R}~~||~~d~}~~|~~j~z^~|~\~v~~fw t=2.4s
TIGHT n=19 m=139 tag=rand g6=R~~~v~u}~tvjr}uZuv|~~zjv|ml}xw t=1.1s
TIGHT n=19 m=153 tag=rand g6=R~~l~~^~v~~|}~^y~~~~~z~L\n|~~g t=2.3s
TIGHT n=19 m=153 tag=rand g6=R~}~}~{z~~|nxz~~~~~^z|~^z|{~~w t=3.2s
TIGHT n=19 m=161 tag=rand g6=R~~~~~}~z~~z~}^~~}~~~~~~}}~~yw t=6.8s
TIGHT n=19 m=150 tag=rand g6=R~~q}z~f~~|~~~^|}^~~vn~~^vnZ~_ t=5.8s
TIGHT n=19 m=145 tag=rand g6=R~r^~u~~~|z~~x{~n~~^nv}}rvR}^g t=1.1s
TIGHT n=19 m=158 tag=rand g6=R~nVz~~~{~~~~~~^n~v~~~~~}~vz~g t=3.3s
TIGHT n=19 m=149 tag=rand g6=R|||~n~in~~~^}vz~~}~~x~yn~~zVg t=3.2s
TIGHT n=19 m=120 tag=rand g6=R~b|~m~dznudzb~o]|lY]^]k{qxZ|o t=0.8s
TIGHT n=19 m=161 tag=rand g6=R~~v~r~~^~~v~~~z~~~l~~~~~y~~~w t=6.4s
TIGHT n=19 m=144 tag=rand g6=R}~~n~}]Yy~~yz~n~~~}n~ZvvVv~Ww t=1.1s
TIGHT n=19 m=148 tag=rand g6=Rzn||~~^{z~z~|z~\z^^}~y~]~~nvw t=2.7s
TIGHT n=19 m=145 tag=rand g6=Rz|~~y}}||~~~f~n|nf}||m~vn~~pg t=3.1s
TIGHT n=19 m=138 tag=rand g6=RytN}V~~{~]~\nu~{Mn~v~ZZ~~x^zw t=0.4s
TIGHT n=19 m=155 tag=rand g6=R~{z\z~}~~~~~z~~~^n~~~N~n^~{~w t=9.6s
TIGHT n=19 m=150 tag=rand g6=R}~~z~N^n~~z|}vz}zv^^~~n~~U^~w t=2.4s
TIGHT n=19 m=147 tag=rand g6=R~~|~z}vJ}ezz~v}]v~~tzz~~~~y~w t=5.6s
TIGHT n=19 m=159 tag=rand g6=R~v~~~~~~\~]~~~~~~~~~z|~^~~d~o t=6.3s
TIGHT n=19 m=152 tag=rand g6=R}~~~}m}u~}R~~|~~~t~}~v^~t~~~w t=6.7s
TIGHT n=19 m=138 tag=rand g6=R}|~zz^~^kgvZzrv^}~^~^ttzr~^~W t=1.1s
TIGHT n=19 m=154 tag=rand g6=R~vu^~~^~v^~~VnV~~z~~~~in~~~~w t=3.5s
TIGHT n=19 m=144 tag=rand g6=R^~j^[v]~|y~~~^n~u~^}Vvv~^^}}w t=2.5s
TIGHT n=19 m=136 tag=rand g6=R|j|~~~fyN~mm~b}Zzz~v~vGz~hnnw t=2.2s
TIGHT n=19 m=134 tag=rand g6=Rzn~}vnvph^N~~~mn|zpe~lyxv|~mg t=1.5s
TIGHT n=19 m=146 tag=rand g6=R~r~n~}}}}~f~~lf~V\~~zb~~z^|~W t=1.0s
TIGHT n=19 m=145 tag=rand g6=R~[~^~~}~d~~|}j~}w~}~~Z~}y~~\O t=1.1s
TIGHT n=19 m=151 tag=rand g6=R~~z~z[|~~~m~v~z|~^~~v~\fz~~lw t=5.6s
TIGHT n=19 m=161 tag=rand g6=Rv~~~~~~~~~znz~ynz~~~~~~~~y~~w t=2.7s
TIGHT n=19 m=151 tag=rand g6=Rn~vL~v~vn~r~~~~~}\~v]~~N~~}^w t=2.4s
TIGHT n=19 m=133 tag=rand g6=R~mj|NznN~|z~vJ`~zzfv~yT~n|klw t=2.3s
TIGHT n=19 m=151 tag=rand g6=Rv}~~~M|~~^V~|~~|~~z}t~~^~~yzo t=2.3s
TIGHT n=19 m=144 tag=rand g6=Rn~~~~~|~m^}~zn}r[nnz{|tz|^u~w t=2.4s
TIGHT n=19 m=149 tag=rand g6=Rt~~J}~~~v~|~n~~~~z}~ts~~Ltv~w t=2.3s
TIGHT n=19 m=153 tag=rand g6=Rm|~}~~~nv~^zn~u~v}~^}~v~V~~~w t=5.8s
TIGHT n=19 m=141 tag=rand g6=R~}nrx~~~z{o|~~~~~znZmNtvzV~vo t=2.1s
TIGHT n=19 m=152 tag=rand g6=R~~|^vtz~~}v~r~Nv~^~~~f~z~~~vo t=7.2s
TIGHT n=19 m=145 tag=rand g6=R~^un}~]^~~~~~l|~z]vy}Y^~~~~kg t=3.4s
TIGHT n=19 m=148 tag=rand g6=R}~Zn~~Sh~n|j~~~m~~l~]~~~~}v~w t=3.1s
TIGHT n=19 m=158 tag=rand g6=R}~~~|^^~^n~~~^}~v~~]~~~~~~|nw t=3.0s
TIGHT n=19 m=132 tag=rand g6=Rbmjbyl~v~qvfr~R~ltf}n~v|~^\~w t=2.2s
TIGHT n=19 m=142 tag=rand g6=R}lrn|}n~NZn}~^m~n~fj~~j~~~nuW t=0.4s
TIGHT n=19 m=147 tag=rand g6=Rn}|~}}}}n~v~|^\v}j~n~}tv~~~\w t=1.2s
TIGHT n=19 m=129 tag=rand g6=RzMv|~x^vn~hjlzte^t~MW|z~~zufW t=0.4s
TIGHT n=19 m=158 tag=rand g6=R~~vv~~|}~z}^~~~nn~~~~~~~nn~zW t=3.0s
TIGHT n=19 m=141 tag=rand g6=R~~l~{P|v~~nnz~~}vr^v|rf^~tx~W t=1.2s
TIGHT n=19 m=139 tag=rand g6=R}}|~b~~~dj}~~ly^~mf}}n~nnwt|w t=3.0s
TIGHT n=19 m=151 tag=rand g6=R}V~{~~~~~\}T~n~~z~~^~~~~^nnww t=3.2s
TIGHT n=19 m=148 tag=rand g6=R~VP}k~~v~zzz~~z^~z~~~j~nn~|~W t=1.2s
TIGHT n=19 m=145 tag=rand g6=R^~m}~^~z~Xz~~~~|z~^v~}ulz~S]w t=1.1s
TIGHT n=19 m=148 tag=rand g6=R~~~~r~Vv~vje~Zy|}~~~~~|~pz~vw t=2.8s
TIGHT n=19 m=146 tag=rand g6=R~^njmnrrvt~v~}~^n~~~^~~v^~v]g t=2.4s
TIGHT n=19 m=147 tag=rand g6=R~~~zn~|~~}^z~V|~}^T~x~~]j~^xW t=2.4s
TIGHT n=19 m=142 tag=rand g6=RtnvLx}~vvNz~]^~vV^~|{~~~~w~~W t=0.4s
TIGHT n=19 m=145 tag=rand g6=R~^}~Z]j~k~n~~^^}~n~jl~|~|z}rw t=2.6s
TIGHT n=19 m=160 tag=rand g6=R~~~~~^u~~~~~~{~^~~~~~~^v}~}~g t=10.2s
TIGHT n=19 m=155 tag=rand g6=R~v~~|~j~~|~nf|n~~~~~~n\^~~|vw t=2.6s
TIGHT n=19 m=155 tag=rand g6=R^z~~j~~~~]~~}n~|n~~j~~~~mzn~w t=3.0s
TIGHT n=19 m=154 tag=rand g6=Rn~~~~~r|vvvZn~~~^~~Z~~~^n}~}w t=11.2s
TIGHT n=19 m=159 tag=rand g6=R|jz~~~~|zvzV~~~~~}}~~~~~~~~~w t=3.5s
TIGHT n=19 m=151 tag=rand g6=Rn~n^~z~Z~~~z|z~~~~~~t}}~Y|n^g t=2.3s
TIGHT n=19 m=146 tag=rand g6=Rnq~|^^vnz^\Nn~^~zl}~~~~v^~n|w t=2.4s
SUMMARY n=19 mode=random {'OK': 3871, 'TIGHT': 129, 'CE': 0} time=6973s
