TIGHT n=16 m=82 tag=rand g6=OKjzXzBzydjn[t{||V|j~ t=0.3s
TIGHT n=16 m=100 tag=rand g6=Ov}|~k|~~v|~~x~VT}~U~ t=0.6s
TIGHT n=16 m=102 tag=rand g6=Oz~|~vzul^u^}~xn}~~~n t=1.3s
TIGHT n=16 m=102 tag=rand g6=OJV~~v~|~|^v^x~vzj~}~ t=0.2s
TIGHT n=16 m=103 tag=rand g6=O~~{z~~~X^vz~}m~m~|~{ t=1.4s
TIGHT n=16 m=106 tag=rand g6=O~|z|vv^n}~z~zz~z^~~} t=1.5s
TIGHT n=16 m=87 tag=rand g6=OrrbvvzjgvnwQZ~}^ru~~ t=0.3s
TIGHT n=16 m=96 tag=rand g6=Ot~Nt~z|n~~Mb~~Ml~\^^ t=0.2s
TIGHT n=16 m=87 tag=rand g6=Obzvi|{zvhuzm|Wz{s~~^ t=0.4s
TIGHT n=16 m=93 tag=rand g6=OrulnB~n~}x}|{~ny~{^u t=0.3s
TIGHT n=16 m=89 tag=rand g6=O^\~d~^L^}|buI^^zjv}y t=0.3s
TIGHT n=16 m=94 tag=rand g6=O~^J^^pM~z^||C~v~^~|r t=0.2s
TIGHT n=16 m=89 tag=rand g6=Oqly~znnznSVxyl}~}ztj t=0.6s
TIGHT n=16 m=93 tag=rand g6=O~{I~fm^^}~^fqj~|ZV^~ t=0.5s
TIGHT n=16 m=104 tag=rand g6=O}h}t}~}~|}vv~~^~~^^~ t=0.5s
TIGHT n=16 m=89 tag=rand g6=O{~tVn~}i|}~s]vRV]}nb t=0.2s
TIGHT n=16 m=87 tag=rand g6=O~lpzPEbfjnm~qtj~~v~v t=0.2s
TIGHT n=16 m=100 tag=rand g6=Ol{~~mt~vz~~u^Dvv~~~v t=0.5s
TIGHT n=16 m=84 tag=rand g6=OVzy~d\rxJw}^~nmtL^fe t=0.2s
TIGHT n=16 m=76 tag=rand g6=Of}lbJJmxmPHv~vU|XSx} t=0.3s
TIGHT n=16 m=86 tag=rand g6=OmVbv^}tRn{v]j~nQZv^m t=0.2s
TIGHT n=16 m=103 tag=rand g6=O^}~~fnz~vh~~zN~~|~x| t=0.5s
TIGHT n=16 m=93 tag=rand g6=On|zz~Dv~\nkz\nq~ev~} t=0.5s
TIGHT n=16 m=108 tag=rand g6=O}||~n~~~~~~~m~~^{~{} t=1.8s
TIGHT n=16 m=98 tag=rand g6=On}R|~~vY~~~n|~\~}e]V t=0.7s
TIGHT n=16 m=104 tag=rand g6=O~~yV~V~r~z~^~n^~rv}~ t=0.6s
TIGHT n=16 m=85 tag=rand g6=O^n}~Zfnzf~\MzHK{|z]H t=0.2s
TIGHT n=16 m=104 tag=rand g6=On~~~V~v]n~~~z~tv|^|\ t=1.3s
TIGHT n=16 m=96 tag=rand g6=OyyvzmZz~v\S~^~vrzz~~ t=0.9s
TIGHT n=16 m=102 tag=rand g6=On~vn|B~n~n}m}vv~~v}~ t=1.1s
TIGHT n=16 m=85 tag=rand g6=Od~Y|^nboyzN|nyw\~~Zd t=0.5s
TIGHT n=16 m=107 tag=rand g6=Ov~nz}~~~||fz~n~~~~n] t=1.2s
TIGHT n=16 m=99 tag=rand g6=O~rznn~m|~v^\V~~^~rvT t=1.3s
TIGHT n=16 m=81 tag=rand g6=O`^}V}ze~xGMkn~|~RZVQ t=0.1s
TIGHT n=16 m=79 tag=rand g6=O|wpqyU]MVy]uj}\}~xwr t=0.3s
TIGHT n=16 m=93 tag=rand g6=Oyl^Dvl~}^~~tR~~~Vo~f t=1.2s
TIGHT n=16 m=82 tag=rand g6=OZ~y]~llUNqfyuDIn~|mx t=0.2s
TIGHT n=16 m=109 tag=rand g6=O~~^^~v^~~~~n}^~~}z|z t=1.4s
TIGHT n=16 m=80 tag=rand g6=O{jBOuZY|u^~~ZmMZr|\l t=0.2s
TIGHT n=16 m=78 tag=rand g6=O^jxhVv}h|CC{FWztvy}~ t=0.1s
TIGHT n=16 m=95 tag=rand g6=O^lZ~~}sz^y}jnr^~~yx} t=0.5s
TIGHT n=16 m=105 tag=rand g6=OTv~|~zvn~~|~}n{~n~|~ t=1.2s
TIGHT n=16 m=108 tag=rand g6=O~~|~~tzvznt~~v~~^~~z t=1.6s
TIGHT n=16 m=92 tag=rand g6=Of|}nV~~yd|^tUzyn}Zvn t=1.1s
TIGHT n=16 m=112 tag=rand g6=O~z~~~~~vzz~^~}~~v|~~ t=3.5s
TIGHT n=16 m=77 tag=rand g6=OziVbq|mPO]~L~K~fAx~| t=0.4s
TIGHT n=16 m=99 tag=rand g6=OV^}vzv^~^~zLvu~n^f~} t=1.2s
TIGHT n=16 m=81 tag=rand g6=O^}jM^|idP{}dv~znk]Pr t=0.2s
TIGHT n=16 m=101 tag=rand g6=O^~~}~p~|Z}V}~lM~~^~^ t=0.2s
TIGHT n=16 m=84 tag=rand g6=OntztFevny~Ez^}ln\Zsi t=0.3s
TIGHT n=16 m=93 tag=rand g6=OzN~~|n{^~_}r}bv}vj~x t=0.5s
TIGHT n=16 m=105 tag=rand g6=O~~|j|N~zz^\~z|~}~~~v t=0.5s
TIGHT n=16 m=102 tag=rand g6=O~|}~{}vR|zz~}~|~n~L~ t=0.5s
TIGHT n=16 m=104 tag=rand g6=O|~}~V~z^~n~}~~Z}vvun t=1.1s
TIGHT n=16 m=95 tag=rand g6=ONn~\~xVzmz~Nnkl~[~z~ t=0.4s
TIGHT n=16 m=103 tag=rand g6=O~^~vvzvn~^zx~nj}x~~z t=0.6s
TIGHT n=16 m=109 tag=rand g6=Onzzzvv~~|}~~z~~~~t~~ t=1.3s
TIGHT n=16 m=91 tag=rand g6=O~v^r~|~Hu~kruenBn^v~ t=1.2s
TIGHT n=16 m=99 tag=rand g6=Otx~}~~|z]}~~zVxv~fzj t=1.2s
TIGHT n=16 m=85 tag=rand g6=Ox~{xnfh^YNHxsjm}~~|\ t=0.6s
TIGHT n=16 m=107 tag=rand g6=O~~~Zft~|~~~~}vV~|~n~ t=1.2s
TIGHT n=16 m=90 tag=rand g6=OzZ^Wz~~m{tZx\{du~n~v t=0.8s
TIGHT n=16 m=86 tag=rand g6=On~Ln|Lvvrezmn|rlYYy} t=0.4s
TIGHT n=16 m=94 tag=rand g6=O}{n~~^uZ^NVrn}~ntyF~ t=0.7s
TIGHT n=16 m=96 tag=rand g6=O^K~}bjv|Nzv~vm~}~V^~ t=0.5s
TIGHT n=16 m=94 tag=rand g6=O}{v^~]Nb~Yz~v~x~~|L[ t=0.8s
TIGHT n=16 m=74 tag=rand g6=OBud{nd^{fia_uz}R^kt} t=0.3s
TIGHT n=16 m=85 tag=rand g6=O~\n]n^pVn~NN~Za{LRrr t=0.5s
TIGHT n=16 m=98 tag=rand g6=O|~|uvn|z|v^~k~|}}~H} t=1.2s
TIGHT n=16 m=94 tag=rand g6=Ovv^~|}vTmuRv~yN\~~Zz t=0.5s
TIGHT n=16 m=93 tag=rand g6=O\~~^zr~uk|~|V]tbV}}| t=1.3s
TIGHT n=16 m=103 tag=rand g6=OvN~|zv~ny~z~~~x^|~R~ t=1.4s
TIGHT n=16 m=102 tag=rand g6=O~^vv}~~^~z~z~}t}|^wV t=0.5s
TIGHT n=16 m=88 tag=rand g6=OZ^z^^hvy^TZM~~njuv]T t=0.2s
TIGHT n=16 m=110 tag=rand g6=O~^~~~~~|]~~uz~n~~^z~ t=2.7s
TIGHT n=16 m=105 tag=rand g6=O}n|~|v|~}}~~~L~nV~~z t=0.5s
TIGHT n=16 m=94 tag=rand g6=Ozj|~]{V}n^~F~^ntNr^v t=0.6s
TIGHT n=16 m=110 tag=rand g6=O~~}|~j|~^n~~~~~\~~}~ t=2.1s
TIGHT n=16 m=103 tag=rand g6=O~~un~s~z~{vj~~~^|~L~ t=1.2s
TIGHT n=16 m=93 tag=rand g6=O~z}~}F~~f}[nf^sxytf~ t=0.8s
TIGHT n=16 m=78 tag=rand g6=Onuu}Zss~}JqSF|I[^V]z t=0.4s
TIGHT n=16 m=106 tag=rand g6=ONzv~z~|vn~~^~|z~~~~s t=1.3s
TIGHT n=16 m=101 tag=rand g6=Ozz^^nv~\~fnv~nx~}y~^ t=0.7s
TIGHT n=16 m=86 tag=rand g6=O}FxbllZ]v}ad~^~n~muy t=0.3s
TIGHT n=16 m=78 tag=rand g6=ONZyz|zNnxi~SzdyQxSfJ t=0.5s
TIGHT n=16 m=96 tag=rand g6=O~|zSN}}x~zjt^z~v}~m} t=1.0s
TIGHT n=16 m=84 tag=rand g6=O|wXwr{~E}|~~Ftt~Z{h{ t=0.2s
TIGHT n=16 m=99 tag=rand g6=Ov~lz~nv\~[^~nvn^}nr} t=2.1s
TIGHT n=16 m=86 tag=rand g6=O~{]}ZZJ[}[U~[vEn~}}n t=0.9s
TIGHT n=16 m=73 tag=rand g6=O`mxxqyUn[hrJlqp~jTZu t=0.1s
TIGHT n=16 m=109 tag=rand g6=Orn~}~|~~~z]~zn~~~~~} t=1.4s
TIGHT n=16 m=99 tag=rand g6=Ol|n~|\~^|l^~^F~r~}n} t=2.1s
TIGHT n=16 m=98 tag=rand g6=Os|~v~Jx|{n~Z~}~~\~}y t=0.2s
TIGHT n=16 m=104 tag=rand g6=Ol~~~}Vv~||nY~^~v~^~} t=1.8s
TIGHT n=16 m=101 tag=rand g6=O}znvvr}~u~}^~~}}N|zv t=1.2s
TIGHT n=16 m=93 tag=rand g6=Ox~^jY^{}F~p~|~znv|Z] t=0.3s
TIGHT n=16 m=73 tag=rand g6=OxuKJj^wn~ayMIlu}ZHqx t=0.1s
TIGHT n=16 m=89 tag=rand g6=Ot^]vZ~~~g}zW~NTN~Zn[ t=0.5s
TIGHT n=16 m=76 tag=rand g6=O\]~p}iY[|fkrLInjI|tm t=0.1s
TIGHT n=16 m=89 tag=rand g6=Of~^v}uUtfnw~v}vzV~Dd t=0.6s
TIGHT n=16 m=93 tag=rand g6=O~l^~Vnf}zvj~vZAn}n}r t=0.8s
TIGHT n=16 m=82 tag=rand g6=OunRm~ftfCrePzrd~~i~z t=0.3s
TIGHT n=16 m=92 tag=rand g6=O`z}uZi~j^~z~|zZvJ}~] t=0.6s
TIGHT n=16 m=110 tag=rand g6=O}n~t~~n~^~z~~~~N~~^~ t=1.5s
TIGHT n=16 m=89 tag=rand g6=O}}Uuy}~vv~QtVNnv]|jr t=0.4s
TIGHT n=16 m=101 tag=rand g6=O~^n^~n|F~~vlvn~~d{~n t=0.6s
TIGHT n=16 m=93 tag=rand g6=ONu|~My}~yfjv}t\z~~zx t=0.2s
TIGHT n=16 m=91 tag=rand g6=O|^z^~d{^zvkfMq~h~~vN t=0.4s
TIGHT n=16 m=86 tag=rand g6=O~m|UUdn^^xhVXxvzx}^n t=0.2s
TIGHT n=16 m=109 tag=rand g6=O|n|~~n~v}~v^~}~z~~^~ t=1.4s
TIGHT n=16 m=87 tag=rand g6=OZJ}z^~\rut~|sy^]^zhk t=0.2s
TIGHT n=16 m=93 tag=rand g6=Ov}yJvn~~|jz^~ZiuB^n~ t=1.0s
TIGHT n=16 m=105 tag=rand g6=O~~^n~~j}}Z~\~~^~n~lz t=0.7s
TIGHT n=16 m=105 tag=rand g6=Otn^x~nl~n|~v~~n~|~z~ t=0.7s
TIGHT n=16 m=109 tag=rand g6=O|zj}~~~~v~zn~}~~||~~ t=1.7s
TIGHT n=16 m=98 tag=rand g6=OZv~~[j~~tzfv~~w~^\}} t=0.2s
TIGHT n=16 m=84 tag=rand g6=O}zU~vj[Hkns|npw{ne~~ t=0.6s
TIGHT n=16 m=103 tag=rand g6=O^nZr~z~|n~m~}~z{z~}~ t=0.4s
TIGHT n=16 m=93 tag=rand g6=O^^nR^~Le|mjmv^n~~Z~l t=0.2s
TIGHT n=16 m=92 tag=rand g6=Oj^^jfl~~v~urd|wvnrnn t=0.2s
TIGHT n=16 m=100 tag=rand g6=OzLzz~v~~znvz}^z~fm^| t=1.2s
TIGHT n=16 m=98 tag=rand g6=O[}uV\n|}~}v^~~l~}V}~ t=0.5s
TIGHT n=16 m=108 tag=rand g6=Ow~~l~z}~n~^~~n~}~~~z t=0.4s
TIGHT n=16 m=96 tag=rand g6=O^~|E~|~u^~^nZxr}Mu~~ t=0.9s
TIGHT n=16 m=106 tag=rand g6=O~lV~~v~|~v~zz~^~vN~v t=0.2s
TIGHT n=16 m=80 tag=rand g6=OlwRd^rBJS~f~zr~j^PF~ t=0.2s
TIGHT n=16 m=99 tag=rand g6=Oy~~l^~~}trzVrv~^~p}~ t=1.3s
TIGHT n=16 m=100 tag=rand g6=O~lzv}n~~~z{mf~~L^~R~ t=0.7s
TIGHT n=16 m=76 tag=rand g6=OPzykFLxiMNd}c}MVnN~} t=0.3s
TIGHT n=16 m=85 tag=rand g6=O^|JyonNnvsymL^~Zz~tw t=0.2s
TIGHT n=16 m=108 tag=rand g6=O~N~}|~}~~v~^~j|}~~z~ t=1.4s
TIGHT n=16 m=85 tag=rand g6=Ohhf|y~si|nn|lq|rv~xT t=0.8s
TIGHT n=16 m=102 tag=rand g6=O~~t~^}~ZxM{~~|~j~n~v t=0.8s
TIGHT n=16 m=106 tag=rand g6=Ot~~zn|n}~n~~n[~}~}~~ t=1.9s
TIGHT n=16 m=105 tag=rand g6=Ov~~zz}r~n~k~~~^~~mvn t=1.7s
TIGHT n=16 m=104 tag=rand g6=Ovn^~^~~Z~z~V~v~nz\~r t=1.5s
TIGHT n=16 m=106 tag=rand g6=Oy~~n~n}|~~~r}q~~^~|~ t=1.4s
TIGHT n=16 m=110 tag=rand g6=O~~v}~~~~}tn^~~~^~n~^ t=2.1s
TIGHT n=16 m=85 tag=rand g6=O~N[nvV}pVN~xqq{yi~j^ t=0.4s
TIGHT n=16 m=97 tag=rand g6=O~Z~z^~~~^kri~u~f|xr| t=1.4s
TIGHT n=16 m=102 tag=rand g6=ObzN|~z\~z~|n~}~~v~d~ t=1.5s
TIGHT n=16 m=78 tag=rand g6=O~kmTZ|Q^z\\uNk\kuLVf t=0.2s
TIGHT n=16 m=101 tag=rand g6=O}{^~NN~v}~^~v^~ln~T~ t=0.4s
TIGHT n=16 m=100 tag=rand g6=OV|Vrx}u~~^jz~N~~~^~| t=1.4s
TIGHT n=16 m=103 tag=rand g6=On~}|Lvr~n~z~}Y~~|~~v t=0.7s
TIGHT n=16 m=99 tag=rand g6=Ozf^~}~^v~^xnnvQnznn~ t=0.7s
TIGHT n=16 m=98 tag=rand g6=O^mxzn}xnz{~~ni~}^]~~ t=0.4s
TIGHT n=16 m=91 tag=rand g6=Ofzpj~}x}|}\yz|p~||m\ t=0.7s
TIGHT n=16 m=99 tag=rand g6=On~z~nz~v\vvyzm}nx|^n t=0.6s
TIGHT n=16 m=86 tag=rand g6=OV~Vu\vy^~{uM]P~y^rU} t=0.4s
TIGHT n=16 m=111 tag=rand g6=O~|~m~~z}~~~v~~}v~~}~ t=4.4s
TIGHT n=16 m=108 tag=rand g6=Of~~~z~zVn}~~^|~z~~v~ t=1.3s
TIGHT n=16 m=102 tag=rand g6=Ont}~~vn^n|~]n}^~~^~T t=2.6s
TIGHT n=16 m=87 tag=rand g6=OvnJkMtym}|vr~|MVn^}f t=0.4s
TIGHT n=16 m=97 tag=rand g6=O|~^|Zn[~f]f~~~z~l||Y t=2.8s
TIGHT n=16 m=72 tag=rand g6=O@eN{vua^|f^pddazrjtE t=0.1s
TIGHT n=16 m=106 tag=rand g6=Ovx~~~|~~|||~y~|~}~^Z t=2.6s
TIGHT n=16 m=91 tag=rand g6=Ovk\\n^}~vtziMk}~~t}z t=1.2s
TIGHT n=16 m=89 tag=rand g6=On]|t}~|UVBe}ixv|nnv~ t=0.9s
TIGHT n=16 m=77 tag=rand g6=O{@fsJz~pvt~KDpumrk~n t=0.4s
TIGHT n=16 m=98 tag=rand g6=O~v~|Z~~F|nzn{}\v}v}l t=0.9s
TIGHT n=16 m=106 tag=rand g6=Oz~z~j~u^zv~^~~F~~~~} t=0.5s
TIGHT n=16 m=106 tag=rand g6=O~~}~^z~~~Y|~~}zN~{v~ t=2.8s
TIGHT n=16 m=76 tag=rand g6=OzXzZDxwQtn~oiFz^q^Ry t=0.3s
TIGHT n=16 m=108 tag=rand g6=Oz}}^~vz}~z~v~~^~v}~~ t=3.6s
TIGHT n=16 m=108 tag=rand g6=Orn|~z|}~|~^~~}~~~n|~ t=2.7s
TIGHT n=16 m=109 tag=rand g6=O^~~~~~n~~~vn~r|~J~n~ t=4.1s
TIGHT n=16 m=95 tag=rand g6=O{~x~ze~z}~Zj|^l\{V~z t=2.5s
TIGHT n=16 m=93 tag=rand g6=O~}bv~wm{}nZv^vunznzV t=1.3s
TIGHT n=16 m=111 tag=rand g6=Ol~~~n~}~~^z~^~z~~~~} t=3.4s
TIGHT n=16 m=93 tag=rand g6=Ovz[}z~f|||~M\~j\^~wy t=0.3s
TIGHT n=16 m=106 tag=rand g6=O~J~~~~~~~~L^VvN~}z~~ t=2.7s
TIGHT n=16 m=84 tag=rand g6=OlUtVn|vu^|Kiq~]mls~z t=0.4s
TIGHT n=16 m=88 tag=rand g6=ORt]N~nTlNZ|t~U||~e~V t=0.9s
TIGHT n=16 m=75 tag=rand g6=OnB][~^w[XrLnJnJB\nVY t=0.6s
TIGHT n=16 m=92 tag=rand g6=O^j^N~p~~n`zRpzx~v~vZ t=1.1s
TIGHT n=16 m=104 tag=rand g6=O~Nnn~~m^~qV~|~^}~~}~ t=2.8s
TIGHT n=16 m=100 tag=rand g6=O~|l~~^n~xr^u~{~~z~yh t=0.5s
TIGHT n=16 m=97 tag=rand g6=O|mj]~Nz~^~|}yuu~^~Z| t=0.5s
TIGHT n=16 m=104 tag=rand g6=O^tt~~v||vn~|l}~~^~^~ t=1.2s
TIGHT n=16 m=105 tag=rand g6=O~}ld~~~~~n|^~^|~z}~t t=2.6s
TIGHT n=16 m=79 tag=rand g6=OBp~sZzTNFFd~|i~m]npj t=0.6s
TIGHT n=16 m=93 tag=rand g6=Omzs|vn~~wR^Z}T~~}^]} t=0.4s
TIGHT n=16 m=108 tag=rand g6=Oz~~\~}yn}}~v~~~~~v}~ t=1.3s
