TIGHT n=16 m=108 tag=Kn-oddH0 g6=O‾‾‾‾‾‾‾‾‾‾‾F‾w‾‾b‾‾F t=1.8s
TIGHT n=16 m=109 tag=Kn-oddH1 g6=O‾‾‾‾‾‾‾‾‾n‾n‾p‾‾F‾}N t=2.0s
TIGHT n=16 m=108 tag=Kn-oddH2 g6=O‾‾‾‾‾‾‾‾‾n‾f‾w‾‾b‾‾J t=2.1s
TIGHT n=16 m=107 tag=Kn-oddH3 g6=O‾‾‾‾‾‾‾‾‾f‾r‾{^‾p‾‾b t=2.8s
TIGHT n=16 m=107 tag=Kn-oddH4 g6=O‾‾‾‾‾‾‾‾‾f‾r‾{}‾b‾‾J t=2.2s
TIGHT n=16 m=110 tag=Kn-oddH5 g6=O‾‾‾‾‾‾‾z‾v‾v‾z‾}N‾{^ t=2.8s
TIGHT n=16 m=109 tag=Kn-oddH6 g6=O‾‾‾‾‾‾‾z‾v‾v‾x‾‾F‾}¥ t=2.5s
TIGHT n=16 m=107 tag=Kn-oddH7 g6=O‾‾‾‾‾‾‾z‾v‾V‾w‾‾bz‾Z t=2.4s
TIGHT n=16 m=108 tag=Kn-oddH8 g6=O‾‾‾‾‾‾‾z‾v‾r‾{‾‾b‾‾X t=0.8s
TIGHT n=16 m=108 tag=Kn-oddH9 g6=O‾‾‾‾‾‾‾z‾v‾r‾{‾‾fn}¥ t=2.4s
TIGHT n=16 m=107 tag=Kn-oddH10 g6=O‾‾‾‾‾‾‾z‾v‾r‾{^nrz‾Z t=2.3s
TIGHT n=16 m=106 tag=Kn-oddH11 g6=O‾‾‾‾‾‾‾z‾v‾p‾}Nfzx‾^ t=1.2s
TIGHT n=16 m=106 tag=Kn-oddH12 g6=O‾‾‾‾‾‾‾z‾f‾r‾{^‾pz‾r t=2.3s
TIGHT n=16 m=106 tag=Kn-oddH13 g6=O‾‾‾‾‾‾‾z‾f‾r‾{‾^bz‾V t=2.5s
TIGHT n=16 m=105 tag=Kn-oddH14 g6=O‾‾‾‾‾‾‾z‾f‾p‾u^‾py‾v t=1.7s
TIGHT n=16 m=106 tag=Kn-oddH15 g6=O‾‾‾‾‾‾‾z‾r‾j‾{^‾p|‾r t=2.1s
TIGHT n=16 m=107 tag=Kn-oddH16 g6=O‾‾‾‾‾‾‾z‾r‾x‾}^‾p‾‾p t=2.5s
TIGHT n=16 m=107 tag=Kn-oddH17 g6=O‾‾‾‾‾‾‾z‾r‾x‾}^‾r^‾X t=0.8s
TIGHT n=16 m=106 tag=Kn-oddH18 g6=O‾‾‾‾‾‾‾z‾r‾x‾]^nr‾‾R t=2.8s
TIGHT n=16 m=106 tag=Kn-oddH19 g6=O‾‾‾‾‾‾‾z‾r‾x‾}Nnxz‾r t=2.7s
TIGHT n=16 m=106 tag=Kn-oddH20 g6=O‾‾‾‾‾‾‾z‾r‾x‾}Nvx|‾r t=2.1s
TIGHT n=16 m=106 tag=Kn-oddH21 g6=O‾‾‾‾‾‾‾z‾r‾x‾}N‾X‾vr t=2.2s
TIGHT n=16 m=106 tag=Kn-oddH22 g6=O‾‾‾‾‾‾‾z‾r‾x‾]}‾bz‾Z t=1.8s
TIGHT n=16 m=106 tag=Kn-oddH23 g6=O‾‾‾‾‾‾‾z‾r‾x‾}]nrz‾Z t=1.8s
TIGHT n=16 m=105 tag=Kn-oddH24 g6=O‾‾‾‾‾‾‾z‾r‾w‾^N‾wz‾f t=3.1s
TIGHT n=16 m=105 tag=Kn-oddH25 g6=O‾‾‾‾‾‾‾z‾r‾w‾nNnxx‾v t=2.9s
TIGHT n=16 m=105 tag=Kn-oddH26 g6=O‾‾‾‾‾‾‾z‾r‾w‾‾Ff|x‾v t=1.7s
TIGHT n=16 m=105 tag=Kn-oddH27 g6=O‾‾‾‾‾‾‾z‾r‾w‾‾Fr|{‾v t=1.1s
TIGHT n=16 m=105 tag=Kn-oddH28 g6=O‾‾‾‾‾‾‾z‾r‾w‾‾Fl|z^v t=6.1s
TIGHT n=16 m=105 tag=Kn-oddH29 g6=O‾‾‾‾‾‾‾z‾r‾w‾‾F|l‾Zv t=1.9s
TIGHT n=16 m=105 tag=Kn-oddH30 g6=O‾‾‾‾‾‾‾z‾r‾w‾‾Fn{z‾f t=0.9s
TIGHT n=16 m=105 tag=Kn-oddH31 g6=O‾‾‾‾‾‾‾z‾n}b‾{^‾pz‾f t=1.0s
TIGHT n=16 m=104 tag=Kn-oddH32 g6=O‾‾‾‾‾‾‾z‾p‾{^‾bb‾w‾‾ t=1.6s
TIGHT n=16 m=104 tag=Kn-oddH33 g6=O‾‾‾‾‾‾‾z‾p‾{^‾bp‾{^‾ t=2.2s
TIGHT n=16 m=104 tag=Kn-oddH34 g6=O‾‾‾‾‾‾‾z‾p‾{^‾bq‾{n‾ t=3.0s
TIGHT n=16 m=105 tag=Kn-oddH35 g6=O‾‾‾‾‾‾‾x‾j‾x‾}^^pz‾f t=1.9s
TIGHT n=16 m=104 tag=Kn-oddH36 g6=O‾‾‾‾‾‾‾x‾j‾w‾zN|xz‾f t=2.5s
TIGHT n=16 m=106 tag=Kn-oddH37 g6=O‾‾‾‾‾‾‾x‾x‾{‾‾N‾w‾‾p t=1.7s
TIGHT n=16 m=105 tag=Kn-oddH38 g6=O‾‾‾‾‾‾‾x‾x‾{‾^Nnx‾‾b t=1.5s
TIGHT n=16 m=105 tag=Kn-oddH39 g6=O‾‾‾‾‾‾‾x‾x‾{‾‾Lnxz‾r t=7.6s
TIGHT n=16 m=105 tag=Kn-oddH40 g6=O‾‾‾‾‾‾‾x‾x‾{‾‾Lzx}‾r t=2.2s
TIGHT n=16 m=104 tag=Kn-oddH41 g6=O‾‾‾‾‾‾‾x‾x‾[‾N^‾p|‾f t=1.4s
TIGHT n=16 m=104 tag=Kn-oddH42 g6=O‾‾‾‾‾‾‾x‾x‾[‾V^‾p}‾f t=0.7s
TIGHT n=16 m=104 tag=Kn-oddH43 g6=O‾‾‾‾‾‾‾x‾x‾[‾^Nzx}‾f t=2.7s
TIGHT n=16 m=104 tag=Kn-oddH44 g6=O‾‾‾‾‾‾‾x‾x‾V|{^‾py‾v t=2.4s
TIGHT n=16 m=104 tag=Kn-oddH45 g6=O‾‾‾‾‾‾‾x‾x‾r|{^‾p}^v t=1.1s
TIGHT n=16 m=104 tag=Kn-oddH46 g6=O‾‾‾‾‾‾‾x‾x‾¥|}Nvxx‾v t=0.9s
TIGHT n=16 m=104 tag=Kn-oddH47 g6=O‾‾‾‾‾‾‾x‾x‾t|}N|x}^v t=2.6s
TIGHT n=16 m=104 tag=Kn-oddH48 g6=O‾‾‾‾‾‾‾x‾x‾{|^Nvxx‾v t=1.6s
TIGHT n=16 m=104 tag=Kn-oddH49 g6=O‾‾‾‾‾‾‾x‾x‾{|‾Ff|x‾v t=2.4s
TIGHT n=16 m=104 tag=Kn-oddH50 g6=O‾‾‾‾‾‾‾x‾x‾{|‾Fx|}^v t=1.9s
TIGHT n=16 m=103 tag=Kn-oddH51 g6=O‾‾‾‾‾‾‾x‾h‾[‾‾Fx|}^n t=0.4s
TIGHT n=16 m=103 tag=Kn-oddH52 g6=O‾‾‾‾‾‾‾x‾w‾p‾u^‾p‾Nn t=1.0s
TIGHT n=16 m=103 tag=Kn-oddH53 g6=O‾‾‾‾‾‾‾x‾w‾u^R‾‾pz^n t=1.2s
TIGHT n=16 m=103 tag=Kn-oddH54 g6=O‾‾‾‾‾‾‾x‾j}w‾‾Fr|w‾‾ t=2.7s
TIGHT n=16 m=103 tag=Kn-oddH55 g6=O‾‾‾‾‾‾‾x‾x}{^‾bb‾w‾‾ t=1.2s
TIGHT n=16 m=103 tag=Kn-oddH56 g6=O‾‾‾‾‾‾‾x‾x}{^‾b}N‾b‾ t=1.0s
TIGHT n=16 m=102 tag=Kn-oddH57 g6=O‾‾‾‾‾‾‾w‾d‾R‾{^‾p{^‾ t=1.7s
TIGHT n=16 m=102 tag=Kn-oddH58 g6=O‾‾‾‾‾‾‾w‾d‾[‾‾Fx|{^‾ t=3.2s
TIGHT n=16 m=111 tag=Kn-oddH59 g6=O‾‾‾‾‾‾^|‾z‾z‾|‾‾^‾w‾ t=1.9s
TIGHT n=16 m=110 tag=Kn-oddH60 g6=O‾‾‾‾‾‾^|‾z‾z‾|‾‾N‾{} t=2.0s
TIGHT n=16 m=108 tag=Kn-oddH61 g6=O‾‾‾‾‾‾^|‾z‾z‾¥‾‾Fz}| t=2.2s
TIGHT n=16 m=109 tag=Kn-oddH62 g6=O‾‾‾‾‾‾^|‾z‾z‾{‾‾f‾}{ t=2.1s
TIGHT n=16 m=108 tag=Kn-oddH63 g6=O‾‾‾‾‾‾^|‾z‾z‾{‾nfz}| t=2.5s
TIGHT n=16 m=107 tag=Kn-oddH64 g6=O‾‾‾‾‾‾^|‾z‾z‾{^fvx}‾ t=1.9s
TIGHT n=16 m=107 tag=Kn-oddH65 g6=O‾‾‾‾‾‾^|‾z‾Z‾{‾‾bz‾x t=6.9s
TIGHT n=16 m=107 tag=Kn-oddH66 g6=O‾‾‾‾‾‾^|‾z‾Z‾{‾‾fr}z t=1.9s
TIGHT n=16 m=106 tag=Kn-oddH67 g6=O‾‾‾‾‾‾^|‾z‾Z‾L‾‾F|}z t=2.6s
TIGHT n=16 m=106 tag=Kn-oddH68 g6=O‾‾‾‾‾‾^|‾z‾Z‾{^vrx‾z t=1.9s
TIGHT n=16 m=106 tag=Kn-oddH69 g6=O‾‾‾‾‾‾^|‾z‾Z‾{^}rznz t=5.2s
TIGHT n=16 m=107 tag=Kn-oddH70 g6=O‾‾‾‾‾‾^|‾z‾x‾y‾‾b‾^x t=2.3s
TIGHT n=16 m=108 tag=Kn-oddH71 g6=O‾‾‾‾‾‾^|‾z‾x‾}^‾r‾‾w t=1.8s
TIGHT n=16 m=107 tag=Kn-oddH72 g6=O‾‾‾‾‾‾^|‾z‾x‾}^nrz‾x t=1.0s
TIGHT n=16 m=107 tag=Kn-oddH73 g6=O‾‾‾‾‾‾^|‾z‾x‾}^|r‾^x t=2.5s
TIGHT n=16 m=107 tag=Kn-oddH74 g6=O‾‾‾‾‾‾^|‾z‾x‾}^nvj}| t=3.0s
TIGHT n=16 m=106 tag=Kn-oddH75 g6=O‾‾‾‾‾‾^|‾z‾x‾]^fv|}z t=1.0s
TIGHT n=16 m=106 tag=Kn-oddH76 g6=O‾‾‾‾‾‾^|‾z‾x‾]^vrx‾z t=2.6s
TIGHT n=16 m=106 tag=Kn-oddH77 g6=O‾‾‾‾‾‾^|‾z‾x‾]^‾pz‾Z t=1.8s
TIGHT n=16 m=106 tag=Kn-oddH78 g6=O‾‾‾‾‾‾^|‾z‾x‾y^nrz^z t=2.2s
TIGHT n=16 m=106 tag=Kn-oddH79 g6=O‾‾‾‾‾‾^|‾z‾x‾}Nfzx‾z t=3.0s
TIGHT n=16 m=106 tag=Kn-oddH80 g6=O‾‾‾‾‾‾^|‾z‾x‾}Nlzz^z t=1.2s
TIGHT n=16 m=106 tag=Kn-oddH81 g6=O‾‾‾‾‾‾^|‾z‾x‾}N{z‾Nz t=0.6s
TIGHT n=16 m=106 tag=Kn-oddH82 g6=O‾‾‾‾‾‾^|‾z‾x‾}NnZzvz t=2.4s
TIGHT n=16 m=106 tag=Kn-oddH83 g6=O‾‾‾‾‾‾^|‾z‾x‾}Nnxz‾Z t=2.6s
TIGHT n=16 m=106 tag=Kn-oddH84 g6=O‾‾‾‾‾‾^|‾z‾x‾}^Fvx}‾ t=2.7s
TIGHT n=16 m=106 tag=Kn-oddH85 g6=O‾‾‾‾‾‾^|‾z‾^zw‾‾bz‾Z t=2.5s
TIGHT n=16 m=105 tag=Kn-oddH86 g6=O‾‾‾‾‾‾^|‾z‾J‾T‾‾F{}‾ t=3.4s
TIGHT n=16 m=105 tag=Kn-oddH87 g6=O‾‾‾‾‾‾^|‾z‾X‾m^zrw‾‾ t=2.4s
TIGHT n=16 m=105 tag=Kn-oddH88 g6=O‾‾‾‾‾‾^|‾z‾w‾Z^vrx^‾ t=1.8s
TIGHT n=16 m=105 tag=Kn-oddH89 g6=O‾‾‾‾‾‾^|‾z‾w‾^Nrzw‾‾ t=2.0s
TIGHT n=16 m=105 tag=Kn-oddH90 g6=O‾‾‾‾‾‾^|‾z‾w‾^Nvjxz‾ t=2.3s
TIGHT n=16 m=105 tag=Kn-oddH91 g6=O‾‾‾‾‾‾^|‾z‾w‾^Nvxx‾^ t=2.3s
TIGHT n=16 m=105 tag=Kn-oddH92 g6=O‾‾‾‾‾‾^|‾z‾w‾^Nvyx‾n t=3.5s
TIGHT n=16 m=105 tag=Kn-oddH93 g6=O‾‾‾‾‾‾^|‾z‾w‾zNfzx^‾ t=3.1s
TIGHT n=16 m=105 tag=Kn-oddH94 g6=O‾‾‾‾‾‾^|‾z‾w‾‾Fb‾w‾‾ t=2.8s
TIGHT n=16 m=105 tag=Kn-oddH95 g6=O‾‾‾‾‾‾^|‾z‾w‾‾Fd‾x^‾ t=2.3s
TIGHT n=16 m=105 tag=Kn-oddH96 g6=O‾‾‾‾‾‾^|‾z‾w‾‾Fk‾zN‾ t=2.3s
TIGHT n=16 m=105 tag=Kn-oddH97 g6=O‾‾‾‾‾‾^|‾z‾w‾‾F{^‾F‾ t=2.3s
TIGHT n=16 m=105 tag=Kn-oddH98 g6=O‾‾‾‾‾‾^|‾z‾w‾‾F{n‾J‾ t=1.6s
TIGHT n=16 m=105 tag=Kn-oddH99 g6=O‾‾‾‾‾‾^|‾j‾j‾¥}‾F|}z t=2.9s
TIGHT n=16 m=106 tag=Kn-oddH100 g6=O‾‾‾‾‾‾^|‾j‾x‾}^nv^}x t=2.4s
TIGHT n=16 m=106 tag=Kn-oddH101 g6=O‾‾‾‾‾‾^|‾j‾x‾}^‾rj‾t t=0.4s
TIGHT n=16 m=105 tag=Kn-oddH102 g6=O‾‾‾‾‾‾^|‾j‾x‾M‾‾b|‾r t=1.6s
TIGHT n=16 m=105 tag=Kn-oddH103 g6=O‾‾‾‾‾‾^|‾j‾x‾m^vrz‾r t=2.4s
TIGHT n=16 m=105 tag=Kn-oddH104 g6=O‾‾‾‾‾‾^|‾j‾x‾y^|rz‾r t=3.7s
TIGHT n=16 m=105 tag=Kn-oddH105 g6=O‾‾‾‾‾‾^|‾j‾x‾]}vf|}z t=2.2s
TIGHT n=16 m=105 tag=Kn-oddH106 g6=O‾‾‾‾‾‾^|‾j‾x‾m‾^bx‾v t=2.0s
TIGHT n=16 m=105 tag=Kn-oddH107 g6=O‾‾‾‾‾‾^|‾j‾x‾y‾^bz^v t=1.6s
TIGHT n=16 m=105 tag=Kn-oddH108 g6=O‾‾‾‾‾‾^|‾j‾x‾}^Fv|}v t=2.2s
TIGHT n=16 m=105 tag=Kn-oddH109 g6=O‾‾‾‾‾‾^|‾j‾x‾}^Vrx‾v t=2.9s
TIGHT n=16 m=105 tag=Kn-oddH110 g6=O‾‾‾‾‾‾^|‾j‾x‾}^¥rz^v t=0.2s
TIGHT n=16 m=104 tag=Kn-oddH111 g6=O‾‾‾‾‾‾^|‾j‾J‾{^zr{‾v t=2.6s
TIGHT n=16 m=104 tag=Kn-oddH112 g6=O‾‾‾‾‾‾^|‾j‾J‾{^|r|^v t=3.0s
TIGHT n=16 m=104 tag=Kn-oddH113 g6=O‾‾‾‾‾‾^|‾j‾J‾{^}r|nv t=3.0s
TIGHT n=16 m=104 tag=Kn-oddH114 g6=O‾‾‾‾‾‾^|‾j‾h‾i‾‾bz^v t=2.8s
TIGHT n=16 m=104 tag=Kn-oddH115 g6=O‾‾‾‾‾‾^|‾j‾h‾m^zry‾v t=2.4s
TIGHT n=16 m=104 tag=Kn-oddH116 g6=O‾‾‾‾‾‾^|‾j‾h‾m^|rz^v t=3.6s
TIGHT n=16 m=104 tag=Kn-oddH117 g6=O‾‾‾‾‾‾^|‾j‾h‾m^‾qz‾f t=0.9s
TIGHT n=16 m=104 tag=Kn-oddH118 g6=O‾‾‾‾‾‾^|‾j‾p‾e‾‾bx‾v t=2.1s
TIGHT n=16 m=104 tag=Kn-oddH119 g6=O‾‾‾‾‾‾^|‾j‾p‾u^vrx‾v t=1.5s
TIGHT n=16 m=104 tag=Kn-oddH120 g6=O‾‾‾‾‾‾^|‾j‾p‾uz‾bz‾V t=1.9s
TIGHT n=16 m=104 tag=Kn-oddH121 g6=O‾‾‾‾‾‾^|‾j‾w‾x^|rznv t=1.6s
TIGHT n=16 m=104 tag=Kn-oddH122 g6=O‾‾‾‾‾‾^|‾j‾w‾zNtzx‾v t=1.5s
TIGHT n=16 m=104 tag=Kn-oddH123 g6=O‾‾‾‾‾‾^|‾j‾Nzw‾‾b|‾V t=1.8s
TIGHT n=16 m=104 tag=Kn-oddH124 g6=O‾‾‾‾‾‾^|‾j‾Vzw‾‾b}‾V t=0.9s
TIGHT n=16 m=104 tag=Kn-oddH125 g6=O‾‾‾‾‾‾^|‾j‾N|w‾‾b|‾f t=2.9s
TIGHT n=16 m=104 tag=Kn-oddH126 g6=O‾‾‾‾‾‾^|‾j‾j|k‾‾bz‾f t=1.4s
TIGHT n=16 m=106 tag=Kn-oddH127 g6=O‾‾‾‾‾‾^|‾x‾t‾}^‾ru‾r t=3.2s
TIGHT n=16 m=105 tag=Kn-oddH128 g6=O‾‾‾‾‾‾^|‾x‾t‾]^nr}‾r t=3.1s
TIGHT n=16 m=105 tag=Kn-oddH129 g6=O‾‾‾‾‾‾^|‾x‾t‾]}‾by‾z t=2.6s
TIGHT n=16 m=106 tag=Kn-oddH130 g6=O‾‾‾‾‾‾^|‾x‾{‾‾NnzZ‾x t=2.2s
TIGHT n=16 m=105 tag=Kn-oddH131 g6=O‾‾‾‾‾‾^|‾x‾{‾N^fv‾}r t=5.2s
TIGHT n=16 m=105 tag=Kn-oddH132 g6=O‾‾‾‾‾‾^|‾x‾{‾^Nfz|‾r t=1.6s
TIGHT n=16 m=105 tag=Kn-oddH133 g6=O‾‾‾‾‾‾^|‾x‾{‾vNjzz‾r t=1.5s
TIGHT n=16 m=105 tag=Kn-oddH134 g6=O‾‾‾‾‾‾^|‾x‾{‾vNxz‾^r t=1.9s
TIGHT n=16 m=105 tag=Kn-oddH135 g6=O‾‾‾‾‾‾^|‾x‾{‾vNyz‾nr t=0.3s
TIGHT n=16 m=105 tag=Kn-oddH136 g6=O‾‾‾‾‾‾^|‾x‾{‾^Znr‾‾R t=2.3s
TIGHT n=16 m=105 tag=Kn-oddH137 g6=O‾‾‾‾‾‾^|‾x‾{‾N}‾bx‾z t=2.6s
TIGHT n=16 m=105 tag=Kn-oddH138 g6=O‾‾‾‾‾‾^|‾x‾{‾¥}‾bznz t=1.5s
TIGHT n=16 m=105 tag=Kn-oddH139 g6=O‾‾‾‾‾‾^|‾x‾{‾t}‾b}nz t=0.6s
TIGHT n=16 m=105 tag=Kn-oddH140 g6=O‾‾‾‾‾‾^|‾x‾{‾{}‾b‾fz t=1.7s
TIGHT n=16 m=105 tag=Kn-oddH141 g6=O‾‾‾‾‾‾^|‾x‾{‾^]fv|}z t=1.4s
TIGHT n=16 m=105 tag=Kn-oddH142 g6=O‾‾‾‾‾‾^|‾x‾{‾^]vrx‾z t=1.6s
TIGHT n=16 m=105 tag=Kn-oddH143 g6=O‾‾‾‾‾‾^|‾x‾{‾^]zry‾z t=3.0s
TIGHT n=16 m=105 tag=Kn-oddH144 g6=O‾‾‾‾‾‾^|‾x‾{‾^]}rznz t=2.8s
TIGHT n=16 m=105 tag=Kn-oddH145 g6=O‾‾‾‾‾‾^|‾x‾{‾^]‾pz‾Z t=2.1s
TIGHT n=16 m=105 tag=Kn-oddH146 g6=O‾‾‾‾‾‾^|‾x‾{‾v]|r}^z t=2.5s
TIGHT n=16 m=105 tag=Kn-oddH147 g6=O‾‾‾‾‾‾^|‾x‾{‾|]nrznz t=1.7s
TIGHT n=16 m=105 tag=Kn-oddH148 g6=O‾‾‾‾‾‾^|‾x‾{‾|]‾R‾fz t=2.8s
TIGHT n=16 m=105 tag=Kn-oddH149 g6=O‾‾‾‾‾‾^|‾x‾{‾‾Mfzx‾z t=2.8s
TIGHT n=16 m=105 tag=Kn-oddH150 g6=O‾‾‾‾‾‾^|‾x‾{‾‾Mxz}^z t=2.2s
TIGHT n=16 m=105 tag=Kn-oddH151 g6=O‾‾‾‾‾‾^|‾x‾{‾‾Mmzznz t=0.9s
TIGHT n=16 m=105 tag=Kn-oddH152 g6=O‾‾‾‾‾‾^|‾x‾{‾‾M}Z‾fz t=2.3s
TIGHT n=16 m=105 tag=Kn-oddH153 g6=O‾‾‾‾‾‾^|‾x‾{‾‾Mnxz‾Z t=1.8s
TIGHT n=16 m=105 tag=Kn-oddH154 g6=O‾‾‾‾‾‾^|‾x‾{‾^y‾bz‾Z t=1.4s
TIGHT n=16 m=104 tag=Kn-oddH155 g6=O‾‾‾‾‾‾^|‾x‾T‾M‾‾b{‾v t=3.0s
TIGHT n=16 m=104 tag=Kn-oddH156 g6=O‾‾‾‾‾‾^|‾x‾T‾e‾‾bx‾v t=1.0s
TIGHT n=16 m=104 tag=Kn-oddH157 g6=O‾‾‾‾‾‾^|‾x‾[‾F‾‾b{‾v t=2.1s
TIGHT n=16 m=104 tag=Kn-oddH158 g6=O‾‾‾‾‾‾^|‾x‾[‾R‾‾b}^v t=1.8s
TIGHT n=16 m=104 tag=Kn-oddH159 g6=O‾‾‾‾‾‾^|‾x‾[‾N^zr{‾v t=1.3s
TIGHT n=16 m=104 tag=Kn-oddH160 g6=O‾‾‾‾‾‾^|‾x‾[‾N^}r|nv t=2.3s
TIGHT n=16 m=104 tag=Kn-oddH161 g6=O‾‾‾‾‾‾^|‾x‾[‾N^‾p|‾V t=2.6s
TIGHT n=16 m=104 tag=Kn-oddH162 g6=O‾‾‾‾‾‾^|‾x‾[‾^Nrz{‾v t=1.8s
TIGHT n=16 m=104 tag=Kn-oddH163 g6=O‾‾‾‾‾‾^|‾x‾[‾^Nvx|‾V t=1.3s
TIGHT n=16 m=104 tag=Kn-oddH164 g6=O‾‾‾‾‾‾^|‾x‾s‾F‾‾bx‾v t=0.7s
TIGHT n=16 m=104 tag=Kn-oddH165 g6=O‾‾‾‾‾‾^|‾x‾s‾T‾‾bznv t=2.6s
TIGHT n=16 m=104 tag=Kn-oddH166 g6=O‾‾‾‾‾‾^|‾x‾s‾V^vrx‾v t=2.7s
TIGHT n=16 m=104 tag=Kn-oddH167 g6=O‾‾‾‾‾‾^|‾x‾s‾V^‾bzzv t=0.6s
TIGHT n=16 m=104 tag=Kn-oddH168 g6=O‾‾‾‾‾‾^|‾x‾s‾r^nrz^v t=1.5s
TIGHT n=16 m=104 tag=Kn-oddH169 g6=O‾‾‾‾‾‾^|‾x‾s‾vNfzx‾v t=1.6s
TIGHT n=16 m=104 tag=Kn-oddH170 g6=O‾‾‾‾‾‾^|‾x‾s‾vNlzz^v t=2.4s
TIGHT n=16 m=104 tag=Kn-oddH171 g6=O‾‾‾‾‾‾^|‾x‾s‾vNmzznv t=1.5s
TIGHT n=16 m=104 tag=Kn-oddH172 g6=O‾‾‾‾‾‾^|‾x‾s‾vN}Z‾fv t=2.7s
TIGHT n=16 m=104 tag=Kn-oddH173 g6=O‾‾‾‾‾‾^|‾x‾{^¥nuzx‾v t=2.9s
TIGHT n=16 m=104 tag=Kn-oddH174 g6=O‾‾‾‾‾‾^|‾x‾{^tnmzy‾v t=1.9s
TIGHT n=16 m=104 tag=Kn-oddH175 g6=O‾‾‾‾‾‾^|‾x‾{^|fe‾x‾v t=1.4s
TIGHT n=16 m=104 tag=Kn-oddH176 g6=O‾‾‾‾‾‾^|‾x‾{^|fi‾y‾v t=1.5s
TIGHT n=16 m=104 tag=Kn-oddH177 g6=O‾‾‾‾‾‾^|‾x‾{^|fm^zvv t=0.7s
TIGHT n=16 m=104 tag=Kn-oddH178 g6=O‾‾‾‾‾‾^|‾x‾{^|fy^}vv t=2.6s
TIGHT n=16 m=104 tag=Kn-oddH179 g6=O‾‾‾‾‾‾^|‾x‾{^|f}N‾rv t=1.4s
TIGHT n=16 m=104 tag=Kn-oddH180 g6=O‾‾‾‾‾‾^|‾x‾¥z]^vr|‾V t=2.7s
TIGHT n=16 m=104 tag=Kn-oddH181 g6=O‾‾‾‾‾‾^|‾x‾V}{^‾py‾^ t=3.4s
TIGHT n=16 m=104 tag=Kn-oddH182 g6=O‾‾‾‾‾‾^|‾x‾¥}q‾‾by^‾ t=4.9s
TIGHT n=16 m=104 tag=Kn-oddH183 g6=O‾‾‾‾‾‾^|‾x‾¥}m^‾qx‾n t=4.5s
TIGHT n=16 m=104 tag=Kn-oddH184 g6=O‾‾‾‾‾‾^|‾x‾¥}u^vrw‾‾ t=3.1s
TIGHT n=16 m=104 tag=Kn-oddH185 g6=O‾‾‾‾‾‾^|‾x‾¥}u^|ry^‾ t=3.4s
TIGHT n=16 m=104 tag=Kn-oddH186 g6=O‾‾‾‾‾‾^|‾x‾¥}{^vrxn‾ t=2.3s
TIGHT n=16 m=104 tag=Kn-oddH187 g6=O‾‾‾‾‾‾^|‾x‾¥}}Nrzw‾‾ t=3.9s
TIGHT n=16 m=104 tag=Kn-oddH188 g6=O‾‾‾‾‾‾^|‾x‾¥}}Nuzxn‾ t=3.8s
TIGHT n=16 m=104 tag=Kn-oddH189 g6=O‾‾‾‾‾‾^|‾x‾¥}}NvZxv‾ t=3.1s
TIGHT n=16 m=104 tag=Kn-oddH190 g6=O‾‾‾‾‾‾^|‾x‾¥}}Nvxx‾^ t=1.0s
TIGHT n=16 m=104 tag=Kn-oddH191 g6=O‾‾‾‾‾‾^|‾x‾¥}}N}xzn^ t=1.8s
TIGHT n=16 m=104 tag=Kn-oddH192 g6=O‾‾‾‾‾‾^|‾x‾¥}}Nvyx‾n t=0.3s
TIGHT n=16 m=104 tag=Kn-oddH193 g6=O‾‾‾‾‾‾^|‾x‾¥}}Zvrx‾^ t=0.6s
TIGHT n=16 m=104 tag=Kn-oddH194 g6=O‾‾‾‾‾‾^|‾x‾t}y^nry^‾ t=1.8s
TIGHT n=16 m=104 tag=Kn-oddH195 g6=O‾‾‾‾‾‾^|‾x‾t}}Nlzy^‾ t=1.9s
TIGHT n=16 m=104 tag=Kn-oddH196 g6=O‾‾‾‾‾‾^|‾x‾t}}N{z}N‾ t=2.6s
TIGHT n=16 m=104 tag=Kn-oddH197 g6=O‾‾‾‾‾‾^|‾x‾{}r^nry^‾ t=3.2s
TIGHT n=16 m=104 tag=Kn-oddH198 g6=O‾‾‾‾‾‾^|‾x‾{}^Nrzw‾‾ t=2.7s
TIGHT n=16 m=104 tag=Kn-oddH199 g6=O‾‾‾‾‾‾^|‾x‾{}^Nvjxz‾ t=3.2s
TIGHT n=16 m=104 tag=Kn-oddH200 g6=O‾‾‾‾‾‾^|‾x‾{}^Nvxx‾^ t=3.0s
TIGHT n=16 m=104 tag=Kn-oddH201 g6=O‾‾‾‾‾‾^|‾x‾{}^Nvyx‾n t=1.8s
TIGHT n=16 m=104 tag=Kn-oddH202 g6=O‾‾‾‾‾‾^|‾x‾{}vNfzw‾‾ t=2.1s
TIGHT n=16 m=104 tag=Kn-oddH203 g6=O‾‾‾‾‾‾^|‾x‾{}vNlzy^‾ t=2.4s
TIGHT n=16 m=104 tag=Kn-oddH204 g6=O‾‾‾‾‾‾^|‾x‾{}‾Fb‾w‾‾ t=2.6s
TIGHT n=16 m=104 tag=Kn-oddH205 g6=O‾‾‾‾‾‾^|‾x‾{}‾Fw‾}N‾ t=1.2s
TIGHT n=16 m=104 tag=Kn-oddH206 g6=O‾‾‾‾‾‾^|‾x‾{}‾Ffnxz‾ t=3.2s
TIGHT n=16 m=104 tag=Kn-oddH207 g6=O‾‾‾‾‾‾^|‾x‾{}‾Fnfzx‾ t=2.6s
TIGHT n=16 m=104 tag=Kn-oddH208 g6=O‾‾‾‾‾‾^|‾x‾{}‾F‾b‾w‾ t=1.0s
TIGHT n=16 m=105 tag=Kn-oddH209 g6=O‾‾‾‾‾‾^|‾n|r‾{‾^bz‾V t=1.9s
TIGHT n=16 m=104 tag=Kn-oddH210 g6=O‾‾‾‾‾‾^|‾n|b‾k‾‾bz‾V t=1.7s
TIGHT n=16 m=103 tag=Kn-oddH211 g6=O‾‾‾‾‾‾^|‾h‾R‾{^vr{^‾ t=1.4s
TIGHT n=16 m=103 tag=Kn-oddH212 g6=O‾‾‾‾‾‾^|‾h‾L‾q‾‾b{^‾ t=0.8s
TIGHT n=16 m=103 tag=Kn-oddH213 g6=O‾‾‾‾‾‾^|‾h‾L‾u^|r{^‾ t=0.2s
TIGHT n=16 m=103 tag=Kn-oddH214 g6=O‾‾‾‾‾‾^|‾h‾L‾{z‾b|n^ t=1.2s
TIGHT n=16 m=103 tag=Kn-oddH215 g6=O‾‾‾‾‾‾^|‾h‾T‾}Ntz{^‾ t=2.6s
TIGHT n=16 m=103 tag=Kn-oddH216 g6=O‾‾‾‾‾‾^|‾h‾[‾r^vr{^‾ t=2.0s
TIGHT n=16 m=103 tag=Kn-oddH217 g6=O‾‾‾‾‾‾^|‾h‾[‾vNvx{‾^ t=2.0s
TIGHT n=16 m=103 tag=Kn-oddH218 g6=O‾‾‾‾‾‾^|‾h‾[‾‾Fxn}Z‾ t=2.5s
TIGHT n=16 m=103 tag=Kn-oddH219 g6=O‾‾‾‾‾‾^|‾h‾[‾‾Fvf|x‾ t=2.3s
TIGHT n=16 m=103 tag=Kn-oddH220 g6=O‾‾‾‾‾‾^|‾h‾[‾‾F‾b‾w‾ t=3.1s
TIGHT n=16 m=103 tag=Kn-oddH221 g6=O‾‾‾‾‾‾^|‾h‾[‾rz‾b}^^ t=1.0s
TIGHT n=16 m=103 tag=Kn-oddH222 g6=O‾‾‾‾‾‾^|‾w‾R‾e‾‾bx^‾ t=2.9s
TIGHT n=16 m=103 tag=Kn-oddH223 g6=O‾‾‾‾‾‾^|‾w‾p‾U‾‾bzN‾ t=1.8s
TIGHT n=16 m=103 tag=Kn-oddH224 g6=O‾‾‾‾‾‾^|‾w‾U‾e‾‾bxv‾ t=2.0s
TIGHT n=16 m=103 tag=Kn-oddH225 g6=O‾‾‾‾‾‾^|‾w‾U‾f^‾Rxv‾ t=1.6s
TIGHT n=16 m=103 tag=Kn-oddH226 g6=O‾‾‾‾‾‾^|‾w‾U‾f|‾bx‾n t=1.3s
TIGHT n=16 m=103 tag=Kn-oddH227 g6=O‾‾‾‾‾‾^|‾w‾q‾F‾‾bx^‾ t=1.9s
TIGHT n=16 m=103 tag=Kn-oddH228 g6=O‾‾‾‾‾‾^|‾w‾q‾T‾‾bzN‾ t=1.7s
TIGHT n=16 m=103 tag=Kn-oddH229 g6=O‾‾‾‾‾‾^|‾w‾q‾s‾‾b‾F‾ t=3.3s
TIGHT n=16 m=103 tag=Kn-oddH230 g6=O‾‾‾‾‾‾^|‾w‾q‾vNfzx^‾ t=2.9s
TIGHT n=16 m=103 tag=Kn-oddH231 g6=O‾‾‾‾‾‾^|‾w‾q‾vNmzzN‾ t=0.9s
TIGHT n=16 m=103 tag=Kn-oddH232 g6=O‾‾‾‾‾‾^|‾w‾q‾vN}Z‾F‾ t=2.4s
TIGHT n=16 m=103 tag=Kn-oddH233 g6=O‾‾‾‾‾‾^|‾w‾u^F‾|rx^‾ t=1.8s
TIGHT n=16 m=103 tag=Kn-oddH234 g6=O‾‾‾‾‾‾^|‾w‾u^R‾vrx^‾ t=1.8s
TIGHT n=16 m=103 tag=Kn-oddH235 g6=O‾‾‾‾‾‾^|‾w‾u^Vntzx^‾ t=2.9s
TIGHT n=16 m=103 tag=Kn-oddH236 g6=O‾‾‾‾‾‾^|‾w‾u^Vn{zzN‾ t=1.4s
TIGHT n=16 m=103 tag=Kn-oddH237 g6=O‾‾‾‾‾‾^|‾w‾u^Vnvrx|‾ t=2.6s
TIGHT n=16 m=103 tag=Kn-oddH238 g6=O‾‾‾‾‾‾^|‾w‾u^Vnvxx‾^ t=2.8s
TIGHT n=16 m=103 tag=Kn-oddH239 g6=O‾‾‾‾‾‾^|‾w‾u^vfd‾x^‾ t=1.9s
TIGHT n=16 m=103 tag=Kn-oddH240 g6=O‾‾‾‾‾‾^|‾w‾u^Vz|rz^^ t=1.4s
TIGHT n=16 m=103 tag=Kn-oddH241 g6=O‾‾‾‾‾‾^|‾f|V|w‾‾b|‾N t=1.4s
TIGHT n=16 m=103 tag=Kn-oddH242 g6=O‾‾‾‾‾‾^|‾j|R‾{^vr{‾^ t=0.9s
TIGHT n=16 m=103 tag=Kn-oddH243 g6=O‾‾‾‾‾‾^|‾j|X‾}Nrz{‾^ t=3.0s
TIGHT n=16 m=103 tag=Kn-oddH244 g6=O‾‾‾‾‾‾^|‾j|N|w‾‾b|‾N t=1.0s
TIGHT n=16 m=105 tag=Kn-oddH245 g6=O‾‾‾‾‾‾^x‾x‾{‾‾Nny‾‾p t=2.2s
TIGHT n=16 m=104 tag=Kn-oddH246 g6=O‾‾‾‾‾‾^x‾x‾{‾N|‾b|‾r t=3.0s
TIGHT n=16 m=104 tag=Kn-oddH247 g6=O‾‾‾‾‾‾^x‾x‾{‾^¥zr}‾r t=1.8s
TIGHT n=16 m=104 tag=Kn-oddH248 g6=O‾‾‾‾‾‾^x‾x‾{‾v]zrz‾j t=1.7s
TIGHT n=16 m=104 tag=Kn-oddH249 g6=O‾‾‾‾‾‾^x‾x‾{‾v]‾ri‾n t=1.8s
TIGHT n=16 m=104 tag=Kn-oddH250 g6=O‾‾‾‾‾‾^x‾x‾{‾|]}rz‾j t=3.2s
TIGHT n=16 m=104 tag=Kn-oddH251 g6=O‾‾‾‾‾‾^x‾x‾{‾|]‾rjnn t=3.1s
TIGHT n=16 m=103 tag=Kn-oddH252 g6=O‾‾‾‾‾‾^x‾x‾p‾q‾‾bz‾f t=1.7s
TIGHT n=16 m=103 tag=Kn-oddH253 g6=O‾‾‾‾‾‾^x‾x‾k‾nNzyy‾v t=1.0s
TIGHT n=16 m=103 tag=Kn-oddH254 g6=O‾‾‾‾‾‾^x‾x‾k‾nZnr‾‾F t=0.4s
TIGHT n=16 m=103 tag=Kn-oddH255 g6=O‾‾‾‾‾‾^x‾x‾k‾nZ‾pz‾f t=1.2s
TIGHT n=16 m=103 tag=Kn-oddH256 g6=O‾‾‾‾‾‾^x‾x‾s‾r^|rz‾f t=2.5s
TIGHT n=16 m=103 tag=Kn-oddH257 g6=O‾‾‾‾‾‾^x‾x‾s‾r^‾rZ^n t=2.5s
TIGHT n=16 m=103 tag=Kn-oddH258 g6=O‾‾‾‾‾‾^x‾x‾s‾t^}rz‾f t=2.7s
TIGHT n=16 m=103 tag=Kn-oddH259 g6=O‾‾‾‾‾‾^x‾x‾s‾vN|zZ^n t=2.1s
TIGHT n=16 m=103 tag=Kn-oddH260 g6=O‾‾‾‾‾‾^x‾x‾s‾vN}zZnn t=4.1s
TIGHT n=16 m=103 tag=Kn-oddH261 g6=O‾‾‾‾‾‾^x‾x‾Nz{z‾b|‾f t=3.3s
TIGHT n=16 m=103 tag=Kn-oddH262 g6=O‾‾‾‾‾‾^x‾x‾N|{z‾b|‾V t=3.3s
TIGHT n=16 m=103 tag=Kn-oddH263 g6=O‾‾‾‾‾‾^x‾x‾f}k‾‾by‾n t=1.8s
TIGHT n=16 m=103 tag=Kn-oddH264 g6=O‾‾‾‾‾‾^x‾x‾f}s‾‾bx‾n t=2.7s
TIGHT n=16 m=103 tag=Kn-oddH265 g6=O‾‾‾‾‾‾^x‾x‾r}s‾‾bz^n t=2.6s
TIGHT n=16 m=103 tag=Kn-oddH266 g6=O‾‾‾‾‾‾^x‾x‾l}k‾‾bznn t=4.0s
TIGHT n=16 m=103 tag=Kn-oddH267 g6=O‾‾‾‾‾‾^x‾x‾t}q‾‾bz^n t=1.1s
TIGHT n=16 m=103 tag=Kn-oddH268 g6=O‾‾‾‾‾‾^x‾x‾t}u^|rz^n t=1.3s
TIGHT n=16 m=103 tag=Kn-oddH269 g6=O‾‾‾‾‾‾^x‾x‾{}Nz‾b|‾N t=0.4s
TIGHT n=16 m=102 tag=Kn-oddH270 g6=O‾‾‾‾‾‾^x‾b‾fzw‾‾b}‾N t=2.0s
TIGHT n=16 m=102 tag=Kn-oddH271 g6=O‾‾‾‾‾‾^x‾p‾k‾R‾‾b}^n t=3.8s
TIGHT n=16 m=102 tag=Kn-oddH272 g6=O‾‾‾‾‾‾^x‾p‾k‾‾L‾bzx‾ t=0.9s
TIGHT n=16 m=102 tag=Kn-oddH273 g6=O‾‾‾‾‾‾^x‾p‾fzs‾‾bz‾N t=3.2s
TIGHT n=16 m=102 tag=Kn-oddH274 g6=O‾‾‾‾‾‾^x‾p‾lz[‾‾b‾nN t=1.9s
TIGHT n=16 m=102 tag=Kn-oddH275 g6=O‾‾‾‾‾‾^x‾w‾p‾u^|rznn t=2.0s
TIGHT n=16 m=102 tag=Kn-oddH276 g6=O‾‾‾‾‾‾^x‾w‾q‾p‾‾bznn t=2.9s
TIGHT n=16 m=102 tag=Kn-oddH277 g6=O‾‾‾‾‾‾^x‾w‾q‾r^}rznn t=0.4s
TIGHT n=16 m=102 tag=Kn-oddH278 g6=O‾‾‾‾‾‾^x‾w‾q‾vN{zznn t=0.4s
TIGHT n=16 m=102 tag=Kn-oddH279 g6=O‾‾‾‾‾‾^x‾w‾u^fnvrz|n t=2.8s
TIGHT n=16 m=102 tag=Kn-oddH280 g6=O‾‾‾‾‾‾^x‾j}w‾nNzx{‾^ t=2.9s
TIGHT n=16 m=102 tag=Kn-oddH281 g6=O‾‾‾‾‾‾^x‾j}w‾‾F{^‾F‾ t=1.2s
TIGHT n=16 m=102 tag=Kn-oddH282 g6=O‾‾‾‾‾‾^x‾j}w‾‾Fr|{‾^ t=1.3s
TIGHT n=16 m=104 tag=Kn-oddH283 g6=O‾‾‾‾‾‾^{‾t‾¥‾]‾^b|‾f t=3.2s
TIGHT n=16 m=104 tag=Kn-oddH284 g6=O‾‾‾‾‾‾^{‾t‾{‾^^Nr|‾f t=3.3s
TIGHT n=16 m=104 tag=Kn-oddH285 g6=O‾‾‾‾‾‾^{‾t‾{‾v^Zr|‾f t=4.3s
TIGHT n=16 m=104 tag=Kn-oddH286 g6=O‾‾‾‾‾‾^{‾t‾{‾‾NNyx‾v t=2.1s
TIGHT n=16 m=103 tag=Kn-oddH287 g6=O‾‾‾‾‾‾^{‾t‾s‾vNfzz‾f t=3.3s
TIGHT n=16 m=103 tag=Kn-oddH288 g6=O‾‾‾‾‾‾^{‾t‾s‾vNnyx‾v t=3.5s
TIGHT n=16 m=103 tag=Kn-oddH289 g6=O‾‾‾‾‾‾^{‾t‾s‾vNnzX‾n t=1.0s
TIGHT n=16 m=103 tag=Kn-oddH290 g6=O‾‾‾‾‾‾^{‾t‾¥z]^‾p|‾f t=0.4s
TIGHT n=16 m=103 tag=Kn-oddH291 g6=O‾‾‾‾‾‾^{‾t‾¥z]z‾b|‾f t=7.1s
TIGHT n=16 m=103 tag=Kn-oddH292 g6=O‾‾‾‾‾‾^{‾t‾N|s‾‾by‾v t=2.7s
TIGHT n=16 m=103 tag=Kn-oddH293 g6=O‾‾‾‾‾‾^{‾t‾V|s‾‾bx‾v t=1.1s
TIGHT n=16 m=103 tag=Kn-oddH294 g6=O‾‾‾‾‾‾^{‾t‾j|{^nrz^v t=2.5s
TIGHT n=16 m=103 tag=Kn-oddH295 g6=O‾‾‾‾‾‾^{‾t‾r|{}‾b{^‾ t=1.2s
TIGHT n=16 m=103 tag=Kn-oddH296 g6=O‾‾‾‾‾‾^{‾t‾x|]}‾bx^‾ t=0.4s
TIGHT n=16 m=104 tag=Kn-oddH297 g6=O‾‾‾‾‾‾^{‾{‾}^f|vr}‾r t=1.4s
TIGHT n=16 m=104 tag=Kn-oddH298 g6=O‾‾‾‾‾‾^{‾{‾}^Z||rz‾r t=1.6s
TIGHT n=16 m=104 tag=Kn-oddH299 g6=O‾‾‾‾‾‾^{‾{‾}^j|vr‾^r t=2.0s
TIGHT n=16 m=104 tag=Kn-oddH300 g6=O‾‾‾‾‾‾^{‾{‾}^j||r|‾r t=2.1s
TIGHT n=16 m=104 tag=Kn-oddH301 g6=O‾‾‾‾‾‾^{‾{‾}^x||r‾nr t=4.1s
TIGHT n=16 m=104 tag=Kn-oddH302 g6=O‾‾‾‾‾‾^{‾{‾}^y||r‾vr t=1.9s
TIGHT n=16 m=104 tag=Kn-oddH303 g6=O‾‾‾‾‾‾^{‾{‾}^zlnzj^v t=3.1s
TIGHT n=16 m=104 tag=Kn-oddH304 g6=O‾‾‾‾‾‾^{‾{‾}^‾df‾X‾z t=1.2s
TIGHT n=16 m=104 tag=Kn-oddH305 g6=O‾‾‾‾‾‾^{‾{‾}^‾dr‾[‾z t=1.2s
TIGHT n=16 m=104 tag=Kn-oddH306 g6=O‾‾‾‾‾‾^{‾{‾}^‾d{‾^Nz t=1.1s
TIGHT n=16 m=104 tag=Kn-oddH307 g6=O‾‾‾‾‾‾^{‾{‾}^‾dn^Zvz t=1.3s
TIGHT n=16 m=104 tag=Kn-oddH308 g6=O‾‾‾‾‾‾^{‾{‾}^‾d|^^Vz t=2.7s
TIGHT n=16 m=104 tag=Kn-oddH309 g6=O‾‾‾‾‾‾^{‾{‾}^‾dn|Z‾Z t=2.5s
TIGHT n=16 m=104 tag=Kn-oddH310 g6=O‾‾‾‾‾‾^{‾{‾}^^xnr‾‾R t=7.4s
TIGHT n=16 m=103 tag=Kn-oddH311 g6=O‾‾‾‾‾‾^{‾{‾e‾f^‾R‾vf t=1.1s
TIGHT n=16 m=103 tag=Kn-oddH312 g6=O‾‾‾‾‾‾^{‾{‾i‾J‾‾bz‾f t=3.1s
TIGHT n=16 m=103 tag=Kn-oddH313 g6=O‾‾‾‾‾‾^{‾{‾]^F‾vr}‾f t=1.3s
TIGHT n=16 m=103 tag=Kn-oddH314 g6=O‾‾‾‾‾‾^{‾{‾]^J‾vr‾^f t=3.4s
TIGHT n=16 m=103 tag=Kn-oddH315 g6=O‾‾‾‾‾‾^{‾{‾]^]^‾R‾zf t=3.3s
TIGHT n=16 m=103 tag=Kn-oddH316 g6=O‾‾‾‾‾‾^{‾{‾]^]^‾q‾rv t=1.6s
TIGHT n=16 m=103 tag=Kn-oddH317 g6=O‾‾‾‾‾‾^{‾{‾]^^ft}|^v t=4.2s
TIGHT n=16 m=103 tag=Kn-oddH318 g6=O‾‾‾‾‾‾^{‾{‾]^^f{}‾Nv t=3.2s
TIGHT n=16 m=103 tag=Kn-oddH319 g6=O‾‾‾‾‾‾^{‾{‾]^^f‾M‾rv t=3.2s
TIGHT n=16 m=103 tag=Kn-oddH320 g6=O‾‾‾‾‾‾^{‾{‾m^J‾|rz‾f t=2.8s
TIGHT n=16 m=103 tag=Kn-oddH321 g6=O‾‾‾‾‾‾^{‾{‾m^M‾‾Rz‾f t=2.5s
TIGHT n=16 m=103 tag=Kn-oddH322 g6=O‾‾‾‾‾‾^{‾{‾m^e‾zr‾vf t=1.2s
TIGHT n=16 m=103 tag=Kn-oddH323 g6=O‾‾‾‾‾‾^{‾{‾m^e‾‾R}‾f t=2.7s
TIGHT n=16 m=103 tag=Kn-oddH324 g6=O‾‾‾‾‾‾^{‾{‾m^e‾‾q}vv t=2.8s
TIGHT n=16 m=103 tag=Kn-oddH325 g6=O‾‾‾‾‾‾^{‾{‾m^i‾|r‾vf t=3.5s
TIGHT n=16 m=103 tag=Kn-oddH326 g6=O‾‾‾‾‾‾^{‾{‾m^i‾‾R‾^f t=2.7s
TIGHT n=16 m=103 tag=Kn-oddH327 g6=O‾‾‾‾‾‾^{‾{‾m^NnzzY‾n t=0.9s
TIGHT n=16 m=103 tag=Kn-oddH328 g6=O‾‾‾‾‾‾^{‾{‾m^fnnyy‾v t=3.0s
TIGHT n=16 m=103 tag=Kn-oddH329 g6=O‾‾‾‾‾‾^{‾{‾m^fn‾q}|v t=3.1s
TIGHT n=16 m=103 tag=Kn-oddH330 g6=O‾‾‾‾‾‾^{‾{‾m^fnnzY‾n t=3.3s
TIGHT n=16 m=103 tag=Kn-oddH331 g6=O‾‾‾‾‾‾^{‾{‾m^jnlzz‾f t=2.0s
TIGHT n=16 m=103 tag=Kn-oddH332 g6=O‾‾‾‾‾‾^{‾{‾m^jnnyz^v t=3.3s
TIGHT n=16 m=103 tag=Kn-oddH333 g6=O‾‾‾‾‾‾^{‾{‾m^jnnzZ^n t=4.8s
TIGHT n=16 m=103 tag=Kn-oddH334 g6=O‾‾‾‾‾‾^{‾{‾m^nf{}‾Nv t=2.4s
TIGHT n=16 m=103 tag=Kn-oddH335 g6=O‾‾‾‾‾‾^{‾{‾m^nfz]}vv t=2.0s
TIGHT n=16 m=103 tag=Kn-oddH336 g6=O‾‾‾‾‾‾^{‾{‾m^nf‾M‾rv t=1.8s
TIGHT n=16 m=103 tag=Kn-oddH337 g6=O‾‾‾‾‾‾^{‾{‾m^nfn{z‾V t=1.3s
TIGHT n=16 m=103 tag=Kn-oddH338 g6=O‾‾‾‾‾‾^{‾{‾m^nfl‾Z^n t=1.4s
TIGHT n=16 m=103 tag=Kn-oddH339 g6=O‾‾‾‾‾‾^{‾{‾}N}N‾J‾|f t=0.9s
TIGHT n=16 m=103 tag=Kn-oddH340 g6=O‾‾‾‾‾‾^{‾{‾]z]^‾R‾‾F t=1.6s
TIGHT n=16 m=103 tag=Kn-oddH341 g6=O‾‾‾‾‾‾^{‾{‾]z]^‾p‾vf t=3.1s
TIGHT n=16 m=103 tag=Kn-oddH342 g6=O‾‾‾‾‾‾^{‾{‾]z]^‾q‾vV t=1.8s
TIGHT n=16 m=103 tag=Kn-oddH343 g6=O‾‾‾‾‾‾^{‾{‾]z]z‾b‾vf t=3.5s
TIGHT n=16 m=103 tag=Kn-oddH344 g6=O‾‾‾‾‾‾^{‾{‾]z^Z‾R‾vf t=3.0s
TIGHT n=16 m=103 tag=Kn-oddH345 g6=O‾‾‾‾‾‾^{‾{‾N|i‾‾bz^v t=1.4s
TIGHT n=16 m=103 tag=Kn-oddH346 g6=O‾‾‾‾‾‾^{‾{‾N|m^|rz^v t=2.0s
TIGHT n=16 m=103 tag=Kn-oddH347 g6=O‾‾‾‾‾‾^{‾{‾N|m^‾pz‾V t=3.3s
TIGHT n=16 m=103 tag=Kn-oddH348 g6=O‾‾‾‾‾‾^{‾{‾f|m^‾R}vv t=2.3s
TIGHT n=16 m=103 tag=Kn-oddH349 g6=O‾‾‾‾‾‾^{‾{‾f|]}‾bw‾‾ t=2.1s
TIGHT n=16 m=103 tag=Kn-oddH350 g6=O‾‾‾‾‾‾^{‾{‾Z|i‾‾bx‾v t=1.7s
TIGHT n=16 m=103 tag=Kn-oddH351 g6=O‾‾‾‾‾‾^{‾{‾Z|w‾‾bznv t=1.1s
TIGHT n=16 m=103 tag=Kn-oddH352 g6=O‾‾‾‾‾‾^{‾{‾Z|y^vrx‾v t=1.7s
TIGHT n=16 m=103 tag=Kn-oddH353 g6=O‾‾‾‾‾‾^{‾{‾j|M‾‾bz^v t=1.4s
TIGHT n=16 m=103 tag=Kn-oddH354 g6=O‾‾‾‾‾‾^{‾{‾j|Y‾‾bx‾v t=1.4s
TIGHT n=16 m=103 tag=Kn-oddH355 g6=O‾‾‾‾‾‾^{‾{‾j|m^nrz^v t=1.8s
TIGHT n=16 m=103 tag=Kn-oddH356 g6=O‾‾‾‾‾‾^{‾{‾j|y^nrx‾v t=1.9s
TIGHT n=16 m=103 tag=Kn-oddH357 g6=O‾‾‾‾‾‾^{‾{‾j|]}‾bx^‾ t=5.3s
TIGHT n=16 m=103 tag=Kn-oddH358 g6=O‾‾‾‾‾‾^{‾{‾j|}]nrx^‾ t=2.7s
TIGHT n=16 m=103 tag=Kn-oddH359 g6=O‾‾‾‾‾‾^{‾{‾x|Y‾‾bznv t=1.8s
TIGHT n=16 m=103 tag=Kn-oddH360 g6=O‾‾‾‾‾‾^{‾{‾x|]}‾bzN‾ t=2.3s
TIGHT n=16 m=103 tag=Kn-oddH361 g6=O‾‾‾‾‾‾^{‾{‾]|]^‾b‾rv t=0.2s
TIGHT n=16 m=103 tag=Kn-oddH362 g6=O‾‾‾‾‾‾^{‾{‾]|^N‾X‾vV t=1.7s
TIGHT n=16 m=103 tag=Kn-oddH363 g6=O‾‾‾‾‾‾^{‾{‾]|}N|Zz^v t=2.2s
TIGHT n=16 m=103 tag=Kn-oddH364 g6=O‾‾‾‾‾‾^{‾{‾]|]z‾b‾vV t=0.2s
TIGHT n=16 m=103 tag=Kn-oddH365 g6=O‾‾‾‾‾‾^{‾{‾]|^Z‾R‾vV t=1.9s
TIGHT n=16 m=103 tag=Kn-oddH366 g6=O‾‾‾‾‾‾^{‾{‾]|^Z‾b‾zV t=1.6s
TIGHT n=16 m=103 tag=Kn-oddH367 g6=O‾‾‾‾‾‾^{‾{‾m|b‾‾b}^v t=2.8s
TIGHT n=16 m=103 tag=Kn-oddH368 g6=O‾‾‾‾‾‾^{‾{‾m|f^‾R}vv t=0.8s
TIGHT n=16 m=103 tag=Kn-oddH369 g6=O‾‾‾‾‾‾^{‾{‾m|f^‾b}zv t=3.6s
TIGHT n=16 m=103 tag=Kn-oddH370 g6=O‾‾‾‾‾‾^{‾{‾m|nNjzy‾v t=1.5s
TIGHT n=16 m=103 tag=Kn-oddH371 g6=O‾‾‾‾‾‾^{‾{‾m|nNzZ}vv t=2.2s
TIGHT n=16 m=103 tag=Kn-oddH372 g6=O‾‾‾‾‾‾^{‾{‾m|vNjzx‾v t=1.6s
TIGHT n=16 m=103 tag=Kn-oddH373 g6=O‾‾‾‾‾‾^{‾{‾m|^]zrw‾‾ t=1.7s
TIGHT n=16 m=103 tag=Kn-oddH374 g6=O‾‾‾‾‾‾^{‾{‾m|‾Mjzw‾‾ t=2.3s
TIGHT n=16 m=103 tag=Kn-oddH375 g6=O‾‾‾‾‾‾^{‾{‾m|‾MzZ{v‾ t=0.2s
TIGHT n=16 m=103 tag=Kn-oddH376 g6=O‾‾‾‾‾‾^{‾{‾y|Y‾‾bzvv t=1.4s
TIGHT n=16 m=103 tag=Kn-oddH377 g6=O‾‾‾‾‾‾^{‾{‾y|i‾‾b|vv t=1.0s
TIGHT n=16 m=103 tag=Kn-oddH378 g6=O‾‾‾‾‾‾^{‾{‾y|Z^‾Rzvv t=1.1s
TIGHT n=16 m=103 tag=Kn-oddH379 g6=O‾‾‾‾‾‾^{‾{‾y|Z^‾bzzv t=2.5s
TIGHT n=16 m=103 tag=Kn-oddH380 g6=O‾‾‾‾‾‾^{‾{‾y|zNmzznv t=1.4s
TIGHT n=16 m=103 tag=Kn-oddH381 g6=O‾‾‾‾‾‾^{‾{‾y|zNnZzvv t=1.8s
TIGHT n=16 m=103 tag=Kn-oddH382 g6=O‾‾‾‾‾‾^{‾{‾y|}NnZz^v t=0.3s
TIGHT n=16 m=103 tag=Kn-oddH383 g6=O‾‾‾‾‾‾^{‾{‾y|^]}rzN‾ t=0.3s
TIGHT n=16 m=103 tag=Kn-oddH384 g6=O‾‾‾‾‾‾^{‾{‾y|^]‾RzV‾ t=2.0s
TIGHT n=16 m=103 tag=Kn-oddH385 g6=O‾‾‾‾‾‾^{‾{‾y|‾MmzzN‾ t=1.9s
TIGHT n=16 m=103 tag=Kn-oddH386 g6=O‾‾‾‾‾‾^{‾{‾}¥^fk‾‾Nv t=0.7s
TIGHT n=16 m=103 tag=Kn-oddH387 g6=O‾‾‾‾‾‾^{‾{‾}¥nfd‾z^v t=0.7s
TIGHT n=16 m=103 tag=Kn-oddH388 g6=O‾‾‾‾‾‾^{‾{‾}¥nfs‾‾Nv t=0.3s
TIGHT n=16 m=103 tag=Kn-oddH389 g6=O‾‾‾‾‾‾^{‾{‾}¥nff|z‾V t=1.7s
TIGHT n=16 m=103 tag=Kn-oddH390 g6=O‾‾‾‾‾‾^{‾{‾}¥zfd‾x‾v t=1.7s
TIGHT n=16 m=103 tag=Kn-oddH391 g6=O‾‾‾‾‾‾^{‾{‾}¥zflvz|v t=2.1s
TIGHT n=16 m=103 tag=Kn-oddH392 g6=O‾‾‾‾‾‾^{‾{‾}¥^mrzw‾‾ t=1.6s
TIGHT n=16 m=103 tag=Kn-oddH393 g6=O‾‾‾‾‾‾^{‾{‾}¥^m{zzN‾ t=0.5s
TIGHT n=16 m=103 tag=Kn-oddH394 g6=O‾‾‾‾‾‾^{‾{‾}¥‾er^{v‾ t=1.8s
TIGHT n=16 m=103 tag=Kn-oddH395 g6=O‾‾‾‾‾‾^{‾{‾}¥^y|rz^^ t=2.0s
TIGHT n=16 m=103 tag=Kn-oddH396 g6=O‾‾‾‾‾‾^{‾{‾^x]^vr|‾V t=1.6s
TIGHT n=16 m=102 tag=Kn-oddH397 g6=O‾‾‾‾‾‾^{‾p‾d‾y^nrz^n t=1.3s
TIGHT n=16 m=102 tag=Kn-oddH398 g6=O‾‾‾‾‾‾^{‾p‾d‾}Nlzz^n t=1.8s
TIGHT n=16 m=102 tag=Kn-oddH399 g6=O‾‾‾‾‾‾^{‾p‾d‾}N{z‾Nn t=1.0s
TIGHT n=16 m=102 tag=Kn-oddH400 g6=O‾‾‾‾‾‾^{‾k‾F‾mz‾b}‾N t=2.1s
TIGHT n=16 m=102 tag=Kn-oddH401 g6=O‾‾‾‾‾‾^{‾k‾M‾u|‾b{v‾ t=2.8s
TIGHT n=16 m=102 tag=Kn-oddH402 g6=O‾‾‾‾‾‾^{‾k‾]^nfvr‾{n t=1.8s
TIGHT n=16 m=102 tag=Kn-oddH403 g6=O‾‾‾‾‾‾^{‾k‾]^‾b{|‾Nn t=2.5s
TIGHT n=16 m=102 tag=Kn-oddH404 g6=O‾‾‾‾‾‾^{‾k‾]^‾bvt||n t=3.0s
TIGHT n=16 m=102 tag=Kn-oddH405 g6=O‾‾‾‾‾‾^{‾k‾Nzuz‾b{‾n t=1.3s
TIGHT n=16 m=102 tag=Kn-oddH406 g6=O‾‾‾‾‾‾^{‾k‾Nzu|‾b{‾^ t=3.5s
TIGHT n=16 m=102 tag=Kn-oddH407 g6=O‾‾‾‾‾‾^{‾s‾F‾uz‾bz‾N t=3.1s
TIGHT n=16 m=102 tag=Kn-oddH408 g6=O‾‾‾‾‾‾^{‾s‾J‾w‾‾bznn t=0.8s
TIGHT n=16 m=102 tag=Kn-oddH409 g6=O‾‾‾‾‾‾^{‾s‾J‾y^}rznn t=2.1s
TIGHT n=16 m=102 tag=Kn-oddH410 g6=O‾‾‾‾‾‾^{‾s‾b‾u^nrz^n t=2.0s
TIGHT n=16 m=102 tag=Kn-oddH411 g6=O‾‾‾‾‾‾^{‾s‾b‾y^nry‾n t=3.8s
TIGHT n=16 m=102 tag=Kn-oddH412 g6=O‾‾‾‾‾‾^{‾s‾b‾]|‾by^‾ t=2.7s
TIGHT n=16 m=102 tag=Kn-oddH413 g6=O‾‾‾‾‾‾^{‾s‾b‾{|‾b}N‾ t=0.8s
TIGHT n=16 m=102 tag=Kn-oddH414 g6=O‾‾‾‾‾‾^{‾s‾b‾}¥nry^‾ t=1.9s
TIGHT n=16 m=102 tag=Kn-oddH415 g6=O‾‾‾‾‾‾^{‾s‾h‾Y‾‾bznn t=1.4s
TIGHT n=16 m=102 tag=Kn-oddH416 g6=O‾‾‾‾‾‾^{‾s‾h‾y^nrznn t=2.6s
TIGHT n=16 m=102 tag=Kn-oddH417 g6=O‾‾‾‾‾‾^{‾s‾h‾]|‾bzN‾ t=1.8s
TIGHT n=16 m=102 tag=Kn-oddH418 g6=O‾‾‾‾‾‾^{‾s‾h‾u|‾b}N‾ t=1.1s
TIGHT n=16 m=102 tag=Kn-oddH419 g6=O‾‾‾‾‾‾^{‾s‾h‾}¥nrzN‾ t=1.9s
TIGHT n=16 m=102 tag=Kn-oddH420 g6=O‾‾‾‾‾‾^{‾s‾M‾Vz‾b}‾N t=2.0s
TIGHT n=16 m=102 tag=Kn-oddH421 g6=O‾‾‾‾‾‾^{‾s‾M‾}x‾bzv^ t=1.1s
TIGHT n=16 m=102 tag=Kn-oddH422 g6=O‾‾‾‾‾‾^{‾s‾e‾vNnZzvn t=2.6s
TIGHT n=16 m=102 tag=Kn-oddH423 g6=O‾‾‾‾‾‾^{‾s‾e‾y|‾b}V‾ t=1.0s
TIGHT n=16 m=102 tag=Kn-oddH424 g6=O‾‾‾‾‾‾^{‾s‾e‾^¥‾Ryv‾ t=2.9s
TIGHT n=16 m=102 tag=Kn-oddH425 g6=O‾‾‾‾‾‾^{‾s‾e‾}¥nryv‾ t=2.3s
TIGHT n=16 m=102 tag=Kn-oddH426 g6=O‾‾‾‾‾‾^{‾s‾e‾‾LnZyv‾ t=2.8s
TIGHT n=16 m=102 tag=Kn-oddH427 g6=O‾‾‾‾‾‾^{‾s‾i‾X‾‾bznn t=1.8s
TIGHT n=16 m=102 tag=Kn-oddH428 g6=O‾‾‾‾‾‾^{‾s‾i‾zNmzznn t=1.2s
TIGHT n=16 m=102 tag=Kn-oddH429 g6=O‾‾‾‾‾‾^{‾s‾i‾|Nmzz^n t=3.2s
TIGHT n=16 m=102 tag=Kn-oddH430 g6=O‾‾‾‾‾‾^{‾s‾m^xnlzznn t=0.8s
TIGHT n=16 m=102 tag=Kn-oddH431 g6=O‾‾‾‾‾‾^{‾s‾m^zfk‾znn t=2.0s
TIGHT n=16 m=102 tag=Kn-oddH432 g6=O‾‾‾‾‾‾^{‾s‾m^zflvz|n t=1.8s
TIGHT n=16 m=102 tag=Kn-oddH433 g6=O‾‾‾‾‾‾^{‾s‾m^r|nry^‾ t=1.1s
TIGHT n=16 m=102 tag=Kn-oddH434 g6=O‾‾‾‾‾‾^{‾s‾m^x|nrzN‾ t=0.8s
TIGHT n=16 m=102 tag=Kn-oddH435 g6=O‾‾‾‾‾‾^{‾s‾m^^l{zzN‾ t=1.1s
TIGHT n=16 m=102 tag=Kn-oddH436 g6=O‾‾‾‾‾‾^{‾s‾m^^lzry|‾ t=1.4s
TIGHT n=16 m=102 tag=Kn-oddH437 g6=O‾‾‾‾‾‾^{‾s‾m^vlnry|‾ t=1.9s
TIGHT n=16 m=102 tag=Kn-oddH438 g6=O‾‾‾‾‾‾^{‾s‾m^zlmzzN‾ t=6.8s
TIGHT n=16 m=102 tag=Kn-oddH439 g6=O‾‾‾‾‾‾^{‾s‾m^‾dk‾zN‾ t=1.6s
TIGHT n=16 m=102 tag=Kn-oddH440 g6=O‾‾‾‾‾‾^{‾s‾NzU‾‾b}‾N t=1.5s
TIGHT n=16 m=102 tag=Kn-oddH441 g6=O‾‾‾‾‾‾^{‾{^h‾X‾‾bx‾n t=0.6s
TIGHT n=16 m=102 tag=Kn-oddH442 g6=O‾‾‾‾‾‾^{‾{^w‾zNmzzvn t=3.4s
TIGHT n=16 m=102 tag=Kn-oddH443 g6=O‾‾‾‾‾‾^{‾{^w‾zNnyzf‾ t=1.1s
TIGHT n=16 m=102 tag=Kn-oddH444 g6=O‾‾‾‾‾‾^{‾{^Z^zZnr‾zN t=1.5s
TIGHT n=16 m=102 tag=Kn-oddH445 g6=O‾‾‾‾‾‾^{‾{^Z^zZ‾bz‾N t=0.7s
TIGHT n=16 m=102 tag=Kn-oddH446 g6=O‾‾‾‾‾‾^{‾{^j^Z^‾bx‾n t=0.7s
TIGHT n=16 m=102 tag=Kn-oddH447 g6=O‾‾‾‾‾‾^{‾{^x^X‾‾Rzvn t=1.5s
TIGHT n=16 m=102 tag=Kn-oddH448 g6=O‾‾‾‾‾‾^{‾{^x^Y‾‾Rznn t=2.0s
TIGHT n=16 m=102 tag=Kn-oddH449 g6=O‾‾‾‾‾‾^{‾{^x^w‾‾b‾rn t=0.5s
TIGHT n=16 m=102 tag=Kn-oddH450 g6=O‾‾‾‾‾‾^{‾{^x^y^‾q‾b‾ t=1.8s
TIGHT n=16 m=102 tag=Kn-oddH451 g6=O‾‾‾‾‾‾^{‾{^x^zfe‾x‾n t=1.8s
TIGHT n=16 m=102 tag=Kn-oddH452 g6=O‾‾‾‾‾‾^{‾{^x^zfm^zvn t=1.9s
TIGHT n=16 m=102 tag=Kn-oddH453 g6=O‾‾‾‾‾‾^{‾{^x^zf}N‾rn t=1.2s
TIGHT n=16 m=102 tag=Kn-oddH454 g6=O‾‾‾‾‾‾^{‾{^zNJ‾uzznn t=0.8s
TIGHT n=16 m=102 tag=Kn-oddH455 g6=O‾‾‾‾‾‾^{‾{^zNJ‾nx|‾N t=2.5s
TIGHT n=16 m=102 tag=Kn-oddH456 g6=O‾‾‾‾‾‾^{‾{^zNb‾nyw‾‾ t=2.6s
TIGHT n=16 m=102 tag=Kn-oddH457 g6=O‾‾‾‾‾‾^{‾{^zNh‾fzznn t=1.7s
TIGHT n=16 m=102 tag=Kn-oddH458 g6=O‾‾‾‾‾‾^{‾{^zNh‾mzx‾n t=1.4s
TIGHT n=16 m=102 tag=Kn-oddH459 g6=O‾‾‾‾‾‾^{‾{^zNh‾nyxn‾ t=1.7s
TIGHT n=16 m=102 tag=Kn-oddH460 g6=O‾‾‾‾‾‾^{‾{^zNjve‾znn t=1.6s
TIGHT n=16 m=102 tag=Kn-oddH461 g6=O‾‾‾‾‾‾^{‾{^zNjvfzz}n t=2.3s
TIGHT n=16 m=102 tag=Kn-oddH462 g6=O‾‾‾‾‾‾^{‾f|R‾{|‾b{‾^ t=1.9s
TIGHT n=16 m=102 tag=Kn-oddH463 g6=O‾‾‾‾‾‾^{‾l|F‾k‾‾b}‾N t=1.3s
TIGHT n=16 m=102 tag=Kn-oddH464 g6=O‾‾‾‾‾‾^{‾l|F‾{|‾b{‾^ t=1.7s
TIGHT n=16 m=102 tag=Kn-oddH465 g6=O‾‾‾‾‾‾^{‾l|[‾fz‾b{‾n t=2.1s
TIGHT n=16 m=102 tag=Kn-oddH466 g6=O‾‾‾‾‾‾^{‾l|Nz{^}r|nn t=2.2s
TIGHT n=16 m=102 tag=Kn-oddH467 g6=O‾‾‾‾‾‾^{‾f}b‾{^}ryn‾ t=2.9s
TIGHT n=16 m=102 tag=Kn-oddH468 g6=O‾‾‾‾‾‾^{‾f}h‾}Nzxy‾^ t=1.8s
TIGHT n=16 m=102 tag=Kn-oddH469 g6=O‾‾‾‾‾‾^{‾f}fzw‾‾by‾^ t=1.9s
TIGHT n=16 m=102 tag=Kn-oddH470 g6=O‾‾‾‾‾‾^{‾r}h‾w‾‾b}N‾ t=1.4s
TIGHT n=16 m=102 tag=Kn-oddH471 g6=O‾‾‾‾‾‾^{‾r}h‾y^nry^‾ t=2.0s
TIGHT n=16 m=102 tag=Kn-oddH472 g6=O‾‾‾‾‾‾^{‾r}h‾}Nnxy‾^ t=1.6s
TIGHT n=16 m=102 tag=Kn-oddH473 g6=O‾‾‾‾‾‾^{‾r}Nzw‾‾by‾^ t=2.1s
TIGHT n=16 m=102 tag=Kn-oddH474 g6=O‾‾‾‾‾‾^{‾l}X‾}N}x‾N^ t=1.2s
TIGHT n=16 m=102 tag=Kn-oddH475 g6=O‾‾‾‾‾‾^{‾l}[‾‾Fp‾{^‾ t=1.7s
TIGHT n=16 m=102 tag=Kn-oddH476 g6=O‾‾‾‾‾‾^{‾l}[‾‾F{^‾F‾ t=1.3s
TIGHT n=16 m=102 tag=Kn-oddH477 g6=O‾‾‾‾‾‾^{‾l}[‾‾F‾b‾w‾ t=1.1s
TIGHT n=16 m=102 tag=Kn-oddH478 g6=O‾‾‾‾‾‾^{‾l}¥z}N{z‾N^ t=2.3s
TIGHT n=16 m=102 tag=Kn-oddH479 g6=O‾‾‾‾‾‾^{‾t}L‾{^zryn‾ t=1.3s
TIGHT n=16 m=102 tag=Kn-oddH480 g6=O‾‾‾‾‾‾^{‾t}d‾y^nry^‾ t=1.1s
TIGHT n=16 m=102 tag=Kn-oddH481 g6=O‾‾‾‾‾‾^{‾t}d‾{^nryn‾ t=1.4s
TIGHT n=16 m=102 tag=Kn-oddH482 g6=O‾‾‾‾‾‾^{‾t}d‾}Nmzyn‾ t=0.9s
TIGHT n=16 m=102 tag=Kn-oddH483 g6=O‾‾‾‾‾‾^{‾t}d‾}N{z}N‾ t=1.0s
TIGHT n=16 m=102 tag=Kn-oddH484 g6=O‾‾‾‾‾‾^{‾t}k‾r^nry^‾ t=1.2s
TIGHT n=16 m=102 tag=Kn-oddH485 g6=O‾‾‾‾‾‾^{‾t}k‾‾Fw‾}N‾ t=2.0s
TIGHT n=16 m=102 tag=Kn-oddH486 g6=O‾‾‾‾‾‾^{‾t}s‾T‾‾bxn‾ t=0.6s
TIGHT n=16 m=102 tag=Kn-oddH487 g6=O‾‾‾‾‾‾^{‾t}s‾Vz‾bx‾^ t=1.4s
TIGHT n=16 m=102 tag=Kn-oddH488 g6=O‾‾‾‾‾‾^{‾{}b‾M‾‾by^‾ t=0.2s
TIGHT n=16 m=102 tag=Kn-oddH489 g6=O‾‾‾‾‾‾^{‾{}e‾N^‾Ryv‾ t=1.6s
TIGHT n=16 m=102 tag=Kn-oddH490 g6=O‾‾‾‾‾‾^{‾{}e‾N^‾byz‾ t=1.2s
TIGHT n=16 m=102 tag=Kn-oddH491 g6=O‾‾‾‾‾‾^{‾{}e‾Nz‾by‾^ t=1.1s
TIGHT n=16 m=102 tag=Kn-oddH492 g6=O‾‾‾‾‾‾^{‾{}m^M‾zryv‾ t=1.9s
TIGHT n=16 m=102 tag=Kn-oddH493 g6=O‾‾‾‾‾‾^{‾{}}Ni‾nZx^‾ t=1.1s
TIGHT n=16 m=102 tag=Kn-oddH494 g6=O‾‾‾‾‾‾^{‾{}}N}NnZzx‾ t=2.1s
TIGHT n=16 m=102 tag=Kn-oddH495 g6=O‾‾‾‾‾‾^{‾{}}N}VnVzx‾ t=2.4s
TIGHT n=16 m=102 tag=Kn-oddH496 g6=O‾‾‾‾‾‾^{‾n{X‾}Nrz{‾^ t=1.7s
TIGHT n=16 m=104 tag=Kn-oddH497 g6=O‾‾‾‾‾‾^z‾R‾x‾}]‾rj‾N t=1.3s
TIGHT n=16 m=103 tag=Kn-oddH498 g6=O‾‾‾‾‾‾^z‾R‾h‾m^‾rZ‾N t=0.2s
TIGHT n=16 m=101 tag=Kn-oddH499 g6=O‾‾‾‾‾‾^w‾b‾xz}Z|r{^‾ t=0.4s
TIGHT n=16 m=101 tag=Kn-oddH500 g6=O‾‾‾‾‾‾^{^b‾jz[‾‾b}^^ t=1.1s
TIGHT n=16 m=101 tag=Kn-oddH501 g6=O‾‾‾‾‾‾^{^p‾k‾s‾‾b‾F‾ t=0.7s
TIGHT n=16 m=101 tag=Kn-oddH502 g6=O‾‾‾‾‾‾^{^p‾k‾vN}Z‾F‾ t=0.6s
TIGHT n=16 m=101 tag=Kn-oddH503 g6=O‾‾‾‾‾‾^{^p‾Nz[‾‾b}^^ t=1.4s
TIGHT n=16 m=101 tag=Kn-oddH504 g6=O‾‾‾‾‾‾^{^q‾J‾w‾‾byn‾ t=2.9s
TIGHT n=16 m=101 tag=Kn-oddH505 g6=O‾‾‾‾‾‾^{^q‾b‾}NmzzN‾ t=2.3s
TIGHT n=16 m=101 tag=Kn-oddH506 g6=O‾‾‾‾‾‾^{^q‾b‾}NnZzV‾ t=2.2s
TIGHT n=16 m=101 tag=Kn-oddH507 g6=O‾‾‾‾‾‾^{^q‾h‾U‾‾bzN‾ t=2.0s
TIGHT n=16 m=101 tag=Kn-oddH508 g6=O‾‾‾‾‾‾^{^q‾h‾]^nr}N‾ t=1.4s
TIGHT n=16 m=101 tag=Kn-oddH509 g6=O‾‾‾‾‾‾^{^q‾e‾zN}Z‾F‾ t=1.1s
TIGHT n=16 m=101 tag=Kn-oddH510 g6=O‾‾‾‾‾‾^{^q‾e‾‾Fk‾zN‾ t=1.8s
TIGHT n=16 m=101 tag=Kn-oddH511 g6=O‾‾‾‾‾‾^{^q‾i‾X‾‾byn‾ t=1.7s
TIGHT n=16 m=101 tag=Kn-oddH512 g6=O‾‾‾‾‾‾^{^q‾i‾s‾‾b‾F‾ t=1.6s
TIGHT n=16 m=101 tag=Kn-oddH513 g6=O‾‾‾‾‾‾^{^q‾i‾|Nmzy^‾ t=1.5s
TIGHT n=16 m=101 tag=Kn-oddH514 g6=O‾‾‾‾‾‾^{^q‾m^rn}r‾L‾ t=0.9s
TIGHT n=16 m=101 tag=Kn-oddH515 g6=O‾‾‾‾‾‾^{^q‾m^^fk‾}N‾ t=2.0s
TIGHT n=16 m=101 tag=Kn-oddH516 g6=O‾‾‾‾‾‾^{^q‾m^vf{^‾F‾ t=0.9s
TIGHT n=16 m=101 tag=Kn-oddH517 g6=O‾‾‾‾‾‾^{^q‾m^vf|N‾R‾ t=1.0s
TIGHT n=16 m=101 tag=Kn-oddH518 g6=O‾‾‾‾‾‾^{^u^F‾s‾‾bzf‾ t=0.6s
TIGHT n=16 m=101 tag=Kn-oddH519 g6=O‾‾‾‾‾‾^{^u^F‾vN}Zzf‾ t=2.5s
TIGHT n=16 m=101 tag=Kn-oddH520 g6=O‾‾‾‾‾‾^{^u^N^^f‾p‾{^ t=0.5s
TIGHT n=16 m=101 tag=Kn-oddH521 g6=O‾‾‾‾‾‾^{^u^N^‾Fzfy|‾ t=1.2s
TIGHT n=16 m=101 tag=Kn-oddH522 g6=O‾‾‾‾‾‾^{^u^N^^Zzr}z^ t=0.6s
TIGHT n=16 m=101 tag=Kn-oddH523 g6=O‾‾‾‾‾‾^{^u^nNp‾zZ‾F‾ t=0.6s
TIGHT n=16 m=101 tag=Kn-oddH524 g6=O‾‾‾‾‾‾^{^u^nNrvi‾zN‾ t=1.5s
TIGHT n=16 m=101 tag=Kn-oddH525 g6=O‾‾‾‾‾‾^x‾H‾{z‾F‾b‾w‾ t=0.9s
TIGHT n=16 m=101 tag=Kn-oddH526 g6=O‾‾‾‾‾‾^x‾F|p‾}NzZ{v‾ t=1.1s
TIGHT n=16 m=103 tag=Kn-oddH527 g6=O‾‾‾‾‾‾Ny‾{‾}^Vzzr‾‾b t=1.2s
TIGHT n=16 m=103 tag=Kn-oddH528 g6=O‾‾‾‾‾‾Ny‾{‾}^Vz‾r]‾j t=1.0s
TIGHT n=16 m=102 tag=Kn-oddH529 g6=O‾‾‾‾‾‾Ny‾{‾w‾x^‾rZ‾N t=1.6s
TIGHT n=16 m=102 tag=Kn-oddH530 g6=O‾‾‾‾‾‾Ny‾{‾x}w‾‾bz‾N t=2.2s
TIGHT n=16 m=102 tag=Kn-oddH531 g6=O‾‾‾‾‾‾Ny‾{‾x}y^}rz‾N t=1.7s
TIGHT n=16 m=102 tag=Kn-oddH532 g6=O‾‾‾‾‾‾Ny‾{‾y}x^}rz‾N t=0.2s
TIGHT n=16 m=101 tag=Kn-oddH533 g6=O‾‾‾‾‾‾Ny‾s‾i‾|Z}rz^n t=1.8s
TIGHT n=16 m=101 tag=Kn-oddH534 g6=O‾‾‾‾‾‾Ny‾{^w‾w‾‾bz‾N t=0.6s
TIGHT n=16 m=101 tag=Kn-oddH535 g6=O‾‾‾‾‾‾Ny‾{^x^w‾‾Rz‾N t=0.7s
TIGHT n=16 m=101 tag=Kn-oddH536 g6=O‾‾‾‾‾‾Ny‾{^x^yn}Zz‾N t=0.6s
TIGHT n=16 m=101 tag=Kn-oddH537 g6=O‾‾‾‾‾‾Ny‾j|h‾m^|r}^n t=1.7s
TIGHT n=16 m=103 tag=Kn-oddH538 g6=O‾‾‾‾‾‾N}^}^‾NNzfz‾‾b t=1.2s
TIGHT n=16 m=102 tag=Kn-oddH539 g6=O‾‾‾‾‾‾N}^}^N^F‾zr‾‾F t=2.5s
TIGHT n=16 m=102 tag=Kn-oddH540 g6=O‾‾‾‾‾‾N}^}^N^F‾‾p}‾f t=1.8s
TIGHT n=16 m=102 tag=Kn-oddH541 g6=O‾‾‾‾‾‾N}^}^N^N^‾b‾‾F t=2.7s
TIGHT n=16 m=102 tag=Kn-oddH542 g6=O‾‾‾‾‾‾N}^}^N^N^‾q‾zV t=2.0s
TIGHT n=16 m=102 tag=Kn-oddH543 g6=O‾‾‾‾‾‾N}^}^‾F‾F‾b‾‾F t=1.3s
TIGHT n=16 m=102 tag=Kn-oddH544 g6=O‾‾‾‾‾‾N}^}^NzN^zr}‾f t=1.5s
TIGHT n=16 m=102 tag=Kn-oddH545 g6=O‾‾‾‾‾‾N}^}^NzN^‾b‾zf t=1.3s
TIGHT n=16 m=102 tag=Kn-oddH546 g6=O‾‾‾‾‾‾N}^}^Vz¥^}r}‾f t=1.3s
TIGHT n=16 m=102 tag=Kn-oddH547 g6=O‾‾‾‾‾‾N}^}^Vz^Nyz‾nf t=1.7s
TIGHT n=16 m=102 tag=Kn-oddH548 g6=O‾‾‾‾‾‾N}^}^tzV^nr‾nf t=1.5s
TIGHT n=16 m=102 tag=Kn-oddH549 g6=O‾‾‾‾‾‾N}^}^tzvN}j‾zf t=0.6s
TIGHT n=16 m=102 tag=Kn-oddH550 g6=O‾‾‾‾‾‾N}^}^^ZF‾vr}‾f t=1.0s
TIGHT n=16 m=102 tag=Kn-oddH551 g6=O‾‾‾‾‾‾N}^}^^ZF‾zr|‾f t=1.2s
TIGHT n=16 m=102 tag=Kn-oddH552 g6=O‾‾‾‾‾‾N}^}^^ZN^vr‾zf t=2.6s
TIGHT n=16 m=102 tag=Kn-oddH553 g6=O‾‾‾‾‾‾N}^}^^ZN^‾q|zv t=2.4s
TIGHT n=16 m=102 tag=Kn-oddH554 g6=O‾‾‾‾‾‾N}^}^^Z‾de‾|nv t=0.7s
TIGHT n=16 m=102 tag=Kn-oddH555 g6=O‾‾‾‾‾‾N}^}^vZV^nr‾zf t=0.8s
TIGHT n=16 m=102 tag=Kn-oddH556 g6=O‾‾‾‾‾‾N}^}^vZV^‾bz‾f t=2.7s
TIGHT n=16 m=102 tag=Kn-oddH557 g6=O‾‾‾‾‾‾N}^}^vZV^‾rZzn t=1.4s
TIGHT n=16 m=102 tag=Kn-oddH558 g6=O‾‾‾‾‾‾N}^}^vZr^‾b‾^f t=1.9s
TIGHT n=16 m=102 tag=Kn-oddH559 g6=O‾‾‾‾‾‾N}^}^vZr^‾q‾Zv t=0.6s
TIGHT n=16 m=102 tag=Kn-oddH560 g6=O‾‾‾‾‾‾N}^}^vZt^‾b‾nf t=0.6s
TIGHT n=16 m=102 tag=Kn-oddH561 g6=O‾‾‾‾‾‾N}^}^vZvN}j‾nf t=0.6s
TIGHT n=16 m=102 tag=Kn-oddH562 g6=O‾‾‾‾‾‾N}^}^vZvf{}‾Nv t=1.7s
TIGHT n=16 m=102 tag=Kn-oddH563 g6=O‾‾‾‾‾‾N}^}^vZvf|m‾Zv t=2.9s
TIGHT n=16 m=101 tag=Kn-oddH564 g6=O‾‾‾‾‾‾N}^e‾L‾{^‾R‾vN t=2.7s
TIGHT n=16 m=101 tag=Kn-oddH565 g6=O‾‾‾‾‾‾N}^e‾M‾{^}r‾vN t=1.8s
TIGHT n=16 m=101 tag=Kn-oddH566 g6=O‾‾‾‾‾‾N}^e‾M‾|Z‾R‾fn t=0.9s
TIGHT n=16 m=101 tag=Kn-oddH567 g6=O‾‾‾‾‾‾N}^e‾M‾|Z‾b‾jn t=1.9s
TIGHT n=16 m=101 tag=Kn-oddH568 g6=O‾‾‾‾‾‾N}^e‾M‾‾J}Z‾fn t=2.0s
TIGHT n=16 m=101 tag=Kn-oddH569 g6=O‾‾‾‾‾‾N}^e‾M‾{|‾b‾f^ t=0.2s
TIGHT n=16 m=101 tag=Kn-oddH570 g6=O‾‾‾‾‾‾N}^e‾M‾‾L}Z‾f^ t=2.3s
TIGHT n=16 m=101 tag=Kn-oddH571 g6=O‾‾‾‾‾‾N}^m^L‾l^‾R‾vN t=0.9s
TIGHT n=16 m=101 tag=Kn-oddH572 g6=O‾‾‾‾‾‾N}^m^L‾m^}r‾vN t=1.8s
TIGHT n=16 m=101 tag=Kn-oddH573 g6=O‾‾‾‾‾‾N}^m^L‾m^‾R‾nN t=1.4s
TIGHT n=16 m=101 tag=Kn-oddH574 g6=O‾‾‾‾‾‾N}^m^L‾{^‾R|‾N t=1.4s
TIGHT n=16 m=101 tag=Kn-oddH575 g6=O‾‾‾‾‾‾N}^m^L‾nN}Z‾vN t=1.3s
TIGHT n=16 m=101 tag=Kn-oddH576 g6=O‾‾‾‾‾‾N}^m^L‾}Zvr‾fn t=1.6s
TIGHT n=16 m=101 tag=Kn-oddH577 g6=O‾‾‾‾‾‾N}^m^L‾}Z}r|vn t=1.9s
TIGHT n=16 m=101 tag=Kn-oddH578 g6=O‾‾‾‾‾‾N}^m^L‾}Z‾q|f‾ t=1.7s
TIGHT n=16 m=101 tag=Kn-oddH579 g6=O‾‾‾‾‾‾N}^m^L‾‾JvZ‾fn t=0.6s
TIGHT n=16 m=101 tag=Kn-oddH580 g6=O‾‾‾‾‾‾N}^m^L‾‾J}Z|vn t=2.5s
TIGHT n=16 m=101 tag=Kn-oddH581 g6=O‾‾‾‾‾‾N}^m^T‾{^‾R}‾N t=1.7s
TIGHT n=16 m=101 tag=Kn-oddH582 g6=O‾‾‾‾‾‾N}^m^T‾vN}Z‾vN t=1.6s
TIGHT n=16 m=101 tag=Kn-oddH583 g6=O‾‾‾‾‾‾N}^m^T‾vN}j‾zN t=0.7s
TIGHT n=16 m=101 tag=Kn-oddH584 g6=O‾‾‾‾‾‾N}^m^[‾l^vr‾vN t=2.6s
TIGHT n=16 m=101 tag=Kn-oddH585 g6=O‾‾‾‾‾‾N}^m^[‾t^zr‾vN t=2.1s
TIGHT n=16 m=101 tag=Kn-oddH586 g6=O‾‾‾‾‾‾N}^m^[‾|NvZ|‾N t=1.7s
TIGHT n=16 m=101 tag=Kn-oddH587 g6=O‾‾‾‾‾‾N}^m^[‾|NzZ}‾N t=0.5s
TIGHT n=16 m=101 tag=Kn-oddH588 g6=O‾‾‾‾‾‾N}^m^[‾nZvr‾fn t=1.6s
TIGHT n=16 m=101 tag=Kn-oddH589 g6=O‾‾‾‾‾‾N}^m^[‾nZ}r|vn t=1.2s
TIGHT n=16 m=101 tag=Kn-oddH590 g6=O‾‾‾‾‾‾N}^m^[‾nZ‾q|f‾ t=0.3s
TIGHT n=16 m=101 tag=Kn-oddH591 g6=O‾‾‾‾‾‾N}^m^[‾‾Juz|vn t=1.1s
TIGHT n=16 m=101 tag=Kn-oddH592 g6=O‾‾‾‾‾‾N}^m^N^{zvr‾fn t=1.0s
TIGHT n=16 m=101 tag=Kn-oddH593 g6=O‾‾‾‾‾‾N}^m^N^|Zvr‾jn t=1.8s
TIGHT n=16 m=101 tag=Kn-oddH594 g6=O‾‾‾‾‾‾N}^m^N^|Z‾q|j‾ t=2.5s
TIGHT n=16 m=101 tag=Kn-oddH595 g6=O‾‾‾‾‾‾N}^m^N^‾J‾b||n t=1.9s
TIGHT n=16 m=101 tag=Kn-oddH596 g6=O‾‾‾‾‾‾N}^m^N^‾brv}|n t=2.2s
TIGHT n=16 m=101 tag=Kn-oddH597 g6=O‾‾‾‾‾‾N}^m^¥^{nzZ}‾N t=1.0s
TIGHT n=16 m=101 tag=Kn-oddH598 g6=O‾‾‾‾‾‾N}^m^¥^mzvr‾fn t=0.6s
TIGHT n=16 m=101 tag=Kn-oddH599 g6=O‾‾‾‾‾‾N}^m^¥^mz}r|vn t=1.4s
TIGHT n=16 m=101 tag=Kn-oddH600 g6=O‾‾‾‾‾‾N}^m^¥^mz‾R|nn t=0.7s
TIGHT n=16 m=101 tag=Kn-oddH601 g6=O‾‾‾‾‾‾N}^m^¥^}Z}r‾rn t=0.6s
TIGHT n=16 m=101 tag=Kn-oddH602 g6=O‾‾‾‾‾‾N}^m^^NlzvZ‾fn t=2.0s
TIGHT n=16 m=101 tag=Kn-oddH603 g6=O‾‾‾‾‾‾N}^m^^N{zuz|vn t=1.4s
TIGHT n=16 m=101 tag=Kn-oddH604 g6=O‾‾‾‾‾‾N}^m^^Nnrq‾}nn t=1.1s
TIGHT n=16 m=101 tag=Kn-oddH605 g6=O‾‾‾‾‾‾N}^m^^Nvr|y}]‾ t=1.6s
TIGHT n=16 m=101 tag=Kn-oddH606 g6=O‾‾‾‾‾‾N}^m^^N|ruz|}n t=1.6s
TIGHT n=16 m=101 tag=Kn-oddH607 g6=O‾‾‾‾‾‾N}^m^^N|r}Z‾un t=2.1s
TIGHT n=16 m=101 tag=Kn-oddH608 g6=O‾‾‾‾‾‾N}^m^^N|tu^|v^ t=1.2s
TIGHT n=16 m=101 tag=Kn-oddH609 g6=O‾‾‾‾‾‾N}^}N[‾k‾nr|‾N t=1.0s
TIGHT n=16 m=101 tag=Kn-oddH610 g6=O‾‾‾‾‾‾N}^}N[‾s‾nr}‾N t=1.8s
TIGHT n=16 m=101 tag=Kn-oddH611 g6=O‾‾‾‾‾‾N}^}N{n[‾jz}‾N t=1.5s
TIGHT n=16 m=101 tag=Kn-oddH612 g6=O‾‾‾‾‾‾N}^}N{n{^‾b‾|N t=1.3s
TIGHT n=16 m=101 tag=Kn-oddH613 g6=O‾‾‾‾‾‾N}^}N{n|N‾J‾|N t=2.3s
TIGHT n=16 m=101 tag=Kn-oddH614 g6=O‾‾‾‾‾‾N}^}N{n{v‾d‾xn t=1.2s
TIGHT n=16 m=101 tag=Kn-oddH615 g6=O‾‾‾‾‾‾N}^f|R‾{|‾b{^‾ t=1.3s
TIGHT n=16 m=101 tag=Kn-oddH616 g6=O‾‾‾‾‾‾N}^f|L‾{^‾R‾fn t=2.7s
TIGHT n=16 m=101 tag=Kn-oddH617 g6=O‾‾‾‾‾‾N}^f|[‾l^‾R‾fn t=1.8s
TIGHT n=16 m=101 tag=Kn-oddH618 g6=O‾‾‾‾‾‾N}^f|[‾{^}r|vn t=1.1s
TIGHT n=16 m=101 tag=Kn-oddH619 g6=O‾‾‾‾‾‾N}^f|[‾nN}Z‾fn t=1.7s
TIGHT n=16 m=101 tag=Kn-oddH620 g6=O‾‾‾‾‾‾N}^f|[‾‾L}Z|f‾ t=2.1s
TIGHT n=16 m=101 tag=Kn-oddH621 g6=O‾‾‾‾‾‾N}^j|s‾J‾‾b|^n t=0.4s
TIGHT n=16 m=101 tag=Kn-oddH622 g6=O‾‾‾‾‾‾N}^j|s‾[‾‾b‾fn t=0.5s
TIGHT n=16 m=101 tag=Kn-oddH623 g6=O‾‾‾‾‾‾N}^j|s‾^N}Z‾fn t=2.9s
TIGHT n=16 m=101 tag=Kn-oddH624 g6=O‾‾‾‾‾‾N}^j|s‾^N‾b‾xn t=1.0s
TIGHT n=16 m=101 tag=Kn-oddH625 g6=O‾‾‾‾‾‾N}^m|L‾m^‾R‾fn t=1.5s
TIGHT n=16 m=101 tag=Kn-oddH626 g6=O‾‾‾‾‾‾N}^m|M‾e‾‾b}vn t=1.7s
TIGHT n=16 m=101 tag=Kn-oddH627 g6=O‾‾‾‾‾‾N}^m|M‾l^‾R‾fn t=2.5s
TIGHT n=16 m=101 tag=Kn-oddH628 g6=O‾‾‾‾‾‾N}^m|M‾m^}r‾fn t=2.0s
TIGHT n=16 m=101 tag=Kn-oddH629 g6=O‾‾‾‾‾‾N}^m|M‾m^‾b‾rn t=2.1s
TIGHT n=16 m=101 tag=Kn-oddH630 g6=O‾‾‾‾‾‾N}^m|M‾{^}r|vn t=1.9s
TIGHT n=16 m=101 tag=Kn-oddH631 g6=O‾‾‾‾‾‾N}^m|M‾nN}Z‾fn t=1.0s
TIGHT n=16 m=101 tag=Kn-oddH632 g6=O‾‾‾‾‾‾N}^m|M‾}N}Z|nn t=1.6s
TIGHT n=16 m=101 tag=Kn-oddH633 g6=O‾‾‾‾‾‾N}^m|M‾{|‾b|f‾ t=1.8s
TIGHT n=16 m=101 tag=Kn-oddH634 g6=O‾‾‾‾‾‾N}^m|M‾‾L}Z|f‾ t=2.6s
TIGHT n=16 m=101 tag=Kn-oddH635 g6=O‾‾‾‾‾‾N}^m|U‾e‾‾b|vn t=0.9s
TIGHT n=16 m=101 tag=Kn-oddH636 g6=O‾‾‾‾‾‾N}^m|U‾}NvZ{‾n t=0.8s
TIGHT n=16 m=101 tag=Kn-oddH637 g6=O‾‾‾‾‾‾N}^m|]^nfrv}|n t=2.1s
TIGHT n=16 m=101 tag=Kn-oddH638 g6=O‾‾‾‾‾‾N}^m|]^}fu^|nn t=2.3s
TIGHT n=16 m=101 tag=Kn-oddH639 g6=O‾‾‾‾‾‾N}^m|]^}fvN|zn t=2.7s
TIGHT n=16 m=101 tag=Kn-oddH640 g6=O‾‾‾‾‾‾N}^m|]^‾du^|f‾ t=1.9s
TIGHT n=16 m=101 tag=Kn-oddH641 g6=O‾‾‾‾‾‾N}^y|U‾[‾‾b‾fn t=1.9s
TIGHT n=16 m=101 tag=Kn-oddH642 g6=O‾‾‾‾‾‾N}^y|U‾^N}Z‾fn t=2.0s
TIGHT n=16 m=101 tag=Kn-oddH643 g6=O‾‾‾‾‾‾N}^y|q‾{|‾b‾F‾ t=0.4s
TIGHT n=16 m=101 tag=Kn-oddH644 g6=O‾‾‾‾‾‾N}^y|u^}f|N‾Zn t=1.0s
TIGHT n=16 m=101 tag=Kn-oddH645 g6=O‾‾‾‾‾‾N}^y|u^‾de‾xn‾ t=1.4s
TIGHT n=16 m=101 tag=Kn-oddH646 g6=O‾‾‾‾‾‾N}^y|u^‾d|N‾R‾ t=0.8s
TIGHT n=16 m=101 tag=Kn-oddH647 g6=O‾‾‾‾‾‾N}^}¥¥^L‾‾b|zn t=2.9s
TIGHT n=16 m=101 tag=Kn-oddH648 g6=O‾‾‾‾‾‾N}^}¥^NT‾}Z}vn t=2.4s
TIGHT n=16 m=101 tag=Kn-oddH649 g6=O‾‾‾‾‾‾N}^}¥^NVv|y}]‾ t=1.0s
TIGHT n=16 m=100 tag=Kn-oddH650 g6=O‾‾‾‾‾‾Nw‾b‾p‾w‾‾b‾N^ t=1.4s
TIGHT n=16 m=100 tag=Kn-oddH651 g6=O‾‾‾‾‾‾Nw‾d‾tz}N{z}N‾ t=1.6s
TIGHT n=16 m=100 tag=Kn-oddH652 g6=O‾‾‾‾‾‾Nw‾d‾{z‾Fw‾}N‾ t=1.1s
TIGHT n=16 m=100 tag=Kn-oddH653 g6=O‾‾‾‾‾‾Ny^b‾d‾}N{z‾N^ t=2.5s
TIGHT n=16 m=100 tag=Kn-oddH654 g6=O‾‾‾‾‾‾Ny^b‾xzk‾‾b}N‾ t=1.6s
TIGHT n=16 m=100 tag=Kn-oddH655 g6=O‾‾‾‾‾‾Ny^b‾{zh‾‾b}N‾ t=1.5s
TIGHT n=16 m=100 tag=Kn-oddH656 g6=O‾‾‾‾‾‾Ny^h‾lzs‾‾b|N‾ t=1.5s
TIGHT n=16 m=100 tag=Kn-oddH657 g6=O‾‾‾‾‾‾Ny^e‾tzi‾‾b}N‾ t=1.7s
TIGHT n=16 m=100 tag=Kn-oddH658 g6=O‾‾‾‾‾‾Ny^e‾{zb‾‾b}N‾ t=3.5s
TIGHT n=16 m=100 tag=Kn-oddH659 g6=O‾‾‾‾‾‾Ny^i‾u^}f{^‾N^ t=1.2s
TIGHT n=16 m=100 tag=Kn-oddH660 g6=O‾‾‾‾‾‾Ny^i‾jzk‾‾b}N‾ t=1.3s
TIGHT n=16 m=100 tag=Kn-oddH661 g6=O‾‾‾‾‾‾Ny^i‾xze‾‾b|N‾ t=1.2s
TIGHT n=16 m=100 tag=Kn-oddH662 g6=O‾‾‾‾‾‾Ny^i‾xzi‾‾b{n‾ t=1.1s
TIGHT n=16 m=100 tag=Kn-oddH663 g6=O‾‾‾‾‾‾Ny^i‾mzp‾‾b|N‾ t=1.5s
TIGHT n=16 m=100 tag=Kn-oddH664 g6=O‾‾‾‾‾‾Ny^i‾yzd‾‾b|N‾ t=0.8s
TIGHT n=16 m=100 tag=Kn-oddH665 g6=O‾‾‾‾‾‾Ny^m^fzk‾‾b}f‾ t=2.1s
TIGHT n=16 m=100 tag=Kn-oddH666 g6=O‾‾‾‾‾‾N}Nw‾R‾mz‾bxn‾ t=1.9s
TIGHT n=16 m=100 tag=Kn-oddH667 g6=O‾‾‾‾‾‾N}Nw‾p‾}Nfzx‾^ t=0.4s
TIGHT n=16 m=100 tag=Kn-oddH668 g6=O‾‾‾‾‾‾N}Nw‾u^zf}N‾r^ t=1.4s
TIGHT n=16 m=100 tag=Kn-oddH669 g6=O‾‾‾‾‾‾N}Nw‾u^‾b|N‾b‾ t=1.9s
TIGHT n=16 m=100 tag=Kn-oddH670 g6=O‾‾‾‾‾‾N}Nx^p‾{^‾b‾r^ t=1.0s
TIGHT n=16 m=100 tag=Kn-oddH671 g6=O‾‾‾‾‾‾N}Nx^V^¥^|r‾j^ t=1.1s
TIGHT n=16 m=100 tag=Kn-oddH672 g6=O‾‾‾‾‾‾N}Nx^V^^f{n‾j^ t=1.8s
TIGHT n=16 m=100 tag=Kn-oddH673 g6=O‾‾‾‾‾‾N}Nx^r^^fm^‾f^ t=2.5s
TIGHT n=16 m=100 tag=Kn-oddH674 g6=O‾‾‾‾‾‾N}Nx^r^|f}N‾r^ t=0.5s
TIGHT n=16 m=100 tag=Kn-oddH675 g6=O‾‾‾‾‾‾N}Nx^t^w‾‾b‾r^ t=0.8s
TIGHT n=16 m=100 tag=Kn-oddH676 g6=O‾‾‾‾‾‾N}Nx^t^y^‾b‾f^ t=0.9s
TIGHT n=16 m=100 tag=Kn-oddH677 g6=O‾‾‾‾‾‾N}Nx^t^‾b|N‾b‾ t=0.7s
TIGHT n=16 m=100 tag=Kn-oddH678 g6=O‾‾‾‾‾‾N}Nx^vNxv}Z‾u^ t=1.4s
TIGHT n=16 m=100 tag=Kn-oddH679 g6=O‾‾‾‾‾‾N}NzNR‾]^|r‾r^ t=1.8s
TIGHT n=16 m=100 tag=Kn-oddH680 g6=O‾‾‾‾‾‾N}NzNR‾^f|N‾r^ t=1.3s
TIGHT n=16 m=100 tag=Kn-oddH681 g6=O‾‾‾‾‾‾N}NzNVnZv|r‾{^ t=0.7s
TIGHT n=16 m=100 tag=Kn-oddH682 g6=O‾‾‾‾‾‾Nx‾B‾p‾w‾‾b}N‾ t=3.2s
TIGHT n=16 m=100 tag=Kn-oddH683 g6=O‾‾‾‾‾‾Nx‾H‾d‾}N{z}N‾ t=1.1s
TIGHT n=16 m=100 tag=Kn-oddH684 g6=O‾‾‾‾‾‾Nx‾H‾k‾‾Fw‾}N‾ t=1.6s
TIGHT n=16 m=100 tag=Kn-oddH685 g6=O‾‾‾‾‾‾Ny‾B‾h‾w‾‾b}N‾ t=0.9s
TIGHT n=16 m=100 tag=Kn-oddH686 g6=O‾‾‾‾‾‾Ny‾D‾d‾w‾‾b}N‾ t=1.2s
TIGHT n=16 m=100 tag=Kn-oddH687 g6=O‾‾‾‾‾‾Ny‾D‾h‾s‾‾b}N‾ t=1.4s
TIGHT n=16 m=100 tag=Kn-oddH688 g6=O‾‾‾‾‾‾Ny‾P‾d‾}N{zzN‾ t=1.6s
TIGHT n=16 m=100 tag=Kn-oddH689 g6=O‾‾‾‾‾‾Ny‾K‾h‾q‾‾b{n‾ t=0.9s
TIGHT n=16 m=100 tag=Kn-oddH690 g6=O‾‾‾‾‾‾N}^I‾F‾}N{z|N‾ t=1.1s
TIGHT n=16 m=100 tag=Kn-oddH691 g6=O‾‾‾‾‾‾N}^I‾T‾}Ntz|N‾ t=1.8s
TIGHT n=16 m=99 tag=Kn-oddH692 g6=O‾‾‾‾‾‾Fw‾b‾w‾‾F{^‾F‾ t=1.0s
TIGHT n=16 m=99 tag=Kn-oddH693 g6=O‾‾‾‾‾‾Fw‾b‾w‾‾F{n‾J‾ t=0.4s
TIGHT n=16 m=99 tag=Kn-oddH694 g6=O‾‾‾‾‾‾Fw‾k‾i‾s‾‾b‾F‾ t=0.7s
TIGHT n=16 m=99 tag=Kn-oddH695 g6=O‾‾‾‾‾‾Fw‾k‾i‾vN}Z‾F‾ t=0.8s
TIGHT n=16 m=99 tag=Kn-oddH696 g6=O‾‾‾‾‾‾Fw‾k‾i‾zN}Z}f‾ t=1.2s
TIGHT n=16 m=99 tag=Kn-oddH697 g6=O‾‾‾‾‾‾Fw‾k‾m^w‾|r}f‾ t=1.4s
TIGHT n=16 m=99 tag=Kn-oddH698 g6=O‾‾‾‾‾‾Fw‾k‾m^vf{^‾F‾ t=1.8s
TIGHT n=16 m=99 tag=Kn-oddH699 g6=O‾‾‾‾‾‾Fx^b‾s‾w‾‾b‾F‾ t=1.7s
TIGHT n=16 m=99 tag=Kn-oddH700 g6=O‾‾‾‾‾‾Fx^b‾s‾x^‾R‾F‾ t=1.7s
TIGHT n=16 m=99 tag=Kn-oddH701 g6=O‾‾‾‾‾‾Fx^b‾s‾zN‾b‾X‾ t=0.6s
TIGHT n=16 m=99 tag=Kn-oddH702 g6=O‾‾‾‾‾‾Fx^b‾w‾zN}Z}f‾ t=1.0s
TIGHT n=16 m=99 tag=Kn-oddH703 g6=O‾‾‾‾‾‾Fx^e‾u^rn}r‾L‾ t=0.3s
TIGHT n=16 m=99 tag=Kn-oddH704 g6=O‾‾‾‾‾‾Fx^i‾e‾zN}Z‾F‾ t=1.0s
TIGHT n=16 m=99 tag=Kn-oddH705 g6=O‾‾‾‾‾‾Fx^i‾i‾s‾‾b‾F‾ t=1.0s
TIGHT n=16 m=99 tag=Kn-oddH706 g6=O‾‾‾‾‾‾Fx^i‾w‾zNvZ}f‾ t=1.9s
TIGHT n=16 m=99 tag=Kn-oddH707 g6=O‾‾‾‾‾‾Fx^m^b‾vN}Z‾F‾ t=1.4s
TIGHT n=16 m=99 tag=Kn-oddH708 g6=O‾‾‾‾‾‾Fx^m^d‾w‾‾b}V‾ t=2.3s
TIGHT n=16 m=99 tag=Kn-oddH709 g6=O‾‾‾‾‾‾Fx^m^d‾|N|Z}V‾ t=0.9s
TIGHT n=16 m=99 tag=Kn-oddH710 g6=O‾‾‾‾‾‾Fx^m^k‾p‾‾b}V‾ t=0.8s
TIGHT n=16 m=99 tag=Kn-oddH711 g6=O‾‾‾‾‾‾Fx^m^k‾|Nxz}V‾ t=1.1s
TIGHT n=16 m=99 tag=Kn-oddH712 g6=O‾‾‾‾‾‾Fx^m^s‾x^‾R{^‾ t=0.2s
TIGHT n=16 m=99 tag=Kn-oddH713 g6=O‾‾‾‾‾‾Fx^m^f^rn‾b‾X‾ t=0.7s
TIGHT n=16 m=99 tag=Kn-oddH714 g6=O‾‾‾‾‾‾Fx^m^f^vN|r‾X‾ t=0.7s
TIGHT n=16 m=99 tag=Kn-oddH715 g6=O‾‾‾‾‾‾Fx^m^l^}fx^}N‾ t=3.2s
TIGHT n=16 m=99 tag=Kn-oddH716 g6=O‾‾‾‾‾‾Fx^m^{^|fx^{^‾ t=1.0s
TIGHT n=16 m=99 tag=Kn-oddH717 g6=O‾‾‾‾‾‾Fx^m^nNtv{^}V‾ t=1.0s
TIGHT n=16 m=99 tag=Kn-oddH718 g6=O‾‾‾‾‾‾FzNnNb‾m^zr‾R‾ t=1.1s
TIGHT n=16 m=99 tag=Kn-oddH719 g6=O‾‾‾‾‾‾FzNnNb‾lnzr‾L‾ t=1.2s
TIGHT n=16 m=99 tag=Kn-oddH720 g6=O‾‾‾‾‾‾FzNnNnfi‾w‾}f‾ t=1.3s
TIGHT n=16 m=112 tag=Kn-oddH721 g6=O‾‾‾‾|‾n}‾|‾|‾}‾‾n‾|‾ t=2.4s
TIGHT n=16 m=109 tag=Kn-oddH722 g6=O‾‾‾‾|‾n}‾|‾|‾}‾nnz|} t=2.1s
TIGHT n=16 m=108 tag=Kn-oddH723 g6=O‾‾‾‾|‾n}‾|‾|‾}‾fnx|‾ t=1.7s
TIGHT n=16 m=108 tag=Kn-oddH724 g6=O‾‾‾‾|‾n}‾|‾|‾]‾‾fz‾{ t=2.6s
TIGHT n=16 m=107 tag=Kn-oddH725 g6=O‾‾‾‾|‾n}‾|‾|‾]‾fn||| t=3.4s
TIGHT n=16 m=107 tag=Kn-oddH726 g6=O‾‾‾‾|‾n}‾|‾|‾]‾vfx‾| t=2.0s
TIGHT n=16 m=108 tag=Kn-oddH727 g6=O‾‾‾‾|‾n}‾|‾|‾}^‾V‾v{ t=2.3s
TIGHT n=16 m=107 tag=Kn-oddH728 g6=O‾‾‾‾|‾n}‾|‾|‾}^fvx‾| t=1.7s
TIGHT n=16 m=107 tag=Kn-oddH729 g6=O‾‾‾‾|‾n}‾|‾|‾}^nVzv| t=0.8s
TIGHT n=16 m=107 tag=Kn-oddH730 g6=O‾‾‾‾|‾n}‾|‾|‾}^‾F‾r| t=1.5s
TIGHT n=16 m=107 tag=Kn-oddH731 g6=O‾‾‾‾|‾n}‾|‾|‾}^nrz}| t=4.1s
TIGHT n=16 m=107 tag=Kn-oddH732 g6=O‾‾‾‾|‾n}‾|‾|‾^v‾Fz}| t=2.4s
TIGHT n=16 m=106 tag=Kn-oddH733 g6=O‾‾‾‾|‾n}‾|‾|‾M‾jn{|‾ t=2.4s
TIGHT n=16 m=106 tag=Kn-oddH734 g6=O‾‾‾‾|‾n}‾|‾|‾]^rvw‾‾ t=2.8s
TIGHT n=16 m=106 tag=Kn-oddH735 g6=O‾‾‾‾|‾n}‾|‾|‾]^vVxv‾ t=1.0s
TIGHT n=16 m=106 tag=Kn-oddH736 g6=O‾‾‾‾|‾n}‾|‾|‾]^vrx}‾ t=2.1s
TIGHT n=16 m=106 tag=Kn-oddH737 g6=O‾‾‾‾|‾n}‾|‾|‾]^vtx‾^ t=2.9s
TIGHT n=16 m=106 tag=Kn-oddH738 g6=O‾‾‾‾|‾n}‾|‾|‾}Nb‾w‾‾ t=3.1s
TIGHT n=16 m=106 tag=Kn-oddH739 g6=O‾‾‾‾|‾n}‾|‾|‾}Nf^xv‾ t=2.4s
TIGHT n=16 m=106 tag=Kn-oddH740 g6=O‾‾‾‾|‾n}‾|‾|‾}NnNzr‾ t=2.5s
TIGHT n=16 m=106 tag=Kn-oddH741 g6=O‾‾‾‾|‾n}‾|‾|‾}N‾F‾p‾ t=1.8s
TIGHT n=16 m=106 tag=Kn-oddH742 g6=O‾‾‾‾|‾n}‾|‾¥‾m‾nnl|| t=1.0s
TIGHT n=16 m=106 tag=Kn-oddH743 g6=O‾‾‾‾|‾n}‾|‾¥‾}^fv|‾x t=2.4s
TIGHT n=16 m=106 tag=Kn-oddH744 g6=O‾‾‾‾|‾n}‾|‾¥‾}^vvp‾z t=1.9s
TIGHT n=16 m=106 tag=Kn-oddH745 g6=O‾‾‾‾|‾n}‾|‾¥‾}^‾Vrvz t=3.1s
TIGHT n=16 m=105 tag=Kn-oddH746 g6=O‾‾‾‾|‾n}‾|‾¥‾F‾‾F{‾z t=2.5s
TIGHT n=16 m=105 tag=Kn-oddH747 g6=O‾‾‾‾|‾n}‾|‾¥‾M‾rn}|z t=1.6s
TIGHT n=16 m=105 tag=Kn-oddH748 g6=O‾‾‾‾|‾n}‾|‾¥‾M‾zf{‾z t=1.5s
TIGHT n=16 m=105 tag=Kn-oddH749 g6=O‾‾‾‾|‾n}‾|‾¥‾M‾}f|nz t=1.6s
TIGHT n=16 m=105 tag=Kn-oddH750 g6=O‾‾‾‾|‾n}‾|‾¥‾M‾‾F|vz t=4.5s
TIGHT n=16 m=105 tag=Kn-oddH751 g6=O‾‾‾‾|‾n}‾|‾¥‾m^rvy‾z t=1.8s
TIGHT n=16 m=105 tag=Kn-oddH752 g6=O‾‾‾‾|‾n}‾|‾¥‾m^vVzvz t=1.6s
TIGHT n=16 m=105 tag=Kn-oddH753 g6=O‾‾‾‾|‾n}‾|‾¥‾{^uvx‾z t=1.9s
TIGHT n=16 m=105 tag=Kn-oddH754 g6=O‾‾‾‾|‾n}‾|‾¥‾{^}rz}z t=1.7s
TIGHT n=16 m=105 tag=Kn-oddH755 g6=O‾‾‾‾|‾n}‾|‾¥‾Nv‾F|}z t=2.5s
TIGHT n=16 m=105 tag=Kn-oddH756 g6=O‾‾‾‾|‾n}‾|‾¥‾¥v‾F‾mz t=5.4s
TIGHT n=16 m=105 tag=Kn-oddH757 g6=O‾‾‾‾|‾n}‾|‾¥‾Nz‾F|‾Z t=2.0s
TIGHT n=16 m=105 tag=Kn-oddH758 g6=O‾‾‾‾|‾n}‾|‾¥‾mzvfz‾Z t=1.7s
TIGHT n=16 m=105 tag=Kn-oddH759 g6=O‾‾‾‾|‾n}‾|‾¥‾]‾Rn{|‾ t=2.1s
TIGHT n=16 m=106 tag=Kn-oddH760 g6=O‾‾‾‾|‾n}‾|‾{‾|^nvjn| t=0.2s
TIGHT n=16 m=106 tag=Kn-oddH761 g6=O‾‾‾‾|‾n}‾|‾{‾‾Nf‾h‾| t=1.8s
TIGHT n=16 m=106 tag=Kn-oddH762 g6=O‾‾‾‾|‾n}‾|‾{‾‾Nnnjz| t=2.3s
TIGHT n=16 m=106 tag=Kn-oddH763 g6=O‾‾‾‾|‾n}‾|‾{‾‾N}nnj| t=1.8s
TIGHT n=16 m=106 tag=Kn-oddH764 g6=O‾‾‾‾|‾n}‾|‾{‾‾N‾fnx| t=2.5s
TIGHT n=16 m=106 tag=Kn-oddH765 g6=O‾‾‾‾|‾n}‾|‾{‾‾Nnzj}| t=1.7s
TIGHT n=16 m=105 tag=Kn-oddH766 g6=O‾‾‾‾|‾n}‾|‾{‾N^jv{‾z t=1.6s
TIGHT n=16 m=105 tag=Kn-oddH767 g6=O‾‾‾‾|‾n}‾|‾{‾¥^fv|nz t=1.9s
TIGHT n=16 m=105 tag=Kn-oddH768 g6=O‾‾‾‾|‾n}‾|‾{‾¥^uvx‾z t=1.4s
TIGHT n=16 m=105 tag=Kn-oddH769 g6=O‾‾‾‾|‾n}‾|‾{‾^Ne‾|nz t=2.9s
TIGHT n=16 m=105 tag=Kn-oddH770 g6=O‾‾‾‾|‾n}‾|‾{‾^Nm^‾fz t=1.2s
TIGHT n=16 m=105 tag=Kn-oddH771 g6=O‾‾‾‾|‾n}‾|‾{‾|Ne‾x‾z t=2.0s
TIGHT n=16 m=105 tag=Kn-oddH772 g6=O‾‾‾‾|‾n}‾|‾{‾|Nmnzzz t=2.3s
TIGHT n=16 m=105 tag=Kn-oddH773 g6=O‾‾‾‾|‾n}‾|‾{‾N‾Zfw‾‾ t=5.3s
TIGHT n=16 m=105 tag=Kn-oddH774 g6=O‾‾‾‾|‾n}‾|‾{‾¥‾^bzm‾ t=2.1s
TIGHT n=16 m=105 tag=Kn-oddH775 g6=O‾‾‾‾|‾n}‾|‾{‾^^Rvw‾‾ t=1.5s
TIGHT n=16 m=105 tag=Kn-oddH776 g6=O‾‾‾‾|‾n}‾|‾{‾^^Uvxn‾ t=1.4s
TIGHT n=16 m=105 tag=Kn-oddH777 g6=O‾‾‾‾|‾n}‾|‾{‾^^]Vzf‾ t=0.8s
TIGHT n=16 m=105 tag=Kn-oddH778 g6=O‾‾‾‾|‾n}‾|‾{‾^^Vfxz‾ t=1.1s
TIGHT n=16 m=105 tag=Kn-oddH779 g6=O‾‾‾‾|‾n}‾|‾{‾^^Vrx}‾ t=1.5s
TIGHT n=16 m=105 tag=Kn-oddH780 g6=O‾‾‾‾|‾n}‾|‾{‾^^^bzy‾ t=1.7s
TIGHT n=16 m=105 tag=Kn-oddH781 g6=O‾‾‾‾|‾n}‾|‾{‾^^Vtx‾^ t=1.9s
TIGHT n=16 m=105 tag=Kn-oddH782 g6=O‾‾‾‾|‾n}‾|‾{‾|^NVzf‾ t=1.0s
TIGHT n=16 m=105 tag=Kn-oddH783 g6=O‾‾‾‾|‾n}‾|‾{‾|^^F‾b‾ t=1.9s
TIGHT n=16 m=105 tag=Kn-oddH784 g6=O‾‾‾‾|‾n}‾|‾{‾‾NB‾w‾‾ t=1.9s
TIGHT n=16 m=105 tag=Kn-oddH785 g6=O‾‾‾‾|‾n}‾|‾{‾‾NE‾xn‾ t=0.5s
TIGHT n=16 m=105 tag=Kn-oddH786 g6=O‾‾‾‾|‾n}‾|‾{‾‾N]N‾b‾ t=0.7s
TIGHT n=16 m=106 tag=Kn-oddH787 g6=O‾‾‾‾|‾n}‾|‾^v{‾‾fr}z t=2.0s
TIGHT n=16 m=105 tag=Kn-oddH788 g6=O‾‾‾‾|‾n}‾|‾^vk‾vfz}z t=2.4s
TIGHT n=16 m=104 tag=Kn-oddH789 g6=O‾‾‾‾|‾n}‾|‾L‾R‾‾F{^‾ t=1.9s
TIGHT n=16 m=104 tag=Kn-oddH790 g6=O‾‾‾‾|‾n}‾|‾L‾T‾‾F{n‾ t=1.1s
TIGHT n=16 m=104 tag=Kn-oddH791 g6=O‾‾‾‾|‾n}‾|‾L‾M‾xn}¥‾ t=2.9s
TIGHT n=16 m=104 tag=Kn-oddH792 g6=O‾‾‾‾|‾n}‾|‾L‾U‾tn}¥‾ t=1.0s
TIGHT n=16 m=104 tag=Kn-oddH793 g6=O‾‾‾‾|‾n}‾|‾L‾U‾|f{^‾ t=1.4s
TIGHT n=16 m=104 tag=Kn-oddH794 g6=O‾‾‾‾|‾n}‾|‾L‾U‾}f{n‾ t=2.1s
TIGHT n=16 m=104 tag=Kn-oddH795 g6=O‾‾‾‾|‾n}‾|‾L‾U‾‾b{}‾ t=1.6s
TIGHT n=16 m=104 tag=Kn-oddH796 g6=O‾‾‾‾|‾n}‾|‾L‾U‾‾d{‾^ t=2.1s
TIGHT n=16 m=104 tag=Kn-oddH797 g6=O‾‾‾‾|‾n}‾|‾L‾V|‾F{‾n t=1.7s
TIGHT n=16 m=104 tag=Kn-oddH798 g6=O‾‾‾‾|‾n}‾|‾[‾F‾|f{^‾ t=2.5s
TIGHT n=16 m=104 tag=Kn-oddH799 g6=O‾‾‾‾|‾n}‾|‾[‾F‾‾b{}‾ t=2.7s
TIGHT n=16 m=104 tag=Kn-oddH800 g6=O‾‾‾‾|‾n}‾|‾[‾[‾vf|f‾ t=2.2s
TIGHT n=16 m=104 tag=Kn-oddH801 g6=O‾‾‾‾|‾n}‾|‾[‾N^xv{^‾ t=1.3s
TIGHT n=16 m=104 tag=Kn-oddH802 g6=O‾‾‾‾|‾n}‾|‾[‾N^yv{n‾ t=2.6s
TIGHT n=16 m=104 tag=Kn-oddH803 g6=O‾‾‾‾|‾n}‾|‾[‾N^}V|f‾ t=1.1s
TIGHT n=16 m=104 tag=Kn-oddH804 g6=O‾‾‾‾|‾n}‾|‾[‾N^zf{z‾ t=2.8s
TIGHT n=16 m=104 tag=Kn-oddH805 g6=O‾‾‾‾|‾n}‾|‾[‾N^zr{}‾ t=2.2s
TIGHT n=16 m=104 tag=Kn-oddH806 g6=O‾‾‾‾|‾n}‾|‾[‾N^‾b|y‾ t=2.2s
TIGHT n=16 m=104 tag=Kn-oddH807 g6=O‾‾‾‾|‾n}‾|‾[‾N^zt{‾^ t=1.6s
TIGHT n=16 m=104 tag=Kn-oddH808 g6=O‾‾‾‾|‾n}‾|‾[‾N^zu{‾n t=1.5s
TIGHT n=16 m=104 tag=Kn-oddH809 g6=O‾‾‾‾|‾n}‾|‾[‾¥^rv{n‾ t=1.5s
TIGHT n=16 m=104 tag=Kn-oddH810 g6=O‾‾‾‾|‾n}‾|‾[‾¥^vV|f‾ t=1.6s
TIGHT n=16 m=104 tag=Kn-oddH811 g6=O‾‾‾‾|‾n}‾|‾[‾l^yvw‾‾ t=1.6s
TIGHT n=16 m=104 tag=Kn-oddH812 g6=O‾‾‾‾|‾n}‾|‾[‾^Np‾{^‾ t=0.7s
TIGHT n=16 m=104 tag=Kn-oddH813 g6=O‾‾‾‾|‾n}‾|‾[‾^Nq‾{n‾ t=0.7s
TIGHT n=16 m=104 tag=Kn-oddH814 g6=O‾‾‾‾|‾n}‾|‾[‾^Nrz{}‾ t=1.2s
TIGHT n=16 m=104 tag=Kn-oddH815 g6=O‾‾‾‾|‾n}‾|‾[‾^N}Z‾e‾ t=2.6s
TIGHT n=16 m=104 tag=Kn-oddH816 g6=O‾‾‾‾|‾n}‾|‾[‾^Nr|{‾^ t=1.8s
TIGHT n=16 m=104 tag=Kn-oddH817 g6=O‾‾‾‾|‾n}‾|‾[‾Nvzf{}‾ t=1.7s
TIGHT n=16 m=104 tag=Kn-oddH818 g6=O‾‾‾‾|‾n}‾|‾[‾Nzzf{‾^ t=1.1s
TIGHT n=16 m=104 tag=Kn-oddH819 g6=O‾‾‾‾|‾n}‾|‾{^{^mvzr‾ t=1.8s
TIGHT n=16 m=104 tag=Kn-oddH820 g6=O‾‾‾‾|‾n}‾|‾{^¥nq‾w‾‾ t=1.7s
TIGHT n=16 m=104 tag=Kn-oddH821 g6=O‾‾‾‾|‾n}‾|‾{^¥nu^xv‾ t=0.9s
TIGHT n=16 m=104 tag=Kn-oddH822 g6=O‾‾‾‾|‾n}‾|‾{^¥nuvx|‾ t=2.2s
TIGHT n=16 m=104 tag=Kn-oddH823 g6=O‾‾‾‾|‾n}‾|‾{^¥nu|x‾^ t=0.7s
TIGHT n=16 m=104 tag=Kn-oddH824 g6=O‾‾‾‾|‾n}‾|‾{^{ne‾xv‾ t=4.4s
TIGHT n=16 m=104 tag=Kn-oddH825 g6=O‾‾‾‾|‾n}‾|‾{^{nmnzr‾ t=1.5s
TIGHT n=16 m=104 tag=Kn-oddH826 g6=O‾‾‾‾|‾n}‾|‾{^{n}f‾p‾ t=1.2s
TIGHT n=16 m=104 tag=Kn-oddH827 g6=O‾‾‾‾|‾n}‾|‾NvT‾‾F{}‾ t=2.1s
TIGHT n=16 m=104 tag=Kn-oddH828 g6=O‾‾‾‾|‾n}‾|‾Nv¥z‾F|}^ t=1.8s
TIGHT n=16 m=104 tag=Kn-oddH829 g6=O‾‾‾‾|‾n}‾|‾¥vF‾‾F{}‾ t=1.7s
TIGHT n=16 m=104 tag=Kn-oddH830 g6=O‾‾‾‾|‾n}‾|‾¥vM‾zf{}‾ t=2.1s
TIGHT n=16 m=104 tag=Kn-oddH831 g6=O‾‾‾‾|‾n}‾|‾¥v[‾vf|m‾ t=1.8s
TIGHT n=16 m=104 tag=Kn-oddH832 g6=O‾‾‾‾|‾n}‾|‾¥v]^rv{}‾ t=1.9s
TIGHT n=16 m=104 tag=Kn-oddH833 g6=O‾‾‾‾|‾n}‾|‾¥v]^uv|m‾ t=1.1s
TIGHT n=16 m=104 tag=Kn-oddH834 g6=O‾‾‾‾|‾n}‾|‾¥vNz‾F|}^ t=1.8s
TIGHT n=16 m=105 tag=Kn-oddH835 g6=O‾‾‾‾|‾n}‾l‾l‾}^nv¥‾x t=2.5s
TIGHT n=16 m=104 tag=Kn-oddH836 g6=O‾‾‾‾|‾n}‾l‾l‾V}‾F{‾z t=3.8s
TIGHT n=16 m=104 tag=Kn-oddH837 g6=O‾‾‾‾|‾n}‾l‾l‾Z}‾F|^z t=1.5s
TIGHT n=16 m=104 tag=Kn-oddH838 g6=O‾‾‾‾|‾n}‾l‾l‾]}rn}|z t=1.6s
TIGHT n=16 m=104 tag=Kn-oddH839 g6=O‾‾‾‾|‾n}‾l‾l‾]}zf{‾z t=0.8s
TIGHT n=16 m=104 tag=Kn-oddH840 g6=O‾‾‾‾|‾n}‾l‾l‾]}|f|^z t=1.3s
TIGHT n=16 m=104 tag=Kn-oddH841 g6=O‾‾‾‾|‾n}‾l‾l‾]}}f|nz t=1.2s
TIGHT n=16 m=104 tag=Kn-oddH842 g6=O‾‾‾‾|‾n}‾l‾x‾N}‾F|^z t=1.8s
TIGHT n=16 m=104 tag=Kn-oddH843 g6=O‾‾‾‾|‾n}‾l‾x‾j}‾Fx‾z t=0.6s
TIGHT n=16 m=104 tag=Kn-oddH844 g6=O‾‾‾‾|‾n}‾l‾{‾N^rv}‾r t=1.9s
TIGHT n=16 m=104 tag=Kn-oddH845 g6=O‾‾‾‾|‾n}‾l‾{‾f^rvz‾r t=2.0s
TIGHT n=16 m=104 tag=Kn-oddH846 g6=O‾‾‾‾|‾n}‾l‾{‾{^}Vz‾r t=1.7s
TIGHT n=16 m=104 tag=Kn-oddH847 g6=O‾‾‾‾|‾n}‾l‾{‾Nv‾b|‾r t=2.4s
TIGHT n=16 m=104 tag=Kn-oddH848 g6=O‾‾‾‾|‾n}‾l‾{‾Zv‾b‾^r t=1.7s
TIGHT n=16 m=104 tag=Kn-oddH849 g6=O‾‾‾‾|‾n}‾l‾{‾nZvtz‾r t=0.8s
TIGHT n=16 m=104 tag=Kn-oddH850 g6=O‾‾‾‾|‾n}‾l‾{‾Z}‾b‾]z t=1.6s
TIGHT n=16 m=104 tag=Kn-oddH851 g6=O‾‾‾‾|‾n}‾l‾{‾^]rv{‾z t=0.7s
TIGHT n=16 m=104 tag=Kn-oddH852 g6=O‾‾‾‾|‾n}‾l‾{‾^]uv|nz t=1.2s
TIGHT n=16 m=104 tag=Kn-oddH853 g6=O‾‾‾‾|‾n}‾l‾{‾l‾]fx‾v t=3.6s
TIGHT n=16 m=104 tag=Kn-oddH854 g6=O‾‾‾‾|‾n}‾l‾{‾x‾¥fznv t=1.3s
TIGHT n=16 m=104 tag=Kn-oddH855 g6=O‾‾‾‾|‾n}‾l‾{‾x‾]fz^v t=2.0s
TIGHT n=16 m=104 tag=Kn-oddH856 g6=O‾‾‾‾|‾n}‾l‾{‾{‾]fzvv t=1.7s
TIGHT n=16 m=104 tag=Kn-oddH857 g6=O‾‾‾‾|‾n}‾l‾{‾n^Jv{‾v t=1.2s
TIGHT n=16 m=104 tag=Kn-oddH858 g6=O‾‾‾‾|‾n}‾l‾{‾n^Rvy‾v t=1.6s
TIGHT n=16 m=104 tag=Kn-oddH859 g6=O‾‾‾‾|‾n}‾l‾{‾n^Vfzzv t=1.5s
TIGHT n=16 m=104 tag=Kn-oddH860 g6=O‾‾‾‾|‾n}‾l‾{‾n^Vtz‾V t=0.9s
TIGHT n=16 m=104 tag=Kn-oddH861 g6=O‾‾‾‾|‾n}‾l‾{‾z^Fv|^v t=1.7s
TIGHT n=16 m=104 tag=Kn-oddH862 g6=O‾‾‾‾|‾n}‾l‾{‾z^¥fzzv t=1.6s
TIGHT n=16 m=104 tag=Kn-oddH863 g6=O‾‾‾‾|‾n}‾l‾{‾|^Fv|nv t=1.5s
TIGHT n=16 m=104 tag=Kn-oddH864 g6=O‾‾‾‾|‾n}‾l‾{‾|^Uvx‾v t=1.4s
TIGHT n=16 m=104 tag=Kn-oddH865 g6=O‾‾‾‾|‾n}‾l‾{‾|^]Vzvv t=1.3s
TIGHT n=16 m=104 tag=Kn-oddH866 g6=O‾‾‾‾|‾n}‾l‾{‾‾NB‾{‾v t=1.9s
TIGHT n=16 m=104 tag=Kn-oddH867 g6=O‾‾‾‾|‾n}‾l‾{‾‾NE‾|nv t=1.4s
TIGHT n=16 m=104 tag=Kn-oddH868 g6=O‾‾‾‾|‾n}‾l‾{‾‾NFz|}v t=1.3s
TIGHT n=16 m=104 tag=Kn-oddH869 g6=O‾‾‾‾|‾n}‾l‾{‾‾NLz‾]v t=0.6s
TIGHT n=16 m=104 tag=Kn-oddH870 g6=O‾‾‾‾|‾n}‾l‾{‾‾NF||‾V t=1.3s
TIGHT n=16 m=104 tag=Kn-oddH871 g6=O‾‾‾‾|‾n}‾l‾{‾nzVfz‾V t=1.6s
TIGHT n=16 m=103 tag=Kn-oddH872 g6=O‾‾‾‾|‾n}‾l‾J‾p‾‾F{‾v t=0.9s
TIGHT n=16 m=103 tag=Kn-oddH873 g6=O‾‾‾‾|‾n}‾l‾L‾d‾‾F}nv t=1.6s
TIGHT n=16 m=103 tag=Kn-oddH874 g6=O‾‾‾‾|‾n}‾l‾L‾e‾|f}^v t=1.6s
TIGHT n=16 m=103 tag=Kn-oddH875 g6=O‾‾‾‾|‾n}‾l‾L‾e‾}f}nv t=1.6s
TIGHT n=16 m=103 tag=Kn-oddH876 g6=O‾‾‾‾|‾n}‾l‾L‾e‾‾F}vv t=1.2s
TIGHT n=16 m=103 tag=Kn-oddH877 g6=O‾‾‾‾|‾n}‾l‾L‾fz‾F}‾V t=0.6s
TIGHT n=16 m=103 tag=Kn-oddH878 g6=O‾‾‾‾|‾n}‾l‾L‾f|‾F}‾f t=0.7s
TIGHT n=16 m=103 tag=Kn-oddH879 g6=O‾‾‾‾|‾n}‾l‾d‾e‾|fz^v t=0.5s
TIGHT n=16 m=103 tag=Kn-oddH880 g6=O‾‾‾‾|‾n}‾l‾d‾e‾}fznv t=2.0s
TIGHT n=16 m=103 tag=Kn-oddH881 g6=O‾‾‾‾|‾n}‾l‾X‾b‾‾F{‾v t=1.3s
TIGHT n=16 m=103 tag=Kn-oddH882 g6=O‾‾‾‾|‾n}‾l‾X‾jv‾F|}v t=1.5s
TIGHT n=16 m=103 tag=Kn-oddH883 g6=O‾‾‾‾|‾n}‾l‾X‾xv‾F‾mv t=1.6s
TIGHT n=16 m=103 tag=Kn-oddH884 g6=O‾‾‾‾|‾n}‾l‾k‾b‾|fy‾v t=2.0s
TIGHT n=16 m=103 tag=Kn-oddH885 g6=O‾‾‾‾|‾n}‾l‾k‾d‾}fy‾v t=1.3s
TIGHT n=16 m=103 tag=Kn-oddH886 g6=O‾‾‾‾|‾n}‾l‾k‾k‾}fzvv t=1.6s
TIGHT n=16 m=103 tag=Kn-oddH887 g6=O‾‾‾‾|‾n}‾l‾k‾f^zfzzv t=1.2s
TIGHT n=16 m=103 tag=Kn-oddH888 g6=O‾‾‾‾|‾n}‾l‾k‾f^ztz‾V t=1.3s
TIGHT n=16 m=103 tag=Kn-oddH889 g6=O‾‾‾‾|‾n}‾l‾k‾f^zuz‾f t=0.2s
TIGHT n=16 m=103 tag=Kn-oddH890 g6=O‾‾‾‾|‾n}‾l‾k‾l^jv}nv t=1.3s
TIGHT n=16 m=103 tag=Kn-oddH891 g6=O‾‾‾‾|‾n}‾l‾k‾l^yvy‾v t=2.0s
TIGHT n=16 m=103 tag=Kn-oddH892 g6=O‾‾‾‾|‾n}‾l‾k‾l^}Vzvv t=0.5s
TIGHT n=16 m=103 tag=Kn-oddH893 g6=O‾‾‾‾|‾n}‾l‾k‾nNi‾}nv t=1.6s
TIGHT n=16 m=103 tag=Kn-oddH894 g6=O‾‾‾‾|‾n}‾l‾k‾nNjz}}v t=1.5s
TIGHT n=16 m=103 tag=Kn-oddH895 g6=O‾‾‾‾|‾n}‾l‾k‾nNlz‾]v t=0.9s
TIGHT n=16 m=103 tag=Kn-oddH896 g6=O‾‾‾‾|‾n}‾l‾k‾nNj}}‾f t=1.7s
TIGHT n=16 m=103 tag=Kn-oddH897 g6=O‾‾‾‾|‾n}‾l‾k‾jv|fz}v t=1.6s
TIGHT n=16 m=103 tag=Kn-oddH898 g6=O‾‾‾‾|‾n}‾l‾k‾fzzfz‾V t=1.5s
TIGHT n=16 m=103 tag=Kn-oddH899 g6=O‾‾‾‾|‾n}‾l‾k‾fz‾dy‾v t=1.6s
TIGHT n=16 m=103 tag=Kn-oddH900 g6=O‾‾‾‾|‾n}‾l‾w‾h‾vfznv t=0.8s
TIGHT n=16 m=103 tag=Kn-oddH901 g6=O‾‾‾‾|‾n}‾l‾w‾h‾}fx‾v t=1.9s
TIGHT n=16 m=103 tag=Kn-oddH902 g6=O‾‾‾‾|‾n}‾l‾w‾j^jv{‾v t=2.0s
TIGHT n=16 m=103 tag=Kn-oddH903 g6=O‾‾‾‾|‾n}‾l‾w‾j^rvy‾v t=1.5s
TIGHT n=16 m=103 tag=Kn-oddH904 g6=O‾‾‾‾|‾n}‾l‾w‾j^zvW‾‾ t=0.8s
TIGHT n=16 m=103 tag=Kn-oddH905 g6=O‾‾‾‾|‾n}‾l‾w‾j^‾rX}‾ t=1.6s
TIGHT n=16 m=103 tag=Kn-oddH906 g6=O‾‾‾‾|‾n}‾l‾w‾x^vvXn‾ t=1.5s
TIGHT n=16 m=103 tag=Kn-oddH907 g6=O‾‾‾‾|‾n}‾l‾w‾zNm^‾fv t=1.5s
TIGHT n=16 m=103 tag=Kn-oddH908 g6=O‾‾‾‾|‾n}‾l‾w‾zNr‾W‾‾ t=2.0s
TIGHT n=16 m=103 tag=Kn-oddH909 g6=O‾‾‾‾|‾n}‾l‾w‾zNu‾Xn‾ t=1.6s
TIGHT n=16 m=103 tag=Kn-oddH910 g6=O‾‾‾‾|‾n}‾l‾w‾xv}fz}v t=1.5s
TIGHT n=16 m=103 tag=Kn-oddH911 g6=O‾‾‾‾|‾n}‾l‾w‾zVfv|}v t=1.5s
TIGHT n=16 m=103 tag=Kn-oddH912 g6=O‾‾‾‾|‾n}‾l‾w‾zVnf‾yv t=0.8s
TIGHT n=16 m=103 tag=Kn-oddH913 g6=O‾‾‾‾|‾n}‾l‾w‾zVvvX}‾ t=1.6s
TIGHT n=16 m=103 tag=Kn-oddH914 g6=O‾‾‾‾|‾n}‾l‾{^{^}Vzzv t=0.7s
TIGHT n=16 m=103 tag=Kn-oddH915 g6=O‾‾‾‾|‾n}‾l‾{^{nu^x‾v t=1.5s
TIGHT n=16 m=103 tag=Kn-oddH916 g6=O‾‾‾‾|‾n}‾l‾Nvtv‾F{‾v t=1.6s
TIGHT n=16 m=103 tag=Kn-oddH917 g6=O‾‾‾‾|‾n}‾l‾Nvxv‾F|^v t=1.6s
TIGHT n=16 m=103 tag=Kn-oddH918 g6=O‾‾‾‾|‾n}‾l‾Nv{vzf{‾v t=0.8s
TIGHT n=16 m=103 tag=Kn-oddH919 g6=O‾‾‾‾|‾n}‾l‾Nv{v}f|nv t=0.9s
TIGHT n=16 m=103 tag=Kn-oddH920 g6=O‾‾‾‾|‾n}‾l‾Zvh‾‾F|}v t=2.1s
TIGHT n=16 m=103 tag=Kn-oddH921 g6=O‾‾‾‾|‾n}‾l‾Zvlv‾F|^v t=0.8s
TIGHT n=16 m=103 tag=Kn-oddH922 g6=O‾‾‾‾|‾n}‾l‾xvjv‾Fx‾v t=0.5s
TIGHT n=16 m=103 tag=Kn-oddH923 g6=O‾‾‾‾|‾n}‾l‾Nzd‾‾F}‾V t=1.1s
TIGHT n=16 m=103 tag=Kn-oddH924 g6=O‾‾‾‾|‾n}‾l‾fzd‾‾Fz‾V t=1.5s
TIGHT n=16 m=103 tag=Kn-oddH925 g6=O‾‾‾‾|‾n}‾l‾lzk‾}fz‾V t=0.8s
TIGHT n=16 m=103 tag=Kn-oddH926 g6=O‾‾‾‾|‾n}‾l‾lzk‾‾dznv t=2.0s
TIGHT n=16 m=103 tag=Kn-oddH927 g6=O‾‾‾‾|‾n}‾l‾lzm^jv}‾V t=1.5s
TIGHT n=16 m=103 tag=Kn-oddH928 g6=O‾‾‾‾|‾n}‾l‾lzm^zty‾v t=1.5s
TIGHT n=16 m=103 tag=Kn-oddH929 g6=O‾‾‾‾|‾n}‾l‾lzm^‾Tzvv t=1.5s
TIGHT n=16 m=103 tag=Kn-oddH930 g6=O‾‾‾‾|‾n}‾l‾lzfz‾Fy‾v t=0.8s
TIGHT n=16 m=103 tag=Kn-oddH931 g6=O‾‾‾‾|‾n}‾l‾lzjz‾Fz^v t=1.7s
TIGHT n=16 m=103 tag=Kn-oddH932 g6=O‾‾‾‾|‾n}‾l‾lzlz‾Fznv t=1.6s
TIGHT n=16 m=103 tag=Kn-oddH933 g6=O‾‾‾‾|‾n}‾l‾lzmzzfy‾v t=0.8s
TIGHT n=16 m=103 tag=Kn-oddH934 g6=O‾‾‾‾|‾n}‾l‾lzmz}fznv t=1.5s
TIGHT n=16 m=103 tag=Kn-oddH935 g6=O‾‾‾‾|‾n}‾l‾N}{^xv{^‾ t=1.7s
TIGHT n=16 m=103 tag=Kn-oddH936 g6=O‾‾‾‾|‾n}‾l‾Z}k‾zf{^‾ t=1.6s
TIGHT n=16 m=103 tag=Kn-oddH937 g6=O‾‾‾‾|‾n}‾l‾Z}{^rv{^‾ t=1.6s
TIGHT n=16 m=103 tag=Kn-oddH938 g6=O‾‾‾‾|‾n}‾l‾Z}{^uv|N‾ t=1.5s
TIGHT n=16 m=103 tag=Kn-oddH939 g6=O‾‾‾‾|‾n}‾l‾Z}{^vr|]‾ t=0.9s
TIGHT n=16 m=103 tag=Kn-oddH940 g6=O‾‾‾‾|‾n}‾l‾¥}m^zV{v‾ t=0.5s
TIGHT n=16 m=103 tag=Kn-oddH941 g6=O‾‾‾‾|‾n}‾l‾¥}m^zt{‾^ t=1.5s
TIGHT n=16 m=103 tag=Kn-oddH942 g6=O‾‾‾‾|‾n}‾l‾¥}m^zu{‾n t=1.5s
TIGHT n=16 m=103 tag=Kn-oddH943 g6=O‾‾‾‾|‾n}‾l‾¥}y^}r‾M‾ t=1.4s
TIGHT n=16 m=103 tag=Kn-oddH944 g6=O‾‾‾‾|‾n}‾l‾¥}}Ns‾|N‾ t=1.6s
TIGHT n=16 m=103 tag=Kn-oddH945 g6=O‾‾‾‾|‾n}‾l‾¥}}Nr^{v‾ t=1.5s
TIGHT n=16 m=103 tag=Kn-oddH946 g6=O‾‾‾‾|‾n}‾l‾¥}}NvN|r‾ t=1.5s
TIGHT n=16 m=103 tag=Kn-oddH947 g6=O‾‾‾‾|‾n}‾l‾¥}}N‾F‾p‾ t=1.5s
TIGHT n=16 m=103 tag=Kn-oddH948 g6=O‾‾‾‾|‾n}‾l‾¥}}N{z‾M‾ t=0.8s
TIGHT n=16 m=103 tag=Kn-oddH949 g6=O‾‾‾‾|‾n}‾l‾¥}}Nr|{‾^ t=1.4s
TIGHT n=16 m=105 tag=Kn-oddH950 g6=O‾‾‾‾|‾n}‾{‾y‾^^nvv^r t=1.5s
TIGHT n=16 m=104 tag=Kn-oddH951 g6=O‾‾‾‾|‾n}‾{‾y‾N^fv‾^r t=1.6s
TIGHT n=16 m=104 tag=Kn-oddH952 g6=O‾‾‾‾|‾n}‾{‾y‾^Vnr‾^r t=1.8s
TIGHT n=16 m=104 tag=Kn-oddH953 g6=O‾‾‾‾|‾n}‾{‾y‾Z}vfx‾z t=0.5s
TIGHT n=16 m=104 tag=Kn-oddH954 g6=O‾‾‾‾|‾n}‾{‾y‾Z}}fznz t=1.5s
TIGHT n=16 m=104 tag=Kn-oddH955 g6=O‾‾‾‾|‾n}‾{‾y‾¥}}fz^z t=1.7s
TIGHT n=16 m=104 tag=Kn-oddH956 g6=O‾‾‾‾|‾n}‾{‾y‾y}nfzvz t=1.5s
TIGHT n=16 m=104 tag=Kn-oddH957 g6=O‾‾‾‾|‾n}‾{‾y‾^]fv|^z t=1.5s
TIGHT n=16 m=104 tag=Kn-oddH958 g6=O‾‾‾‾|‾n}‾{‾y‾^]tvx‾z t=1.2s
TIGHT n=16 m=104 tag=Kn-oddH959 g6=O‾‾‾‾|‾n}‾{‾y‾^]vvh^‾ t=1.3s
TIGHT n=16 m=104 tag=Kn-oddH960 g6=O‾‾‾‾|‾n}‾{‾y‾}]nvjV‾ t=0.6s
TIGHT n=16 m=104 tag=Kn-oddH961 g6=O‾‾‾‾|‾n}‾{‾}^ynl^z‾r t=1.3s
TIGHT n=16 m=104 tag=Kn-oddH962 g6=O‾‾‾‾|‾n}‾{‾}^^ffz|‾r t=0.5s
TIGHT n=16 m=104 tag=Kn-oddH963 g6=O‾‾‾‾|‾n}‾{‾}^^fnr‾|r t=1.4s
TIGHT n=16 m=104 tag=Kn-oddH964 g6=O‾‾‾‾|‾n}‾{‾}^N}jv{‾z t=1.2s
TIGHT n=16 m=104 tag=Kn-oddH965 g6=O‾‾‾‾|‾n}‾{‾}^Z}|Vzvz t=1.5s
TIGHT n=16 m=104 tag=Kn-oddH966 g6=O‾‾‾‾|‾n}‾{‾}^x}nvjN‾ t=0.8s
TIGHT n=16 m=104 tag=Kn-oddH967 g6=O‾‾‾‾|‾n}‾{‾}^]}fv|vz t=2.0s
TIGHT n=16 m=104 tag=Kn-oddH968 g6=O‾‾‾‾|‾n}‾{‾}^]}vVx‾z t=1.7s
TIGHT n=16 m=104 tag=Kn-oddH969 g6=O‾‾‾‾|‾n}‾{‾}^]}|Vz^z t=1.6s
TIGHT n=16 m=104 tag=Kn-oddH970 g6=O‾‾‾‾|‾n}‾{‾}^]}‾Fzzz t=1.1s
TIGHT n=16 m=104 tag=Kn-oddH971 g6=O‾‾‾‾|‾n}‾{‾}^y}lvzvz t=0.6s
TIGHT n=16 m=104 tag=Kn-oddH972 g6=O‾‾‾‾|‾n}‾{‾}^y}nVz^z t=0.7s
TIGHT n=16 m=104 tag=Kn-oddH973 g6=O‾‾‾‾|‾n}‾{‾}^y}nvjV‾ t=0.2s
TIGHT n=16 m=104 tag=Kn-oddH974 g6=O‾‾‾‾|‾n}‾{‾}^}]nVzzz t=2.0s
TIGHT n=16 m=104 tag=Kn-oddH975 g6=O‾‾‾‾|‾n}‾{‾}^}]nvjr‾ t=1.2s
TIGHT n=16 m=104 tag=Kn-oddH976 g6=O‾‾‾‾|‾n}‾{‾}^^mnr‾{z t=1.8s
TIGHT n=16 m=104 tag=Kn-oddH977 g6=O‾‾‾‾|‾n}‾{‾}^^mr‾g‾‾ t=2.1s
TIGHT n=16 m=104 tag=Kn-oddH978 g6=O‾‾‾‾|‾n}‾{‾}^^mt‾h^‾ t=1.6s
TIGHT n=16 m=104 tag=Kn-oddH979 g6=O‾‾‾‾|‾n}‾{‾}^^mv^hv‾ t=1.5s
TIGHT n=16 m=104 tag=Kn-oddH980 g6=O‾‾‾‾|‾n}‾{‾}^^mvvh|‾ t=1.6s
TIGHT n=16 m=104 tag=Kn-oddH981 g6=O‾‾‾‾|‾n}‾{‾}^^mv|h‾^ t=2.0s
TIGHT n=16 m=104 tag=Kn-oddH982 g6=O‾‾‾‾|‾n}‾{‾}^zm{^‾fz t=1.6s
TIGHT n=16 m=104 tag=Kn-oddH983 g6=O‾‾‾‾|‾n}‾{‾}^}mf^x‾z t=1.3s
TIGHT n=16 m=104 tag=Kn-oddH984 g6=O‾‾‾‾|‾n}‾{‾}^}mnVz|z t=1.3s
TIGHT n=16 m=104 tag=Kn-oddH985 g6=O‾‾‾‾|‾n}‾{‾}^}m|V‾¥z t=1.2s
TIGHT n=16 m=104 tag=Kn-oddH986 g6=O‾‾‾‾|‾n}‾{‾}^}m‾fnp‾ t=1.2s
TIGHT n=16 m=104 tag=Kn-oddH987 g6=O‾‾‾‾|‾n}‾{‾}^^ufv|}z t=1.2s
TIGHT n=16 m=103 tag=Kn-oddH988 g6=O‾‾‾‾|‾n}‾{‾X‾h‾‾Fx‾v t=0.8s
TIGHT n=16 m=103 tag=Kn-oddH989 g6=O‾‾‾‾|‾n}‾{‾M‾U‾‾F{‾v t=1.2s
TIGHT n=16 m=103 tag=Kn-oddH990 g6=O‾‾‾‾|‾n}‾{‾M‾N^xv}^v t=1.4s
TIGHT n=16 m=103 tag=Kn-oddH991 g6=O‾‾‾‾|‾n}‾{‾M‾V^‾t[‾^ t=1.5s
TIGHT n=16 m=103 tag=Kn-oddH992 g6=O‾‾‾‾|‾n}‾{‾M‾nVzvY}‾ t=1.6s
TIGHT n=16 m=103 tag=Kn-oddH993 g6=O‾‾‾‾|‾n}‾{‾Y‾J‾zf{‾v t=1.7s
TIGHT n=16 m=103 tag=Kn-oddH994 g6=O‾‾‾‾|‾n}‾{‾Y‾M‾‾F|^v t=1.4s
TIGHT n=16 m=103 tag=Kn-oddH995 g6=O‾‾‾‾|‾n}‾{‾Y‾i‾‾Fx‾v t=1.3s
TIGHT n=16 m=103 tag=Kn-oddH996 g6=O‾‾‾‾|‾n}‾{‾Y‾N^rv}^v t=0.2s
TIGHT n=16 m=103 tag=Kn-oddH997 g6=O‾‾‾‾|‾n}‾{‾Y‾N^zv[^‾ t=0.6s
TIGHT n=16 m=103 tag=Kn-oddH998 g6=O‾‾‾‾|‾n}‾{‾Y‾j^jv{‾v t=2.0s
TIGHT n=16 m=103 tag=Kn-oddH999 g6=O‾‾‾‾|‾n}‾{‾Y‾j^zvW‾‾ t=1.3s
TIGHT n=16 m=103 tag=Kn-oddH1000 g6=O‾‾‾‾|‾n}‾{‾Y‾¥^vv¥N‾ t=0.5s
TIGHT n=16 m=103 tag=Kn-oddH1001 g6=O‾‾‾‾|‾n}‾{‾w‾X‾vfx‾v t=0.4s
TIGHT n=16 m=103 tag=Kn-oddH1002 g6=O‾‾‾‾|‾n}‾{‾w‾Z^uvx‾v t=1.5s
TIGHT n=16 m=103 tag=Kn-oddH1003 g6=O‾‾‾‾|‾n}‾{‾w‾Z^vvXn‾ t=0.8s
TIGHT n=16 m=103 tag=Kn-oddH1004 g6=O‾‾‾‾|‾n}‾{‾w‾x^fvx‾v t=1.6s
TIGHT n=16 m=103 tag=Kn-oddH1005 g6=O‾‾‾‾|‾n}‾{‾w‾x^nVzvv t=1.5s
TIGHT n=16 m=103 tag=Kn-oddH1006 g6=O‾‾‾‾|‾n}‾{‾w‾x^‾F‾rv t=1.2s
TIGHT n=16 m=103 tag=Kn-oddH1007 g6=O‾‾‾‾|‾n}‾{‾]^J‾xv{‾v t=0.6s
TIGHT n=16 m=103 tag=Kn-oddH1008 g6=O‾‾‾‾|‾n}‾{‾]^J‾|r|}v t=1.2s
TIGHT n=16 m=103 tag=Kn-oddH1009 g6=O‾‾‾‾|‾n}‾{‾]^J‾vt‾^V t=0.7s
TIGHT n=16 m=103 tag=Kn-oddH1010 g6=O‾‾‾‾|‾n}‾{‾]^J‾zv[^‾ t=1.5s
TIGHT n=16 m=103 tag=Kn-oddH1011 g6=O‾‾‾‾|‾n}‾{‾]^X‾tv|nv t=1.2s
TIGHT n=16 m=103 tag=Kn-oddH1012 g6=O‾‾‾‾|‾n}‾{‾]^X‾|r‾mv t=0.8s
TIGHT n=16 m=103 tag=Kn-oddH1013 g6=O‾‾‾‾|‾n}‾{‾]^X‾vv¥N‾ t=0.9s
TIGHT n=16 m=103 tag=Kn-oddH1014 g6=O‾‾‾‾|‾n}‾{‾]^Y‾tv|vv t=1.6s
TIGHT n=16 m=103 tag=Kn-oddH1015 g6=O‾‾‾‾|‾n}‾{‾]^]^vv¥r‾ t=1.5s
TIGHT n=16 m=103 tag=Kn-oddH1016 g6=O‾‾‾‾|‾n}‾{‾]^Nnvx‾}V t=1.5s
TIGHT n=16 m=103 tag=Kn-oddH1017 g6=O‾‾‾‾|‾n}‾{‾]^Nnx‾[^‾ t=1.3s
TIGHT n=16 m=103 tag=Kn-oddH1018 g6=O‾‾‾‾|‾n}‾{‾]^Nnz^[v‾ t=1.8s
TIGHT n=16 m=103 tag=Kn-oddH1019 g6=O‾‾‾‾|‾n}‾{‾]^Nnzv[|‾ t=0.2s
TIGHT n=16 m=103 tag=Kn-oddH1020 g6=O‾‾‾‾|‾n}‾{‾]^Nnzz[}‾ t=1.2s
TIGHT n=16 m=103 tag=Kn-oddH1021 g6=O‾‾‾‾|‾n}‾{‾]^Nn‾t¥|^ t=0.9s
TIGHT n=16 m=103 tag=Kn-oddH1022 g6=O‾‾‾‾|‾n}‾{‾]^Nnz}[‾n t=1.3s
TIGHT n=16 m=103 tag=Kn-oddH1023 g6=O‾‾‾‾|‾n}‾{‾]^Znp‾{‾v t=0.9s
TIGHT n=16 m=103 tag=Kn-oddH1024 g6=O‾‾‾‾|‾n}‾{‾]^Zntv||v t=1.8s
TIGHT n=16 m=103 tag=Kn-oddH1025 g6=O‾‾‾‾|‾n}‾{‾]^Zn}v^L‾ t=1.2s
TIGHT n=16 m=103 tag=Kn-oddH1026 g6=O‾‾‾‾|‾n}‾{‾]^Nvrv}}v t=1.6s
TIGHT n=16 m=103 tag=Kn-oddH1027 g6=O‾‾‾‾|‾n}‾{‾]^Nvzr{‾v t=1.4s
TIGHT n=16 m=103 tag=Kn-oddH1028 g6=O‾‾‾‾|‾n}‾{‾]^Nv|r|^v t=0.8s
TIGHT n=16 m=103 tag=Kn-oddH1029 g6=O‾‾‾‾|‾n}‾{‾]^Nv‾p|‾V t=1.8s
TIGHT n=16 m=103 tag=Kn-oddH1030 g6=O‾‾‾‾|‾n}‾{‾]^Nvzv[}‾ t=1.4s
TIGHT n=16 m=103 tag=Kn-oddH1031 g6=O‾‾‾‾|‾n}‾{‾]^Zvtv|}v t=0.6s
TIGHT n=16 m=103 tag=Kn-oddH1032 g6=O‾‾‾‾|‾n}‾{‾]^Zvvr|^v t=1.5s
TIGHT n=16 m=103 tag=Kn-oddH1033 g6=O‾‾‾‾|‾n}‾{‾]^Zv}r‾Nv t=0.7s
TIGHT n=16 m=103 tag=Kn-oddH1034 g6=O‾‾‾‾|‾n}‾{‾]^Zvvv¥]‾ t=1.5s
TIGHT n=16 m=103 tag=Kn-oddH1035 g6=O‾‾‾‾|‾n}‾{‾]^Zv}v^M‾ t=0.8s
TIGHT n=16 m=103 tag=Kn-oddH1036 g6=O‾‾‾‾|‾n}‾{‾y^J‾jv{‾v t=1.5s
TIGHT n=16 m=103 tag=Kn-oddH1037 g6=O‾‾‾‾|‾n}‾{‾y^X‾fv|nv t=1.5s
TIGHT n=16 m=103 tag=Kn-oddH1038 g6=O‾‾‾‾|‾n}‾{‾y^X‾uvx‾v t=1.6s
TIGHT n=16 m=103 tag=Kn-oddH1039 g6=O‾‾‾‾|‾n}‾{‾y^X‾}rz}v t=1.6s
TIGHT n=16 m=103 tag=Kn-oddH1040 g6=O‾‾‾‾|‾n}‾{‾y^X‾vvXn‾ t=1.5s
TIGHT n=16 m=103 tag=Kn-oddH1041 g6=O‾‾‾‾|‾n}‾{‾y^Y‾fv|vv t=0.7s
TIGHT n=16 m=103 tag=Kn-oddH1042 g6=O‾‾‾‾|‾n}‾{‾y^Y‾vVx‾v t=0.6s
TIGHT n=16 m=103 tag=Kn-oddH1043 g6=O‾‾‾‾|‾n}‾{‾y^Y‾‾Fzzv t=1.2s
TIGHT n=16 m=103 tag=Kn-oddH1044 g6=O‾‾‾‾|‾n}‾{‾y^Y‾vvXv‾ t=1.8s
TIGHT n=16 m=103 tag=Kn-oddH1045 g6=O‾‾‾‾|‾n}‾{‾y^w‾nvZf‾ t=1.3s
TIGHT n=16 m=103 tag=Kn-oddH1046 g6=O‾‾‾‾|‾n}‾{‾y^w‾‾f^b‾ t=1.3s
TIGHT n=16 m=103 tag=Kn-oddH1047 g6=O‾‾‾‾|‾n}‾{‾y^y^nVzzv t=0.8s
TIGHT n=16 m=103 tag=Kn-oddH1048 g6=O‾‾‾‾|‾n}‾{‾y^y^nvZr‾ t=1.5s
TIGHT n=16 m=103 tag=Kn-oddH1049 g6=O‾‾‾‾|‾n}‾{‾y^y^}v^b‾ t=0.9s
TIGHT n=16 m=103 tag=Kn-oddH1050 g6=O‾‾‾‾|‾n}‾{‾y^Znfz|}v t=0.8s
TIGHT n=16 m=103 tag=Kn-oddH1051 g6=O‾‾‾‾|‾n}‾{‾y^Znmz‾mv t=0.8s
TIGHT n=16 m=103 tag=Kn-oddH1052 g6=O‾‾‾‾|‾n}‾{‾y^Znr‾W‾‾ t=0.2s
TIGHT n=16 m=103 tag=Kn-oddH1053 g6=O‾‾‾‾|‾n}‾{‾y^Znu‾Xn‾ t=0.9s
TIGHT n=16 m=103 tag=Kn-oddH1054 g6=O‾‾‾‾|‾n}‾{‾y^ZnvvX|‾ t=1.3s
TIGHT n=16 m=103 tag=Kn-oddH1055 g6=O‾‾‾‾|‾n}‾{‾y^Zn‾rZ{‾ t=0.5s
TIGHT n=16 m=103 tag=Kn-oddH1056 g6=O‾‾‾‾|‾n}‾{‾y^xnf‾Xn‾ t=1.7s
TIGHT n=16 m=103 tag=Kn-oddH1057 g6=O‾‾‾‾|‾n}‾{‾y^xn‾V^d‾ t=1.4s
TIGHT n=16 m=103 tag=Kn-oddH1058 g6=O‾‾‾‾|‾n}‾{‾y^ynf^x‾v t=0.7s
TIGHT n=16 m=103 tag=Kn-oddH1059 g6=O‾‾‾‾|‾n}‾{‾y^ynnNzzv t=0.8s
TIGHT n=16 m=103 tag=Kn-oddH1060 g6=O‾‾‾‾|‾n}‾{‾y^Zvfv|}v t=1.6s
TIGHT n=16 m=103 tag=Kn-oddH1061 g6=O‾‾‾‾|‾n}‾{‾y^Zvmv‾mv t=1.5s
TIGHT n=16 m=103 tag=Kn-oddH1062 g6=O‾‾‾‾|‾n}‾{‾}N]^vNx‾v t=1.7s
TIGHT n=16 m=103 tag=Kn-oddH1063 g6=O‾‾‾‾|‾n}‾{‾}Ny^nNz^v t=0.9s
TIGHT n=16 m=103 tag=Kn-oddH1064 g6=O‾‾‾‾|‾n}‾{‾NvVv‾F{‾v t=0.5s
TIGHT n=16 m=103 tag=Kn-oddH1065 g6=O‾‾‾‾|‾n}‾{‾Nv]zvf‾}V t=1.3s
TIGHT n=16 m=103 tag=Kn-oddH1066 g6=O‾‾‾‾|‾n}‾{‾ZvJ‾‾F|}v t=1.4s
TIGHT n=16 m=103 tag=Kn-oddH1067 g6=O‾‾‾‾|‾n}‾{‾Zv[‾‾f^M‾ t=1.2s
TIGHT n=16 m=103 tag=Kn-oddH1068 g6=O‾‾‾‾|‾n}‾{‾ZvNv‾F|^v t=1.3s
TIGHT n=16 m=103 tag=Kn-oddH1069 g6=O‾‾‾‾|‾n}‾{‾]vJ‾|f|}v t=1.2s
TIGHT n=16 m=103 tag=Kn-oddH1070 g6=O‾‾‾‾|‾n}‾{‾]vX‾|f‾mv t=0.5s
TIGHT n=16 m=103 tag=Kn-oddH1071 g6=O‾‾‾‾|‾n}‾{‾]vX‾‾f^M‾ t=1.3s
TIGHT n=16 m=103 tag=Kn-oddH1072 g6=O‾‾‾‾|‾n}‾{‾]vN^zr{‾v t=1.4s
TIGHT n=16 m=103 tag=Kn-oddH1073 g6=O‾‾‾‾|‾n}‾{‾]vN^zv[}‾ t=1.3s
TIGHT n=16 m=103 tag=Kn-oddH1074 g6=O‾‾‾‾|‾n}‾{‾]vZ^vr|^v t=1.1s
TIGHT n=16 m=103 tag=Kn-oddH1075 g6=O‾‾‾‾|‾n}‾{‾]v]^vv¥u‾ t=1.3s
TIGHT n=16 m=103 tag=Kn-oddH1076 g6=O‾‾‾‾|‾n}‾{‾]v^Nrz{‾v t=0.7s
TIGHT n=16 m=103 tag=Kn-oddH1077 g6=O‾‾‾‾|‾n}‾{‾]v^Ntz|^v t=1.3s
TIGHT n=16 m=103 tag=Kn-oddH1078 g6=O‾‾‾‾|‾n}‾{‾]v^N{z‾Nv t=1.0s
TIGHT n=16 m=103 tag=Kn-oddH1079 g6=O‾‾‾‾|‾n}‾{‾]v^Nvx|‾V t=1.5s
TIGHT n=16 m=103 tag=Kn-oddH1080 g6=O‾‾‾‾|‾n}‾{‾]vNvzf{‾v t=1.3s
TIGHT n=16 m=103 tag=Kn-oddH1081 g6=O‾‾‾‾|‾n}‾{‾]vNv|f|^v t=1.3s
TIGHT n=16 m=103 tag=Kn-oddH1082 g6=O‾‾‾‾|‾n}‾{‾]vNv‾d|‾V t=1.5s
TIGHT n=16 m=103 tag=Kn-oddH1083 g6=O‾‾‾‾|‾n}‾{‾]vZvvf|^v t=0.7s
TIGHT n=16 m=103 tag=Kn-oddH1084 g6=O‾‾‾‾|‾n}‾{‾]v^Vrv{‾v t=1.3s
TIGHT n=16 m=103 tag=Kn-oddH1085 g6=O‾‾‾‾|‾n}‾{‾]v^Vtv|^v t=0.5s
TIGHT n=16 m=103 tag=Kn-oddH1086 g6=O‾‾‾‾|‾n}‾{‾]vNzvf‾}V t=1.3s
TIGHT n=16 m=103 tag=Kn-oddH1087 g6=O‾‾‾‾|‾n}‾{‾N}U‾‾b{}‾ t=1.4s
TIGHT n=16 m=103 tag=Kn-oddH1088 g6=O‾‾‾‾|‾n}‾{‾N}Vv‾F{}‾ t=1.3s
TIGHT n=16 m=103 tag=Kn-oddH1089 g6=O‾‾‾‾|‾n}‾{‾N}^r‾F|}^ t=0.6s
TIGHT n=16 m=103 tag=Kn-oddH1090 g6=O‾‾‾‾|‾n}‾{‾Z}b‾‾Fw‾‾ t=0.7s
TIGHT n=16 m=103 tag=Kn-oddH1091 g6=O‾‾‾‾|‾n}‾{‾Z}h‾‾Fxn‾ t=1.3s
TIGHT n=16 m=103 tag=Kn-oddH1092 g6=O‾‾‾‾|‾n}‾{‾Z}M‾zf{^‾ t=0.6s
TIGHT n=16 m=103 tag=Kn-oddH1093 g6=O‾‾‾‾|‾n}‾{‾Z}M‾‾b|]‾ t=1.3s
TIGHT n=16 m=103 tag=Kn-oddH1094 g6=O‾‾‾‾|‾n}‾{‾Z}i‾zfw‾‾ t=0.5s
TIGHT n=16 m=103 tag=Kn-oddH1095 g6=O‾‾‾‾|‾n}‾{‾Z}i‾}fxn‾ t=0.6s
TIGHT n=16 m=103 tag=Kn-oddH1096 g6=O‾‾‾‾|‾n}‾{‾Z}w‾vfxn‾ t=1.3s
TIGHT n=16 m=103 tag=Kn-oddH1097 g6=O‾‾‾‾|‾n}‾{‾Z}y^rvw‾‾ t=1.7s
TIGHT n=16 m=103 tag=Kn-oddH1098 g6=O‾‾‾‾|‾n}‾{‾Z}y^uvxn‾ t=1.2s
TIGHT n=16 m=103 tag=Kn-oddH1099 g6=O‾‾‾‾|‾n}‾{‾Z}y^vVxv‾ t=1.3s
TIGHT n=16 m=103 tag=Kn-oddH1100 g6=O‾‾‾‾|‾n}‾{‾Z}y^vrx}‾ t=1.8s
TIGHT n=16 m=103 tag=Kn-oddH1101 g6=O‾‾‾‾|‾n}‾{‾Z}y^}rzm‾ t=1.1s
TIGHT n=16 m=103 tag=Kn-oddH1102 g6=O‾‾‾‾|‾n}‾{‾Z}jv‾Fx}‾ t=3.7s
TIGHT n=16 m=103 tag=Kn-oddH1103 g6=O‾‾‾‾|‾n}‾{‾Z}xv‾Fzm‾ t=1.1s
TIGHT n=16 m=103 tag=Kn-oddH1104 g6=O‾‾‾‾|‾n}‾{‾Z}}Vvrx^‾ t=1.2s
TIGHT n=16 m=103 tag=Kn-oddH1105 g6=O‾‾‾‾|‾n}‾{‾x}J‾‾Fxn‾ t=1.4s
TIGHT n=16 m=103 tag=Kn-oddH1106 g6=O‾‾‾‾|‾n}‾{‾x}Y‾vfxn‾ t=1.1s
TIGHT n=16 m=103 tag=Kn-oddH1107 g6=O‾‾‾‾|‾n}‾{‾x}]^fv|N‾ t=1.2s
TIGHT n=16 m=103 tag=Kn-oddH1108 g6=O‾‾‾‾|‾n}‾{‾x}y^fvxn‾ t=1.3s
TIGHT n=16 m=103 tag=Kn-oddH1109 g6=O‾‾‾‾|‾n}‾{‾x}y^‾F‾b‾ t=1.3s
TIGHT n=16 m=103 tag=Kn-oddH1110 g6=O‾‾‾‾|‾n}‾{‾x}y^nrzm‾ t=0.5s
TIGHT n=16 m=103 tag=Kn-oddH1111 g6=O‾‾‾‾|‾n}‾{‾x}Zv‾Fzm‾ t=0.6s
TIGHT n=16 m=103 tag=Kn-oddH1112 g6=O‾‾‾‾|‾n}‾{‾]}N^xv{^‾ t=0.6s
TIGHT n=16 m=103 tag=Kn-oddH1113 g6=O‾‾‾‾|‾n}‾{‾]}N^{v|N‾ t=1.3s
TIGHT n=16 m=103 tag=Kn-oddH1114 g6=O‾‾‾‾|‾n}‾{‾]}N^zV{v‾ t=1.2s
TIGHT n=16 m=103 tag=Kn-oddH1115 g6=O‾‾‾‾|‾n}‾{‾]}N^zf{z‾ t=1.2s
TIGHT n=16 m=103 tag=Kn-oddH1116 g6=O‾‾‾‾|‾n}‾{‾]}N^zr{}‾ t=1.4s
TIGHT n=16 m=103 tag=Kn-oddH1117 g6=O‾‾‾‾|‾n}‾{‾]}N^‾R|u‾ t=1.6s
TIGHT n=16 m=103 tag=Kn-oddH1118 g6=O‾‾‾‾|‾n}‾{‾]}N^‾b|y‾ t=1.2s
TIGHT n=16 m=103 tag=Kn-oddH1119 g6=O‾‾‾‾|‾n}‾{‾]}N^zt{‾^ t=0.7s
TIGHT n=16 m=103 tag=Kn-oddH1120 g6=O‾‾‾‾|‾n}‾{‾]}N^zu{‾n t=1.3s
TIGHT n=16 m=103 tag=Kn-oddH1121 g6=O‾‾‾‾|‾n}‾{‾]}Z^uv|N‾ t=0.5s
TIGHT n=16 m=103 tag=Kn-oddH1122 g6=O‾‾‾‾|‾n}‾{‾]}]^rv{v‾ t=0.6s
TIGHT n=16 m=103 tag=Kn-oddH1123 g6=O‾‾‾‾|‾n}‾{‾]}]^vr|u‾ t=1.4s
TIGHT n=16 m=103 tag=Kn-oddH1124 g6=O‾‾‾‾|‾n}‾{‾]}]^‾b‾q‾ t=1.5s
TIGHT n=16 m=103 tag=Kn-oddH1125 g6=O‾‾‾‾|‾n}‾{‾]}m^zVw‾‾ t=1.3s
TIGHT n=16 m=103 tag=Kn-oddH1126 g6=O‾‾‾‾|‾n}‾{‾]}y^vVx^‾ t=0.5s
TIGHT n=16 m=103 tag=Kn-oddH1127 g6=O‾‾‾‾|‾n}‾{‾]}^Np‾{^‾ t=1.2s
TIGHT n=16 m=103 tag=Kn-oddH1128 g6=O‾‾‾‾|‾n}‾{‾]}^Nr^{v‾ t=1.2s
TIGHT n=16 m=103 tag=Kn-oddH1129 g6=O‾‾‾‾|‾n}‾{‾]}^N{^‾F‾ t=0.5s
TIGHT n=16 m=103 tag=Kn-oddH1130 g6=O‾‾‾‾|‾n}‾{‾]}^N‾F‾p‾ t=1.2s
TIGHT n=16 m=103 tag=Kn-oddH1131 g6=O‾‾‾‾|‾n}‾{‾]}^Nr|{‾^ t=1.1s
TIGHT n=16 m=103 tag=Kn-oddH1132 g6=O‾‾‾‾|‾n}‾{‾]}nNr}y‾n t=1.3s
TIGHT n=16 m=103 tag=Kn-oddH1133 g6=O‾‾‾‾|‾n}‾{‾]}zNp‾w‾‾ t=1.2s
TIGHT n=16 m=103 tag=Kn-oddH1134 g6=O‾‾‾‾|‾n}‾{‾]}zNt|x‾^ t=0.7s
TIGHT n=16 m=103 tag=Kn-oddH1135 g6=O‾‾‾‾|‾n}‾{‾]}}Nr^w‾‾ t=1.2s
TIGHT n=16 m=103 tag=Kn-oddH1136 g6=O‾‾‾‾|‾n}‾{‾]}}Nt^x^‾ t=3.5s
TIGHT n=16 m=103 tag=Kn-oddH1137 g6=O‾‾‾‾|‾n}‾{‾]}}NvNxz‾ t=1.3s
TIGHT n=16 m=103 tag=Kn-oddH1138 g6=O‾‾‾‾|‾n}‾{‾]}Nvzf{}‾ t=1.3s
TIGHT n=16 m=103 tag=Kn-oddH1139 g6=O‾‾‾‾|‾n}‾{‾]}Nv‾d|}^ t=0.7s
TIGHT n=16 m=103 tag=Kn-oddH1140 g6=O‾‾‾‾|‾n}‾{‾]}^Vrv{}‾ t=1.1s
TIGHT n=16 m=103 tag=Kn-oddH1141 g6=O‾‾‾‾|‾n}‾{‾]}^VvV|u‾ t=0.6s
TIGHT n=16 m=103 tag=Kn-oddH1142 g6=O‾‾‾‾|‾n}‾{‾]}^Vvf|y‾ t=0.5s
TIGHT n=16 m=103 tag=Kn-oddH1143 g6=O‾‾‾‾|‾n}‾{‾]}^V‾F‾q‾ t=1.3s
TIGHT n=16 m=103 tag=Kn-oddH1144 g6=O‾‾‾‾|‾n}‾{‾]}nVzrw‾‾ t=1.4s
TIGHT n=16 m=103 tag=Kn-oddH1145 g6=O‾‾‾‾|‾n}‾{‾]}‾Frzw‾‾ t=1.8s
TIGHT n=16 m=103 tag=Kn-oddH1146 g6=O‾‾‾‾|‾n}‾{‾y}J‾zfw‾‾ t=1.3s
TIGHT n=16 m=103 tag=Kn-oddH1147 g6=O‾‾‾‾|‾n}‾{‾y}X‾vfxn‾ t=1.2s
TIGHT n=16 m=103 tag=Kn-oddH1148 g6=O‾‾‾‾|‾n}‾{‾y}N^jv{^‾ t=1.2s
TIGHT n=16 m=103 tag=Kn-oddH1149 g6=O‾‾‾‾|‾n}‾{‾y}Z^uvxn‾ t=1.2s
TIGHT n=16 m=103 tag=Kn-oddH1150 g6=O‾‾‾‾|‾n}‾{‾y}¥^fv|N‾ t=0.5s
TIGHT n=16 m=103 tag=Kn-oddH1151 g6=O‾‾‾‾|‾n}‾{‾y}¥^uvx^‾ t=1.2s
TIGHT n=16 m=103 tag=Kn-oddH1152 g6=O‾‾‾‾|‾n}‾{‾y}x^fvxn‾ t=0.6s
TIGHT n=16 m=103 tag=Kn-oddH1153 g6=O‾‾‾‾|‾n}‾{‾y}x^nfzj‾ t=1.5s
TIGHT n=16 m=103 tag=Kn-oddH1154 g6=O‾‾‾‾|‾n}‾{‾y}x^‾F‾b‾ t=1.3s
TIGHT n=16 m=103 tag=Kn-oddH1155 g6=O‾‾‾‾|‾n}‾{‾y}zNb‾w‾‾ t=1.3s
TIGHT n=16 m=103 tag=Kn-oddH1156 g6=O‾‾‾‾|‾n}‾{‾y}zNe‾xn‾ t=0.2s
TIGHT n=16 m=103 tag=Kn-oddH1157 g6=O‾‾‾‾|‾n}‾{‾y}zN}N‾b‾ t=1.3s
TIGHT n=16 m=103 tag=Kn-oddH1158 g6=O‾‾‾‾|‾n}‾{‾y}|Ne‾x^‾ t=1.3s
TIGHT n=16 m=103 tag=Kn-oddH1159 g6=O‾‾‾‾|‾n}‾{‾y}|NmnzZ‾ t=1.1s
TIGHT n=16 m=103 tag=Kn-oddH1160 g6=O‾‾‾‾|‾n}‾{‾y}|Nmzz]‾ t=0.5s
TIGHT n=16 m=103 tag=Kn-oddH1161 g6=O‾‾‾‾|‾n}‾{‾}]X‾fv|N‾ t=1.4s
TIGHT n=16 m=103 tag=Kn-oddH1162 g6=O‾‾‾‾|‾n}‾{‾}]X‾tvxn‾ t=1.2s
TIGHT n=16 m=103 tag=Kn-oddH1163 g6=O‾‾‾‾|‾n}‾{‾}]w‾lvzf‾ t=1.3s
TIGHT n=16 m=103 tag=Kn-oddH1164 g6=O‾‾‾‾|‾n}‾{‾}]Nnh‾{^‾ t=1.1s
TIGHT n=16 m=103 tag=Kn-oddH1165 g6=O‾‾‾‾|‾n}‾{‾}]Nnjv{|‾ t=1.0s
TIGHT n=16 m=103 tag=Kn-oddH1166 g6=O‾‾‾‾|‾n}‾{‾}]Nnj}{‾n t=1.4s
TIGHT n=16 m=103 tag=Kn-oddH1167 g6=O‾‾‾‾|‾n}‾{‾}]Znp‾w‾‾ t=1.5s
TIGHT n=16 m=103 tag=Kn-oddH1168 g6=O‾‾‾‾|‾n}‾{‾}]Zntvx|‾ t=1.6s
TIGHT n=16 m=103 tag=Kn-oddH1169 g6=O‾‾‾‾|‾n}‾{‾}]xnd‾xn‾ t=1.3s
TIGHT n=16 m=103 tag=Kn-oddH1170 g6=O‾‾‾‾|‾n}‾{‾}]xnlzzm‾ t=1.2s
TIGHT n=16 m=103 tag=Kn-oddH1171 g6=O‾‾‾‾|‾n}‾{‾}]Nvjv{}‾ t=1.2s
TIGHT n=16 m=103 tag=Kn-oddH1172 g6=O‾‾‾‾|‾n}‾{‾}]Nvnt|}^ t=0.5s
TIGHT n=16 m=103 tag=Kn-oddH1173 g6=O‾‾‾‾|‾n}‾{‾}]^fb‾{}‾ t=1.3s
TIGHT n=16 m=103 tag=Kn-oddH1174 g6=O‾‾‾‾|‾n}‾{‾}]^ff||}^ t=1.2s
TIGHT n=16 m=103 tag=Kn-oddH1175 g6=O‾‾‾‾|‾n}‾{‾^uF‾‾F{}‾ t=0.7s
TIGHT n=16 m=103 tag=Kn-oddH1176 g6=O‾‾‾‾|‾n}‾{‾^uM‾zf{}‾ t=1.3s
TIGHT n=16 m=103 tag=Kn-oddH1177 g6=O‾‾‾‾|‾n}‾{‾^u]^rv{}‾ t=0.2s
TIGHT n=16 m=103 tag=Kn-oddH1178 g6=O‾‾‾‾|‾n}‾{‾^u]^{v‾M‾ t=1.3s
TIGHT n=16 m=103 tag=Kn-oddH1179 g6=O‾‾‾‾|‾n}‾{‾^uNz‾F|}^ t=1.4s
TIGHT n=16 m=104 tag=Kn-oddH1180 g6=O‾‾‾‾|‾n}‾nzj‾l‾^Fz}v t=1.9s
TIGHT n=16 m=105 tag=Kn-oddH1181 g6=O‾‾‾‾|‾n}‾nzx‾}^nr‾‾p t=1.2s
TIGHT n=16 m=104 tag=Kn-oddH1182 g6=O‾‾‾‾|‾n}‾nzx‾m‾Vfz}v t=0.5s
TIGHT n=16 m=103 tag=Kn-oddH1183 g6=O‾‾‾‾|‾n}‾nzb‾d‾‾Fz}v t=0.6s
TIGHT n=16 m=103 tag=Kn-oddH1184 g6=O‾‾‾‾|‾n}‾nzh‾e‾zfz}v t=1.2s
TIGHT n=16 m=103 tag=Kn-oddH1185 g6=O‾‾‾‾|‾n}‾nzNvw‾zf{‾v t=0.6s
TIGHT n=16 m=103 tag=Kn-oddH1186 g6=O‾‾‾‾|‾n}‾nzjzk‾‾dz}v t=1.5s
TIGHT n=16 m=102 tag=Kn-oddH1187 g6=O‾‾‾‾|‾n}‾d‾F‾{^‾p}}^ t=0.9s
TIGHT n=16 m=102 tag=Kn-oddH1188 g6=O‾‾‾‾|‾n}‾d‾F‾{v‾d}}^ t=1.6s
TIGHT n=16 m=102 tag=Kn-oddH1189 g6=O‾‾‾‾|‾n}‾d‾R‾w‾‾b{}‾ t=1.3s
TIGHT n=16 m=102 tag=Kn-oddH1190 g6=O‾‾‾‾|‾n}‾d‾R‾xv‾F{}‾ t=1.6s
TIGHT n=16 m=102 tag=Kn-oddH1191 g6=O‾‾‾‾|‾n}‾d‾L‾}NzN}r‾ t=1.3s
TIGHT n=16 m=102 tag=Kn-oddH1192 g6=O‾‾‾‾|‾n}‾d‾L‾}N‾F‾p‾ t=1.2s
TIGHT n=16 m=102 tag=Kn-oddH1193 g6=O‾‾‾‾|‾n}‾d‾fv|r‾Fy‾^ t=1.3s
TIGHT n=16 m=102 tag=Kn-oddH1194 g6=O‾‾‾‾|‾n}‾d‾jvT‾‾F}]‾ t=1.3s
TIGHT n=16 m=102 tag=Kn-oddH1195 g6=O‾‾‾‾|‾n}‾d‾jvp‾‾Fy}‾ t=1.3s
TIGHT n=16 m=102 tag=Kn-oddH1196 g6=O‾‾‾‾|‾n}‾d‾jvw‾zfy}‾ t=1.3s
TIGHT n=16 m=102 tag=Kn-oddH1197 g6=O‾‾‾‾|‾n}‾d‾jvxz‾Fz}^ t=0.9s
TIGHT n=16 m=102 tag=Kn-oddH1198 g6=O‾‾‾‾|‾n}‾d‾lvZz‾F‾]^ t=0.4s
TIGHT n=16 m=102 tag=Kn-oddH1199 g6=O‾‾‾‾|‾n}‾k‾F‾mv‾d}}^ t=0.9s
TIGHT n=16 m=102 tag=Kn-oddH1200 g6=O‾‾‾‾|‾n}‾k‾F‾mz‾b}}^ t=1.6s
TIGHT n=16 m=102 tag=Kn-oddH1201 g6=O‾‾‾‾|‾n}‾k‾F‾nx‾F}‾N t=1.6s
TIGHT n=16 m=102 tag=Kn-oddH1202 g6=O‾‾‾‾|‾n}‾k‾J‾p‾‾F{n‾ t=0.9s
TIGHT n=16 m=102 tag=Kn-oddH1203 g6=O‾‾‾‾|‾n}‾k‾J‾q‾}f{n‾ t=1.3s
TIGHT n=16 m=102 tag=Kn-oddH1204 g6=O‾‾‾‾|‾n}‾k‾J‾y^yv{n‾ t=0.9s
TIGHT n=16 m=102 tag=Kn-oddH1205 g6=O‾‾‾‾|‾n}‾k‾J‾y^zV{v‾ t=1.3s
TIGHT n=16 m=102 tag=Kn-oddH1206 g6=O‾‾‾‾|‾n}‾k‾J‾y^zr{}‾ t=1.3s
TIGHT n=16 m=102 tag=Kn-oddH1207 g6=O‾‾‾‾|‾n}‾k‾J‾y^}r|m‾ t=1.3s
TIGHT n=16 m=102 tag=Kn-oddH1208 g6=O‾‾‾‾|‾n}‾k‾J‾y^zt{‾^ t=1.6s
TIGHT n=16 m=102 tag=Kn-oddH1209 g6=O‾‾‾‾|‾n}‾k‾J‾rv‾F{}‾ t=1.6s
TIGHT n=16 m=102 tag=Kn-oddH1210 g6=O‾‾‾‾|‾n}‾k‾X‾b‾‾F{n‾ t=1.4s
TIGHT n=16 m=102 tag=Kn-oddH1211 g6=O‾‾‾‾|‾n}‾k‾X‾i‾zf{n‾ t=1.5s
TIGHT n=16 m=102 tag=Kn-oddH1212 g6=O‾‾‾‾|‾n}‾k‾X‾m^rv}N‾ t=1.5s
TIGHT n=16 m=102 tag=Kn-oddH1213 g6=O‾‾‾‾|‾n}‾k‾X‾y^rv{n‾ t=0.5s
TIGHT n=16 m=102 tag=Kn-oddH1214 g6=O‾‾‾‾|‾n}‾k‾X‾y^vr|m‾ t=0.5s
TIGHT n=16 m=102 tag=Kn-oddH1215 g6=O‾‾‾‾|‾n}‾k‾X‾yvvf|m‾ t=1.2s
TIGHT n=16 m=102 tag=Kn-oddH1216 g6=O‾‾‾‾|‾n}‾k‾X‾}Vvr|N‾ t=0.5s
TIGHT n=16 m=102 tag=Kn-oddH1217 g6=O‾‾‾‾|‾n}‾k‾h‾p‾‾Fw‾‾ t=0.5s
