TIGHT n=13 m=63 tag=perturb g6=LxZ~v~lI~~|n^^ t=0.1s
TIGHT n=13 m=64 tag=perturb g6=Lv~N~~|h~iZ~v} t=0.1s
TIGHT n=13 m=67 tag=perturb g6=L|n~z~~g~~n^nn t=0.1s
TIGHT n=13 m=59 tag=perturb g6=LnqV^exvqvz}~~ t=0.2s
TIGHT n=13 m=60 tag=perturb g6=L~V}z|[m||b^nn t=0.1s
TIGHT n=13 m=57 tag=perturb g6=L@Xn~nr]~~v]}k t=0.1s
TIGHT n=13 m=59 tag=perturb g6=L|TzNs~vVK~~zz t=0.1s
TIGHT n=13 m=58 tag=perturb g6=L\{n~|}j^v[l\j t=0.1s
TIGHT n=13 m=55 tag=perturb g6=L|^nNi~Lnf~|hA t=0.1s
TIGHT n=13 m=60 tag=perturb g6=L[nv~fzf~M~^Z{ t=0.1s
TIGHT n=13 m=56 tag=perturb g6=LLvd]rti}^~~xj t=0.1s
TIGHT n=13 m=46 tag=perturb g6=LN}HpxiyA~nXQN t=0.1s
TIGHT n=13 m=61 tag=perturb g6=L|y|n~~tnxZ}k^ t=0.1s
TIGHT n=13 m=67 tag=perturb g6=LmR}n~}~~~~v~u t=0.2s
TIGHT n=13 m=63 tag=perturb g6=Lzzn~~n~P}vi{~ t=0.1s
TIGHT n=13 m=51 tag=perturb g6=LnU^^|ngrfPknp t=0.0s
TIGHT n=13 m=52 tag=perturb g6=LJd~zF^j_^\sx~ t=0.1s
TIGHT n=13 m=68 tag=perturb g6=L|}~~~~zzrn}~Z t=0.5s
TIGHT n=13 m=59 tag=perturb g6=L~L~Nsj]z|^{\~ t=0.1s
TIGHT n=13 m=60 tag=perturb g6=LX{^~u~n|}xvZy t=0.1s
TIGHT n=13 m=65 tag=perturb g6=L~}~}^jy~~~Zbv t=0.1s
TIGHT n=13 m=68 tag=perturb g6=L^^|~~v|tz~~l~ t=0.1s
TIGHT n=13 m=65 tag=perturb g6=LZ}n~f}~}nzz}n t=0.1s
TIGHT n=13 m=69 tag=perturb g6=L^z~F{~~~~~N~~ t=0.1s
TIGHT n=13 m=52 tag=perturb g6=LrnRov~]zvMt`l t=0.1s
TIGHT n=13 m=65 tag=perturb g6=LXzf~z~|\nvv~~ t=0.1s
TIGHT n=13 m=60 tag=perturb g6=Lnyx~vRZV~nf}} t=0.1s
TIGHT n=13 m=69 tag=perturb g6=L~n~|v~|~~~T~m t=0.2s
TIGHT n=13 m=62 tag=perturb g6=LnnH}^|~{}vn|| t=0.1s
TIGHT n=13 m=65 tag=perturb g6=L^v~}|~ve|u~~j t=0.3s
TIGHT n=13 m=58 tag=perturb g6=L~ih~^`~|~vUL^ t=0.3s
TIGHT n=13 m=59 tag=perturb g6=Lz^z~Xz{Ny~]}d t=0.2s
TIGHT n=13 m=60 tag=perturb g6=LzltjJ~|rz}n~V t=0.1s
TIGHT n=13 m=57 tag=perturb g6=LfTzZFv[~e^~f~ t=0.1s
TIGHT n=13 m=56 tag=perturb g6=LvsVwv~nl\R\r~ t=0.2s
TIGHT n=13 m=54 tag=perturb g6=L~K^^{rL\nuxrr t=0.2s
TIGHT n=13 m=60 tag=perturb g6=Lx{nj~}lZ~\~mu t=0.2s
TIGHT n=13 m=55 tag=perturb g6=LUhbwv~~lXQ}~~ t=0.1s
TIGHT n=13 m=56 tag=perturb g6=LF~jx|}z~}dSzU t=0.1s
TIGHT n=13 m=61 tag=perturb g6=LyY^}nz|sN~~{~ t=0.1s
TIGHT n=13 m=59 tag=perturb g6=L|yv|]k~~x~Y}s t=0.1s
TIGHT n=13 m=47 tag=perturb g6=LM]l`B~y|^pksX t=0.1s
TIGHT n=13 m=59 tag=perturb g6=Lf~Fbrn~}z~jmN t=0.1s
TIGHT n=13 m=69 tag=perturb g6=L~}}t\n~~~j~~~ t=0.3s
TIGHT n=13 m=61 tag=perturb g6=Lut~rv~m}|~lxj t=0.1s
TIGHT n=13 m=57 tag=perturb g6=LnNxln~v^F[^Ny t=0.1s
TIGHT n=13 m=50 tag=perturb g6=L|YnNi~MlF^|hC t=0.0s
TIGHT n=13 m=70 tag=perturb g6=L}~nv~V~~~}~~] t=0.7s
TIGHT n=13 m=62 tag=perturb g6=L~}vx~nVv~mtRn t=0.2s
TIGHT n=13 m=72 tag=perturb g6=Lnt]n~~~~~~~~~ t=0.1s
TIGHT n=13 m=62 tag=perturb g6=L~uv}~N|m^U|~{ t=0.1s
TIGHT n=13 m=55 tag=perturb g6=L~L\N{vL\~uxrx t=0.1s
TIGHT n=13 m=55 tag=perturb g6=Lu}\t{~u~v\eMX t=0.1s
TIGHT n=13 m=52 tag=perturb g6=L{m|Uf~anr}]dw t=0.1s
TIGHT n=13 m=48 tag=perturb g6=L~g`Vtc~lfvULR t=0.1s
TIGHT n=13 m=64 tag=perturb g6=Ln~~}^[~U^nz~f t=0.1s
TIGHT n=13 m=56 tag=perturb g6=L~v~qdb~x~wvEN t=0.1s
TIGHT n=13 m=63 tag=perturb g6=Lr~~w|{^~|\v~V t=0.1s
TIGHT n=13 m=62 tag=perturb g6=Lv~^~nX^~~VzTL t=0.2s
TIGHT n=13 m=61 tag=perturb g6=Lp[bz~~V~~~njm t=0.2s
TIGHT n=13 m=54 tag=perturb g6=LjZEv~~oNm~z[M t=0.0s
TIGHT n=13 m=46 tag=perturb g6=LQpHf~NmZzGw}q t=0.1s
TIGHT n=13 m=59 tag=perturb g6=Lp~rr}K~|nlz~] t=0.1s
TIGHT n=13 m=64 tag=perturb g6=Ln~ynyu~}nzzl~ t=0.2s
TIGHT n=13 m=57 tag=perturb g6=Lnr~}^[~UVnzqd t=0.1s
TIGHT n=13 m=60 tag=perturb g6=L{n|z~~ix^Z^lN t=0.2s
TIGHT n=13 m=60 tag=perturb g6=LpN\~fx~~y}Z~] t=0.1s
TIGHT n=13 m=50 tag=perturb g6=L^yE@j~^nz@]vh t=0.0s
TIGHT n=13 m=66 tag=perturb g6=L~n~{}npn~~vn} t=0.1s
TIGHT n=13 m=57 tag=perturb g6=Lvkz~VnkV~zR}b t=0.1s
TIGHT n=13 m=67 tag=perturb g6=Ln}}t|n~~~zvr~ t=0.1s
TIGHT n=13 m=65 tag=perturb g6=LQ}~~u~~~Z~~zF t=0.2s
TIGHT n=13 m=52 tag=perturb g6=Lrx}HBxmtq~~[z t=0.1s
TIGHT n=13 m=56 tag=perturb g6=Lx~ztyi|l^mr^F t=0.1s
TIGHT n=13 m=55 tag=perturb g6=L|grf|fl|zcz|} t=0.2s
TIGHT n=13 m=65 tag=perturb g6=LZ~n~z~|\nnV^} t=0.1s
TIGHT n=13 m=67 tag=perturb g6=L}|N~~~V}u~~~t t=0.2s
TIGHT n=13 m=60 tag=perturb g6=Lvz}}~l|eZ~gj~ t=0.1s
TIGHT n=13 m=69 tag=perturb g6=L~xzv~~~~N^~~x t=0.1s
TIGHT n=13 m=62 tag=perturb g6=Lc|mzzi~zv~r~~ t=0.1s
TIGHT n=13 m=61 tag=perturb g6=Lzfx^}|~]z|}jx t=0.1s
TIGHT n=13 m=63 tag=perturb g6=L~}^T~}x~}}nu\ t=0.1s
TIGHT n=13 m=60 tag=perturb g6=LUn|~|nfunnzNZ t=0.1s
TIGHT n=13 m=66 tag=perturb g6=L~F}x~~|}~z}~Z t=0.2s
TIGHT n=13 m=61 tag=perturb g6=LVzv~|\z[t~~ff t=0.1s
TIGHT n=13 m=63 tag=perturb g6=L|~}^~~prnljn^ t=0.1s
TIGHT n=13 m=56 tag=perturb g6=Lv|^~izE]t^\lj t=0.1s
TIGHT n=13 m=55 tag=perturb g6=L}jpVr~m{b|M^^ t=0.1s
TIGHT n=13 m=58 tag=perturb g6=Lgxh\p~~~~eR~~ t=0.2s
TIGHT n=13 m=55 tag=perturb g6=L\j{Z}fJjn|}vT t=0.1s
TIGHT n=13 m=62 tag=perturb g6=L|B}z~~v]|Z}vz t=0.1s
TIGHT n=13 m=57 tag=perturb g6=LykPK|tz~yz|~~ t=0.1s
TIGHT n=13 m=63 tag=perturb g6=L^p{~nz~~^}n~D t=0.1s
TIGHT n=13 m=52 tag=perturb g6=LY~yXwnRd}P}nv t=0.1s
TIGHT n=13 m=61 tag=perturb g6=LNzynkr]z||n~~ t=0.1s
TIGHT n=13 m=59 tag=perturb g6=Lnm}GT{n}}~~^z t=0.1s
TIGHT n=13 m=49 tag=perturb g6=Lgth\pN~}z_Bz} t=0.1s
TIGHT n=13 m=66 tag=perturb g6=L~F~~y^|^~m~|n t=0.2s
TIGHT n=13 m=70 tag=perturb g6=L~~~~~fx~~|^y~ t=0.2s
TIGHT n=13 m=59 tag=perturb g6=LF}[~v~t~Rw}~N t=0.1s
TIGHT n=13 m=60 tag=perturb g6=LyzuzFf~xZv~^} t=0.1s
TIGHT n=13 m=57 tag=perturb g6=LnNV~y|~^rjNTJ t=0.1s
TIGHT n=13 m=55 tag=perturb g6=L~hnn`nhnr]L}| t=0.1s
TIGHT n=13 m=53 tag=perturb g6=L]Vjoz~~mJZ|ph t=0.1s
TIGHT n=13 m=63 tag=perturb g6=Lv~~TMn~n~}|a~ t=0.1s
TIGHT n=13 m=53 tag=perturb g6=L[vT~qQ~yzju\V t=0.1s
TIGHT n=13 m=61 tag=perturb g6=Ll]nrq~\f~z~n} t=0.1s
TIGHT n=13 m=69 tag=perturb g6=L~Z~}|^z^~~~~N t=0.1s
TIGHT n=13 m=59 tag=perturb g6=L}y~}Z{fnvYuz| t=0.1s
TIGHT n=13 m=60 tag=perturb g6=LnZn}~vjNg~~in t=0.1s
TIGHT n=13 m=55 tag=perturb g6=LRn\f^~zV~h\Ue t=0.1s
TIGHT n=13 m=62 tag=perturb g6=L|prlVz~}~~rz| t=0.1s
TIGHT n=13 m=64 tag=perturb g6=L\Z~~|v^t~]znz t=0.1s
TIGHT n=13 m=60 tag=perturb g6=Lzxx~j~|y|^fc~ t=0.3s
TIGHT n=13 m=54 tag=perturb g6=L\X~~|vUo{}[mj t=0.1s
TIGHT n=13 m=51 tag=perturb g6=LlpizySkn~|bmN t=0.1s
TIGHT n=13 m=58 tag=perturb g6=L}ty~~ztzyEnhz t=0.1s
TIGHT n=13 m=72 tag=perturb g6=L~~~~|~~q~~~vz t=0.1s
TIGHT n=13 m=69 tag=perturb g6=Lj~vn~^~~Q~~~~ t=0.1s
TIGHT n=13 m=58 tag=perturb g6=L|}^Tnyx~L}nf\ t=0.1s
TIGHT n=13 m=54 tag=perturb g6=LfD^nj~tNhf}d} t=0.1s
TIGHT n=13 m=60 tag=perturb g6=LZy^}V~y{lz^m~ t=0.1s
TIGHT n=13 m=64 tag=perturb g6=L|jn|}~Uv~x~^n t=0.4s
TIGHT n=13 m=54 tag=perturb g6=L|n~X^zgVVlJ~E t=0.1s
TIGHT n=13 m=66 tag=perturb g6=L~v~z~~m~~m]fl t=0.2s
TIGHT n=13 m=61 tag=perturb g6=Lc|a~zh~zn~r~~ t=0.1s
TIGHT n=13 m=45 tag=perturb g6=LsAVd}I`^X^~Kf t=0.1s
TIGHT n=13 m=64 tag=perturb g6=L~~v~~t~vRx}vq t=0.1s
TIGHT n=13 m=62 tag=perturb g6=LQ}~}u^~~Z~vzM t=0.1s
TIGHT n=13 m=65 tag=perturb g6=L^u^~|{~~i~v~{ t=0.2s
TIGHT n=13 m=53 tag=perturb g6=Lr@Vjj~sZxf}n} t=0.1s
TIGHT n=13 m=52 tag=perturb g6=L}x]bn~wyTKnwn t=0.1s
TIGHT n=13 m=52 tag=perturb g6=L`Zu|t|~}ejjA^ t=0.1s
TIGHT n=13 m=60 tag=perturb g6=Lx|lj~}lZ~\~nU t=0.1s
TIGHT n=13 m=57 tag=perturb g6=LXtvw~ffv|w|~t t=0.1s
TIGHT n=13 m=71 tag=perturb g6=L~|n~|~~v^~{~~ t=0.3s
TIGHT n=13 m=60 tag=perturb g6=L]}^z^V~ytv^Ln t=0.2s
TIGHT n=13 m=57 tag=perturb g6=LNz~XybUF~tj~~ t=0.1s
TIGHT n=13 m=67 tag=perturb g6=L~~~~}z]~vV\^} t=0.3s
TIGHT n=13 m=67 tag=perturb g6=L}~v~vz~ne^~r~ t=0.2s
TIGHT n=13 m=55 tag=perturb g6=Lu}D|n}}~Dz}xP t=0.1s
TIGHT n=13 m=67 tag=perturb g6=Lz~z^v~q~~~~rj t=0.2s
TIGHT n=13 m=64 tag=perturb g6=L~zj^~uZ~vN|^n t=0.1s
TIGHT n=13 m=66 tag=perturb g6=L~l~|}^~ynvU~~ t=0.3s
TIGHT n=13 m=65 tag=perturb g6=LM||~r~~z}vzj~ t=0.1s
TIGHT n=13 m=60 tag=perturb g6=LXzn|z~|\nnV\m t=0.2s
TIGHT n=13 m=65 tag=perturb g6=Ltvr^^~Y^~~~~N t=0.1s
TIGHT n=13 m=58 tag=perturb g6=LBp~~[~bz~||yl t=0.1s
TIGHT n=13 m=57 tag=perturb g6=LnjN~}~~PFviwv t=0.1s
TIGHT n=13 m=55 tag=perturb g6=Lvn{uY||N|tse} t=0.1s
TIGHT n=13 m=54 tag=perturb g6=Lz}ArN~^mZ`]Z~ t=0.1s
TIGHT n=13 m=66 tag=perturb g6=L~|v~V~m}nt~V~ t=0.3s
TIGHT n=13 m=61 tag=perturb g6=L~\v^Zv{~S{~|n t=0.1s
TIGHT n=13 m=64 tag=perturb g6=Lt}z~}xv~vLZ~~ t=0.1s
TIGHT n=13 m=60 tag=perturb g6=Lr~}w|{^}||d~V t=0.2s
TIGHT n=13 m=60 tag=perturb g6=Ll}zLR~~xV~~S~ t=0.1s
TIGHT n=13 m=65 tag=perturb g6=Lnt{|~yr~^}}~~ t=0.1s
TIGHT n=13 m=67 tag=perturb g6=LmvNv~~~~~}~]] t=0.1s
TIGHT n=13 m=64 tag=perturb g6=LLn~|v~p~~~T~m t=0.1s
TIGHT n=13 m=65 tag=perturb g6=LrH^N|~~v~~~zz t=0.1s
TIGHT n=13 m=53 tag=perturb g6=LeTzZbV[Ve^~f~ t=0.1s
TIGHT n=13 m=52 tag=perturb g6=L|\xNYlY|}vfjI t=0.1s
TIGHT n=13 m=55 tag=perturb g6=L|OMvZx\]vnL~~ t=0.1s
TIGHT n=13 m=53 tag=perturb g6=LRulQz{~yt|u|[ t=0.1s
TIGHT n=13 m=60 tag=perturb g6=Lf~~zfX^~~VzTL t=0.2s
TIGHT n=13 m=61 tag=perturb g6=L`nx~|n~~nVzjr t=0.1s
TIGHT n=13 m=62 tag=perturb g6=LDjxf~~\~~vn}^ t=0.1s
TIGHT n=13 m=51 tag=perturb g6=Lzfx]}v^Mzgejg t=0.1s
TIGHT n=13 m=66 tag=perturb g6=Lu~~~^~Jh^~~n| t=0.3s
TIGHT n=13 m=70 tag=perturb g6=L~~~~~~|u~}yv} t=0.3s
TIGHT n=13 m=53 tag=perturb g6=Lxmt~DnInv|}KZ t=0.1s
TIGHT n=13 m=52 tag=perturb g6=LVj|~{NfUnFmLR t=0.1s
TIGHT n=13 m=61 tag=perturb g6=Lu^fVr~~~n{nN{ t=0.4s
TIGHT n=13 m=61 tag=perturb g6=L{~~|zizV^x{}n t=0.1s
TIGHT n=13 m=52 tag=perturb g6=LY~yXxjRd}X]nv t=0.1s
TIGHT n=13 m=54 tag=perturb g6=L|Zx~gMfN}}mZ] t=0.1s
TIGHT n=13 m=66 tag=perturb g6=L~~~V~~x~ev~ns t=0.1s
TIGHT n=13 m=68 tag=perturb g6=L{~y~~~~|^|v^n t=0.4s
TIGHT n=13 m=58 tag=perturb g6=LpX^N|nzVI~~zz t=0.1s
TIGHT n=13 m=60 tag=perturb g6=LtunU~~~[v|s|^ t=0.1s
TIGHT n=13 m=55 tag=perturb g6=Lhr~[^K~}V~zqs t=0.1s
TIGHT n=13 m=60 tag=perturb g6=LXZ~^|v^t~Mjnz t=0.2s
TIGHT n=13 m=59 tag=perturb g6=L~|]nj~^Hr~~MJ t=0.2s
TIGHT n=13 m=68 tag=perturb g6=L~~~j~~~^h~~^X t=0.3s
TIGHT n=13 m=63 tag=perturb g6=L~Znj^s~~]~\~j t=0.1s
TIGHT n=13 m=62 tag=perturb g6=L~^^n}{|rva~^n t=0.1s
TIGHT n=13 m=59 tag=perturb g6=LiV~M~y~~{lv{u t=0.1s
TIGHT n=13 m=65 tag=perturb g6=LJ~}r}v}~~|||n t=0.1s
TIGHT n=13 m=56 tag=perturb g6=LZy~|t|jHFvu}} t=0.1s
TIGHT n=13 m=56 tag=perturb g6=L~^qEnSX~}Jr~~ t=0.2s
TIGHT n=13 m=57 tag=perturb g6=L~^zdaf}Vn[n}} t=0.1s
TIGHT n=13 m=57 tag=perturb g6=L|n^TN}y|e~{tx t=0.1s
TIGHT n=13 m=69 tag=perturb g6=Lnt]n~~~~n~~|| t=0.1s
TIGHT n=13 m=63 tag=perturb g6=L~ln|}^yynvU~~ t=0.1s
TIGHT n=13 m=66 tag=perturb g6=Lvn~\~~z\|zv|n t=0.2s
TIGHT n=13 m=51 tag=perturb g6=L}}XYO~u~v\eMX t=0.1s
TIGHT n=13 m=57 tag=perturb g6=Lxjn~nn~P}tA|} t=0.1s
TIGHT n=13 m=69 tag=perturb g6=Lnzf}|^vn~~~~~ t=0.2s
TIGHT n=13 m=68 tag=perturb g6=L~v~}~\~}j^~~j t=0.3s
TIGHT n=13 m=63 tag=perturb g6=LntV~n}V~El~~~ t=0.1s
TIGHT n=13 m=58 tag=perturb g6=LzDV~}nvY}vim~ t=0.1s
TIGHT n=13 m=61 tag=perturb g6=L\^bn~vfq~r~vz t=0.1s
TIGHT n=13 m=53 tag=perturb g6=L[@v|mu[t\~{}z t=0.1s
TIGHT n=13 m=66 tag=perturb g6=L||^~~~~nlp|\~ t=0.2s
TIGHT n=13 m=52 tag=perturb g6=LuveE]zyMv|u|[ t=0.1s
TIGHT n=13 m=58 tag=perturb g6=Lx{nnv}lZ~L^mu t=0.1s
TIGHT n=13 m=62 tag=perturb g6=LJ~~rqv|n~~zru t=0.1s
TIGHT n=13 m=62 tag=perturb g6=L~F}xv~{}~zs~Z t=0.1s
TIGHT n=13 m=61 tag=perturb g6=L~~u~wy|}f~\L| t=0.1s
TIGHT n=13 m=57 tag=perturb g6=LZt~v]e^~~y`xf t=0.1s
TIGHT n=13 m=54 tag=perturb g6=LdR~jMt{jE^~f~ t=0.1s
TIGHT n=13 m=59 tag=perturb g6=L\~}n}l]T~u}e} t=0.5s
TIGHT n=13 m=67 tag=perturb g6=LZ|n~Vz~|}l~~~ t=0.1s
TIGHT n=13 m=57 tag=perturb g6=L}[T~lhD}t~~n| t=0.1s
TIGHT n=13 m=62 tag=perturb g6=LN^^\~m\Vf~~|v t=0.1s
TIGHT n=13 m=64 tag=perturb g6=L~~U~\~t~z|vVt t=0.1s
TIGHT n=13 m=66 tag=perturb g6=L\~Y~~~]Zz~~zz t=0.3s
TIGHT n=13 m=57 tag=perturb g6=LMlr{f~bN~~T|} t=0.1s
TIGHT n=13 m=57 tag=perturb g6=L[}m~|zf}zy|oy t=0.1s
TIGHT n=13 m=58 tag=perturb g6=Lvz}}{Lz}l~|Rs t=0.1s
TIGHT n=13 m=69 tag=perturb g6=L}~}~v~~}v|vv^ t=0.2s
TIGHT n=13 m=55 tag=perturb g6=Lf]Vpu~\{j~jmN t=0.1s
TIGHT n=13 m=60 tag=perturb g6=Ly~fnnv~nv~LRs t=0.1s
TIGHT n=13 m=58 tag=perturb g6=L~zfln}nVhunnw t=0.1s
TIGHT n=13 m=62 tag=perturb g6=Ln~x~|n~~bhMl~ t=0.1s
TIGHT n=13 m=55 tag=perturb g6=Lxwh^{^zur~l|X t=0.1s
TIGHT n=13 m=58 tag=perturb g6=Ll}zLRVvtU~~u~ t=0.1s
TIGHT n=13 m=60 tag=perturb g6=Lnyin~u~}fzem~ t=0.1s
TIGHT n=13 m=59 tag=perturb g6=Lu|^~z{~Uun~i[ t=0.1s
TIGHT n=13 m=51 tag=perturb g6=Lt}}TnYx|C}Me| t=0.1s
TIGHT n=13 m=66 tag=perturb g6=L~n~~n~|x^nvxx t=0.1s
TIGHT n=13 m=51 tag=perturb g6=Lvl[m`uvU~vo}U t=0.0s
TIGHT n=13 m=61 tag=perturb g6=L~~wU~}vvuvnRv t=0.2s
TIGHT n=13 m=55 tag=perturb g6=L`^]|t|~}ejjM^ t=0.1s
TIGHT n=13 m=59 tag=perturb g6=LX{\~r~n|}xzZy t=0.1s
TIGHT n=13 m=57 tag=perturb g6=L[n~~~zJwi~LJ} t=0.1s
TIGHT n=13 m=54 tag=perturb g6=Ln`]jln~zLcu|| t=0.1s
TIGHT n=13 m=64 tag=perturb g6=Lv^~~|r}p}nzv| t=0.2s
TIGHT n=13 m=71 tag=perturb g6=Lx~~~|~Nz}~~~~ t=0.4s
TIGHT n=13 m=58 tag=perturb g6=LX{]n~|~yui~N] t=0.1s
TIGHT n=13 m=56 tag=perturb g6=LwUVx~vvr~vqyf t=0.1s
TIGHT n=13 m=53 tag=perturb g6=Lvt|Mjj[Af~~\V t=0.1s
TIGHT n=13 m=64 tag=perturb g6=L{}y~~~v~V|vVj t=0.2s
TIGHT n=13 m=58 tag=perturb g6=L||}N~~~^QKmfu t=0.1s
TIGHT n=13 m=53 tag=perturb g6=LY~yXxjRt{x]nv t=0.0s
TIGHT n=13 m=61 tag=perturb g6=L~~z}~m}}~@lez t=0.1s
TIGHT n=13 m=58 tag=perturb g6=Liv~^f^R~}hLz| t=0.1s
TIGHT n=13 m=59 tag=perturb g6=Ln|V~m{V]Ud|~~ t=0.1s
TIGHT n=13 m=54 tag=perturb g6=LIwlf}s^V~nd|v t=0.1s
TIGHT n=13 m=63 tag=perturb g6=L~v|}z~]~fnNm] t=0.2s
TIGHT n=13 m=55 tag=perturb g6=Lv|xqn\lvsz{M} t=0.1s
TIGHT n=13 m=51 tag=perturb g6=Ltgrf{fdtzcz|} t=0.1s
TIGHT n=13 m=60 tag=perturb g6=Lnv^{x\~|nrRn} t=0.2s
TIGHT n=13 m=57 tag=perturb g6=L~}|}^jyt}~gat t=0.1s
TIGHT n=13 m=63 tag=perturb g6=Lu|x~p|~z}vzj~ t=0.4s
TIGHT n=13 m=59 tag=perturb g6=L~zzln{\~nt^{K t=0.1s
TIGHT n=13 m=50 tag=perturb g6=L{UIHv|ykF^~VV t=0.1s
TIGHT n=13 m=54 tag=perturb g6=LU~~Xx~P~zfqP] t=0.1s
TIGHT n=13 m=60 tag=perturb g6=Lvf}}~l|nJvinv t=0.1s
TIGHT n=13 m=56 tag=perturb g6=Ly|^zV~~]XvUFh t=0.1s
TIGHT n=13 m=60 tag=perturb g6=L~T^^Zv{~S{~|n t=0.1s
TIGHT n=13 m=58 tag=perturb g6=L~lvNwf|nY{z~{ t=0.1s
TIGHT n=13 m=60 tag=perturb g6=L|zzRy|j~zn^L| t=0.1s
TIGHT n=13 m=55 tag=perturb g6=LunXz~~i|^ZMgN t=0.1s
TIGHT n=13 m=54 tag=perturb g6=Lm[lhiwN~~mrnv t=0.1s
TIGHT n=13 m=64 tag=perturb g6=L~zt~dnz|nl~~Z t=0.1s
TIGHT n=13 m=61 tag=perturb g6=LxNN~~~C~vM~j~ t=0.3s
TIGHT n=13 m=61 tag=perturb g6=L|vv^}lf^vt~~P t=0.1s
TIGHT n=13 m=56 tag=perturb g6=L~VnrHb~|vwvLn t=0.2s
TIGHT n=13 m=66 tag=perturb g6=Lxv~^~~~~zk~f{ t=0.6s
TIGHT n=13 m=60 tag=perturb g6=Lu~}vXZ~n~zzFJ t=0.1s
TIGHT n=13 m=62 tag=perturb g6=LJlxZz~~~~p^x~ t=0.1s
TIGHT n=13 m=60 tag=perturb g6=L{|~Xu~}rvdvv^ t=0.1s
TIGHT n=13 m=63 tag=perturb g6=L|f~z~~g}~m]nn t=0.1s
TIGHT n=13 m=62 tag=perturb g6=Luw~|~~|m|y~Ln t=0.1s
TIGHT n=13 m=58 tag=perturb g6=L}q[\rxv{^^~~N t=0.1s
TIGHT n=13 m=62 tag=perturb g6=L~^~nu\~zvb^]f t=0.2s
TIGHT n=13 m=59 tag=perturb g6=L{zvZ^~z~\fTr] t=0.1s
TIGHT n=13 m=52 tag=perturb g6=Lzg|N~|yZ{l|gK t=0.1s
TIGHT n=13 m=62 tag=perturb g6=LN}tzo^~~n~r}| t=0.1s
TIGHT n=13 m=65 tag=perturb g6=Lv~vn~~}\{zr~{ t=0.1s
TIGHT n=13 m=53 tag=perturb g6=L|nXIokY^p~~~t t=0.1s
TIGHT n=13 m=58 tag=perturb g6=Lwx\mRL~zvn~~u t=0.2s
TIGHT n=13 m=57 tag=perturb g6=L~lpv|jn|zczly t=0.3s
TIGHT n=13 m=51 tag=perturb g6=Lw~N[Xiz^^hk]j t=0.4s
TIGHT n=13 m=66 tag=perturb g6=Lvv|{~~|~~V~v[ t=0.1s
TIGHT n=13 m=54 tag=perturb g6=Lzfx^}v^NZimjg t=0.1s
TIGHT n=13 m=53 tag=perturb g6=LA|~yf}mnfFV}d t=0.1s
TIGHT n=13 m=64 tag=perturb g6=Lfn^~}r^}}f~^z t=0.1s
TIGHT n=13 m=58 tag=perturb g6=Lz~`~~tQ~}fZr\ t=0.2s
TIGHT n=13 m=61 tag=perturb g6=L}^Nf|R~^rz|{~ t=0.1s
TIGHT n=13 m=52 tag=perturb g6=L@Xn~lr{vNT^}k t=0.1s
TIGHT n=13 m=61 tag=perturb g6=Lavv^}z|u^zn|v t=0.1s
TIGHT n=13 m=52 tag=perturb g6=L|}xVxhqyZDm~m t=0.2s
TIGHT n=13 m=59 tag=perturb g6=L~}n~z}stTrnlm t=0.1s
TIGHT n=13 m=69 tag=perturb g6=Lv~z~z~Fv~~r~~ t=0.2s
TIGHT n=13 m=53 tag=perturb g6=L^j`fznnhblzl{ t=0.1s
TIGHT n=13 m=65 tag=perturb g6=LzW~v~~^\V~~z| t=0.6s
TIGHT n=13 m=65 tag=perturb g6=Lv|^~{~vy~N^}| t=0.3s
TIGHT n=13 m=60 tag=perturb g6=Lzn|~yazxn\z{~ t=0.1s
TIGHT n=13 m=62 tag=perturb g6=L~n~}~Qu^Zr|z} t=0.1s
TIGHT n=13 m=47 tag=perturb g6=LNyE@j~^iz@]vh t=0.0s
TIGHT n=13 m=56 tag=perturb g6=LznL~~J~pmSn{t t=0.1s
TIGHT n=13 m=58 tag=perturb g6=L~^nVnF^vN|Fq^ t=0.1s
TIGHT n=13 m=63 tag=perturb g6=L|l}V~|~~umZvv t=0.1s
TIGHT n=13 m=52 tag=perturb g6=Lu}h|wjjVztii} t=0.1s
TIGHT n=13 m=59 tag=perturb g6=L~{{]z~MZRnnn^ t=0.2s
TIGHT n=13 m=63 tag=perturb g6=Lz^}~~~unvxct~ t=0.3s
TIGHT n=13 m=60 tag=perturb g6=Ly|fnnv~nvjlZt t=0.1s
TIGHT n=13 m=54 tag=perturb g6=Li|^yzkfV~LmFz t=0.1s
TIGHT n=13 m=55 tag=perturb g6=L|vVVvjx~er^uc t=0.1s
TIGHT n=13 m=57 tag=perturb g6=Ldoeyzv~~~lzfm t=0.1s
TIGHT n=13 m=51 tag=perturb g6=LE|~^XLzRvrtBf t=0.2s
TIGHT n=13 m=61 tag=perturb g6=LZzUvx~n]vjr~~ t=0.1s
TIGHT n=13 m=60 tag=perturb g6=L^zv|x\z[t~~nF t=0.3s
TIGHT n=13 m=46 tag=perturb g6=LFGN~}rmRB~jOT t=0.1s
TIGHT n=13 m=67 tag=perturb g6=Lz}~|~|}zW^~~~ t=0.2s
TIGHT n=13 m=53 tag=perturb g6=Lt}T|Nyy]Fp~xy t=0.1s
TIGHT n=13 m=67 tag=perturb g6=L~~|n~`~~v~~j\ t=0.3s
TIGHT n=13 m=60 tag=perturb g6=L|mlnv|~rtllz| t=0.1s
TIGHT n=13 m=66 tag=perturb g6=Lzz]^~j^}nz|~~ t=0.3s
TIGHT n=13 m=52 tag=perturb g6=L}yX]uB~wpjV^v t=0.1s
TIGHT n=13 m=55 tag=perturb g6=LvNxqq}uZ~Ze}| t=0.1s
TIGHT n=13 m=58 tag=perturb g6=LN~}xy~ZNvtB~l t=0.1s
TIGHT n=13 m=55 tag=perturb g6=Lpm~x~~YttzuWu t=0.1s
TIGHT n=13 m=62 tag=perturb g6=Lv}l~Zxv\|~u}| t=0.1s
TIGHT n=13 m=63 tag=perturb g6=L}}|wz~y~^v~Z{ t=0.2s
TIGHT n=13 m=62 tag=perturb g6=L~|{r}}~nz~Uuy t=0.3s
TIGHT n=13 m=63 tag=perturb g6=Lu|V}vn~~ivn^| t=0.1s
TIGHT n=13 m=49 tag=perturb g6=LJFf~V^lg^Lowz t=0.0s
TIGHT n=13 m=64 tag=perturb g6=L^vx~~vt~k}}|n t=0.2s
TIGHT n=13 m=56 tag=perturb g6=Lv}}n]}c|NQ\}} t=0.1s
TIGHT n=13 m=56 tag=perturb g6=L~ZblnunVkUnn} t=0.2s
TIGHT n=13 m=55 tag=perturb g6=Lgxh\pz~~ueR~~ t=0.1s
TIGHT n=13 m=62 tag=perturb g6=Lvwv`n~~~~hvN~ t=0.2s
TIGHT n=13 m=60 tag=perturb g6=L^~mn~Zl\ylxn| t=0.2s
TIGHT n=13 m=64 tag=perturb g6=L|Zv{nzzn~hz~~ t=0.6s
TIGHT n=13 m=62 tag=perturb g6=LNymz\z~~jx~u~ t=0.1s
TIGHT n=13 m=52 tag=perturb g6=LRnyWn\V]x~d^[ t=0.1s
TIGHT n=13 m=53 tag=perturb g6=Lkn}|\fPWMZ~~{ t=0.1s
TIGHT n=13 m=69 tag=perturb g6=Lv~~n}vn\~~~v| t=0.2s
TIGHT n=13 m=60 tag=perturb g6=L|~~Ln~[x^}]jy t=0.1s
TIGHT n=13 m=57 tag=perturb g6=LmYMsV^~~nmy]~ t=0.1s
TIGHT n=13 m=58 tag=perturb g6=LXGE|v~|]nr~~~ t=0.1s
TIGHT n=13 m=60 tag=perturb g6=L\~Nvv~~wJs^}n t=0.2s
TIGHT n=13 m=49 tag=perturb g6=LE|~VPLzRvrtBV t=0.1s
TIGHT n=13 m=53 tag=perturb g6=Lzn|ZMs~]zm}BW t=0.1s
TIGHT n=13 m=59 tag=perturb g6=L[nv~~rh}]^^]u t=0.2s
TIGHT n=13 m=53 tag=perturb g6=Lvm}n]}c|NQ\k} t=0.1s
TIGHT n=13 m=64 tag=perturb g6=Lxh~|v{~~xv~z} t=0.3s
TIGHT n=13 m=62 tag=perturb g6=L}~Nu~~~yn]t]] t=0.1s
TIGHT n=13 m=64 tag=perturb g6=Ln~z~|~nS{nv~r t=0.1s
TIGHT n=13 m=61 tag=perturb g6=L~p{~lz~~^uj~D t=0.1s
TIGHT n=13 m=61 tag=perturb g6=L\~y~~z~|dyujt t=0.1s
TIGHT n=13 m=56 tag=perturb g6=LlkV~fYV|F~~]f t=0.1s
TIGHT n=13 m=62 tag=perturb g6=Lzzzn}dx|~^x~V t=0.1s
TIGHT n=13 m=55 tag=perturb g6=Lj~^]]~V~Plojx t=0.1s
TIGHT n=13 m=58 tag=perturb g6=Laxzv|hV|q~~|v t=0.1s
TIGHT n=13 m=64 tag=perturb g6=L~zt~Lnz|nn^~Z t=0.1s
TIGHT n=13 m=65 tag=perturb g6=LX~jz~vz^m~V~~ t=0.2s
TIGHT n=13 m=57 tag=perturb g6=LuNtb}nv^~jZ]f t=0.1s
TIGHT n=13 m=55 tag=perturb g6=LnNV~y|n^zAnVI t=0.1s
TIGHT n=13 m=55 tag=perturb g6=L`~|wn[^fX\v|^ t=0.1s
TIGHT n=13 m=64 tag=perturb g6=L|}n}m|x[~||~~ t=0.2s
TIGHT n=13 m=57 tag=perturb g6=Ltq\^|LM|n}^~Z t=0.1s
TIGHT n=13 m=63 tag=perturb g6=L\z~n\~~{zz}jf t=0.1s
TIGHT n=13 m=54 tag=perturb g6=L\|Z~uwvzt\Qns t=0.1s
TIGHT n=13 m=55 tag=perturb g6=LjvujlnRmS~yV~ t=0.1s
TIGHT n=13 m=60 tag=perturb g6=LN|~Bqv}n~~zru t=0.2s
TIGHT n=13 m=64 tag=perturb g6=Lrt|}~|zf~}|u~ t=0.1s
TIGHT n=13 m=59 tag=perturb g6=L^|zp~nMze^~h| t=0.2s
TIGHT n=13 m=65 tag=perturb g6=Lmn}MX}~|^~~~~ t=0.1s
TIGHT n=13 m=58 tag=perturb g6=Lo|}jwn{|~^~vR t=0.1s
TIGHT n=13 m=64 tag=perturb g6=L^}}z~V~}zv^dn t=0.1s
TIGHT n=13 m=67 tag=perturb g6=L~nNm^~v{~~l~~ t=0.1s
TIGHT n=13 m=60 tag=perturb g6=Lnj~~]nt~vLu{x t=0.1s
TIGHT n=13 m=70 tag=perturb g6=LnN~~~^~~]~~j~ t=0.1s
TIGHT n=13 m=51 tag=perturb g6=Lpv|h}\^dXLfvL t=0.1s
TIGHT n=13 m=59 tag=perturb g6=Lxh~|f{~~xunzM t=0.1s
TIGHT n=13 m=60 tag=perturb g6=Lt|~y]~~ev^yfr t=0.1s
TIGHT n=13 m=69 tag=perturb g6=Lv^~~~~V|~y~v| t=0.3s
TIGHT n=13 m=58 tag=perturb g6=L`|nzzi~[v^rf~ t=0.1s
TIGHT n=13 m=60 tag=perturb g6=L~~tnnnzuLR{y~ t=0.1s
TIGHT n=13 m=61 tag=perturb g6=L^zbun~\mt^~N~ t=0.1s
TIGHT n=13 m=58 tag=perturb g6=LzNxznjy|m\~nq t=0.1s
TIGHT n=13 m=50 tag=perturb g6=L~j``~nnHbkxnk t=0.1s
TIGHT n=13 m=51 tag=perturb g6=LcDzzbs[Vs^~nv t=0.1s
TIGHT n=13 m=64 tag=perturb g6=Lzn~zzf|vnVh~~ t=0.1s
TIGHT n=13 m=66 tag=perturb g6=L~vz]V~^^~~~{N t=0.2s
TIGHT n=13 m=56 tag=perturb g6=L]}~z^V|}lD^@n t=0.2s
TIGHT n=13 m=64 tag=perturb g6=L~n~]~~~~lY{h^ t=0.1s
TIGHT n=13 m=62 tag=perturb g6=Lj^^Jn|v~q^~t~ t=0.1s
TIGHT n=13 m=62 tag=perturb g6=Lz|V}vn~xivn^| t=0.1s
TIGHT n=13 m=52 tag=perturb g6=Li|^yzmfV~LkFU t=0.1s
TIGHT n=13 m=60 tag=perturb g6=L~^nnLmn~Uul~l t=0.1s
TIGHT n=13 m=63 tag=perturb g6=L{~{~~~^zvs^hz t=0.3s
TIGHT n=13 m=61 tag=perturb g6=L}~NU~Uz^v}~~S t=0.1s
TIGHT n=13 m=58 tag=perturb g6=LNz}xy~X^VtB~~ t=0.1s
TIGHT n=13 m=59 tag=perturb g6=L~vf~~zrRUnmzs t=0.1s
TIGHT n=13 m=56 tag=perturb g6=Lf|iL|ib~m~~mr t=0.1s
TIGHT n=13 m=67 tag=perturb g6=L^~~~~|~vZ`~vz t=0.4s
TIGHT n=13 m=58 tag=perturb g6=Lxt~v]e~~~y`|b t=0.1s
TIGHT n=13 m=60 tag=perturb g6=LJcxZzV~~~x~x~ t=0.1s
TIGHT n=13 m=63 tag=perturb g6=L~}m|Nnx~~yr|^ t=0.1s
TIGHT n=13 m=57 tag=perturb g6=Lxv~^kVnjjk~l{ t=0.4s
TIGHT n=13 m=60 tag=perturb g6=Lnvvxt~}xf}R}z t=0.1s
TIGHT n=13 m=50 tag=perturb g6=Lj}NUY~E~Plqnk t=0.1s
TIGHT n=13 m=55 tag=perturb g6=LF~}zY~^ZVpAZ~ t=0.1s
TIGHT n=13 m=62 tag=perturb g6=L~~~}f~Q^NnF}z t=0.2s
TIGHT n=13 m=55 tag=perturb g6=LF~Y^eF~znl~@^ t=0.1s
TIGHT n=13 m=61 tag=perturb g6=Lun~N|~fs{nv~r t=0.2s
TIGHT n=13 m=63 tag=perturb g6=L~\v}l^zn~lt|z t=0.1s
TIGHT n=13 m=63 tag=perturb g6=LU~|^]~^~z|k~f t=0.1s
TIGHT n=13 m=63 tag=perturb g6=Lvvv~l~[v~}nlN t=0.1s
TIGHT n=13 m=56 tag=perturb g6=Lv~vhj~iNNu~TJ t=0.1s
TIGHT n=13 m=54 tag=perturb g6=LXZznYvNSn~~Dt t=0.2s
TIGHT n=13 m=53 tag=perturb g6=Luhnguz|lHQ|~~ t=0.1s
TIGHT n=13 m=60 tag=perturb g6=LR}~~uN^vZnzzF t=0.1s
TIGHT n=13 m=62 tag=perturb g6=LvnN{~\v{^~l|| t=0.1s
TIGHT n=13 m=63 tag=perturb g6=L~~V~myV~Ud}~~ t=0.1s
TIGHT n=13 m=57 tag=perturb g6=L~h~nyzmZV^zlE t=0.1s
TIGHT n=13 m=57 tag=perturb g6=Lv}m|Njg}}yr|^ t=0.1s
TIGHT n=13 m=58 tag=perturb g6=Ld~v{n~znf`}x{ t=0.1s
TIGHT n=13 m=55 tag=perturb g6=L`lLXx|~~~`Vx~ t=0.2s
TIGHT n=13 m=49 tag=perturb g6=Lvjwy{mNQjFm|b t=0.1s
TIGHT n=13 m=57 tag=perturb g6=Lu|]]z|~Uun~mS t=0.1s
TIGHT n=13 m=57 tag=perturb g6=LfV|nv~HZt|kf~ t=0.2s
TIGHT n=13 m=62 tag=perturb g6=LZlm~Vzv~mll~~ t=0.1s
TIGHT n=13 m=43 tag=perturb g6=LvjwY{kFqjBixB t=0.0s
TIGHT n=13 m=62 tag=perturb g6=Lz~^v~fvZ}}]}s t=0.1s
TIGHT n=13 m=58 tag=perturb g6=Lz~jmtE~j~^{zp t=0.1s
TIGHT n=13 m=62 tag=perturb g6=Lt~||~`Ti~~~u~ t=0.1s
TIGHT n=13 m=63 tag=perturb g6=L~l~Ll]y~mzv~~ t=0.2s
TIGHT n=13 m=57 tag=perturb g6=Lm~}~rhz\^@xz| t=0.2s
TIGHT n=13 m=55 tag=perturb g6=LnD~xtsnx|Yft~ t=0.1s
TIGHT n=13 m=49 tag=perturb g6=Lp~|g]\ZdHlfvL t=0.1s
TIGHT n=13 m=57 tag=perturb g6=L~\r^Zvw^S}~\m t=0.1s
TIGHT n=13 m=56 tag=perturb g6=L\[n~~}j^e[l\j t=0.1s
TIGHT n=13 m=67 tag=perturb g6=L}vnty|~~~}~~] t=0.3s
TIGHT n=13 m=48 tag=perturb g6=Lx{ZX?Trf~nprr t=0.1s
TIGHT n=13 m=56 tag=perturb g6=LL^y^n~[Izy]~Z t=0.1s
TIGHT n=13 m=59 tag=perturb g6=Ltv\}v|zct}|u~ t=0.1s
TIGHT n=13 m=61 tag=perturb g6=LnVnv@~{~~~}^s t=0.1s
TIGHT n=13 m=67 tag=perturb g6=L~|~~v|~zv}v{V t=0.2s
TIGHT n=13 m=62 tag=perturb g6=L}|~RnU}~~~D~V t=0.2s
TIGHT n=13 m=62 tag=perturb g6=Lmvn|nR\v~V~~{ t=0.2s
TIGHT n=13 m=59 tag=perturb g6=L\\vQN~~~lxu}| t=0.2s
TIGHT n=13 m=68 tag=perturb g6=L~|yzt~~f~zv~~ t=0.2s
TIGHT n=13 m=58 tag=perturb g6=L\\nnu\~zvb^]f t=0.1s
TIGHT n=13 m=58 tag=perturb g6=L]bkvZ~U|V[~~~ t=0.3s
TIGHT n=13 m=56 tag=perturb g6=Lry~^~Th~iFL~y t=0.1s
TIGHT n=13 m=58 tag=perturb g6=Lt|~{M}~ev]}Vr t=0.1s
TIGHT n=13 m=54 tag=perturb g6=L{v^VFNx~ez^ed t=0.1s
TIGHT n=13 m=66 tag=perturb g6=LxNv~|z^~}]z~~ t=0.1s
TIGHT n=13 m=58 tag=perturb g6=Ljg^}}nv~vnUiz t=0.1s
TIGHT n=13 m=62 tag=perturb g6=L~~~~}~RUql\nv t=0.1s
TIGHT n=13 m=58 tag=perturb g6=LzVnv}zY^vV\R} t=0.1s
TIGHT n=13 m=59 tag=perturb g6=Ly^a~f~|\Zv~]{ t=0.1s
TIGHT n=13 m=59 tag=perturb g6=LLql~~~jnl}Lm~ t=0.2s
TIGHT n=13 m=66 tag=perturb g6=Ln|}n~vZ~}n^z| t=0.2s
TIGHT n=13 m=61 tag=perturb g6=LLn~\v~p~~~TzM t=0.1s
TIGHT n=13 m=53 tag=perturb g6=Lk|{zU~]brdvvL t=0.1s
TIGHT n=13 m=57 tag=perturb g6=Lx^a~f~t\Zv|M| t=0.2s
TIGHT n=13 m=56 tag=perturb g6=Lxh~npnxJ~~Fy{ t=0.1s
TIGHT n=13 m=56 tag=perturb g6=Lzqyn}dz|r^xnR t=0.1s
TIGHT n=13 m=54 tag=perturb g6=LjN\ih|V]B^~t~ t=0.1s
TIGHT n=13 m=64 tag=perturb g6=L~V~}zzl|rmy~~ t=0.4s
TIGHT n=13 m=56 tag=perturb g6=LH|V~m{V]Ud|~~ t=0.1s
TIGHT n=13 m=60 tag=perturb g6=Lmp{|Zyr~rz^~~ t=0.1s
TIGHT n=13 m=58 tag=perturb g6=LrTX~kmN~}~~tt t=0.1s
TIGHT n=13 m=53 tag=perturb g6=L|Z}Llmj]Kul~\ t=0.2s
TIGHT n=13 m=60 tag=perturb g6=LH~^v~FvZ}{z~u t=0.1s
TIGHT n=13 m=56 tag=perturb g6=L|jn^viUF~l|vi t=0.1s
TIGHT n=13 m=65 tag=perturb g6=Lv|n~||~v^rg~~ t=0.2s
TIGHT n=13 m=60 tag=perturb g6=Lnv~~[}\r\vU}z t=0.1s
TIGHT n=13 m=66 tag=perturb g6=L^||~{v~|zn^|v t=0.1s
TIGHT n=13 m=58 tag=perturb g6=L}l~y]~lev^yfr t=0.1s
TIGHT n=13 m=54 tag=perturb g6=L~~sf{toV~FWj~ t=0.1s
TIGHT n=13 m=61 tag=perturb g6=L||n~vh~zvsv{V t=0.2s
TIGHT n=13 m=52 tag=perturb g6=LwoUVrg~|h~Nn^ t=0.1s
TIGHT n=13 m=61 tag=perturb g6=Ln||rz|zu|||Nj t=0.1s
TIGHT n=13 m=55 tag=perturb g6=LFzbqN~Hmt^~N~ t=0.1s
TIGHT n=13 m=58 tag=perturb g6=L}}kv~z|~^]sz@ t=0.1s
TIGHT n=13 m=56 tag=perturb g6=LB{~zri}Yt~rf~ t=0.1s
TIGHT n=13 m=65 tag=perturb g6=Lj~v}~zt}T~~}v t=0.3s
TIGHT n=13 m=54 tag=perturb g6=Lemx~|n~|ahMiv t=0.1s
TIGHT n=13 m=59 tag=perturb g6=LZdm~{~^T}~n^Y t=0.1s
TIGHT n=13 m=58 tag=perturb g6=LVnz~~vv^F[Ynw t=0.1s
TIGHT n=13 m=70 tag=perturb g6=L~~~~|z~^~~|]] t=0.6s
TIGHT n=13 m=49 tag=perturb g6=LZ|YZwnR`}P}zd t=0.1s
TIGHT n=13 m=64 tag=perturb g6=L^\v~gv~^~~y~x t=0.2s
TIGHT n=13 m=55 tag=perturb g6=LfliL|ib~m~~{r t=0.1s
TIGHT n=13 m=73 tag=perturb g6=L~~~~~^~f~~~vn t=0.3s
TIGHT n=13 m=54 tag=perturb g6=L^QV^}xf^~q}lP t=0.1s
TIGHT n=13 m=67 tag=perturb g6=Ln|~~v~|v|}yv} t=0.2s
TIGHT n=13 m=65 tag=perturb g6=L~~~~u}z^S~~nF t=0.3s
TIGHT n=13 m=64 tag=perturb g6=L~^}n~v|qzn~^[ t=0.1s
TIGHT n=13 m=56 tag=perturb g6=Lp}Uv||S~~inc~ t=0.1s
TIGHT n=13 m=63 tag=perturb g6=L{n~~^j|~zzl}k t=0.1s
TIGHT n=13 m=70 tag=perturb g6=Lz~}Z^~v~~~~zz t=0.1s
TIGHT n=13 m=63 tag=perturb g6=L~|v}z]TMn}|~~ t=0.2s
TIGHT n=13 m=59 tag=perturb g6=LJF~zpfu~wz}~~ t=0.2s
TIGHT n=13 m=48 tag=perturb g6=LIwLeys]V~nd|R t=0.1s
TIGHT n=13 m=53 tag=perturb g6=Ls^q^f~{X^vtUk t=0.1s
TIGHT n=13 m=62 tag=perturb g6=L~ih~^h~~~vn]f t=0.2s
TIGHT n=13 m=60 tag=perturb g6=L|l}V~||~uiX|v t=0.2s
TIGHT n=13 m=59 tag=perturb g6=Lu|^~z{~Vun}a\ t=0.2s
TIGHT n=13 m=63 tag=perturb g6=L~~|n{`~~vf~j\ t=0.2s
TIGHT n=13 m=62 tag=perturb g6=L}tM~v]~~jj|~y t=0.1s
TIGHT n=13 m=46 tag=perturb g6=LFG^~}rmRJ|iOT t=0.1s
TIGHT n=13 m=59 tag=perturb g6=Luo{|X}r|zr~~~ t=0.1s
TIGHT n=13 m=56 tag=perturb g6=Lnr\{X[~UV~~zd t=0.1s
TIGHT n=13 m=58 tag=perturb g6=L^mn^x|x|{vyj] t=0.1s
TIGHT n=13 m=57 tag=perturb g6=L\k^Vv~J|nxT^} t=0.1s
TIGHT n=13 m=63 tag=perturb g6=Lzjx~~nz~r~t}F t=0.1s
TIGHT n=13 m=60 tag=perturb g6=Lu|wvp\~zvvzj~ t=0.2s
TIGHT n=13 m=64 tag=perturb g6=Lnz~n\|~fz^lvv t=0.1s
TIGHT n=13 m=55 tag=perturb g6=Lxv~KSrluy~~vX t=0.1s
TIGHT n=13 m=52 tag=perturb g6=L`ZulTv~}ejrE~ t=0.1s
TIGHT n=13 m=63 tag=perturb g6=Lwrf~z~~ZNVv~~ t=0.2s
TIGHT n=13 m=57 tag=perturb g6=Li|fjfv~m~jlZt t=0.1s
TIGHT n=13 m=63 tag=perturb g6=Lv~|~~Yz^S|vzn t=0.1s
TIGHT n=13 m=58 tag=perturb g6=Ljz}zy}\VVtB~~ t=0.1s
TIGHT n=13 m=51 tag=perturb g6=LLiXfv~[NxrluN t=0.1s
TIGHT n=13 m=59 tag=perturb g6=Lz~zmmdx|~^xrV t=0.1s
TIGHT n=13 m=55 tag=perturb g6=L}~~}f}QFFjEzz t=0.2s
TIGHT n=13 m=60 tag=perturb g6=Lz~W`|L~}~~u|n t=0.1s
TIGHT n=13 m=55 tag=perturb g6=Lp~}jG~^tK]v~Z t=0.1s
TIGHT n=13 m=53 tag=perturb g6=LLvd]ptA~]~~xj t=0.1s
TIGHT n=13 m=57 tag=perturb g6=Lmbo|ZYr|v~Z~~ t=0.2s
TIGHT n=13 m=57 tag=perturb g6=L~vz~|uy^[\rqe t=0.1s
TIGHT n=13 m=52 tag=perturb g6=LzXzHBxltq~~Lz t=0.1s
TIGHT n=13 m=57 tag=perturb g6=LuZv~VrX||YVv| t=0.1s
TIGHT n=13 m=71 tag=perturb g6=Lv~x~~~t~~~~\~ t=0.4s
TIGHT n=13 m=48 tag=perturb g6=LzJyy}mLriFmXb t=0.1s
TIGHT n=13 m=55 tag=perturb g6=Lrv}y|s^U|xtnF t=0.1s
TIGHT n=13 m=62 tag=perturb g6=L~iznkm~|q~~~V t=0.1s
TIGHT n=13 m=53 tag=perturb g6=Lvky~VncV~z@}b t=0.1s
TIGHT n=13 m=62 tag=perturb g6=L~jj^}e^~vM~^n t=0.1s
TIGHT n=13 m=60 tag=perturb g6=Ln~}v^j~~v@ta~ t=0.1s
TIGHT n=13 m=46 tag=perturb g6=LoUILtwItl^~VV t=0.1s
TIGHT n=13 m=68 tag=perturb g6=Lx~z~|~Nz}~~^^ t=0.1s
TIGHT n=13 m=61 tag=perturb g6=Li~u}~zr}T~~{V t=0.1s
TIGHT n=13 m=59 tag=perturb g6=Lw|}jxN{|~^~vR t=0.1s
TIGHT n=13 m=56 tag=perturb g6=LrlRov~~~v]v`j t=0.1s
TIGHT n=13 m=51 tag=perturb g6=L}q{\fxNoB^~nF t=0.1s
TIGHT n=13 m=45 tag=perturb g6=Lf@g[rg[N~rlK~ t=0.1s
TIGHT n=13 m=63 tag=perturb g6=Lun~nYv^||}v^z t=0.1s
TIGHT n=13 m=47 tag=perturb g6=LwdNf|jpYuRMmy t=0.1s
TIGHT n=13 m=66 tag=perturb g6=Lrvn~tvn~~~V}z t=0.2s
TIGHT n=13 m=63 tag=perturb g6=Lw~^z^~Nzfz}t~ t=0.3s
TIGHT n=13 m=61 tag=perturb g6=Lzzz^zLZrN^~vn t=0.1s
TIGHT n=13 m=58 tag=perturb g6=L~}m|Nlxvzyr|X t=0.1s
TIGHT n=13 m=60 tag=perturb g6=L[f~~~fv~zklf{ t=0.1s
TIGHT n=13 m=58 tag=perturb g6=Lg~s]~zr}T~~{V t=0.1s
TIGHT n=13 m=54 tag=perturb g6=Lpn}hG~^v]Uu~Z t=0.2s
TIGHT n=13 m=55 tag=perturb g6=LFvuT~~Kx~q^rN t=0.1s
TIGHT n=13 m=49 tag=perturb g6=LMx]uHvtWSJr~~ t=0.1s
TIGHT n=13 m=59 tag=perturb g6=L]`kvZ~v|V[~~~ t=0.2s
TIGHT n=13 m=59 tag=perturb g6=Ln~x~||f~bd]h} t=0.1s
TIGHT n=13 m=53 tag=perturb g6=Lr\bP~~YlV~nbk t=0.1s
TIGHT n=13 m=57 tag=perturb g6=L~npmdufVy~~lV t=0.1s
TIGHT n=13 m=65 tag=perturb g6=LuvZ~z~]~^}vn| t=0.2s
TIGHT n=13 m=62 tag=perturb g6=L~ltmjVV~xy~~~ t=0.2s
TIGHT n=13 m=55 tag=perturb g6=Lfk~~VjcV~z@~j t=0.1s
TIGHT n=13 m=59 tag=perturb g6=Ln|V~uy~~`fb^} t=0.2s
TIGHT n=13 m=67 tag=perturb g6=LnN~z~M~~~nzj~ t=0.4s
TIGHT n=13 m=57 tag=perturb g6=L\~Wzz~]Xx~fZZ t=0.2s
TIGHT n=13 m=54 tag=perturb g6=LFrs||{x{t~~FF t=0.1s
TIGHT n=13 m=70 tag=perturb g6=Lx~~||~^j}~~~~ t=0.4s
TIGHT n=13 m=57 tag=perturb g6=L~^fVvF^vN|Fq^ t=0.2s
TIGHT n=13 m=67 tag=perturb g6=L~nx~|~~~N\}~r t=0.3s
TIGHT n=13 m=62 tag=perturb g6=L~|}|v^M~ZnXZ~ t=0.1s
TIGHT n=13 m=61 tag=perturb g6=LBl~~v~z~fU]|n t=0.2s
TIGHT n=13 m=64 tag=perturb g6=Lxnzn|z[~}]z~~ t=0.2s
TIGHT n=13 m=61 tag=perturb g6=Lv~^~~X\}zvq\l t=0.2s
TIGHT n=13 m=52 tag=perturb g6=Lgrm\an~tS^~{N t=0.1s
TIGHT n=13 m=64 tag=perturb g6=LlUfn~~~|R~~j~ t=0.3s
TIGHT n=13 m=63 tag=perturb g6=L~}~~z^N^|~VV` t=0.5s
TIGHT n=13 m=70 tag=perturb g6=L|}}~~~z~r~~vz t=0.6s
TIGHT n=13 m=59 tag=perturb g6=Lv}nvQwv\|~u}| t=0.2s
TIGHT n=13 m=65 tag=perturb g6=L~|]b|z~^~n||n t=0.2s
TIGHT n=13 m=57 tag=perturb g6=LvR^~Nvlq^x}uy t=0.1s
TIGHT n=13 m=58 tag=perturb g6=L}~Nf|R|^rZ|[| t=0.3s
TIGHT n=13 m=57 tag=perturb g6=LmmUIV|~}u|}{~ t=0.1s
TIGHT n=13 m=59 tag=perturb g6=LZZ~^yNzrN^~tj t=0.1s
TIGHT n=13 m=66 tag=perturb g6=Lm|j|v~}~~nnnz t=0.1s
TIGHT n=13 m=56 tag=perturb g6=L}mcv}~|~^]sz@ t=0.1s
TIGHT n=13 m=59 tag=perturb g6=LyFQz~M~~~nzB~ t=0.1s
TIGHT n=13 m=56 tag=perturb g6=L~^z~|Ey^{lrqb t=0.1s
TIGHT n=13 m=62 tag=perturb g6=Lng~}~vz^_~~}| t=0.1s
TIGHT n=13 m=59 tag=perturb g6=Lmg~}~Fz^_~~}| t=0.2s
TIGHT n=13 m=59 tag=perturb g6=LX~~zy}mRtZ|vv t=0.1s
TIGHT n=13 m=60 tag=perturb g6=L^vzn~~|egum|z t=0.3s
TIGHT n=13 m=63 tag=perturb g6=L|Zv~Nznh\vz~~ t=0.1s
TIGHT n=13 m=55 tag=perturb g6=L[jNx]~Uv{x~Mv t=0.1s
TIGHT n=13 m=58 tag=perturb g6=L~u^^ZlhV^vwj~ t=0.1s
TIGHT n=13 m=64 tag=perturb g6=Ltv~^~~V|~i~n[ t=0.1s
TIGHT n=13 m=55 tag=perturb g6=L~~WU}]vp}fmRv t=0.3s
TIGHT n=13 m=64 tag=perturb g6=L^\j~~~zxbN^~~ t=0.2s
TIGHT n=13 m=60 tag=perturb g6=Lavn^~~|s^znyt t=0.1s
TIGHT n=13 m=50 tag=perturb g6=LVb|n{NfVlFmLb t=0.1s
TIGHT n=13 m=62 tag=perturb g6=L|jv~{tz^tl~nn t=0.1s
TIGHT n=13 m=70 tag=perturb g6=L^~|~|n~|z~~j~ t=0.2s
TIGHT n=13 m=56 tag=perturb g6=L~Xwxlz~{^uj^d t=0.1s
TIGHT n=13 m=57 tag=perturb g6=Lmr^|tylr|nT|n t=0.1s
TIGHT n=13 m=54 tag=perturb g6=LjwFVyX~zDw}~~ t=0.1s
TIGHT n=13 m=56 tag=perturb g6=L|z}l\^|zyenJp t=0.2s
TIGHT n=13 m=56 tag=perturb g6=Livi^dH~]U~l~~ t=0.2s
TIGHT n=13 m=57 tag=perturb g6=Lvz~~ikzVSvLf~ t=0.1s
TIGHT n=13 m=60 tag=perturb g6=L^hb~~|}~N^jZ\ t=0.2s
TIGHT n=13 m=62 tag=perturb g6=Lu{Vuvn~~mvnN~ t=0.1s
TIGHT n=13 m=50 tag=perturb g6=LEmx~|nN|ehMiT t=0.1s
TIGHT n=13 m=55 tag=perturb g6=LNeunxfr\sm\~~ t=0.2s
TIGHT n=13 m=51 tag=perturb g6=LayTrv~]jvm{gl t=0.1s
TIGHT n=13 m=66 tag=perturb g6=L~|}qy}~~j~~l~ t=0.2s
TIGHT n=13 m=67 tag=perturb g6=L]~}|^}~~~n~~E t=0.1s
TIGHT n=13 m=65 tag=perturb g6=Lv~~~}f~r|}vRz t=0.1s
TIGHT n=13 m=52 tag=perturb g6=LZ[n||}j^e[`\j t=0.2s
TIGHT n=13 m=50 tag=perturb g6=LOKxn|nbUNnzNx t=0.1s
TIGHT n=13 m=61 tag=perturb g6=L~nvzd~NV|f~l\ t=0.2s
TIGHT n=13 m=67 tag=perturb g6=L~}~}~v~}vuV}v t=0.4s
TIGHT n=13 m=61 tag=perturb g6=Lu~~~}f~q{}rVy t=0.1s
TIGHT n=13 m=55 tag=perturb g6=Ln^~|b~OLJnF}z t=0.2s
TIGHT n=13 m=48 tag=perturb g6=LvJ||{NtENDm\S t=0.1s
TIGHT n=13 m=57 tag=perturb g6=Lv}}nz|e~nQX{j t=0.2s
TIGHT n=13 m=67 tag=perturb g6=L~n~~n~~}~nqFv t=0.1s
TIGHT n=13 m=54 tag=perturb g6=LY~VFuxs~SY]~~ t=0.1s
TIGHT n=13 m=67 tag=perturb g6=Lv||}l|~}n~~u~ t=0.4s
TIGHT n=13 m=60 tag=perturb g6=LV}Z}zl^\~f~b| t=0.1s
TIGHT n=13 m=59 tag=perturb g6=L~}]mr^z{m~Nrj t=0.1s
TIGHT n=13 m=58 tag=perturb g6=L^~zVuxZzL{N~V t=0.1s
TIGHT n=13 m=57 tag=perturb g6=Lv}}~~se~nQX{j t=0.1s
TIGHT n=13 m=44 tag=perturb g6=Lg|XotXEz^xLqY t=0.1s
TIGHT n=13 m=60 tag=perturb g6=Lq^u{~dyunz|~~ t=0.1s
TIGHT n=13 m=55 tag=perturb g6=LN|fg^zMze^~l\ t=0.1s
TIGHT n=13 m=52 tag=perturb g6=Li^AVF~|\Zfv]{ t=0.1s
TIGHT n=13 m=67 tag=perturb g6=LL~z~|}~~z|}vn t=0.2s
TIGHT n=13 m=54 tag=perturb g6=LRf|{N\v~XTvt] t=0.1s
TIGHT n=13 m=54 tag=perturb g6=Le|Vvuy~~`fRJ} t=0.1s
TIGHT n=13 m=60 tag=perturb g6=Ld~{~~Nn~U|{]u t=0.1s
TIGHT n=13 m=49 tag=perturb g6=LM]|@B~y|^pktx t=0.1s
TIGHT n=13 m=59 tag=perturb g6=LrHYN|NZv~~~zz t=0.3s
TIGHT n=13 m=64 tag=perturb g6=L|y~~~~zzrm}zY t=0.1s
TIGHT n=13 m=64 tag=perturb g6=L}~jzFx~}v|~|} t=0.1s
TIGHT n=13 m=62 tag=perturb g6=Lz}n|~L}zWZ^~~ t=0.1s
TIGHT n=13 m=52 tag=perturb g6=L]HU~dMXyX^~r~ t=0.1s
TIGHT n=13 m=53 tag=perturb g6=LXG]un~t]Nrln| t=0.2s
TIGHT n=13 m=55 tag=perturb g6=L_Rn^~~|s^znIt t=0.1s
TIGHT n=13 m=62 tag=perturb g6=L|}n}m|x[z\n~~ t=0.1s
TIGHT n=13 m=56 tag=perturb g6=L\t^~J~NMv~mE\ t=0.1s
TIGHT n=13 m=60 tag=perturb g6=L~m^p~}\~}}vc\ t=0.2s
TIGHT n=13 m=53 tag=perturb g6=LlkF~fYQ|F~~]f t=0.5s
TIGHT n=13 m=60 tag=perturb g6=LfH^N|~~vvx~yx t=0.1s
TIGHT n=13 m=67 tag=perturb g6=L~^zv~v{^y}|~~ t=0.6s
TIGHT n=13 m=54 tag=perturb g6=Lvlwo}nB^~vtl] t=0.2s
TIGHT n=13 m=60 tag=perturb g6=Lv~^}nXVu~Vz\V t=0.2s
TIGHT n=13 m=63 tag=perturb g6=L|]v~^~ZJnkn~~ t=0.3s
TIGHT n=13 m=57 tag=perturb g6=L^Uv|}v~L}NiFz t=0.1s
TIGHT n=13 m=69 tag=perturb g6=Lz~z^~~f~~u~t~ t=0.3s
TIGHT n=13 m=59 tag=perturb g6=LnT^~NmFn{ur~~ t=0.1s
TIGHT n=13 m=64 tag=perturb g6=L^v~~|^v{|u~nh t=0.2s
TIGHT n=13 m=51 tag=perturb g6=Ln}Lw~jzd}vGat t=0.2s
TIGHT n=13 m=58 tag=perturb g6=L~ltmjVU~py~~x t=0.1s
TIGHT n=13 m=57 tag=perturb g6=L~m|au~zV~xX^e t=0.2s
TIGHT n=13 m=61 tag=perturb g6=L~v\}v{zst~~wv t=0.1s
TIGHT n=13 m=56 tag=perturb g6=LlAnru~\f~wvv^ t=0.1s
TIGHT n=13 m=63 tag=perturb g6=Lfp~}~vz\p}z~~ t=0.2s
TIGHT n=13 m=54 tag=perturb g6=LnNhln~q^F[^Ny t=0.1s
TIGHT n=13 m=55 tag=perturb g6=L~~ftyxm[vOjn^ t=0.1s
TIGHT n=13 m=52 tag=perturb g6=LuhmwuZ|lHRx~~ t=0.1s
TIGHT n=13 m=62 tag=perturb g6=L|Nt~~Xf~}K|~~ t=0.2s
TIGHT n=13 m=63 tag=perturb g6=L~^u~pZ{~~~}|s t=0.1s
TIGHT n=13 m=54 tag=perturb g6=L~v}qdb~x~wfMM t=0.1s
TIGHT n=13 m=54 tag=perturb g6=LlyzKqVv|E~~mx t=0.1s
TIGHT n=13 m=59 tag=perturb g6=L~}t\am}~~~J}i t=0.2s
TIGHT n=13 m=61 tag=perturb g6=Lv}z~]xv|vLZ~l t=0.1s
TIGHT n=13 m=56 tag=perturb g6=L~u\{f{wst~~wv t=0.1s
TIGHT n=13 m=66 tag=perturb g6=LN~~~}~zV|Xf~~ t=0.1s
TIGHT n=13 m=57 tag=perturb g6=Lkua~vh~|R~rj~ t=0.1s
TIGHT n=13 m=66 tag=perturb g6=LvU^~~nvn~~~Zf t=0.1s
TIGHT n=13 m=52 tag=perturb g6=L^^{~hzfqmQs}J t=0.1s
TIGHT n=13 m=56 tag=perturb g6=Lu{^~z{mVun}a\ t=0.1s
TIGHT n=13 m=50 tag=perturb g6=Lyb~}FvLo^@}uy t=0.1s
TIGHT n=13 m=61 tag=perturb g6=L}~qR^z~|e|nn^ t=0.2s
TIGHT n=13 m=56 tag=perturb g6=Ll||r}nez^zlqM t=0.1s
TIGHT n=13 m=57 tag=perturb g6=Lvt]~mzE]t^\nz t=0.1s
TIGHT n=13 m=70 tag=perturb g6=L~~~~~~^~~Luzn t=0.1s
TIGHT n=13 m=52 tag=perturb g6=LWbkvJ~I~v\vFz t=0.1s
TIGHT n=13 m=61 tag=perturb g6=LvZ~~|rwp}nzv| t=0.1s
TIGHT n=13 m=65 tag=perturb g6=Lm^~dv~~|}vzj~ t=0.3s
TIGHT n=13 m=69 tag=perturb g6=Lnv]n|}}n~~~~~ t=0.2s
TIGHT n=13 m=53 tag=perturb g6=LJ}nzVu|~LD^@n t=0.1s
TIGHT n=13 m=61 tag=perturb g6=L~f|n}{vL~vzlx t=0.2s
TIGHT n=13 m=61 tag=perturb g6=LN|~Bqv}n~zzzv t=0.2s
TIGHT n=13 m=67 tag=perturb g6=L~~~}|z~^~~|UM t=0.4s
TIGHT n=13 m=68 tag=perturb g6=L~v~i~~\^n~~~x t=0.2s
TIGHT n=13 m=57 tag=perturb g6=Lnjvg|J~zjx~xl t=0.2s
TIGHT n=13 m=53 tag=perturb g6=LXX~^|rNf~MaNr t=0.1s
TIGHT n=13 m=61 tag=perturb g6=L^lFm^~v{~}ln} t=0.2s
TIGHT n=13 m=53 tag=perturb g6=LCfz|\~N|Mk}j\ t=0.2s
TIGHT n=13 m=65 tag=perturb g6=Lxz~{^}r~~l~|v t=0.6s
TIGHT n=13 m=56 tag=perturb g6=LvtZw~~veqU]N~ t=0.2s
TIGHT n=13 m=55 tag=perturb g6=Lnr~}^X}EVnzqd t=0.2s
TIGHT n=13 m=54 tag=perturb g6=LmH[~f~XNbZvr~ t=0.2s
TIGHT n=13 m=55 tag=perturb g6=LdnvNzuoZLrt~~ t=0.2s
TIGHT n=13 m=53 tag=perturb g6=LiJK~f~XNbZvr~ t=0.2s
TIGHT n=13 m=65 tag=perturb g6=L~n|h~lN|z~~j~ t=0.2s
TIGHT n=13 m=70 tag=perturb g6=L^~~z~~~v|V~~u t=0.6s
TIGHT n=13 m=61 tag=perturb g6=LrT|}|tzf~}|u~ t=0.2s
TIGHT n=13 m=61 tag=perturb g6=L~x~zkf\~e~yl~ t=0.2s
TIGHT n=13 m=60 tag=perturb g6=L|}bu~~uz|Y~ux t=0.2s
TIGHT n=13 m=68 tag=perturb g6=L~~}v^j~~}zv~t t=0.3s
TIGHT n=13 m=66 tag=perturb g6=L||Yx|~~f~|v~~ t=0.5s
TIGHT n=13 m=55 tag=perturb g6=LN~in|Zloylxn| t=0.2s
TIGHT n=13 m=62 tag=perturb g6=LMzn^v~~^~zTc~ t=0.2s
TIGHT n=13 m=58 tag=perturb g6=L~^\fy\~|ya~tl t=0.2s
TIGHT n=13 m=59 tag=perturb g6=LV]v~vyV|livv| t=0.3s
TIGHT n=13 m=54 tag=perturb g6=LZdm~{~\TM|l^Y t=0.2s
TIGHT n=13 m=68 tag=perturb g6=L|v~~~bf~v~~~t t=0.4s
TIGHT n=13 m=66 tag=perturb g6=L~eYz~~~n|Zv~~ t=0.2s
TIGHT n=13 m=59 tag=perturb g6=LH~^~~Fvz}[z}s t=0.2s
TIGHT n=13 m=46 tag=perturb g6=LR|[\U]mJrhaU} t=0.1s
TIGHT n=13 m=55 tag=perturb g6=L]lr{f~JF~~T|q t=0.1s
TIGHT n=13 m=59 tag=perturb g6=L~zq]Dz|~|~Sz^ t=0.2s
TIGHT n=13 m=60 tag=perturb g6=LN~t}s\~znry~t t=0.3s
TIGHT n=13 m=59 tag=perturb g6=L}vY~R\~~jj|~I t=0.2s
TIGHT n=13 m=53 tag=perturb g6=L~}]taP~cZ}Fx~ t=0.2s
TIGHT n=13 m=51 tag=perturb g6=LAvzT~~Lxnq]rI t=0.1s
TIGHT n=13 m=49 tag=perturb g6=LFrG~Cr[z|WM~~ t=0.1s
TIGHT n=13 m=53 tag=perturb g6=LfZv~VrPt|IRz| t=0.2s
TIGHT n=13 m=68 tag=perturb g6=L~X~^zznn~vz~~ t=0.5s
TIGHT n=13 m=62 tag=perturb g6=Lj~z~~~v^F[^Zy t=0.2s
TIGHT n=13 m=54 tag=perturb g6=Lvm|Sf~b~y]Xtx t=0.1s
TIGHT n=13 m=57 tag=perturb g6=Lx}n~lzIjmvv~` t=0.2s
TIGHT n=13 m=61 tag=perturb g6=Lzv}^~|Hzzljn^ t=0.5s
TIGHT n=13 m=64 tag=perturb g6=Lnx~}~vj\o^~~~ t=0.3s
TIGHT n=13 m=58 tag=perturb g6=L^mN\v~pzv~TzM t=0.2s
TIGHT n=13 m=59 tag=perturb g6=Lz|{zv~FzZ|{Z] t=0.3s
TIGHT n=13 m=67 tag=perturb g6=L~}~~m^~~pz}|^ t=0.4s
TIGHT n=13 m=63 tag=perturb g6=L\~z^~TVVNl~~~ t=0.4s
TIGHT n=13 m=57 tag=perturb g6=Lv{~~d\^}uBvlN t=0.2s
TIGHT n=13 m=59 tag=perturb g6=Lrm~x}Ngv~N}Z~ t=0.3s
TIGHT n=13 m=66 tag=perturb g6=L~n~~}v|m~vvd| t=0.3s
TIGHT n=13 m=69 tag=perturb g6=L~^~}|^zn^~~|| t=0.6s
TIGHT n=13 m=58 tag=perturb g6=Ltwv`nn~x~xrN~ t=0.2s
TIGHT n=13 m=61 tag=perturb g6=LJN~rrv|n~~zR} t=0.2s
TIGHT n=13 m=52 tag=perturb g6=LyKORstz~yzh~~ t=0.2s
TIGHT n=13 m=54 tag=perturb g6=Lw~[qRvnsLx]~~ t=0.1s
TIGHT n=13 m=48 tag=perturb g6=L^iM@j~Mnz@]vh t=0.1s
TIGHT n=13 m=48 tag=perturb g6=LyvOidxhm`\X~~ t=0.2s
TIGHT n=13 m=62 tag=perturb g6=Ld}y~}xv~q\^~~ t=0.3s
TIGHT n=13 m=52 tag=perturb g6=L{}{Ff~anr}usw t=0.1s
TIGHT n=13 m=56 tag=perturb g6=LMoaZ\z~~jx~u~ t=0.2s
TIGHT n=13 m=50 tag=perturb g6=L\^u~}n]Saa}e[ t=0.3s
TIGHT n=13 m=52 tag=perturb g6=L_~[qRv^sLx]~~ t=0.2s
TIGHT n=13 m=58 tag=perturb g6=Ly~fjfvvm~jNZt t=0.2s
TIGHT n=13 m=62 tag=perturb g6=L|Z~}|}VX~^f~l t=0.2s
TIGHT n=13 m=60 tag=perturb g6=Lz]r`~nY^~{~^v t=0.2s
TIGHT n=13 m=57 tag=perturb g6=L]`mR~~~~T[~VZ t=0.2s
TIGHT n=13 m=69 tag=perturb g6=L~|~v~~l^~e|~~ t=0.3s
TIGHT n=13 m=46 tag=perturb g6=L~iU@z~MnX@]Fh t=0.1s
TIGHT n=13 m=61 tag=perturb g6=Ln|z~|nur^N^}T t=0.2s
TIGHT n=13 m=57 tag=perturb g6=Lvy]Squ~~|my\~ t=0.2s
TIGHT n=13 m=51 tag=perturb g6=L^H{p|z~{Rvb\D t=0.2s
TIGHT n=13 m=57 tag=perturb g6=LNrMNx}{n~~~Ij t=0.1s
TIGHT n=13 m=67 tag=perturb g6=L}nu~J~~|n~V~~ t=0.4s
TIGHT n=13 m=49 tag=perturb g6=L}m~EF}ana}]dw t=0.1s
TIGHT n=13 m=57 tag=perturb g6=LmlF~eY^vf~~]f t=0.4s
TIGHT n=13 m=67 tag=perturb g6=L}}z]~~^^~~~mN t=0.6s
TIGHT n=13 m=61 tag=perturb g6=Lt}]|Nnx~~yr|^ t=0.2s
TIGHT n=13 m=65 tag=perturb g6=L^~~z}yz^S~~~N t=0.4s
TIGHT n=13 m=62 tag=perturb g6=Lz~ybnh~~~jm~t t=0.4s
TIGHT n=13 m=58 tag=perturb g6=L\vxl^vv~k[~xN t=0.2s
TIGHT n=13 m=56 tag=perturb g6=Lxv~^kV~hjK~l{ t=0.2s
TIGHT n=13 m=62 tag=perturb g6=Ln\~{uo^^~~z}} t=0.4s
TIGHT n=13 m=53 tag=perturb g6=L^fznkX|bouu~r t=0.2s
TIGHT n=13 m=64 tag=perturb g6=Lyz~Zy|v~z~~lx t=0.4s
TIGHT n=13 m=61 tag=perturb g6=Lgnx~{~~~nVzjr t=0.2s
TIGHT n=13 m=54 tag=perturb g6=LhX~jtnxN~~Fa] t=0.1s
TIGHT n=13 m=55 tag=perturb g6=LM~{L[v^~{|wvd t=0.1s
TIGHT n=13 m=68 tag=perturb g6=L~|q~~~n\zy~~~ t=0.6s
TIGHT n=13 m=57 tag=perturb g6=Ln|V~m}V]Qdw~~ t=0.2s
TIGHT n=13 m=59 tag=perturb g6=L~Vvn~p|q}nj^[ t=0.5s
TIGHT n=13 m=59 tag=perturb g6=L^~ra~Zn|zNUnn t=0.3s
TIGHT n=13 m=55 tag=perturb g6=L^UVt}v~M}NiVZ t=0.1s
TIGHT n=13 m=50 tag=perturb g6=LXF~ZmT~hjK~lK t=0.2s
TIGHT n=13 m=64 tag=perturb g6=Lny{~~znjLvz~~ t=0.2s
TIGHT n=13 m=61 tag=perturb g6=Lz~n~~f~T^Fg{~ t=0.2s
TIGHT n=13 m=62 tag=perturb g6=Lv]n|~~Vx^y~Vl t=0.3s
TIGHT n=13 m=63 tag=perturb g6=Lnz~k~Z~~xxVN~ t=0.2s
TIGHT n=13 m=62 tag=perturb g6=L~rx^~bf~~~NXv t=0.5s
TIGHT n=13 m=49 tag=perturb g6=LfvPf|ts}qD]h} t=0.1s
TIGHT n=13 m=63 tag=perturb g6=L~k}^~~}~um|ru t=0.2s
TIGHT n=13 m=61 tag=perturb g6=LzF|z]^~znum|| t=0.4s
TIGHT n=13 m=68 tag=perturb g6=Lxmv~|~Nz}~~~~ t=0.7s
TIGHT n=13 m=59 tag=perturb g6=L~VZIR~V^~~||M t=0.4s
TIGHT n=13 m=65 tag=perturb g6=L~~n~v|~~D}v}F t=0.3s
TIGHT n=13 m=52 tag=perturb g6=L@D^|f~x~fE}xj t=0.2s
TIGHT n=13 m=59 tag=perturb g6=Ld~{^~Nn~q|{]u t=0.2s
TIGHT n=13 m=58 tag=perturb g6=LkNx^{~~~nUjjr t=0.2s
TIGHT n=13 m=66 tag=perturb g6=L~~tn|n~~~z~A} t=0.2s
TIGHT n=13 m=47 tag=perturb g6=LNyF@j~^iz@M~g t=0.1s
TIGHT n=13 m=68 tag=perturb g6=L~~v~~~W~}nzz| t=0.5s
TIGHT n=13 m=62 tag=perturb g6=L}^nvp]~~r}~~E t=0.2s
TIGHT n=13 m=57 tag=perturb g6=Lk}zLR~rxV~~S~ t=0.2s
TIGHT n=13 m=60 tag=perturb g6=LBl~~v~j|fu]|n t=0.4s
TIGHT n=13 m=60 tag=perturb g6=LzTznfnv~^^{zp t=0.2s
TIGHT n=13 m=45 tag=perturb g6=Lg|XosZVz]xLro t=0.1s
TIGHT n=13 m=44 tag=perturb g6=Ldgqf{fDpyuhxu t=0.2s
TIGHT n=13 m=45 tag=perturb g6=LSARd}Ip~X^~Kf t=0.1s
TIGHT n=13 m=62 tag=perturb g6=L~n~|]mpn{|vf~ t=0.2s
TIGHT n=13 m=51 tag=perturb g6=Ld?y{vgY~~z|M^ t=0.1s
TIGHT n=13 m=64 tag=perturb g6=LTvz]~~nnzz}|^ t=0.2s
TIGHT n=13 m=65 tag=perturb g6=L~~X}^~~~~h|ez t=0.2s
TIGHT n=13 m=60 tag=perturb g6=LvZ~~{f~r|{rRz t=0.3s
TIGHT n=13 m=62 tag=perturb g6=LntUnDn~~~~u^| t=0.3s
TIGHT n=13 m=54 tag=perturb g6=Ltu{v}T^]jN~`y t=0.2s
TIGHT n=13 m=48 tag=perturb g6=LI|~yZgJF~LaVj t=0.2s
TIGHT n=13 m=53 tag=perturb g6=Lkpspzyr~vA\~~ t=0.2s
TIGHT n=13 m=64 tag=perturb g6=LnzbY|^vn~|v~~ t=0.2s
TIGHT n=13 m=52 tag=perturb g6=L}MJv~vrsnk\K{ t=0.3s
TIGHT n=13 m=57 tag=perturb g6=Lf^~~j^|X|c~bd t=0.1s
TIGHT n=13 m=58 tag=perturb g6=Lrqv|v|}zW^~hn t=0.2s
TIGHT n=13 m=64 tag=perturb g6=L^^^n}|~|va~\~ t=0.4s
TIGHT n=13 m=57 tag=perturb g6=LRjk^{~~Xvnk^^ t=0.2s
TIGHT n=13 m=59 tag=perturb g6=Lv}V|Y^t~r|q~t t=0.2s
TIGHT n=13 m=61 tag=perturb g6=Lzn~~zazpj|z{~ t=0.2s
TIGHT n=13 m=60 tag=perturb g6=L{x}~~hevmjZ~~ t=0.2s
TIGHT n=13 m=50 tag=perturb g6=LzPyFfvv}I[{yx t=0.2s
TIGHT n=13 m=61 tag=perturb g6=Lz~x~}dx|~Tx~V t=0.5s
TIGHT n=13 m=57 tag=perturb g6=L~^\fy\~|yA~tj t=0.2s
TIGHT n=13 m=48 tag=perturb g6=LJz^@z~iizBE~g t=0.1s
TIGHT n=13 m=56 tag=perturb g6=Lsn}^XZ~n~yZFJ t=0.2s
TIGHT n=13 m=54 tag=perturb g6=LzzfNvf~PvuQw^ t=0.2s
TIGHT n=13 m=64 tag=perturb g6=L~|q~~~n\zyr~f t=0.2s
TIGHT n=13 m=62 tag=perturb g6=Lz]qJz~v~~v~|Y t=0.5s
TIGHT n=13 m=61 tag=perturb g6=L~~nTvVz}fS~|} t=0.2s
TIGHT n=13 m=46 tag=perturb g6=LexSsuq~~?fRJ} t=0.1s
TIGHT n=13 m=61 tag=perturb g6=L^n|Nv~xy~zVl] t=0.3s
TIGHT n=13 m=66 tag=perturb g6=L~|nv~~l^Ve|~~ t=0.3s
TIGHT n=13 m=50 tag=perturb g6=L]Vjoz~qnJx\ph t=0.2s
TIGHT n=13 m=49 tag=perturb g6=Lv{mv]y}ls@tal t=0.2s
TIGHT n=13 m=55 tag=perturb g6=LVQv}VyV|livv| t=0.2s
TIGHT n=13 m=49 tag=perturb g6=L|G}V}|wv]iXWr t=0.2s
TIGHT n=13 m=55 tag=perturb g6=LJT|zNZ~xnufT| t=0.1s
TIGHT n=13 m=56 tag=perturb g6=LJ|n}Tq\~}\pnn t=0.2s
TIGHT n=13 m=52 tag=perturb g6=LP~{xKu^|M]vNt t=0.1s
TIGHT n=13 m=64 tag=perturb g6=L}}z]nu^^~~~mN t=0.3s
TIGHT n=13 m=57 tag=perturb g6=Lg|x\rt~~uuB~~ t=0.2s
TIGHT n=13 m=62 tag=perturb g6=Lx^}|zr^j}zR~~ t=0.2s
TIGHT n=13 m=48 tag=perturb g6=Lc}|U^Kv`un]Jw t=0.1s
TIGHT n=13 m=61 tag=perturb g6=L~~n~NNw^{yr|^ t=0.2s
TIGHT n=13 m=60 tag=perturb g6=L~}Yv~jY|z|}yx t=0.4s
TIGHT n=13 m=58 tag=perturb g6=LX~z^~Tt^Nlzxy t=0.6s
TIGHT n=13 m=51 tag=perturb g6=LcDYzns[Vs^~nv t=0.1s
TIGHT n=13 m=59 tag=perturb g6=L|{bu~~]z|]^ux t=0.2s
TIGHT n=13 m=59 tag=perturb g6=LzZjN~|~P}vi{~ t=0.3s
TIGHT n=13 m=57 tag=perturb g6=Lv^^~xW\}nvq\l t=0.2s
TIGHT n=13 m=65 tag=perturb g6=Lmv^v~~~~^}]]] t=0.3s
TIGHT n=13 m=58 tag=perturb g6=L^~||wr|pjfN|v t=0.2s
TIGHT n=13 m=50 tag=perturb g6=L}}HYO~r~v\eMX t=0.2s
TIGHT n=13 m=51 tag=perturb g6=LuYWTQu~zlmyl~ t=0.2s
TIGHT n=13 m=55 tag=perturb g6=LmvN~tqL~\nphv t=0.2s
TIGHT n=13 m=53 tag=perturb g6=Ld~v{m~znf`whw t=0.2s
TIGHT n=13 m=54 tag=perturb g6=LJzW|fVh~~rtb^ t=0.2s
TIGHT n=13 m=52 tag=perturb g6=LMfN~^^No^[sxy t=0.1s
TIGHT n=13 m=54 tag=perturb g6=L{uzLRvRpV~~S~ t=0.2s
TIGHT n=13 m=49 tag=perturb g6=L]B~G]~F~LkzLh t=0.2s
TIGHT n=13 m=62 tag=perturb g6=L~Z~}|N^V~n{~K t=0.5s
TIGHT n=13 m=59 tag=perturb g6=L\f{|{^|mn\}~r t=0.2s
TIGHT n=13 m=52 tag=perturb g6=LY~ixwnVD}R]nv t=0.1s
TIGHT n=13 m=60 tag=perturb g6=L~~z}^Ib~~hnmj t=0.2s
TIGHT n=13 m=50 tag=perturb g6=LjF~ZmTvhjM|lK t=0.2s
TIGHT n=13 m=53 tag=perturb g6=LrHEjxNZvm~~zR t=0.2s
TIGHT n=13 m=62 tag=perturb g6=L|j~|u~Qf~x~^n t=0.2s
TIGHT n=13 m=60 tag=perturb g6=L^v^{|\vma~v~{ t=0.2s
TIGHT n=13 m=62 tag=perturb g6=Lv\]n}^vy~N^}| t=0.4s
TIGHT n=13 m=64 tag=perturb g6=L^~|j|n^\h~~j~ t=0.5s
TIGHT n=13 m=64 tag=perturb g6=L~^V~l}V~]kz~~ t=0.4s
TIGHT n=13 m=45 tag=perturb g6=LexOsuq~zCfRJ} t=0.1s
TIGHT n=13 m=51 tag=perturb g6=LjZEu~~oNm~|SQ t=0.1s
TIGHT n=13 m=60 tag=perturb g6=L~|v}T^M}nttV~ t=0.3s
TIGHT n=13 m=71 tag=perturb g6=L~~yy~~n~~~~nz t=0.6s
TIGHT n=13 m=55 tag=perturb g6=L]bkvZ~U|F[~|| t=0.2s
TIGHT n=13 m=55 tag=perturb g6=LPj{^{~~XvnkM^ t=0.1s
TIGHT n=13 m=47 tag=perturb g6=LL~KwrNmPrlbU} t=0.2s
TIGHT n=13 m=51 tag=perturb g6=LhhLXxN~^~`Vjr t=0.1s
TIGHT n=13 m=68 tag=perturb g6=L}z~~v~|~~vvez t=0.3s
TIGHT n=13 m=55 tag=perturb g6=L|rVV^~z~sp]sq t=0.2s
TIGHT n=13 m=53 tag=perturb g6=L{~^|zi}UZX{yH t=0.3s
TIGHT n=13 m=55 tag=perturb g6=L~^nVJD^vm|Fq^ t=0.2s
TIGHT n=13 m=58 tag=perturb g6=L~y~}jSfnvYuz| t=0.2s
TIGHT n=13 m=60 tag=perturb g6=Lfm^~ur^}}f~Nj t=0.2s
TIGHT n=13 m=61 tag=perturb g6=LJ~yryvY~~~t|n t=0.2s
TIGHT n=13 m=65 tag=perturb g6=L~v~{}|l~~V~~W t=0.2s
TIGHT n=13 m=53 tag=perturb g6=L~\p^Zvg^S}~\I t=0.2s
TIGHT n=13 m=50 tag=perturb g6=LPn|i\nzw~codv t=0.2s
TIGHT n=13 m=56 tag=perturb g6=Lv}~MUml|^V\}s t=0.2s
TIGHT n=13 m=48 tag=perturb g6=LZF~J]TnHjK~lK t=0.2s
TIGHT n=13 m=59 tag=perturb g6=L~n~mZQu^jr|z} t=0.2s
TIGHT n=13 m=55 tag=perturb g6=L^~{N~xMRIflv| t=0.2s
TIGHT n=13 m=52 tag=perturb g6=Lxin~ml~PqtA|} t=0.2s
TIGHT n=13 m=60 tag=perturb g6=Lr~vy|~y|{M{~l t=0.2s
TIGHT n=13 m=51 tag=perturb g6=Lxh~xe{~hxUnzC t=0.2s
TIGHT n=13 m=51 tag=perturb g6=LF~~hwt^MzTjBt t=0.5s
TIGHT n=13 m=61 tag=perturb g6=L`mx~|j~~n^~jr t=0.2s
TIGHT n=13 m=61 tag=perturb g6=LVz~F[ux~~rN~~ t=0.3s
TIGHT n=13 m=59 tag=perturb g6=L~u|\am~^~zZ}i t=0.2s
TIGHT n=13 m=64 tag=perturb g6=L]~^}sZ^~~|^^z t=0.4s
TIGHT n=13 m=55 tag=perturb g6=LX|Zf}n~|^mRVE t=0.2s
TIGHT n=13 m=58 tag=perturb g6=L|j~m|Nnhw~vx{ t=0.4s
TIGHT n=13 m=60 tag=perturb g6=Ltx^P}n|~~zLv^ t=0.2s
TIGHT n=13 m=58 tag=perturb g6=Lxx~|}m|vyljI~ t=0.3s
TIGHT n=13 m=58 tag=perturb g6=Lzv{sz~uZn^{zJ t=0.2s
TIGHT n=13 m=54 tag=perturb g6=LmvnznA]t|U^Z{ t=0.1s
TIGHT n=13 m=51 tag=perturb g6=Lg{v~l~irVbrqs t=0.2s
TIGHT n=13 m=57 tag=perturb g6=LU~~Xy~Xyz^rp^ t=0.3s
TIGHT n=13 m=61 tag=perturb g6=Lp~}b{~\|t^~~Z t=0.2s
TIGHT n=13 m=55 tag=perturb g6=Lmfw|RIrdv~Z~~ t=0.2s
TIGHT n=13 m=67 tag=perturb g6=LY~n~^~t|n~V~~ t=0.5s
TIGHT n=13 m=67 tag=perturb g6=L~^}~x~f~}~~ll t=0.5s
TIGHT n=13 m=53 tag=perturb g6=L~u\{F|wsv\tw} t=0.1s
TIGHT n=13 m=61 tag=perturb g6=Ly|^~|R~^jjl}^ t=0.3s
TIGHT n=13 m=56 tag=perturb g6=Lu~N~vq\|Lfr`~ t=0.1s
TIGHT n=13 m=54 tag=perturb g6=Ljxz~|vutNF]wT t=0.2s
TIGHT n=13 m=47 tag=perturb g6=LSZV|DvX|T}Ucx t=0.2s
TIGHT n=13 m=54 tag=perturb g6=Lv~Un{Vva~]B}[ t=0.1s
TIGHT n=13 m=47 tag=perturb g6=Ly{H\_LZv~n@tf t=0.1s
TIGHT n=13 m=64 tag=perturb g6=LxF~}vv~fu~r~~ t=0.4s
TIGHT n=13 m=67 tag=perturb g6=L~zvnf~N|^nn~~ t=0.7s
TIGHT n=13 m=58 tag=perturb g6=Lf~~}}eva~mrRz t=0.3s
TIGHT n=13 m=56 tag=perturb g6=L~fZv}~~|FP]Tq t=0.1s
TIGHT n=13 m=55 tag=perturb g6=Lzv|~V~[JbN^dL t=0.1s
TIGHT n=13 m=57 tag=perturb g6=Lh^eN]^~~M~aV~ t=0.2s
TIGHT n=13 m=55 tag=perturb g6=L^L~riug^}}}yZ t=0.2s
TIGHT n=13 m=61 tag=perturb g6=LNv~z}rm~~f]}d t=0.3s
TIGHT n=13 m=47 tag=perturb g6=Lv^xoq}eZ~Bc[k t=0.1s
TIGHT n=13 m=48 tag=perturb g6=LE^RTN~Lxnq]rI t=0.1s
TIGHT n=13 m=49 tag=perturb g6=LSHnfyL~xvhY]f t=0.1s
TIGHT n=13 m=52 tag=perturb g6=LN~ngToMzi^~l\ t=0.2s
TIGHT n=13 m=56 tag=perturb g6=Lu~]vXZ~m~zzEH t=0.2s
TIGHT n=13 m=56 tag=perturb g6=L~vEz~zzz]zIya t=0.2s
TIGHT n=13 m=57 tag=perturb g6=L~ilzZi}rsv^~f t=0.2s
TIGHT n=13 m=59 tag=perturb g6=L|~e~Nnztvwz{V t=0.2s
TIGHT n=13 m=63 tag=perturb g6=Lt}nn}v~\^T~v| t=0.3s
TIGHT n=13 m=54 tag=perturb g6=L^Mn^x~x|{uiJU t=0.2s
TIGHT n=13 m=57 tag=perturb g6=LvD^~nttZxf{n^ t=0.3s
TIGHT n=13 m=43 tag=perturb g6=Li\EJdDtmrjcZf t=0.1s
TIGHT n=13 m=55 tag=perturb g6=L]|qsNy~yvn~]K t=0.1s
TIGHT n=13 m=66 tag=perturb g6=L|V~}Y||n~m~~~ t=0.4s
TIGHT n=13 m=49 tag=perturb g6=LBn~WY~R~z`qpY t=0.1s
TIGHT n=13 m=52 tag=perturb g6=Lu~}uPY~m{zzEH t=0.1s
TIGHT n=13 m=59 tag=perturb g6=L~xz~gf\~e~zl{ t=0.3s
TIGHT n=13 m=52 tag=perturb g6=L{p~lu~QF~`\Xn t=0.2s
TIGHT n=13 m=50 tag=perturb g6=L\}~BazKx\}syx t=0.2s
TIGHT n=13 m=63 tag=perturb g6=L~^^jNx~v\~~tr t=0.5s
TIGHT n=13 m=47 tag=perturb g6=L~LMjj~KlLsMwh t=0.1s
TIGHT n=13 m=58 tag=perturb g6=LB|{u~~bnfyn}} t=0.2s
TIGHT n=13 m=57 tag=perturb g6=L}Ty~~zt~iEnhz t=0.2s
TIGHT n=13 m=59 tag=perturb g6=LV~z}jd^T|F~z| t=0.2s
TIGHT n=13 m=57 tag=perturb g6=Ly|}Xu~}tv`fv^ t=0.2s
TIGHT n=13 m=61 tag=perturb g6=LMzmn~t~}}u~yV t=0.2s
TIGHT n=13 m=65 tag=perturb g6=L~z}p~^nzM~\~~ t=0.3s
TIGHT n=13 m=57 tag=perturb g6=L~m|lvknr\Llj~ t=0.2s
TIGHT n=13 m=53 tag=perturb g6=Lv|xqn\lvszKN] t=0.4s
TIGHT n=13 m=66 tag=perturb g6=L~}n~nulzn|~^} t=0.5s
TIGHT n=13 m=62 tag=perturb g6=LZ^zzz~~R~{in} t=0.2s
TIGHT n=13 m=67 tag=perturb g6=L^^~n|~~q~~~fZ t=0.6s
TIGHT n=13 m=59 tag=perturb g6=L}~Uu~~~y^Yd]] t=0.1s
TIGHT n=13 m=61 tag=perturb g6=L~nu~Xj~t]Hz~~ t=0.4s
TIGHT n=13 m=59 tag=perturb g6=L~ktmjVV|zy~}n t=0.3s
TIGHT n=13 m=62 tag=perturb g6=Lvl}e^^^~~}hx~ t=0.2s
TIGHT n=13 m=56 tag=perturb g6=Lv^^~hW^mnvq\l t=0.3s
TIGHT n=13 m=47 tag=perturb g6=LnsQpEw[qvpY~~ t=0.2s
TIGHT n=13 m=62 tag=perturb g6=L}~^uv~Wmn~~^J t=0.5s
TIGHT n=13 m=49 tag=perturb g6=LvKq^Bjgv~~R[i t=0.2s
TIGHT n=13 m=68 tag=perturb g6=Lu~}~~V~~~}~j] t=0.2s
TIGHT n=13 m=51 tag=perturb g6=La|Vvuy~z@fRJ} t=0.1s
TIGHT n=13 m=59 tag=perturb g6=L[|z}rL~zw|vvn t=0.2s
TIGHT n=13 m=50 tag=perturb g6=L{}F~cagvVjvvq t=0.2s
TIGHT n=13 m=59 tag=perturb g6=Lm^nvp]~~ri~~E t=0.3s
TIGHT n=13 m=56 tag=perturb g6=L~]~yVb~}vc^Wu t=0.2s
TIGHT n=13 m=61 tag=perturb g6=L|\ef]~z~~y`~~ t=0.4s
TIGHT n=13 m=45 tag=perturb g6=LUAVb~A`^X^~If t=0.2s
TIGHT n=13 m=57 tag=perturb g6=LntV~~yUvElV{~ t=0.2s
TIGHT n=13 m=63 tag=perturb g6=L~||jz~^~zr\T| t=0.4s
TIGHT n=13 m=58 tag=perturb g6=LZzzn|dw|~^x}R t=0.2s
TIGHT n=13 m=58 tag=perturb g6=LzxsjJ^|pZ}n~~ t=0.4s
TIGHT n=13 m=46 tag=perturb g6=LM{d`B~y|^pksX t=0.2s
TIGHT n=13 m=66 tag=perturb g6=L}~nvnT~~x~z~] t=0.5s
TIGHT n=13 m=60 tag=perturb g6=L~yh{Rf~~~v^VN t=0.2s
TIGHT n=13 m=58 tag=perturb g6=L~a[||ZmjNVz~~ t=0.2s
TIGHT n=13 m=56 tag=perturb g6=L|Zy[I|l|~V~~I t=0.1s
TIGHT n=13 m=68 tag=perturb g6=L~~z~n~^^\|v|n t=0.5s
TIGHT n=13 m=47 tag=perturb g6=Ls~[CfVanr}uew t=0.1s
TIGHT n=13 m=48 tag=perturb g6=L{}[Ffzanryqsw t=0.1s
TIGHT n=13 m=61 tag=perturb g6=L^N|y~Mvn~jjj~ t=0.2s
TIGHT n=13 m=53 tag=perturb g6=L~^vVJD^vmkFU^ t=0.1s
TIGHT n=13 m=53 tag=perturb g6=Lmp^~{y|r[TS|n t=0.1s
TIGHT n=13 m=57 tag=perturb g6=L}^n^ryZ}pmv^M t=0.3s
TIGHT n=13 m=58 tag=perturb g6=LVn}eR^N^~}hx~ t=0.2s
TIGHT n=13 m=64 tag=perturb g6=L~~]zf~~xlvl~y t=0.3s
TIGHT n=13 m=68 tag=perturb g6=L|~L^~~~^~x~~Z t=0.6s
TIGHT n=13 m=59 tag=perturb g6=LzZzz|~vnAl]t~ t=0.2s
TIGHT n=13 m=61 tag=perturb g6=L^f~}fvsznZz~l t=0.5s
TIGHT n=13 m=55 tag=perturb g6=L~H~nJfhnr]L}| t=0.2s
TIGHT n=13 m=60 tag=perturb g6=L}\nV~~x~eq~ns t=0.2s
TIGHT n=13 m=52 tag=perturb g6=LdzzKqrv{F~~ep t=0.1s
TIGHT n=13 m=55 tag=perturb g6=L~|}^{nUw|NZUk t=0.2s
TIGHT n=13 m=64 tag=perturb g6=Lv|~vvVMn~vnl~ t=0.5s
TIGHT n=13 m=62 tag=perturb g6=L|Z~r^lI~~|n^^ t=0.4s
TIGHT n=13 m=59 tag=perturb g6=L\^m~~zkZrf~vT t=0.4s
TIGHT n=13 m=59 tag=perturb g6=L~yLne|x]z~lj~ t=0.2s
TIGHT n=13 m=66 tag=perturb g6=Lt}~~}}v~v\z~f t=0.3s
TIGHT n=13 m=58 tag=perturb g6=Ld}^zq}v~v\r~E t=0.4s
TIGHT n=13 m=56 tag=perturb g6=L}G^~~X|\fZ|kv t=0.4s
TIGHT n=13 m=57 tag=perturb g6=L~Mv~`Ht}\~~tt t=0.2s
TIGHT n=13 m=59 tag=perturb g6=LNlz~j^\~~mL~Q t=0.2s
TIGHT n=13 m=67 tag=perturb g6=Lzv~^~~v~zk|z| t=0.4s
TIGHT n=13 m=62 tag=perturb g6=L~vxzz}]~~mNff t=0.2s
TIGHT n=13 m=67 tag=perturb g6=L^|~~{v^~}}[~~ t=0.2s
TIGHT n=13 m=65 tag=perturb g6=Lxmvv|xNz}~~~~ t=0.2s
TIGHT n=13 m=50 tag=perturb g6=Ls}[Fvzakx~q|w t=0.1s
TIGHT n=13 m=51 tag=perturb g6=L\zelDW~|Nz}pF t=0.1s
TIGHT n=13 m=62 tag=perturb g6=L~xzRnm~Y~xt~~ t=0.2s
TIGHT n=13 m=56 tag=perturb g6=LhHElvt|^fr~~~ t=0.1s
TIGHT n=13 m=56 tag=perturb g6=Lj]q\t|~}bbnl~ t=0.2s
TIGHT n=13 m=63 tag=perturb g6=L]Nu~Z~~|u}zn| t=0.2s
TIGHT n=13 m=54 tag=perturb g6=LvBZYR~V~nZlxm t=0.2s
TIGHT n=13 m=58 tag=perturb g6=Ls}~ZQzNl^|T~~ t=0.5s
TIGHT n=13 m=61 tag=perturb g6=Lnnkh|n~~~jne} t=0.4s
TIGHT n=13 m=54 tag=perturb g6=L}^n^rgZ}tmvZK t=0.2s
TIGHT n=13 m=56 tag=perturb g6=LZ~~Vs~^rH{N]t t=0.3s
TIGHT n=13 m=58 tag=perturb g6=Lnv{cz~uzZ~{rj t=0.2s
TIGHT n=13 m=63 tag=perturb g6=Lb|frv~m~~~l|z t=0.2s
TIGHT n=13 m=60 tag=perturb g6=LMt^v~~~~z[nMY t=0.2s
TIGHT n=13 m=60 tag=perturb g6=L}yz]mu^^~~~wF t=0.2s
TIGHT n=13 m=58 tag=perturb g6=Lv|R~i|TMvn||n t=0.2s
TIGHT n=13 m=56 tag=perturb g6=LtX^^qZdl^ur~~ t=0.1s
TIGHT n=13 m=67 tag=perturb g6=Lfu]n|}vn~~~~~ t=0.2s
TIGHT n=13 m=56 tag=perturb g6=LtX}~QZc|^ur~~ t=0.2s
TIGHT n=13 m=61 tag=perturb g6=L}]lw~~i^~|V|} t=0.4s
TIGHT n=13 m=65 tag=perturb g6=Ln^n{nj~||~v~m t=0.2s
TIGHT n=13 m=44 tag=perturb g6=LTJwzkELQhDn|v t=0.2s
TIGHT n=13 m=56 tag=perturb g6=Lv}DN~xkZn^k^} t=0.2s
TIGHT n=13 m=50 tag=perturb g6=Lsv^VBN`~ez^eT t=0.2s
TIGHT n=13 m=68 tag=perturb g6=LZZvn{~~~~~N~~ t=0.2s
TIGHT n=13 m=52 tag=perturb g6=LcYc]yq~v~|xfm t=0.1s
TIGHT n=13 m=56 tag=perturb g6=Lv\~y]n\mvVwfr t=0.1s
TIGHT n=13 m=44 tag=perturb g6=LvjwY{kFyjBkxB t=0.3s
TIGHT n=13 m=58 tag=perturb g6=Lzqy~}fz~q^x|R t=0.2s
TIGHT n=13 m=57 tag=perturb g6=LzrR^zLXv^^~Vj t=0.2s
TIGHT n=13 m=63 tag=perturb g6=LD~x~~TVVN~~~~ t=0.4s
TIGHT n=13 m=47 tag=perturb g6=LwINx|uAvlz]K{ t=0.2s
TIGHT n=13 m=57 tag=perturb g6=LVf~w~z^irVznX t=0.2s
TIGHT n=13 m=61 tag=perturb g6=Lrvfxtvn~lv^^z t=0.2s
TIGHT n=13 m=64 tag=perturb g6=LnyFr~~~~t~fnn t=0.6s
TIGHT n=13 m=57 tag=perturb g6=L^~d~Wx|pnnM|v t=0.2s
TIGHT n=13 m=54 tag=perturb g6=LJ~f_dZ~~Vmvru t=0.2s
TIGHT n=13 m=60 tag=perturb g6=L||nVv{hV~m|~u t=0.4s
TIGHT n=13 m=60 tag=perturb g6=L]vGs~~|~~R^~{ t=0.2s
TIGHT n=13 m=56 tag=perturb g6=Lv~Dn~nzs\T{qn t=0.2s
TIGHT n=13 m=51 tag=perturb g6=L`ZelTv~}ejrB~ t=0.2s
TIGHT n=13 m=52 tag=perturb g6=LpB\YR~V~nZlxm t=0.1s
TIGHT n=13 m=62 tag=perturb g6=Lj~r~n~vNF[~Z~ t=0.2s
TIGHT n=13 m=67 tag=perturb g6=Le~~]X}~|^~~~~ t=0.4s
TIGHT n=13 m=50 tag=perturb g6=Lwx\jBL~yfmu\t t=0.2s
TIGHT n=13 m=55 tag=perturb g6=LgMvv|pFz}Xy~~ t=0.1s
TIGHT n=13 m=53 tag=perturb g6=L^~wUuyufufNRv t=0.2s
TIGHT n=13 m=57 tag=perturb g6=LEvx~~vvslL~|h t=0.3s
TIGHT n=13 m=66 tag=perturb g6=L~|~ztr^~}}[~~ t=0.4s
TIGHT n=13 m=62 tag=perturb g6=Lt~x~~x||NN~u] t=0.2s
TIGHT n=13 m=55 tag=perturb g6=L~I|Nr|yrzm\H~ t=0.2s
TIGHT n=13 m=55 tag=perturb g6=L~}NTnz{nL]ir\ t=0.2s
TIGHT n=13 m=63 tag=perturb g6=L~zyv~Xzzm~\}| t=0.4s
TIGHT n=13 m=58 tag=perturb g6=LFZD\~mVvf~~~r t=0.2s
TIGHT n=13 m=52 tag=perturb g6=L\|l`NjZ|^VT}L t=0.2s
TIGHT n=13 m=59 tag=perturb g6=LVu|mx~}En}|~j t=0.2s
TIGHT n=13 m=63 tag=perturb g6=LzT~m~|zf~~|[} t=0.3s
TIGHT n=13 m=59 tag=perturb g6=Ly\nj}x~~~yzgm t=0.3s
TIGHT n=13 m=53 tag=perturb g6=L|zy[Ylht~Vt^M t=0.2s
TIGHT n=13 m=54 tag=perturb g6=Ll}npY~e|Uzlu] t=0.2s
TIGHT n=13 m=47 tag=perturb g6=LVj|z{D`ANf~LR t=0.1s
TIGHT n=13 m=68 tag=perturb g6=L~z{nym~~~zz~~ t=0.6s
TIGHT n=13 m=55 tag=perturb g6=LVv}Sv~K||rVrN t=0.2s
TIGHT n=13 m=49 tag=perturb g6=LxmpzDnG~b|}KZ t=0.2s
TIGHT n=13 m=65 tag=perturb g6=L^~nn~z}|}l\|^ t=0.3s
TIGHT n=13 m=59 tag=perturb g6=Lv|Ut~n~~htjF| t=0.2s
TIGHT n=13 m=57 tag=perturb g6=L}~byfh}~c{|~m t=0.2s
TIGHT n=13 m=59 tag=perturb g6=L|v~i}ezzN|nzh t=0.3s
TIGHT n=13 m=51 tag=perturb g6=LeY_wyq~v~|xfm t=0.2s
TIGHT n=13 m=66 tag=perturb g6=Lzzvnf~j|^nn~~ t=0.5s
TIGHT n=13 m=58 tag=perturb g6=LfnwvsZ~~nNz}b t=0.3s
TIGHT n=13 m=58 tag=perturb g6=Lni}rZNZ^~j\}n t=0.2s
TIGHT n=13 m=64 tag=perturb g6=L~\f~~~[~mNzz| t=0.6s
TIGHT n=13 m=52 tag=perturb g6=L^~ykmFbZ~Jst{ t=0.2s
TIGHT n=13 m=60 tag=perturb g6=L~V^}~wl|rmyu~ t=0.4s
TIGHT n=13 m=55 tag=perturb g6=Lluscz~uzj~{rj t=0.1s
TIGHT n=13 m=65 tag=perturb g6=Lnx~}vvz^q~~}| t=0.5s
TIGHT n=13 m=59 tag=perturb g6=LHnZ~f~~z^zzBV t=0.2s
TIGHT n=13 m=59 tag=perturb g6=LN^y{~m~zTjV|n t=0.3s
TIGHT n=13 m=61 tag=perturb g6=L]~zN}nlv^vnvp t=0.6s
TIGHT n=13 m=45 tag=perturb g6=LMiw~{\N{ehNgS t=0.1s
TIGHT n=13 m=53 tag=perturb g6=LxxKV~~?nnZ^Ln t=0.2s
TIGHT n=13 m=57 tag=perturb g6=Lzjd~yazxn\z{~ t=0.2s
TIGHT n=13 m=56 tag=perturb g6=LZNx^}fXt~Fx~V t=0.2s
TIGHT n=13 m=59 tag=perturb g6=Ld|z\v~RxV~~Uz t=0.4s
TIGHT n=13 m=55 tag=perturb g6=LrHYNlNZvn~~zh t=0.2s
TIGHT n=13 m=55 tag=perturb g6=LDZXynTVVv^~~j t=0.2s
TIGHT n=13 m=64 tag=perturb g6=L|]x~~vw^~u~~V t=0.5s
TIGHT n=13 m=61 tag=perturb g6=Lu~NnUzf}npn~~ t=0.2s
TIGHT n=13 m=50 tag=perturb g6=Lshu`~~czTdnwn t=0.1s
TIGHT n=13 m=46 tag=perturb g6=LWtK}AS~}pivyV t=0.3s
TIGHT n=13 m=61 tag=perturb g6=L~n~}~O}~Zv{zs t=0.2s
TIGHT n=13 m=57 tag=perturb g6=Lb[bw~~V~~njne t=0.2s
TIGHT n=13 m=55 tag=perturb g6=Lf{QJ\}Vh~~~Fz t=0.2s
TIGHT n=13 m=64 tag=perturb g6=L}|F~~~uye~~~t t=0.2s
TIGHT n=13 m=58 tag=perturb g6=L~~^\}[^Qul~VZ t=0.4s
TIGHT n=13 m=63 tag=perturb g6=LX~zz^vz^m~N}^ t=0.3s
TIGHT n=13 m=59 tag=perturb g6=LFv}B^m}n~d~n} t=0.2s
TIGHT n=13 m=60 tag=perturb g6=Lzzyr^Xzzm~\}| t=0.2s
TIGHT n=13 m=59 tag=perturb g6=Lmklb}|\n~~x|v t=0.3s
TIGHT n=13 m=59 tag=perturb g6=Lu^fFb~~~ns~^k t=0.3s
TIGHT n=13 m=50 tag=perturb g6=LY~~{yjR`YPYn| t=0.1s
TIGHT n=13 m=58 tag=perturb g6=L|b~v^tYv~lfrV t=0.2s
TIGHT n=13 m=63 tag=perturb g6=L~}~yy~Zfrt~f~ t=0.2s
TIGHT n=13 m=57 tag=perturb g6=Lzrf~}j~P^ziwv t=0.2s
TIGHT n=13 m=54 tag=perturb g6=LdmzLRutdU~~u~ t=0.2s
TIGHT n=13 m=61 tag=perturb g6=L{^n^}dZ|~r}}} t=0.2s
TIGHT n=13 m=56 tag=perturb g6=LznvNzazpj|nxV t=0.2s
TIGHT n=13 m=58 tag=perturb g6=Le~}uXZ^~~zzFJ t=0.4s
TIGHT n=13 m=59 tag=perturb g6=Lu~{~^~ZhY~lft t=0.2s
TIGHT n=13 m=51 tag=perturb g6=LfYQZcplavz}~~ t=0.2s
TIGHT n=13 m=61 tag=perturb g6=L^p~~yU~zj|~]{ t=0.2s
TIGHT n=13 m=66 tag=perturb g6=Lv^zv|~~yv~~lt t=0.7s
TIGHT n=13 m=59 tag=perturb g6=L^ezv~Zv}pu~|J t=0.2s
TIGHT n=13 m=59 tag=perturb g6=L~FzZzY^~~{Nnb t=0.2s
TIGHT n=13 m=56 tag=perturb g6=LVnyl}~fa}Flnv t=0.2s
TIGHT n=13 m=51 tag=perturb g6=L{}cv}uj~]uoxP t=0.2s
TIGHT n=13 m=62 tag=perturb g6=LXzf\Z~|\n~f~~ t=0.4s
TIGHT n=13 m=65 tag=perturb g6=Ls|~znyx~^~~~l t=0.2s
TIGHT n=13 m=64 tag=perturb g6=L~|Evrtz^~nn~~ t=0.4s
TIGHT n=13 m=59 tag=perturb g6=L~^~ni~XNN~|lE t=0.2s
TIGHT n=13 m=61 tag=perturb g6=L|u]y~Tny~~~jr t=0.2s
TIGHT n=13 m=54 tag=perturb g6=Lnu{er~szJ^{rj t=0.1s
TIGHT n=13 m=62 tag=perturb g6=Le~~]Xy~T^~~}^ t=0.4s
TIGHT n=13 m=66 tag=perturb g6=L~~N}^~v{~vl~] t=0.3s
TIGHT n=13 m=58 tag=perturb g6=L}mt~Zi}vuv^rf t=0.2s
TIGHT n=13 m=57 tag=perturb g6=L~~~kZQu^jqtz} t=0.2s
TIGHT n=13 m=60 tag=perturb g6=L~~Xaz]]~~mNf~ t=0.2s
TIGHT n=13 m=59 tag=perturb g6=L~]n~~~NyN[}Py t=0.7s
TIGHT n=13 m=63 tag=perturb g6=L~~n|\~jy~|\vq t=0.4s
TIGHT n=13 m=60 tag=perturb g6=Lx]^z~intvh~|} t=0.2s
TIGHT n=13 m=56 tag=perturb g6=Lxmpv{wN\}vd~~ t=0.4s
TIGHT n=13 m=47 tag=perturb g6=Lk|wzS|]arDt~K t=0.2s
TIGHT n=13 m=48 tag=perturb g6=LOBXIR~v}~nldk t=0.1s
TIGHT n=13 m=53 tag=perturb g6=LXfz~}TlRy~anF t=0.2s
TIGHT n=13 m=54 tag=perturb g6=L~~n~fNwN{Wr{K t=0.3s
TIGHT n=13 m=58 tag=perturb g6=LZvY}~~sH~hn^z t=0.2s
TIGHT n=13 m=57 tag=perturb g6=LN~}xrzZNvtBn| t=0.2s
TIGHT n=13 m=64 tag=perturb g6=L~zmv~\~vi~]}z t=0.5s
TIGHT n=13 m=59 tag=perturb g6=Lwavv|jNZ}~~zz t=0.4s
TIGHT n=13 m=44 tag=perturb g6=Lv{}\SMUw|DPUw t=0.1s
TIGHT n=13 m=67 tag=perturb g6=Lz}]Z~~v{~~~~j t=0.9s
TIGHT n=13 m=52 tag=perturb g6=LU~|Xz|p|zFqP] t=0.1s
TIGHT n=13 m=60 tag=perturb g6=Luz^TMn~n~~\a~ t=0.2s
TIGHT n=13 m=59 tag=perturb g6=Ln~^{x\~|nrRd} t=0.2s
TIGHT n=13 m=55 tag=perturb g6=L|}^Tnyx~L}lfW t=0.2s
TIGHT n=13 m=60 tag=perturb g6=Lvzn~~ap~f|viz t=0.2s
TIGHT n=13 m=55 tag=perturb g6=LyV~~~~oxQpjX} t=0.2s
TIGHT n=13 m=67 tag=perturb g6=Lt}~~~~j~rz|~Z t=0.2s
TIGHT n=13 m=60 tag=perturb g6=LQ}V~u~~~Jz}zF t=0.2s
TIGHT n=13 m=49 tag=perturb g6=LL`qr~ZnPOTN~~ t=0.2s
TIGHT n=13 m=66 tag=perturb g6=L~|^~|zzq]~~]~ t=0.5s
TIGHT n=13 m=58 tag=perturb g6=L}~qVZz~|a|nN\ t=0.2s
TIGHT n=13 m=56 tag=perturb g6=LzVnRHb~|vwnl~ t=0.2s
TIGHT n=13 m=54 tag=perturb g6=Ln~V{|T}sjvrcm t=0.2s
TIGHT n=13 m=49 tag=perturb g6=LjzzkmfrYnZcto t=0.2s
TIGHT n=13 m=75 tag=perturb g6=L^~x~~~~~~~~~~ t=0.7s
TIGHT n=13 m=58 tag=perturb g6=Lt@nv[{Z~^^\~~ t=0.2s
TIGHT n=13 m=43 tag=perturb g6=LwINxtuAfdZ]K{ t=0.2s
TIGHT n=13 m=48 tag=perturb g6=Lqlpdv~V|HzDiw t=0.1s
TIGHT n=13 m=63 tag=perturb g6=Ln~pjz~~yzvN~{ t=0.6s
TIGHT n=13 m=55 tag=perturb g6=L~]tLam]^~~J}i t=0.2s
TIGHT n=13 m=64 tag=perturb g6=L~vh~~td^~|^\~ t=0.4s
TIGHT n=13 m=59 tag=perturb g6=L^^n{nj~|||ubk t=0.2s
TIGHT n=13 m=55 tag=perturb g6=Lj}~wUfLl~\pnn t=0.2s
TIGHT n=13 m=57 tag=perturb g6=L~bO}zZP~z~~{\ t=0.2s
TIGHT n=13 m=50 tag=perturb g6=LKEt~qQ~yzju\V t=0.1s
TIGHT n=13 m=54 tag=perturb g6=LncV~v}nnoAm^z t=0.3s
TIGHT n=13 m=60 tag=perturb g6=Lazz~|hVxu~~|v t=0.2s
TIGHT n=13 m=55 tag=perturb g6=LX~Rf]m~|^nVrE t=0.2s
TIGHT n=13 m=58 tag=perturb g6=Lv\Nm~~_~v\nwn t=0.3s
TIGHT n=13 m=66 tag=perturb g6=L~~~ll~~~mmNm~ t=0.6s
TIGHT n=13 m=43 tag=perturb g6=L[B~G]~N\LKj@k t=0.1s
TIGHT n=13 m=62 tag=perturb g6=L\\n~~}~qfz~}i t=0.2s
TIGHT n=13 m=56 tag=perturb g6=LzZVZN|WNQ~~t~ t=0.3s
TIGHT n=13 m=62 tag=perturb g6=L~~~yzV}Wfr~~l t=0.3s
TIGHT n=13 m=61 tag=perturb g6=L}~jyfk}~c||~~ t=0.2s
TIGHT n=13 m=68 tag=perturb g6=L~xzv~~|~N^~|| t=0.2s
TIGHT n=13 m=62 tag=perturb g6=Lzj~~snz~uVun} t=0.6s
TIGHT n=13 m=70 tag=perturb g6=L~n|^^~|~~~|~m t=0.3s
TIGHT n=13 m=62 tag=perturb g6=LN^}hy~zN~tx~~ t=0.2s
TIGHT n=13 m=57 tag=perturb g6=L^zzlj{~|xt^{K t=0.2s
TIGHT n=13 m=51 tag=perturb g6=L~eXv~|m[FtMTq t=0.1s
TIGHT n=13 m=58 tag=perturb g6=L~\|v{`~zvV~jW t=0.6s
TIGHT n=13 m=54 tag=perturb g6=L~^fqh{[^\^jvX t=0.2s
TIGHT n=13 m=56 tag=perturb g6=LnbQi~xZ|j~~u\ t=0.2s
TIGHT n=13 m=54 tag=perturb g6=Lpv~^lUnjjk~dk t=0.2s
TIGHT n=13 m=61 tag=perturb g6=L~vk]y^~~ev~ns t=0.3s
TIGHT n=13 m=58 tag=perturb g6=LrnEov~~~v]vlj t=0.5s
TIGHT n=13 m=52 tag=perturb g6=L|Ec~}ph}]^NUv t=0.1s
TIGHT n=13 m=63 tag=perturb g6=Lhv^~~ztf~~nnM t=0.2s
TIGHT n=13 m=62 tag=perturb g6=Lrvnzd~n~}~V]x t=0.2s
TIGHT n=13 m=61 tag=perturb g6=Ljn~|}mpm}|vf~ t=0.2s
TIGHT n=13 m=58 tag=perturb g6=Lu|^xy^}r]~~ML t=0.3s
TIGHT n=13 m=45 tag=perturb g6=LsmV|zikUZX{oH t=0.1s
TIGHT n=13 m=45 tag=perturb g6=L\y~ba~gxSkswX t=0.1s
TIGHT n=13 m=54 tag=perturb g6=Lujbgz~nL\R|~y t=0.1s
TIGHT n=13 m=63 tag=perturb g6=L\~Y~~~]Yz~~rx t=0.4s
TIGHT n=13 m=62 tag=perturb g6=L^~um~tu|n~vV] t=0.2s
TIGHT n=13 m=61 tag=perturb g6=LnsxZzV~~Nx~x~ t=0.3s
TIGHT n=13 m=62 tag=perturb g6=Lezz}Zm|t^~~zv t=0.2s
TIGHT n=13 m=55 tag=perturb g6=Lm~{|rhzL^Bj~{ t=0.2s
TIGHT n=13 m=54 tag=perturb g6=L|~{N~NXRvsJhz t=0.2s
TIGHT n=13 m=51 tag=perturb g6=Ln~Uk|\}pjvrCe t=0.2s
TIGHT n=13 m=54 tag=perturb g6=LS}ZyxK~K}vvz| t=0.2s
TIGHT n=13 m=59 tag=perturb g6=LnNu|T|jp}^~|n t=0.2s
TIGHT n=13 m=50 tag=perturb g6=LhpjzySk^~`zym t=0.1s
TIGHT n=13 m=55 tag=perturb g6=L}\r]zf{VS}~\m t=0.2s
TIGHT n=13 m=57 tag=perturb g6=LX{]n~|z}}g|m] t=0.2s
TIGHT n=13 m=51 tag=perturb g6=LMuN~vqL~[nOhv t=0.1s
TIGHT n=13 m=56 tag=perturb g6=Lx}n~lqIj}v}~` t=0.3s
TIGHT n=13 m=60 tag=perturb g6=Lz^zJzj~~{lv]u t=0.3s
TIGHT n=13 m=54 tag=perturb g6=Lu}yy~l~LX\Gnv t=0.1s
TIGHT n=13 m=51 tag=perturb g6=LRN~ZmT~hZK~lK t=0.2s
TIGHT n=13 m=54 tag=perturb g6=L~~vRJD^v}kMU^ t=0.2s
TIGHT n=13 m=55 tag=perturb g6=Lu}}y||zlX\Gnv t=0.3s
TIGHT n=13 m=56 tag=perturb g6=Loqvzy|dNz~~nh t=0.2s
TIGHT n=13 m=59 tag=perturb g6=Ln|}|{]m[{nv~r t=0.2s
TIGHT n=13 m=58 tag=perturb g6=L~jz~hVF~~]nXT t=0.5s
TIGHT n=13 m=60 tag=perturb g6=L~|bV~zy~Y^}|w t=0.2s
TIGHT n=13 m=53 tag=perturb g6=Ljn|ZMs~]zi}bX t=0.2s
TIGHT n=13 m=55 tag=perturb g6=LR^zwg|^n|Lt~V t=0.2s
TIGHT n=13 m=64 tag=perturb g6=L}^z~Fl^iV~~~~ t=0.4s
TIGHT n=13 m=61 tag=perturb g6=LXnnnzn|tnnV^} t=0.3s
TIGHT n=13 m=57 tag=perturb g6=LE~J}\~nS{|v~r t=0.2s
TIGHT n=13 m=48 tag=perturb g6=LZF~J[VnHj[nlK t=0.2s
TIGHT n=13 m=64 tag=perturb g6=Lx~|^~~^~Z\ezn t=0.5s
TIGHT n=13 m=58 tag=perturb g6=Lmrz^v{Zz^^~qX t=0.2s
TIGHT n=13 m=60 tag=perturb g6=L~M}tLn|Z|bn~~ t=0.2s
TIGHT n=13 m=63 tag=perturb g6=Lun]~|~{jW^~~~ t=0.2s
TIGHT n=13 m=51 tag=perturb g6=L{?~zU~lev^yDr t=0.2s
TIGHT n=13 m=64 tag=perturb g6=L~}~~U~t}|{Z}n t=0.3s
TIGHT n=13 m=65 tag=perturb g6=L}~}~v~l}v|vd^ t=0.5s
TIGHT n=13 m=52 tag=perturb g6=L~|~VwnU`xJz]c t=0.2s
TIGHT n=13 m=59 tag=perturb g6=Lvu]n|{Unj}zu~ t=0.3s
TIGHT n=13 m=54 tag=perturb g6=L~Uvnvp|a}fh^[ t=0.2s
TIGHT n=13 m=64 tag=perturb g6=Li|J~~n}~~Z}~V t=0.2s
TIGHT n=13 m=56 tag=perturb g6=L~~~e^Qc^jr|ym t=0.3s
TIGHT n=13 m=75 tag=perturb g6=L~~~|~~nn~~~~~ t=0.8s
TIGHT n=13 m=63 tag=perturb g6=Ls~|]~^nn~ly^| t=0.6s
TIGHT n=13 m=62 tag=perturb g6=Lzr}YNnv~n~yzz t=0.4s
TIGHT n=13 m=51 tag=perturb g6=LpBXYF~t~nZlxm t=0.3s
TIGHT n=13 m=52 tag=perturb g6=LCfxl\~~x]K|j\ t=0.2s
TIGHT n=13 m=52 tag=perturb g6=LMN}I^m`~\Vnvh t=0.2s
TIGHT n=13 m=55 tag=perturb g6=Lk}m~|zfzzy|?y t=0.2s
TIGHT n=13 m=59 tag=perturb g6=L^Zu^~rlx}f~tt t=0.2s
TIGHT n=13 m=45 tag=perturb g6=LrB|{{TXENVct{ t=0.2s
TIGHT n=13 m=56 tag=perturb g6=Ln}fbrn~}z}ikL t=0.2s
TIGHT n=13 m=51 tag=perturb g6=L^h`nznNHblzl{ t=0.2s
TIGHT n=13 m=61 tag=perturb g6=L]~}{VU~~~n~{E t=0.4s
TIGHT n=13 m=55 tag=perturb g6=L~I|jR|~r|ldj] t=0.2s
TIGHT n=13 m=54 tag=perturb g6=LBf}L~|H~zlrN\ t=0.1s
TIGHT n=13 m=55 tag=perturb g6=L{~\]^U~Nv}T}@ t=0.2s
TIGHT n=13 m=54 tag=perturb g6=LX~h~~uyZe|VjQ t=0.3s
TIGHT n=13 m=59 tag=perturb g6=LZvx~~vt~ike|n t=0.3s
TIGHT n=13 m=57 tag=perturb g6=L^b~k~X~~xxRN] t=0.2s
TIGHT n=13 m=53 tag=perturb g6=L~~yO}gvxzJmnT t=0.2s
TIGHT n=13 m=50 tag=perturb g6=Lv|}[smUw|NZVc t=0.3s
TIGHT n=13 m=63 tag=perturb g6=L}V~~}nf}~\zZr t=0.3s
TIGHT n=13 m=61 tag=perturb g6=Lrvn~vvfj}~Vuj t=0.3s
TIGHT n=13 m=56 tag=perturb g6=LFT|zfv[~e^~fN t=0.2s
TIGHT n=13 m=54 tag=perturb g6=LRR|{v{zo|~~gf t=0.2s
TIGHT n=13 m=49 tag=perturb g6=LurfE]zyMvyE{\ t=0.2s
TIGHT n=13 m=58 tag=perturb g6=Lvr}~wzn~~~dAU t=0.2s
TIGHT n=13 m=50 tag=perturb g6=LtvyiG{Ztl]vxV t=0.2s
TIGHT n=13 m=56 tag=perturb g6=LvBZZR~V}jZ|x~ t=0.2s
TIGHT n=13 m=55 tag=perturb g6=L{zDfrY~yz~u\V t=0.2s
TIGHT n=13 m=54 tag=perturb g6=Lz||Vk`~JvV~jW t=0.2s
TIGHT n=13 m=45 tag=perturb g6=Lfjxx~E``Hnt\Q t=0.2s
TIGHT n=13 m=67 tag=perturb g6=L~~~n|z~^j~|]] t=0.3s
TIGHT n=13 m=51 tag=perturb g6=LrnRov~]zvIthk t=0.2s
TIGHT n=13 m=65 tag=perturb g6=L\\~vlzz~x~~}z t=0.3s
TIGHT n=13 m=55 tag=perturb g6=LqV^vz~Z^^z]EI t=0.2s
TIGHT n=13 m=52 tag=perturb g6=Lt?MvJx\^tnL~~ t=0.3s
TIGHT n=13 m=47 tag=perturb g6=Ld@Z[vg[N~r\Ln t=0.1s
TIGHT n=13 m=53 tag=perturb g6=L^[T~gvuUzZY~r t=0.1s
TIGHT n=13 m=57 tag=perturb g6=LyPnNny~~{lv{u t=0.2s
TIGHT n=13 m=44 tag=perturb g6=LUBVb~A`\P^~If t=0.1s
TIGHT n=13 m=62 tag=perturb g6=Lnm}I^|~}k}^~~ t=0.3s
TIGHT n=13 m=62 tag=perturb g6=Lv|z~i|\mvn|~N t=0.2s
TIGHT n=13 m=60 tag=perturb g6=L}|~}s^}Z]b}}^ t=0.3s
TIGHT n=13 m=55 tag=perturb g6=LYn^n^tzQi~~Uh t=0.1s
TIGHT n=13 m=61 tag=perturb g6=L~F}xv~{y~jt~Z t=0.3s
TIGHT n=13 m=50 tag=perturb g6=LmrzLPuYpD~~S~ t=0.2s
TIGHT n=13 m=57 tag=perturb g6=L~}N||}rY~tKb| t=0.4s
TIGHT n=13 m=63 tag=perturb g6=L\V~yZ||n~mr~~ t=0.2s
TIGHT n=13 m=61 tag=perturb g6=Lu^^M|z~~~nTMz t=0.3s
TIGHT n=13 m=67 tag=perturb g6=Lv~z~zfRln~~~~ t=0.5s
TIGHT n=13 m=51 tag=perturb g6=LF}~JamP^~zZwi t=0.1s
TIGHT n=13 m=52 tag=perturb g6=LmG^~~\STfZ|kv t=0.3s
TIGHT n=13 m=56 tag=perturb g6=Lnl^j}|~^xjevG t=0.2s
TIGHT n=13 m=59 tag=perturb g6=Ll]nrqz\n~z\n} t=0.2s
TIGHT n=13 m=60 tag=perturb g6=Lnzfnf~NwVnnz| t=0.2s
TIGHT n=13 m=56 tag=perturb g6=L~z\fy\~xYa~tl t=0.2s
TIGHT n=13 m=57 tag=perturb g6=Ltw~P}nt~~zLfZ t=0.2s
TIGHT n=13 m=55 tag=perturb g6=L~~yjy~}EkUm{r t=0.1s
TIGHT n=13 m=46 tag=perturb g6=LhrlS^?~}B|jbs t=0.1s
TIGHT n=13 m=64 tag=perturb g6=Lxz[^~x^}nz|~~ t=0.4s
TIGHT n=13 m=57 tag=perturb g6=LNvv|p~mXf}R}z t=0.2s
TIGHT n=13 m=55 tag=perturb g6=LzLrhN~|Bz}n|F t=0.3s
TIGHT n=13 m=61 tag=perturb g6=L}}{f~~|zzenhz t=0.2s
TIGHT n=13 m=53 tag=perturb g6=Lzz~JP{~erNXuV t=0.2s
TIGHT n=13 m=57 tag=perturb g6=L~XzVnQuY^z|z| t=0.2s
TIGHT n=13 m=66 tag=perturb g6=LUhp~n~^n~~~~~ t=0.3s
TIGHT n=13 m=55 tag=perturb g6=Lu}nROWv|~^u}| t=0.2s
TIGHT n=13 m=60 tag=perturb g6=L^M~Nzz|vxtZ}v t=0.2s
TIGHT n=13 m=64 tag=perturb g6=L||fv]uZv~~l~~ t=0.3s
TIGHT n=13 m=66 tag=perturb g6=L~ziyv~~~L|}~~ t=0.4s
TIGHT n=13 m=59 tag=perturb g6=L^zznj|~~wt^{K t=0.2s
TIGHT n=13 m=58 tag=perturb g6=Ld~v{n~rnfD~x{ t=0.2s
TIGHT n=13 m=57 tag=perturb g6=L^vXln\|fnZzkn t=0.1s
TIGHT n=13 m=57 tag=perturb g6=L~ue~wJn~~~dFU t=0.2s
TIGHT n=13 m=55 tag=perturb g6=LXfy~}Vl[y~m^X t=0.2s
TIGHT n=13 m=57 tag=perturb g6=Ld~v{j~j~fhmx{ t=0.2s
TIGHT n=13 m=55 tag=perturb g6=L[{]n||z~}gwm] t=0.1s
TIGHT n=13 m=58 tag=perturb g6=Lv{nvQ{v\{~u]~ t=0.2s
TIGHT n=13 m=49 tag=perturb g6=LucFgqmlk[U~~~ t=0.2s
TIGHT n=13 m=61 tag=perturb g6=L~nhnEr~V~v^^n t=0.3s
TIGHT n=13 m=59 tag=perturb g6=Lb~~}~L~~]Rsr] t=0.1s
TIGHT n=13 m=56 tag=perturb g6=Lzzh~^lNP~tj{N t=0.2s
TIGHT n=13 m=51 tag=perturb g6=LzJyy}nLriFmXz t=0.1s
TIGHT n=13 m=52 tag=perturb g6=Lxf|~mFljxLzLe t=0.1s
TIGHT n=13 m=55 tag=perturb g6=Lztvm^~WE}JVz| t=0.2s
TIGHT n=13 m=62 tag=perturb g6=Lxv}]zvvv~d}~\ t=0.2s
TIGHT n=13 m=50 tag=perturb g6=L]~wxohVtujKnv t=0.1s
TIGHT n=13 m=63 tag=perturb g6=LV|Nz||~vV~`~~ t=0.2s
TIGHT n=13 m=58 tag=perturb g6=LAl~~v~z~Fq[|n t=0.1s
TIGHT n=13 m=50 tag=perturb g6=Ld^f{NezfNxuhh t=0.1s
TIGHT n=13 m=62 tag=perturb g6=L~~n~^~^n~LRz_ t=0.1s
TIGHT n=13 m=62 tag=perturb g6=L~yNv~~u^Vt\{~ t=0.5s
TIGHT n=13 m=59 tag=perturb g6=Lnvz[}}~}jXnvi t=0.2s
TIGHT n=13 m=56 tag=perturb g6=L~}N}UtzS~|sd| t=0.2s
TIGHT n=13 m=58 tag=perturb g6=L|jn{]~Qu~x{^n t=0.2s
TIGHT n=13 m=60 tag=perturb g6=LnzbY|Vtn}\v~~ t=0.3s
TIGHT n=13 m=53 tag=perturb g6=Lyv|~V~[IbN^`N t=0.5s
TIGHT n=13 m=48 tag=perturb g6=LSb~xx\vzZklBc t=0.2s
TIGHT n=13 m=59 tag=perturb g6=L^}^w}n~mtJVZ~ t=0.4s
TIGHT n=13 m=62 tag=perturb g6=Lzjz~vnzlp~t~r t=0.2s
TIGHT n=13 m=58 tag=perturb g6=L]lu{v}i^l~~tf t=0.2s
TIGHT n=13 m=54 tag=perturb g6=LAl~^v~z~Fo[|M t=0.1s
TIGHT n=13 m=66 tag=perturb g6=L~m~nl}}vmnn~~ t=0.4s
TIGHT n=13 m=54 tag=perturb g6=Lv{~}d\M[{Nv|h t=0.2s
TIGHT n=13 m=47 tag=perturb g6=L^H{|Jr~wRdb[F t=0.2s
TIGHT n=13 m=50 tag=perturb g6=Lv[}jh{enfqX{j t=0.1s
TIGHT n=13 m=59 tag=perturb g6=L}~fjfvrm~JNzv t=0.3s
TIGHT n=13 m=54 tag=perturb g6=L~LtijMTN|Xr~~ t=0.2s
TIGHT n=13 m=53 tag=perturb g6=LBN~pUUhF~nzr~ t=0.1s
TIGHT n=13 m=48 tag=perturb g6=L{}NnUtaSp{tlx t=0.1s
TIGHT n=13 m=56 tag=perturb g6=L~u~unN|mFRlul t=0.2s
TIGHT n=13 m=63 tag=perturb g6=L~^jt{v~|}fvz} t=0.7s
TIGHT n=13 m=47 tag=perturb g6=LkPztutQF~c\wn t=0.1s
TIGHT n=13 m=50 tag=perturb g6=L\?A~f}d]Gr~~~ t=0.1s
TIGHT n=13 m=49 tag=perturb g6=LmYMSRX~~@my]~ t=0.1s
TIGHT n=13 m=49 tag=perturb g6=LxuSth|Sn~alc~ t=0.1s
TIGHT n=13 m=57 tag=perturb g6=L|Dvz~^g}~mZfl t=0.3s
TIGHT n=13 m=55 tag=perturb g6=L]n|Mr~xY~xFly t=0.1s
TIGHT n=13 m=52 tag=perturb g6=LVzxz|DPANf~^z t=0.1s
TIGHT n=13 m=69 tag=perturb g6=Lv~^~~~]zzv~~] t=0.5s
TIGHT n=13 m=59 tag=perturb g6=L~yl}n\f|j]lv} t=0.1s
TIGHT n=13 m=55 tag=perturb g6=L|~ufJnztdyj{V t=0.1s
TIGHT n=13 m=54 tag=perturb g6=L~~~kZAu^Iqtz} t=0.2s
TIGHT n=13 m=57 tag=perturb g6=L\~z^~CVUNJt~~ t=0.2s
TIGHT n=13 m=69 tag=perturb g6=L^~^|~}uz~~~~t t=0.3s
TIGHT n=13 m=59 tag=perturb g6=L|}]|Nnr~~Ro|^ t=0.2s
TIGHT n=13 m=55 tag=perturb g6=Lta\^~L[|nmZ~Z t=0.1s
TIGHT n=13 m=69 tag=perturb g6=L~z~~~~Zn~Mu~~ t=0.8s
TIGHT n=13 m=53 tag=perturb g6=LjnHmNl~{}vj\K t=0.2s
TIGHT n=13 m=47 tag=perturb g6=LsJCBEnf^~hz]r t=0.1s
TIGHT n=13 m=52 tag=perturb g6=LlkDlfYq|V~~}p t=0.2s
TIGHT n=13 m=62 tag=perturb g6=LhNu~|z^~}Mj~~ t=0.2s
TIGHT n=13 m=58 tag=perturb g6=L~ltmjRU~wY~~~ t=0.4s
TIGHT n=13 m=56 tag=perturb g6=Lyryr^Xzzm{\}| t=0.3s
TIGHT n=13 m=55 tag=perturb g6=Lo}xZRjNl^|T~~ t=0.2s
TIGHT n=13 m=62 tag=perturb g6=Lr~F{F^~n}L~~~ t=0.3s
TIGHT n=13 m=53 tag=perturb g6=LU~m~ymYtrpmi} t=0.2s
TIGHT n=13 m=53 tag=perturb g6=LlthtpN~~Zobz} t=0.1s
TIGHT n=13 m=54 tag=perturb g6=Lnl[^|vLT~Uxbz t=0.1s
TIGHT n=13 m=59 tag=perturb g6=Lu\Ovr|~zvvzj~ t=0.1s
TIGHT n=13 m=63 tag=perturb g6=L~N^kny~~mmj~~ t=0.4s
TIGHT n=13 m=55 tag=perturb g6=LX~~RV|lnJ{~Lp t=0.2s
TIGHT n=13 m=51 tag=perturb g6=Lu}hxwjJv|tii} t=0.2s
TIGHT n=13 m=54 tag=perturb g6=L^t~qdf~x~srMM t=0.1s
TIGHT n=13 m=57 tag=perturb g6=Lgjx~kn~nnV|jr t=0.2s
TIGHT n=13 m=60 tag=perturb g6=Lz~~~vNvvXXjUz t=0.6s
TIGHT n=13 m=53 tag=perturb g6=LfTzZFvK\a^~f~ t=0.2s
TIGHT n=13 m=55 tag=perturb g6=Ld}~yn}pv^pTvh t=0.2s
TIGHT n=13 m=63 tag=perturb g6=L~L]v|p~^~n|l~ t=0.5s
TIGHT n=13 m=61 tag=perturb g6=L|Vpv~bt~b~~~t t=0.1s
TIGHT n=13 m=55 tag=perturb g6=LzizfwdzXz^t~V t=0.2s
TIGHT n=13 m=58 tag=perturb g6=LR}nxd^v}nzzur t=0.5s
TIGHT n=13 m=56 tag=perturb g6=L|zy[Ylxv~vt^M t=0.2s
TIGHT n=13 m=55 tag=perturb g6=LfrvwTj~zV]R}z t=0.2s
TIGHT n=13 m=64 tag=perturb g6=L}zn~^Vj{\z^~~ t=0.4s
TIGHT n=13 m=58 tag=perturb g6=L}\~Q}U}~~jDn^ t=0.1s
TIGHT n=13 m=50 tag=perturb g6=L~utLenmUwvH}q t=0.2s
TIGHT n=13 m=67 tag=perturb g6=Lv}^~Z\f~~t~~~ t=0.3s
TIGHT n=13 m=60 tag=perturb g6=Lrkzz~~kV~zvyr t=0.1s
TIGHT n=13 m=60 tag=perturb g6=L^f~mrrvZyzz~l t=0.2s
TIGHT n=13 m=50 tag=perturb g6=LmXUzFqwfJY~r~ t=0.1s
TIGHT n=13 m=51 tag=perturb g6=L\[x^^ljPbNTzv t=0.1s
TIGHT n=13 m=55 tag=perturb g6=LN~~kE\~~ggNN~ t=0.1s
TIGHT n=13 m=57 tag=perturb g6=L^uT~mz^~uUInn t=0.3s
TIGHT n=13 m=55 tag=perturb g6=L}\~kq\~z|b^iF t=0.2s
TIGHT n=13 m=56 tag=perturb g6=LtZ^|tJ\zVry|v t=0.2s
TIGHT n=13 m=61 tag=perturb g6=Lj~I~z~}znz~{I t=0.1s
TIGHT n=13 m=56 tag=perturb g6=LHU^N~|`vZx~vz t=0.2s
TIGHT n=13 m=58 tag=perturb g6=L~Rbvz~U]hzn\~ t=0.3s
TIGHT n=13 m=49 tag=perturb g6=Lq{pd~~D~JzDiw t=0.1s
TIGHT n=13 m=63 tag=perturb g6=LRmV~~N~}~Z|u~ t=0.3s
TIGHT n=13 m=67 tag=perturb g6=Lv}~n~rn\~~}v} t=0.1s
TIGHT n=13 m=60 tag=perturb g6=Ldvx~n~d~~j~Pj t=0.4s
TIGHT n=13 m=52 tag=perturb g6=Ltlwo~nB^~vthU t=0.2s
TIGHT n=13 m=44 tag=perturb g6=LL~KwrNmPrLbUw t=0.1s
TIGHT n=13 m=58 tag=perturb g6=Lm`{|~qr{N}z~~ t=0.1s
TIGHT n=13 m=53 tag=perturb g6=L~yZMj~[xnc]jj t=0.3s
TIGHT n=13 m=61 tag=perturb g6=L||]x~~nB}tv^} t=0.5s
TIGHT n=13 m=48 tag=perturb g6=LreH@uLSv~xxzn t=0.1s
TIGHT n=13 m=53 tag=perturb g6=L|}xVZxqyZDm^} t=0.2s
TIGHT n=13 m=59 tag=perturb g6=L|j~|uvQf~wz^n t=0.4s
TIGHT n=13 m=56 tag=perturb g6=Lvnf~~zbRUFiz} t=0.1s
TIGHT n=13 m=61 tag=perturb g6=L]nzLynZ~~J{~~ t=0.2s
TIGHT n=13 m=57 tag=perturb g6=LIv{a]v}~~t~tj t=0.2s
TIGHT n=13 m=63 tag=perturb g6=Lv~x~~~Fth~r|^ t=0.5s
TIGHT n=13 m=59 tag=perturb g6=LN~}v\j~vvHva~ t=0.2s
TIGHT n=13 m=61 tag=perturb g6=L~}t\mm}~~vZni t=0.4s
TIGHT n=13 m=63 tag=perturb g6=LVnz\~lz^\z~|} t=0.2s
TIGHT n=13 m=57 tag=perturb g6=L~|^zT~vUXzU^h t=0.2s
TIGHT n=13 m=59 tag=perturb g6=LlWv~Nzfl[n|~~ t=0.1s
TIGHT n=13 m=58 tag=perturb g6=L~\v^ZU{~Sw~|} t=0.1s
TIGHT n=13 m=52 tag=perturb g6=L|Zy[G|ll}fv~I t=0.2s
TIGHT n=13 m=56 tag=perturb g6=Lubhnq\~xyf~Z~ t=0.1s
TIGHT n=13 m=59 tag=perturb g6=L}v~z]ux~FF~}b t=0.3s
TIGHT n=13 m=56 tag=perturb g6=L~VfnZr|qqnz^T t=0.1s
TIGHT n=13 m=67 tag=perturb g6=L~v^{~Z|~~V~~{ t=0.5s
TIGHT n=13 m=53 tag=perturb g6=LNhB~~\}~NNJRT t=0.2s
TIGHT n=13 m=51 tag=perturb g6=LbylQz{~yt|uh[ t=0.2s
TIGHT n=13 m=63 tag=perturb g6=Lv|z~m|\]vn|~N t=0.3s
TIGHT n=13 m=59 tag=perturb g6=Lun]|\~{jWT~~~ t=0.1s
TIGHT n=13 m=62 tag=perturb g6=Lj~~|~epm}|vf~ t=0.5s
TIGHT n=13 m=57 tag=perturb g6=L~VZ~vltY[Mn~u t=0.1s
TIGHT n=13 m=66 tag=perturb g6=L~~}v~ZM~~v\^} t=0.1s
TIGHT n=13 m=69 tag=perturb g6=Lj~^~~yx~l~~~~ t=0.2s
TIGHT n=13 m=61 tag=perturb g6=Lrby~~j}{N~|n} t=0.2s
TIGHT n=13 m=63 tag=perturb g6=LfvI~~V~~z~}j] t=0.3s
TIGHT n=13 m=64 tag=perturb g6=L~Z~~tr{~t|}~t t=0.5s
TIGHT n=13 m=49 tag=perturb g6=LRN~ZmTzxZ[vHK t=0.1s
TIGHT n=13 m=52 tag=perturb g6=L~\b}XqwnSwzx~ t=0.1s
TIGHT n=13 m=56 tag=perturb g6=LnjM~}n~Qev]h} t=0.2s
TIGHT n=13 m=63 tag=perturb g6=Lzzn^~n~P~vnw^ t=0.4s
TIGHT n=13 m=58 tag=perturb g6=L~{v}z]OMns|~~ t=0.2s
TIGHT n=13 m=56 tag=perturb g6=L|}dT^~w~v}txK t=0.2s
TIGHT n=13 m=59 tag=perturb g6=Lh}Z~~~mzVzzbT t=0.2s
TIGHT n=13 m=53 tag=perturb g6=L^Cpr{v}|j]^tf t=0.3s
TIGHT n=13 m=58 tag=perturb g6=LT~||vYj^{|vZj t=0.2s
TIGHT n=13 m=57 tag=perturb g6=Lvm\v}XlN~vtfy t=0.1s
TIGHT n=13 m=50 tag=perturb g6=L}D{hL~~}lhnAd t=0.1s
TIGHT n=13 m=50 tag=perturb g6=LrbHB}TSv~xxzn t=0.2s
TIGHT n=13 m=59 tag=perturb g6=Le^V|w|^uvp^~~ t=0.2s
TIGHT n=13 m=53 tag=perturb g6=Ls~UV}MlVk}[vz t=0.2s
TIGHT n=13 m=55 tag=perturb g6=Lx~l~nn~RYtAl{ t=0.3s
TIGHT n=13 m=60 tag=perturb g6=Lvdyvp\~zvvzn^ t=0.1s
TIGHT n=13 m=56 tag=perturb g6=L^V~yR|`}rma~~ t=0.1s
TIGHT n=13 m=62 tag=perturb g6=Lz~~~|jfV{rr}^ t=0.1s
TIGHT n=13 m=61 tag=perturb g6=L^|~~}v\~k}[^b t=0.2s
TIGHT n=13 m=64 tag=perturb g6=Lvnl^zZ~~Zu~zn t=0.2s
TIGHT n=13 m=51 tag=perturb g6=LzK~~IdwnrMKm~ t=0.1s
TIGHT n=13 m=71 tag=perturb g6=L~v~|}^~n~~~|z t=0.5s
TIGHT n=13 m=56 tag=perturb g6=L~\dq~{~|gw~^s t=0.2s
TIGHT n=13 m=64 tag=perturb g6=Lvn~\~~i^tzv|n t=0.2s
TIGHT n=13 m=55 tag=perturb g6=LU|wVo|vzrF~nv t=0.1s
TIGHT n=13 m=62 tag=perturb g6=LZ~ytrY~~~l^~u t=0.3s
TIGHT n=13 m=61 tag=perturb g6=L~}LsZ}n~x^}~u t=0.2s
TIGHT n=13 m=51 tag=perturb g6=LbbXZB~t~~P{xm t=0.1s
TIGHT n=13 m=55 tag=perturb g6=Lvnvn~v~T{ab[[ t=0.3s
TIGHT n=13 m=58 tag=perturb g6=Lp[bz~}V~~~bjm t=0.1s
TIGHT n=13 m=58 tag=perturb g6=Lzznj\s\~]~\zb t=0.3s
TIGHT n=13 m=64 tag=perturb g6=Lz~qz|j~znzv^v t=0.3s
TIGHT n=13 m=58 tag=perturb g6=LzZ^unj~qNnJvz t=0.1s
TIGHT n=13 m=52 tag=perturb g6=L\]yyVb~~Vc^Wu t=0.1s
TIGHT n=13 m=57 tag=perturb g6=L~~~x}[F}wr`~N t=0.1s
TIGHT n=13 m=58 tag=perturb g6=Lnr~~^W}FVnzqn t=0.1s
TIGHT n=13 m=59 tag=perturb g6=LuYny|}vn}~uZf t=0.1s
TIGHT n=13 m=61 tag=perturb g6=L~m~Nuv~^^S~zM t=0.1s
TIGHT n=13 m=60 tag=perturb g6=LvUZynn~~x}vZf t=0.3s
TIGHT n=13 m=54 tag=perturb g6=L|zUF^~z~sp]sq t=0.1s
TIGHT n=13 m=58 tag=perturb g6=Lxijz^h~~xvn]f t=0.3s
TIGHT n=13 m=49 tag=perturb g6=Lp~|g^\ZlHddvL t=0.2s
TIGHT n=13 m=51 tag=perturb g6=L~}[Tb@~cZ}Fx~ t=0.2s
TIGHT n=13 m=55 tag=perturb g6=Ls{[vz}nVuFy}^ t=0.3s
TIGHT n=13 m=60 tag=perturb g6=L}~~X~mLuzy~rf t=0.2s
TIGHT n=13 m=62 tag=perturb g6=Lvtzrv|mz}~l|z t=0.2s
TIGHT n=13 m=64 tag=perturb g6=Le|}}vV~~~}~j] t=0.2s
TIGHT n=13 m=46 tag=perturb g6=LR|[WU]mJr|aU} t=0.1s
TIGHT n=13 m=50 tag=perturb g6=L]I_wiqfv~|xn} t=0.1s
TIGHT n=13 m=52 tag=perturb g6=LZWn\Tvnt^Mjnh t=0.3s
TIGHT n=13 m=54 tag=perturb g6=L}^byFhynclt~~ t=0.5s
TIGHT n=13 m=53 tag=perturb g6=Lvn|Sfna~Z]zcx t=0.2s
TIGHT n=13 m=56 tag=perturb g6=L^T^{|\vma~v{{ t=0.2s
TIGHT n=13 m=58 tag=perturb g6=L]|nzVX~zvsv{V t=0.3s
TIGHT n=13 m=59 tag=perturb g6=L~~]~eQxcZ}^~~ t=0.2s
TIGHT n=13 m=56 tag=perturb g6=Lx~tpV~uyj^{J^ t=0.1s
TIGHT n=13 m=54 tag=perturb g6=L\|Mqv~}gLs^}n t=0.2s
TIGHT n=13 m=59 tag=perturb g6=L\Vva^~~~ln]{{ t=0.1s
TIGHT n=13 m=60 tag=perturb g6=L@ll{n~~]^~|~m t=0.2s
TIGHT n=13 m=58 tag=perturb g6=L~xNZNzj\Lyx~~ t=0.2s
TIGHT n=13 m=52 tag=perturb g6=Ls}k{Zxv^x}uc{ t=0.2s
TIGHT n=13 m=54 tag=perturb g6=L~vzfv|Legua|z t=0.2s
TIGHT n=13 m=57 tag=perturb g6=LQ~lz[|}x^f{zv t=0.2s
TIGHT n=13 m=61 tag=perturb g6=L\^eN^M~~^}z~\ t=0.2s
TIGHT n=13 m=58 tag=perturb g6=L~^bd{tzlvd~z} t=0.1s
TIGHT n=13 m=62 tag=perturb g6=L~}~M^j}~n^Zbv t=0.1s
TIGHT n=13 m=65 tag=perturb g6=L^~~~}nZ{vr}}} t=0.1s
TIGHT n=13 m=56 tag=perturb g6=Lc~R^rA~yz~u^v t=0.1s
TIGHT n=13 m=54 tag=perturb g6=L~fZv}fk~Fr]Sr t=0.1s
TIGHT n=13 m=53 tag=perturb g6=LCVVl^u~~fjzyE t=0.1s
TIGHT n=13 m=52 tag=perturb g6=L\ojfZ~[{nNV\m t=0.3s
TIGHT n=13 m=49 tag=perturb g6=LvE^~npcZwuylP t=0.1s
TIGHT n=13 m=62 tag=perturb g6=L}V~~}nf}}\zZx t=0.1s
TIGHT n=13 m=56 tag=perturb g6=Lz~[f~nvX~}Kuo t=0.1s
TIGHT n=13 m=62 tag=perturb g6=L\j~zN}^|MN}~~ t=0.1s
TIGHT n=13 m=49 tag=perturb g6=L}ZqUvfQVS}~[M t=0.2s
TIGHT n=13 m=50 tag=perturb g6=LPUA^}\{tZznyx t=0.1s
TIGHT n=13 m=60 tag=perturb g6=Lxvre~n~|^nr\] t=0.2s
TIGHT n=13 m=64 tag=perturb g6=L}y~|v~{n~vvez t=0.3s
TIGHT n=13 m=65 tag=perturb g6=L|Z~~Z~Z~~^}nY t=0.3s
TIGHT n=13 m=66 tag=perturb g6=Lz^~^|}~~nn^}L t=0.3s
TIGHT n=13 m=56 tag=perturb g6=L~~N~^~VnrLOzA t=0.1s
TIGHT n=13 m=63 tag=perturb g6=Lb@Z^|~~v~~~zz t=0.2s
TIGHT n=13 m=56 tag=perturb g6=Ll}h|VyzxV~~Az t=0.1s
TIGHT n=13 m=57 tag=perturb g6=LvWv`lz~~~gVN~ t=0.1s
TIGHT n=13 m=58 tag=perturb g6=L^uvm~ts~~}DV] t=0.3s
TIGHT n=13 m=63 tag=perturb g6=LVYy~~}~~vtu^v t=0.2s
TIGHT n=13 m=68 tag=perturb g6=L~|vvv~v]|~~\~ t=0.4s
TIGHT n=13 m=52 tag=perturb g6=LY}~{qjrvYPYn| t=0.1s
TIGHT n=13 m=58 tag=perturb g6=L}yv|y|{n|~ucj t=0.2s
TIGHT n=13 m=59 tag=perturb g6=L~m~Nuv~^LTvzM t=0.3s
TIGHT n=13 m=54 tag=perturb g6=Lvm~FUev~L\VzM t=0.1s
TIGHT n=13 m=53 tag=perturb g6=Lu|[hzx^~~rHPf t=0.2s
TIGHT n=13 m=61 tag=perturb g6=LVT~~gv~^~~ymx t=0.1s
TIGHT n=13 m=49 tag=perturb g6=Lz^nENf\vM\DQy t=0.1s
TIGHT n=13 m=50 tag=perturb g6=Lkn}~\fPYKZx~o t=0.1s
TIGHT n=13 m=52 tag=perturb g6=LwyL~}fusn~^KW t=0.2s
TIGHT n=13 m=53 tag=perturb g6=LC|^{mZzmu`}|} t=0.3s
TIGHT n=13 m=47 tag=perturb g6=Lyvayritz\]Kqs t=0.2s
TIGHT n=13 m=60 tag=perturb g6=L\zzl\~~w|z}zd t=0.2s
TIGHT n=13 m=60 tag=perturb g6=L|ynmnr~s~tH~~ t=0.1s
TIGHT n=13 m=53 tag=perturb g6=Lx|ztqi|l\mr~D t=0.1s
TIGHT n=13 m=52 tag=perturb g6=Lm~{|qjbK]Bz~t t=0.1s
TIGHT n=13 m=59 tag=perturb g6=L|VNy|^m||b^vn t=0.2s
TIGHT n=13 m=51 tag=perturb g6=Lvl{?{~B^~udl] t=0.1s
TIGHT n=13 m=60 tag=perturb g6=Lzrf~}j~Xnzi}z t=0.1s
TIGHT n=13 m=60 tag=perturb g6=LflNz||~uF~`~~ t=0.2s
TIGHT n=13 m=59 tag=perturb g6=LLX~~np^^~zZ]m t=0.1s
TIGHT n=13 m=56 tag=perturb g6=Lx|ztqj|l\mr~\ t=0.1s
TIGHT n=13 m=54 tag=perturb g6=Lo}xZRnMd^|T~~ t=0.1s
TIGHT n=13 m=51 tag=perturb g6=L~[`Nam]\^~J}Y t=0.1s
TIGHT n=13 m=61 tag=perturb g6=LL}z~}xv~qLN~~ t=0.2s
TIGHT n=13 m=57 tag=perturb g6=L~^F~LmRv]kz}n t=0.2s
TIGHT n=13 m=56 tag=perturb g6=LNvr|p~m\b}R}z t=0.1s
TIGHT n=13 m=58 tag=perturb g6=LLn~\t~P^~~Tze t=0.1s
TIGHT n=13 m=55 tag=perturb g6=LF~~j|v^MzTjBt t=0.1s
TIGHT n=13 m=61 tag=perturb g6=L~^^nvxljva~^z t=0.1s
TIGHT n=13 m=56 tag=perturb g6=L}z|Vj\o|r]\v} t=0.2s
TIGHT n=13 m=57 tag=perturb g6=Lm`{|~Qr|M}z~~ t=0.2s
TIGHT n=13 m=58 tag=perturb g6=L}rUEr}}~YZ^~~ t=0.2s
TIGHT n=13 m=70 tag=perturb g6=L~~z~^l^^~~~~N t=0.5s
TIGHT n=13 m=51 tag=perturb g6=Ls~ssV~~zzYdQK t=0.3s
TIGHT n=13 m=66 tag=perturb g6=L^|nzvz~w}x~~~ t=0.3s
TIGHT n=13 m=54 tag=perturb g6=L~llL{b~vY{ryx t=0.1s
TIGHT n=13 m=60 tag=perturb g6=L[jn~~zx{E~^^} t=0.1s
TIGHT n=13 m=56 tag=perturb g6=LA^|ZM~^~z|krf t=0.1s
TIGHT n=13 m=49 tag=perturb g6=L\ojnZ~[[bNT\N t=0.1s
TIGHT n=13 m=54 tag=perturb g6=Lnp~}^XvFUnzQl t=0.1s
TIGHT n=13 m=56 tag=perturb g6=L~riyvmp~M|[}v t=0.2s
TIGHT n=13 m=63 tag=perturb g6=Lfv~m^~|~Ven}z t=0.2s
TIGHT n=13 m=43 tag=perturb g6=LJfJPEGQv~xpxm t=0.2s
TIGHT n=13 m=48 tag=perturb g6=Lt}}TnWxTC}Me| t=0.1s
TIGHT n=13 m=55 tag=perturb g6=L|]zv}VsYy{^F} t=0.3s
TIGHT n=13 m=50 tag=perturb g6=Liv|{V~[KbN^`N t=0.2s
TIGHT n=13 m=51 tag=perturb g6=Lv\xq~{lucn{C} t=0.2s
TIGHT n=13 m=55 tag=perturb g6=LE~Jl]x~^Z^~[T t=0.2s
TIGHT n=13 m=53 tag=perturb g6=L~anyffO}]|[}v t=0.3s
TIGHT n=13 m=50 tag=perturb g6=L~{Zx|U{qqutC| t=0.2s
TIGHT n=13 m=47 tag=perturb g6=LNdVxu]j_^Lsp} t=0.1s
TIGHT n=13 m=52 tag=perturb g6=LT\yn{~czZA\]~ t=0.3s
TIGHT n=13 m=59 tag=perturb g6=Ljzz^zNRzN^~VN t=0.3s
TIGHT n=13 m=56 tag=perturb g6=L||}F~~v]Qk]fu t=0.3s
TIGHT n=13 m=57 tag=perturb g6=LYDlv^}v{U[~~~ t=0.2s
TIGHT n=13 m=47 tag=perturb g6=Lsmvd}umF^UoxP t=0.1s
TIGHT n=13 m=55 tag=perturb g6=LfR|nv~HZT{lf~ t=0.4s
TIGHT n=13 m=50 tag=perturb g6=Ly~VyMAKi~^xvp t=0.1s
TIGHT n=13 m=59 tag=perturb g6=L~x~Re}z^S~~nF t=0.2s
TIGHT n=13 m=54 tag=perturb g6=Lh~pa{nsxF^~vv t=0.1s
TIGHT n=13 m=55 tag=perturb g6=LZ^aFr]~|r}^zL t=0.1s
TIGHT n=13 m=62 tag=perturb g6=Ls~]nVj}~~U~n| t=0.1s
TIGHT n=13 m=49 tag=perturb g6=Lr}lxwjJV|pgi} t=0.1s
TIGHT n=13 m=56 tag=perturb g6=L~V\{~wl|rmau~ t=0.1s
TIGHT n=13 m=57 tag=perturb g6=L^lvmaUv\zy~}n t=0.1s
TIGHT n=13 m=54 tag=perturb g6=Lnl^j}}~\|imdG t=0.2s
TIGHT n=13 m=58 tag=perturb g6=Lu|^zz{~Vu~ua\ t=0.1s
TIGHT n=13 m=48 tag=perturb g6=LRN~JmT|HZK~lK t=0.2s
TIGHT n=13 m=59 tag=perturb g6=Lz~n~~f~tZFg{x t=0.2s
TIGHT n=13 m=68 tag=perturb g6=L~~vn|z~Zz~|~] t=0.3s
TIGHT n=13 m=55 tag=perturb g6=LMzen~|vvmq^oV t=0.1s
TIGHT n=13 m=64 tag=perturb g6=LJZvm{~^n~~N~~ t=0.3s
TIGHT n=13 m=63 tag=perturb g6=L~u]d\n}~zJ~~~ t=0.1s
TIGHT n=13 m=63 tag=perturb g6=LN|~rqv}n~zz|v t=0.2s
TIGHT n=13 m=48 tag=perturb g6=L}BklLu~}lhnAd t=0.1s
TIGHT n=13 m=68 tag=perturb g6=L~~Vz~Y[v~~~~~ t=0.3s
TIGHT n=13 m=58 tag=perturb g6=Ld~~qtiVf~~J~m t=0.1s
TIGHT n=13 m=57 tag=perturb g6=LNimxYz~zzx~e^ t=0.2s
TIGHT n=13 m=58 tag=perturb g6=Lmy{~VZmbLvz~~ t=0.2s
TIGHT n=13 m=69 tag=perturb g6=L~znn}zN~~nn~~ t=0.3s
TIGHT n=13 m=65 tag=perturb g6=L~n~~n~|x^Muz| t=0.5s
TIGHT n=13 m=58 tag=perturb g6=LynUxN~^|zp~\y t=0.3s
TIGHT n=13 m=43 tag=perturb g6=LpzxG]\X`HLfvL t=0.4s
TIGHT n=13 m=60 tag=perturb g6=Lv~}{~l~mXVinv t=0.1s
TIGHT n=13 m=59 tag=perturb g6=L~J~zn~|xXlfxx t=0.1s
TIGHT n=13 m=46 tag=perturb g6=LEuF~nqTn[nOhb t=0.1s
TIGHT n=13 m=50 tag=perturb g6=LQ~m~yk]tr`wi} t=0.2s
TIGHT n=13 m=60 tag=perturb g6=L|VN~pn{~~|flm t=0.1s
TIGHT n=13 m=56 tag=perturb g6=Lr^~mF~Q\Nn^ux t=0.1s
TIGHT n=13 m=60 tag=perturb g6=Ltvr^^~Y^ny~vL t=0.1s
TIGHT n=13 m=58 tag=perturb g6=LlInj}v^f~{xv^ t=0.2s
