TIGHT n=13 m=69 tag=rand g6=L‾^‾n^n‾Z‾^‾‾f t=0.2s
TIGHT n=13 m=67 tag=rand g6=L‾znn^|‾‾]‾¥‾j t=0.1s
SUMMARY n=13 mode=random {'OK': 18, 'TIGHT': 2, 'CE': 0} time=2s
TIGHT n=13 m=61 tag=rand g6=L}‾}en‾Wmn‾‾^J t=0.2s
TIGHT n=13 m=71 tag=rand g6=Lvn^‾vv‾‾‾‾r‾‾ t=0.2s
TIGHT n=13 m=61 tag=rand g6=Lxt|vF}}‾‾j‾Zr t=0.1s
TIGHT n=13 m=66 tag=rand g6=LvYy‾|‾‾‾v|}^v t=0.1s
TIGHT n=13 m=66 tag=rand g6=L}}|wz‾y‾‾v‾^} t=0.3s
TIGHT n=13 m=68 tag=rand g6=L‾^‾‾T‾{‾‾|}‾t t=0.2s
TIGHT n=13 m=62 tag=rand g6=L^vt}n‾^‾‾UInv t=0.1s
TIGHT n=13 m=65 tag=rand g6=L}|‾}u‾}^]f‾}^ t=0.1s
TIGHT n=13 m=62 tag=rand g6=L|nb‾^‾‾|NUf^z t=0.1s
TIGHT n=13 m=64 tag=rand g6=L}‾‾|‾R‾¥]]n}n t=0.1s
TIGHT n=13 m=60 tag=rand g6=L{‾[z‾vnpLx]‾‾ t=0.1s
TIGHT n=13 m=70 tag=rand g6=L‾‾‾‾‾|‾vZx‾vz t=0.3s
TIGHT n=13 m=58 tag=rand g6=Lnv^i‾z]zN^^xQ t=0.1s
TIGHT n=13 m=60 tag=rand g6=Lx}Zz‾intvh‾‾] t=0.1s
TIGHT n=13 m=59 tag=rand g6=L^‾‾Vs|ZzL{N}v t=0.1s
TIGHT n=13 m=64 tag=rand g6=L^‾‾‾uuZ‾n|q}n t=0.2s
TIGHT n=13 m=63 tag=rand g6=L‾}v‾e{}‾‾‾J}i t=0.2s
TIGHT n=13 m=65 tag=rand g6=Lf^V|y|‾}vv^‾‾ t=0.3s
TIGHT n=13 m=63 tag=rand g6=LN‾]‾fVz‾‾z|b^ t=0.1s
TIGHT n=13 m=69 tag=rand g6=L‾z}v‾^z‾m‾¥‾‾ t=0.2s
TIGHT n=13 m=58 tag=rand g6=L‾xvfv]zyx¥vx¥ t=0.1s
TIGHT n=13 m=60 tag=rand g6=L‾^‾Ni‾¥nN‾|lE t=0.1s
TIGHT n=13 m=65 tag=rand g6=L^^v‾V}jt‾^‾nn t=0.1s
TIGHT n=13 m=50 tag=rand g6=LoUILvxzfd^‾VV t=0.0s
TIGHT n=13 m=56 tag=rand g6=L]H]zd}X‾b^‾r‾ t=0.1s
TIGHT n=13 m=50 tag=rand g6=Ly‾Oilt`}`¥X‾‾ t=0.1s
TIGHT n=13 m=68 tag=rand g6=Ln|V|v‾‾‾jvn‾‾ t=0.3s
TIGHT n=13 m=70 tag=rand g6=L‾V‾}z‾|^‾m‾‾‾ t=0.2s
TIGHT n=13 m=67 tag=rand g6=Lnx‾}‾vz^o‾‾‾‾ t=0.2s
TIGHT n=13 m=68 tag=rand g6=LNuvn‾|‾‾n‾y‾‾ t=0.3s
TIGHT n=13 m=58 tag=rand g6=L|Z^‾tzXjVry|v t=0.1s
TIGHT n=13 m=57 tag=rand g6=Lv|Nm‾‾_‾vKnwn t=0.1s
TIGHT n=13 m=64 tag=rand g6=L‾‾Z}‾mn‾‾hnez t=0.2s
TIGHT n=13 m=53 tag=rand g6=Lg}v‾lrg‾Vbrq} t=0.1s
TIGHT n=13 m=58 tag=rand g6=L¥rN‾r‾^}jXn{] t=0.1s
TIGHT n=13 m=60 tag=rand g6=LZ‾sn}tsv‾^{j‾ t=0.1s
TIGHT n=13 m=65 tag=rand g6=L‾v‾znr‾x‾}ne^ t=0.1s
TIGHT n=13 m=64 tag=rand g6=LV‾‾^yv‾zd|^f‾ t=0.1s
TIGHT n=13 m=62 tag=rand g6=Lv|V‾yzV]v‾¥|n t=0.1s
TIGHT n=13 m=59 tag=rand g6=Lj}k|‾]^zxvdv| t=0.1s
TIGHT n=13 m=62 tag=rand g6=L^f‾}rvuzjzz‾l t=0.1s
TIGHT n=13 m=64 tag=rand g6=L‾nu^‾r‾l‾xu|z t=0.1s
TIGHT n=13 m=71 tag=rand g6=L‾yn}n‾‾{‾‾‾‾‾ t=0.4s
TIGHT n=13 m=62 tag=rand g6=LDy]‾zz{‾m‾‾|n t=0.1s
TIGHT n=13 m=72 tag=rand g6=L‾‾‾v‾‾{^‾}|‾‾ t=0.3s
TIGHT n=13 m=57 tag=rand g6=L}}cv‾}|‾^]sxP t=0.1s
TIGHT n=13 m=55 tag=rand g6=LER‾‾{htur‾}jy t=0.1s
TIGHT n=13 m=68 tag=rand g6=L‾}‾}^zy‾‾‾Zf‾ t=0.3s
TIGHT n=13 m=58 tag=rand g6=LZy¥K‾zn‾‾sh{‾ t=0.1s
TIGHT n=13 m=61 tag=rand g6=L^Ly}|‾}p‾vt‾y t=0.1s
TIGHT n=13 m=62 tag=rand g6=L‾N‾Nun]z|^{¥‾ t=0.1s
TIGHT n=13 m=71 tag=rand g6=L‾v‾}z‾^Zn‾‾‾‾ t=0.3s
TIGHT n=13 m=60 tag=rand g6=L}hv}v‾Pzvb‾z} t=0.2s
TIGHT n=13 m=64 tag=rand g6=LvNzzu}vX‾‾V‾‾ t=0.1s
TIGHT n=13 m=54 tag=rand g6=LNvzJ‾trtj[jpn t=0.1s
TIGHT n=13 m=65 tag=rand g6=L‾}^}}n‾}vjVZ‾ t=0.1s
TIGHT n=13 m=68 tag=rand g6=Llz‾‾‾‾‾z‾y]m‾ t=0.2s
TIGHT n=13 m=64 tag=rand g6=L‾}^}r‾z{‾‾Nrj t=0.1s
TIGHT n=13 m=64 tag=rand g6=L|Tzns‾v‾l‾‾zz t=0.1s
TIGHT n=13 m=67 tag=rand g6=L^zv‾||z^t‾‾nn t=0.2s
TIGHT n=13 m=52 tag=rand g6=LeyZ‾}jjVitii} t=0.1s
TIGHT n=13 m=67 tag=rand g6=L‾^mj‾N‾‾u‾r‾‾ t=0.2s
TIGHT n=13 m=64 tag=rand g6=LH‾}r}v}‾‾v||n t=0.1s
TIGHT n=13 m=61 tag=rand g6=LYYv‾‾|‾zkxv‾] t=0.1s
TIGHT n=13 m=68 tag=rand g6=L‾‾V‾n}V‾]l‾‾‾ t=0.2s
TIGHT n=13 m=66 tag=rand g6=L‾‾^T‾}x‾}u‾v| t=0.1s
TIGHT n=13 m=74 tag=rand g6=L‾‾‾‾‾mzn‾‾‾‾‾ t=0.3s
TIGHT n=13 m=67 tag=rand g6=L‾‾e‾nn‾‾‾yr|^ t=0.1s
TIGHT n=13 m=63 tag=rand g6=LSnvxnx‾‾j‾‾nn t=0.1s
TIGHT n=13 m=52 tag=rand g6=LupLf‾N]zzIy}q t=0.1s
TIGHT n=13 m=73 tag=rand g6=Ln‾}‾‾|‾‾‾nz‾‾ t=0.3s
TIGHT n=13 m=62 tag=rand g6=LvD‾^|}N‾‾v^xN t=0.1s
TIGHT n=13 m=52 tag=rand g6=LJff‾V^n_^¥swz t=0.1s
TIGHT n=13 m=74 tag=rand g6=Lx‾‾‾‾‾N‾‾‾‾‾‾ t=0.7s
TIGHT n=13 m=49 tag=rand g6=LR|[{r^mHrlbU} t=0.1s
TIGHT n=13 m=50 tag=rand g6=Lytayzit‾^YKyt t=0.1s
TIGHT n=13 m=71 tag=rand g6=L‾‾z^^‾^^‾‾‾‾N t=0.1s
TIGHT n=13 m=70 tag=rand g6=L^‾|‾|v‾|z‾‾l‾ t=0.3s
TIGHT n=13 m=61 tag=rand g6=Lvv|]‾j|Yf‾‾¥N t=0.1s
TIGHT n=13 m=64 tag=rand g6=Lmvm‾‾^mV‾y‾N‾ t=0.1s
TIGHT n=13 m=62 tag=rand g6=L]‾zN‾n|‾¥Vnvd t=0.1s
TIGHT n=13 m=66 tag=rand g6=L‾vm^‾‾‾‾ev‾ns t=0.1s
TIGHT n=13 m=59 tag=rand g6=L}‾v]rbnvNtVx‾ t=0.1s
TIGHT n=13 m=61 tag=rand g6=Lm{lf‾{^‾‾np|v t=0.1s
TIGHT n=13 m=63 tag=rand g6=Lv|‾y‾}‾|_znt‾ t=0.1s
TIGHT n=13 m=69 tag=rand g6=L‾}n‾‾‾lzn|‾^} t=0.2s
TIGHT n=13 m=72 tag=rand g6=L‾‾]‾‾‾]zz‾‾‾‾ t=0.3s
TIGHT n=13 m=59 tag=rand g6=L^vV}}v|L}Nif‾ t=0.1s
TIGHT n=13 m=65 tag=rand g6=LJ‾‾rq‾‾‾‾‾vru t=0.1s
TIGHT n=13 m=64 tag=rand g6=Ly‾^‾|R‾^rz|{‾ t=0.1s
TIGHT n=13 m=53 tag=rand g6=L‾f}{^xndw{Etx t=0.1s
TIGHT n=13 m=72 tag=rand g6=L‾n‾n‾‾N‾‾nn‾‾ t=0.3s
TIGHT n=13 m=68 tag=rand g6=L‾‾y‾x‾f‾y‾‾nn t=0.1s
TIGHT n=13 m=71 tag=rand g6=Ls|‾z‾y‾‾‾‾‾‾‾ t=0.2s
TIGHT n=13 m=68 tag=rand g6=Lu^n‾‾‾‾‾n‾^N{ t=0.1s
TIGHT n=13 m=66 tag=rand g6=L‾‾‾yv‾v^‾^f]x t=0.1s
TIGHT n=13 m=68 tag=rand g6=L‾‾‾‾z‾}[vr‾‾l t=0.1s
TIGHT n=13 m=69 tag=rand g6=L‾n‾ll‾‾‾mnn‾‾ t=0.2s
TIGHT n=13 m=63 tag=rand g6=L|n‾‾‾vzsvzZns t=0.1s
TIGHT n=13 m=62 tag=rand g6=Lq|v}zJx|v‾‾‾V t=0.1s
TIGHT n=13 m=61 tag=rand g6=Lzi‾‾szn‾uVun} t=0.1s
TIGHT n=13 m=71 tag=rand g6=L‾xv|^‾‾‾‾‾‾N‾ t=0.8s
TIGHT n=13 m=72 tag=rand g6=L‾|zv‾‾‾‾‾^‾‾x t=0.1s
TIGHT n=13 m=57 tag=rand g6=L‾[^^{rL^‾uxrr t=0.1s
TIGHT n=13 m=67 tag=rand g6=L‾^u}‾‾u‾‾‾vV] t=0.2s
TIGHT n=13 m=74 tag=rand g6=L‾‾‾‾|z‾‾‾‾‾]‾ t=0.1s
TIGHT n=13 m=66 tag=rand g6=L||‾V||V‾‾nnf‾ t=0.2s
TIGHT n=13 m=64 tag=rand g6=L}z‾‾}‾z|R}hu‾ t=0.1s
TIGHT n=13 m=62 tag=rand g6=L^nl}Z‾n‾nZU^| t=0.1s
TIGHT n=13 m=60 tag=rand g6=LtulU‾‾‾}v|u|[ t=0.1s
TIGHT n=13 m=72 tag=rand g6=L‾‾x‾‾‾l‾‾‾‾¥‾ t=0.2s
TIGHT n=13 m=75 tag=rand g6=L‾‾‾‾‾‾v}‾^‾‾‾ t=0.3s
TIGHT n=13 m=67 tag=rand g6=L‾|‾v^}^‾‾}hx‾ t=0.1s
TIGHT n=13 m=70 tag=rand g6=LR‾‾‾‾N‾‾‾^{‾‾ t=0.2s
TIGHT n=13 m=68 tag=rand g6=L^¥‾‾g‾‾^‾‾‾}z t=0.1s
TIGHT n=13 m=70 tag=rand g6=L‾||v‾‾^‾‾V‾‾{ t=0.2s
TIGHT n=13 m=69 tag=rand g6=Lnz}^‾v‾zz‾‾‾V t=0.1s
TIGHT n=13 m=66 tag=rand g6=L|¥fv]}z‾‾‾l‾‾ t=0.1s
TIGHT n=13 m=67 tag=rand g6=L‾V‾V}‾Rv‾v^‾‾ t=0.1s
TIGHT n=13 m=67 tag=rand g6=L|l}^‾‾‾‾um‾vv t=0.1s
TIGHT n=13 m=73 tag=rand g6=L‾‾‾‾^‾j||‾‾‾‾ t=0.2s
TIGHT n=13 m=70 tag=rand g6=L‾‾‾‾‾‾M‾‾v¥^} t=0.2s
TIGHT n=13 m=57 tag=rand g6=LN}|]^|q‾yf{R| t=0.1s
TIGHT n=13 m=66 tag=rand g6=Lr^^z[‾‾‾r‾‾|^ t=0.3s
TIGHT n=13 m=63 tag=rand g6=LnN^‾}|‾^tznvJ t=0.1s
TIGHT n=13 m=65 tag=rand g6=L‾Mx‾zv|¥|‾Z‾‾ t=0.3s
TIGHT n=13 m=64 tag=rand g6=L‾zn‾j}|vtunn} t=0.2s
TIGHT n=13 m=58 tag=rand g6=Ld‾¥|}nI‾p‾^r{ t=0.1s
TIGHT n=13 m=70 tag=rand g6=L‾wfz‾‾‾‾‾‾‾nn t=0.1s
TIGHT n=13 m=60 tag=rand g6=Ll‾}‾¥fdN]Z‾‾{ t=0.1s
TIGHT n=13 m=78 tag=rand g6=L‾‾‾‾‾‾‾‾‾‾‾‾‾ t=0.5s
TIGHT n=13 m=64 tag=rand g6=LX‾}‾‾}m^t‾xf‾ t=0.1s
TIGHT n=13 m=63 tag=rand g6=Ln^‾u}‾|M‾‾¥ft t=0.1s
TIGHT n=13 m=50 tag=rand g6=LXtF_‾}DqU‾‾vp t=0.1s
TIGHT n=13 m=65 tag=rand g6=L‾}|n‾‾tnxZ}}^ t=0.1s
TIGHT n=13 m=55 tag=rand g6=Lgjvovs‾‾rznNf t=0.1s
TIGHT n=13 m=63 tag=rand g6=Lnj^}}nv‾vluzz t=0.1s
TIGHT n=13 m=57 tag=rand g6=Luhfwv‾nl¥Q|‾‾ t=0.1s
TIGHT n=13 m=66 tag=rand g6=L‾‾mz‾V^‾‾‾fwz t=0.1s
TIGHT n=13 m=57 tag=rand g6=LvD^nj‾tJxf}n} t=0.1s
TIGHT n=13 m=71 tag=rand g6=L}‾y‾‾‾‾‾‾|v^n t=0.1s
TIGHT n=13 m=67 tag=rand g6=Lzn‾zzn‾‾nVh‾‾ t=0.2s
TIGHT n=13 m=64 tag=rand g6=L}‾}n‾‾|zzenhz t=0.1s
TIGHT n=13 m=54 tag=rand g6=L]Vjoz‾‾mJz}ph t=0.1s
TIGHT n=13 m=59 tag=rand g6=Lzx‾l`nH‾z‾N}| t=0.1s
TIGHT n=13 m=74 tag=rand g6=L‾‾‾‾‾‾vn‾‾‾vn t=0.6s
TIGHT n=13 m=63 tag=rand g6=Lv‾‾]^hy‾f}^nv t=0.1s
TIGHT n=13 m=69 tag=rand g6=L‾zL‾n‾‾‾‾‾ff‾ t=0.1s
TIGHT n=13 m=67 tag=rand g6=L^‾y‾‾z‾|tzv‾t t=0.1s
TIGHT n=13 m=57 tag=rand g6=L‾‾zduy‾JVV‾hq t=0.1s
TIGHT n=13 m=73 tag=rand g6=L‾‾yz‾‾‾‾‾zv‾‾ t=0.3s
TIGHT n=13 m=75 tag=rand g6=Lz‾z^‾‾‾‾‾‾‾‾‾ t=0.3s
TIGHT n=13 m=71 tag=rand g6=Lv‾}z‾‾‾z|vn‾‾ t=0.3s
TIGHT n=13 m=62 tag=rand g6=Ll}z¥v‾zxV‾‾Uz t=0.1s
TIGHT n=13 m=59 tag=rand g6=L‾|^mjuyZr‾}xy t=0.1s
TIGHT n=13 m=67 tag=rand g6=Lv‾‾‾|‾‾s{nv‾r t=0.2s
TIGHT n=13 m=52 tag=rand g6=LnqArN‾^mZ`]Z‾ t=0.1s
TIGHT n=13 m=69 tag=rand g6=Ln^un‾v‾‾v‾y‾‾ t=0.3s
TIGHT n=13 m=61 tag=rand g6=L}B]v|mzv‾‾tnz t=0.1s
TIGHT n=13 m=68 tag=rand g6=L}^j‾fx‾}v‾‾‾‾ t=0.2s
TIGHT n=13 m=66 tag=rand g6=L‾}‾}y‾zvrt‾f‾ t=0.1s
TIGHT n=13 m=62 tag=rand g6=L[vVz‾‾vr‾vqN‾ t=0.1s
TIGHT n=13 m=78 tag=rand g6=L‾‾‾‾‾‾‾‾‾‾‾‾‾ t=0.1s
TIGHT n=13 m=66 tag=rand g6=L‾nn‾‾uj‾vN|^n t=0.2s
TIGHT n=13 m=66 tag=rand g6=L‾‾‾‾}zmnf]U‾‾ t=0.2s
TIGHT n=13 m=59 tag=rand g6=Lnu|^‾^VqVy{^| t=0.1s
TIGHT n=13 m=64 tag=rand g6=L‾nN}^|v{}‾l|| t=0.1s
TIGHT n=13 m=56 tag=rand g6=L‾‾xncr¥znvtlI t=0.1s
TIGHT n=13 m=69 tag=rand g6=L[‾z‾‾‾‾‾z‾uvn t=0.3s
TIGHT n=13 m=65 tag=rand g6=Lnv‾‾^}|‾Vf‾mr t=0.1s
TIGHT n=13 m=58 tag=rand g6=L‾m¥b}‾zV‾xX^e t=0.1s
TIGHT n=13 m=70 tag=rand g6=Lz‾v^‾‾‾‾nn^‾¥ t=0.3s
TIGHT n=13 m=70 tag=rand g6=L‾‾|}‾‾vv‾vn‾f t=0.2s
TIGHT n=13 m=51 tag=rand g6=L{F^d}m`^X^‾Hf t=0.1s
TIGHT n=13 m=68 tag=rand g6=L‾u^‾‾{‾‾j‾vn} t=0.3s
TIGHT n=13 m=58 tag=rand g6=Ll‾[V^‾Iznz^Ln t=0.1s
TIGHT n=13 m=73 tag=rand g6=L‾‾‾n‾‾‾^n‾‾‾x t=0.3s
TIGHT n=13 m=72 tag=rand g6=L‾‾‾|‾‾‾‾vv^‾l t=0.3s
TIGHT n=13 m=64 tag=rand g6=Lvvzw‾‾‾mzU‾n| t=0.1s
TIGHT n=13 m=61 tag=rand g6=LXk^‾v‾j|nxv^} t=0.1s
TIGHT n=13 m=69 tag=rand g6=Lb‾‾‾}n|v‾‾‾|v t=0.1s
TIGHT n=13 m=57 tag=rand g6=LnD‾z|qnx|Qvt‾ t=0.1s
TIGHT n=13 m=62 tag=rand g6=L‾|vNvzT‾KZ}‾‾ t=0.2s
TIGHT n=13 m=63 tag=rand g6=Lnz‾g‾Z‾‾xx^n} t=0.1s
TIGHT n=13 m=70 tag=rand g6=L‾‾}uv‾‾‾‾m‾¥‾ t=0.1s
TIGHT n=13 m=59 tag=rand g6=Lrn‾HZ‾Z‾Nhnl‾ t=0.1s
TIGHT n=13 m=64 tag=rand g6=L|^cz¥‾Z}‾‾y‾‾ t=0.1s
TIGHT n=13 m=68 tag=rand g6=L‾‾‾mr‾{||‾‾f‾ t=0.2s
TIGHT n=13 m=65 tag=rand g6=L‾}^nj^x‾‾s‾‾u t=0.1s
TIGHT n=13 m=70 tag=rand g6=L‾f‾‾‾|‾}z‾zn} t=0.3s
TIGHT n=13 m=64 tag=rand g6=L^‾|¥nv}|]^^^} t=0.2s
TIGHT n=13 m=66 tag=rand g6=L‾‾^n^z‾^¥^‾tt t=0.2s
TIGHT n=13 m=71 tag=rand g6=Lz‾‾z^n‾‾‾|‾‾u t=0.3s
TIGHT n=13 m=65 tag=rand g6=L‾^^n}|‾zva‾¥‾ t=0.3s
TIGHT n=13 m=70 tag=rand g6=L‾‾}‾y}‾}n‾‾l‾ t=0.2s
TIGHT n=13 m=56 tag=rand g6=LwyN‾‾vqsn‾^K{ t=0.2s
TIGHT n=13 m=72 tag=rand g6=L‾‾z‾z‾^v‾‾r‾‾ t=0.4s
TIGHT n=13 m=67 tag=rand g6=Lm‾‾vr‾‾z}vzj‾ t=0.1s
TIGHT n=13 m=57 tag=rand g6=L‾nsnt}sR}vzmr t=0.1s
TIGHT n=13 m=51 tag=rand g6=LE|‾^XL‾rRrtBf t=0.1s
TIGHT n=13 m=60 tag=rand g6=L¥TveN‾‾‾ln]‾{ t=0.1s
TIGHT n=13 m=58 tag=rand g6=LU‾‾Xy‾Pzz‾rp^ t=0.3s
TIGHT n=13 m=58 tag=rand g6=LntqL|iv‾m‾‾mr t=0.2s
TIGHT n=13 m=56 tag=rand g6=Ls}‾]^L^fu‾zJi t=0.1s
TIGHT n=13 m=60 tag=rand g6=Lj^q¥t‾‾}njjl‾ t=0.1s
TIGHT n=13 m=64 tag=rand g6=Lzv||v‾uzn^{z^ t=0.1s
TIGHT n=13 m=70 tag=rand g6=L‾‾‾‾‾‾f‾{rr‾‾ t=0.3s
TIGHT n=13 m=53 tag=rand g6=Lq|xd‾‾V‾JzDiw t=0.1s
TIGHT n=13 m=65 tag=rand g6=L}‾z‾‾vu}qy‾Z‾ t=0.2s
TIGHT n=13 m=63 tag=rand g6=L^x‾‾]^rz‾{‾]l t=0.1s
TIGHT n=13 m=75 tag=rand g6=L‾‾‾‾‾n‾‾‾‾‾zv t=0.5s
TIGHT n=13 m=60 tag=rand g6=L^n^N^|ZQ^‾‾]l t=0.1s
TIGHT n=13 m=72 tag=rand g6=L^‾‾|‾}‾‾‾n‾‾u t=0.3s
TIGHT n=13 m=65 tag=rand g6=Lrvn‾vvnz}‾V}z t=0.1s
TIGHT n=13 m=62 tag=rand g6=L‾‾]‾uZxcZ}^‾‾ t=0.1s
TIGHT n=13 m=61 tag=rand g6=L‾lt‾yzmZ‾^z‾E t=0.1s
TIGHT n=13 m=73 tag=rand g6=Lmzzn‾‾‾‾‾‾‾‾‾ t=0.2s
TIGHT n=13 m=60 tag=rand g6=L}nxvr‾m{n|n]¥ t=0.1s
TIGHT n=13 m=63 tag=rand g6=Lv‾^‾nX^}‾Vz¥N t=0.1s
TIGHT n=13 m=63 tag=rand g6=L¥^eN^^‾‾n‾r‾¥ t=0.1s
TIGHT n=13 m=65 tag=rand g6=Lu|^‾z{^u}‾‾j‾ t=0.1s
TIGHT n=13 m=58 tag=rand g6=Ljw^VyX‾zDz}‾‾ t=0.2s
TIGHT n=13 m=64 tag=rand g6=LB|‾‾v‾z‾f]^‾l t=0.1s
TIGHT n=13 m=74 tag=rand g6=Lvv‾‾‾‾‾‾‾‾‾l‾ t=0.3s
TIGHT n=13 m=69 tag=rand g6=Lz}‾‾‾‾Z|V‾‾z| t=0.3s
TIGHT n=13 m=63 tag=rand g6=L]}‾z^V‾}|v^dn t=0.2s
TIGHT n=13 m=74 tag=rand g6=L‾‾‾‾‾¥‾}z‾‾‾‾ t=0.3s
TIGHT n=13 m=70 tag=rand g6=LT‾z]‾‾nn‾‾‾‾‾ t=0.2s
TIGHT n=13 m=69 tag=rand g6=L‾|‾vv]]‾‾zn‾‾ t=0.2s
TIGHT n=13 m=59 tag=rand g6=Lxvzf‾j‾|^nrVE t=0.1s
TIGHT n=13 m=61 tag=rand g6=Lw‾zv|‾‾]xDz}n t=0.1s
TIGHT n=13 m=57 tag=rand g6=LqvLT}Ht‾‾|z^n t=0.1s
TIGHT n=13 m=69 tag=rand g6=Lz}z|‾{}‾^^‾‾‾ t=0.1s
TIGHT n=13 m=62 tag=rand g6=Lvz}||Lz‾N‾|Vm t=0.1s
TIGHT n=13 m=68 tag=rand g6=Lu‾‾‾]v^‾‾}v^z t=0.2s
TIGHT n=13 m=67 tag=rand g6=L^v‾‾|^v}|u‾‾j t=0.1s
TIGHT n=13 m=62 tag=rand g6=Lnp{lzyr‾|}}‾‾ t=0.1s
TIGHT n=13 m=53 tag=rand g6=L‾LMZz‾[‾lSMwn t=0.1s
TIGHT n=13 m=49 tag=rand g6=LB‾h|pZfMvZuNa t=0.1s
TIGHT n=13 m=64 tag=rand g6=Lz|^}v‾Yz‾Vnn^ t=0.2s
TIGHT n=13 m=64 tag=rand g6=Lu‾^t{‾v‾‾|vNZ t=0.1s
TIGHT n=13 m=66 tag=rand g6=Lz‾^v‾fvZ}}‾‾u t=0.1s
TIGHT n=13 m=55 tag=rand g6=L‾|Ww‾Vuny]‾Us t=0.1s
TIGHT n=13 m=55 tag=rand g6=Lrx}hfxmtq‾‾[z t=0.1s
TIGHT n=13 m=73 tag=rand g6=Lv‾‾‾‾‾‾||zv‾‾ t=0.1s
TIGHT n=13 m=60 tag=rand g6=LZ‾Y}‾‾uH‾ll^z t=0.2s
TIGHT n=13 m=69 tag=rand g6=L‾|]v‾x‾^‾n|‾‾ t=0.1s
TIGHT n=13 m=57 tag=rand g6=L‾nZfiM`e}‾‾N‾ t=0.1s
TIGHT n=13 m=65 tag=rand g6=Lj‾V‾]}‾‾v‾^l{ t=0.1s
TIGHT n=13 m=71 tag=rand g6=L‾Z‾}|^zn‾‾‾‾‾ t=0.2s
TIGHT n=13 m=52 tag=rand g6=LlwiiyS|n‾‾bi} t=0.1s
TIGHT n=13 m=66 tag=rand g6=Lzzn‾‾n‾P‾vn{‾ t=0.1s
TIGHT n=13 m=58 tag=rand g6=Ly‾J{z‾zJ^X‾N¥ t=0.2s
TIGHT n=13 m=64 tag=rand g6=LV‾z}zl^¥‾f‾z| t=0.2s
TIGHT n=13 m=61 tag=rand g6=Lvkz‾VnkV‾z^}z t=0.1s
TIGHT n=13 m=61 tag=rand g6=L|‾¥sJ}n‾j^}‾u t=0.1s
TIGHT n=13 m=70 tag=rand g6=L‾‾‾T}n}‾|^‾‾‾ t=0.3s
TIGHT n=13 m=52 tag=rand g6=Lx{Y¥ATz‾‾nbrr t=0.1s
TIGHT n=13 m=62 tag=rand g6=L‾‾nTvVz}fU‾x‾ t=0.1s
TIGHT n=13 m=67 tag=rand g6=Ln‾vjv‾‾}zvnn^ t=0.1s
TIGHT n=13 m=58 tag=rand g6=L^‾z‾s{]‾L|T{x t=0.1s
TIGHT n=13 m=67 tag=rand g6=Lni‾v‾Nz^‾l‾‾‾ t=0.2s
TIGHT n=13 m=72 tag=rand g6=L‾‾^}v‾^‾‾‾‾^z t=0.3s
TIGHT n=13 m=69 tag=rand g6=L|vv‾‾nf‾v‾‾‾t t=0.2s
TIGHT n=13 m=75 tag=rand g6=L‾v}n‾‾‾‾‾‾‾‾‾ t=0.4s
TIGHT n=13 m=67 tag=rand g6=L¥^n‾‾}‾}nzz}n t=0.1s
TIGHT n=13 m=72 tag=rand g6=L‾n‾|‾‾|‾‾‾|‾m t=0.3s
TIGHT n=13 m=70 tag=rand g6=L‾‾‾{y{‾‾‾zz‾‾ t=0.2s
TIGHT n=13 m=67 tag=rand g6=L‾p‾n‾t}y‾‾‾zz t=0.1s
TIGHT n=13 m=61 tag=rand g6=Lz‾jntf‾j‾^{zp t=0.1s
TIGHT n=13 m=64 tag=rand g6=L^^^‾‾ldnT‾‾‾¥ t=0.2s
TIGHT n=13 m=70 tag=rand g6=Lv{‾|‾‾‾‾‾zvN‾ t=0.3s
TIGHT n=13 m=60 tag=rand g6=LFnm‾z‾}‾Zsdr‾ t=0.1s
TIGHT n=13 m=66 tag=rand g6=L‾}‾‾z^N^‾‾VVr t=0.1s
TIGHT n=13 m=63 tag=rand g6=Lp‾}jw‾¥|‾^‾‾Z t=0.1s
TIGHT n=13 m=71 tag=rand g6=L}n}‾Z‾‾|n‾‾‾‾ t=0.2s
TIGHT n=13 m=71 tag=rand g6=L‾}‾‾zx‾|‾‾‾‾l t=0.1s
TIGHT n=13 m=74 tag=rand g6=L‾‾‾‾‾fx‾‾‾‾‾‾ t=0.1s
TIGHT n=13 m=66 tag=rand g6=L^‾‾‾|‾x|{}uz} t=0.1s
TIGHT n=13 m=66 tag=rand g6=Ln‾vV‾‾{x‾v^r‾ t=0.1s
TIGHT n=13 m=68 tag=rand g6=L‾‾V‾^‾t‾}|v‾t t=0.2s
TIGHT n=13 m=64 tag=rand g6=Ln‾u‾[‾^^Vev‾‾ t=0.1s
TIGHT n=13 m=65 tag=rand g6=Ln¥‾{}t^^‾‾z}} t=0.1s
TIGHT n=13 m=52 tag=rand g6=L}z{dMuzUURmzv t=0.1s
TIGHT n=13 m=52 tag=rand g6=LfvG‾‾bw‾]q[m¥ t=0.1s
TIGHT n=13 m=71 tag=rand g6=L}vnv‾‾‾‾‾}‾‾] t=0.3s
TIGHT n=13 m=61 tag=rand g6=L|x‾x}n|vynnI‾ t=0.1s
TIGHT n=13 m=70 tag=rand g6=L‾‾v‾^‾t}^‾‾}n t=0.3s
TIGHT n=13 m=61 tag=rand g6=LnNz‾‾‾v^F[^Ny t=0.2s
TIGHT n=13 m=65 tag=rand g6=L‾ih‾^j‾‾‾v^^n t=0.2s
TIGHT n=13 m=75 tag=rand g6=Lz‾‾‾‾‾‾‾‾l‾‾‾ t=0.3s
TIGHT n=13 m=57 tag=rand g6=L^}M|‾jyY‾vXrf t=0.1s
TIGHT n=13 m=57 tag=rand g6=LfU^^|ngzfTl‾‾ t=0.1s
TIGHT n=13 m=64 tag=rand g6=L‾^}X‾‾zf{y‾nz t=0.2s
TIGHT n=13 m=67 tag=rand g6=L‾}vx‾nV‾‾{‾vv t=0.1s
TIGHT n=13 m=65 tag=rand g6=L‾n‾}‾Q}‾^v{z} t=0.1s
TIGHT n=13 m=52 tag=rand g6=LFSv‾p^tshmr‾x t=0.1s
TIGHT n=13 m=61 tag=rand g6=Lv}}n‾‾c‾nQ¥}} t=0.1s
TIGHT n=13 m=59 tag=rand g6=L‾^fuj}[^‾^jrx t=0.1s
TIGHT n=13 m=73 tag=rand g6=L‾}‾‾}^‾}v‾‾‾‾ t=0.2s
TIGHT n=13 m=63 tag=rand g6=LN‾}xy‾ZN‾tj‾‾ t=0.1s
TIGHT n=13 m=65 tag=rand g6=L‾|}|v‾F‾Zn|Z‾ t=0.2s
TIGHT n=13 m=63 tag=rand g6=L‾XzVnu‾Z‾z|v| t=0.1s
TIGHT n=13 m=67 tag=rand g6=L|^nv‾zN‾‾}J‾‾ t=0.3s
TIGHT n=13 m=72 tag=rand g6=L‾z‾n^|‾f‾‾‾‾‾ t=0.5s
TIGHT n=13 m=71 tag=rand g6=Lv‾y|tz‾‾‾‾‾‾‾ t=0.5s
TIGHT n=13 m=60 tag=rand g6=L‾vz‾|uy^{‾rqb t=0.1s
TIGHT n=13 m=66 tag=rand g6=L|r^‾‾z‾f‾‾nnM t=0.1s
TIGHT n=13 m=74 tag=rand g6=L‾|‾‾‾‾^‾‾‾¥‾‾ t=0.1s
TIGHT n=13 m=61 tag=rand g6=L}n‾^N‾y]}|Zjy t=0.2s
TIGHT n=13 m=58 tag=rand g6=L‾‾^X}}N_uL‾‾Z t=0.1s
TIGHT n=13 m=57 tag=rand g6=Lr^lL{n|q{}J‾‾ t=0.1s
TIGHT n=13 m=67 tag=rand g6=L‾‾‾‾vj^]|nnr‾ t=0.2s
TIGHT n=13 m=71 tag=rand g6=L‾‾‾z‾‾m‾‾n^nn t=0.2s
TIGHT n=13 m=69 tag=rand g6=L‾‾|n|‾^|‾}w‾‾ t=0.1s
TIGHT n=13 m=59 tag=rand g6=LXfz‾}Vl¥y‾m^z t=0.1s
TIGHT n=13 m=71 tag=rand g6=L‾^‾‾‾v‾q‾‾‾vz t=0.4s
TIGHT n=13 m=63 tag=rand g6=L^v‾x^vv}^‾yvh t=0.2s
TIGHT n=13 m=55 tag=rand g6=Ll|lpv‾ez^zlqM t=0.1s
TIGHT n=13 m=65 tag=rand g6=L^‾|‾n|‾y}|vp| t=0.2s
TIGHT n=13 m=65 tag=rand g6=L^|lp‾j^‾‾^‾n| t=0.3s
TIGHT n=13 m=54 tag=rand g6=Lvm|Uf‾bny]Xd| t=0.1s
TIGHT n=13 m=62 tag=rand g6=L^‾‾rj}j^}}}yZ t=0.1s
TIGHT n=13 m=62 tag=rand g6=L‾‾|VXn}xl|||n t=0.1s
TIGHT n=13 m=66 tag=rand g6=L|jN|{‾‾‾‾x‾^n t=0.2s
TIGHT n=13 m=62 tag=rand g6=L]K‾z‾‾^v¥jzn} t=0.4s
TIGHT n=13 m=69 tag=rand g6=L‾‾^vv‾‾}zv^nn t=0.2s
TIGHT n=13 m=64 tag=rand g6=Lr‾‾{|lz‾|¥v‾V t=0.1s
TIGHT n=13 m=71 tag=rand g6=L‾‾‾}jV‾‾x‾‾‾‾ t=0.2s
TIGHT n=13 m=61 tag=rand g6=L‾nX‾||f^|v‾{g t=0.1s
TIGHT n=13 m=61 tag=rand g6=L‾rQ}zxZ‾z‾‾{¥ t=0.1s
TIGHT n=13 m=59 tag=rand g6=Lv¥xq‾¥lv}z{n} t=0.1s
TIGHT n=13 m=63 tag=rand g6=LnvU^Uz‾w‾z}‾‾ t=0.1s
TIGHT n=13 m=71 tag=rand g6=Lv‾‾}‾‾‾||‾v‾m t=0.3s
TIGHT n=13 m=55 tag=rand g6=L|nNnNej‾Uqn{l t=0.1s
TIGHT n=13 m=69 tag=rand g6=L‾‾vr‾‾v]|‾‾¥‾ t=0.1s
TIGHT n=13 m=71 tag=rand g6=LnV‾‾‾‾‾|^‾‾j‾ t=0.3s
TIGHT n=13 m=56 tag=rand g6=Lxyy]R}i‾‾uv}q t=0.1s
TIGHT n=13 m=68 tag=rand g6=Ln‾‾‾z‾|}z}‾^i t=0.2s
TIGHT n=13 m=62 tag=rand g6=L‾v‾z|N|]‾xI}n t=0.1s
TIGHT n=13 m=63 tag=rand g6=Lu‾v‾zXl‾|z‾zs t=0.1s
TIGHT n=13 m=66 tag=rand g6=Lvt‾rv‾m‾‾‾l|z t=0.2s
TIGHT n=13 m=71 tag=rand g6=Lzn|z^‾‾‾‾}n‾‾ t=0.3s
TIGHT n=13 m=71 tag=rand g6=L}‾‾^‾|‾v‾^‾v| t=0.4s
TIGHT n=13 m=71 tag=rand g6=Lz‾}Z‾‾v‾‾‾‾‾j t=0.2s
TIGHT n=13 m=70 tag=rand g6=L‾nx‾|‾‾‾n^‾‾r t=0.3s
TIGHT n=13 m=62 tag=rand g6=LZv}B^m}n‾n‾n} t=0.1s
TIGHT n=13 m=74 tag=rand g6=L‾‾yy‾‾‾‾‾‾‾‾‾ t=0.6s
TIGHT n=13 m=59 tag=rand g6=L‾|n¥Vjry^Vl‾m t=0.6s
TIGHT n=13 m=71 tag=rand g6=Lmln|n‾‾‾‾‾‾‾‾ t=0.4s
TIGHT n=13 m=72 tag=rand g6=L}‾‾‾v‾‾‾‾|vu‾ t=0.1s
TIGHT n=13 m=62 tag=rand g6=L|‾xN`x}‾t‾‾‾r t=0.2s
TIGHT n=13 m=70 tag=rand g6=Lu‾^‾‾‾u‾^‾‾n| t=0.1s
TIGHT n=13 m=71 tag=rand g6=L‾‾^‾V‾f‾‾t‾‾‾ t=0.3s
TIGHT n=13 m=62 tag=rand g6=L‾t{zmx‾n}‾}‾I t=0.1s
TIGHT n=13 m=58 tag=rand g6=Lp‾|i¥n||‾mo|v t=0.1s
TIGHT n=13 m=70 tag=rand g6=L^l‾‾n‾‾‾‾‾Z‾f t=0.2s
TIGHT n=13 m=56 tag=rand g6=L_^n}j‾Jf‾vNzq t=0.1s
TIGHT n=13 m=67 tag=rand g6=L||^‾‾‾‾‾nP|¥‾ t=0.2s
TIGHT n=13 m=64 tag=rand g6=L¥‾‾Vzz‾jm‾{|^ t=0.1s
TIGHT n=13 m=60 tag=rand g6=L‾lvfxf|lz{z}} t=0.1s
TIGHT n=13 m=66 tag=rand g6=L|j‾|^{‾‾xv‾z} t=0.1s
TIGHT n=13 m=63 tag=rand g6=L‾x‾z{n¥‾d‾yl‾ t=0.3s
TIGHT n=13 m=66 tag=rand g6=L‾}‾F‾f‾^^V‾z} t=0.5s
TIGHT n=13 m=65 tag=rand g6=L¥X‾‾nr^‾‾‾¥}n t=0.3s
TIGHT n=13 m=65 tag=rand g6=L|yv‾^‾ZJn}n‾‾ t=0.3s
TIGHT n=13 m=58 tag=rand g6=Lf‾v|n‾a^NvvTJ t=0.1s
TIGHT n=13 m=62 tag=rand g6=LfV‾znv[‾e^‾f‾ t=0.1s
TIGHT n=13 m=58 tag=rand g6=Lvnf‾‾zrRUnmzs t=0.1s
TIGHT n=13 m=66 tag=rand g6=L‾fZz‾‾n‾j}v}z t=0.7s
TIGHT n=13 m=69 tag=rand g6=L‾^^jnx‾‾‾‾‾t‾ t=0.6s
TIGHT n=13 m=52 tag=rand g6=LL`qr‾ZnXPtN‾‾ t=0.1s
TIGHT n=13 m=75 tag=rand g6=L|‾|^‾‾‾‾‾‾‾‾‾ t=0.6s
TIGHT n=13 m=67 tag=rand g6=Lnv^||‾‾|nzR‾‾ t=0.3s
TIGHT n=13 m=60 tag=rand g6=LR‾p|^nrrr]n‾‾ t=0.1s
TIGHT n=13 m=66 tag=rand g6=L^nrnv‾t‾tz^‾‾ t=0.2s
TIGHT n=13 m=66 tag=rand g6=L‾nt‾d‾nv‾‾‾L^ t=0.2s
TIGHT n=13 m=62 tag=rand g6=LZdm‾{‾^¥‾‾m^^ t=0.1s
TIGHT n=13 m=67 tag=rand g6=Ljv|‾}v‾^‾|}‾x t=0.2s
TIGHT n=13 m=66 tag=rand g6=L^vx‾‾vv‾k^‾|n t=0.1s
TIGHT n=13 m=50 tag=rand g6=LKz}owme‾B‾‾aj t=0.1s
TIGHT n=13 m=71 tag=rand g6=L}^‾M‾‾‾‾‾nv‾‾ t=0.1s
TIGHT n=13 m=68 tag=rand g6=Ly‾^‾‾‾V}u‾‾‾t t=0.3s
TIGHT n=13 m=63 tag=rand g6=Lz‾mvz‾}znz‾{I t=0.1s
TIGHT n=13 m=61 tag=rand g6=L‾‾x^}‾‾i}TVe^ t=0.1s
TIGHT n=13 m=64 tag=rand g6=Ll^‾}}{y^m‾¥‾‾ t=0.1s
TIGHT n=13 m=67 tag=rand g6=Lrz{N|‾‾v‾‾‾zz t=0.1s
TIGHT n=13 m=67 tag=rand g6=Lz^‾‾‾zvnu|vt‾ t=0.1s
TIGHT n=13 m=57 tag=rand g6=Ld‾‾utiVb|‾J‾m t=0.1s
TIGHT n=13 m=70 tag=rand g6=L‾v‾{‾‾|‾‾V‾‾{ t=0.3s
TIGHT n=13 m=72 tag=rand g6=Lv‾|‾‾x‾‾‾‾‾u‾ t=0.2s
TIGHT n=13 m=65 tag=rand g6=Lnm}IV|‾}}‾‾‾‾ t=0.1s
TIGHT n=13 m=64 tag=rand g6=Ln‾]y^lv‾‾^]vn t=0.1s
TIGHT n=13 m=70 tag=rand g6=L‾‾‾}‾v‾}v}v}v t=0.1s
TIGHT n=13 m=64 tag=rand g6=L[n‾‾‾zj}M‾^^} t=0.2s
TIGHT n=13 m=63 tag=rand g6=Lf¥X‾}‾N‾}‾‾T| t=0.2s
TIGHT n=13 m=58 tag=rand g6=L‾¥znZlY|‾vezJ t=0.1s
TIGHT n=13 m=66 tag=rand g6=L‾s‾v}|v‾fn‾‾y t=0.1s
TIGHT n=13 m=64 tag=rand g6=Lf‾n‾^^vvv}vL| t=0.2s
TIGHT n=13 m=65 tag=rand g6=L}q]^rj‾‾‾‾‾n^ t=0.3s
TIGHT n=13 m=60 tag=rand g6=L‾}l{Uvm}m‾‾nT t=0.1s
TIGHT n=13 m=55 tag=rand g6=LS¥v}L}|wnnzxr t=0.1s
TIGHT n=13 m=66 tag=rand g6=L¥‾}^‾zm‾}f‾v| t=0.1s
TIGHT n=13 m=66 tag=rand g6=L}ux‾vm|^‾nn‾‾ t=0.1s
TIGHT n=13 m=60 tag=rand g6=Lzcu‾f{l|¥}}‾‾ t=0.1s
TIGHT n=13 m=70 tag=rand g6=L^‾}‾‾‾vv‾nzn^ t=0.1s
TIGHT n=13 m=53 tag=rand g6=Lgr}tan‾tS^‾{N t=0.1s
TIGHT n=13 m=71 tag=rand g6=Lj‾^‾‾‾x‾f‾‾‾‾ t=0.3s
TIGHT n=13 m=69 tag=rand g6=L‾‾v‾‾vZ‾}n^z| t=0.3s
TIGHT n=13 m=69 tag=rand g6=L‾‾‾‾‾|‾‾f}v}F t=0.2s
TIGHT n=13 m=74 tag=rand g6=Lv‾‾‾‾‾‾|‾‾‾v| t=0.3s
TIGHT n=13 m=67 tag=rand g6=L}‾n‾nu‾‾‾^}uy t=0.2s
TIGHT n=13 m=62 tag=rand g6=Lt‾q‾‾xzR‾Zzt‾ t=0.1s
TIGHT n=13 m=75 tag=rand g6=L‾‾^‾‾‾u‾‾‾‾‾‾ t=0.6s
TIGHT n=13 m=67 tag=rand g6=Ly‾u‾f‾‾|zv‾^} t=0.2s
TIGHT n=13 m=70 tag=rand g6=Lv‾l‾zZ‾‾‾‾‾zn t=0.2s
TIGHT n=13 m=62 tag=rand g6=L‾mn^‾^xmv‾tyV t=0.1s
TIGHT n=13 m=72 tag=rand g6=L‾‾‾‾vy‾‾‾^‾‾x t=0.3s
TIGHT n=13 m=58 tag=rand g6=LkuZqm‾‾}‾vV^s t=0.1s
TIGHT n=13 m=69 tag=rand g6=L|^‾{n‾zn‾j‾‾‾ t=0.3s
TIGHT n=13 m=61 tag=rand g6=Ln}[‾v‾tzV{m‾N t=0.1s
TIGHT n=13 m=61 tag=rand g6=L^m‾Nx‾|vxtZ|v t=0.1s
TIGHT n=13 m=61 tag=rand g6=L‾jz‾h]fn}]nz^ t=0.1s
TIGHT n=13 m=69 tag=rand g6=Lm‾‾‾v{Z‾‾‾‾}^ t=0.1s
TIGHT n=13 m=63 tag=rand g6=Lf‾j‾¥}‾‾}F¥‾V t=0.1s
TIGHT n=13 m=68 tag=rand g6=LZ‾n‾z‾|¥n‾V‾‾ t=0.2s
TIGHT n=13 m=69 tag=rand g6=Lzn‾Zz‾‾‾‾t‾x‾ t=0.3s
TIGHT n=13 m=63 tag=rand g6=L{prlvZ‾}‾‾‾z| t=0.2s
TIGHT n=13 m=62 tag=rand g6=LlnznzvzVfzT‾‾ t=0.1s
TIGHT n=13 m=62 tag=rand g6=LmrZ|zylz|m‾‾‾ t=0.1s
TIGHT n=13 m=73 tag=rand g6=L‾‾‾‾‾‾‾}‾‾yvv t=0.3s
TIGHT n=13 m=51 tag=rand g6=Lf@y{vg[N‾z|Ln t=0.1s
TIGHT n=13 m=74 tag=rand g6=L‾‾‾‾‾‾^‾‾N}‾‾ t=0.4s
TIGHT n=13 m=69 tag=rand g6=L{‾‾}‾‾nn‾n}^| t=0.3s
TIGHT n=13 m=50 tag=rand g6=LrN|JJNt{xJutZ t=0.1s
TIGHT n=13 m=61 tag=rand g6=L}^Z‾v‾tY[N‾‾u t=0.1s
TIGHT n=13 m=68 tag=rand g6=L|‾n‾^‾j‾‾‾T‾y t=0.2s
TIGHT n=13 m=57 tag=rand g6=L|^L‾|ZMxzzxt{ t=0.2s
TIGHT n=13 m=63 tag=rand g6=L‾^‾^vlN‾N|Fn^ t=0.1s
TIGHT n=13 m=58 tag=rand g6=Ljfunxur^ue|‾‾ t=0.1s
TIGHT n=13 m=68 tag=rand g6=LQ‾|‾}‾‾‾Z‾‾zv t=0.1s
TIGHT n=13 m=60 tag=rand g6=LLqn‾‾‾zNl}Lm‾ t=0.1s
TIGHT n=13 m=67 tag=rand g6=L‾z‾Zy|‾‾z‾‾L| t=0.2s
TIGHT n=13 m=55 tag=rand g6=LxzKLst|‾‾|j}q t=0.1s
TIGHT n=13 m=50 tag=rand g6=L]]ldb‾u|^pksX t=0.1s
TIGHT n=13 m=60 tag=rand g6=L^P}nkt]z||n‾‾ t=0.2s
TIGHT n=13 m=74 tag=rand g6=L‾‾|‾‾‾‾‾‾v‾‾] t=0.3s
TIGHT n=13 m=71 tag=rand g6=L‾‾}v^j‾‾‾zv‾‾ t=0.3s
TIGHT n=13 m=67 tag=rand g6=Lzz}}n^‾}}‾n^} t=0.2s
TIGHT n=13 m=54 tag=rand g6=LY‾n{}zR`]P}nn t=0.1s
TIGHT n=13 m=60 tag=rand g6=L‾‾{‾|zfq}rumj t=0.3s
TIGHT n=13 m=63 tag=rand g6=L‾m|nv|‾r|llj‾ t=0.2s
TIGHT n=13 m=69 tag=rand g6=L‾X‾‾^znn‾vz‾‾ t=0.5s
TIGHT n=13 m=57 tag=rand g6=LrnRov‾^‾‾]v`l t=0.1s
TIGHT n=13 m=75 tag=rand g6=L^{‾‾‾‾‾‾‾‾‾‾‾ t=0.2s
TIGHT n=13 m=73 tag=rand g6=L‾‾f‾n‾‾‾¥‾‾‾‾ t=0.3s
TIGHT n=13 m=52 tag=rand g6=L^z||}EFXjJxt¥ t=0.1s
TIGHT n=13 m=59 tag=rand g6=L‾u^^Z|hV}vwj‾ t=0.1s
TIGHT n=13 m=75 tag=rand g6=L}‾‾‾‾‾‾‾‾‾‾r‾ t=0.4s
TIGHT n=13 m=70 tag=rand g6=L^‾tzz‾‾‾n‾‾}| t=0.1s
TIGHT n=13 m=71 tag=rand g6=L‾|vvr‾¥‾‾‾‾‾‾ t=0.2s
TIGHT n=13 m=66 tag=rand g6=L^}m‾|z‾}zx‾u‾ t=0.2s
TIGHT n=13 m=65 tag=rand g6=LZzVvz‾nuv‾r‾‾ t=0.1s
TIGHT n=13 m=59 tag=rand g6=L{‾T‾rY‾yz‾u¥V t=0.1s
TIGHT n=13 m=71 tag=rand g6=L|}‾‾‾‾z‾r‾‾‾Z t=0.3s
TIGHT n=13 m=71 tag=rand g6=L}‾m‾}|‾‾‾‾‾m‾ t=0.3s
TIGHT n=13 m=71 tag=rand g6=L^‾n‾‾z‾|}l‾‾‾ t=0.3s
TIGHT n=13 m=70 tag=rand g6=L^||t‾}‾‾‾‾‾nv t=0.3s
TIGHT n=13 m=70 tag=rand g6=Ln|‾nz‾t‾t‾‾‾‾ t=0.3s
TIGHT n=13 m=69 tag=rand g6=Lt}‾‾}‾v‾v¥z‾‾ t=0.1s
TIGHT n=13 m=72 tag=rand g6=L|Z‾‾‾‾^|‾^‾‾‾ t=0.4s
TIGHT n=13 m=67 tag=rand g6=L‾zv^‾‾z‾|‾Sz^ t=0.1s
TIGHT n=13 m=50 tag=rand g6=Lof‾IYtNznKzNx t=0.1s
TIGHT n=13 m=66 tag=rand g6=L‾‾‾‾}‾zVQ‾¥nv t=0.3s
TIGHT n=13 m=72 tag=rand g6=L‾n‾‾‾‾||^‾‾zz t=0.2s
TIGHT n=13 m=65 tag=rand g6=L]‾n‾}nZ|‾r}}} t=0.1s
TIGHT n=13 m=71 tag=rand g6=L¥‾‾‾|l‾V‾‾‾‾‾ t=0.3s
TIGHT n=13 m=63 tag=rand g6=Lv‾}}‾l‾mZ‾gnv t=0.4s
TIGHT n=13 m=68 tag=rand g6=L|]n‾z‾¥‾‾‾n‾m t=0.3s
TIGHT n=13 m=70 tag=rand g6=LxNv‾‾z‾‾‾}z‾‾ t=0.2s
TIGHT n=13 m=73 tag=rand g6=L‾‾N‾‾‾z}‾^‾‾‾ t=0.4s
TIGHT n=13 m=51 tag=rand g6=L}znf¥Q[Rx}[[n t=0.1s
TIGHT n=13 m=66 tag=rand g6=Ln}x‾vR‾‾‾‾r{‾ t=0.2s
TIGHT n=13 m=66 tag=rand g6=Lr|^k‾tz‾‾z|‾‾ t=0.1s
TIGHT n=13 m=72 tag=rand g6=L‾n‾‾‾‾|n‾‾vn} t=0.4s
TIGHT n=13 m=68 tag=rand g6=LmR‾nz‾‾‾‾‾vv} t=0.1s
TIGHT n=13 m=62 tag=rand g6=Lr‾vy|‾yn|mxn| t=0.2s
TIGHT n=13 m=54 tag=rand g6=LNme^}L¥‾ZN¥t{ t=0.1s
TIGHT n=13 m=66 tag=rand g6=L‾V‾‾v‾jzt|}f‾ t=0.1s
TIGHT n=13 m=69 tag=rand g6=L‾|j‾‾n‾‾^|}‾V t=0.3s
TIGHT n=13 m=60 tag=rand g6=LrM‾z‾Ni‾‾Nszz t=0.1s
TIGHT n=13 m=70 tag=rand g6=L^‾zv‾‾{‾‾v‾|} t=0.5s
TIGHT n=13 m=60 tag=rand g6=Lnls}}‾u‾‾‾`mZ t=0.1s
TIGHT n=13 m=67 tag=rand g6=LZ‾‾Z|n‾nzT‾‾‾ t=0.1s
TIGHT n=13 m=62 tag=rand g6=L|in¥z‾zn¥r‾f‾ t=0.1s
TIGHT n=13 m=70 tag=rand g6=L‾}n‾||zX‾‾‾‾‾ t=0.5s
TIGHT n=13 m=68 tag=rand g6=L}‾nv}¥‾v‾‾|n} t=0.3s
TIGHT n=13 m=63 tag=rand g6=L|‾nxr|Zu‾x‾‾x t=0.2s
TIGHT n=13 m=69 tag=rand g6=L‾z‾‾^‾|‾v^f}^ t=0.3s
TIGHT n=13 m=55 tag=rand g6=Llh[jZv^^‾qzxN t=0.1s
TIGHT n=13 m=54 tag=rand g6=Lm|i]^uvr¥¥xt] t=0.1s
TIGHT n=13 m=74 tag=rand g6=L‾‾‾‾‾‾‾‾‾^}‾y t=0.7s
TIGHT n=13 m=61 tag=rand g6=L^rnfvm‾z^yZnv t=0.2s
TIGHT n=13 m=64 tag=rand g6=Lz‾{z‾^v‾zR‾zF t=0.2s
TIGHT n=13 m=60 tag=rand g6=LxzrX‾vxn¥‾x]‾ t=0.1s
TIGHT n=13 m=66 tag=rand g6=L}|^vV‾‾z^t‾n^ t=0.3s
TIGHT n=13 m=61 tag=rand g6=LWh^n‾‾mZf‾‾‾x t=0.4s
TIGHT n=13 m=59 tag=rand g6=L]R‾rsln‾vS^‾‾ t=0.1s
TIGHT n=13 m=61 tag=rand g6=LV‾Zl¥v‾x¥‾N‾N t=0.1s
TIGHT n=13 m=69 tag=rand g6=Lunv‾‾|‾VV‾‾‾‾ t=0.1s
TIGHT n=13 m=73 tag=rand g6=Lzz‾‾‾v^v‾‾‾‾‾ t=0.4s
TIGHT n=13 m=72 tag=rand g6=Lf}‾‾v‾‾z|‾‾‾‾ t=0.3s
TIGHT n=13 m=63 tag=rand g6=Ltzfn‾^}‾v¥‾|U t=0.1s
TIGHT n=13 m=63 tag=rand g6=LX‾‾{‾‾u¥t‾t‾¥ t=0.1s
TIGHT n=13 m=66 tag=rand g6=L‾}V‾yv‾‾Z‾Vr‾ t=0.1s
TIGHT n=13 m=60 tag=rand g6=Ljfv‾‾|Pxyr‾m‾ t=0.2s
TIGHT n=13 m=71 tag=rand g6=L‾v‾‾‾‾|‾^Z‾z} t=0.4s
TIGHT n=13 m=71 tag=rand g6=L||vx‾‾x‾‾‾‾‾‾ t=0.5s
TIGHT n=13 m=74 tag=rand g6=L‾‾{‾‾‾‾‾‾r‾‾‾ t=0.1s
TIGHT n=13 m=66 tag=rand g6=Lr‾fn‾‾n‾‾nvvJ t=0.2s
TIGHT n=13 m=64 tag=rand g6=LjDvv‾|‾‾^‾]nv t=0.1s
TIGHT n=13 m=58 tag=rand g6=Lj]vn‾vDvnTmn| t=0.1s
TIGHT n=13 m=64 tag=rand g6=L}n^z‾|{V‾|‾Nm t=0.3s
TIGHT n=13 m=59 tag=rand g6=Ln‾nrv^frYfZvz t=0.1s
TIGHT n=13 m=52 tag=rand g6=L|}bt|zG|l^mH¥ t=0.1s
TIGHT n=13 m=71 tag=rand g6=L‾v|‾‾‾l‾z‾‾v| t=0.1s
TIGHT n=13 m=69 tag=rand g6=L^‾‾Vv}nv‾l‾‾‾ t=0.4s
TIGHT n=13 m=67 tag=rand g6=L‾}xz‾r‾z‾‾u¥‾ t=0.2s
TIGHT n=13 m=65 tag=rand g6=L‾l^v‾zXt^zn‾‾ t=0.3s
TIGHT n=13 m=66 tag=rand g6=Lr}^z‾‾‾n‾z}rx t=0.2s
TIGHT n=13 m=69 tag=rand g6=L‾n‾|‾‾‾vu}v}z t=0.1s
TIGHT n=13 m=60 tag=rand g6=LF|o}‾x‾l‾]n}^ t=0.1s
TIGHT n=13 m=60 tag=rand g6=L|K}|n‾‾{rvvwn t=0.2s
TIGHT n=13 m=67 tag=rand g6=Ln}‾‾|^^‾tf‾‾j t=0.3s
TIGHT n=13 m=54 tag=rand g6=Lvtl_n‾J‾`h|zn t=0.2s
TIGHT n=13 m=62 tag=rand g6=L]Zf‾]n‾‾nxf‾¥ t=0.5s
TIGHT n=13 m=64 tag=rand g6=L‾u‾‾x¥‾}|jZl‾ t=0.2s
TIGHT n=13 m=67 tag=rand g6=L‾‾ZZ‾n‾}p‾j‾‾ t=0.3s
TIGHT n=13 m=66 tag=rand g6=L‾n‾¥zz‾vf‾{z| t=0.1s
TIGHT n=13 m=61 tag=rand g6=L}|jN{‾d|^n|n^ t=0.2s
TIGHT n=13 m=70 tag=rand g6=Lvr‾‾^‾m‾‾‾‾}n t=0.7s
TIGHT n=13 m=67 tag=rand g6=Lv‾}z|zvn‾r‾}^ t=0.3s
TIGHT n=13 m=67 tag=rand g6=LN‾‾¥‾‾‾v{znzz t=0.2s
TIGHT n=13 m=54 tag=rand g6=LjZHqWmvf‾‾Zzz t=0.1s
TIGHT n=13 m=73 tag=rand g6=L‾‾‾‾‾n‾z}‾‾Z‾ t=0.4s
TIGHT n=13 m=64 tag=rand g6=Ln‾¥‾znlfFn}‾‾ t=0.4s
TIGHT n=13 m=51 tag=rand g6=L‾tf}‾L]MQXFvi t=0.2s
TIGHT n=13 m=67 tag=rand g6=L‾‾‾zj‾zlz‾‾H‾ t=0.2s
TIGHT n=13 m=61 tag=rand g6=L|‾^L‾z‾LnVhv| t=0.1s
TIGHT n=13 m=59 tag=rand g6=LX]‾Nu|¥‾l¥n‾x t=0.1s
TIGHT n=13 m=58 tag=rand g6=L^ZN}|^zd‾luvb t=0.1s
TIGHT n=13 m=74 tag=rand g6=L‾‾‾‾‾‾‾‾‾}}|| t=0.2s
TIGHT n=13 m=61 tag=rand g6=L‾{vfv‾M^[‾yz^ t=0.1s
TIGHT n=13 m=68 tag=rand g6=L|}n‾‾}¥‾m‾‾^n t=0.3s
TIGHT n=13 m=65 tag=rand g6=L|‾|}u^znzv^‾l t=0.3s
TIGHT n=13 m=78 tag=rand g6=L‾‾‾‾‾‾‾‾‾‾‾‾‾ t=0.8s
TIGHT n=13 m=50 tag=rand g6=L`kyN|Zs{jfnzq t=0.2s
TIGHT n=13 m=66 tag=rand g6=LY‾‾}n‾|v}z}f‾ t=0.3s
TIGHT n=13 m=67 tag=rand g6=L{|z‾‾t}}‾^‾l‾ t=0.5s
TIGHT n=13 m=65 tag=rand g6=L‾M^nvV‾j‾^N‾‾ t=0.6s
TIGHT n=13 m=64 tag=rand g6=Lv|‾‾‾Mlrl¥^‾‾ t=0.5s
TIGHT n=13 m=64 tag=rand g6=LvLm¥nz‾|v}z‾‾ t=0.5s
TIGHT n=13 m=55 tag=rand g6=LkNJNSH‾‾v}}m‾ t=0.2s
TIGHT n=13 m=58 tag=rand g6=LvyN{v}vz^i|bv t=0.3s
TIGHT n=13 m=63 tag=rand g6=LvZ‾mz|nZ‾]zzz t=0.3s
TIGHT n=13 m=56 tag=rand g6=LZx^|vXW^s|s‾‾ t=0.3s
TIGHT n=13 m=71 tag=rand g6=L‾‾‾‾‾^r‾{|v‾‾ t=0.4s
TIGHT n=13 m=61 tag=rand g6=Lv‾¥njx‾‾Lz}pn t=0.2s
TIGHT n=13 m=59 tag=rand g6=Ln^‾wEzV|^rz‾u t=0.3s
TIGHT n=13 m=70 tag=rand g6=L]‾n}‾‾‾‾‾fV‾‾ t=0.8s
TIGHT n=13 m=51 tag=rand g6=LzNy_mj‾‾LffXT t=0.2s
TIGHT n=13 m=71 tag=rand g6=L}‾‾‾V‾‾‾‾}^t‾ t=0.5s
TIGHT n=13 m=63 tag=rand g6=L||‾^Fd‾‾{n}n| t=0.3s
TIGHT n=13 m=64 tag=rand g6=L‾‾‾‾Rjz}N]vv^ t=0.4s
TIGHT n=13 m=60 tag=rand g6=Lsvn‾^Vinr‾‾i^ t=0.3s
TIGHT n=13 m=64 tag=rand g6=L‾‾‾^zzl|j|n}d t=0.3s
TIGHT n=13 m=59 tag=rand g6=LzV|xtkvn‾rVf‾ t=0.3s
TIGHT n=13 m=63 tag=rand g6=L^‾jZ^d‾‾r}zN‾ t=0.3s
TIGHT n=13 m=65 tag=rand g6=Lqrz‾}N‾^‾‾|‾u t=0.6s
TIGHT n=13 m=60 tag=rand g6=L‾^z|PnLn]‾‾yf t=0.2s
TIGHT n=13 m=62 tag=rand g6=Ln}‾‾TUzv{m‾N‾ t=0.3s
TIGHT n=13 m=63 tag=rand g6=L]^‾^}vnu}^ln| t=0.3s
TIGHT n=13 m=71 tag=rand g6=Le‾|^|^‾‾‾‾‾‾‾ t=0.3s
TIGHT n=13 m=71 tag=rand g6=LnzuZv‾‾‾‾‾‾‾‾ t=0.7s
TIGHT n=13 m=57 tag=rand g6=Le‾Ln‾Vu‾}¥JZZ t=0.3s
TIGHT n=13 m=66 tag=rand g6=L^‾‾fol‾‾‾}‾z} t=0.3s
TIGHT n=13 m=70 tag=rand g6=Lzv‾}^‾‾‾‾}z^v t=0.8s
TIGHT n=13 m=59 tag=rand g6=Lyvyzw‾‾p}m‾vX t=0.3s
TIGHT n=13 m=68 tag=rand g6=Ln‾^‾z‾^‾v¥vz^ t=0.4s
TIGHT n=13 m=67 tag=rand g6=Ls^‾xn}‾t‾^‾‾‾ t=0.6s
TIGHT n=13 m=63 tag=rand g6=Le‾‾‾V¥‾^‾Nnm¥ t=0.3s
TIGHT n=13 m=70 tag=rand g6=L‾‾|‾‾‾vxzJ‾‾‾ t=0.7s
TIGHT n=13 m=66 tag=rand g6=L‾z‾I‾‾‾]}nn‾r t=0.6s
TIGHT n=13 m=66 tag=rand g6=L‾x‾vlnj‾‾vnzn t=0.4s
TIGHT n=13 m=56 tag=rand g6=L‾r}}v]zfJyXr{ t=0.3s
TIGHT n=13 m=54 tag=rand g6=Lmrd^‾UI‾‾fvIu t=0.2s
TIGHT n=13 m=61 tag=rand g6=LTQ}‾‾|{vny‾‾x t=0.2s
TIGHT n=13 m=68 tag=rand g6=Lv{{‾‾}‾f‾‾‾N‾ t=0.6s
TIGHT n=13 m=68 tag=rand g6=L‾‾‾]‾‾y^|z[‾‾ t=0.3s
TIGHT n=13 m=64 tag=rand g6=L¥z]zrv‾m‾^‾vv t=0.3s
TIGHT n=13 m=57 tag=rand g6=L‾ZnfvV‾zfzO{r t=0.2s
TIGHT n=13 m=64 tag=rand g6=Lv^z‾zuu|z‾V‾N t=0.3s
TIGHT n=13 m=67 tag=rand g6=L‾‾p‾|||vy‾‾m‾ t=0.5s
TIGHT n=13 m=64 tag=rand g6=Li||‾v‾‾‾wv‾^s t=0.3s
TIGHT n=13 m=67 tag=rand g6=L‾‾^‾|nzztzv‾x t=0.7s
TIGHT n=13 m=71 tag=rand g6=L‾‾‾^‾f^^‾m‾‾‾ t=0.5s
TIGHT n=13 m=67 tag=rand g6=Ln‾‾‾‾‾zjnqvj‾ t=0.7s
TIGHT n=13 m=66 tag=rand g6=L|}n}‾‾}mv}||z t=0.3s
TIGHT n=13 m=70 tag=rand g6=L|n‾{‾‾‾‾‾{‾f‾ t=0.6s
TIGHT n=13 m=68 tag=rand g6=Lv]‾‾‾‾|wv‾‾nz t=0.8s
TIGHT n=13 m=66 tag=rand g6=L‾‾zz}|‾‾vVz}b t=0.3s
TIGHT n=13 m=58 tag=rand g6=LrZNvJ‾^ZtUl‾‾ t=0.5s
TIGHT n=13 m=60 tag=rand g6=L^um^n‾|Zr‾{{j t=0.2s
TIGHT n=13 m=70 tag=rand g6=Lz‾vZ‾‾}n‾‾‾|^ t=0.7s
TIGHT n=13 m=60 tag=rand g6=LnrZ‾|r|yM‾l|| t=0.4s
TIGHT n=13 m=60 tag=rand g6=L‾z}{Ev}N‾k|Z‾ t=0.2s
TIGHT n=13 m=61 tag=rand g6=LY‾vv|‾V|j{‾xt t=0.3s
TIGHT n=13 m=57 tag=rand g6=L‾R‾‾gx‾xfbzhv t=0.5s
TIGHT n=13 m=73 tag=rand g6=Ln‾‾‾‾¥‾zz‾‾‾‾ t=0.3s
TIGHT n=13 m=63 tag=rand g6=L‾‾BnyM}|z‾‾^z t=0.3s
TIGHT n=13 m=65 tag=rand g6=Lv^M^}‾{yu‾‾‾‾ t=0.5s
TIGHT n=13 m=68 tag=rand g6=Lf‾‾‾‾‾|||}t^} t=0.7s
TIGHT n=13 m=66 tag=rand g6=Lv‾r‾vv‾R‾‾uf‾ t=0.4s
TIGHT n=13 m=71 tag=rand g6=Ly^‾}z‾‾‾j‾‾‾‾ t=0.4s
TIGHT n=13 m=70 tag=rand g6=L}‾n‾nv‾‾uzv‾‾ t=0.3s
TIGHT n=13 m=60 tag=rand g6=LV^ul‾vvmv}}lt t=0.2s
TIGHT n=13 m=64 tag=rand g6=Lv‾nQ||vmz‾‾nn t=0.3s
TIGHT n=13 m=70 tag=rand g6=L‾z‾z}n‾znvv‾‾ t=0.3s
TIGHT n=13 m=73 tag=rand g6=L‾‾‾‾‾}‾V‾‾‾‾N t=0.4s
TIGHT n=13 m=64 tag=rand g6=Lf|}‾Rv`‾‾‾‾‾f t=0.1s
TIGHT n=13 m=52 tag=rand g6=LmRlfr‾R‾ZLFnk t=0.3s
TIGHT n=13 m=51 tag=rand g6=L|‾NO]N^N]jENx t=0.3s
TIGHT n=13 m=74 tag=rand g6=L‾‾‾|n‾‾‾‾‾‾l‾ t=0.7s
TIGHT n=13 m=58 tag=rand g6=L}‾z}‾mxN}Cvnq t=0.5s
TIGHT n=13 m=63 tag=rand g6=LVn‾‾‾rUlznv^^ t=0.3s
TIGHT n=13 m=59 tag=rand g6=Lun‾‾Y}rVyyfj‾ t=0.3s
TIGHT n=13 m=59 tag=rand g6=L|x|v|‾uofVz^v t=0.3s
TIGHT n=13 m=59 tag=rand g6=LRxjyr}^f‾‾¥x‾ t=0.3s
TIGHT n=13 m=67 tag=rand g6=L‾‾‾jl‾{vz^‾{‾ t=0.7s
TIGHT n=13 m=58 tag=rand g6=Lfy]UU|^‾¥q|‾‾ t=0.5s
TIGHT n=13 m=68 tag=rand g6=Lx‾]n‾r^|‾^‾‾‾ t=0.3s
TIGHT n=13 m=66 tag=rand g6=L^}yy‾‾‾‾tm‾|n t=0.5s
TIGHT n=13 m=68 tag=rand g6=L‾}n‾‾vk‾]‾¥‾‾ t=0.5s
TIGHT n=13 m=63 tag=rand g6=L}um}z‾‾vy^‾l¥ t=0.3s
TIGHT n=13 m=57 tag=rand g6=LVm‾Fv}¥zs‾‾PN t=0.3s
TIGHT n=13 m=63 tag=rand g6=Lq‾}u‾‾{l‾U‾N‾ t=0.5s
TIGHT n=13 m=70 tag=rand g6=L‾n‾‾nn‾‾‾tz‾m t=0.5s
