TIGHT n=13 m=75 tag=Kn-cyc(3,) g6=LF~~~~~~~~~~~~ t=0.6s
TIGHT n=13 m=72 tag=Kn-cyc(3, 3) g6=LFzf~~~~~~~~~~ t=0.4s
TIGHT n=13 m=69 tag=Kn-cyc(3, 3, 3) g6=LFzf~z{~~~~~~~ t=0.4s
TIGHT n=13 m=66 tag=Kn-cyc(3, 3, 3, 3) g6=LFzf~z{~~~^{~~ t=0.1s
TIGHT n=13 m=68 tag=Kn-cyc(3, 3, 4) g6=LFzf~z}~V~~~~~ t=0.2s
TIGHT n=13 m=67 tag=Kn-cyc(3, 3, 5) g6=LFzf~z}~vz^~~~ t=0.3s
TIGHT n=13 m=66 tag=Kn-cyc(3, 3, 6) g6=LFzf~z}~v~^m~~ t=0.2s
TIGHT n=13 m=71 tag=Kn-cyc(3, 4) g6=LFzvV~~~~~~~~~ t=0.6s
TIGHT n=13 m=67 tag=Kn-cyc(3, 4, 4) g6=LFzvV~}~v|^~~~ t=0.2s
TIGHT n=13 m=66 tag=Kn-cyc(3, 4, 5) g6=LFzvV~}~v~^u~~ t=0.1s
TIGHT n=13 m=70 tag=Kn-cyc(3, 5) g6=LFzvvZ~~~~~~~~ t=0.4s
TIGHT n=13 m=69 tag=Kn-cyc(3, 6) g6=LFzvvzm~~~~~~~ t=0.2s
TIGHT n=13 m=68 tag=Kn-cyc(3, 7) g6=LFzvvz}zv~~~~~ t=0.4s
TIGHT n=13 m=67 tag=Kn-cyc(3, 8) g6=LFzvvz}~v^^~~~ t=0.4s
TIGHT n=13 m=66 tag=Kn-cyc(3, 9) g6=LFzvvz}~v~\}~~ t=0.1s
TIGHT n=13 m=74 tag=Kn-cyc(4,) g6=LQ~~~~~~~~~~~~ t=1.0s
TIGHT n=13 m=70 tag=Kn-cyc(4, 4) g6=LQ~vvj~~~~~~~~ t=0.2s
TIGHT n=13 m=66 tag=Kn-cyc(4, 4, 4) g6=LQ~vvj~~v~^y~~ t=0.2s
TIGHT n=13 m=69 tag=Kn-cyc(4, 5) g6=LQ~vvzu~~~~~~~ t=0.3s
TIGHT n=13 m=68 tag=Kn-cyc(4, 6) g6=LQ~vvz}|v~~~~~ t=0.2s
TIGHT n=13 m=67 tag=Kn-cyc(4, 7) g6=LQ~vvz}~vn^~~~ t=0.1s
TIGHT n=13 m=66 tag=Kn-cyc(4, 8) g6=LQ~vvz}~v~]}~~ t=0.1s
TIGHT n=13 m=73 tag=Kn-cyc(5,) g6=LUZ~~~~~~~~~~~ t=0.2s
TIGHT n=13 m=68 tag=Kn-cyc(5, 5) g6=LUZ~vz}}v~~~~~ t=0.2s
TIGHT n=13 m=67 tag=Kn-cyc(5, 6) g6=LUZ~vz}~vv^~~~ t=0.1s
TIGHT n=13 m=66 tag=Kn-cyc(5, 7) g6=LUZ~vz}~v~^]~~ t=0.1s
TIGHT n=13 m=72 tag=Kn-cyc(6,) g6=LUxv~~~~~~~~~~ t=0.1s
TIGHT n=13 m=66 tag=Kn-cyc(6, 6) g6=LUxv~z}~v~^m~~ t=0.1s
TIGHT n=13 m=71 tag=Kn-cyc(7,) g6=LUzrv~~~~~~~~~ t=0.3s
TIGHT n=13 m=70 tag=Kn-cyc(8,) g6=LUzvrz~~~~~~~~ t=0.2s
TIGHT n=13 m=69 tag=Kn-cyc(9,) g6=LUzvvx}~~~~~~~ t=0.3s
TIGHT n=13 m=68 tag=Kn-cyc(10,) g6=LUzvvz}^v~~~~~ t=0.3s
TIGHT n=13 m=67 tag=Kn-cyc(11,) g6=LUzvvz}~r~^~~~ t=0.1s
TIGHT n=13 m=66 tag=Kn-cyc(12,) g6=LUzvvz}~v~N}~~ t=0.1s
SUMMARY n=13 mode=dense {'OK': 10, 'TIGHT': 34, 'CE': 0} time=17s
TIGHT n=13 m=75 tag=Kn-cyc(3,) g6=LF~~~~~~~~~~~~ t=0.4s
TIGHT n=13 m=72 tag=Kn-cyc(3, 3) g6=LFzf~~~~~~~~~~ t=0.2s
TIGHT n=13 m=69 tag=Kn-cyc(3, 3, 3) g6=LFzf~z{~~~~~~~ t=0.2s
TIGHT n=13 m=66 tag=Kn-cyc(3, 3, 3, 3) g6=LFzf~z{~~~^{~~ t=0.1s
TIGHT n=13 m=68 tag=Kn-cyc(3, 3, 4) g6=LFzf~z}~V~~~~~ t=0.1s
TIGHT n=13 m=67 tag=Kn-cyc(3, 3, 5) g6=LFzf~z}~vz^~~~ t=0.2s
TIGHT n=13 m=66 tag=Kn-cyc(3, 3, 6) g6=LFzf~z}~v~^m~~ t=0.1s
TIGHT n=13 m=71 tag=Kn-cyc(3, 4) g6=LFzvV~~~~~~~~~ t=0.4s
TIGHT n=13 m=67 tag=Kn-cyc(3, 4, 4) g6=LFzvV~}~v|^~~~ t=0.1s
TIGHT n=13 m=66 tag=Kn-cyc(3, 4, 5) g6=LFzvV~}~v~^u~~ t=0.1s
TIGHT n=13 m=70 tag=Kn-cyc(3, 5) g6=LFzvvZ~~~~~~~~ t=0.2s
TIGHT n=13 m=69 tag=Kn-cyc(3, 6) g6=LFzvvzm~~~~~~~ t=0.1s
TIGHT n=13 m=68 tag=Kn-cyc(3, 7) g6=LFzvvz}zv~~~~~ t=0.2s
TIGHT n=13 m=67 tag=Kn-cyc(3, 8) g6=LFzvvz}~v^^~~~ t=0.3s
TIGHT n=13 m=66 tag=Kn-cyc(3, 9) g6=LFzvvz}~v~\}~~ t=0.1s
TIGHT n=13 m=74 tag=Kn-cyc(4,) g6=LQ~~~~~~~~~~~~ t=1.0s
TIGHT n=13 m=70 tag=Kn-cyc(4, 4) g6=LQ~vvj~~~~~~~~ t=0.2s
TIGHT n=13 m=66 tag=Kn-cyc(4, 4, 4) g6=LQ~vvj~~v~^y~~ t=0.2s
TIGHT n=13 m=69 tag=Kn-cyc(4, 5) g6=LQ~vvzu~~~~~~~ t=0.4s
TIGHT n=13 m=68 tag=Kn-cyc(4, 6) g6=LQ~vvz}|v~~~~~ t=0.5s
TIGHT n=13 m=67 tag=Kn-cyc(4, 7) g6=LQ~vvz}~vn^~~~ t=0.2s
TIGHT n=13 m=66 tag=Kn-cyc(4, 8) g6=LQ~vvz}~v~]}~~ t=0.1s
TIGHT n=13 m=73 tag=Kn-cyc(5,) g6=LUZ~~~~~~~~~~~ t=0.5s
TIGHT n=13 m=68 tag=Kn-cyc(5, 5) g6=LUZ~vz}}v~~~~~ t=0.4s
TIGHT n=13 m=67 tag=Kn-cyc(5, 6) g6=LUZ~vz}~vv^~~~ t=0.2s
TIGHT n=13 m=66 tag=Kn-cyc(5, 7) g6=LUZ~vz}~v~^]~~ t=0.2s
TIGHT n=13 m=72 tag=Kn-cyc(6,) g6=LUxv~~~~~~~~~~ t=0.2s
TIGHT n=13 m=66 tag=Kn-cyc(6, 6) g6=LUxv~z}~v~^m~~ t=0.2s
TIGHT n=13 m=71 tag=Kn-cyc(7,) g6=LUzrv~~~~~~~~~ t=0.7s
TIGHT n=13 m=70 tag=Kn-cyc(8,) g6=LUzvrz~~~~~~~~ t=0.1s
TIGHT n=13 m=69 tag=Kn-cyc(9,) g6=LUzvvx}~~~~~~~ t=0.3s
TIGHT n=13 m=68 tag=Kn-cyc(10,) g6=LUzvvz}^v~~~~~ t=0.2s
TIGHT n=13 m=67 tag=Kn-cyc(11,) g6=LUzvvz}~r~^~~~ t=0.2s
TIGHT n=13 m=66 tag=Kn-cyc(12,) g6=LUzvvz}~v~N}~~ t=0.1s
TIGHT n=13 m=78 tag=Kn-evenH0 g6=L~~~~~~~~~~~~~ t=0.4s
TIGHT n=13 m=75 tag=Kn-evenH1 g6=L~~~~~~~~~n~^} t=0.3s
TIGHT n=13 m=74 tag=Kn-evenH2 g6=L~~~~~~~~~f~N~ t=0.4s
TIGHT n=13 m=71 tag=Kn-evenH3 g6=L~~~~~~~~~b~F} t=0.9s
TIGHT n=13 m=70 tag=Kn-evenH4 g6=L~~~~~~~~~`~B~ t=0.2s
TIGHT n=13 m=72 tag=Kn-evenH5 g6=L~~~~~~~z~v~N{ t=0.3s
TIGHT n=13 m=73 tag=Kn-evenH6 g6=L~~~~~~~z~f~n| t=0.3s
TIGHT n=13 m=71 tag=Kn-evenH7 g6=L~~~~~~~z~r~F| t=0.3s
TIGHT n=13 m=70 tag=Kn-evenH8 g6=L~~~~~~~z~b~f{ t=0.8s
TIGHT n=13 m=69 tag=Kn-evenH9 g6=L~~~~~~~z~`~b| t=0.4s
TIGHT n=13 m=72 tag=Kn-evenH10 g6=L~~~~~~~x~j~f~ t=0.4s
TIGHT n=13 m=70 tag=Kn-evenH11 g6=L~~~~~~~x~x~B~ t=0.5s
TIGHT n=13 m=69 tag=Kn-evenH12 g6=L~~~~~~~x~h~b} t=0.4s
TIGHT n=13 m=69 tag=Kn-evenH13 g6=L~~~~~~~x~j}f{ t=0.3s
TIGHT n=13 m=68 tag=Kn-evenH14 g6=L~~~~~~~x~g~`~ t=0.3s
TIGHT n=13 m=68 tag=Kn-evenH15 g6=L~~~~~~~w~d~r{ t=0.3s
TIGHT n=13 m=67 tag=Kn-evenH16 g6=L~~~~~~~w~c~p| t=0.2s
TIGHT n=13 m=66 tag=Kn-evenH17 g6=L~~~~~~~w^e^o~ t=0.3s
TIGHT n=13 m=70 tag=Kn-evenH18 g6=L~~~~~~^|~j~fx t=0.2s
TIGHT n=13 m=72 tag=Kn-evenH19 g6=L~~~~~~^|~n|n| t=0.4s
TIGHT n=13 m=69 tag=Kn-evenH20 g6=L~~~~~~^|~b~vw t=0.4s
TIGHT n=13 m=69 tag=Kn-evenH21 g6=L~~~~~~^|~j|f{ t=0.3s
TIGHT n=13 m=68 tag=Kn-evenH22 g6=L~~~~~~^|~`~rx t=0.4s
TIGHT n=13 m=68 tag=Kn-evenH23 g6=L~~~~~~^|~h|b| t=0.3s
TIGHT n=13 m=71 tag=Kn-evenH24 g6=L~~~~~~^x~r~vz t=0.4s
TIGHT n=13 m=69 tag=Kn-evenH25 g6=L~~~~~~^x~x~bz t=0.4s
TIGHT n=13 m=68 tag=Kn-evenH26 g6=L~~~~~~^x~p~ry t=0.2s
TIGHT n=13 m=68 tag=Kn-evenH27 g6=L~~~~~~^x~f}^w t=0.4s
TIGHT n=13 m=67 tag=Kn-evenH28 g6=L~~~~~~^x~o~pz t=0.3s
TIGHT n=13 m=69 tag=Kn-evenH29 g6=L~~~~~~^{~t~Rz t=0.2s
TIGHT n=13 m=68 tag=Kn-evenH30 g6=L~~~~~~^{~d~ry t=0.2s
TIGHT n=13 m=68 tag=Kn-evenH31 g6=L~~~~~~^{~p~Zy t=0.2s
TIGHT n=13 m=68 tag=Kn-evenH32 g6=L~~~~~~^{~f}vw t=0.3s
TIGHT n=13 m=68 tag=Kn-evenH33 g6=L~~~~~~^{~r}^w t=0.1s
TIGHT n=13 m=67 tag=Kn-evenH34 g6=L~~~~~~^{~c~pz t=0.3s
TIGHT n=13 m=67 tag=Kn-evenH35 g6=L~~~~~~^{~o~Xz t=0.3s
TIGHT n=13 m=71 tag=Kn-evenH36 g6=L~~~~~~^z~R~f~ t=0.3s
TIGHT n=13 m=68 tag=Kn-evenH37 g6=L~~~~~~^z~P~b} t=0.3s
TIGHT n=13 m=68 tag=Kn-evenH38 g6=L~~~~~~^z~N{^w t=0.3s
TIGHT n=13 m=67 tag=Kn-evenH39 g6=L~~~~~~^z~O~`~ t=0.3s
TIGHT n=13 m=67 tag=Kn-evenH40 g6=L~~~~~~^w~b~^w t=0.3s
TIGHT n=13 m=67 tag=Kn-evenH41 g6=L~~~~~~^w~t|r{ t=0.3s
TIGHT n=13 m=66 tag=Kn-evenH42 g6=L~~~~~~^w~o~xx t=0.2s
TIGHT n=13 m=67 tag=Kn-evenH43 g6=L~~~~~~^{^b~zw t=0.1s
TIGHT n=13 m=67 tag=Kn-evenH44 g6=L~~~~~~^{^p~^w t=0.3s
TIGHT n=13 m=67 tag=Kn-evenH45 g6=L~~~~~~^{^f|r{ t=1.1s
TIGHT n=13 m=66 tag=Kn-evenH46 g6=L~~~~~~^{^a~xx t=0.4s
TIGHT n=13 m=66 tag=Kn-evenH47 g6=L~~~~~~^{^o~\x t=0.2s
TIGHT n=13 m=66 tag=Kn-evenH48 g6=L~~~~~~^{^e|p| t=0.2s
TIGHT n=13 m=67 tag=Kn-evenH49 g6=L~~~~~~^x~B~V{ t=0.6s
TIGHT n=13 m=67 tag=Kn-evenH50 g6=L~~~~~~^x~F|^w t=0.1s
TIGHT n=13 m=65 tag=Kn-evenH51 g6=L~~~~~~^{Nb^wz t=0.2s
TIGHT n=13 m=65 tag=Kn-evenH52 g6=L~~~~~~^{Np^[z t=0.5s
TIGHT n=13 m=70 tag=Kn-evenH53 g6=L~~~~~~Nx~x~r~ t=0.6s
TIGHT n=13 m=67 tag=Kn-evenH54 g6=L~~~~~~Nx~w~p} t=0.5s
TIGHT n=13 m=66 tag=Kn-evenH55 g6=L~~~~~~Nx~`~B~ t=0.7s
TIGHT n=13 m=66 tag=Kn-evenH56 g6=L~~~~~~Nx~w^o~ t=0.5s
TIGHT n=13 m=66 tag=Kn-evenH57 g6=L~~~~~~Nx~f{Nx t=0.7s
TIGHT n=13 m=70 tag=Kn-evenH58 g6=L~~~~~~Ny~t~r~ t=0.5s
TIGHT n=13 m=68 tag=Kn-evenH59 g6=L~~~~~~Ny~{~`~ t=0.4s
TIGHT n=13 m=67 tag=Kn-evenH60 g6=L~~~~~~Ny~s~p} t=0.5s
TIGHT n=13 m=66 tag=Kn-evenH61 g6=L~~~~~~Ny~s^o~ t=0.7s
TIGHT n=13 m=66 tag=Kn-evenH62 g6=L~~~~~~Ny~t{rx t=0.4s
TIGHT n=13 m=67 tag=Kn-evenH63 g6=L~~~~~~N}^e~p} t=0.4s
TIGHT n=13 m=67 tag=Kn-evenH64 g6=L~~~~~~N}^i~h} t=0.6s
TIGHT n=13 m=67 tag=Kn-evenH65 g6=L~~~~~~N}^f|ry t=0.6s
TIGHT n=13 m=67 tag=Kn-evenH66 g6=L~~~~~~N}^j|jy t=0.5s
TIGHT n=13 m=66 tag=Kn-evenH67 g6=L~~~~~~N}^e^o~ t=0.2s
TIGHT n=13 m=66 tag=Kn-evenH68 g6=L~~~~~~N}^i^g~ t=0.6s
TIGHT n=13 m=66 tag=Kn-evenH69 g6=L~~~~~~N}^f{rx t=0.8s
TIGHT n=13 m=66 tag=Kn-evenH70 g6=L~~~~~~N}^j{jx t=0.6s
TIGHT n=13 m=66 tag=Kn-evenH71 g6=L~~~~~~Nw~b~N{ t=0.2s
TIGHT n=13 m=65 tag=Kn-evenH72 g6=L~~~~~~Nw~`~J| t=0.6s
TIGHT n=13 m=65 tag=Kn-evenH73 g6=L~~~~~~Nw~w|xx t=0.2s
TIGHT n=13 m=66 tag=Kn-evenH74 g6=L~~~~~~Ny^h~N{ t=0.6s
TIGHT n=13 m=66 tag=Kn-evenH75 g6=L~~~~~~Ny^q~x{ t=0.6s
TIGHT n=13 m=65 tag=Kn-evenH76 g6=L~~~~~~Ny^w^k| t=0.7s
TIGHT n=13 m=65 tag=Kn-evenH77 g6=L~~~~~~Ny^q|xx t=0.4s
TIGHT n=13 m=65 tag=Kn-evenH78 g6=L~~~~~~Ny^w|lx t=0.4s
TIGHT n=13 m=66 tag=Kn-evenH79 g6=L~~~~~~N}Nb~x{ t=0.6s
TIGHT n=13 m=66 tag=Kn-evenH80 g6=L~~~~~~N}Nh~l{ t=0.5s
TIGHT n=13 m=66 tag=Kn-evenH81 g6=L~~~~~~N}Nw~N{ t=0.5s
TIGHT n=13 m=65 tag=Kn-evenH82 g6=L~~~~~~N}Nb^w| t=0.6s
TIGHT n=13 m=65 tag=Kn-evenH83 g6=L~~~~~~N}Nh^k| t=0.5s
TIGHT n=13 m=65 tag=Kn-evenH84 g6=L~~~~~~N}Nw^M| t=0.2s
TIGHT n=13 m=65 tag=Kn-evenH85 g6=L~~~~~~N}Nb|xx t=0.6s
TIGHT n=13 m=65 tag=Kn-evenH86 g6=L~~~~~~N}Nh|lx t=0.4s
TIGHT n=13 m=65 tag=Kn-evenH87 g6=L~~~~~~N}Nw|Nx t=0.7s
TIGHT n=13 m=66 tag=Kn-evenH88 g6=L~~~~~~Ny~B~^w t=0.4s
TIGHT n=13 m=66 tag=Kn-evenH89 g6=L~~~~~~Ny~P~zw t=0.5s
TIGHT n=13 m=75 tag=Kn-cyc(3,) g6=LF~~~~~~~~~~~~ t=0.6s
TIGHT n=13 m=66 tag=Kn-evenH90 g6=L~~~~~~N}^B~zw t=0.6s
TIGHT n=13 m=72 tag=Kn-cyc(3, 3) g6=LFzf~~~~~~~~~~ t=0.4s
TIGHT n=13 m=65 tag=Kn-evenH91 g6=L~~~~~~N}^A~xx t=0.5s
TIGHT n=13 m=69 tag=Kn-cyc(3, 3, 3) g6=LFzf~z{~~~~~~~ t=0.4s
TIGHT n=13 m=66 tag=Kn-cyc(3, 3, 3, 3) g6=LFzf~z{~~~^{~~ t=0.1s
TIGHT n=13 m=64 tag=Kn-evenH92 g6=L~~~~~~N}Fhnk^ t=0.5s
TIGHT n=13 m=68 tag=Kn-cyc(3, 3, 4) g6=LFzf~z}~V~~~~~ t=0.2s
TIGHT n=13 m=64 tag=Kn-evenH93 g6=L~~~~~~N}FwnM^ t=0.2s
TIGHT n=13 m=67 tag=Kn-cyc(3, 3, 5) g6=LFzf~z}~vz^~~~ t=0.4s
TIGHT n=13 m=65 tag=Kn-evenH94 g6=L~~~~~~Fx^h~^w t=0.2s
TIGHT n=13 m=66 tag=Kn-cyc(3, 3, 6) g6=LFzf~z}~v~^m~~ t=0.2s
TIGHT n=13 m=64 tag=Kn-evenH95 g6=L~~~~~~Fx^`~Nx t=0.7s
TIGHT n=13 m=71 tag=Kn-cyc(3, 4) g6=LFzvV~~~~~~~~~ t=0.6s
TIGHT n=13 m=67 tag=Kn-cyc(3, 4, 4) g6=LFzvV~}~v|^~~~ t=0.2s
TIGHT n=13 m=66 tag=Kn-cyc(3, 4, 5) g6=LFzvV~}~v~^u~~ t=0.2s
TIGHT n=13 m=64 tag=Kn-evenH96 g6=L~~~~~~Fx^w^{x t=0.6s
TIGHT n=13 m=65 tag=Kn-evenH97 g6=L~~~~~~FzNp~|w t=0.1s
TIGHT n=13 m=64 tag=Kn-evenH98 g6=L~~~~~~FzNp^{x t=0.4s
TIGHT n=13 m=70 tag=Kn-cyc(3, 5) g6=LFzvvZ~~~~~~~~ t=0.5s
TIGHT n=13 m=64 tag=Kn-evenH99 g6=L~~~~~~FzNt\s| t=0.3s
TIGHT n=13 m=69 tag=Kn-cyc(3, 6) g6=LFzvvzm~~~~~~~ t=0.2s
TIGHT n=13 m=64 tag=Kn-evenH100 g6=L~~~~~~FzN{\e| t=0.2s
TIGHT n=13 m=68 tag=Kn-cyc(3, 7) g6=LFzvvz}zv~~~~~ t=0.4s
TIGHT n=13 m=67 tag=Kn-cyc(3, 8) g6=LFzvvz}~v^^~~~ t=0.4s
TIGHT n=13 m=64 tag=Kn-evenH101 g6=L~~~~~~F~F`~{x t=0.5s
TIGHT n=13 m=66 tag=Kn-cyc(3, 9) g6=LFzvvz}~v~\}~~ t=0.2s
TIGHT n=13 m=64 tag=Kn-evenH102 g6=L~~~~~~F~Fc~ux t=0.3s
TIGHT n=13 m=64 tag=Kn-evenH103 g6=L~~~~~~F~Fb|w| t=0.4s
TIGHT n=13 m=74 tag=Kn-cyc(4,) g6=LQ~~~~~~~~~~~~ t=1.0s
TIGHT n=13 m=64 tag=Kn-evenH104 g6=L~~~~~~F~Fd|s| t=0.5s
TIGHT n=13 m=70 tag=Kn-cyc(4, 4) g6=LQ~vvj~~~~~~~~ t=0.2s
TIGHT n=13 m=66 tag=Kn-cyc(4, 4, 4) g6=LQ~vvj~~v~^y~~ t=0.2s
TIGHT n=13 m=64 tag=Kn-evenH105 g6=L~~~~~~F~Fk|e| t=0.5s
TIGHT n=13 m=64 tag=Kn-evenH106 g6=L~~~~~~F~F{\F| t=0.2s
TIGHT n=13 m=69 tag=Kn-cyc(4, 5) g6=LQ~vvzu~~~~~~~ t=0.4s
TIGHT n=13 m=69 tag=Kn-evenH107 g6=L~~~~|~n}~nzfx t=0.7s
TIGHT n=13 m=68 tag=Kn-cyc(4, 6) g6=LQ~vvz}|v~~~~~ t=0.5s
TIGHT n=13 m=67 tag=Kn-cyc(4, 7) g6=LQ~vvz}~vn^~~~ t=0.2s
TIGHT n=13 m=68 tag=Kn-evenH108 g6=L~~~~|~n}~b~~o t=0.4s
TIGHT n=13 m=66 tag=Kn-cyc(4, 8) g6=LQ~vvz}~v~]}~~ t=0.1s
TIGHT n=13 m=68 tag=Kn-evenH109 g6=L~~~~|~n}~fzvw t=0.5s
TIGHT n=13 m=73 tag=Kn-cyc(5,) g6=LUZ~~~~~~~~~~~ t=0.5s
TIGHT n=13 m=67 tag=Kn-evenH110 g6=L~~~~|~n}~`~zp t=0.6s
TIGHT n=13 m=68 tag=Kn-cyc(5, 5) g6=LUZ~vz}}v~~~~~ t=0.4s
TIGHT n=13 m=67 tag=Kn-cyc(5, 6) g6=LUZ~vz}~vv^~~~ t=0.2s
TIGHT n=13 m=67 tag=Kn-evenH111 g6=L~~~~|~n}~dzrx t=0.4s
TIGHT n=13 m=66 tag=Kn-cyc(5, 7) g6=LUZ~vz}~v~^]~~ t=0.2s
TIGHT n=13 m=72 tag=Kn-cyc(6,) g6=LUxv~~~~~~~~~~ t=0.2s
TIGHT n=13 m=68 tag=Kn-evenH112 g6=L~~~~|~ny~t~rr t=0.6s
TIGHT n=13 m=66 tag=Kn-cyc(6, 6) g6=LUxv~z}~v~^m~~ t=0.2s
TIGHT n=13 m=68 tag=Kn-evenH113 g6=L~~~~|~ny~x~jr t=0.2s
TIGHT n=13 m=67 tag=Kn-evenH114 g6=L~~~~|~ny~p~zq t=0.4s
TIGHT n=13 m=71 tag=Kn-cyc(7,) g6=LUzrv~~~~~~~~~ t=0.7s
TIGHT n=13 m=70 tag=Kn-cyc(8,) g6=LUzvrz~~~~~~~~ t=0.3s
TIGHT n=13 m=67 tag=Kn-evenH115 g6=L~~~~|~ny~fzVy t=0.5s
TIGHT n=13 m=69 tag=Kn-cyc(9,) g6=LUzvvx}~~~~~~~ t=0.6s
TIGHT n=13 m=67 tag=Kn-evenH116 g6=L~~~~|~ny~jzNy t=0.5s
TIGHT n=13 m=68 tag=Kn-cyc(10,) g6=LUzvvz}^v~~~~~ t=0.4s
TIGHT n=13 m=67 tag=Kn-cyc(11,) g6=LUzvvz}~r~^~~~ t=0.2s
TIGHT n=13 m=66 tag=Kn-cyc(12,) g6=LUzvvz}~v~N}~~ t=0.2s
TIGHT n=13 m=67 tag=Kn-evenH117 g6=L~~~~|~ny~xzjy t=0.6s
TIGHT n=13 m=66 tag=Kn-evenH118 g6=L~~~~|~ny~o~xr t=0.4s
TIGHT n=13 m=78 tag=Kn-evenH0 g6=L~~~~~~~~~~~~~ t=0.6s
TIGHT n=13 m=66 tag=Kn-evenH119 g6=L~~~~|~ny~wzhz t=0.5s
TIGHT n=13 m=75 tag=Kn-evenH1 g6=L~~~~~~~~~n~^} t=0.6s
TIGHT n=13 m=68 tag=Kn-evenH120 g6=L~~~~|~n}^x~Nr t=0.7s
TIGHT n=13 m=74 tag=Kn-evenH2 g6=L~~~~~~~~~f~N~ t=0.8s
TIGHT n=13 m=67 tag=Kn-evenH121 g6=L~~~~|~n}^b~zq t=0.5s
TIGHT n=13 m=67 tag=Kn-evenH122 g6=L~~~~|~n}^h~nq t=0.5s
TIGHT n=13 m=71 tag=Kn-evenH3 g6=L~~~~~~~~~b~F} t=1.6s
TIGHT n=13 m=67 tag=Kn-evenH123 g6=L~~~~|~n}^jzjy t=0.6s
TIGHT n=13 m=70 tag=Kn-evenH4 g6=L~~~~~~~~~`~B~ t=0.4s
TIGHT n=13 m=72 tag=Kn-evenH5 g6=L~~~~~~~z~v~N{ t=0.4s
TIGHT n=13 m=66 tag=Kn-evenH124 g6=L~~~~|~n}^a~xr t=0.6s
TIGHT n=13 m=73 tag=Kn-evenH6 g6=L~~~~~~~z~f~n| t=0.7s
TIGHT n=13 m=66 tag=Kn-evenH125 g6=L~~~~|~n}^g~lr t=0.5s
TIGHT n=13 m=66 tag=Kn-evenH126 g6=L~~~~|~n}^izhz t=0.2s
TIGHT n=13 m=71 tag=Kn-evenH7 g6=L~~~~~~~z~r~F| t=0.6s
TIGHT n=13 m=70 tag=Kn-evenH127 g6=L~~~~|~nz}r~vz t=0.6s
TIGHT n=13 m=68 tag=Kn-evenH128 g6=L~~~~|~nz}x~bz t=0.2s
TIGHT n=13 m=70 tag=Kn-evenH8 g6=L~~~~~~~z~b~f{ t=1.5s
TIGHT n=13 m=67 tag=Kn-evenH129 g6=L~~~~|~nz}p~ry t=0.6s
TIGHT n=13 m=67 tag=Kn-evenH130 g6=L~~~~|~nz}fz^q t=0.7s
TIGHT n=13 m=69 tag=Kn-evenH9 g6=L~~~~~~~z~`~b| t=0.7s
TIGHT n=13 m=66 tag=Kn-evenH131 g6=L~~~~|~nz}o~pz t=0.4s
TIGHT n=13 m=72 tag=Kn-evenH10 g6=L~~~~~~~x~j~f~ t=0.7s
TIGHT n=13 m=66 tag=Kn-evenH132 g6=L~~~~|~nw~rznw t=0.7s
TIGHT n=13 m=70 tag=Kn-evenH11 g6=L~~~~~~~x~x~B~ t=0.7s
TIGHT n=13 m=66 tag=Kn-evenH133 g6=L~~~~|~nw~|xr{ t=0.6s
TIGHT n=13 m=69 tag=Kn-evenH12 g6=L~~~~~~~x~h~b} t=0.7s
TIGHT n=13 m=65 tag=Kn-evenH134 g6=L~~~~|~nw~bzNx t=0.5s
TIGHT n=13 m=69 tag=Kn-evenH13 g6=L~~~~~~~x~j}f{ t=0.5s
TIGHT n=13 m=68 tag=Kn-evenH14 g6=L~~~~~~~x~g~`~ t=0.6s
TIGHT n=13 m=65 tag=Kn-evenH135 g6=L~~~~|~nw~fxF| t=1.2s
TIGHT n=13 m=68 tag=Kn-evenH15 g6=L~~~~~~~w~d~r{ t=0.5s
TIGHT n=13 m=66 tag=Kn-evenH136 g6=L~~~~|~ny^p~~o t=0.4s
TIGHT n=13 m=67 tag=Kn-evenH16 g6=L~~~~~~~w~c~p| t=0.5s
TIGHT n=13 m=66 tag=Kn-evenH137 g6=L~~~~|~ny^rzzw t=0.4s
TIGHT n=13 m=66 tag=Kn-evenH17 g6=L~~~~~~~w^e^o~ t=0.5s
TIGHT n=13 m=66 tag=Kn-evenH138 g6=L~~~~|~ny^xznw t=0.5s
TIGHT n=13 m=70 tag=Kn-evenH18 g6=L~~~~~~^|~j~fx t=0.5s
TIGHT n=13 m=66 tag=Kn-evenH139 g6=L~~~~|~ny^r|zs t=0.6s
TIGHT n=13 m=72 tag=Kn-evenH19 g6=L~~~~~~^|~n|n| t=0.8s
TIGHT n=13 m=66 tag=Kn-evenH140 g6=L~~~~|~ny^vxr{ t=0.7s
TIGHT n=13 m=69 tag=Kn-evenH20 g6=L~~~~~~^|~b~vw t=0.6s
TIGHT n=13 m=65 tag=Kn-evenH141 g6=L~~~~|~ny^o~|p t=0.4s
TIGHT n=13 m=65 tag=Kn-evenH142 g6=L~~~~|~ny^qzxx t=0.4s
TIGHT n=13 m=69 tag=Kn-evenH21 g6=L~~~~~~^|~j|f{ t=0.6s
TIGHT n=13 m=65 tag=Kn-evenH143 g6=L~~~~|~ny^wzlx t=0.5s
TIGHT n=13 m=68 tag=Kn-evenH22 g6=L~~~~~~^|~`~rx t=0.8s
TIGHT n=13 m=65 tag=Kn-evenH144 g6=L~~~~|~ny^q|xt t=0.5s
TIGHT n=13 m=68 tag=Kn-evenH23 g6=L~~~~~~^|~h|b| t=0.5s
TIGHT n=13 m=65 tag=Kn-evenH145 g6=L~~~~|~n}N`~|p t=0.4s
TIGHT n=13 m=71 tag=Kn-evenH24 g6=L~~~~~~^x~r~vz t=0.7s
TIGHT n=13 m=65 tag=Kn-evenH146 g6=L~~~~|~n}Ng~np t=0.4s
TIGHT n=13 m=65 tag=Kn-evenH147 g6=L~~~~|~n}Nbzxx t=0.6s
TIGHT n=13 m=69 tag=Kn-evenH25 g6=L~~~~~~^x~x~bz t=0.8s
TIGHT n=13 m=68 tag=Kn-evenH26 g6=L~~~~~~^x~p~ry t=0.4s
TIGHT n=13 m=65 tag=Kn-evenH148 g6=L~~~~|~n}Nhzlx t=0.4s
TIGHT n=13 m=65 tag=Kn-evenH149 g6=L~~~~|~n}Nfxp| t=0.2s
TIGHT n=13 m=68 tag=Kn-evenH27 g6=L~~~~~~^x~f}^w t=0.6s
TIGHT n=13 m=66 tag=Kn-evenH150 g6=L~~~~|~nx}f|N{ t=0.7s
TIGHT n=13 m=67 tag=Kn-evenH28 g6=L~~~~~~^x~o~pz t=0.5s
TIGHT n=13 m=66 tag=Kn-evenH151 g6=L~~~~|~nx}j|V{ t=0.6s
TIGHT n=13 m=69 tag=Kn-evenH29 g6=L~~~~~~^{~t~Rz t=0.4s
TIGHT n=13 m=66 tag=Kn-evenH152 g6=L~~~~|~nx}nx^s t=0.2s
TIGHT n=13 m=68 tag=Kn-evenH30 g6=L~~~~~~^{~d~ry t=0.4s
TIGHT n=13 m=65 tag=Kn-evenH153 g6=L~~~~|~nx}fxNt t=0.5s
TIGHT n=13 m=68 tag=Kn-evenH31 g6=L~~~~~~^{~p~Zy t=0.2s
TIGHT n=13 m=66 tag=Kn-evenH154 g6=L~~~~|~ny}b~^w t=0.2s
TIGHT n=13 m=68 tag=Kn-evenH32 g6=L~~~~~~^{~f}vw t=0.5s
TIGHT n=13 m=68 tag=Kn-evenH33 g6=L~~~~~~^{~r}^w t=0.2s
TIGHT n=13 m=66 tag=Kn-evenH155 g6=L~~~~|~ny}f|V{ t=0.4s
TIGHT n=13 m=67 tag=Kn-evenH34 g6=L~~~~~~^{~c~pz t=0.5s
TIGHT n=13 m=66 tag=Kn-evenH156 g6=L~~~~|~ny}t|r{ t=0.6s
TIGHT n=13 m=67 tag=Kn-evenH35 g6=L~~~~~~^{~o~Xz t=0.5s
TIGHT n=13 m=64 tag=Kn-evenH157 g6=L~~~~|~nyNp^{r t=0.4s
TIGHT n=13 m=64 tag=Kn-evenH158 g6=L~~~~|~nyNxZkz t=0.2s
TIGHT n=13 m=71 tag=Kn-evenH36 g6=L~~~~~~^z~R~f~ t=0.6s
TIGHT n=13 m=64 tag=Kn-evenH159 g6=L~~~~|~n}F`~{r t=0.2s
TIGHT n=13 m=68 tag=Kn-evenH37 g6=L~~~~~~^z~P~b} t=0.6s
TIGHT n=13 m=64 tag=Kn-evenH160 g6=L~~~~|~n}Fg~mr t=0.5s
TIGHT n=13 m=68 tag=Kn-evenH38 g6=L~~~~~~^z~N{^w t=0.5s
TIGHT n=13 m=64 tag=Kn-evenH161 g6=L~~~~|~n}Fw^Nr t=0.4s
TIGHT n=13 m=67 tag=Kn-evenH39 g6=L~~~~~~^z~O~`~ t=0.6s
TIGHT n=13 m=64 tag=Kn-evenH162 g6=L~~~~|~n}Fhzkz t=0.4s
TIGHT n=13 m=67 tag=Kn-evenH40 g6=L~~~~~~^w~b~^w t=0.5s
TIGHT n=13 m=64 tag=Kn-evenH163 g6=L~~~~|~nx}FxNr t=0.5s
TIGHT n=13 m=67 tag=Kn-evenH41 g6=L~~~~~~^w~t|r{ t=0.6s
TIGHT n=13 m=69 tag=Kn-evenH164 g6=L~~~~|~N{~x~zv t=0.5s
TIGHT n=13 m=66 tag=Kn-evenH42 g6=L~~~~~~^w~o~xx t=0.4s
TIGHT n=13 m=67 tag=Kn-evenH165 g6=L~~~~|~N{~{~pv t=0.4s
TIGHT n=13 m=67 tag=Kn-evenH43 g6=L~~~~~~^{^b~zw t=0.1s
TIGHT n=13 m=66 tag=Kn-evenH166 g6=L~~~~|~N{~w~xu t=0.6s
TIGHT n=13 m=67 tag=Kn-evenH44 g6=L~~~~~~^{^p~^w t=0.4s
TIGHT n=13 m=66 tag=Kn-evenH167 g6=L~~~~|~N{~r|nq t=0.4s
TIGHT n=13 m=67 tag=Kn-evenH45 g6=L~~~~~~^{^f|r{ t=1.1s
TIGHT n=13 m=65 tag=Kn-evenH168 g6=L~~~~|~N{~w^wv t=0.5s
TIGHT n=13 m=66 tag=Kn-evenH46 g6=L~~~~~~^{^a~xx t=0.4s
TIGHT n=13 m=65 tag=Kn-evenH169 g6=L~~~~|~N{~dzB~ t=0.5s
TIGHT n=13 m=66 tag=Kn-evenH47 g6=L~~~~~~^{^o~\x t=0.2s
TIGHT n=13 m=66 tag=Kn-evenH48 g6=L~~~~~~^{^e|p| t=0.2s
TIGHT n=13 m=66 tag=Kn-evenH170 g6=L~~~~|~N}^q~xu t=0.5s
TIGHT n=13 m=66 tag=Kn-evenH171 g6=L~~~~|~N}^w~lu t=0.4s
TIGHT n=13 m=67 tag=Kn-evenH49 g6=L~~~~~~^x~B~V{ t=1.1s
TIGHT n=13 m=66 tag=Kn-evenH172 g6=L~~~~|~N}^fzR} t=0.5s
TIGHT n=13 m=67 tag=Kn-evenH50 g6=L~~~~~~^x~F|^w t=0.2s
TIGHT n=13 m=66 tag=Kn-evenH173 g6=L~~~~|~N}^r}zs t=0.4s
TIGHT n=13 m=66 tag=Kn-evenH174 g6=L~~~~|~N}^x}ns t=0.2s
TIGHT n=13 m=65 tag=Kn-evenH51 g6=L~~~~~~^{Nb^wz t=0.4s
TIGHT n=13 m=65 tag=Kn-evenH52 g6=L~~~~~~^{Np^[z t=0.5s
TIGHT n=13 m=65 tag=Kn-evenH175 g6=L~~~~|~N}^q^wv t=0.5s
TIGHT n=13 m=65 tag=Kn-evenH176 g6=L~~~~|~N}^w^kv t=0.4s
TIGHT n=13 m=70 tag=Kn-evenH53 g6=L~~~~~~Nx~x~r~ t=0.6s
TIGHT n=13 m=65 tag=Kn-evenH177 g6=L~~~~|~N}^h}Nt t=0.4s
TIGHT n=13 m=67 tag=Kn-evenH54 g6=L~~~~~~Nx~w~p} t=0.4s
TIGHT n=13 m=65 tag=Kn-evenH178 g6=L~~~~|~N}^jyJ| t=0.4s
TIGHT n=13 m=66 tag=Kn-evenH55 g6=L~~~~~~Nx~`~B~ t=0.6s
TIGHT n=13 m=69 tag=Kn-evenH179 g6=L~~~~|~N|}x~r~ t=0.2s
TIGHT n=13 m=66 tag=Kn-evenH56 g6=L~~~~~~Nx~w^o~ t=0.4s
TIGHT n=13 m=66 tag=Kn-evenH180 g6=L~~~~|~N|}w~p} t=0.5s
TIGHT n=13 m=65 tag=Kn-evenH181 g6=L~~~~|~N|}w^o~ t=0.2s
TIGHT n=13 m=66 tag=Kn-evenH57 g6=L~~~~~~Nx~f{Nx t=0.7s
TIGHT n=13 m=70 tag=Kn-evenH58 g6=L~~~~~~Ny~t~r~ t=0.4s
TIGHT n=13 m=65 tag=Kn-evenH182 g6=L~~~~|~N|}fxNr t=0.5s
TIGHT n=13 m=68 tag=Kn-evenH59 g6=L~~~~~~Ny~{~`~ t=0.4s
TIGHT n=13 m=65 tag=Kn-evenH183 g6=L~~~~|~Nw~rzN{ t=0.7s
TIGHT n=13 m=67 tag=Kn-evenH60 g6=L~~~~~~Ny~s~p} t=0.4s
TIGHT n=13 m=65 tag=Kn-evenH184 g6=L~~~~|~Nw~xzZ{ t=0.4s
TIGHT n=13 m=66 tag=Kn-evenH61 g6=L~~~~~~Ny~s^o~ t=0.6s
TIGHT n=13 m=64 tag=Kn-evenH185 g6=L~~~~|~Nw~rxNx t=0.6s
TIGHT n=13 m=65 tag=Kn-evenH186 g6=L~~~~|~N{^p~ns t=0.4s
TIGHT n=13 m=66 tag=Kn-evenH62 g6=L~~~~~~Ny~t{rx t=0.4s
TIGHT n=13 m=65 tag=Kn-evenH187 g6=L~~~~|~N{^yzx{ t=0.5s
TIGHT n=13 m=67 tag=Kn-evenH63 g6=L~~~~~~N}^e~p} t=0.4s
TIGHT n=13 m=64 tag=Kn-evenH188 g6=L~~~~|~N{^`~Nt t=0.2s
TIGHT n=13 m=67 tag=Kn-evenH64 g6=L~~~~~~N}^i~h} t=0.6s
TIGHT n=13 m=64 tag=Kn-evenH189 g6=L~~~~|~N{^w^{t t=0.4s
TIGHT n=13 m=64 tag=Kn-evenH190 g6=L~~~~|~N{^bzJ| t=0.2s
TIGHT n=13 m=67 tag=Kn-evenH65 g6=L~~~~~~N}^f|ry t=0.6s
TIGHT n=13 m=64 tag=Kn-evenH191 g6=L~~~~|~N{^h|^p t=0.2s
TIGHT n=13 m=64 tag=Kn-evenH192 g6=L~~~~|~N{^w||p t=0.2s
TIGHT n=13 m=67 tag=Kn-evenH66 g6=L~~~~~~N}^j|jy t=0.5s
TIGHT n=13 m=66 tag=Kn-evenH67 g6=L~~~~~~N}^e^o~ t=0.2s
TIGHT n=13 m=64 tag=Kn-evenH193 g6=L~~~~|~N{^jxZx t=0.4s
TIGHT n=13 m=65 tag=Kn-evenH194 g6=L~~~~|~N}Np~|s t=0.1s
TIGHT n=13 m=66 tag=Kn-evenH68 g6=L~~~~~~N}^i^g~ t=0.6s
TIGHT n=13 m=65 tag=Kn-evenH195 g6=L~~~~|~N}Nw~ns t=0.3s
TIGHT n=13 m=66 tag=Kn-evenH69 g6=L~~~~~~N}^f{rx t=0.6s
TIGHT n=13 m=65 tag=Kn-evenH196 g6=L~~~~|~N}Nrzx{ t=0.5s
TIGHT n=13 m=66 tag=Kn-evenH70 g6=L~~~~~~N}^j{jx t=0.6s
TIGHT n=13 m=64 tag=Kn-evenH197 g6=L~~~~|~N}Ng~Nt t=0.2s
TIGHT n=13 m=66 tag=Kn-evenH71 g6=L~~~~~~Nw~b~N{ t=0.2s
TIGHT n=13 m=64 tag=Kn-evenH198 g6=L~~~~|~N}Np^{t t=0.1s
TIGHT n=13 m=65 tag=Kn-evenH72 g6=L~~~~~~Nw~`~J| t=0.6s
TIGHT n=13 m=64 tag=Kn-evenH199 g6=L~~~~|~N}Nw^mt t=0.4s
TIGHT n=13 m=64 tag=Kn-evenH200 g6=L~~~~|~N}NhzL| t=0.4s
TIGHT n=13 m=65 tag=Kn-evenH73 g6=L~~~~~~Nw~w|xx t=0.2s
TIGHT n=13 m=64 tag=Kn-evenH201 g6=L~~~~|~N}NrZw| t=0.1s
TIGHT n=13 m=66 tag=Kn-evenH74 g6=L~~~~~~Ny^h~N{ t=0.6s
TIGHT n=13 m=64 tag=Kn-evenH202 g6=L~~~~|~Nx}fxnp t=0.2s
TIGHT n=13 m=66 tag=Kn-evenH75 g6=L~~~~~~Ny^q~x{ t=0.6s
TIGHT n=13 m=64 tag=Kn-evenH203 g6=L~~~~|~N{}`~J| t=0.7s
TIGHT n=13 m=64 tag=Kn-evenH204 g6=L~~~~|~N{}bzNt t=0.2s
TIGHT n=13 m=65 tag=Kn-evenH76 g6=L~~~~~~Ny^w^k| t=0.6s
TIGHT n=13 m=64 tag=Kn-evenH205 g6=L~~~~|~N{}h|Zx t=0.4s
TIGHT n=13 m=65 tag=Kn-evenH77 g6=L~~~~~~Ny^q|xx t=0.4s
TIGHT n=13 m=65 tag=Kn-evenH78 g6=L~~~~~~Ny^w|lx t=0.4s
TIGHT n=13 m=65 tag=Kn-evenH206 g6=L~~~~|~Ny~Rz^w t=0.9s
TIGHT n=13 m=66 tag=Kn-evenH79 g6=L~~~~~~N}Nb~x{ t=0.6s
TIGHT n=13 m=64 tag=Kn-evenH207 g6=L~~~~|~Ny~PzZx t=0.7s
TIGHT n=13 m=66 tag=Kn-evenH80 g6=L~~~~~~N}Nh~l{ t=0.5s
TIGHT n=13 m=67 tag=Kn-evenH208 g6=L~~~~|~f{~{~Xv t=0.4s
TIGHT n=13 m=66 tag=Kn-evenH81 g6=L~~~~~~N}Nw~N{ t=0.4s
TIGHT n=13 m=66 tag=Kn-evenH209 g6=L~~~~|~f{~k~xu t=0.5s
TIGHT n=13 m=65 tag=Kn-evenH82 g6=L~~~~~~N}Nb^w| t=0.5s
TIGHT n=13 m=65 tag=Kn-evenH210 g6=L~~~~|~f{~`~bv t=0.4s
TIGHT n=13 m=65 tag=Kn-evenH83 g6=L~~~~~~N}Nh^k| t=0.5s
TIGHT n=13 m=65 tag=Kn-evenH211 g6=L~~~~|~f{~k^wv t=0.3s
TIGHT n=13 m=65 tag=Kn-evenH84 g6=L~~~~~~N}Nw^M| t=0.2s
TIGHT n=13 m=67 tag=Kn-evenH212 g6=L~~~~|~f|^m~pv t=0.6s
TIGHT n=13 m=65 tag=Kn-evenH85 g6=L~~~~~~N}Nb|xx t=0.6s
TIGHT n=13 m=67 tag=Kn-evenH213 g6=L~~~~|~f|^y~Xv t=0.2s
TIGHT n=13 m=65 tag=Kn-evenH86 g6=L~~~~~~N}Nh|lx t=0.4s
TIGHT n=13 m=66 tag=Kn-evenH214 g6=L~~~~|~f|^b~ju t=0.5s
TIGHT n=13 m=65 tag=Kn-evenH87 g6=L~~~~~~N}Nw|Nx t=0.7s
TIGHT n=13 m=66 tag=Kn-evenH215 g6=L~~~~|~f|^p~Nu t=0.4s
TIGHT n=13 m=66 tag=Kn-evenH88 g6=L~~~~~~Ny~B~^w t=0.4s
TIGHT n=13 m=66 tag=Kn-evenH216 g6=L~~~~|~f|^i~xu t=0.4s
TIGHT n=13 m=66 tag=Kn-evenH217 g6=L~~~~|~f|^w~\u t=0.4s
TIGHT n=13 m=66 tag=Kn-evenH89 g6=L~~~~~~Ny~P~zw t=0.6s
TIGHT n=13 m=66 tag=Kn-evenH90 g6=L~~~~~~N}^B~zw t=0.6s
TIGHT n=13 m=66 tag=Kn-evenH218 g6=L~~~~|~f|^j|zq t=0.7s
TIGHT n=13 m=66 tag=Kn-evenH219 g6=L~~~~|~f|^x|^q t=0.4s
TIGHT n=13 m=65 tag=Kn-evenH91 g6=L~~~~~~N}^A~xx t=0.5s
TIGHT n=13 m=65 tag=Kn-evenH220 g6=L~~~~|~f|^i^wv t=0.5s
TIGHT n=13 m=64 tag=Kn-evenH92 g6=L~~~~~~N}Fhnk^ t=0.5s
TIGHT n=13 m=64 tag=Kn-evenH93 g6=L~~~~~~N}FwnM^ t=0.2s
TIGHT n=13 m=65 tag=Kn-evenH221 g6=L~~~~|~f|^w^[v t=0.5s
TIGHT n=13 m=65 tag=Kn-evenH94 g6=L~~~~~~Fx^h~^w t=0.2s
TIGHT n=13 m=65 tag=Kn-evenH222 g6=L~~~~|~f|^j{zp t=0.3s
TIGHT n=13 m=64 tag=Kn-evenH95 g6=L~~~~~~Fx^`~Nx t=0.7s
TIGHT n=13 m=65 tag=Kn-evenH223 g6=L~~~~|~f|^x{^p t=0.7s
TIGHT n=13 m=64 tag=Kn-evenH96 g6=L~~~~~~Fx^w^{x t=0.6s
TIGHT n=13 m=66 tag=Kn-evenH224 g6=L~~~~|~f~Nb~xu t=0.5s
TIGHT n=13 m=65 tag=Kn-evenH97 g6=L~~~~~~FzNp~|w t=0.1s
TIGHT n=13 m=66 tag=Kn-evenH225 g6=L~~~~|~f~Nd~tu t=0.4s
TIGHT n=13 m=64 tag=Kn-evenH98 g6=L~~~~~~FzNp^{x t=0.5s
TIGHT n=13 m=66 tag=Kn-evenH226 g6=L~~~~|~f~Np~\u t=0.2s
TIGHT n=13 m=64 tag=Kn-evenH99 g6=L~~~~~~FzNt\s| t=0.4s
TIGHT n=13 m=64 tag=Kn-evenH100 g6=L~~~~~~FzN{\e| t=0.2s
TIGHT n=13 m=65 tag=Kn-evenH227 g6=L~~~~|~f~Nb^wv t=0.5s
TIGHT n=13 m=65 tag=Kn-evenH228 g6=L~~~~|~f~Nd^sv t=0.4s
TIGHT n=13 m=64 tag=Kn-evenH101 g6=L~~~~~~F~F`~{x t=0.5s
TIGHT n=13 m=65 tag=Kn-evenH229 g6=L~~~~|~f~Np^[v t=0.2s
TIGHT n=13 m=64 tag=Kn-evenH102 g6=L~~~~~~F~Fc~ux t=0.3s
TIGHT n=13 m=65 tag=Kn-evenH230 g6=L~~~~|~fw~rzf{ t=0.4s
TIGHT n=13 m=64 tag=Kn-evenH103 g6=L~~~~~~F~Fb|w| t=0.4s
TIGHT n=13 m=64 tag=Kn-evenH231 g6=L~~~~|~fw~bzF| t=0.2s
TIGHT n=13 m=64 tag=Kn-evenH104 g6=L~~~~~~F~Fd|s| t=0.5s
TIGHT n=13 m=64 tag=Kn-evenH232 g6=L~~~~|~fw~fxNx t=0.5s
TIGHT n=13 m=64 tag=Kn-evenH105 g6=L~~~~~~F~Fk|e| t=0.6s
TIGHT n=13 m=64 tag=Kn-evenH233 g6=L~~~~|~fw~{xxx t=0.6s
TIGHT n=13 m=64 tag=Kn-evenH106 g6=L~~~~~~F~F{\F| t=0.2s
TIGHT n=13 m=65 tag=Kn-evenH234 g6=L~~~~|~fx^h~^s t=0.4s
TIGHT n=13 m=65 tag=Kn-evenH235 g6=L~~~~|~fx^tzf{ t=0.5s
TIGHT n=13 m=69 tag=Kn-evenH107 g6=L~~~~|~n}~nzfx t=0.7s
TIGHT n=13 m=65 tag=Kn-evenH236 g6=L~~~~|~fx^yzx{ t=0.4s
TIGHT n=13 m=68 tag=Kn-evenH108 g6=L~~~~|~n}~b~~o t=0.4s
TIGHT n=13 m=64 tag=Kn-evenH237 g6=L~~~~|~fx^dzF| t=0.5s
TIGHT n=13 m=68 tag=Kn-evenH109 g6=L~~~~|~n}~fzvw t=0.5s
TIGHT n=13 m=64 tag=Kn-evenH238 g6=L~~~~|~fx^h|^p t=0.6s
TIGHT n=13 m=67 tag=Kn-evenH110 g6=L~~~~|~n}~`~zp t=0.6s
TIGHT n=13 m=64 tag=Kn-evenH239 g6=L~~~~|~fx^w||p t=0.2s
TIGHT n=13 m=67 tag=Kn-evenH111 g6=L~~~~|~n}~dzrx t=0.4s
TIGHT n=13 m=64 tag=Kn-evenH240 g6=L~~~~|~fx^lxVx t=0.4s
TIGHT n=13 m=68 tag=Kn-evenH112 g6=L~~~~|~ny~t~rr t=0.6s
TIGHT n=13 m=64 tag=Kn-evenH241 g6=L~~~~|~fx^yxxx t=0.5s
TIGHT n=13 m=68 tag=Kn-evenH113 g6=L~~~~|~ny~x~jr t=0.2s
TIGHT n=13 m=64 tag=Kn-evenH242 g6=L~~~~|~fx^{xtx t=0.5s
TIGHT n=13 m=67 tag=Kn-evenH114 g6=L~~~~|~ny~p~zq t=0.4s
TIGHT n=13 m=65 tag=Kn-evenH243 g6=L~~~~|~f{^d~ns t=0.5s
TIGHT n=13 m=67 tag=Kn-evenH115 g6=L~~~~|~ny~fzVy t=0.5s
TIGHT n=13 m=65 tag=Kn-evenH244 g6=L~~~~|~f{^mzx{ t=0.5s
TIGHT n=13 m=67 tag=Kn-evenH116 g6=L~~~~|~ny~jzNy t=0.5s
TIGHT n=13 m=64 tag=Kn-evenH245 g6=L~~~~|~f{^`~ft t=0.6s
TIGHT n=13 m=67 tag=Kn-evenH117 g6=L~~~~|~ny~xzjy t=0.6s
TIGHT n=13 m=64 tag=Kn-evenH246 g6=L~~~~|~f{^bzb| t=0.5s
TIGHT n=13 m=66 tag=Kn-evenH118 g6=L~~~~|~ny~o~xr t=0.4s
TIGHT n=13 m=64 tag=Kn-evenH247 g6=L~~~~|~f{^k||p t=0.2s
TIGHT n=13 m=65 tag=Kn-evenH248 g6=L~~~~|~fzNp~|s t=0.2s
TIGHT n=13 m=66 tag=Kn-evenH119 g6=L~~~~|~ny~wzhz t=0.5s
TIGHT n=13 m=65 tag=Kn-evenH249 g6=L~~~~|~fzNrzx{ t=0.5s
TIGHT n=13 m=68 tag=Kn-evenH120 g6=L~~~~|~n}^x~Nr t=0.7s
TIGHT n=13 m=65 tag=Kn-evenH250 g6=L~~~~|~fzNtzt{ t=0.4s
TIGHT n=13 m=67 tag=Kn-evenH121 g6=L~~~~|~n}^b~zq t=0.6s
TIGHT n=13 m=65 tag=Kn-evenH251 g6=L~~~~|~fzN{zf{ t=0.2s
TIGHT n=13 m=64 tag=Kn-evenH252 g6=L~~~~|~fzNp^{t t=0.2s
TIGHT n=13 m=67 tag=Kn-evenH122 g6=L~~~~|~n}^h~nq t=0.5s
TIGHT n=13 m=64 tag=Kn-evenH253 g6=L~~~~|~fzNs^ut t=0.6s
TIGHT n=13 m=67 tag=Kn-evenH123 g6=L~~~~|~n}^jzjy t=0.5s
TIGHT n=13 m=64 tag=Kn-evenH254 g6=L~~~~|~fzN{Ze| t=0.5s
TIGHT n=13 m=66 tag=Kn-evenH124 g6=L~~~~|~n}^a~xr t=0.6s
TIGHT n=13 m=64 tag=Kn-evenH255 g6=L~~~~|~fzNp||p t=0.6s
TIGHT n=13 m=66 tag=Kn-evenH125 g6=L~~~~|~n}^g~lr t=0.5s
TIGHT n=13 m=64 tag=Kn-evenH256 g6=L~~~~|~fzNs|vp t=0.4s
TIGHT n=13 m=66 tag=Kn-evenH126 g6=L~~~~|~n}^izhz t=0.3s
TIGHT n=13 m=64 tag=Kn-evenH257 g6=L~~~~|~fzNrxxx t=0.6s
TIGHT n=13 m=64 tag=Kn-evenH258 g6=L~~~~|~fzNtxtx t=0.2s
TIGHT n=13 m=70 tag=Kn-evenH127 g6=L~~~~|~nz}r~vz t=0.6s
TIGHT n=13 m=68 tag=Kn-evenH128 g6=L~~~~|~nz}x~bz t=0.2s
TIGHT n=13 m=64 tag=Kn-evenH259 g6=L~~~~|~fzN{xfx t=0.5s
TIGHT n=13 m=67 tag=Kn-evenH129 g6=L~~~~|~nz}p~ry t=0.6s
TIGHT n=13 m=65 tag=Kn-evenH260 g6=L~~~~|~f|Nh~|s t=0.2s
TIGHT n=13 m=67 tag=Kn-evenH130 g6=L~~~~|~nz}fz^q t=0.7s
TIGHT n=13 m=65 tag=Kn-evenH261 g6=L~~~~|~f|Nk~vs t=0.6s
TIGHT n=13 m=66 tag=Kn-evenH131 g6=L~~~~|~nz}o~pz t=0.4s
TIGHT n=13 m=65 tag=Kn-evenH262 g6=L~~~~|~f|Nw~^s t=0.5s
TIGHT n=13 m=66 tag=Kn-evenH132 g6=L~~~~|~nw~rznw t=0.8s
TIGHT n=13 m=65 tag=Kn-evenH263 g6=L~~~~|~f|Njzx{ t=0.5s
TIGHT n=13 m=66 tag=Kn-evenH133 g6=L~~~~|~nw~|xr{ t=0.6s
TIGHT n=13 m=65 tag=Kn-evenH264 g6=L~~~~|~f|Nlzt{ t=0.5s
TIGHT n=13 m=65 tag=Kn-evenH134 g6=L~~~~|~nw~bzNx t=0.5s
TIGHT n=13 m=64 tag=Kn-evenH265 g6=L~~~~|~f|Nh^{t t=0.5s
TIGHT n=13 m=64 tag=Kn-evenH266 g6=L~~~~|~f|Nk^ut t=0.4s
TIGHT n=13 m=64 tag=Kn-evenH267 g6=L~~~~|~f|Nw^]t t=0.4s
TIGHT n=13 m=64 tag=Kn-evenH268 g6=L~~~~|~f|NlZs| t=0.2s
TIGHT n=13 m=65 tag=Kn-evenH135 g6=L~~~~|~nw~fxF| t=1.2s
TIGHT n=13 m=64 tag=Kn-evenH269 g6=L~~~~|~f|Nh||p t=0.4s
TIGHT n=13 m=66 tag=Kn-evenH136 g6=L~~~~|~ny^p~~o t=0.4s
TIGHT n=13 m=66 tag=Kn-evenH137 g6=L~~~~|~ny^rzzw t=0.5s
TIGHT n=13 m=64 tag=Kn-evenH270 g6=L~~~~|~f|Nk|vp t=0.4s
TIGHT n=13 m=64 tag=Kn-evenH271 g6=L~~~~|~f|Nw|^p t=0.4s
TIGHT n=13 m=66 tag=Kn-evenH138 g6=L~~~~|~ny^xznw t=0.5s
TIGHT n=13 m=64 tag=Kn-evenH272 g6=L~~~~|~f~F`~{t t=0.3s
TIGHT n=13 m=66 tag=Kn-evenH139 g6=L~~~~|~ny^r|zs t=0.5s
TIGHT n=13 m=64 tag=Kn-evenH273 g6=L~~~~|~f~Fc~ut t=0.3s
TIGHT n=13 m=64 tag=Kn-evenH274 g6=L~~~~|~f~Fo~]t t=0.2s
TIGHT n=13 m=66 tag=Kn-evenH140 g6=L~~~~|~ny^vxr{ t=0.7s
TIGHT n=13 m=64 tag=Kn-evenH275 g6=L~~~~|~f~Fk^ft t=0.2s
TIGHT n=13 m=64 tag=Kn-evenH276 g6=L~~~~|~f~Fs^Vt t=0.2s
TIGHT n=13 m=65 tag=Kn-evenH141 g6=L~~~~|~ny^o~|p t=0.4s
TIGHT n=13 m=64 tag=Kn-evenH277 g6=L~~~~|~f~Fbzw| t=0.4s
TIGHT n=13 m=65 tag=Kn-evenH142 g6=L~~~~|~ny^qzxx t=0.4s
TIGHT n=13 m=64 tag=Kn-evenH278 g6=L~~~~|~f~Fdzs| t=0.2s
TIGHT n=13 m=65 tag=Kn-evenH143 g6=L~~~~|~ny^wzlx t=0.5s
TIGHT n=13 m=64 tag=Kn-evenH279 g6=L~~~~|~f~Fkze| t=0.5s
TIGHT n=13 m=65 tag=Kn-evenH144 g6=L~~~~|~ny^q|xt t=0.5s
TIGHT n=13 m=65 tag=Kn-evenH280 g6=L~~~~|~fx}b~N{ t=0.5s
TIGHT n=13 m=65 tag=Kn-evenH145 g6=L~~~~|~n}N`~|p t=0.4s
TIGHT n=13 m=65 tag=Kn-evenH281 g6=L~~~~|~fx}h~Z{ t=0.4s
TIGHT n=13 m=65 tag=Kn-evenH146 g6=L~~~~|~n}Ng~np t=0.4s
TIGHT n=13 m=65 tag=Kn-evenH282 g6=L~~~~|~fx}jz^s t=0.6s
TIGHT n=13 m=65 tag=Kn-evenH147 g6=L~~~~|~n}Nbzxx t=0.6s
TIGHT n=13 m=64 tag=Kn-evenH283 g6=L~~~~|~fx}bzNt t=0.5s
TIGHT n=13 m=65 tag=Kn-evenH148 g6=L~~~~|~n}Nhzlx t=0.4s
TIGHT n=13 m=64 tag=Kn-evenH284 g6=L~~~~|~fx}b|Nx t=0.5s
TIGHT n=13 m=65 tag=Kn-evenH149 g6=L~~~~|~n}Nfxp| t=0.2s
TIGHT n=13 m=64 tag=Kn-evenH285 g6=L~~~~|~fx}w|xx t=0.3s
TIGHT n=13 m=66 tag=Kn-evenH150 g6=L~~~~|~nx}f|N{ t=0.7s
TIGHT n=13 m=65 tag=Kn-evenH286 g6=L~~~~|~fz]b~Z{ t=0.5s
TIGHT n=13 m=66 tag=Kn-evenH151 g6=L~~~~|~nx}j|V{ t=0.6s
TIGHT n=13 m=65 tag=Kn-evenH287 g6=L~~~~|~fz]d~V{ t=0.4s
TIGHT n=13 m=66 tag=Kn-evenH152 g6=L~~~~|~nx}nx^s t=0.2s
TIGHT n=13 m=64 tag=Kn-evenH288 g6=L~~~~|~fz]b|Zx t=0.4s
TIGHT n=13 m=64 tag=Kn-evenH289 g6=L~~~~|~fz]d|Vx t=0.5s
TIGHT n=13 m=65 tag=Kn-evenH153 g6=L~~~~|~nx}fxNt t=0.5s
TIGHT n=13 m=66 tag=Kn-evenH154 g6=L~~~~|~ny}b~^w t=0.2s
TIGHT n=13 m=64 tag=Kn-evenH290 g6=L~~~~|~fz]q|xx t=0.6s
TIGHT n=13 m=66 tag=Kn-evenH155 g6=L~~~~|~ny}f|V{ t=0.4s
TIGHT n=13 m=64 tag=Kn-evenH291 g6=L~~~~|~fz]s|tx t=0.4s
TIGHT n=13 m=66 tag=Kn-evenH156 g6=L~~~~|~ny}t|r{ t=0.6s
TIGHT n=13 m=65 tag=Kn-evenH292 g6=L~~~~|~fx~Jz^w t=0.2s
TIGHT n=13 m=64 tag=Kn-evenH157 g6=L~~~~|~nyNp^{r t=0.4s
TIGHT n=13 m=65 tag=Kn-evenH293 g6=L~~~~|~fx~Rznw t=0.5s
TIGHT n=13 m=64 tag=Kn-evenH158 g6=L~~~~|~nyNxZkz t=0.2s
TIGHT n=13 m=65 tag=Kn-evenH294 g6=L~~~~|~fx~Xzzw t=0.5s
TIGHT n=13 m=64 tag=Kn-evenH159 g6=L~~~~|~n}F`~{r t=0.2s
TIGHT n=13 m=64 tag=Kn-evenH295 g6=L~~~~|~fx~BzNx t=0.4s
TIGHT n=13 m=64 tag=Kn-evenH160 g6=L~~~~|~n}Fg~mr t=0.5s
TIGHT n=13 m=65 tag=Kn-evenH296 g6=L~~~~|~f{~Fznw t=0.6s
TIGHT n=13 m=64 tag=Kn-evenH161 g6=L~~~~|~n}Fw^Nr t=0.4s
TIGHT n=13 m=65 tag=Kn-evenH297 g6=L~~~~|~f{~Lzzw t=0.4s
TIGHT n=13 m=64 tag=Kn-evenH162 g6=L~~~~|~n}Fhzkz t=0.4s
TIGHT n=13 m=64 tag=Kn-evenH298 g6=L~~~~|~f{~Bzfx t=0.4s
TIGHT n=13 m=64 tag=Kn-evenH163 g6=L~~~~|~nx}FxNr t=0.5s
TIGHT n=13 m=65 tag=Kn-evenH299 g6=L~~~~|~fz^P~~o t=0.3s
TIGHT n=13 m=69 tag=Kn-evenH164 g6=L~~~~|~N{~x~zv t=0.5s
TIGHT n=13 m=65 tag=Kn-evenH300 g6=L~~~~|~fz^Rzzw t=0.5s
TIGHT n=13 m=67 tag=Kn-evenH165 g6=L~~~~|~N{~{~pv t=0.4s
TIGHT n=13 m=65 tag=Kn-evenH301 g6=L~~~~|~fz^Tzvw t=0.5s
TIGHT n=13 m=66 tag=Kn-evenH166 g6=L~~~~|~N{~w~xu t=0.6s
TIGHT n=13 m=64 tag=Kn-evenH302 g6=L~~~~|~fz^O~|p t=0.4s
TIGHT n=13 m=66 tag=Kn-evenH167 g6=L~~~~|~N{~r|nq t=0.4s
TIGHT n=13 m=65 tag=Kn-evenH303 g6=L~~~~|~f|^H~~o t=0.2s
TIGHT n=13 m=65 tag=Kn-evenH168 g6=L~~~~|~N{~w^wv t=0.5s
TIGHT n=13 m=65 tag=Kn-evenH304 g6=L~~~~|~f|^Jzzw t=0.6s
TIGHT n=13 m=65 tag=Kn-evenH169 g6=L~~~~|~N{~dzB~ t=0.5s
TIGHT n=13 m=64 tag=Kn-evenH305 g6=L~~~~|~f|^G~|p t=0.5s
TIGHT n=13 m=64 tag=Kn-evenH306 g6=L~~~~|~f~N@~|p t=0.4s
TIGHT n=13 m=66 tag=Kn-evenH170 g6=L~~~~|~N}^q~xu t=0.5s
TIGHT n=13 m=64 tag=Kn-evenH307 g6=L~~~~|~f~NO~^p t=0.2s
TIGHT n=13 m=66 tag=Kn-evenH171 g6=L~~~~|~N}^w~lu t=0.4s
TIGHT n=13 m=64 tag=Kn-evenH308 g6=L~~~~|~f~NBzxx t=0.5s
TIGHT n=13 m=66 tag=Kn-evenH172 g6=L~~~~|~N}^fzR} t=0.5s
TIGHT n=13 m=64 tag=Kn-evenH309 g6=L~~~~|~f~NDztx t=0.5s
TIGHT n=13 m=66 tag=Kn-evenH173 g6=L~~~~|~N}^r}zs t=0.4s
TIGHT n=13 m=66 tag=Kn-evenH174 g6=L~~~~|~N}^x}ns t=0.2s
TIGHT n=13 m=65 tag=Kn-evenH310 g6=L~~~~|~fz}B~^w t=0.6s
TIGHT n=13 m=65 tag=Kn-evenH175 g6=L~~~~|~N}^q^wv t=0.5s
TIGHT n=13 m=65 tag=Kn-evenH311 g6=L~~~~|~fz}P~zw t=0.4s
TIGHT n=13 m=65 tag=Kn-evenH176 g6=L~~~~|~N}^w^kv t=0.4s
TIGHT n=13 m=64 tag=Kn-evenH312 g6=L~~~~|~fz}Bz^p t=0.5s
TIGHT n=13 m=65 tag=Kn-evenH177 g6=L~~~~|~N}^h}Nt t=0.4s
TIGHT n=13 m=69 tag=Kn-evenH313 g6=L~~~~|~^s~t~r~ t=0.5s
TIGHT n=13 m=65 tag=Kn-evenH178 g6=L~~~~|~N}^jyJ| t=0.4s
TIGHT n=13 m=67 tag=Kn-evenH314 g6=L~~~~|~^s~{~`~ t=0.2s
TIGHT n=13 m=69 tag=Kn-evenH179 g6=L~~~~|~N|}x~r~ t=0.2s
TIGHT n=13 m=66 tag=Kn-evenH315 g6=L~~~~|~^s~s~p} t=0.4s
TIGHT n=13 m=66 tag=Kn-evenH180 g6=L~~~~|~N|}w~p} t=0.5s
TIGHT n=13 m=66 tag=Kn-evenH316 g6=L~~~~|~^s~fzVu t=0.4s
TIGHT n=13 m=65 tag=Kn-evenH181 g6=L~~~~|~N|}w^o~ t=0.2s
TIGHT n=13 m=66 tag=Kn-evenH317 g6=L~~~~|~^s~t}r{ t=0.6s
TIGHT n=13 m=65 tag=Kn-evenH182 g6=L~~~~|~N|}fxNr t=0.5s
TIGHT n=13 m=65 tag=Kn-evenH318 g6=L~~~~|~^s~s^o~ t=0.4s
TIGHT n=13 m=65 tag=Kn-evenH183 g6=L~~~~|~Nw~rzN{ t=0.7s
TIGHT n=13 m=65 tag=Kn-evenH319 g6=L~~~~|~^s^q~x{ t=0.5s
TIGHT n=13 m=64 tag=Kn-evenH320 g6=L~~~~|~^s^q^w| t=0.5s
TIGHT n=13 m=65 tag=Kn-evenH184 g6=L~~~~|~Nw~xzZ{ t=0.4s
TIGHT n=13 m=64 tag=Kn-evenH321 g6=L~~~~|~^s^bzZt t=0.4s
TIGHT n=13 m=64 tag=Kn-evenH185 g6=L~~~~|~Nw~rxNx t=0.6s
TIGHT n=13 m=64 tag=Kn-evenH322 g6=L~~~~|~Fx^xz^w t=0.2s
TIGHT n=13 m=65 tag=Kn-evenH186 g6=L~~~~|~N{^p~ns t=0.4s
TIGHT n=13 m=64 tag=Kn-evenH323 g6=L~~~~|~bw~tznw t=0.5s
TIGHT n=13 m=65 tag=Kn-evenH187 g6=L~~~~|~N{^yzx{ t=0.5s
TIGHT n=13 m=64 tag=Kn-evenH188 g6=L~~~~|~N{^`~Nt t=0.2s
TIGHT n=13 m=64 tag=Kn-evenH324 g6=L~~~~|~bw~{z|w t=0.5s
TIGHT n=13 m=64 tag=Kn-evenH189 g6=L~~~~|~N{^w^{t t=0.4s
TIGHT n=13 m=64 tag=Kn-evenH325 g6=L~~~~|~b{^fznw t=0.6s
TIGHT n=13 m=64 tag=Kn-evenH190 g6=L~~~~|~N{^bzJ| t=0.2s
TIGHT n=13 m=64 tag=Kn-evenH326 g6=L~~~~|~b{^mz|w t=0.5s
TIGHT n=13 m=64 tag=Kn-evenH191 g6=L~~~~|~N{^h|^p t=0.2s
TIGHT n=13 m=64 tag=Kn-evenH192 g6=L~~~~|~N{^w||p t=0.2s
TIGHT n=13 m=64 tag=Kn-evenH327 g6=L~~~~|~bxnyzzw t=0.5s
TIGHT n=13 m=64 tag=Kn-evenH193 g6=L~~~~|~N{^jxZx t=0.4s
TIGHT n=13 m=64 tag=Kn-evenH328 g6=L~~~~|~b{nk~~o t=0.3s
TIGHT n=13 m=65 tag=Kn-evenH194 g6=L~~~~|~N}Np~|s t=0.2s
TIGHT n=13 m=64 tag=Kn-evenH329 g6=L~~~~|~b{nlz|w t=0.4s
TIGHT n=13 m=65 tag=Kn-evenH195 g6=L~~~~|~N}Nw~ns t=0.2s
TIGHT n=13 m=64 tag=Kn-evenH330 g6=L~~~~|~Nq^p~^w t=0.4s
TIGHT n=13 m=65 tag=Kn-evenH196 g6=L~~~~|~N}Nrzx{ t=0.5s
TIGHT n=13 m=68 tag=Kn-evenH331 g6=L~~~~{~N}^y~x~ t=0.4s
TIGHT n=13 m=64 tag=Kn-evenH197 g6=L~~~~|~N}Ng~Nt t=0.2s
TIGHT n=13 m=66 tag=Kn-evenH332 g6=L~~~~{~N}^}^o~ t=0.4s
TIGHT n=13 m=64 tag=Kn-evenH198 g6=L~~~~|~N}Np^{t t=0.1s
TIGHT n=13 m=65 tag=Kn-evenH333 g6=L~~~~{~N}^y^w} t=0.4s
TIGHT n=13 m=64 tag=Kn-evenH199 g6=L~~~~|~N}Nw^mt t=0.4s
TIGHT n=13 m=64 tag=Kn-evenH200 g6=L~~~~|~N}NhzL| t=0.4s
TIGHT n=13 m=65 tag=Kn-evenH334 g6=L~~~~{~N}^y}x{ t=0.6s
TIGHT n=13 m=64 tag=Kn-evenH201 g6=L~~~~|~N}NrZw| t=0.1s
TIGHT n=13 m=64 tag=Kn-evenH335 g6=L~~~~{~N}^a~H~ t=0.4s
TIGHT n=13 m=64 tag=Kn-evenH202 g6=L~~~~|~Nx}fxnp t=0.2s
TIGHT n=13 m=64 tag=Kn-evenH336 g6=L~~~~{~N}^yNw^ t=0.4s
TIGHT n=13 m=64 tag=Kn-evenH203 g6=L~~~~|~N{}`~J| t=0.7s
TIGHT n=13 m=64 tag=Kn-evenH337 g6=L~~~~{~N}^b}J| t=0.5s
TIGHT n=13 m=64 tag=Kn-evenH204 g6=L~~~~|~N{}bzNt t=0.2s
TIGHT n=13 m=64 tag=Kn-evenH338 g6=L~~~~{~N}Nx^{{ t=0.2s
TIGHT n=13 m=64 tag=Kn-evenH205 g6=L~~~~|~N{}h|Zx t=0.4s
TIGHT n=13 m=65 tag=Kn-evenH339 g6=L~~~~{~V{~{^w} t=0.4s
TIGHT n=13 m=64 tag=Kn-evenH340 g6=L~~~~{~V{~`~B~ t=0.4s
TIGHT n=13 m=65 tag=Kn-evenH206 g6=L~~~~|~Ny~Rz^w t=0.9s
TIGHT n=13 m=64 tag=Kn-evenH341 g6=L~~~~{~V{~{Nw^ t=0.2s
TIGHT n=13 m=64 tag=Kn-evenH342 g6=L~~~~{~V{~fxNr t=0.5s
TIGHT n=13 m=64 tag=Kn-evenH207 g6=L~~~~|~Ny~PzZx t=0.7s
TIGHT n=13 m=64 tag=Kn-evenH343 g6=L~~~~{~V{~rxfr t=0.4s
TIGHT n=13 m=67 tag=Kn-evenH208 g6=L~~~~|~f{~{~Xv t=0.4s
TIGHT n=13 m=66 tag=Kn-evenH209 g6=L~~~~|~f{~k~xu t=0.6s
TIGHT n=13 m=68 tag=Kn-evenH344 g6=L~~~~{~V|^y~x~ t=0.6s
TIGHT n=13 m=65 tag=Kn-evenH210 g6=L~~~~|~f{~`~bv t=0.4s
TIGHT n=13 m=66 tag=Kn-evenH345 g6=L~~~~{~V|^}^o~ t=0.4s
TIGHT n=13 m=65 tag=Kn-evenH346 g6=L~~~~{~V|^y^w} t=0.2s
TIGHT n=13 m=65 tag=Kn-evenH211 g6=L~~~~|~f{~k^wv t=0.5s
TIGHT n=13 m=64 tag=Kn-evenH347 g6=L~~~~{~V|^a~H~ t=0.4s
TIGHT n=13 m=67 tag=Kn-evenH212 g6=L~~~~|~f|^m~pv t=0.6s
TIGHT n=13 m=64 tag=Kn-evenH348 g6=L~~~~{~V|^yNw^ t=0.4s
TIGHT n=13 m=67 tag=Kn-evenH213 g6=L~~~~|~f|^y~Xv t=0.2s
TIGHT n=13 m=64 tag=Kn-evenH349 g6=L~~~~{~V|^b|Jz t=0.4s
TIGHT n=13 m=66 tag=Kn-evenH214 g6=L~~~~|~f|^b~ju t=0.5s
TIGHT n=13 m=64 tag=Kn-evenH350 g6=L~~~~{~V|^yxxr t=0.5s
TIGHT n=13 m=66 tag=Kn-evenH215 g6=L~~~~|~f|^p~Nu t=0.4s
TIGHT n=13 m=64 tag=Kn-evenH351 g6=L~~~~{~V|^zwzp t=0.3s
TIGHT n=13 m=66 tag=Kn-evenH216 g6=L~~~~|~f|^i~xu t=0.4s
TIGHT n=13 m=66 tag=Kn-evenH352 g6=L~~~~{~V~N|^c~ t=0.3s
TIGHT n=13 m=66 tag=Kn-evenH217 g6=L~~~~|~f|^w~\u t=0.4s
TIGHT n=13 m=65 tag=Kn-evenH353 g6=L~~~~{~V~Nt^s} t=0.5s
TIGHT n=13 m=66 tag=Kn-evenH218 g6=L~~~~|~f|^j|zq t=0.7s
TIGHT n=13 m=65 tag=Kn-evenH354 g6=L~~~~{~V~N{^e} t=0.3s
TIGHT n=13 m=66 tag=Kn-evenH219 g6=L~~~~|~f|^x|^q t=0.5s
TIGHT n=13 m=65 tag=Kn-evenH355 g6=L~~~~{~V~Nrzxu t=0.4s
TIGHT n=13 m=65 tag=Kn-evenH220 g6=L~~~~|~f|^i^wv t=0.5s
TIGHT n=13 m=65 tag=Kn-evenH356 g6=L~~~~{~V~Ntztu t=0.5s
TIGHT n=13 m=65 tag=Kn-evenH221 g6=L~~~~|~f|^w^[v t=0.5s
TIGHT n=13 m=65 tag=Kn-evenH357 g6=L~~~~{~V~Nt}t{ t=0.4s
TIGHT n=13 m=65 tag=Kn-evenH358 g6=L~~~~{~V~N{}f{ t=0.3s
TIGHT n=13 m=65 tag=Kn-evenH222 g6=L~~~~|~f|^j{zp t=0.3s
TIGHT n=13 m=64 tag=Kn-evenH359 g6=L~~~~{~V~NtNs^ t=0.1s
TIGHT n=13 m=65 tag=Kn-evenH223 g6=L~~~~|~f|^x{^p t=0.8s
TIGHT n=13 m=64 tag=Kn-evenH360 g6=L~~~~{~V~N{Ne^ t=0.2s
TIGHT n=13 m=64 tag=Kn-evenH361 g6=L~~~~{~V~Nrxxr t=0.3s
TIGHT n=13 m=66 tag=Kn-evenH224 g6=L~~~~|~f~Nb~xu t=0.5s
TIGHT n=13 m=64 tag=Kn-evenH362 g6=L~~~~{~V~Ntxtr t=0.2s
TIGHT n=13 m=66 tag=Kn-evenH225 g6=L~~~~|~f~Nd~tu t=0.4s
TIGHT n=13 m=64 tag=Kn-evenH363 g6=L~~~~{~V~Nk}F| t=0.5s
TIGHT n=13 m=66 tag=Kn-evenH226 g6=L~~~~|~f~Np~\u t=0.2s
TIGHT n=13 m=64 tag=Kn-evenH364 g6=L~~~~{~V~Ntytt t=0.4s
TIGHT n=13 m=65 tag=Kn-evenH227 g6=L~~~~|~f~Nb^wv t=0.5s
TIGHT n=13 m=64 tag=Kn-evenH365 g6=L~~~~{~V~N{yft t=0.2s
TIGHT n=13 m=65 tag=Kn-evenH228 g6=L~~~~|~f~Nd^sv t=0.4s
TIGHT n=13 m=64 tag=Kn-evenH366 g6=L~~~~{~V|Ns~f{ t=0.2s
TIGHT n=13 m=64 tag=Kn-evenH367 g6=L~~~~{~V|Nx^{{ t=0.1s
TIGHT n=13 m=65 tag=Kn-evenH229 g6=L~~~~|~f~Np^[v t=0.2s
TIGHT n=13 m=64 tag=Kn-evenH368 g6=L~~~~{~V~Fp~{{ t=0.5s
TIGHT n=13 m=65 tag=Kn-evenH230 g6=L~~~~|~fw~rzf{ t=0.4s
TIGHT n=13 m=64 tag=Kn-evenH369 g6=L~~~~{~V~Fs~u{ t=0.3s
TIGHT n=13 m=64 tag=Kn-evenH231 g6=L~~~~|~fw~bzF| t=0.2s
TIGHT n=13 m=64 tag=Kn-evenH370 g6=L~~~~{~V~F{^f{ t=0.3s
TIGHT n=13 m=64 tag=Kn-evenH232 g6=L~~~~|~fw~fxNx t=0.4s
TIGHT n=13 m=64 tag=Kn-evenH371 g6=L~~~~{~V}]s~|s t=0.4s
TIGHT n=13 m=64 tag=Kn-evenH233 g6=L~~~~|~fw~{xxx t=0.6s
TIGHT n=13 m=64 tag=Kn-evenH372 g6=L~~~~{~V}]t|~o t=0.5s
TIGHT n=13 m=65 tag=Kn-evenH234 g6=L~~~~|~fx^h~^s t=0.4s
TIGHT n=13 m=65 tag=Kn-evenH235 g6=L~~~~|~fx^tzf{ t=0.5s
TIGHT n=13 m=65 tag=Kn-evenH373 g6=L~~~~{~r~fb~w} t=0.5s
TIGHT n=13 m=65 tag=Kn-evenH236 g6=L~~~~|~fx^yzx{ t=0.4s
TIGHT n=13 m=65 tag=Kn-evenH374 g6=L~~~~{~r~fi~i} t=0.2s
TIGHT n=13 m=64 tag=Kn-evenH375 g6=L~~~~{~r~fbnw^ t=0.2s
TIGHT n=13 m=64 tag=Kn-evenH237 g6=L~~~~|~fx^dzF| t=0.5s
TIGHT n=13 m=64 tag=Kn-evenH376 g6=L~~~~{~r~fini^ t=0.2s
TIGHT n=13 m=64 tag=Kn-evenH238 g6=L~~~~|~fx^h|^p t=0.6s
TIGHT n=13 m=64 tag=Kn-evenH377 g6=L~~~~{~rw~d~N{ t=0.6s
TIGHT n=13 m=64 tag=Kn-evenH239 g6=L~~~~|~fx^w||p t=0.2s
TIGHT n=13 m=64 tag=Kn-evenH378 g6=L~~~~{~rw~h~V{ t=0.4s
TIGHT n=13 m=64 tag=Kn-evenH240 g6=L~~~~|~fx^lxVx t=0.4s
TIGHT n=13 m=64 tag=Kn-evenH379 g6=L~~~~{~rxnx^{{ t=0.4s
TIGHT n=13 m=64 tag=Kn-evenH241 g6=L~~~~|~fx^yxxx t=0.5s
TIGHT n=13 m=64 tag=Kn-evenH380 g6=L~~~~{~rynq~r{ t=0.4s
TIGHT n=13 m=64 tag=Kn-evenH242 g6=L~~~~|~fx^{xtx t=0.5s
TIGHT n=13 m=64 tag=Kn-evenH381 g6=L~~~~{~rynt^{{ t=0.4s
TIGHT n=13 m=65 tag=Kn-evenH243 g6=L~~~~|~f{^d~ns t=0.5s
TIGHT n=13 m=64 tag=Kn-evenH382 g6=L~~~~{~rzfp~{{ t=0.4s
TIGHT n=13 m=65 tag=Kn-evenH244 g6=L~~~~|~f{^mzx{ t=0.5s
TIGHT n=13 m=64 tag=Kn-evenH383 g6=L~~~~{~rzfq~y{ t=0.5s
TIGHT n=13 m=64 tag=Kn-evenH384 g6=L~~~~{~rzfw~m{ t=0.4s
TIGHT n=13 m=64 tag=Kn-evenH245 g6=L~~~~|~f{^`~ft t=0.6s
TIGHT n=13 m=64 tag=Kn-evenH385 g6=L~~~~{~rzfu^r{ t=0.2s
TIGHT n=13 m=64 tag=Kn-evenH246 g6=L~~~~|~f{^bzb| t=0.5s
TIGHT n=13 m=64 tag=Kn-evenH247 g6=L~~~~|~f{^k||p t=0.2s
TIGHT n=13 m=64 tag=Kn-evenH386 g6=L~~~~{~rzfy^j{ t=0.4s
TIGHT n=13 m=65 tag=Kn-evenH248 g6=L~~~~|~fzNp~|s t=0.1s
TIGHT n=13 m=64 tag=Kn-evenH387 g6=L~~~~{~rx}h~^s t=0.4s
TIGHT n=13 m=64 tag=Kn-evenH388 g6=L~~~~{~rx}w~|s t=0.2s
TIGHT n=13 m=65 tag=Kn-evenH249 g6=L~~~~|~fzNrzx{ t=0.5s
TIGHT n=13 m=64 tag=Kn-evenH389 g6=L~~~~{~rx}x|~o t=0.5s
TIGHT n=13 m=65 tag=Kn-evenH250 g6=L~~~~|~fzNtzt{ t=0.4s
TIGHT n=13 m=65 tag=Kn-evenH251 g6=L~~~~|~fzN{zf{ t=0.2s
TIGHT n=13 m=64 tag=Kn-evenH390 g6=L~~~~{~ry}d~^s t=0.5s
TIGHT n=13 m=64 tag=Kn-evenH252 g6=L~~~~|~fzNp^{t t=0.2s
TIGHT n=13 m=64 tag=Kn-evenH391 g6=L~~~~{~ry}p~vs t=0.4s
TIGHT n=13 m=64 tag=Kn-evenH253 g6=L~~~~|~fzNs^ut t=0.6s
TIGHT n=13 m=64 tag=Kn-evenH392 g6=L~~~~{~ry}s~|s t=0.6s
TIGHT n=13 m=64 tag=Kn-evenH254 g6=L~~~~|~fzN{Ze| t=0.5s
TIGHT n=13 m=64 tag=Kn-evenH393 g6=L~~~~{~ry}t|~o t=0.2s
TIGHT n=13 m=64 tag=Kn-evenH255 g6=L~~~~|~fzNp||p t=0.5s
TIGHT n=13 m=64 tag=Kn-evenH394 g6=L~~~~{~r}]b~vs t=0.5s
TIGHT n=13 m=64 tag=Kn-evenH256 g6=L~~~~|~fzNs|vp t=0.4s
TIGHT n=13 m=64 tag=Kn-evenH395 g6=L~~~~{~r}]e~|s t=0.6s
TIGHT n=13 m=64 tag=Kn-evenH257 g6=L~~~~|~fzNrxxx t=0.5s
TIGHT n=13 m=64 tag=Kn-evenH258 g6=L~~~~|~fzNtxtx t=0.2s
TIGHT n=13 m=64 tag=Kn-evenH396 g6=L~~~~{~r}]f|~o t=0.4s
TIGHT n=13 m=64 tag=Kn-evenH397 g6=L~~~~{~rzmp~|s t=0.2s
TIGHT n=13 m=64 tag=Kn-evenH259 g6=L~~~~|~fzN{xfx t=0.5s
TIGHT n=13 m=64 tag=Kn-evenH398 g6=L~~~~{~rzmq~zs t=0.4s
TIGHT n=13 m=65 tag=Kn-evenH260 g6=L~~~~|~f|Nh~|s t=0.2s
TIGHT n=13 m=64 tag=Kn-evenH399 g6=L~~~~{~r}md~|s t=0.4s
TIGHT n=13 m=65 tag=Kn-evenH261 g6=L~~~~|~f|Nk~vs t=0.6s
TIGHT n=13 m=64 tag=Kn-evenH400 g6=L~~~~{~r}me~zs t=0.4s
TIGHT n=13 m=65 tag=Kn-evenH262 g6=L~~~~|~f|Nw~^s t=0.5s
TIGHT n=13 m=64 tag=Kn-evenH401 g6=L~~~~{~r}mk~ns t=0.6s
TIGHT n=13 m=66 tag=Kn-evenH402 g6=L~~~z}~v~^`~~` t=0.1s
TIGHT n=13 m=65 tag=Kn-evenH263 g6=L~~~~|~f|Njzx{ t=0.5s
TIGHT n=13 m=66 tag=Kn-evenH403 g6=L~~~z}~v~^bvzp t=0.4s
TIGHT n=13 m=65 tag=Kn-evenH264 g6=L~~~~|~f|Nlzt{ t=0.5s
TIGHT n=13 m=66 tag=Kn-evenH404 g6=L~~~z}~v~^frrx t=0.5s
TIGHT n=13 m=64 tag=Kn-evenH265 g6=L~~~~|~f|Nh^{t t=0.5s
TIGHT n=13 m=67 tag=Kn-evenH405 g6=L~~~z}~vz^|vfr t=0.2s
TIGHT n=13 m=64 tag=Kn-evenH266 g6=L~~~~|~f|Nk^ut t=0.4s
TIGHT n=13 m=64 tag=Kn-evenH267 g6=L~~~~|~f|Nw^]t t=0.4s
TIGHT n=13 m=66 tag=Kn-evenH406 g6=L~~~z}~vz^p~~a t=0.4s
TIGHT n=13 m=64 tag=Kn-evenH268 g6=L~~~~|~f|NlZs| t=0.2s
TIGHT n=13 m=66 tag=Kn-evenH407 g6=L~~~z}~vz^tvvq t=0.4s
TIGHT n=13 m=64 tag=Kn-evenH269 g6=L~~~~|~f|Nh||p t=0.4s
TIGHT n=13 m=66 tag=Kn-evenH408 g6=L~~~z}~vz^tzvi t=0.4s
TIGHT n=13 m=65 tag=Kn-evenH409 g6=L~~~z}~vz^o~|b t=0.2s
TIGHT n=13 m=64 tag=Kn-evenH270 g6=L~~~~|~f|Nk|vp t=0.4s
TIGHT n=13 m=64 tag=Kn-evenH271 g6=L~~~~|~f|Nw|^p t=0.4s
TIGHT n=13 m=65 tag=Kn-evenH410 g6=L~~~z}~vz^svtr t=0.4s
TIGHT n=13 m=65 tag=Kn-evenH411 g6=L~~~z}~vz^sztj t=0.2s
TIGHT n=13 m=64 tag=Kn-evenH272 g6=L~~~~|~f~F`~{t t=0.3s
TIGHT n=13 m=64 tag=Kn-evenH273 g6=L~~~~|~f~Fc~ut t=0.3s
TIGHT n=13 m=65 tag=Kn-evenH412 g6=L~~~z}~v~N`~|b t=0.2s
TIGHT n=13 m=64 tag=Kn-evenH274 g6=L~~~~|~f~Fo~]t t=0.2s
TIGHT n=13 m=65 tag=Kn-evenH413 g6=L~~~z}~v~Nc~vb t=0.3s
TIGHT n=13 m=64 tag=Kn-evenH275 g6=L~~~~|~f~Fk^ft t=0.2s
TIGHT n=13 m=65 tag=Kn-evenH414 g6=L~~~z}~v~Ndvtr t=0.1s
TIGHT n=13 m=64 tag=Kn-evenH276 g6=L~~~~|~f~Fs^Vt t=0.2s
TIGHT n=13 m=65 tag=Kn-evenH415 g6=L~~~z}~v~Nkvfr t=0.4s
TIGHT n=13 m=64 tag=Kn-evenH277 g6=L~~~~|~f~Fbzw| t=0.4s
TIGHT n=13 m=64 tag=Kn-evenH278 g6=L~~~~|~f~Fdzs| t=0.2s
TIGHT n=13 m=67 tag=Kn-evenH416 g6=L~~~z}~vz|t~rr t=0.2s
TIGHT n=13 m=64 tag=Kn-evenH279 g6=L~~~~|~f~Fkze| t=0.4s
TIGHT n=13 m=69 tag=Kn-evenH417 g6=L~~~z}~vz|vzvz t=0.8s
TIGHT n=13 m=66 tag=Kn-evenH418 g6=L~~~z}~vz|p~zq t=0.2s
TIGHT n=13 m=65 tag=Kn-evenH280 g6=L~~~~|~fx}b~N{ t=0.5s
TIGHT n=13 m=65 tag=Kn-evenH281 g6=L~~~~|~fx}h~Z{ t=0.4s
TIGHT n=13 m=66 tag=Kn-evenH419 g6=L~~~z}~vz|fzVy t=0.4s
TIGHT n=13 m=66 tag=Kn-evenH420 g6=L~~~z}~vz|tzry t=0.4s
TIGHT n=13 m=65 tag=Kn-evenH282 g6=L~~~~|~fx}jz^s t=0.6s
TIGHT n=13 m=65 tag=Kn-evenH421 g6=L~~~z}~vz|o~xr t=0.2s
TIGHT n=13 m=64 tag=Kn-evenH283 g6=L~~~~|~fx}bzNt t=0.5s
TIGHT n=13 m=65 tag=Kn-evenH422 g6=L~~~z}~vz|szpz t=0.5s
TIGHT n=13 m=65 tag=Kn-evenH423 g6=L~~~z}~vw~zrvw t=0.3s
TIGHT n=13 m=64 tag=Kn-evenH284 g6=L~~~~|~fx}b|Nx t=0.5s
TIGHT n=13 m=64 tag=Kn-evenH285 g6=L~~~~|~fx}w|xx t=0.3s
TIGHT n=13 m=64 tag=Kn-evenH424 g6=L~~~z}~vw~frNx t=0.5s
TIGHT n=13 m=65 tag=Kn-evenH286 g6=L~~~~|~fz]b~Z{ t=0.5s
TIGHT n=13 m=65 tag=Kn-evenH425 g6=L~~~z}~vx^xv~o t=0.4s
TIGHT n=13 m=65 tag=Kn-evenH426 g6=L~~~z}~vx^zrzw t=0.2s
TIGHT n=13 m=65 tag=Kn-evenH287 g6=L~~~~|~fz]d~V{ t=0.4s
TIGHT n=13 m=65 tag=Kn-evenH427 g6=L~~~z}~vx^|rvw t=0.4s
TIGHT n=13 m=64 tag=Kn-evenH288 g6=L~~~~|~fz]b|Zx t=0.4s
TIGHT n=13 m=64 tag=Kn-evenH289 g6=L~~~~|~fz]d|Vx t=0.5s
TIGHT n=13 m=65 tag=Kn-evenH428 g6=L~~~z}~vx^x|~c t=0.6s
TIGHT n=13 m=65 tag=Kn-evenH429 g6=L~~~z}~vx^ztzs t=0.2s
TIGHT n=13 m=64 tag=Kn-evenH290 g6=L~~~~|~fz]q|xx t=0.6s
TIGHT n=13 m=64 tag=Kn-evenH430 g6=L~~~z}~vx^wv|p t=0.4s
TIGHT n=13 m=64 tag=Kn-evenH291 g6=L~~~~|~fz]s|tx t=0.4s
TIGHT n=13 m=65 tag=Kn-evenH292 g6=L~~~~|~fx~Jz^w t=0.2s
TIGHT n=13 m=64 tag=Kn-evenH431 g6=L~~~z}~vx^{rtx t=0.4s
TIGHT n=13 m=64 tag=Kn-evenH432 g6=L~~~z}~vx^w||d t=0.4s
TIGHT n=13 m=65 tag=Kn-evenH293 g6=L~~~~|~fx~Rznw t=0.5s
TIGHT n=13 m=64 tag=Kn-evenH433 g6=L~~~z}~vzNo~~` t=0.4s
TIGHT n=13 m=65 tag=Kn-evenH294 g6=L~~~~|~fx~Xzzw t=0.5s
TIGHT n=13 m=64 tag=Kn-evenH434 g6=L~~~z}~vzNpv|p t=0.3s
TIGHT n=13 m=64 tag=Kn-evenH295 g6=L~~~~|~fx~BzNx t=0.4s
TIGHT n=13 m=64 tag=Kn-evenH435 g6=L~~~z}~vzNsvvp t=0.4s
TIGHT n=13 m=64 tag=Kn-evenH436 g6=L~~~z}~vzNpz|h t=0.2s
TIGHT n=13 m=65 tag=Kn-evenH296 g6=L~~~~|~f{~Fznw t=0.6s
TIGHT n=13 m=64 tag=Kn-evenH437 g6=L~~~z}~vzNszvh t=0.2s
TIGHT n=13 m=65 tag=Kn-evenH297 g6=L~~~~|~f{~Lzzw t=0.4s
TIGHT n=13 m=64 tag=Kn-evenH438 g6=L~~~z}~vzNrrxx t=0.4s
TIGHT n=13 m=64 tag=Kn-evenH298 g6=L~~~~|~f{~Bzfx t=0.4s
TIGHT n=13 m=64 tag=Kn-evenH439 g6=L~~~z}~vzNtrtx t=0.2s
TIGHT n=13 m=65 tag=Kn-evenH299 g6=L~~~~|~fz^P~~o t=0.3s
TIGHT n=13 m=64 tag=Kn-evenH440 g6=L~~~z}~vzNrxxl t=0.4s
TIGHT n=13 m=65 tag=Kn-evenH300 g6=L~~~~|~fz^Rzzw t=0.6s
TIGHT n=13 m=65 tag=Kn-evenH441 g6=L~~~z}~vx|jz^w t=0.2s
TIGHT n=13 m=65 tag=Kn-evenH442 g6=L~~~z}~vx|j|^s t=0.2s
TIGHT n=13 m=65 tag=Kn-evenH301 g6=L~~~~|~fz^Tzvw t=0.5s
TIGHT n=13 m=65 tag=Kn-evenH443 g6=L~~~z}~vx|r|ns t=0.6s
TIGHT n=13 m=64 tag=Kn-evenH302 g6=L~~~~|~fz^O~|p t=0.4s
TIGHT n=13 m=64 tag=Kn-evenH444 g6=L~~~z}~vx|bzNx t=0.7s
TIGHT n=13 m=65 tag=Kn-evenH303 g6=L~~~~|~f|^H~~o t=0.2s
TIGHT n=13 m=65 tag=Kn-evenH304 g6=L~~~~|~f|^Jzzw t=0.6s
TIGHT n=13 m=64 tag=Kn-evenH445 g6=L~~~z}~vx|b|Nt t=0.4s
TIGHT n=13 m=64 tag=Kn-evenH305 g6=L~~~~|~f|^G~|p t=0.5s
TIGHT n=13 m=65 tag=Kn-evenH446 g6=L~~~z}~vz\rzzw t=0.8s
TIGHT n=13 m=64 tag=Kn-evenH306 g6=L~~~~|~f~N@~|p t=0.4s
TIGHT n=13 m=64 tag=Kn-evenH307 g6=L~~~~|~f~NO~^p t=0.2s
TIGHT n=13 m=65 tag=Kn-evenH447 g6=L~~~z}~vz\tzvw t=0.4s
TIGHT n=13 m=64 tag=Kn-evenH448 g6=L~~~z}~vz\sztx t=0.2s
TIGHT n=13 m=64 tag=Kn-evenH308 g6=L~~~~|~f~NBzxx t=0.5s
TIGHT n=13 m=66 tag=Kn-evenH449 g6=L~~~z}~V|^y~xf t=0.6s
TIGHT n=13 m=64 tag=Kn-evenH309 g6=L~~~~|~f~NDztx t=0.5s
TIGHT n=13 m=65 tag=Kn-evenH450 g6=L~~~z}~V|^w~|e t=0.4s
TIGHT n=13 m=65 tag=Kn-evenH310 g6=L~~~~|~fz}B~^w t=0.6s
TIGHT n=13 m=65 tag=Kn-evenH451 g6=L~~~z}~V|^jvZu t=0.4s
TIGHT n=13 m=65 tag=Kn-evenH452 g6=L~~~z}~V|^yvxu t=0.4s
TIGHT n=13 m=65 tag=Kn-evenH311 g6=L~~~~|~fz}P~zw t=0.4s
TIGHT n=13 m=64 tag=Kn-evenH312 g6=L~~~~|~fz}Bz^p t=0.5s
TIGHT n=13 m=64 tag=Kn-evenH453 g6=L~~~z}~V|^w^{f t=0.4s
TIGHT n=13 m=64 tag=Kn-evenH454 g6=L~~~z}~V|^bvJv t=0.2s
TIGHT n=13 m=69 tag=Kn-evenH313 g6=L~~~~|~^s~t~r~ t=0.5s
TIGHT n=13 m=64 tag=Kn-evenH455 g6=L~~~z}~V|^dvFv t=0.2s
TIGHT n=13 m=67 tag=Kn-evenH314 g6=L~~~~|~^s~{~`~ t=0.2s
TIGHT n=13 m=64 tag=Kn-evenH456 g6=L~~~z}~V|^yVwv t=0.3s
TIGHT n=13 m=66 tag=Kn-evenH315 g6=L~~~~|~^s~s~p} t=0.4s
TIGHT n=13 m=64 tag=Kn-evenH457 g6=L~~~z}~V|^frB~ t=0.4s
TIGHT n=13 m=66 tag=Kn-evenH316 g6=L~~~~|~^s~fzVu t=0.4s
TIGHT n=13 m=66 tag=Kn-evenH458 g6=L~~~z}~V}^{~lf t=0.2s
TIGHT n=13 m=66 tag=Kn-evenH317 g6=L~~~~|~^s~t}r{ t=0.6s
TIGHT n=13 m=65 tag=Kn-evenH459 g6=L~~~z}~V}^s~|e t=0.4s
TIGHT n=13 m=65 tag=Kn-evenH318 g6=L~~~~|~^s~s^o~ t=0.4s
TIGHT n=13 m=65 tag=Kn-evenH460 g6=L~~~z}~V}^fvZu t=0.2s
TIGHT n=13 m=65 tag=Kn-evenH319 g6=L~~~~|~^s^q~x{ t=0.5s
TIGHT n=13 m=65 tag=Kn-evenH461 g6=L~~~z}~V}^rvru t=0.5s
TIGHT n=13 m=65 tag=Kn-evenH462 g6=L~~~z}~V}^lvNu t=0.2s
TIGHT n=13 m=64 tag=Kn-evenH320 g6=L~~~~|~^s^q^w| t=0.5s
TIGHT n=13 m=64 tag=Kn-evenH321 g6=L~~~~|~^s^bzZt t=0.4s
TIGHT n=13 m=65 tag=Kn-evenH463 g6=L~~~z}~V}^xvfu t=0.4s
TIGHT n=13 m=64 tag=Kn-evenH322 g6=L~~~~|~Fx^xz^w t=0.2s
TIGHT n=13 m=65 tag=Kn-evenH464 g6=L~~~z}~V}^{vlu t=0.2s
TIGHT n=13 m=64 tag=Kn-evenH323 g6=L~~~~|~bw~tznw t=0.5s
TIGHT n=13 m=64 tag=Kn-evenH465 g6=L~~~z}~V}^s^{f t=0.4s
TIGHT n=13 m=64 tag=Kn-evenH324 g6=L~~~~|~bw~{z|w t=0.5s
TIGHT n=13 m=64 tag=Kn-evenH466 g6=L~~~z}~V}^bvRv t=0.6s
TIGHT n=13 m=64 tag=Kn-evenH325 g6=L~~~~|~b{^fznw t=0.6s
TIGHT n=13 m=64 tag=Kn-evenH467 g6=L~~~z}~V}^hvFv t=0.5s
TIGHT n=13 m=64 tag=Kn-evenH468 g6=L~~~z}~V}^{Vkv t=0.1s
TIGHT n=13 m=64 tag=Kn-evenH326 g6=L~~~~|~b{^mz|w t=0.5s
TIGHT n=13 m=64 tag=Kn-evenH327 g6=L~~~~|~bxnyzzw t=0.5s
TIGHT n=13 m=64 tag=Kn-evenH469 g6=L~~~z}~V}^d}^d t=0.7s
TIGHT n=13 m=64 tag=Kn-evenH328 g6=L~~~~|~b{nk~~o t=0.3s
TIGHT n=13 m=64 tag=Kn-evenH470 g6=L~~~z}~V}^luNt t=0.5s
TIGHT n=13 m=64 tag=Kn-evenH329 g6=L~~~~|~b{nlz|w t=0.4s
TIGHT n=13 m=65 tag=Kn-evenH471 g6=L~~~z}~V~Np~|e t=0.4s
TIGHT n=13 m=64 tag=Kn-evenH330 g6=L~~~~|~Nq^p~^w t=0.4s
TIGHT n=13 m=65 tag=Kn-evenH472 g6=L~~~z}~V~Ns~ve t=0.4s
TIGHT n=13 m=68 tag=Kn-evenH331 g6=L~~~~{~N}^y~x~ t=0.4s
TIGHT n=13 m=65 tag=Kn-evenH473 g6=L~~~z}~V~Nw~ne t=0.4s
TIGHT n=13 m=66 tag=Kn-evenH332 g6=L~~~~{~N}^}^o~ t=0.4s
TIGHT n=13 m=65 tag=Kn-evenH474 g6=L~~~z}~V~Nxvlu t=0.4s
TIGHT n=13 m=64 tag=Kn-evenH475 g6=L~~~z}~V~Np^{f t=0.2s
TIGHT n=13 m=65 tag=Kn-evenH333 g6=L~~~~{~N}^y^w} t=0.4s
TIGHT n=13 m=64 tag=Kn-evenH476 g6=L~~~z}~V~Ns^uf t=0.2s
TIGHT n=13 m=64 tag=Kn-evenH477 g6=L~~~z}~V~Nw^mf t=0.3s
TIGHT n=13 m=65 tag=Kn-evenH334 g6=L~~~~{~N}^y}x{ t=0.6s
TIGHT n=13 m=64 tag=Kn-evenH478 g6=L~~~z}~V~NxVkv t=0.2s
TIGHT n=13 m=64 tag=Kn-evenH335 g6=L~~~~{~N}^a~H~ t=0.4s
TIGHT n=13 m=68 tag=Kn-evenH479 g6=L~~~z}~V}|t~zv t=0.4s
TIGHT n=13 m=66 tag=Kn-evenH480 g6=L~~~z}~V}|{~hv t=0.2s
TIGHT n=13 m=64 tag=Kn-evenH336 g6=L~~~~{~N}^yNw^ t=0.4s
TIGHT n=13 m=65 tag=Kn-evenH481 g6=L~~~z}~V}|s~xu t=0.2s
TIGHT n=13 m=64 tag=Kn-evenH337 g6=L~~~~{~N}^b}J| t=0.6s
TIGHT n=13 m=64 tag=Kn-evenH338 g6=L~~~~{~N}Nx^{{ t=0.2s
TIGHT n=13 m=65 tag=Kn-evenH482 g6=L~~~z}~V}|fv^e t=0.5s
TIGHT n=13 m=65 tag=Kn-evenH339 g6=L~~~~{~V{~{^w} t=0.4s
TIGHT n=13 m=64 tag=Kn-evenH483 g6=L~~~z}~V}|`~Rv t=0.4s
TIGHT n=13 m=64 tag=Kn-evenH340 g6=L~~~~{~V{~`~B~ t=0.4s
TIGHT n=13 m=64 tag=Kn-evenH484 g6=L~~~z}~V}|s^wv t=0.2s
TIGHT n=13 m=64 tag=Kn-evenH341 g6=L~~~~{~V{~{Nw^ t=0.2s
TIGHT n=13 m=64 tag=Kn-evenH485 g6=L~~~z}~V}|bvVf t=0.4s
TIGHT n=13 m=64 tag=Kn-evenH342 g6=L~~~~{~V{~fxNr t=0.5s
TIGHT n=13 m=64 tag=Kn-evenH486 g6=L~~~z}~Vw~zrV{ t=0.4s
TIGHT n=13 m=64 tag=Kn-evenH343 g6=L~~~~{~V{~rxfr t=0.4s
TIGHT n=13 m=64 tag=Kn-evenH487 g6=L~~~z}~Vw~|rZ{ t=0.4s
TIGHT n=13 m=64 tag=Kn-evenH488 g6=L~~~z}~Vw~~p^w t=0.5s
TIGHT n=13 m=68 tag=Kn-evenH344 g6=L~~~~{~V|^y~x~ t=0.6s
TIGHT n=13 m=64 tag=Kn-evenH489 g6=L~~~z}~Vx^xv^s t=0.2s
TIGHT n=13 m=66 tag=Kn-evenH345 g6=L~~~~{~V|^}^o~ t=0.4s
TIGHT n=13 m=64 tag=Kn-evenH490 g6=L~~~z}~Vx^xz^k t=0.6s
TIGHT n=13 m=65 tag=Kn-evenH346 g6=L~~~~{~V|^y^w} t=0.2s
TIGHT n=13 m=64 tag=Kn-evenH491 g6=L~~~z}~Vy^tv^s t=0.4s
TIGHT n=13 m=64 tag=Kn-evenH347 g6=L~~~~{~V|^a~H~ t=0.4s
TIGHT n=13 m=64 tag=Kn-evenH492 g6=L~~~z}~Vy^tz^k t=0.4s
TIGHT n=13 m=64 tag=Kn-evenH348 g6=L~~~~{~V|^yNw^ t=0.4s
TIGHT n=13 m=64 tag=Kn-evenH493 g6=L~~~z}~V{^tvns t=0.2s
TIGHT n=13 m=64 tag=Kn-evenH349 g6=L~~~~{~V|^b|Jz t=0.4s
TIGHT n=13 m=64 tag=Kn-evenH494 g6=L~~~z}~V{^xzvk t=0.5s
TIGHT n=13 m=64 tag=Kn-evenH350 g6=L~~~~{~V|^yxxr t=0.5s
TIGHT n=13 m=64 tag=Kn-evenH495 g6=L~~~z}~V{^}rx{ t=0.4s
TIGHT n=13 m=64 tag=Kn-evenH351 g6=L~~~~{~V|^zwzp t=0.2s
TIGHT n=13 m=64 tag=Kn-evenH496 g6=L~~~z}~V|Nxv|s t=0.4s
TIGHT n=13 m=66 tag=Kn-evenH352 g6=L~~~~{~V~N|^c~ t=0.4s
TIGHT n=13 m=64 tag=Kn-evenH497 g6=L~~~z}~V|Nxz|k t=0.3s
TIGHT n=13 m=64 tag=Kn-evenH498 g6=L~~~z}~V|N{zvk t=0.2s
TIGHT n=13 m=65 tag=Kn-evenH353 g6=L~~~~{~V~Nt^s} t=0.5s
TIGHT n=13 m=64 tag=Kn-evenH499 g6=L~~~z}~V|Nzrx{ t=0.4s
TIGHT n=13 m=65 tag=Kn-evenH354 g6=L~~~~{~V~N{^e} t=0.3s
TIGHT n=13 m=64 tag=Kn-evenH500 g6=L~~~z}~V}Ns~~c t=0.1s
TIGHT n=13 m=65 tag=Kn-evenH355 g6=L~~~~{~V~Nrzxu t=0.4s
TIGHT n=13 m=64 tag=Kn-evenH501 g6=L~~~z}~V}Ntv|s t=0.4s
TIGHT n=13 m=65 tag=Kn-evenH356 g6=L~~~~{~V~Ntztu t=0.5s
TIGHT n=13 m=64 tag=Kn-evenH502 g6=L~~~z}~V}N{vns t=0.5s
TIGHT n=13 m=64 tag=Kn-evenH503 g6=L~~~z}~V}Ntz|k t=0.2s
TIGHT n=13 m=65 tag=Kn-evenH357 g6=L~~~~{~V~Nt}t{ t=0.4s
TIGHT n=13 m=64 tag=Kn-evenH504 g6=L~~~z}~V}Nvrx{ t=0.2s
TIGHT n=13 m=65 tag=Kn-evenH358 g6=L~~~~{~V~N{}f{ t=0.3s
TIGHT n=13 m=64 tag=Kn-evenH505 g6=L~~~z}~Vx|rzN{ t=0.5s
TIGHT n=13 m=64 tag=Kn-evenH359 g6=L~~~~{~V~NtNs^ t=0.2s
TIGHT n=13 m=64 tag=Kn-evenH506 g6=L~~~z}~Vx|xzZ{ t=0.2s
TIGHT n=13 m=64 tag=Kn-evenH360 g6=L~~~~{~V~N{Ne^ t=0.2s
TIGHT n=13 m=64 tag=Kn-evenH507 g6=L~~~z}~Vx|zr^k t=0.1s
TIGHT n=13 m=64 tag=Kn-evenH361 g6=L~~~~{~V~Nrxxr t=0.3s
TIGHT n=13 m=64 tag=Kn-evenH508 g6=L~~~z}~Vy|rzV{ t=0.6s
TIGHT n=13 m=64 tag=Kn-evenH362 g6=L~~~~{~V~Ntxtr t=0.2s
TIGHT n=13 m=64 tag=Kn-evenH363 g6=L~~~~{~V~Nk}F| t=0.5s
TIGHT n=13 m=64 tag=Kn-evenH509 g6=L~~~z}~Vy|tzZ{ t=0.6s
TIGHT n=13 m=64 tag=Kn-evenH510 g6=L~~~z}~Vy|vr^k t=0.2s
TIGHT n=13 m=64 tag=Kn-evenH364 g6=L~~~~{~V~Ntytt t=0.4s
TIGHT n=13 m=64 tag=Kn-evenH365 g6=L~~~~{~V~N{yft t=0.2s
TIGHT n=13 m=64 tag=Kn-evenH511 g6=L~~~z}~V{|zrvk t=0.5s
TIGHT n=13 m=64 tag=Kn-evenH366 g6=L~~~~{~V|Ns~f{ t=0.2s
TIGHT n=13 m=64 tag=Kn-evenH512 g6=L~~~z}~V}\p~vs t=0.5s
TIGHT n=13 m=64 tag=Kn-evenH367 g6=L~~~~{~V|Nx^{{ t=0.1s
TIGHT n=13 m=64 tag=Kn-evenH513 g6=L~~~z}~V}\uzx{ t=0.4s
TIGHT n=13 m=64 tag=Kn-evenH368 g6=L~~~~{~V~Fp~{{ t=0.5s
TIGHT n=13 m=64 tag=Kn-evenH514 g6=L~~~z}~Vx}rvN{ t=0.4s
TIGHT n=13 m=64 tag=Kn-evenH369 g6=L~~~~{~V~Fs~u{ t=0.3s
TIGHT n=13 m=64 tag=Kn-evenH515 g6=L~~~z}~Vx}xvZ{ t=0.2s
TIGHT n=13 m=64 tag=Kn-evenH370 g6=L~~~~{~V~F{^f{ t=0.4s
TIGHT n=13 m=64 tag=Kn-evenH371 g6=L~~~~{~V}]s~|s t=0.4s
TIGHT n=13 m=64 tag=Kn-evenH516 g6=L~~~z}~V{}rvf{ t=1.0s
TIGHT n=13 m=64 tag=Kn-evenH372 g6=L~~~~{~V}]t|~o t=0.5s
TIGHT n=13 m=64 tag=Kn-evenH517 g6=L~~~z}~V{}tvj{ t=0.5s
TIGHT n=13 m=64 tag=Kn-evenH518 g6=L~~~z}~V{}vrns t=0.2s
TIGHT n=13 m=65 tag=Kn-evenH373 g6=L~~~~{~r~fb~w} t=0.5s
TIGHT n=13 m=64 tag=Kn-evenH519 g6=L~~~z}~V|]p~nk t=0.6s
TIGHT n=13 m=65 tag=Kn-evenH374 g6=L~~~~{~r~fi~i} t=0.2s
TIGHT n=13 m=64 tag=Kn-evenH375 g6=L~~~~{~r~fbnw^ t=0.2s
TIGHT n=13 m=64 tag=Kn-evenH520 g6=L~~~z}~V|]rvj{ t=0.4s
TIGHT n=13 m=64 tag=Kn-evenH376 g6=L~~~~{~r~fini^ t=0.2s
TIGHT n=13 m=64 tag=Kn-evenH521 g6=L~~~z}~Vx~Zr^w t=0.4s
TIGHT n=13 m=64 tag=Kn-evenH522 g6=L~~~z}~Vy~Vr^w t=0.4s
TIGHT n=13 m=64 tag=Kn-evenH377 g6=L~~~~{~rw~d~N{ t=0.6s
TIGHT n=13 m=66 tag=Kn-evenH523 g6=L~~~z}~r}^m~lf t=0.2s
TIGHT n=13 m=64 tag=Kn-evenH378 g6=L~~~~{~rw~h~V{ t=0.4s
TIGHT n=13 m=65 tag=Kn-evenH524 g6=L~~~z}~r}^b~ve t=0.5s
TIGHT n=13 m=64 tag=Kn-evenH379 g6=L~~~~{~rxnx^{{ t=0.4s
TIGHT n=13 m=65 tag=Kn-evenH525 g6=L~~~z}~r}^e~|e t=0.4s
TIGHT n=13 m=64 tag=Kn-evenH380 g6=L~~~~{~rynq~r{ t=0.4s
TIGHT n=13 m=65 tag=Kn-evenH526 g6=L~~~z}~r}^jvfu t=0.4s
TIGHT n=13 m=65 tag=Kn-evenH527 g6=L~~~z}~r}^mvlu t=0.2s
TIGHT n=13 m=64 tag=Kn-evenH381 g6=L~~~~{~rynt^{{ t=0.4s
TIGHT n=13 m=64 tag=Kn-evenH528 g6=L~~~z}~r}^`~rf t=0.4s
TIGHT n=13 m=64 tag=Kn-evenH382 g6=L~~~~{~rzfp~{{ t=0.4s
TIGHT n=13 m=64 tag=Kn-evenH529 g6=L~~~z}~r}^e^{f t=0.4s
TIGHT n=13 m=64 tag=Kn-evenH383 g6=L~~~~{~rzfq~y{ t=0.6s
TIGHT n=13 m=64 tag=Kn-evenH530 g6=L~~~z}~r}^hvbv t=0.6s
TIGHT n=13 m=64 tag=Kn-evenH384 g6=L~~~~{~rzfw~m{ t=0.4s
TIGHT n=13 m=64 tag=Kn-evenH531 g6=L~~~z}~r}^mVkv t=0.2s
TIGHT n=13 m=64 tag=Kn-evenH385 g6=L~~~~{~rzfu^r{ t=0.2s
TIGHT n=13 m=66 tag=Kn-evenH532 g6=L~~~z}~r}n{~Nf t=0.4s
TIGHT n=13 m=64 tag=Kn-evenH386 g6=L~~~~{~rzfy^j{ t=0.4s
TIGHT n=13 m=65 tag=Kn-evenH533 g6=L~~~z}~r}nd~|e t=0.2s
TIGHT n=13 m=64 tag=Kn-evenH387 g6=L~~~~{~rx}h~^s t=0.4s
TIGHT n=13 m=65 tag=Kn-evenH534 g6=L~~~z}~r}nk~ne t=0.4s
TIGHT n=13 m=64 tag=Kn-evenH388 g6=L~~~~{~rx}w~|s t=0.2s
TIGHT n=13 m=64 tag=Kn-evenH389 g6=L~~~~{~rx}x|~o t=0.5s
TIGHT n=13 m=65 tag=Kn-evenH535 g6=L~~~z}~r}nlvlu t=0.5s
TIGHT n=13 m=64 tag=Kn-evenH536 g6=L~~~z}~r}nd^{f t=0.4s
TIGHT n=13 m=64 tag=Kn-evenH390 g6=L~~~~{~ry}d~^s t=0.5s
TIGHT n=13 m=64 tag=Kn-evenH391 g6=L~~~~{~ry}p~vs t=0.4s
TIGHT n=13 m=64 tag=Kn-evenH537 g6=L~~~z}~r}nk^mf t=0.4s
TIGHT n=13 m=64 tag=Kn-evenH392 g6=L~~~~{~ry}s~|s t=0.6s
TIGHT n=13 m=64 tag=Kn-evenH538 g6=L~~~z}~r}nlVkv t=0.5s
TIGHT n=13 m=64 tag=Kn-evenH393 g6=L~~~~{~ry}t|~o t=0.2s
TIGHT n=13 m=64 tag=Kn-evenH539 g6=L~~~z}~r~f`~{f t=0.4s
TIGHT n=13 m=64 tag=Kn-evenH540 g6=L~~~z}~r~fa~yf t=0.2s
TIGHT n=13 m=64 tag=Kn-evenH394 g6=L~~~~{~r}]b~vs t=0.6s
TIGHT n=13 m=64 tag=Kn-evenH541 g6=L~~~z}~r~fg~mf t=0.5s
TIGHT n=13 m=64 tag=Kn-evenH395 g6=L~~~~{~r}]e~|s t=0.6s
TIGHT n=13 m=64 tag=Kn-evenH542 g6=L~~~z}~r~fw^Nf t=0.2s
TIGHT n=13 m=64 tag=Kn-evenH396 g6=L~~~~{~r}]f|~o t=0.4s
TIGHT n=13 m=64 tag=Kn-evenH543 g6=L~~~z}~r~fhvkv t=0.4s
TIGHT n=13 m=64 tag=Kn-evenH397 g6=L~~~~{~rzmp~|s t=0.2s
TIGHT n=13 m=64 tag=Kn-evenH544 g6=L~~~z}~r~fiviv t=0.3s
TIGHT n=13 m=64 tag=Kn-evenH398 g6=L~~~~{~rzmq~zs t=0.4s
TIGHT n=13 m=64 tag=Kn-evenH545 g6=L~~~z}~rw~tvns t=0.4s
TIGHT n=13 m=64 tag=Kn-evenH546 g6=L~~~z}~rw~zrr{ t=0.3s
TIGHT n=13 m=64 tag=Kn-evenH399 g6=L~~~~{~r}md~|s t=0.4s
TIGHT n=13 m=64 tag=Kn-evenH547 g6=L~~~z}~ry^rvvs t=0.5s
TIGHT n=13 m=64 tag=Kn-evenH400 g6=L~~~~{~r}me~zs t=0.4s
TIGHT n=13 m=64 tag=Kn-evenH548 g6=L~~~z}~ry^fz^k t=0.4s
TIGHT n=13 m=64 tag=Kn-evenH401 g6=L~~~~{~r}mk~ns t=0.6s
TIGHT n=13 m=64 tag=Kn-evenH549 g6=L~~~z}~ry^rzvk t=0.2s
TIGHT n=13 m=66 tag=Kn-evenH402 g6=L~~~z}~v~^`~~` t=0.2s
TIGHT n=13 m=64 tag=Kn-evenH550 g6=L~~~z}~rxnxv|s t=0.4s
TIGHT n=13 m=66 tag=Kn-evenH403 g6=L~~~z}~v~^bvzp t=0.4s
TIGHT n=13 m=64 tag=Kn-evenH551 g6=L~~~z}~rxnzrx{ t=0.4s
TIGHT n=13 m=66 tag=Kn-evenH404 g6=L~~~z}~v~^frrx t=0.5s
TIGHT n=13 m=64 tag=Kn-evenH552 g6=L~~~z}~rxn}rr{ t=0.2s
TIGHT n=13 m=67 tag=Kn-evenH405 g6=L~~~z}~vz^|vfr t=0.2s
TIGHT n=13 m=64 tag=Kn-evenH553 g6=L~~~z}~ryns~~c t=0.2s
TIGHT n=13 m=64 tag=Kn-evenH554 g6=L~~~z}~ryntv|s t=0.2s
TIGHT n=13 m=66 tag=Kn-evenH406 g6=L~~~z}~vz^p~~a t=0.4s
TIGHT n=13 m=66 tag=Kn-evenH407 g6=L~~~z}~vz^tvvq t=0.4s
TIGHT n=13 m=64 tag=Kn-evenH555 g6=L~~~z}~rynuvzs t=0.6s
TIGHT n=13 m=66 tag=Kn-evenH408 g6=L~~~z}~vz^tzvi t=0.4s
TIGHT n=13 m=64 tag=Kn-evenH556 g6=L~~~z}~ryn{vns t=0.5s
TIGHT n=13 m=65 tag=Kn-evenH409 g6=L~~~z}~vz^o~|b t=0.2s
TIGHT n=13 m=64 tag=Kn-evenH557 g6=L~~~z}~ryntz|k t=0.2s
TIGHT n=13 m=64 tag=Kn-evenH558 g6=L~~~z}~rynuzzk t=0.5s
TIGHT n=13 m=65 tag=Kn-evenH410 g6=L~~~z}~vz^svtr t=0.4s
TIGHT n=13 m=65 tag=Kn-evenH411 g6=L~~~z}~vz^sztj t=0.2s
TIGHT n=13 m=64 tag=Kn-evenH559 g6=L~~~z}~rynvrx{ t=0.4s
TIGHT n=13 m=65 tag=Kn-evenH412 g6=L~~~z}~v~N`~|b t=0.2s
TIGHT n=13 m=64 tag=Kn-evenH560 g6=L~~~z}~r}Ne~~c t=0.2s
TIGHT n=13 m=65 tag=Kn-evenH413 g6=L~~~z}~v~Nc~vb t=0.3s
TIGHT n=13 m=64 tag=Kn-evenH561 g6=L~~~z}~r}Nfv|s t=0.2s
TIGHT n=13 m=65 tag=Kn-evenH414 g6=L~~~z}~v~Ndvtr t=0.2s
TIGHT n=13 m=64 tag=Kn-evenH562 g6=L~~~z}~r}Nmvns t=0.4s
TIGHT n=13 m=65 tag=Kn-evenH415 g6=L~~~z}~v~Nkvfr t=0.5s
TIGHT n=13 m=64 tag=Kn-evenH563 g6=L~~~z}~rx|h~^s t=0.4s
TIGHT n=13 m=67 tag=Kn-evenH416 g6=L~~~z}~vz|t~rr t=0.2s
TIGHT n=13 m=64 tag=Kn-evenH564 g6=L~~~z}~rx|jzZ{ t=0.4s
TIGHT n=13 m=69 tag=Kn-evenH417 g6=L~~~z}~vz|vzvz t=0.8s
TIGHT n=13 m=64 tag=Kn-evenH565 g6=L~~~z}~ry|d~^s t=0.7s
TIGHT n=13 m=66 tag=Kn-evenH418 g6=L~~~z}~vz|p~zq t=0.2s
TIGHT n=13 m=64 tag=Kn-evenH566 g6=L~~~z}~ry|fzZ{ t=0.2s
TIGHT n=13 m=66 tag=Kn-evenH419 g6=L~~~z}~vz|fzVy t=0.4s
TIGHT n=13 m=64 tag=Kn-evenH567 g6=L~~~z}~ry|rzr{ t=0.5s
TIGHT n=13 m=66 tag=Kn-evenH420 g6=L~~~z}~vz|tzry t=0.4s
TIGHT n=13 m=64 tag=Kn-evenH568 g6=L~~~z}~rzlp~|s t=0.4s
TIGHT n=13 m=65 tag=Kn-evenH421 g6=L~~~z}~vz|o~xr t=0.2s
TIGHT n=13 m=64 tag=Kn-evenH569 g6=L~~~z}~rzlrzx{ t=0.4s
TIGHT n=13 m=65 tag=Kn-evenH422 g6=L~~~z}~vz|szpz t=0.5s
TIGHT n=13 m=65 tag=Kn-evenH423 g6=L~~~z}~vw~zrvw t=0.3s
TIGHT n=13 m=64 tag=Kn-evenH570 g6=L~~~z}~rzluzr{ t=0.5s
TIGHT n=13 m=64 tag=Kn-evenH571 g6=L~~~z}~rx~Xv~o t=0.4s
TIGHT n=13 m=64 tag=Kn-evenH424 g6=L~~~z}~vw~frNx t=0.5s
TIGHT n=13 m=64 tag=Kn-evenH572 g6=L~~~z}~rx~Zrzw t=0.4s
TIGHT n=13 m=65 tag=Kn-evenH425 g6=L~~~z}~vx^xv~o t=0.4s
TIGHT n=13 m=65 tag=Kn-evenH426 g6=L~~~z}~vx^zrzw t=0.2s
TIGHT n=13 m=64 tag=Kn-evenH573 g6=L~~~z}~ry~Tv~o t=0.4s
TIGHT n=13 m=65 tag=Kn-evenH427 g6=L~~~z}~vx^|rvw t=0.4s
TIGHT n=13 m=64 tag=Kn-evenH574 g6=L~~~z}~ry~Tz~g t=0.4s
TIGHT n=13 m=64 tag=Kn-evenH575 g6=L~~~z}~ry~Vrzw t=0.2s
TIGHT n=13 m=65 tag=Kn-evenH428 g6=L~~~z}~vx^x|~c t=0.6s
TIGHT n=13 m=65 tag=Kn-evenH429 g6=L~~~z}~vx^ztzs t=0.2s
TIGHT n=13 m=64 tag=Kn-evenH576 g6=L~~~z}~r}^Fv~o t=0.3s
TIGHT n=13 m=64 tag=Kn-evenH577 g6=L~~~z}~rz|P~~o t=0.2s
TIGHT n=13 m=64 tag=Kn-evenH430 g6=L~~~z}~vx^wv|p t=0.4s
TIGHT n=13 m=64 tag=Kn-evenH578 g6=L~~~z}~rz|Rzzw t=0.4s
TIGHT n=13 m=64 tag=Kn-evenH431 g6=L~~~z}~vx^{rtx t=0.4s
TIGHT n=13 m=68 tag=Kn-evenH579 g6=L~~~z}~^k~x~zv t=0.2s
TIGHT n=13 m=64 tag=Kn-evenH432 g6=L~~~z}~vx^w||d t=0.4s
TIGHT n=13 m=66 tag=Kn-evenH580 g6=L~~~z}~^k~{~pv t=0.2s
TIGHT n=13 m=65 tag=Kn-evenH581 g6=L~~~z}~^k~w~xu t=0.4s
TIGHT n=13 m=64 tag=Kn-evenH433 g6=L~~~z}~vzNo~~` t=0.4s
TIGHT n=13 m=65 tag=Kn-evenH582 g6=L~~~z}~^k~jv^e t=0.5s
TIGHT n=13 m=64 tag=Kn-evenH434 g6=L~~~z}~vzNpv|p t=0.3s
TIGHT n=13 m=64 tag=Kn-evenH435 g6=L~~~z}~vzNsvvp t=0.4s
TIGHT n=13 m=65 tag=Kn-evenH583 g6=L~~~z}~^k~r}ns t=0.4s
TIGHT n=13 m=64 tag=Kn-evenH436 g6=L~~~z}~vzNpz|h t=0.2s
TIGHT n=13 m=64 tag=Kn-evenH584 g6=L~~~z}~^k~w^wv t=0.2s
TIGHT n=13 m=64 tag=Kn-evenH437 g6=L~~~z}~vzNszvh t=0.2s
TIGHT n=13 m=64 tag=Kn-evenH585 g6=L~~~z}~^k~frFn t=0.5s
TIGHT n=13 m=64 tag=Kn-evenH438 g6=L~~~z}~vzNrrxx t=0.4s
TIGHT n=13 m=66 tag=Kn-evenH586 g6=L~~~z}~^m^y~hv t=0.4s
TIGHT n=13 m=64 tag=Kn-evenH439 g6=L~~~z}~vzNtrtx t=0.3s
TIGHT n=13 m=65 tag=Kn-evenH587 g6=L~~~z}~^m^q~xu t=0.6s
TIGHT n=13 m=64 tag=Kn-evenH440 g6=L~~~z}~vzNrxxl t=0.4s
TIGHT n=13 m=65 tag=Kn-evenH441 g6=L~~~z}~vx|jz^w t=0.2s
TIGHT n=13 m=65 tag=Kn-evenH588 g6=L~~~z}~^m^w~lu t=0.4s
TIGHT n=13 m=65 tag=Kn-evenH442 g6=L~~~z}~vx|j|^s t=0.2s
TIGHT n=13 m=65 tag=Kn-evenH589 g6=L~~~z}~^m^r}zs t=0.4s
TIGHT n=13 m=65 tag=Kn-evenH443 g6=L~~~z}~vx|r|ns t=0.6s
TIGHT n=13 m=65 tag=Kn-evenH590 g6=L~~~z}~^m^x}ns t=0.2s
TIGHT n=13 m=64 tag=Kn-evenH591 g6=L~~~z}~^m^q^wv t=0.2s
TIGHT n=13 m=64 tag=Kn-evenH444 g6=L~~~z}~vx|bzNx t=0.7s
TIGHT n=13 m=64 tag=Kn-evenH592 g6=L~~~z}~^m^w^kv t=0.2s
TIGHT n=13 m=64 tag=Kn-evenH593 g6=L~~~z}~^m^h}Nt t=0.2s
TIGHT n=13 m=64 tag=Kn-evenH445 g6=L~~~z}~vx|b|Nt t=0.4s
TIGHT n=13 m=68 tag=Kn-evenH594 g6=L~~~z}~^l}x~r~ t=0.5s
TIGHT n=13 m=65 tag=Kn-evenH446 g6=L~~~z}~vz\rzzw t=0.8s
TIGHT n=13 m=65 tag=Kn-evenH595 g6=L~~~z}~^l}w~p} t=0.2s
TIGHT n=13 m=65 tag=Kn-evenH596 g6=L~~~z}~^l}nt^i t=0.2s
TIGHT n=13 m=65 tag=Kn-evenH447 g6=L~~~z}~vz\tzvw t=0.4s
TIGHT n=13 m=64 tag=Kn-evenH597 g6=L~~~z}~^l}w^o~ t=0.3s
TIGHT n=13 m=64 tag=Kn-evenH448 g6=L~~~z}~vz\sztx t=0.2s
TIGHT n=13 m=64 tag=Kn-evenH598 g6=L~~~z}~^l}frNf t=0.4s
TIGHT n=13 m=66 tag=Kn-evenH449 g6=L~~~z}~V|^y~xf t=0.6s
TIGHT n=13 m=64 tag=Kn-evenH599 g6=L~~~z}~^k^p~ns t=0.4s
TIGHT n=13 m=65 tag=Kn-evenH450 g6=L~~~z}~V|^w~|e t=0.4s
TIGHT n=13 m=64 tag=Kn-evenH600 g6=L~~~z}~^k^yzx{ t=0.2s
TIGHT n=13 m=64 tag=Kn-evenH601 g6=L~~~z}~^mNp~|s t=0.2s
TIGHT n=13 m=65 tag=Kn-evenH451 g6=L~~~z}~V|^jvZu t=0.5s
TIGHT n=13 m=64 tag=Kn-evenH602 g6=L~~~z}~^mNw~ns t=0.3s
TIGHT n=13 m=65 tag=Kn-evenH452 g6=L~~~z}~V|^yvxu t=0.4s
TIGHT n=13 m=64 tag=Kn-evenH603 g6=L~~~z}~^mNrzx{ t=0.2s
TIGHT n=13 m=64 tag=Kn-evenH604 g6=L~~~z}~^k}p~j{ t=0.5s
TIGHT n=13 m=64 tag=Kn-evenH453 g6=L~~~z}~V|^w^{f t=0.4s
TIGHT n=13 m=64 tag=Kn-evenH454 g6=L~~~z}~V|^bvJv t=0.2s
TIGHT n=13 m=64 tag=Kn-evenH605 g6=L~~~z}~^k}rzns t=0.5s
TIGHT n=13 m=64 tag=Kn-evenH455 g6=L~~~z}~V|^dvFv t=0.2s
TIGHT n=13 m=67 tag=Kn-evenH606 g6=L~~~z{~f}^{~|n t=0.2s
TIGHT n=13 m=65 tag=Kn-evenH607 g6=L~~~z{~f}^}^wn t=0.2s
TIGHT n=13 m=64 tag=Kn-evenH456 g6=L~~~z}~V|^yVwv t=0.3s
TIGHT n=13 m=64 tag=Kn-evenH608 g6=L~~~z{~f}^{^{m t=0.4s
TIGHT n=13 m=64 tag=Kn-evenH457 g6=L~~~z}~V|^frB~ t=0.4s
TIGHT n=13 m=64 tag=Kn-evenH609 g6=L~~~z{~f}^t|ni t=0.2s
TIGHT n=13 m=66 tag=Kn-evenH458 g6=L~~~z}~V}^{~lf t=0.2s
TIGHT n=13 m=64 tag=Kn-evenH610 g6=L~~~z{~f~Nx^{m t=0.4s
TIGHT n=13 m=65 tag=Kn-evenH459 g6=L~~~z}~V}^s~|e t=0.4s
TIGHT n=13 m=64 tag=Kn-evenH611 g6=L~~~z{~f~N{^um t=0.2s
TIGHT n=13 m=65 tag=Kn-evenH460 g6=L~~~z}~V}^fvZu t=0.2s
TIGHT n=13 m=64 tag=Kn-evenH612 g6=L~~~z{~f~NjvX} t=0.5s
TIGHT n=13 m=65 tag=Kn-evenH461 g6=L~~~z}~V}^rvru t=0.5s
TIGHT n=13 m=65 tag=Kn-evenH462 g6=L~~~z}~V}^lvNu t=0.2s
TIGHT n=13 m=64 tag=Kn-evenH613 g6=L~~~z{~f~Nx}|k t=0.2s
TIGHT n=13 m=65 tag=Kn-evenH463 g6=L~~~z}~V}^xvfu t=0.4s
TIGHT n=13 m=64 tag=Kn-evenH614 g6=L~~~z{~f~N{}vk t=0.4s
TIGHT n=13 m=65 tag=Kn-evenH464 g6=L~~~z}~V}^{vlu t=0.2s
TIGHT n=13 m=67 tag=Kn-evenH615 g6=L~~~z{~f}|{~x~ t=0.5s
TIGHT n=13 m=64 tag=Kn-evenH616 g6=L~~~z{~f}|{^w} t=0.4s
TIGHT n=13 m=64 tag=Kn-evenH465 g6=L~~~z}~V}^s^{f t=0.4s
TIGHT n=13 m=64 tag=Kn-evenH617 g6=L~~~z{~r~fp~{m t=0.2s
TIGHT n=13 m=64 tag=Kn-evenH466 g6=L~~~z}~V}^bvRv t=0.6s
TIGHT n=13 m=64 tag=Kn-evenH618 g6=L~~~z{~r~fq~ym t=0.2s
TIGHT n=13 m=64 tag=Kn-evenH619 g6=L~~~z{~r~fw~mm t=0.2s
TIGHT n=13 m=64 tag=Kn-evenH467 g6=L~~~z}~V}^hvFv t=0.5s
TIGHT n=13 m=64 tag=Kn-evenH468 g6=L~~~z}~V}^{Vkv t=0.2s
TIGHT n=13 m=65 tag=Kn-evenH620 g6=L~~~z{~nm^}^o~ t=0.5s
TIGHT n=13 m=64 tag=Kn-evenH621 g6=L~~~z{~nm^y^w} t=0.2s
TIGHT n=13 m=64 tag=Kn-evenH469 g6=L~~~z}~V}^d}^d t=0.7s
TIGHT n=13 m=64 tag=Kn-evenH622 g6=L~~~z{~nm^y}x{ t=0.2s
TIGHT n=13 m=65 tag=Kn-evenH623 g6=L~~~z}^fz^}^wn t=0.2s
TIGHT n=13 m=64 tag=Kn-evenH470 g6=L~~~z}~V}^luNt t=0.6s
TIGHT n=13 m=64 tag=Kn-evenH624 g6=L~~~z}^fz^{^{m t=0.1s
TIGHT n=13 m=65 tag=Kn-evenH471 g6=L~~~z}~V~Np~|e t=0.4s
TIGHT n=13 m=64 tag=Kn-evenH625 g6=L~~~z}^fz^l}^k t=0.4s
TIGHT n=13 m=65 tag=Kn-evenH626 g6=L~~~z}^f~N|^[n t=0.2s
TIGHT n=13 m=65 tag=Kn-evenH472 g6=L~~~z}~V~Ns~ve t=0.4s
TIGHT n=13 m=65 tag=Kn-evenH473 g6=L~~~z}~V~Nw~ne t=0.4s
TIGHT n=13 m=64 tag=Kn-evenH627 g6=L~~~z}^f~Nd~lm t=0.5s
TIGHT n=13 m=65 tag=Kn-evenH474 g6=L~~~z}~V~Nxvlu t=0.4s
TIGHT n=13 m=64 tag=Kn-evenH628 g6=L~~~z}^f~Ns~Nm t=0.2s
TIGHT n=13 m=64 tag=Kn-evenH475 g6=L~~~z}~V~Np^{f t=0.2s
TIGHT n=13 m=64 tag=Kn-evenH629 g6=L~~~z}^f~Nl^{m t=0.2s
TIGHT n=13 m=64 tag=Kn-evenH476 g6=L~~~z}~V~Ns^uf t=0.2s
TIGHT n=13 m=64 tag=Kn-evenH630 g6=L~~~z}^f~N{^]m t=0.2s
TIGHT n=13 m=64 tag=Kn-evenH477 g6=L~~~z}~V~Nw^mf t=0.3s
TIGHT n=13 m=64 tag=Kn-evenH631 g6=L~~~z}^f~Nl}|k t=0.2s
TIGHT n=13 m=64 tag=Kn-evenH478 g6=L~~~z}~V~NxVkv t=0.2s
TIGHT n=13 m=64 tag=Kn-evenH632 g6=L~~~z}^f~N{}^k t=0.2s
TIGHT n=13 m=68 tag=Kn-evenH479 g6=L~~~z}~V}|t~zv t=0.4s
TIGHT n=13 m=67 tag=Kn-evenH633 g6=L~~~z}^j}^m~|n t=0.5s
TIGHT n=13 m=66 tag=Kn-evenH480 g6=L~~~z}~V}|{~hv t=0.2s
TIGHT n=13 m=65 tag=Kn-evenH634 g6=L~~~z}^j}^}^[n t=0.3s
TIGHT n=13 m=65 tag=Kn-evenH481 g6=L~~~z}~V}|s~xu t=0.2s
TIGHT n=13 m=64 tag=Kn-evenH635 g6=L~~~z}^j}^m^{m t=0.3s
TIGHT n=13 m=64 tag=Kn-evenH636 g6=L~~~z}^j}^fzne t=0.4s
TIGHT n=13 m=65 tag=Kn-evenH482 g6=L~~~z}~V}|fv^e t=0.6s
TIGHT n=13 m=64 tag=Kn-evenH483 g6=L~~~z}~V}|`~Rv t=0.4s
TIGHT n=13 m=65 tag=Kn-evenH637 g6=L~~~z}^jznz^wn t=0.6s
TIGHT n=13 m=64 tag=Kn-evenH484 g6=L~~~z}~V}|s^wv t=0.2s
TIGHT n=13 m=65 tag=Kn-evenH638 g6=L~~~z}^jzn}^qn t=0.2s
TIGHT n=13 m=64 tag=Kn-evenH639 g6=L~~~z}^jzny^ym t=0.2s
TIGHT n=13 m=64 tag=Kn-evenH485 g6=L~~~z}~V}|bvVf t=0.4s
TIGHT n=13 m=64 tag=Kn-evenH640 g6=L~~~z}^jznmvR} t=0.4s
TIGHT n=13 m=64 tag=Kn-evenH486 g6=L~~~z}~Vw~zrV{ t=0.4s
TIGHT n=13 m=64 tag=Kn-evenH641 g6=L~~~z}^jzn}Vq} t=0.2s
TIGHT n=13 m=64 tag=Kn-evenH487 g6=L~~~z}~Vw~|rZ{ t=0.4s
TIGHT n=13 m=64 tag=Kn-evenH642 g6=L~~~z}^jznxz|e t=0.2s
TIGHT n=13 m=64 tag=Kn-evenH488 g6=L~~~z}~Vw~~p^w t=0.5s
TIGHT n=13 m=64 tag=Kn-evenH643 g6=L~~~z}^jznyzze t=0.5s
TIGHT n=13 m=64 tag=Kn-evenH489 g6=L~~~z}~Vx^xv^s t=0.2s
TIGHT n=13 m=65 tag=Kn-evenH644 g6=L~~~z}^j}n|^[n t=0.2s
TIGHT n=13 m=64 tag=Kn-evenH490 g6=L~~~z}~Vx^xz^k t=0.6s
TIGHT n=13 m=64 tag=Kn-evenH645 g6=L~~~z}^j}nh~tm t=0.5s
TIGHT n=13 m=64 tag=Kn-evenH491 g6=L~~~z}~Vy^tv^s t=0.4s
TIGHT n=13 m=64 tag=Kn-evenH646 g6=L~~~z}^j}ns~Nm t=0.5s
TIGHT n=13 m=64 tag=Kn-evenH492 g6=L~~~z}~Vy^tz^k t=0.4s
TIGHT n=13 m=64 tag=Kn-evenH647 g6=L~~~z}^j}nl^{m t=0.4s
TIGHT n=13 m=64 tag=Kn-evenH493 g6=L~~~z}~V{^tvns t=0.2s
TIGHT n=13 m=64 tag=Kn-evenH648 g6=L~~~z}^j}n{^]m t=0.2s
TIGHT n=13 m=64 tag=Kn-evenH494 g6=L~~~z}~V{^xzvk t=0.6s
TIGHT n=13 m=64 tag=Kn-evenH649 g6=L~~~z}^j}nlz|e t=0.5s
TIGHT n=13 m=64 tag=Kn-evenH495 g6=L~~~z}~V{^}rx{ t=0.4s
TIGHT n=13 m=64 tag=Kn-evenH650 g6=L~~~z}^j}n{z^e t=0.5s
TIGHT n=13 m=64 tag=Kn-evenH496 g6=L~~~z}~V|Nxv|s t=0.4s
TIGHT n=13 m=64 tag=Kn-evenH651 g6=L~~~z}^j}nl||i t=0.2s
TIGHT n=13 m=64 tag=Kn-evenH497 g6=L~~~z}~V|Nxz|k t=0.3s
TIGHT n=13 m=64 tag=Kn-evenH652 g6=L~~~z}^j}n{|^i t=0.4s
TIGHT n=13 m=64 tag=Kn-evenH498 g6=L~~~z}~V|N{zvk t=0.2s
TIGHT n=13 m=64 tag=Kn-evenH653 g6=L~~~z}^j~fi~ym t=0.2s
TIGHT n=13 m=64 tag=Kn-evenH499 g6=L~~~z}~V|Nzrx{ t=0.4s
TIGHT n=13 m=64 tag=Kn-evenH654 g6=L~~~z}^j~fw~]m t=0.3s
TIGHT n=13 m=64 tag=Kn-evenH655 g6=L~~~z}^j~fm^rm t=0.2s
TIGHT n=13 m=64 tag=Kn-evenH500 g6=L~~~z}~V}Ns~~c t=0.1s
TIGHT n=13 m=64 tag=Kn-evenH501 g6=L~~~z}~V}Ntv|s t=0.4s
TIGHT n=13 m=64 tag=Kn-evenH656 g6=L~~~z}^j~fy^Zm t=0.2s
TIGHT n=13 m=67 tag=Kn-evenH657 g6=L~~~z|}f{~{~x~ t=0.3s
TIGHT n=13 m=64 tag=Kn-evenH502 g6=L~~~z}~V}N{vns t=0.5s
TIGHT n=13 m=64 tag=Kn-evenH503 g6=L~~~z}~V}Ntz|k t=0.2s
TIGHT n=13 m=64 tag=Kn-evenH658 g6=L~~~z|}f{~{^w} t=0.2s
TIGHT n=13 m=64 tag=Kn-evenH504 g6=L~~~z}~V}Nvrx{ t=0.2s
TIGHT n=13 m=64 tag=Kn-evenH659 g6=L~~~z|}f{~nr^e t=0.4s
TIGHT n=13 m=67 tag=Kn-evenH660 g6=L~~~z|}f|^y~x~ t=0.4s
TIGHT n=13 m=64 tag=Kn-evenH505 g6=L~~~z}~Vx|rzN{ t=0.5s
TIGHT n=13 m=64 tag=Kn-evenH506 g6=L~~~z}~Vx|xzZ{ t=0.2s
TIGHT n=13 m=65 tag=Kn-evenH661 g6=L~~~z|}f|^}^o~ t=0.4s
TIGHT n=13 m=64 tag=Kn-evenH507 g6=L~~~z}~Vx|zr^k t=0.1s
TIGHT n=13 m=64 tag=Kn-evenH662 g6=L~~~z|}f|^y^w} t=0.6s
TIGHT n=13 m=64 tag=Kn-evenH508 g6=L~~~z}~Vy|rzV{ t=0.6s
TIGHT n=13 m=64 tag=Kn-evenH663 g6=L~~~z|}f|^jvZm t=0.2s
TIGHT n=13 m=64 tag=Kn-evenH664 g6=L~~~z|}f~Nr^w} t=0.2s
TIGHT n=13 m=64 tag=Kn-evenH509 g6=L~~~z}~Vy|tzZ{ t=0.6s
TIGHT n=13 m=64 tag=Kn-evenH510 g6=L~~~z}~Vy|vr^k t=0.2s
TIGHT n=13 m=64 tag=Kn-evenH665 g6=L~~~z|}f~Nt^s} t=0.3s
TIGHT n=13 m=64 tag=Kn-evenH511 g6=L~~~z}~V{|zrvk t=0.5s
TIGHT n=13 m=64 tag=Kn-evenH666 g6=L~~~z|}f~Nr|xy t=0.4s
TIGHT n=13 m=64 tag=Kn-evenH512 g6=L~~~z}~V}\p~vs t=0.5s
TIGHT n=13 m=64 tag=Kn-evenH667 g6=L~~~z|}f~Nt|ty t=0.4s
TIGHT n=13 m=66 tag=Kn-evenH668 g6=L~~~x{~r}^}^{~ t=0.2s
TIGHT n=13 m=64 tag=Kn-evenH513 g6=L~~~z}~V}\uzx{ t=0.4s
TIGHT n=13 m=64 tag=Kn-evenH514 g6=L~~~z}~Vx}rvN{ t=0.4s
TIGHT n=13 m=66 tag=Kn-evenH670 g6=L~~~x|^f~N|^{~ t=0.4s
TIGHT n=13 m=64 tag=Kn-evenH515 g6=L~~~z}~Vx}xvZ{ t=0.2s
TIGHT n=13 m=66 tag=Kn-evenH672 g6=L~~~x|^j}^}^{~ t=0.4s
TIGHT n=13 m=64 tag=Kn-evenH516 g6=L~~~z}~V{}rvf{ t=1.0s
TIGHT n=13 m=66 tag=Kn-evenH673 g6=L~~~x|^j}n|^{~ t=0.4s
TIGHT n=13 m=64 tag=Kn-evenH517 g6=L~~~z}~V{}tvj{ t=0.5s
TIGHT n=13 m=64 tag=Kn-evenH518 g6=L~~~z}~V{}vrns t=0.2s
TIGHT n=13 m=64 tag=Kn-evenH676 g6=L~~z|~^zzno~~B t=0.5s
TIGHT n=13 m=64 tag=Kn-evenH519 g6=L~~~z}~V|]p~nk t=0.6s
TIGHT n=13 m=64 tag=Kn-evenH677 g6=L~~z|~^zznqnzb t=0.2s
TIGHT n=13 m=64 tag=Kn-evenH520 g6=L~~~z}~V|]rvj{ t=0.4s
TIGHT n=13 m=64 tag=Kn-evenH678 g6=L~~z|~^zznqvzR t=0.2s
TIGHT n=13 m=64 tag=Kn-evenH521 g6=L~~~z}~Vx~Zr^w t=0.4s
TIGHT n=13 m=64 tag=Kn-evenH679 g6=L~~z|~^zznufrr t=0.4s
TIGHT n=13 m=64 tag=Kn-evenH522 g6=L~~~z}~Vy~Vr^w t=0.4s
TIGHT n=13 m=66 tag=Kn-evenH523 g6=L~~~z}~r}^m~lf t=0.2s
TIGHT n=13 m=66 tag=Kn-evenH680 g6=L~~z|~^zzzvvrr t=0.6s
TIGHT n=13 m=65 tag=Kn-evenH524 g6=L~~~z}~r}^b~ve t=0.5s
TIGHT n=13 m=65 tag=Kn-evenH681 g6=L~~z|~^zzzp~~a t=0.4s
TIGHT n=13 m=65 tag=Kn-evenH525 g6=L~~~z}~r}^e~|e t=0.4s
TIGHT n=13 m=65 tag=Kn-evenH682 g6=L~~z|~^zzzrvzq t=0.4s
TIGHT n=13 m=65 tag=Kn-evenH526 g6=L~~~z}~r}^jvfu t=0.5s
TIGHT n=13 m=64 tag=Kn-evenH683 g6=L~~z|~^zzzo~|b t=0.3s
TIGHT n=13 m=65 tag=Kn-evenH527 g6=L~~~z}~r}^mvlu t=0.2s
TIGHT n=13 m=64 tag=Kn-evenH684 g6=L~~z|~^zzzqvxr t=0.4s
TIGHT n=13 m=64 tag=Kn-evenH528 g6=L~~~z}~r}^`~rf t=0.4s
TIGHT n=13 m=64 tag=Kn-evenH685 g6=L~~z|~^zw~|f~o t=0.1s
TIGHT n=13 m=64 tag=Kn-evenH529 g6=L~~~z}~r}^e^{f t=0.5s
TIGHT n=13 m=64 tag=Kn-evenH686 g6=L~~z|~^zw~~bzw t=0.3s
TIGHT n=13 m=64 tag=Kn-evenH687 g6=L~~z|~^zw~|l~c t=0.4s
TIGHT n=13 m=64 tag=Kn-evenH530 g6=L~~~z}~r}^hvbv t=0.6s
TIGHT n=13 m=64 tag=Kn-evenH531 g6=L~~~z}~r}^mVkv t=0.2s
TIGHT n=13 m=64 tag=Kn-evenH688 g6=L~~z|~^zxzxz~g t=0.4s
TIGHT n=13 m=64 tag=Kn-evenH689 g6=L~~z|~^zxzzrzw t=0.2s
TIGHT n=13 m=66 tag=Kn-evenH532 g6=L~~~z}~r}n{~Nf t=0.4s
TIGHT n=13 m=64 tag=Kn-evenH690 g6=L~~z|~^Z|nw~~E t=0.2s
TIGHT n=13 m=65 tag=Kn-evenH533 g6=L~~~z}~r}nd~|e t=0.2s
TIGHT n=13 m=64 tag=Kn-evenH691 g6=L~~z|~^Z|nxn|e t=0.4s
TIGHT n=13 m=65 tag=Kn-evenH534 g6=L~~~z}~r}nk~ne t=0.4s
TIGHT n=13 m=64 tag=Kn-evenH692 g6=L~~z|~^Z|n{nve t=0.5s
TIGHT n=13 m=65 tag=Kn-evenH535 g6=L~~~z}~r}nlvlu t=0.5s
TIGHT n=13 m=65 tag=Kn-evenH693 g6=L~~z|~^Z~N}nff t=0.5s
TIGHT n=13 m=64 tag=Kn-evenH694 g6=L~~z|~^Z~Nq~~E t=0.3s
TIGHT n=13 m=64 tag=Kn-evenH536 g6=L~~~z}~r}nd^{f t=0.4s
TIGHT n=13 m=64 tag=Kn-evenH695 g6=L~~z|~^Z~Nunve t=0.2s
TIGHT n=13 m=64 tag=Kn-evenH696 g6=L~~z|~^Z~NuvvU t=0.2s
TIGHT n=13 m=64 tag=Kn-evenH537 g6=L~~~z}~r}nk^mf t=0.5s
TIGHT n=13 m=65 tag=Kn-evenH697 g6=L~~z|~^Z~Zu~tf t=0.5s
TIGHT n=13 m=64 tag=Kn-evenH538 g6=L~~~z}~r}nlVkv t=0.5s
TIGHT n=13 m=64 tag=Kn-evenH698 g6=L~~z|~^Z~Zb~^e t=0.2s
TIGHT n=13 m=64 tag=Kn-evenH539 g6=L~~~z}~r~f`~{f t=0.4s
TIGHT n=13 m=64 tag=Kn-evenH699 g6=L~~z|~^Z~Zq~|e t=0.2s
TIGHT n=13 m=64 tag=Kn-evenH540 g6=L~~~z}~r~fa~yf t=0.2s
TIGHT n=13 m=64 tag=Kn-evenH700 g6=L~~z|~^Z~ZfvVu t=0.4s
TIGHT n=13 m=64 tag=Kn-evenH701 g6=L~~z|~^Z~Zuvtu t=0.2s
TIGHT n=13 m=64 tag=Kn-evenH541 g6=L~~~z}~r~fg~mf t=0.5s
TIGHT n=13 m=64 tag=Kn-evenH702 g6=L~~z|~^x~Nb~~E t=0.2s
TIGHT n=13 m=64 tag=Kn-evenH542 g6=L~~~z}~r~fw^Nf t=0.2s
TIGHT n=13 m=64 tag=Kn-evenH703 g6=L~~z|~^x~Nfnve t=0.2s
TIGHT n=13 m=64 tag=Kn-evenH543 g6=L~~~z}~r~fhvkv t=0.4s
TIGHT n=13 m=65 tag=Kn-evenH704 g6=L~~z|~^^\^y~xf t=0.1s
TIGHT n=13 m=65 tag=Kn-evenH705 g6=L~~z|~^^\^{~tf t=0.2s
TIGHT n=13 m=64 tag=Kn-evenH544 g6=L~~~z}~r~fiviv t=0.3s
TIGHT n=13 m=64 tag=Kn-evenH706 g6=L~~z|~^^\^w~|e t=0.3s
TIGHT n=13 m=64 tag=Kn-evenH545 g6=L~~~z}~rw~tvns t=0.4s
TIGHT n=13 m=64 tag=Kn-evenH707 g6=L~~z|~^^\^rvju t=0.3s
TIGHT n=13 m=64 tag=Kn-evenH546 g6=L~~~z}~rw~zrr{ t=0.3s
TIGHT n=13 m=64 tag=Kn-evenH708 g6=L~~z|~^^\^tvfu t=0.5s
TIGHT n=13 m=64 tag=Kn-evenH547 g6=L~~~z}~ry^rvvs t=0.5s
TIGHT n=13 m=64 tag=Kn-evenH709 g6=L~~z|~^^\^{vtu t=0.2s
TIGHT n=13 m=65 tag=Kn-evenH710 g6=L~~z|~^^^N{~ff t=0.3s
TIGHT n=13 m=64 tag=Kn-evenH548 g6=L~~~z}~ry^fz^k t=0.4s
TIGHT n=13 m=64 tag=Kn-evenH711 g6=L~~z|~^^^Np~|e t=0.1s
TIGHT n=13 m=64 tag=Kn-evenH712 g6=L~~z|~^^^Ns~ve t=0.1s
TIGHT n=13 m=64 tag=Kn-evenH549 g6=L~~~z}~ry^rzvk t=0.3s
TIGHT n=13 m=64 tag=Kn-evenH713 g6=L~~z|~^^^Ntvtu t=0.2s
TIGHT n=13 m=64 tag=Kn-evenH550 g6=L~~~z}~rxnxv|s t=0.4s
TIGHT n=13 m=67 tag=Kn-evenH714 g6=L~~z|~^^\|x~zv t=0.5s
TIGHT n=13 m=64 tag=Kn-evenH551 g6=L~~~z}~rxnzrx{ t=0.5s
TIGHT n=13 m=65 tag=Kn-evenH715 g6=L~~z|~^^\|{~pv t=0.4s
TIGHT n=13 m=64 tag=Kn-evenH552 g6=L~~~z}~rxn}rr{ t=0.2s
TIGHT n=13 m=64 tag=Kn-evenH716 g6=L~~z|~^^\|w~xu t=0.4s
TIGHT n=13 m=64 tag=Kn-evenH553 g6=L~~~z}~ryns~~c t=0.2s
TIGHT n=13 m=64 tag=Kn-evenH717 g6=L~~z|~^^\|jn^U t=0.2s
TIGHT n=13 m=64 tag=Kn-evenH554 g6=L~~~z}~ryntv|s t=0.2s
TIGHT n=13 m=64 tag=Kn-evenH555 g6=L~~~z}~rynuvzs t=0.6s
TIGHT n=13 m=64 tag=Kn-evenH556 g6=L~~~z}~ryn{vns t=0.5s
TIGHT n=13 m=66 tag=Kn-evenH721 g6=L~~z||^r~Zu~|n t=0.2s
TIGHT n=13 m=64 tag=Kn-evenH557 g6=L~~~z}~ryntz|k t=0.2s
TIGHT n=13 m=64 tag=Kn-evenH558 g6=L~~~z}~rynuzzk t=0.5s
TIGHT n=13 m=64 tag=Kn-evenH559 g6=L~~~z}~rynvrx{ t=0.4s
TIGHT n=13 m=64 tag=Kn-evenH560 g6=L~~~z}~r}Ne~~c t=0.2s
TIGHT n=13 m=64 tag=Kn-evenH561 g6=L~~~z}~r}Nfv|s t=0.2s
TIGHT n=13 m=64 tag=Kn-evenH562 g6=L~~~z}~r}Nmvns t=0.4s
TIGHT n=13 m=66 tag=Kn-evenH730 g6=L~~z|||f}^{~|n t=0.4s
TIGHT n=13 m=64 tag=Kn-evenH563 g6=L~~~z}~rx|h~^s t=0.4s
TIGHT n=13 m=64 tag=Kn-evenH564 g6=L~~~z}~rx|jzZ{ t=0.4s
TIGHT n=13 m=66 tag=Kn-evenH733 g6=L~~z|||f}|{~x~ t=0.2s
TIGHT n=13 m=64 tag=Kn-evenH565 g6=L~~~z}~ry|d~^s t=0.7s
TIGHT n=13 m=64 tag=Kn-evenH566 g6=L~~~z}~ry|fzZ{ t=0.2s
TIGHT n=13 m=66 tag=Kn-evenH736 g6=L~~z|||nm^y~x~ t=0.2s
TIGHT n=13 m=64 tag=Kn-evenH567 g6=L~~~z}~ry|rzr{ t=0.5s
TIGHT n=13 m=64 tag=Kn-evenH568 g6=L~~~z}~rzlp~|s t=0.4s
TIGHT n=13 m=64 tag=Kn-evenH569 g6=L~~~z}~rzlrzx{ t=0.5s
TIGHT n=13 m=64 tag=Kn-evenH570 g6=L~~~z}~rzluzr{ t=0.5s
TIGHT n=13 m=64 tag=Kn-evenH571 g6=L~~~z}~rx~Xv~o t=0.4s
TIGHT n=13 m=64 tag=Kn-evenH572 g6=L~~~z}~rx~Zrzw t=0.5s
TIGHT n=13 m=64 tag=Kn-evenH573 g6=L~~~z}~ry~Tv~o t=0.4s
TIGHT n=13 m=66 tag=Kn-evenH747 g6=L~||}~n]|zzvzv t=0.4s
TIGHT n=13 m=64 tag=Kn-evenH574 g6=L~~~z}~ry~Tz~g t=0.4s
TIGHT n=13 m=64 tag=Kn-evenH575 g6=L~~~z}~ry~Vrzw t=0.2s
SUMMARY n=13 mode=dense {'OK': 42, 'TIGHT': 753, 'CE': 0} time=524s
TIGHT n=13 m=64 tag=Kn-evenH576 g6=L~~~z}~r}^Fv~o t=0.6s
TIGHT n=13 m=64 tag=Kn-evenH577 g6=L~~~z}~rz|P~~o t=0.2s
TIGHT n=13 m=64 tag=Kn-evenH578 g6=L~~~z}~rz|Rzzw t=0.4s
TIGHT n=13 m=68 tag=Kn-evenH579 g6=L~~~z}~^k~x~zv t=0.2s
TIGHT n=13 m=66 tag=Kn-evenH580 g6=L~~~z}~^k~{~pv t=0.2s
TIGHT n=13 m=65 tag=Kn-evenH581 g6=L~~~z}~^k~w~xu t=0.4s
TIGHT n=13 m=65 tag=Kn-evenH582 g6=L~~~z}~^k~jv^e t=0.5s
TIGHT n=13 m=65 tag=Kn-evenH583 g6=L~~~z}~^k~r}ns t=0.4s
TIGHT n=13 m=64 tag=Kn-evenH584 g6=L~~~z}~^k~w^wv t=0.2s
TIGHT n=13 m=64 tag=Kn-evenH585 g6=L~~~z}~^k~frFn t=0.5s
TIGHT n=13 m=66 tag=Kn-evenH586 g6=L~~~z}~^m^y~hv t=0.4s
TIGHT n=13 m=65 tag=Kn-evenH587 g6=L~~~z}~^m^q~xu t=0.6s
TIGHT n=13 m=65 tag=Kn-evenH588 g6=L~~~z}~^m^w~lu t=0.4s
TIGHT n=13 m=65 tag=Kn-evenH589 g6=L~~~z}~^m^r}zs t=0.4s
TIGHT n=13 m=65 tag=Kn-evenH590 g6=L~~~z}~^m^x}ns t=0.2s
TIGHT n=13 m=64 tag=Kn-evenH591 g6=L~~~z}~^m^q^wv t=0.2s
TIGHT n=13 m=64 tag=Kn-evenH592 g6=L~~~z}~^m^w^kv t=0.2s
TIGHT n=13 m=64 tag=Kn-evenH593 g6=L~~~z}~^m^h}Nt t=0.2s
TIGHT n=13 m=68 tag=Kn-evenH594 g6=L~~~z}~^l}x~r~ t=0.4s
TIGHT n=13 m=65 tag=Kn-evenH595 g6=L~~~z}~^l}w~p} t=0.2s
TIGHT n=13 m=65 tag=Kn-evenH596 g6=L~~~z}~^l}nt^i t=0.2s
TIGHT n=13 m=64 tag=Kn-evenH597 g6=L~~~z}~^l}w^o~ t=0.3s
TIGHT n=13 m=64 tag=Kn-evenH598 g6=L~~~z}~^l}frNf t=0.4s
TIGHT n=13 m=64 tag=Kn-evenH599 g6=L~~~z}~^k^p~ns t=0.4s
TIGHT n=13 m=64 tag=Kn-evenH600 g6=L~~~z}~^k^yzx{ t=0.2s
TIGHT n=13 m=64 tag=Kn-evenH601 g6=L~~~z}~^mNp~|s t=0.2s
TIGHT n=13 m=64 tag=Kn-evenH602 g6=L~~~z}~^mNw~ns t=0.3s
TIGHT n=13 m=64 tag=Kn-evenH603 g6=L~~~z}~^mNrzx{ t=0.2s
TIGHT n=13 m=64 tag=Kn-evenH604 g6=L~~~z}~^k}p~j{ t=0.5s
TIGHT n=13 m=64 tag=Kn-evenH605 g6=L~~~z}~^k}rzns t=0.5s
TIGHT n=13 m=67 tag=Kn-evenH606 g6=L~~~z{~f}^{~|n t=0.2s
TIGHT n=13 m=65 tag=Kn-evenH607 g6=L~~~z{~f}^}^wn t=0.2s
TIGHT n=13 m=64 tag=Kn-evenH608 g6=L~~~z{~f}^{^{m t=0.4s
TIGHT n=13 m=64 tag=Kn-evenH609 g6=L~~~z{~f}^t|ni t=0.2s
TIGHT n=13 m=64 tag=Kn-evenH610 g6=L~~~z{~f~Nx^{m t=0.4s
TIGHT n=13 m=64 tag=Kn-evenH611 g6=L~~~z{~f~N{^um t=0.2s
TIGHT n=13 m=64 tag=Kn-evenH612 g6=L~~~z{~f~NjvX} t=0.5s
TIGHT n=13 m=64 tag=Kn-evenH613 g6=L~~~z{~f~Nx}|k t=0.2s
TIGHT n=13 m=64 tag=Kn-evenH614 g6=L~~~z{~f~N{}vk t=0.4s
TIGHT n=13 m=67 tag=Kn-evenH615 g6=L~~~z{~f}|{~x~ t=0.5s
TIGHT n=13 m=64 tag=Kn-evenH616 g6=L~~~z{~f}|{^w} t=0.4s
TIGHT n=13 m=64 tag=Kn-evenH617 g6=L~~~z{~r~fp~{m t=0.2s
TIGHT n=13 m=64 tag=Kn-evenH618 g6=L~~~z{~r~fq~ym t=0.2s
TIGHT n=13 m=64 tag=Kn-evenH619 g6=L~~~z{~r~fw~mm t=0.2s
TIGHT n=13 m=65 tag=Kn-evenH620 g6=L~~~z{~nm^}^o~ t=0.5s
TIGHT n=13 m=64 tag=Kn-evenH621 g6=L~~~z{~nm^y^w} t=0.2s
TIGHT n=13 m=64 tag=Kn-evenH622 g6=L~~~z{~nm^y}x{ t=0.2s
TIGHT n=13 m=65 tag=Kn-evenH623 g6=L~~~z}^fz^}^wn t=0.2s
TIGHT n=13 m=64 tag=Kn-evenH624 g6=L~~~z}^fz^{^{m t=0.1s
TIGHT n=13 m=64 tag=Kn-evenH625 g6=L~~~z}^fz^l}^k t=0.4s
TIGHT n=13 m=65 tag=Kn-evenH626 g6=L~~~z}^f~N|^[n t=0.2s
TIGHT n=13 m=64 tag=Kn-evenH627 g6=L~~~z}^f~Nd~lm t=0.5s
TIGHT n=13 m=64 tag=Kn-evenH628 g6=L~~~z}^f~Ns~Nm t=0.2s
TIGHT n=13 m=64 tag=Kn-evenH629 g6=L~~~z}^f~Nl^{m t=0.2s
TIGHT n=13 m=64 tag=Kn-evenH630 g6=L~~~z}^f~N{^]m t=0.2s
TIGHT n=13 m=64 tag=Kn-evenH631 g6=L~~~z}^f~Nl}|k t=0.2s
TIGHT n=13 m=64 tag=Kn-evenH632 g6=L~~~z}^f~N{}^k t=0.2s
TIGHT n=13 m=67 tag=Kn-evenH633 g6=L~~~z}^j}^m~|n t=0.5s
TIGHT n=13 m=65 tag=Kn-evenH634 g6=L~~~z}^j}^}^[n t=0.2s
TIGHT n=13 m=64 tag=Kn-evenH635 g6=L~~~z}^j}^m^{m t=0.3s
TIGHT n=13 m=64 tag=Kn-evenH636 g6=L~~~z}^j}^fzne t=0.4s
TIGHT n=13 m=65 tag=Kn-evenH637 g6=L~~~z}^jznz^wn t=0.6s
TIGHT n=13 m=65 tag=Kn-evenH638 g6=L~~~z}^jzn}^qn t=0.2s
TIGHT n=13 m=64 tag=Kn-evenH639 g6=L~~~z}^jzny^ym t=0.2s
TIGHT n=13 m=64 tag=Kn-evenH640 g6=L~~~z}^jznmvR} t=0.4s
TIGHT n=13 m=64 tag=Kn-evenH641 g6=L~~~z}^jzn}Vq} t=0.2s
TIGHT n=13 m=64 tag=Kn-evenH642 g6=L~~~z}^jznxz|e t=0.2s
TIGHT n=13 m=64 tag=Kn-evenH643 g6=L~~~z}^jznyzze t=0.5s
TIGHT n=13 m=65 tag=Kn-evenH644 g6=L~~~z}^j}n|^[n t=0.2s
TIGHT n=13 m=64 tag=Kn-evenH645 g6=L~~~z}^j}nh~tm t=0.5s
TIGHT n=13 m=64 tag=Kn-evenH646 g6=L~~~z}^j}ns~Nm t=0.5s
TIGHT n=13 m=64 tag=Kn-evenH647 g6=L~~~z}^j}nl^{m t=0.5s
TIGHT n=13 m=64 tag=Kn-evenH648 g6=L~~~z}^j}n{^]m t=0.2s
TIGHT n=13 m=64 tag=Kn-evenH649 g6=L~~~z}^j}nlz|e t=0.5s
TIGHT n=13 m=64 tag=Kn-evenH650 g6=L~~~z}^j}n{z^e t=0.5s
TIGHT n=13 m=64 tag=Kn-evenH651 g6=L~~~z}^j}nl||i t=0.2s
TIGHT n=13 m=64 tag=Kn-evenH652 g6=L~~~z}^j}n{|^i t=0.4s
TIGHT n=13 m=64 tag=Kn-evenH653 g6=L~~~z}^j~fi~ym t=0.4s
TIGHT n=13 m=64 tag=Kn-evenH654 g6=L~~~z}^j~fw~]m t=0.3s
TIGHT n=13 m=64 tag=Kn-evenH655 g6=L~~~z}^j~fm^rm t=0.2s
TIGHT n=13 m=64 tag=Kn-evenH656 g6=L~~~z}^j~fy^Zm t=0.2s
TIGHT n=13 m=67 tag=Kn-evenH657 g6=L~~~z|}f{~{~x~ t=0.3s
TIGHT n=13 m=64 tag=Kn-evenH658 g6=L~~~z|}f{~{^w} t=0.2s
TIGHT n=13 m=64 tag=Kn-evenH659 g6=L~~~z|}f{~nr^e t=0.4s
TIGHT n=13 m=67 tag=Kn-evenH660 g6=L~~~z|}f|^y~x~ t=0.4s
TIGHT n=13 m=65 tag=Kn-evenH661 g6=L~~~z|}f|^}^o~ t=0.4s
TIGHT n=13 m=64 tag=Kn-evenH662 g6=L~~~z|}f|^y^w} t=0.6s
TIGHT n=13 m=64 tag=Kn-evenH663 g6=L~~~z|}f|^jvZm t=0.4s
TIGHT n=13 m=64 tag=Kn-evenH664 g6=L~~~z|}f~Nr^w} t=0.2s
TIGHT n=13 m=64 tag=Kn-evenH665 g6=L~~~z|}f~Nt^s} t=0.3s
TIGHT n=13 m=64 tag=Kn-evenH666 g6=L~~~z|}f~Nr|xy t=0.4s
TIGHT n=13 m=64 tag=Kn-evenH667 g6=L~~~z|}f~Nt|ty t=0.4s
TIGHT n=13 m=66 tag=Kn-evenH668 g6=L~~~x{~r}^}^{~ t=0.4s
TIGHT n=13 m=66 tag=Kn-evenH670 g6=L~~~x|^f~N|^{~ t=0.4s
TIGHT n=13 m=66 tag=Kn-evenH672 g6=L~~~x|^j}^}^{~ t=0.4s
TIGHT n=13 m=66 tag=Kn-evenH673 g6=L~~~x|^j}n|^{~ t=0.5s
TIGHT n=13 m=64 tag=Kn-evenH676 g6=L~~z|~^zzno~~B t=0.5s
TIGHT n=13 m=64 tag=Kn-evenH677 g6=L~~z|~^zznqnzb t=0.2s
TIGHT n=13 m=64 tag=Kn-evenH678 g6=L~~z|~^zznqvzR t=0.2s
TIGHT n=13 m=64 tag=Kn-evenH679 g6=L~~z|~^zznufrr t=0.4s
TIGHT n=13 m=66 tag=Kn-evenH680 g6=L~~z|~^zzzvvrr t=0.6s
TIGHT n=13 m=65 tag=Kn-evenH681 g6=L~~z|~^zzzp~~a t=0.4s
TIGHT n=13 m=65 tag=Kn-evenH682 g6=L~~z|~^zzzrvzq t=0.4s
TIGHT n=13 m=64 tag=Kn-evenH683 g6=L~~z|~^zzzo~|b t=0.5s
TIGHT n=13 m=64 tag=Kn-evenH684 g6=L~~z|~^zzzqvxr t=0.4s
TIGHT n=13 m=64 tag=Kn-evenH685 g6=L~~z|~^zw~|f~o t=0.2s
TIGHT n=13 m=64 tag=Kn-evenH686 g6=L~~z|~^zw~~bzw t=0.2s
TIGHT n=13 m=64 tag=Kn-evenH687 g6=L~~z|~^zw~|l~c t=0.4s
TIGHT n=13 m=64 tag=Kn-evenH688 g6=L~~z|~^zxzxz~g t=0.4s
TIGHT n=13 m=64 tag=Kn-evenH689 g6=L~~z|~^zxzzrzw t=0.2s
TIGHT n=13 m=64 tag=Kn-evenH690 g6=L~~z|~^Z|nw~~E t=0.2s
TIGHT n=13 m=64 tag=Kn-evenH691 g6=L~~z|~^Z|nxn|e t=0.4s
TIGHT n=13 m=64 tag=Kn-evenH692 g6=L~~z|~^Z|n{nve t=0.5s
TIGHT n=13 m=65 tag=Kn-evenH693 g6=L~~z|~^Z~N}nff t=0.5s
TIGHT n=13 m=64 tag=Kn-evenH694 g6=L~~z|~^Z~Nq~~E t=0.3s
TIGHT n=13 m=64 tag=Kn-evenH695 g6=L~~z|~^Z~Nunve t=0.2s
TIGHT n=13 m=64 tag=Kn-evenH696 g6=L~~z|~^Z~NuvvU t=0.2s
TIGHT n=13 m=65 tag=Kn-evenH697 g6=L~~z|~^Z~Zu~tf t=0.5s
TIGHT n=13 m=64 tag=Kn-evenH698 g6=L~~z|~^Z~Zb~^e t=0.2s
TIGHT n=13 m=64 tag=Kn-evenH699 g6=L~~z|~^Z~Zq~|e t=0.2s
TIGHT n=13 m=64 tag=Kn-evenH700 g6=L~~z|~^Z~ZfvVu t=0.4s
TIGHT n=13 m=64 tag=Kn-evenH701 g6=L~~z|~^Z~Zuvtu t=0.2s
TIGHT n=13 m=64 tag=Kn-evenH702 g6=L~~z|~^x~Nb~~E t=0.2s
TIGHT n=13 m=64 tag=Kn-evenH703 g6=L~~z|~^x~Nfnve t=0.2s
TIGHT n=13 m=65 tag=Kn-evenH704 g6=L~~z|~^^\^y~xf t=0.2s
TIGHT n=13 m=65 tag=Kn-evenH705 g6=L~~z|~^^\^{~tf t=0.4s
TIGHT n=13 m=64 tag=Kn-evenH706 g6=L~~z|~^^\^w~|e t=0.4s
TIGHT n=13 m=64 tag=Kn-evenH707 g6=L~~z|~^^\^rvju t=0.2s
TIGHT n=13 m=64 tag=Kn-evenH708 g6=L~~z|~^^\^tvfu t=0.5s
TIGHT n=13 m=64 tag=Kn-evenH709 g6=L~~z|~^^\^{vtu t=0.2s
TIGHT n=13 m=65 tag=Kn-evenH710 g6=L~~z|~^^^N{~ff t=0.5s
TIGHT n=13 m=64 tag=Kn-evenH711 g6=L~~z|~^^^Np~|e t=0.2s
TIGHT n=13 m=64 tag=Kn-evenH712 g6=L~~z|~^^^Ns~ve t=0.2s
TIGHT n=13 m=64 tag=Kn-evenH713 g6=L~~z|~^^^Ntvtu t=0.2s
TIGHT n=13 m=67 tag=Kn-evenH714 g6=L~~z|~^^\|x~zv t=0.5s
TIGHT n=13 m=65 tag=Kn-evenH715 g6=L~~z|~^^\|{~pv t=0.4s
TIGHT n=13 m=64 tag=Kn-evenH716 g6=L~~z|~^^\|w~xu t=0.4s
TIGHT n=13 m=64 tag=Kn-evenH717 g6=L~~z|~^^\|jn^U t=0.2s
TIGHT n=13 m=66 tag=Kn-evenH721 g6=L~~z||^r~Zu~|n t=0.2s
TIGHT n=13 m=66 tag=Kn-evenH730 g6=L~~z|||f}^{~|n t=0.4s
TIGHT n=13 m=66 tag=Kn-evenH733 g6=L~~z|||f}|{~x~ t=0.2s
TIGHT n=13 m=66 tag=Kn-evenH736 g6=L~~z|||nm^y~x~ t=0.2s
TIGHT n=13 m=66 tag=Kn-evenH747 g6=L~||}~n]|zzvzv t=0.4s
SUMMARY n=13 mode=dense {'OK': 42, 'TIGHT': 753, 'CE': 0} time=568s
