TIGHT n=14 m=81 tag=Kn-oddH0 g6=M~~~~~~~z~p~{^~b_ t=1.5s
TIGHT n=14 m=80 tag=Kn-oddH1 g6=M~~~~~~~x~w~}N~p_ t=0.7s
TIGHT n=14 m=82 tag=Kn-oddH2 g6=M~~~~~~^|~z~w~~F_ t=0.9s
TIGHT n=14 m=81 tag=Kn-oddH3 g6=M~~~~~~^|~x~{^~e_ t=0.8s
TIGHT n=14 m=79 tag=Kn-oddH4 g6=M~~~~~~^x~w~}N^t_ t=0.8s
TIGHT n=14 m=80 tag=Kn-oddH5 g6=M~~~~~~^{~{~}N~s_ t=0.9s
TIGHT n=14 m=80 tag=Kn-oddH6 g6=M~~~~~~^{~{~}\~e_ t=0.8s
TIGHT n=14 m=79 tag=Kn-oddH7 g6=M~~~~~~^{~{^^N^t_ t=0.6s
TIGHT n=14 m=78 tag=Kn-oddH8 g6=M~~~~~~Ny~{^~F^x_ t=0.7s
TIGHT n=14 m=79 tag=Kn-oddH9 g6=M~~~~~~N}^}^~F~w_ t=0.8s
TIGHT n=14 m=79 tag=Kn-oddH10 g6=M~~~~~~N}^}^~J~s_ t=0.2s
TIGHT n=14 m=78 tag=Kn-oddH11 g6=M~~~~~~N}^}N^f^x_ t=0.7s
TIGHT n=14 m=78 tag=Kn-oddH12 g6=M~~~~~~N}^}N|f|x_ t=1.0s
TIGHT n=14 m=77 tag=Kn-oddH13 g6=M~~~~~~N}N~FNvNz_ t=0.9s
TIGHT n=14 m=77 tag=Kn-oddH14 g6=M~~~~~~N}N~Fuvuz_ t=1.0s
TIGHT n=14 m=76 tag=Kn-oddH15 g6=M~~~~~~F~F~bF~F~_ t=0.7s
TIGHT n=14 m=76 tag=Kn-oddH16 g6=M~~~~~~F~F~bJ~J~_ t=0.7s
TIGHT n=14 m=83 tag=Kn-oddH17 g6=M~~~~|~n}~|~|~}N_ t=0.4s
TIGHT n=14 m=82 tag=Kn-oddH18 g6=M~~~~|~n}~|~{~~N? t=1.6s
TIGHT n=14 m=80 tag=Kn-oddH19 g6=M~~~~|~n}~l~{^^m_ t=0.8s
TIGHT n=14 m=81 tag=Kn-oddH20 g6=M~~~~|~n}~{~}^~m? t=2.0s
TIGHT n=14 m=80 tag=Kn-oddH21 g6=M~~~~|~n}~{~]^^m_ t=1.0s
TIGHT n=14 m=79 tag=Kn-oddH22 g6=M~~~~|~n}~{^N^Nn_ t=0.8s
TIGHT n=14 m=79 tag=Kn-oddH23 g6=M~~~~|~ny~{~}N^{_ t=0.6s
TIGHT n=14 m=79 tag=Kn-oddH24 g6=M~~~~|~ny~{~}]^l_ t=0.9s
TIGHT n=14 m=78 tag=Kn-oddH25 g6=M~~~~|~ny~d~{^nl_ t=0.7s
TIGHT n=14 m=78 tag=Kn-oddH26 g6=M~~~~|~ny~{^nNN|_ t=0.6s
TIGHT n=14 m=78 tag=Kn-oddH27 g6=M~~~~|~ny~{^zNZ|_ t=0.3s
TIGHT n=14 m=79 tag=Kn-oddH28 g6=M~~~~|~n}^y~}Nv{_ t=0.7s
TIGHT n=14 m=80 tag=Kn-oddH29 g6=M~~~~|~n}^}^~N~{? t=0.9s
TIGHT n=14 m=79 tag=Kn-oddH30 g6=M~~~~|~n}^}^^N^{_ t=0.9s
TIGHT n=14 m=79 tag=Kn-oddH31 g6=M~~~~|~n}^}^vNv{_ t=0.4s
TIGHT n=14 m=79 tag=Kn-oddH32 g6=M~~~~|~n}^}^^\^m_ t=1.7s
TIGHT n=14 m=78 tag=Kn-oddH33 g6=M~~~~|~n}^m^N^nl_ t=1.4s
TIGHT n=14 m=78 tag=Kn-oddH34 g6=M~~~~|~n}^m^nNN|_ t=1.3s
TIGHT n=14 m=78 tag=Kn-oddH35 g6=M~~~~|~n}^m^~F^t_ t=0.3s
TIGHT n=14 m=78 tag=Kn-oddH36 g6=M~~~~|~n}^y^^NV|_ t=0.6s
TIGHT n=14 m=78 tag=Kn-oddH37 g6=M~~~~|~n}^}NNnN|_ t=0.6s
TIGHT n=14 m=78 tag=Kn-oddH38 g6=M~~~~|~n}^}NVnV|_ t=0.8s
TIGHT n=14 m=78 tag=Kn-oddH39 g6=M~~~~|~n}^}Nrnr|_ t=1.4s
TIGHT n=14 m=78 tag=Kn-oddH40 g6=M~~~~|~n}^}N\n\|_ t=0.6s
TIGHT n=14 m=78 tag=Kn-oddH41 g6=M~~~~|~n}^}N^f^t_ t=0.7s
TIGHT n=14 m=78 tag=Kn-oddH42 g6=M~~~~|~n}^}]N^Nn_ t=0.3s
TIGHT n=14 m=78 tag=Kn-oddH43 g6=M~~~~|~nz}w~}N^t_ t=0.7s
TIGHT n=14 m=77 tag=Kn-oddH44 g6=M~~~~|~n}Nj^nNF~_ t=0.9s
TIGHT n=14 m=77 tag=Kn-oddH45 g6=M~~~~|~n}NnNmnM~_ t=0.9s
TIGHT n=14 m=77 tag=Kn-oddH46 g6=M~~~~|~n}NnNnfNv_ t=0.7s
TIGHT n=14 m=77 tag=Kn-oddH47 g6=M~~~~|~n}NnNnjNz_ t=0.4s
TIGHT n=14 m=77 tag=Kn-oddH48 g6=M~~~~|~n}NzNNnF~_ t=0.9s
TIGHT n=14 m=77 tag=Kn-oddH49 g6=M~~~~|~n}N~FF~F~_ t=1.0s
TIGHT n=14 m=77 tag=Kn-oddH50 g6=M~~~~|~n}N~FR~R~_ t=0.2s
TIGHT n=14 m=77 tag=Kn-oddH51 g6=M~~~~|~n}N~Fp~p~_ t=0.7s
TIGHT n=14 m=77 tag=Kn-oddH52 g6=M~~~~|~n}N~Fq~q~_ t=0.4s
TIGHT n=14 m=78 tag=Kn-oddH53 g6=M~~~~|~N}^}^^Z~k_ t=0.8s
TIGHT n=14 m=78 tag=Kn-oddH54 g6=M~~~~|~N}^}^~L^y_ t=0.6s
TIGHT n=14 m=77 tag=Kn-oddH55 g6=M~~~~|~N}^y^vN^x_ t=0.8s
TIGHT n=14 m=77 tag=Kn-oddH56 g6=M~~~~|~N}^y}}NVz_ t=1.1s
TIGHT n=14 m=77 tag=Kn-oddH57 g6=M~~~~|~N}^}]vNVz_ t=0.9s
TIGHT n=14 m=76 tag=Kn-oddH58 g6=M~~~~|~N{^uz}N^r_ t=0.6s
TIGHT n=14 m=76 tag=Kn-oddH59 g6=M~~~~|~N}Nx^vNZz_ t=0.7s
TIGHT n=14 m=76 tag=Kn-oddH60 g6=M~~~~|~Nx}w~}Nnr_ t=0.6s
TIGHT n=14 m=78 tag=Kn-oddH61 g6=M~~~~|~f|^}^~Mnx_ t=0.8s
TIGHT n=14 m=77 tag=Kn-oddH62 g6=M~~~~|~f|^m^^Nnx_ t=0.4s
TIGHT n=14 m=77 tag=Kn-oddH63 g6=M~~~~|~f|^m|}NN|_ t=0.5s
TIGHT n=14 m=78 tag=Kn-oddH64 g6=M~~~~|~f~N~N^j^{_ t=0.7s
TIGHT n=14 m=77 tag=Kn-oddH65 g6=M~~~~|~f~NvNNn^x_ t=0.7s
TIGHT n=14 m=77 tag=Kn-oddH66 g6=M~~~~|~f~NvNfnvx_ t=0.5s
TIGHT n=14 m=77 tag=Kn-oddH67 g6=M~~~~|~f~NvNjnzx_ t=0.8s
TIGHT n=14 m=77 tag=Kn-oddH68 g6=M~~~~|~f~NnZ^N~p_ t=0.6s
TIGHT n=14 m=77 tag=Kn-oddH69 g6=M~~~~|~f~Nl|}NZ|_ t=0.9s
TIGHT n=14 m=77 tag=Kn-oddH70 g6=M~~~~|~f~Nt|}Nj|_ t=0.8s
TIGHT n=14 m=77 tag=Kn-oddH71 g6=M~~~~|~f~N{|}Nx|_ t=0.3s
TIGHT n=14 m=77 tag=Kn-oddH72 g6=M~~~~|~f~Nn\nNN|_ t=0.4s
TIGHT n=14 m=77 tag=Kn-oddH73 g6=M~~~~|~f~Nn\zNZ|_ t=0.2s
TIGHT n=14 m=77 tag=Kn-oddH74 g6=M~~~~|~f~Nn\~F^t_ t=0.8s
TIGHT n=14 m=77 tag=Kn-oddH75 g6=M~~~~|~f~Nv\vNf|_ t=0.6s
TIGHT n=14 m=77 tag=Kn-oddH76 g6=M~~~~|~f~N|\^NZ|_ t=0.6s
TIGHT n=14 m=77 tag=Kn-oddH77 g6=M~~~~|~f~N|\|Nx|_ t=0.6s
TIGHT n=14 m=77 tag=Kn-oddH78 g6=M~~~~|~f~N~Lfnf|_ t=0.6s
TIGHT n=14 m=77 tag=Kn-oddH79 g6=M~~~~|~f~N~LZnZ|_ t=0.7s
TIGHT n=14 m=77 tag=Kn-oddH80 g6=M~~~~|~f~N~Lxnx|_ t=0.6s
TIGHT n=14 m=77 tag=Kn-oddH81 g6=M~~~~|~f~N~L^f^t_ t=1.1s
TIGHT n=14 m=77 tag=Kn-oddH82 g6=M~~~~|~f~Nnx}N^t_ t=1.0s
TIGHT n=14 m=76 tag=Kn-oddH83 g6=M~~~~|~fzNb~}Nfz_ t=0.6s
TIGHT n=14 m=76 tag=Kn-oddH84 g6=M~~~~|~f|Nd~}NZz_ t=1.0s
TIGHT n=14 m=76 tag=Kn-oddH85 g6=M~~~~|~f|Nf^}N]z_ t=0.6s
TIGHT n=14 m=76 tag=Kn-oddH86 g6=M~~~~|~f|Nr^^NVz_ t=0.7s
TIGHT n=14 m=76 tag=Kn-oddH87 g6=M~~~~|~f|NvNVnVz_ t=0.7s
TIGHT n=14 m=76 tag=Kn-oddH88 g6=M~~~~|~f|NvNZnZz_ t=0.4s
TIGHT n=14 m=76 tag=Kn-oddH89 g6=M~~~~|~f|NvNxnxz_ t=0.6s
TIGHT n=14 m=76 tag=Kn-oddH90 g6=M~~~~|~f~FtnZnNz_ t=0.5s
TIGHT n=14 m=76 tag=Kn-oddH91 g6=M~~~~|~f~F|fJ~Nz_ t=0.8s
TIGHT n=14 m=76 tag=Kn-oddH92 g6=M~~~~|~f~F|fX~\z_ t=1.0s
TIGHT n=14 m=76 tag=Kn-oddH93 g6=M~~~~|~f~F|fh~lz_ t=0.7s
TIGHT n=14 m=76 tag=Kn-oddH94 g6=M~~~~|~f~F|fw~{z_ t=0.7s
TIGHT n=14 m=76 tag=Kn-oddH95 g6=M~~~~|~fx~[^~FNv_ t=0.6s
TIGHT n=14 m=76 tag=Kn-oddH96 g6=M~~~~|~fz^Q~}NF~_ t=0.4s
TIGHT n=14 m=76 tag=Kn-oddH97 g6=M~~~~|~fz^U^vNF~_ t=0.6s
TIGHT n=14 m=76 tag=Kn-oddH98 g6=M~~~~|~fz^]NzfZv_ t=0.5s
TIGHT n=14 m=76 tag=Kn-oddH99 g6=M~~~~|~f|^Y^^NF~_ t=0.6s
TIGHT n=14 m=76 tag=Kn-oddH100 g6=M~~~~|~f|^]NVnF~_ t=0.9s
TIGHT n=14 m=76 tag=Kn-oddH101 g6=M~~~~|~f|^]Nrnb~_ t=0.7s
TIGHT n=14 m=76 tag=Kn-oddH102 g6=M~~~~|~f~NR^^NF~_ t=0.8s
TIGHT n=14 m=76 tag=Kn-oddH103 g6=M~~~~|~f~NVNVnF~_ t=0.8s
TIGHT n=14 m=76 tag=Kn-oddH104 g6=M~~~~|~f~N^Fb~b~_ t=0.6s
TIGHT n=14 m=76 tag=Kn-oddH105 g6=M~~~~|~f~N^F]^]^_ t=0.6s
TIGHT n=14 m=76 tag=Kn-oddH106 g6=M~~~~|~f~N^F}N}N_ t=0.7s
TIGHT n=14 m=77 tag=Kn-oddH107 g6=M~~~~|~^s~{}}N^r_ t=0.8s
TIGHT n=14 m=75 tag=Kn-oddH108 g6=M~~~~|~FzN~Fe~e~_ t=0.7s
TIGHT n=14 m=75 tag=Kn-oddH109 g6=M~~~~|~FzN~F}N}N_ t=0.7s
TIGHT n=14 m=75 tag=Kn-oddH110 g6=M~~~~|~FzNrz}Nfv_ t=0.6s
TIGHT n=14 m=75 tag=Kn-oddH111 g6=M~~~~|~b{^e~}NR~_ t=0.9s
TIGHT n=14 m=75 tag=Kn-oddH112 g6=M~~~~|~b{nd~}NR~_ t=0.8s
TIGHT n=14 m=75 tag=Kn-oddH113 g6=M~~~~|~b{ns~}Np~_ t=0.8s
TIGHT n=14 m=75 tag=Kn-oddH114 g6=M~~~~|~b{nvNZnR~_ t=1.1s
TIGHT n=14 m=75 tag=Kn-oddH115 g6=M~~~~|~b{nvNxnp~_ t=0.5s
TIGHT n=14 m=75 tag=Kn-oddH116 g6=M~~~~|~b|ffnrnR~_ t=0.7s
TIGHT n=14 m=75 tag=Kn-oddH117 g6=M~~~~|~b|ffzvNVv_ t=0.8s
TIGHT n=14 m=76 tag=Kn-oddH118 g6=M~~~~{~V~Nv]nN^r_ t=0.2s
TIGHT n=14 m=75 tag=Kn-oddH119 g6=M~~~~{~V{}{|}NF~_ t=0.3s
TIGHT n=14 m=76 tag=Kn-oddH120 g6=M~~~~{~r~ffz^Nnx_ t=0.8s
TIGHT n=14 m=76 tag=Kn-oddH121 g6=M~~~~{~r~fjz^Nvx_ t=0.4s
TIGHT n=14 m=76 tag=Kn-oddH122 g6=M~~~~{~r~fjzvN^x_ t=0.3s
TIGHT n=14 m=76 tag=Kn-oddH123 g6=M~~~~{~r~fxzvNzx_ t=0.9s
TIGHT n=14 m=76 tag=Kn-oddH124 g6=M~~~~{~r~fyzvN|x_ t=0.7s
TIGHT n=14 m=76 tag=Kn-oddH125 g6=M~~~~{~r~f~bNzN|_ t=0.8s
TIGHT n=14 m=76 tag=Kn-oddH126 g6=M~~~~{~r~f~brzr|_ t=0.2s
TIGHT n=14 m=76 tag=Kn-oddH127 g6=M~~~~{~r~f~btzt|_ t=0.7s
TIGHT n=14 m=75 tag=Kn-oddH128 g6=M~~~~{~rxnf^|N|r_ t=0.6s
TIGHT n=14 m=75 tag=Kn-oddH129 g6=M~~~~{~rzfe~nN|r_ t=0.5s
TIGHT n=14 m=75 tag=Kn-oddH130 g6=M~~~~{~rzfe~|Nnr_ t=0.6s
TIGHT n=14 m=75 tag=Kn-oddH131 g6=M~~~~{~rzfe~~Flz_ t=1.0s
TIGHT n=14 m=75 tag=Kn-oddH132 g6=M~~~~{~rzfi~vN|r_ t=0.7s
TIGHT n=14 m=75 tag=Kn-oddH133 g6=M~~~~{~rzfi~|Nvr_ t=0.7s
TIGHT n=14 m=75 tag=Kn-oddH134 g6=M~~~~{~rzffn~FnZ_ t=0.6s
TIGHT n=14 m=75 tag=Kn-oddH135 g6=M~~~~{~rzfnfrvrz_ t=0.4s
TIGHT n=14 m=75 tag=Kn-oddH136 g6=M~~~~{~rzfnflvlz_ t=0.6s
TIGHT n=14 m=75 tag=Kn-oddH137 g6=M~~~~{~rzfnf{v{z_ t=0.2s
TIGHT n=14 m=75 tag=Kn-oddH138 g6=M~~~~{~r~b}N{n~R_ t=0.5s
TIGHT n=14 m=75 tag=Kn-oddH139 g6=M~~~~{~rx}m^|Nlz_ t=0.5s
TIGHT n=14 m=75 tag=Kn-oddH140 g6=M~~~~{~rzmb~}Nfz_ t=1.2s
TIGHT n=14 m=75 tag=Kn-oddH141 g6=M~~~~{~rzmf^|Nlz_ t=0.6s
TIGHT n=14 m=75 tag=Kn-oddH142 g6=M~~~~{~rzmf^}Nmz_ t=0.7s
TIGHT n=14 m=75 tag=Kn-oddH143 g6=M~~~~{~rzmnNlnlz_ t=0.3s
TIGHT n=14 m=75 tag=Kn-oddH144 g6=M~~~~{~rzm~LlnL~_ t=0.6s
TIGHT n=14 m=75 tag=Kn-oddH145 g6=M~~~~{~r}mi~}N\z_ t=0.6s
TIGHT n=14 m=75 tag=Kn-oddH146 g6=M~~~~{~r~enfR~rz_ t=0.7s
TIGHT n=14 m=75 tag=Kn-oddH147 g6=M~~~~{~r~e~dL~L~_ t=0.8s
TIGHT n=14 m=74 tag=Kn-oddH148 g6=M~~~~{~Fx^}Nrnrv_ t=0.6s
TIGHT n=14 m=74 tag=Kn-oddH149 g6=M~~~~{~Rw~{z}Nb~_ t=0.7s
TIGHT n=14 m=74 tag=Kn-oddH150 g6=M~~~~{~Ry^uz}Nb~_ t=0.6s
TIGHT n=14 m=74 tag=Kn-oddH151 g6=M~~~~{~Rxnyz}Nd~_ t=0.3s
TIGHT n=14 m=74 tag=Kn-oddH152 g6=M~~~~{~p}Vw~}N{v_ t=0.4s
TIGHT n=14 m=74 tag=Kn-oddH153 g6=M~~~~{~p}Vy^~Fw~_ t=0.6s
TIGHT n=14 m=74 tag=Kn-oddH154 g6=M~~~~{~p}Vzfw~{v_ t=0.2s
TIGHT n=14 m=74 tag=Kn-oddH155 g6=M~~~~{~Nq^w~}Nb~_ t=0.6s
TIGHT n=14 m=74 tag=Kn-oddH156 g6=M~~~~{~Vp^}Nrnb~_ t=0.5s
TIGHT n=14 m=74 tag=Kn-oddH157 g6=M~~~~{~VrN~Fb~b~_ t=0.6s
TIGHT n=14 m=73 tag=Kn-oddH158 g6=M~~~~{^FzNs~}Np~_ t=0.7s
TIGHT n=14 m=73 tag=Kn-oddH159 g6=M~~~~{^FzNvNxnp~_ t=0.6s
TIGHT n=14 m=73 tag=Kn-oddH160 g6=M~~~~{^JxnzNxnp~_ t=0.3s
TIGHT n=14 m=73 tag=Kn-oddH161 g6=M~~~~{^Jyns~}Np~_ t=0.3s
TIGHT n=14 m=73 tag=Kn-oddH162 g6=M~~~~{^JzfrnzNr^_ t=0.3s
TIGHT n=14 m=73 tag=Kn-oddH163 g6=M~~~~{^Jzfvfp~p~_ t=0.6s
TIGHT n=14 m=73 tag=Kn-oddH164 g6=M~~~~{^Jzfvfs~s~_ t=0.3s
TIGHT n=14 m=73 tag=Kn-oddH165 g6=M~~~~{^Xzrp~lnp~_ t=0.5s
TIGHT n=14 m=84 tag=Kn-oddH166 g6=M~~~z}~v~^}~}~~^_ t=1.0s
TIGHT n=14 m=81 tag=Kn-oddH167 g6=M~~~z}~v~^}~]~^^? t=2.2s
TIGHT n=14 m=80 tag=Kn-oddH168 g6=M~~~z}~v~^}~M~N^_ t=0.8s
TIGHT n=14 m=80 tag=Kn-oddH169 g6=M~~~z}~v~^m~}^^}? t=0.9s
TIGHT n=14 m=79 tag=Kn-oddH170 g6=M~~~z}~v~^m~M~n]_ t=1.1s
TIGHT n=14 m=79 tag=Kn-oddH171 g6=M~~~z}~v~^m~m^N}_ t=1.8s
TIGHT n=14 m=80 tag=Kn-oddH172 g6=M~~~z}~v~^}^|^|}? t=0.4s
TIGHT n=14 m=79 tag=Kn-oddH173 g6=M~~~z}~v~^}^N^N}_ t=0.8s
TIGHT n=14 m=79 tag=Kn-oddH174 g6=M~~~z}~v~^}^\^\}_ t=0.7s
TIGHT n=14 m=79 tag=Kn-oddH175 g6=M~~~z}~v~^}^{^{}_ t=0.6s
TIGHT n=14 m=79 tag=Kn-oddH176 g6=M~~~z}~v~^}^^N^m_ t=0.6s
TIGHT n=14 m=79 tag=Kn-oddH177 g6=M~~~z}~v~^nv{^^m_ t=0.3s
TIGHT n=14 m=78 tag=Kn-oddH178 g6=M~~~z}~v~^e~U~f^_ t=0.6s
TIGHT n=14 m=78 tag=Kn-oddH179 g6=M~~~z}~v~^m^f^F~_ t=0.6s
TIGHT n=14 m=78 tag=Kn-oddH180 g6=M~~~z}~v~^m^l^L~_ t=1.6s
TIGHT n=14 m=78 tag=Kn-oddH181 g6=M~~~z}~v~^m^nNNn_ t=0.9s
TIGHT n=14 m=78 tag=Kn-oddH182 g6=M~~~z}~v~^m^nVNv_ t=1.1s
TIGHT n=14 m=78 tag=Kn-oddH183 g6=M~~~z}~v~^}NF~F~_ t=1.1s
TIGHT n=14 m=78 tag=Kn-oddH184 g6=M~~~z}~v~^}NL~L~_ t=0.9s
TIGHT n=14 m=78 tag=Kn-oddH185 g6=M~~~z}~v~^}N[~[~_ t=0.8s
TIGHT n=14 m=78 tag=Kn-oddH186 g6=M~~~z}~v~^}N{^{^_ t=0.6s
TIGHT n=14 m=78 tag=Kn-oddH187 g6=M~~~z}~vz^u~]|n]_ t=0.5s
TIGHT n=14 m=78 tag=Kn-oddH188 g6=M~~~z}~vz^}^N^n{_ t=0.7s
TIGHT n=14 m=78 tag=Kn-oddH189 g6=M~~~z}~vz^}^n]N|_ t=0.7s
TIGHT n=14 m=78 tag=Kn-oddH190 g6=M~~~z}~vz^}^|]\|_ t=0.2s
TIGHT n=14 m=77 tag=Kn-oddH191 g6=M~~~z}~vz^b~{^f|_ t=0.5s
TIGHT n=14 m=77 tag=Kn-oddH192 g6=M~~~z}~vz^e~e~v\_ t=0.9s
TIGHT n=14 m=77 tag=Kn-oddH193 g6=M~~~z}~vz^e~u^f|_ t=1.2s
TIGHT n=14 m=77 tag=Kn-oddH194 g6=M~~~z}~vz^e~y^j|_ t=0.8s
TIGHT n=14 m=77 tag=Kn-oddH195 g6=M~~~z}~vz^e~{^l|_ t=1.0s
TIGHT n=14 m=77 tag=Kn-oddH196 g6=M~~~z}~vz^u^f^V|_ t=0.6s
TIGHT n=14 m=77 tag=Kn-oddH197 g6=M~~~z}~vz^u^l^\|_ t=0.9s
TIGHT n=14 m=77 tag=Kn-oddH198 g6=M~~~z}~vz^{^j^N|_ t=0.9s
TIGHT n=14 m=77 tag=Kn-oddH199 g6=M~~~z}~vz^{^zN^l_ t=0.5s
TIGHT n=14 m=77 tag=Kn-oddH200 g6=M~~~z}~vz^fv{^nl_ t=1.4s
TIGHT n=14 m=77 tag=Kn-oddH201 g6=M~~~z}~vz^lv{^zl_ t=0.9s
TIGHT n=14 m=77 tag=Kn-oddH202 g6=M~~~z}~vz^fz{^nt_ t=0.7s
TIGHT n=14 m=77 tag=Kn-oddH203 g6=M~~~z}~vz^uzm^^t_ t=0.8s
TIGHT n=14 m=77 tag=Kn-oddH204 g6=M~~~z}~vz^m}e~f^_ t=0.8s
TIGHT n=14 m=78 tag=Kn-oddH205 g6=M~~~z}~v~N|^^\Z}_ t=0.7s
TIGHT n=14 m=78 tag=Kn-oddH206 g6=M~~~z}~v~N~NN|N}_ t=0.7s
TIGHT n=14 m=78 tag=Kn-oddH207 g6=M~~~z}~v~N~N]|]}_ t=0.7s
TIGHT n=14 m=78 tag=Kn-oddH208 g6=M~~~z}~v~N~Ny|y}_ t=0.7s
TIGHT n=14 m=78 tag=Kn-oddH209 g6=M~~~z}~v~N~N}\}]_ t=0.9s
TIGHT n=14 m=78 tag=Kn-oddH210 g6=M~~~z}~v~N~N^l^m_ t=1.5s
TIGHT n=14 m=77 tag=Kn-oddH211 g6=M~~~z}~v~Nf^V^f|_ t=1.0s
TIGHT n=14 m=77 tag=Kn-oddH212 g6=M~~~z}~v~Nl^N^j|_ t=0.5s
TIGHT n=14 m=77 tag=Kn-oddH213 g6=M~~~z}~v~Nl^j^N|_ t=0.3s
TIGHT n=14 m=77 tag=Kn-oddH214 g6=M~~~z}~v~NnNJ~j|_ t=0.7s
TIGHT n=14 m=77 tag=Kn-oddH215 g6=M~~~z}~v~NnNX~x|_ t=0.5s
TIGHT n=14 m=77 tag=Kn-oddH216 g6=M~~~z}~v~N|NJ~N|_ t=0.4s
TIGHT n=14 m=77 tag=Kn-oddH217 g6=M~~~z}~v~N|NY~]|_ t=0.8s
TIGHT n=14 m=77 tag=Kn-oddH218 g6=M~~~z}~v~Nf}u^F~_ t=1.1s
TIGHT n=14 m=77 tag=Kn-oddH219 g6=M~~~z}~v~Nl}}NZn_ t=0.9s
TIGHT n=14 m=77 tag=Kn-oddH220 g6=M~~~z}~v~Nn]f^F~_ t=0.9s
TIGHT n=14 m=77 tag=Kn-oddH221 g6=M~~~z}~v~Nn]j^J~_ t=0.8s
TIGHT n=14 m=77 tag=Kn-oddH222 g6=M~~~z}~v~Nn]x^X~_ t=0.6s
TIGHT n=14 m=77 tag=Kn-oddH223 g6=M~~~z}~v~Nn]m^M~_ t=0.9s
TIGHT n=14 m=77 tag=Kn-oddH224 g6=M~~~z}~v~Nn]nNNn_ t=0.7s
TIGHT n=14 m=77 tag=Kn-oddH225 g6=M~~~z}~v~Nn]}N]n_ t=0.3s
TIGHT n=14 m=77 tag=Kn-oddH226 g6=M~~~z}~v~Nn]nVNv_ t=0.2s
TIGHT n=14 m=77 tag=Kn-oddH227 g6=M~~~z}~v~N|]\^X~_ t=0.3s
TIGHT n=14 m=77 tag=Kn-oddH228 g6=M~~~z}~v~N|]{^w~_ t=0.6s
TIGHT n=14 m=77 tag=Kn-oddH229 g6=M~~~z}~v~N~MF~F~_ t=0.8s
TIGHT n=14 m=77 tag=Kn-oddH230 g6=M~~~z}~v~N~MJ~J~_ t=1.5s
TIGHT n=14 m=77 tag=Kn-oddH231 g6=M~~~z}~v~N~Mw~w~_ t=0.7s
TIGHT n=14 m=78 tag=Kn-oddH232 g6=M~~~z}~vz|{~}]^l_ t=0.4s
TIGHT n=14 m=77 tag=Kn-oddH233 g6=M~~~z}~vz|s~m^^l_ t=0.7s
TIGHT n=14 m=76 tag=Kn-oddH234 g6=M~~~z}~vx^h~{^b~_ t=0.6s
TIGHT n=14 m=76 tag=Kn-oddH235 g6=M~~~z}~vx^i~y^b~_ t=0.6s
TIGHT n=14 m=76 tag=Kn-oddH236 g6=M~~~z}~vx^i~}Nfn_ t=0.5s
TIGHT n=14 m=76 tag=Kn-oddH237 g6=M~~~z}~vx^i~}Vfv_ t=0.2s
TIGHT n=14 m=76 tag=Kn-oddH238 g6=M~~~z}~vx^j|{^fz_ t=0.8s
TIGHT n=14 m=76 tag=Kn-oddH239 g6=M~~~z}~vzNb~}Nfn_ t=0.6s
TIGHT n=14 m=76 tag=Kn-oddH240 g6=M~~~z}~vzNk~m^h~_ t=1.3s
TIGHT n=14 m=76 tag=Kn-oddH241 g6=M~~~z}~vzNf^r^b~_ t=0.6s
TIGHT n=14 m=76 tag=Kn-oddH242 g6=M~~~z}~vzNf^x^h~_ t=0.8s
TIGHT n=14 m=76 tag=Kn-oddH243 g6=M~~~z}~vzNf^u^e~_ t=0.7s
TIGHT n=14 m=76 tag=Kn-oddH244 g6=M~~~z}~vzNf^vNfn_ t=0.7s
TIGHT n=14 m=76 tag=Kn-oddH245 g6=M~~~z}~vzNf^}Nmn_ t=0.9s
TIGHT n=14 m=76 tag=Kn-oddH246 g6=M~~~z}~vzNf^vVfv_ t=0.3s
TIGHT n=14 m=76 tag=Kn-oddH247 g6=M~~~z}~vzNf^vZfz_ t=1.3s
TIGHT n=14 m=76 tag=Kn-oddH248 g6=M~~~z}~vzNl^f^b~_ t=0.8s
TIGHT n=14 m=76 tag=Kn-oddH249 g6=M~~~z}~vzNl^l^h~_ t=0.2s
TIGHT n=14 m=76 tag=Kn-oddH250 g6=M~~~z}~vzNt^r^F~_ t=0.7s
TIGHT n=14 m=76 tag=Kn-oddH251 g6=M~~~z}~vzNnNb~b~_ t=0.7s
TIGHT n=14 m=76 tag=Kn-oddH252 g6=M~~~z}~vzNnNfnfn_ t=0.9s
TIGHT n=14 m=76 tag=Kn-oddH253 g6=M~~~z}~vzNnNxnxn_ t=0.6s
TIGHT n=14 m=76 tag=Kn-oddH254 g6=M~~~z}~vzNnNfvfv_ t=0.9s
TIGHT n=14 m=76 tag=Kn-oddH255 g6=M~~~z}~vzNfvu^fn_ t=0.8s
TIGHT n=14 m=76 tag=Kn-oddH256 g6=M~~~z}~vzNfzu^fv_ t=0.6s
TIGHT n=14 m=76 tag=Kn-oddH257 g6=M~~~z}~v~F{^Z^[~_ t=0.6s
TIGHT n=14 m=76 tag=Kn-oddH258 g6=M~~~z}~v~Flnb~F~_ t=0.5s
TIGHT n=14 m=76 tag=Kn-oddH259 g6=M~~~z}~v~Flnh~L~_ t=0.2s
TIGHT n=14 m=76 tag=Kn-oddH260 g6=M~~~z}~v~Flnj^N^_ t=0.6s
TIGHT n=14 m=76 tag=Kn-oddH261 g6=M~~~z}~v~FlnjvNv_ t=0.9s
TIGHT n=14 m=76 tag=Kn-oddH262 g6=M~~~z}~v~F{nJ~L~_ t=0.7s
TIGHT n=14 m=76 tag=Kn-oddH263 g6=M~~~z}~v~F{nY~[~_ t=0.9s
TIGHT n=14 m=76 tag=Kn-oddH264 g6=M~~~z}~v~F{ny^{^_ t=0.8s
TIGHT n=14 m=76 tag=Kn-oddH265 g6=M~~~z}~vx|h~{^fn_ t=1.1s
TIGHT n=14 m=76 tag=Kn-oddH266 g6=M~~~z}~vx|lz{^nf_ t=0.8s
TIGHT n=14 m=76 tag=Kn-oddH267 g6=M~~~z}~vz\b~{^fn_ t=0.6s
TIGHT n=14 m=76 tag=Kn-oddH268 g6=M~~~z}~vz\e~u^fn_ t=0.8s
TIGHT n=14 m=76 tag=Kn-oddH269 g6=M~~~z}~vz\k~m^jn_ t=0.7s
TIGHT n=14 m=76 tag=Kn-oddH270 g6=M~~~z}~vz\m^f^fn_ t=0.7s
TIGHT n=14 m=76 tag=Kn-oddH271 g6=M~~~z}~vz\m^j^jn_ t=0.8s
TIGHT n=14 m=76 tag=Kn-oddH272 g6=M~~~z}~vz\fz{^nf_ t=0.4s
TIGHT n=14 m=77 tag=Kn-oddH273 g6=M~~~z}~V|^}^^Zn{_ t=0.4s
TIGHT n=14 m=76 tag=Kn-oddH274 g6=M~~~z}~V|^j|{^f|_ t=0.6s
TIGHT n=14 m=76 tag=Kn-oddH275 g6=M~~~z}~V|^m|u^f|_ t=0.8s
TIGHT n=14 m=76 tag=Kn-oddH276 g6=M~~~z}~V|^m|y^j|_ t=0.4s
TIGHT n=14 m=76 tag=Kn-oddH277 g6=M~~~z}~V}^f|{^f|_ t=0.8s
TIGHT n=14 m=76 tag=Kn-oddH278 g6=M~~~z}~V}^r|{^N|_ t=0.3s
TIGHT n=14 m=76 tag=Kn-oddH279 g6=M~~~z}~V~N{^x^^x_ t=0.6s
TIGHT n=14 m=76 tag=Kn-oddH280 g6=M~~~z}~V~Nfv}Nnx_ t=0.8s
TIGHT n=14 m=76 tag=Kn-oddH281 g6=M~~~z}~V~Njv}Nvx_ t=1.5s
TIGHT n=14 m=76 tag=Kn-oddH282 g6=M~~~z}~V~NvZnV^x_ t=0.8s
TIGHT n=14 m=76 tag=Kn-oddH283 g6=M~~~z}~V~Nj|}Nvl_ t=0.4s
TIGHT n=14 m=76 tag=Kn-oddH284 g6=M~~~z}~V~Nn\j^j|_ t=0.9s
TIGHT n=14 m=76 tag=Kn-oddH285 g6=M~~~z}~V~Nt}y^Nz_ t=0.6s
TIGHT n=14 m=76 tag=Kn-oddH286 g6=M~~~z}~V~Nx}u^Zz_ t=0.8s
TIGHT n=14 m=76 tag=Kn-oddH287 g6=M~~~z}~V~Nx}y^Vz_ t=0.5s
TIGHT n=14 m=76 tag=Kn-oddH288 g6=M~~~z}~V~N{}y^\z_ t=0.2s
TIGHT n=14 m=76 tag=Kn-oddH289 g6=M~~~z}~V~Nv]m^]z_ t=0.4s
TIGHT n=14 m=76 tag=Kn-oddH290 g6=M~~~z}~V~Nv]nV^r_ t=0.8s
TIGHT n=14 m=76 tag=Kn-oddH291 g6=M~~~z}~V~Nz]N^fz_ t=0.3s
TIGHT n=14 m=76 tag=Kn-oddH292 g6=M~~~z}~V~Nz]u^]z_ t=0.4s
TIGHT n=14 m=76 tag=Kn-oddH293 g6=M~~~z}~V~N|]N^jz_ t=0.8s
TIGHT n=14 m=76 tag=Kn-oddH294 g6=M~~~z}~V~N|]j^Nz_ t=0.7s
TIGHT n=14 m=76 tag=Kn-oddH295 g6=M~~~z}~V~N|]x^\z_ t=0.6s
TIGHT n=14 m=76 tag=Kn-oddH296 g6=M~~~z}~V~N~MJ~jz_ t=0.9s
TIGHT n=14 m=76 tag=Kn-oddH297 g6=M~~~z}~V~N~MNnnj_ t=0.7s
TIGHT n=14 m=76 tag=Kn-oddH298 g6=M~~~z}~V~N~MVnvj_ t=0.2s
TIGHT n=14 m=76 tag=Kn-oddH299 g6=M~~~z}~V~N~MNvnr_ t=0.7s
TIGHT n=14 m=76 tag=Kn-oddH300 g6=M~~~z}~V~Nvym^^r_ t=0.6s
TIGHT n=14 m=75 tag=Kn-oddH301 g6=M~~~z}~Vy^rv{^nj_ t=0.6s
TIGHT n=14 m=75 tag=Kn-oddH302 g6=M~~~z}~Vy^xv{^zj_ t=0.3s
TIGHT n=14 m=75 tag=Kn-oddH303 g6=M~~~z}~V|Ns~y^\z_ t=0.6s
TIGHT n=14 m=75 tag=Kn-oddH304 g6=M~~~z}~V|Nt^x^\z_ t=0.6s
TIGHT n=14 m=75 tag=Kn-oddH305 g6=M~~~z}~V|NvNVnvj_ t=0.6s
TIGHT n=14 m=75 tag=Kn-oddH306 g6=M~~~z}~V|Nrvu^^j_ t=0.8s
TIGHT n=14 m=75 tag=Kn-oddH307 g6=M~~~z}~V}Np~m^Zz_ t=0.7s
TIGHT n=14 m=75 tag=Kn-oddH308 g6=M~~~z}~V}Np~y^Nz_ t=0.5s
TIGHT n=14 m=75 tag=Kn-oddH309 g6=M~~~z}~V}Nr^~JNn_ t=0.8s
TIGHT n=14 m=75 tag=Kn-oddH310 g6=M~~~z}~V}Nx^nZJ~_ t=0.6s
TIGHT n=14 m=75 tag=Kn-oddH311 g6=M~~~z}~V}NzNX~xz_ t=0.6s
TIGHT n=14 m=75 tag=Kn-oddH312 g6=M~~~z}~V}NzNjzJ~_ t=0.6s
TIGHT n=14 m=75 tag=Kn-oddH313 g6=M~~~z}~V}Nxvy^^j_ t=0.6s
TIGHT n=14 m=75 tag=Kn-oddH314 g6=M~~~z}~V}NzVN^nj_ t=0.7s
TIGHT n=14 m=75 tag=Kn-oddH315 g6=M~~~z}~V}NzV]^}j_ t=0.6s
TIGHT n=14 m=75 tag=Kn-oddH316 g6=M~~~z}~V}NzVnZNn_ t=0.6s
TIGHT n=14 m=75 tag=Kn-oddH317 g6=M~~~z}~V~F{^x^]z_ t=0.6s
TIGHT n=14 m=75 tag=Kn-oddH318 g6=M~~~z}~V~F{nh~Nz_ t=0.5s
TIGHT n=14 m=75 tag=Kn-oddH319 g6=M~~~z}~Vx|xv{^fz_ t=0.2s
TIGHT n=14 m=75 tag=Kn-oddH320 g6=M~~~z}~Vx|{vy^jz_ t=0.8s
TIGHT n=14 m=75 tag=Kn-oddH321 g6=M~~~z}~Vy|p~{^nj_ t=0.8s
TIGHT n=14 m=75 tag=Kn-oddH322 g6=M~~~z}~Vy|tv{^fz_ t=0.8s
TIGHT n=14 m=75 tag=Kn-oddH323 g6=M~~~z}~V}\rv{^Nz_ t=0.6s
TIGHT n=14 m=75 tag=Kn-oddH324 g6=M~~~z}~V|]s~y^^r_ t=0.8s
TIGHT n=14 m=75 tag=Kn-oddH325 g6=M~~~z}~V|]s~}VZz_ t=0.3s
TIGHT n=14 m=75 tag=Kn-oddH326 g6=M~~~z}~V|]u^|V\z_ t=0.8s
TIGHT n=14 m=75 tag=Kn-oddH327 g6=M~~~z}~V|]rz{^Vz_ t=0.3s
TIGHT n=14 m=75 tag=Kn-oddH328 g6=M~~~z}~V|]tz{^Zz_ t=0.5s
TIGHT n=14 m=75 tag=Kn-oddH329 g6=M~~~z}~V|]uzy^Zz_ t=0.7s
TIGHT n=14 m=75 tag=Kn-oddH330 g6=M~~~z}~Vy~[^j^b~_ t=0.7s
TIGHT n=14 m=75 tag=Kn-oddH331 g6=M~~~z}~Vy~[^nNfn_ t=0.8s
TIGHT n=14 m=75 tag=Kn-oddH332 g6=M~~~z}~Vz^Y^zNrn_ t=0.8s
TIGHT n=14 m=75 tag=Kn-oddH333 g6=M~~~z}~Vz^]Nb~b~_ t=0.8s
TIGHT n=14 m=75 tag=Kn-oddH334 g6=M~~~z}~Vz^]Nk~k~_ t=0.6s
TIGHT n=14 m=75 tag=Kn-oddH335 g6=M~~~z}~Vz^]N{^{^_ t=0.6s
TIGHT n=14 m=75 tag=Kn-oddH336 g6=M~~~z}~Vz^]Nrnrn_ t=0.7s
TIGHT n=14 m=77 tag=Kn-oddH337 g6=M~~~z}~r}nn^^]vx_ t=0.8s
TIGHT n=14 m=76 tag=Kn-oddH338 g6=M~~~z}~r}nf^N^vx_ t=0.6s
TIGHT n=14 m=76 tag=Kn-oddH339 g6=M~~~z}~r}nnV^Nvx_ t=0.5s
TIGHT n=14 m=76 tag=Kn-oddH340 g6=M~~~z}~r}nj|m^N|_ t=0.9s
TIGHT n=14 m=76 tag=Kn-oddH341 g6=M~~~z}~r}nj|y^Z|_ t=0.7s
TIGHT n=14 m=76 tag=Kn-oddH342 g6=M~~~z}~r}nl|y^V|_ t=0.7s
TIGHT n=14 m=76 tag=Kn-oddH343 g6=M~~~z}~r}ny|]^\|_ t=0.7s
TIGHT n=14 m=76 tag=Kn-oddH344 g6=M~~~z}~r}nn\N^f|_ t=0.9s
TIGHT n=14 m=76 tag=Kn-oddH345 g6=M~~~z}~r}nn\f^N|_ t=0.8s
TIGHT n=14 m=76 tag=Kn-oddH346 g6=M~~~z}~r}nn\n\F~_ t=0.8s
TIGHT n=14 m=76 tag=Kn-oddH347 g6=M~~~z}~r}n}\^\T~_ t=0.7s
TIGHT n=14 m=76 tag=Kn-oddH348 g6=M~~~z}~r~fynT~^x_ t=0.7s
TIGHT n=14 m=76 tag=Kn-oddH349 g6=M~~~z}~r~fnfNnnx_ t=0.6s
TIGHT n=14 m=76 tag=Kn-oddH350 g6=M~~~z}~r~fnf^N~X_ t=0.3s
TIGHT n=14 m=76 tag=Kn-oddH351 g6=M~~~z}~r~fj|t^\|_ t=0.6s
TIGHT n=14 m=76 tag=Kn-oddH352 g6=M~~~z}~r~fx|^\R~_ t=0.6s
TIGHT n=14 m=76 tag=Kn-oddH353 g6=M~~~z}~r~fm|N^l|_ t=0.4s
TIGHT n=14 m=76 tag=Kn-oddH354 g6=M~~~z}~r~fm|l^N|_ t=0.8s
TIGHT n=14 m=76 tag=Kn-oddH355 g6=M~~~z}~r~fm|t^V|_ t=0.6s
TIGHT n=14 m=76 tag=Kn-oddH356 g6=M~~~z}~r~fm|{^]|_ t=0.6s
TIGHT n=14 m=76 tag=Kn-oddH357 g6=M~~~z}~r~fy|V^\|_ t=0.6s
TIGHT n=14 m=76 tag=Kn-oddH358 g6=M~~~z}~r~fy|\^V|_ t=0.6s
TIGHT n=14 m=76 tag=Kn-oddH359 g6=M~~~z}~r~fy|^\T~_ t=0.6s
TIGHT n=14 m=76 tag=Kn-oddH360 g6=M~~~z}~r~f}\\^]|_ t=0.6s
TIGHT n=14 m=76 tag=Kn-oddH361 g6=M~~~z}~r~f}\^\[~_ t=0.9s
TIGHT n=14 m=76 tag=Kn-oddH362 g6=M~~~z}~r~fnl^N~L_ t=0.8s
TIGHT n=14 m=76 tag=Kn-oddH363 g6=M~~~z}~r~fnlf|F~_ t=0.7s
TIGHT n=14 m=76 tag=Kn-oddH364 g6=M~~~z}~r~fnll|L~_ t=0.4s
TIGHT n=14 m=76 tag=Kn-oddH365 g6=M~~~z}~r~fnln\N^_ t=0.6s
TIGHT n=14 m=76 tag=Kn-oddH366 g6=M~~~z}~r~fnlntNv_ t=0.8s
TIGHT n=14 m=76 tag=Kn-oddH367 g6=M~~~z}~r~fzlp~x|_ t=0.6s
TIGHT n=14 m=76 tag=Kn-oddH368 g6=M~~~z}~r~f}lL~N|_ t=0.6s
TIGHT n=14 m=76 tag=Kn-oddH369 g6=M~~~z}~r~f}l\^^\_ t=0.6s
TIGHT n=14 m=76 tag=Kn-oddH370 g6=M~~~z}~r~f}lt^v\_ t=0.6s
TIGHT n=14 m=76 tag=Kn-oddH371 g6=M~~~z}~r~f}l}\{^_ t=0.7s
TIGHT n=14 m=76 tag=Kn-oddH372 g6=M~~~z}~r~fntN^nl_ t=0.7s
TIGHT n=14 m=75 tag=Kn-oddH373 g6=M~~~z}~ry^p~{^Nz_ t=1.2s
TIGHT n=14 m=75 tag=Kn-oddH374 g6=M~~~z}~ryne~{^fz_ t=0.8s
TIGHT n=14 m=75 tag=Kn-oddH375 g6=M~~~z}~rynq~{^Nz_ t=0.6s
TIGHT n=14 m=75 tag=Kn-oddH376 g6=M~~~z}~rynl^nZb~_ t=0.6s
TIGHT n=14 m=75 tag=Kn-oddH377 g6=M~~~z}~r}Nh~m^Nz_ t=0.8s
TIGHT n=14 m=75 tag=Kn-oddH378 g6=M~~~z}~r}Nj^j^Nz_ t=0.4s
TIGHT n=14 m=75 tag=Kn-oddH379 g6=M~~~z}~r}Nj^nZJ~_ t=0.5s
TIGHT n=14 m=75 tag=Kn-oddH380 g6=M~~~z}~r}Nx^N^Nz_ t=0.2s
TIGHT n=14 m=75 tag=Kn-oddH381 g6=M~~~z}~r}Nx^\^\z_ t=0.3s
TIGHT n=14 m=75 tag=Kn-oddH382 g6=M~~~z}~r}Nx^{^{z_ t=0.7s
TIGHT n=14 m=75 tag=Kn-oddH383 g6=M~~~z}~rzfb~vNnj_ t=0.2s
TIGHT n=14 m=75 tag=Kn-oddH384 g6=M~~~z}~rzfb~nVvr_ t=0.4s
TIGHT n=14 m=75 tag=Kn-oddH385 g6=M~~~z}~rzfh~f^jz_ t=0.4s
TIGHT n=14 m=75 tag=Kn-oddH386 g6=M~~~z}~rzfh~vNzj_ t=0.4s
TIGHT n=14 m=75 tag=Kn-oddH387 g6=M~~~z}~rzfh~nZb~_ t=0.3s
TIGHT n=14 m=75 tag=Kn-oddH388 g6=M~~~z}~rzfi~f^lz_ t=0.3s
TIGHT n=14 m=75 tag=Kn-oddH389 g6=M~~~z}~rzfm^nZk~_ t=0.6s
TIGHT n=14 m=75 tag=Kn-oddH390 g6=M~~~z}~rzffnnf~b_ t=0.4s
TIGHT n=14 m=75 tag=Kn-oddH391 g6=M~~~z}~rzffn~RnV_ t=0.4s
TIGHT n=14 m=75 tag=Kn-oddH392 g6=M~~~z}~rzfjnf^nZ_ t=0.9s
TIGHT n=14 m=75 tag=Kn-oddH393 g6=M~~~z}~rzfjnzZr^_ t=0.7s
TIGHT n=14 m=75 tag=Kn-oddH394 g6=M~~~z}~rzffvvNfz_ t=1.0s
TIGHT n=14 m=75 tag=Kn-oddH395 g6=M~~~z}~rzffv~Fnr_ t=0.6s
TIGHT n=14 m=75 tag=Kn-oddH396 g6=M~~~z}~rzfjvf^nj_ t=0.2s
TIGHT n=14 m=75 tag=Kn-oddH397 g6=M~~~z}~rzfjvnNfz_ t=0.3s
TIGHT n=14 m=75 tag=Kn-oddH398 g6=M~~~z}~rzfjvzNrz_ t=0.2s
TIGHT n=14 m=75 tag=Kn-oddH399 g6=M~~~z}~rzfjvnZfn_ t=0.7s
TIGHT n=14 m=75 tag=Kn-oddH400 g6=M~~~z}~rzfjvzZrn_ t=0.9s
TIGHT n=14 m=75 tag=Kn-oddH401 g6=M~~~z}~r}fh~N^jz_ t=0.7s
TIGHT n=14 m=75 tag=Kn-oddH402 g6=M~~~z}~r}fh~j^Nz_ t=0.8s
TIGHT n=14 m=75 tag=Kn-oddH403 g6=M~~~z}~r}fh~zN^j_ t=0.3s
TIGHT n=14 m=75 tag=Kn-oddH404 g6=M~~~z}~r}fh~nZJ~_ t=1.5s
TIGHT n=14 m=75 tag=Kn-oddH405 g6=M~~~z}~r}fi~N^lz_ t=0.5s
TIGHT n=14 m=75 tag=Kn-oddH406 g6=M~~~z}~r}fi~l^Nz_ t=0.3s
TIGHT n=14 m=75 tag=Kn-oddH407 g6=M~~~z}~r}fi~{^]z_ t=0.5s
TIGHT n=14 m=75 tag=Kn-oddH408 g6=M~~~z}~r}fi~nZL~_ t=0.6s
TIGHT n=14 m=75 tag=Kn-oddH409 g6=M~~~z}~r}fw~^ZX~_ t=0.7s
TIGHT n=14 m=75 tag=Kn-oddH410 g6=M~~~z}~r}fw~}Zw~_ t=0.4s
TIGHT n=14 m=75 tag=Kn-oddH411 g6=M~~~z}~r}fy^\^]z_ t=0.2s
TIGHT n=14 m=75 tag=Kn-oddH412 g6=M~~~z}~r}fy^^Z[~_ t=0.5s
TIGHT n=14 m=75 tag=Kn-oddH413 g6=M~~~z}~r}fy^zZw~_ t=0.6s
TIGHT n=14 m=75 tag=Kn-oddH414 g6=M~~~z}~r}fjnNnnj_ t=0.9s
TIGHT n=14 m=75 tag=Kn-oddH415 g6=M~~~z}~r}fjnZnzj_ t=0.9s
TIGHT n=14 m=75 tag=Kn-oddH416 g6=M~~~z}~r}fjnjzJ~_ t=0.6s
TIGHT n=14 m=75 tag=Kn-oddH417 g6=M~~~z}~r}fjnnZN^_ t=0.7s
TIGHT n=14 m=75 tag=Kn-oddH418 g6=M~~~z}~r}fjn~J^N_ t=0.8s
TIGHT n=14 m=75 tag=Kn-oddH419 g6=M~~~z}~r}fxnNzJ~_ t=0.3s
TIGHT n=14 m=75 tag=Kn-oddH420 g6=M~~~z}~r}fxn|Zx^_ t=0.6s
TIGHT n=14 m=75 tag=Kn-oddH421 g6=M~~~z}~r}fynL~Nz_ t=0.9s
TIGHT n=14 m=75 tag=Kn-oddH422 g6=M~~~z}~r}fyn[~]z_ t=0.8s
TIGHT n=14 m=75 tag=Kn-oddH423 g6=M~~~z}~r}fjvN^nj_ t=0.3s
TIGHT n=14 m=75 tag=Kn-oddH424 g6=M~~~z}~r}fjvZ^zj_ t=0.6s
TIGHT n=14 m=75 tag=Kn-oddH425 g6=M~~~z}~r~bm^k~Nz_ t=0.6s
TIGHT n=14 m=75 tag=Kn-oddH426 g6=M~~~z}~r~by^[~Vz_ t=0.8s
TIGHT n=14 m=75 tag=Kn-oddH427 g6=M~~~z}~rx|mzm^~b_ t=0.5s
TIGHT n=14 m=75 tag=Kn-oddH428 g6=M~~~z}~ry|b~{^nj_ t=0.5s
TIGHT n=14 m=75 tag=Kn-oddH429 g6=M~~~z}~ry|k~}Zrn_ t=0.8s
TIGHT n=14 m=75 tag=Kn-oddH430 g6=M~~~z}~ry|fv{^fz_ t=0.6s
TIGHT n=14 m=75 tag=Kn-oddH431 g6=M~~~z}~rzlb~u^nj_ t=0.9s
TIGHT n=14 m=75 tag=Kn-oddH432 g6=M~~~z}~rzlh~u^zj_ t=0.8s
TIGHT n=14 m=75 tag=Kn-oddH433 g6=M~~~z}~rzlh~}Zrn_ t=0.6s
TIGHT n=14 m=75 tag=Kn-oddH434 g6=M~~~z}~rzlj^nNfz_ t=1.1s
TIGHT n=14 m=75 tag=Kn-oddH435 g6=M~~~z}~rzlm^nZln_ t=0.5s
TIGHT n=14 m=75 tag=Kn-oddH436 g6=M~~~z}~rzlnNfnfz_ t=0.7s
TIGHT n=14 m=75 tag=Kn-oddH437 g6=M~~~z}~rzlnNrnrz_ t=0.8s
TIGHT n=14 m=75 tag=Kn-oddH438 g6=M~~~z}~rzlnNnfnr_ t=0.9s
TIGHT n=14 m=75 tag=Kn-oddH439 g6=M~~~z}~rzlfvu^fz_ t=0.9s
TIGHT n=14 m=75 tag=Kn-oddH440 g6=M~~~z}~rzlfv}Vnr_ t=0.6s
TIGHT n=14 m=75 tag=Kn-oddH441 g6=M~~~z}~rzljvm^fz_ t=0.7s
TIGHT n=14 m=75 tag=Kn-oddH442 g6=M~~~z}~rzlnVf^fz_ t=0.6s
TIGHT n=14 m=75 tag=Kn-oddH443 g6=M~~~z}~rzlfzm^~b_ t=0.2s
TIGHT n=14 m=75 tag=Kn-oddH444 g6=M~~~z}~rx~Nr{^nf_ t=0.1s
TIGHT n=14 m=75 tag=Kn-oddH445 g6=M~~~z}~ry~P~{^J~_ t=0.3s
TIGHT n=14 m=75 tag=Kn-oddH446 g6=M~~~z}~ry~E~}Nfn_ t=0.7s
TIGHT n=14 m=75 tag=Kn-oddH447 g6=M~~~z}~ry~Q~y^J~_ t=0.6s
TIGHT n=14 m=75 tag=Kn-oddH448 g6=M~~~z}~ry~W~m^J~_ t=0.7s
TIGHT n=14 m=75 tag=Kn-oddH449 g6=M~~~z}~ry~Y^j^J~_ t=0.8s
TIGHT n=14 m=75 tag=Kn-oddH450 g6=M~~~z}~ry~Y^l^L~_ t=0.5s
TIGHT n=14 m=75 tag=Kn-oddH451 g6=M~~~z}~ry~Y^nNNn_ t=0.3s
TIGHT n=14 m=75 tag=Kn-oddH452 g6=M~~~z}~ry~Y^zNZn_ t=0.4s
TIGHT n=14 m=75 tag=Kn-oddH453 g6=M~~~z}~ry~Rv{^Nn_ t=0.3s
TIGHT n=14 m=75 tag=Kn-oddH454 g6=M~~~z}~ry~Xv{^Zn_ t=0.2s
TIGHT n=14 m=75 tag=Kn-oddH455 g6=M~~~z}~ry~]VnNF~_ t=0.6s
TIGHT n=14 m=75 tag=Kn-oddH456 g6=M~~~z}~r}^B~{^J~_ t=0.6s
TIGHT n=14 m=75 tag=Kn-oddH457 g6=M~~~z}~r}^I~m^J~_ t=0.5s
TIGHT n=14 m=75 tag=Kn-oddH458 g6=M~~~z}~r}^M^N^b~_ t=0.7s
TIGHT n=14 m=75 tag=Kn-oddH459 g6=M~~~z}~r}^Y^N^J~_ t=0.9s
TIGHT n=14 m=75 tag=Kn-oddH460 g6=M~~~z}~r}^Y^{^w~_ t=0.7s
TIGHT n=14 m=75 tag=Kn-oddH461 g6=M~~~z}~r}^Y^^NZn_ t=0.5s
TIGHT n=14 m=75 tag=Kn-oddH462 g6=M~~~z}~r}^Jv{^Zn_ t=0.8s
TIGHT n=14 m=75 tag=Kn-oddH463 g6=M~~~z}~rznF^r^b~_ t=0.4s
TIGHT n=14 m=75 tag=Kn-oddH464 g6=M~~~z}~rznF^|Nln_ t=0.6s
TIGHT n=14 m=75 tag=Kn-oddH465 g6=M~~~z}~rznF^}Nmn_ t=0.2s
TIGHT n=14 m=75 tag=Kn-oddH466 g6=M~~~z}~rznJ^j^b~_ t=0.4s
TIGHT n=14 m=75 tag=Kn-oddH467 g6=M~~~z}~rznM^nNln_ t=0.6s
TIGHT n=14 m=75 tag=Kn-oddH468 g6=M~~~z}~rznM^}N{n_ t=0.7s
TIGHT n=14 m=75 tag=Kn-oddH469 g6=M~~~z}~rznY^l^F~_ t=0.8s
TIGHT n=14 m=75 tag=Kn-oddH470 g6=M~~~z}~rznNNp~p~_ t=0.4s
TIGHT n=14 m=75 tag=Kn-oddH471 g6=M~~~z}~rznNN{^{^_ t=0.3s
TIGHT n=14 m=75 tag=Kn-oddH472 g6=M~~~z}~rznZNfvNv_ t=0.4s
TIGHT n=14 m=75 tag=Kn-oddH473 g6=M~~~z}~rzn]Nd~F~_ t=0.4s
TIGHT n=14 m=75 tag=Kn-oddH474 g6=M~~~z}~rzn]Nk~M~_ t=0.6s
TIGHT n=14 m=75 tag=Kn-oddH475 g6=M~~~z}~rznFv}Vnf_ t=0.5s
TIGHT n=14 m=75 tag=Kn-oddH476 g6=M~~~z}~rznNVl^ln_ t=0.2s
TIGHT n=14 m=75 tag=Kn-oddH477 g6=M~~~z}~rznNVm^mn_ t=0.5s
TIGHT n=14 m=75 tag=Kn-oddH478 g6=M~~~z}~rznNV{^{n_ t=0.4s
TIGHT n=14 m=75 tag=Kn-oddH479 g6=M~~~z}~r}nH~m^J~_ t=0.5s
TIGHT n=14 m=75 tag=Kn-oddH480 g6=M~~~z}~r}nJ^j^J~_ t=0.6s
TIGHT n=14 m=75 tag=Kn-oddH481 g6=M~~~z}~r}nL^N^b~_ t=0.6s
TIGHT n=14 m=75 tag=Kn-oddH482 g6=M~~~z}~r}nL^j^F~_ t=0.7s
TIGHT n=14 m=75 tag=Kn-oddH483 g6=M~~~z}~r}nX^N^J~_ t=0.2s
TIGHT n=14 m=75 tag=Kn-oddH484 g6=M~~~z}~r}nX^]^Y~_ t=0.6s
TIGHT n=14 m=75 tag=Kn-oddH485 g6=M~~~z}~r}nX^{^w~_ t=0.7s
TIGHT n=14 m=75 tag=Kn-oddH486 g6=M~~~z}~r}nZNJ~J~_ t=0.6s
TIGHT n=14 m=75 tag=Kn-oddH487 g6=M~~~z}~r}nZNw~w~_ t=0.4s
TIGHT n=14 m=75 tag=Kn-oddH488 g6=M~~~z}~r}n\NJ~F~_ t=0.3s
TIGHT n=14 m=75 tag=Kn-oddH489 g6=M~~~z}~r}n\NY~U~_ t=0.7s
TIGHT n=14 m=75 tag=Kn-oddH490 g6=M~~~z}~r}n\NZnVn_ t=0.3s
TIGHT n=14 m=75 tag=Kn-oddH491 g6=M~~~z}~r~fH~N^b~_ t=0.2s
TIGHT n=14 m=75 tag=Kn-oddH492 g6=M~~~z}~r~fH~f^J~_ t=0.4s
TIGHT n=14 m=75 tag=Kn-oddH493 g6=M~~~z}~r~fW~V^X~_ t=0.6s
TIGHT n=14 m=75 tag=Kn-oddH494 g6=M~~~z}~r~fJnf^N^_ t=0.4s
TIGHT n=14 m=75 tag=Kn-oddH495 g6=M~~~z}~r~fXnF~J~_ t=0.6s
TIGHT n=14 m=75 tag=Kn-oddH496 g6=M~~~z}~r~fXnVnZn_ t=0.5s
TIGHT n=14 m=75 tag=Kn-oddH497 g6=M~~~z}~r~fFv^Vnf_ t=0.4s
TIGHT n=14 m=75 tag=Kn-oddH498 g6=M~~~z}~r~fNfNvnf_ t=0.4s
TIGHT n=14 m=75 tag=Kn-oddH499 g6=M~~~z}~rz|M^r^rn_ t=0.6s
TIGHT n=14 m=75 tag=Kn-oddH500 g6=M~~~z}~rz|Fz{^nf_ t=0.1s
TIGHT n=14 m=76 tag=Kn-oddH501 g6=M~~~z}~^k~t}{^^j_ t=0.6s
TIGHT n=14 m=77 tag=Kn-oddH502 g6=M~~~z}~^m^}^^N~w_ t=0.1s
TIGHT n=14 m=76 tag=Kn-oddH503 g6=M~~~z}~^m^u}m^^j_ t=0.2s
TIGHT n=14 m=75 tag=Kn-oddH504 g6=M~~~z}~^k}s~}V^j_ t=0.5s
TIGHT n=14 m=74 tag=Kn-oddH505 g6=M~~~z}~Fx^}N{^{^_ t=0.6s
TIGHT n=14 m=74 tag=Kn-oddH506 g6=M~~~z}~F{|xz{^^f_ t=0.6s
TIGHT n=14 m=74 tag=Kn-oddH507 g6=M~~~z}~F|\jz{^vf_ t=0.4s
TIGHT n=14 m=74 tag=Kn-oddH508 g6=M~~~z}~Rw~y^zNjn_ t=0.9s
TIGHT n=14 m=74 tag=Kn-oddH509 g6=M~~~z}~Ry^y^nNjn_ t=0.4s
TIGHT n=14 m=74 tag=Kn-oddH510 g6=M~~~z}~Ry^yvm^jn_ t=0.3s
TIGHT n=14 m=74 tag=Kn-oddH511 g6=M~~~z}~Ry^}VnNb~_ t=0.4s
TIGHT n=14 m=74 tag=Kn-oddH512 g6=M~~~z}~Rynw~m^h~_ t=0.9s
TIGHT n=14 m=74 tag=Kn-oddH513 g6=M~~~z}~Rynr^x^h~_ t=0.7s
TIGHT n=14 m=74 tag=Kn-oddH514 g6=M~~~z}~Rynx^l^h~_ t=0.4s
TIGHT n=14 m=74 tag=Kn-oddH515 g6=M~~~z}~Rynx^m^i~_ t=0.3s
TIGHT n=14 m=74 tag=Kn-oddH516 g6=M~~~z}~RynzNh~h~_ t=0.5s
TIGHT n=14 m=74 tag=Kn-oddH517 g6=M~~~z}~Ryn|Nh~d~_ t=0.3s
TIGHT n=14 m=74 tag=Kn-oddH518 g6=M~~~z}~Ryn|Njnfn_ t=0.3s
TIGHT n=14 m=74 tag=Kn-oddH519 g6=M~~~z}~Rynxvm^jn_ t=0.6s
TIGHT n=14 m=74 tag=Kn-oddH520 g6=M~~~z}~Ryn~Fjnb~_ t=0.2s
TIGHT n=14 m=74 tag=Kn-oddH521 g6=M~~~z}~Rzfw~f^h~_ t=0.1s
TIGHT n=14 m=74 tag=Kn-oddH522 g6=M~~~z}~Rzfxnfnjn_ t=0.3s
TIGHT n=14 m=74 tag=Kn-oddH523 g6=M~~~z}~Rzfxvf^jn_ t=0.7s
TIGHT n=14 m=74 tag=Kn-oddH524 g6=M~~~z}~RzfxvnNb~_ t=0.6s
TIGHT n=14 m=74 tag=Kn-oddH525 g6=M~~~z}~Rzfzff^nN_ t=0.5s
TIGHT n=14 m=74 tag=Kn-oddH526 g6=M~~~z}~Rzfzfjnb~_ t=0.4s
TIGHT n=14 m=74 tag=Kn-oddH527 g6=M~~~z}~Rx|}Vr^b~_ t=0.4s
TIGHT n=14 m=74 tag=Kn-oddH528 g6=M~~~z}~Rx|zr{^fv_ t=0.2s
TIGHT n=14 m=74 tag=Kn-oddH529 g6=M~~~z}~py^p~{^L~_ t=0.7s
TIGHT n=14 m=74 tag=Kn-oddH530 g6=M~~~z}~py^xvm^Nn_ t=0.4s
TIGHT n=14 m=74 tag=Kn-oddH531 g6=M~~~z}~py^yv]^xn_ t=0.5s
TIGHT n=14 m=74 tag=Kn-oddH532 g6=M~~~z}~p}Nh~m^L~_ t=0.5s
TIGHT n=14 m=74 tag=Kn-oddH533 g6=M~~~z}~p}Nj^N^h~_ t=0.4s
TIGHT n=14 m=74 tag=Kn-oddH534 g6=M~~~z}~p}Nj^j^L~_ t=0.6s
TIGHT n=14 m=74 tag=Kn-oddH535 g6=M~~~z}~p}Njv]^xn_ t=0.5s
TIGHT n=14 m=74 tag=Kn-oddH536 g6=M~~~z}~pyvr^y^J~_ t=0.5s
TIGHT n=14 m=74 tag=Kn-oddH537 g6=M~~~z}~pyvr^}NNn_ t=0.1s
TIGHT n=14 m=74 tag=Kn-oddH538 g6=M~~~z}~pyvrv}NM~_ t=0.4s
TIGHT n=14 m=74 tag=Kn-oddH539 g6=M~~~z}~pyvzfN^nN_ t=0.6s
TIGHT n=14 m=74 tag=Kn-oddH540 g6=M~~~z}~p}Vh~l^L~_ t=0.6s
TIGHT n=14 m=74 tag=Kn-oddH541 g6=M~~~z}~p}Vi~N^h~_ t=0.6s
TIGHT n=14 m=74 tag=Kn-oddH542 g6=M~~~z}~p}Vi~l^J~_ t=0.3s
TIGHT n=14 m=74 tag=Kn-oddH543 g6=M~~~z}~p}Vi~{^Y~_ t=0.6s
TIGHT n=14 m=74 tag=Kn-oddH544 g6=M~~~z}~p}Vw~N^L~_ t=0.7s
TIGHT n=14 m=74 tag=Kn-oddH545 g6=M~~~z}~p}Vw~]^[~_ t=0.5s
TIGHT n=14 m=74 tag=Kn-oddH546 g6=M~~~z}~p}Vy^Z^[~_ t=0.5s
TIGHT n=14 m=74 tag=Kn-oddH547 g6=M~~~z}~p}Vjnh~L~_ t=0.6s
TIGHT n=14 m=74 tag=Kn-oddH548 g6=M~~~z}~p}VxnL~L~_ t=0.6s
TIGHT n=14 m=74 tag=Kn-oddH549 g6=M~~~z}~p}Vxn[~[~_ t=0.5s
TIGHT n=14 m=74 tag=Kn-oddH550 g6=M~~~z}~p}rh~h~L~_ t=0.8s
TIGHT n=14 m=74 tag=Kn-oddH551 g6=M~~~z}~p}rh~i~M~_ t=0.5s
TIGHT n=14 m=74 tag=Kn-oddH552 g6=M~~~z}~p}rh~y^]^_ t=0.5s
TIGHT n=14 m=74 tag=Kn-oddH553 g6=M~~~z}~p}rh~jnNn_ t=0.5s
TIGHT n=14 m=74 tag=Kn-oddH554 g6=M~~~z}~p}rh~jvNv_ t=0.7s
TIGHT n=14 m=74 tag=Kn-oddH555 g6=M~~~z}~p}rw~J~L~_ t=0.4s
TIGHT n=14 m=74 tag=Kn-oddH556 g6=M~~~z}~p}rw~y^{^_ t=0.2s
TIGHT n=14 m=74 tag=Kn-oddH557 g6=M~~~z}~p}rx^J~M~_ t=0.6s
TIGHT n=14 m=74 tag=Kn-oddH558 g6=M~~~z}~p}rx^[~X~_ t=0.7s
TIGHT n=14 m=74 tag=Kn-oddH559 g6=M~~~z}~p}rx^x^{^_ t=0.2s
TIGHT n=14 m=74 tag=Kn-oddH560 g6=M~~~z}~p}rjvJ~jn_ t=0.6s
TIGHT n=14 m=74 tag=Kn-oddH561 g6=M~~~z}~Ng~{^vVvf_ t=0.5s
TIGHT n=14 m=74 tag=Kn-oddH562 g6=M~~~z}~Vg~|r{^fv_ t=0.5s
TIGHT n=14 m=74 tag=Kn-oddH563 g6=M~~~z}~Vh^tz{^zf_ t=0.4s
TIGHT n=14 m=74 tag=Kn-oddH564 g6=M~~~z}~Vi^w~m^jn_ t=0.4s
TIGHT n=14 m=74 tag=Kn-oddH565 g6=M~~~z}~Vi^{^j^fn_ t=0.7s
TIGHT n=14 m=74 tag=Kn-oddH566 g6=M~~~z}~Vi^{vm^b~_ t=0.3s
TIGHT n=14 m=74 tag=Kn-oddH567 g6=M~~~z}~Vi^}Vj^b~_ t=0.3s
TIGHT n=14 m=74 tag=Kn-oddH568 g6=M~~~z}~VjNzNe~mn_ t=0.2s
TIGHT n=14 m=74 tag=Kn-oddH569 g6=M~~~z}~VjN|Nb~fn_ t=0.2s
TIGHT n=14 m=74 tag=Kn-oddH570 g6=M~~~z}~VjN{vm^h~_ t=0.4s
TIGHT n=14 m=74 tag=Kn-oddH571 g6=M~~~z}~VjN~Fh~h~_ t=1.1s
TIGHT n=14 m=74 tag=Kn-oddH572 g6=M~~~z}~Vh|{^vVfv_ t=0.6s
TIGHT n=14 m=74 tag=Kn-oddH573 g6=M~~~z}~Vi|{^j^b~_ t=0.4s
TIGHT n=14 m=74 tag=Kn-oddH574 g6=M~~~z}~Vi|{^nVfv_ t=0.4s
TIGHT n=14 m=74 tag=Kn-oddH575 g6=M~~~z}~Vj\w~m^b~_ t=0.3s
TIGHT n=14 m=75 tag=Kn-oddH576 g6=M~~~z{~f~Nlzm^zx_ t=0.4s
TIGHT n=14 m=74 tag=Kn-oddH577 g6=M~~~z{~fy}tv{^vj_ t=0.6s
TIGHT n=14 m=74 tag=Kn-oddH578 g6=M~~~z{~f{}lv{^vj_ t=0.6s
TIGHT n=14 m=75 tag=Kn-oddH579 g6=M~~~z{~r~ffnnV~X_ t=0.2s
TIGHT n=14 m=75 tag=Kn-oddH580 g6=M~~~z{~r~ffvnV~h_ t=0.4s
TIGHT n=14 m=75 tag=Kn-oddH581 g6=M~~~z{~r~ffznN~h_ t=0.5s
TIGHT n=14 m=75 tag=Kn-oddH582 g6=M~~~z{~r~fnjtzt|_ t=0.4s
TIGHT n=14 m=75 tag=Kn-oddH583 g6=M~~~z{~r~fnj{z{|_ t=0.3s
TIGHT n=14 m=75 tag=Kn-oddH584 g6=M~~~z{~r~fnjnZn\_ t=0.4s
TIGHT n=14 m=75 tag=Kn-oddH585 g6=M~~~z{~r~fx|r^^t_ t=0.1s
TIGHT n=14 m=74 tag=Kn-oddH586 g6=M~~~z{~rxnq~{^vr_ t=0.6s
TIGHT n=14 m=74 tag=Kn-oddH587 g6=M~~~z{~rxnrv}Nvr_ t=0.6s
TIGHT n=14 m=74 tag=Kn-oddH588 g6=M~~~z{~rxnuv}N|r_ t=0.7s
TIGHT n=14 m=74 tag=Kn-oddH589 g6=M~~~z{~rxnuz}N|j_ t=0.6s
TIGHT n=14 m=74 tag=Kn-oddH590 g6=M~~~z{~r}Np~m^^r_ t=0.8s
TIGHT n=14 m=74 tag=Kn-oddH591 g6=M~~~z{~r}Np~}ZNv_ t=0.5s
TIGHT n=14 m=74 tag=Kn-oddH592 g6=M~~~z{~r}Nw~{^^r_ t=0.2s
TIGHT n=14 m=74 tag=Kn-oddH593 g6=M~~~z{~r}Nx^|Z\v_ t=0.3s
TIGHT n=14 m=74 tag=Kn-oddH594 g6=M~~~z{~r}fw~x^^r_ t=0.5s
TIGHT n=14 m=74 tag=Kn-oddH595 g6=M~~~z{~r~b}N{^^r_ t=0.7s
TIGHT n=14 m=74 tag=Kn-oddH596 g6=M~~~z{~rx|uz{^|j_ t=0.8s
TIGHT n=14 m=74 tag=Kn-oddH597 g6=M~~~z{~rx}uv{^|j_ t=0.6s
TIGHT n=14 m=74 tag=Kn-oddH598 g6=M~~~z{~rzmvNd~tz_ t=0.4s
TIGHT n=14 m=74 tag=Kn-oddH599 g6=M~~~z{~rzmvNln|j_ t=0.3s
TIGHT n=14 m=74 tag=Kn-oddH600 g6=M~~~z{~rzmzNd~lz_ t=0.4s
TIGHT n=14 m=74 tag=Kn-oddH601 g6=M~~~z{~rzmzNu^}Z_ t=0.3s
TIGHT n=14 m=74 tag=Kn-oddH602 g6=M~~~z{~rzm~Llnln_ t=0.6s
TIGHT n=14 m=74 tag=Kn-oddH603 g6=M~~~z{~r{~S~}VR~_ t=0.6s
TIGHT n=14 m=74 tag=Kn-oddH604 g6=M~~~z{~r{~U^r^Zv_ t=0.7s
TIGHT n=14 m=74 tag=Kn-oddH605 g6=M~~~z{~r}^W~{^\v_ t=0.2s
TIGHT n=14 m=74 tag=Kn-oddH606 g6=M~~~z{~r}^Y^x^\v_ t=0.3s
TIGHT n=14 m=74 tag=Kn-oddH607 g6=M~~~z{~r|nP~}VR~_ t=0.8s
TIGHT n=14 m=74 tag=Kn-oddH608 g6=M~~~z{~r|nQ~{^Vv_ t=0.4s
TIGHT n=14 m=74 tag=Kn-oddH609 g6=M~~~z{~r|nVNtvT~_ t=0.9s
TIGHT n=14 m=74 tag=Kn-oddH610 g6=M~~~z{~r}nP~y^Nv_ t=0.4s
TIGHT n=14 m=74 tag=Kn-oddH611 g6=M~~~z{~r}nW~y^\v_ t=0.4s
TIGHT n=14 m=74 tag=Kn-oddH612 g6=M~~~z{~r}nX^x^\v_ t=0.3s
TIGHT n=14 m=74 tag=Kn-oddH613 g6=M~~~z{~r}nX^y^]v_ t=0.5s
TIGHT n=14 m=74 tag=Kn-oddH614 g6=M~~~z{~r}n[^x^Vv_ t=0.3s
TIGHT n=14 m=74 tag=Kn-oddH615 g6=M~~~z{~r~fFnnN~F_ t=0.2s
TIGHT n=14 m=74 tag=Kn-oddH616 g6=M~~~z{~r~fYnp~Zv_ t=0.4s
TIGHT n=14 m=74 tag=Kn-oddH617 g6=M~~~z{~r~fYnt^^V_ t=0.5s
TIGHT n=14 m=73 tag=Kn-oddH618 g6=M~~~z{~F{^xv{^zf_ t=0.1s
TIGHT n=14 m=73 tag=Kn-oddH619 g6=M~~~z{~F|]w~}Nrn_ t=0.4s
TIGHT n=14 m=73 tag=Kn-oddH620 g6=M~~~z{~F|]{^vNrn_ t=0.2s
TIGHT n=14 m=73 tag=Kn-oddH621 g6=M~~~z{~b{^y^^Nzf_ t=0.3s
TIGHT n=14 m=73 tag=Kn-oddH622 g6=M~~~z{~b{^y^zN^f_ t=0.3s
TIGHT n=14 m=73 tag=Kn-oddH623 g6=M~~~z{~b{^mv}Vrn_ t=0.5s
TIGHT n=14 m=73 tag=Kn-oddH624 g6=M~~~z{~b{^yv]^zf_ t=0.4s
TIGHT n=14 m=73 tag=Kn-oddH625 g6=M~~~z{~b{^}ZvNZn_ t=0.3s
TIGHT n=14 m=73 tag=Kn-oddH626 g6=M~~~z{~b{nk~}Vp~_ t=0.3s
TIGHT n=14 m=73 tag=Kn-oddH627 g6=M~~~z{~b|fnfrvrn_ t=0.6s
TIGHT n=14 m=73 tag=Kn-oddH628 g6=M~~~z{~b|fxzvNZn_ t=0.5s
TIGHT n=14 m=73 tag=Kn-oddH629 g6=M~~~z{~b|fzjvN^N_ t=0.4s
TIGHT n=14 m=73 tag=Kn-oddH630 g6=M~~~z{~b|fzrzNR~_ t=0.7s
TIGHT n=14 m=73 tag=Kn-oddH631 g6=M~~~z{~b{|w~y^^f_ t=0.3s
TIGHT n=14 m=73 tag=Kn-oddH632 g6=M~~~z{~b{|y^Z^zf_ t=0.3s
TIGHT n=14 m=73 tag=Kn-oddH633 g6=M~~~z{~b{|{vu^Zv_ t=0.6s
TIGHT n=14 m=73 tag=Kn-oddH634 g6=M~~~z{~b{|{vy^Vv_ t=0.4s
TIGHT n=14 m=73 tag=Kn-oddH635 g6=M~~~z{~b{|{v}VR~_ t=0.6s
TIGHT n=14 m=73 tag=Kn-oddH636 g6=M~~~z{~b|lnNrvrn_ t=0.3s
TIGHT n=14 m=73 tag=Kn-oddH637 g6=M~~~z{~b|lnN{v{n_ t=0.3s
TIGHT n=14 m=73 tag=Kn-oddH638 g6=M~~~z{~b|l~FT~tv_ t=0.7s
TIGHT n=14 m=73 tag=Kn-oddH639 g6=M~~~z{~p}Vw~{^]v_ t=0.3s
TIGHT n=14 m=73 tag=Kn-oddH640 g6=M~~~z{~p}Vy^x^]v_ t=0.2s
TIGHT n=14 m=73 tag=Kn-oddH641 g6=M~~~z{~Ns^}N{^{^_ t=0.5s
TIGHT n=14 m=73 tag=Kn-oddH642 g6=M~~~z{~Ns^xv{^rn_ t=0.2s
TIGHT n=14 m=73 tag=Kn-oddH643 g6=M~~~z{~Ns^yvy^rn_ t=0.3s
TIGHT n=14 m=73 tag=Kn-oddH644 g6=M~~~z{~Ns^}V{^{n_ t=0.4s
TIGHT n=14 m=73 tag=Kn-oddH645 g6=M~~~z{~Nu\}Vr^b~_ t=0.8s
TIGHT n=14 m=73 tag=Kn-oddH646 g6=M~~~z{~VtNr^}Nun_ t=0.5s
TIGHT n=14 m=73 tag=Kn-oddH647 g6=M~~~z{~VvF{ny^{^_ t=0.2s
TIGHT n=14 m=75 tag=Kn-oddH648 g6=M~~~z}^jzntzy^^x_ t=0.2s
TIGHT n=14 m=75 tag=Kn-oddH649 g6=M~~~z}^jznm}{^nr_ t=0.4s
TIGHT n=14 m=75 tag=Kn-oddH650 g6=M~~~z}^j}nfz]^vx_ t=0.6s
TIGHT n=14 m=75 tag=Kn-oddH651 g6=M~~~z}^j}nfzu^^x_ t=0.1s
TIGHT n=14 m=75 tag=Kn-oddH652 g6=M~~~z}^j}nfz}\Vz_ t=0.4s
TIGHT n=14 m=75 tag=Kn-oddH653 g6=M~~~z}^j}nf|}VV|_ t=0.4s
TIGHT n=14 m=75 tag=Kn-oddH654 g6=M~~~z}^j~ftz^\Zz_ t=0.4s
TIGHT n=14 m=75 tag=Kn-oddH655 g6=M~~~z}^j~f}]{^nr_ t=0.4s
TIGHT n=14 m=74 tag=Kn-oddH656 g6=M~~~z}^jzfm^{^nr_ t=0.3s
TIGHT n=14 m=74 tag=Kn-oddH657 g6=M~~~z}^j}fyn\vNz_ t=0.3s
TIGHT n=14 m=74 tag=Kn-oddH658 g6=M~~~z}^j~b}N{^nr_ t=0.3s
TIGHT n=14 m=74 tag=Kn-oddH659 g6=M~~~z}^jzlm^|Nnr_ t=0.4s
TIGHT n=14 m=74 tag=Kn-oddH660 g6=M~~~z}^jzljvu^nr_ t=0.3s
TIGHT n=14 m=74 tag=Kn-oddH661 g6=M~~~z}^jzlmv{^nr_ t=0.2s
TIGHT n=14 m=74 tag=Kn-oddH662 g6=M~~~z}^jx}m^vNvj_ t=0.4s
TIGHT n=14 m=74 tag=Kn-oddH663 g6=M~~~z}^jx}y^t^\z_ t=0.4s
TIGHT n=14 m=74 tag=Kn-oddH664 g6=M~~~z}^jy}w~y^Nz_ t=0.6s
TIGHT n=14 m=74 tag=Kn-oddH665 g6=M~~~z}^jy}y^j^Zz_ t=0.3s
TIGHT n=14 m=74 tag=Kn-oddH666 g6=M~~~z}^j|]w~]^Vz_ t=0.4s
TIGHT n=14 m=74 tag=Kn-oddH667 g6=M~~~z}^j|]y^V^Zz_ t=0.2s
TIGHT n=14 m=74 tag=Kn-oddH668 g6=M~~~z}^j|]{^V^Vz_ t=0.3s
TIGHT n=14 m=74 tag=Kn-oddH669 g6=M~~~z}^j}]y^^ZJ~_ t=0.5s
TIGHT n=14 m=74 tag=Kn-oddH670 g6=M~~~z}^j}]}\N^R~_ t=0.5s
TIGHT n=14 m=74 tag=Kn-oddH671 g6=M~~~z}^j}]}\V^J~_ t=0.4s
TIGHT n=14 m=74 tag=Kn-oddH672 g6=M~~~z}^jzmrv]^vj_ t=0.6s
TIGHT n=14 m=74 tag=Kn-oddH673 g6=M~~~z}^j~Mh~u^Nz_ t=0.3s
TIGHT n=14 m=74 tag=Kn-oddH674 g6=M~~~z}^j~Mp~]^Vz_ t=0.3s
TIGHT n=14 m=74 tag=Kn-oddH675 g6=M~~~z}^j~Mz\N^R~_ t=0.4s
TIGHT n=14 m=75 tag=Kn-oddH676 g6=M~~~z}^x~rtzJ~^x_ t=0.1s
TIGHT n=14 m=74 tag=Kn-oddH677 g6=M~~~z}^xw~rv]^~b_ t=0.6s
TIGHT n=14 m=74 tag=Kn-oddH678 g6=M~~~z}^xx^p~u^^r_ t=0.7s
TIGHT n=14 m=74 tag=Kn-oddH679 g6=M~~~z}^xx^tv]^~b_ t=0.8s
TIGHT n=14 m=74 tag=Kn-oddH680 g6=M~~~z}^x{^b~y^^r_ t=0.5s
TIGHT n=14 m=74 tag=Kn-oddH681 g6=M~~~z}^x{^b~}VZz_ t=0.6s
TIGHT n=14 m=74 tag=Kn-oddH682 g6=M~~~z}^x{vb~zVZz_ t=0.5s
TIGHT n=14 m=74 tag=Kn-oddH683 g6=M~~~z}^x{vp~Z^^r_ t=0.3s
TIGHT n=14 m=74 tag=Kn-oddH684 g6=M~~~z}^x{vp~^VZz_ t=0.3s
TIGHT n=14 m=74 tag=Kn-oddH685 g6=M~~~z}^x{vp~^ZZv_ t=0.3s
TIGHT n=14 m=74 tag=Kn-oddH686 g6=M~~~z}^x{vr^^Z]v_ t=0.2s
TIGHT n=14 m=74 tag=Kn-oddH687 g6=M~~~z}^x{vrnZvZz_ t=0.5s
TIGHT n=14 m=74 tag=Kn-oddH688 g6=M~~~z}^x{vrn]z]v_ t=0.4s
TIGHT n=14 m=74 tag=Kn-oddH689 g6=M~~~z}^x{vrn}Z}V_ t=0.3s
TIGHT n=14 m=74 tag=Kn-oddH690 g6=M~~~z}^x|Vd~]^}r_ t=0.4s
TIGHT n=14 m=74 tag=Kn-oddH691 g6=M~~~z}^x|Vd~^N~b_ t=0.3s
TIGHT n=14 m=74 tag=Kn-oddH692 g6=M~~~z}^x|Vd~vVVz_ t=0.2s
TIGHT n=14 m=74 tag=Kn-oddH693 g6=M~~~z}^x|Vd~}V]z_ t=0.2s
TIGHT n=14 m=74 tag=Kn-oddH694 g6=M~~~z}^x|Vp~V^^r_ t=0.3s
TIGHT n=14 m=74 tag=Kn-oddH695 g6=M~~~z}^x|Vp~^VVz_ t=0.3s
TIGHT n=14 m=74 tag=Kn-oddH696 g6=M~~~z}^xzrnN}N~b_ t=0.7s
TIGHT n=14 m=74 tag=Kn-oddH697 g6=M~~~z}^x|rt^Y~^r_ t=0.5s
TIGHT n=14 m=74 tag=Kn-oddH698 g6=M~~~z}^x|rt^]vZz_ t=0.3s
