Running HiGHS 1.15.1 (git hash: 04024d7): Copyright (c) 2026 under MIT licence terms
Includes third-party software components, see THIRD_PARTY_NOTICES.md for full details
MIP has 5094 rows; 19323 cols; 291483 nonzeros; 19323 integer variables (19323 binary)
Coefficient ranges:
  Matrix  [1e+00, 1e+00]
  Cost    [0e+00, 0e+00]
  Bound   [1e+00, 1e+00]
  RHS     [1e+00, 1e+00]
Presolving model
5094 rows, 19323 cols, 291483 nonzeros 1s
5094 rows, 19323 cols, 291483 nonzeros 4s
Presolve reductions: rows 5094(-0); columns 19323(-0); nonzeros 291483(-0) - Not reduced
Objective function is integral with scale 1

Solving MIP model with:
   5094 rows
   19323 cols (19323 binary, 0 integer, 0 implied int., 0 continuous, 0 domain fixed)
   291483 nonzeros
   Thread count 4 (of 8 threads). Using 1 max workers. Parallel search off

Src: B => Branching; C => Central rounding; F => Feasibility pump; H => Heuristic;
     I => Shifting; J => Feasibility jump; L => Sub-MIP; P => Empty MIP; R => Randomized rounding;
     S => Solve LP; T => Evaluate node; U => Unbounded; X => User solution; Y => HiGHS solution;
     Z => ZI Round; l => Trivial lower; p => Trivial point; u => Trivial upper; z => Trivial zero

        Nodes      |    B&B Tree     |            Objective Bounds              |  Dynamic Constraints |       Work      
Src  Proc. InQueue |  Leaves   Expl. | BestBound       BestSol              Gap |   Cuts   InLp Confl. | LpIters     Time

         0       0         0   0.00%   0               inf                  inf        0      0      0         0     4.7s
         0       0         0   0.00%   0               inf                  inf        0      0      2      2242     6.2s
         0       0         0   0.00%   0               inf                  inf        3      3     75    345850   668.4s

Symmetry detection completed in 1.1s
Found 28 generator(s)

        18       0         1   0.00%   0               inf                  inf        4      3    109    548074   892.9s
        20       0         2   0.00%   0               inf                  inf        5      3    110    576416   913.7s
        22       0         3   0.00%   0               inf                  inf        6      3    144    601811   932.6s
        24       0         4   0.00%   0               inf                  inf        7      3    176    624577   949.3s
        26       0         5   0.00%   0               inf                  inf        8      3    177    650531   968.5s
        29       0         6   0.00%   0               inf                  inf        9      3    209    698617  1002.7s
        33       0         7   0.00%   0               inf                  inf        9      3    211    758617  1048.9s
        34       0         8   0.00%   0               inf                  inf       10      3    217    778511  1063.6s
        36       0         9   0.00%   0               inf                  inf       10      3    247    798511  1078.4s
        38       0        10   0.00%   0               inf                  inf       10      3    249    818511  1092.9s
        40       0        11   0.00%   0               inf                  inf       10      3    251    838511  1108.0s
        42       0        12   0.00%   0               inf                  inf       10      3    253    858511  1122.6s
        44       0        13   0.00%   0               inf                  inf       10      3    255    878511  1137.8s
        46       0        14   0.00%   0               inf                  inf       10      3    257    898511  1152.6s
        48       0        15   0.00%   0               inf                  inf       10      3    259    918511  1168.0s
        50       0        16   0.00%   0               inf                  inf       10      3    261    938511  1183.0s
        52       0        17   0.00%   0               inf                  inf       10      3    291    958511  1199.6s

        Nodes      |    B&B Tree     |            Objective Bounds              |  Dynamic Constraints |       Work      
Src  Proc. InQueue |  Leaves   Expl. | BestBound       BestSol              Gap |   Cuts   InLp Confl. | LpIters     Time

        54       0        18   0.00%   0               inf                  inf       10      3    321    978511  1214.6s
        56       0        19   0.00%   0               inf                  inf       10      3    323    998511  1229.8s
        58       0        20   0.00%   0               inf                  inf       10      3    325     1018k  1245.3s
        60       0        21   0.00%   0               inf                  inf       10      3    327     1038k  1260.5s
        62       0        22   0.00%   0               inf                  inf       10      3    329     1058k  1275.0s
        64       0        23   0.00%   0               inf                  inf       10      3    331     1078k  1289.7s
        66       0        24   0.00%   0               inf                  inf       10      3    335     1098k  1304.2s
        68       0        25   0.01%   0               inf                  inf       10      3    365     1118k  1319.4s
        70       0        26   0.01%   0               inf                  inf       10      3    395     1138k  1334.7s
        72       0        27   0.01%   0               inf                  inf       10      3    425     1158k  1350.1s
        74       0        28   0.01%   0               inf                  inf       10      3    427     1178k  1365.1s
        76       0        29   0.01%   0               inf                  inf       10      3    429     1198k  1380.9s
        78       0        30   0.01%   0               inf                  inf       10      3    431     1218k  1396.1s
        81       0        31   0.01%   0               inf                  inf       11      3    435     1276k  1442.4s
        83       0        32   0.01%   0               inf                  inf       11      3    439     1296k  1457.6s
        85       0        33   0.01%   0               inf                  inf       11      3    443     1316k  1472.8s
        87       0        34   0.01%   0               inf                  inf       11      3    447     1336k  1487.9s
        89       0        35   0.01%   0               inf                  inf       11      3    449     1356k  1503.0s
        91       0        36   0.01%   0               inf                  inf       11      3    451     1376k  1518.4s
        93       0        37   0.01%   0               inf                  inf       11      3    453     1396k  1533.0s

        Nodes      |    B&B Tree     |            Objective Bounds              |  Dynamic Constraints |       Work      
Src  Proc. InQueue |  Leaves   Expl. | BestBound       BestSol              Gap |   Cuts   InLp Confl. | LpIters     Time

        95       0        38   0.01%   0               inf                  inf       11      3    455     1416k  1548.0s
        97       0        39   0.01%   0               inf                  inf       11      3    457     1436k  1562.9s
        99       0        40   0.01%   0               inf                  inf       11      3    459     1456k  1578.2s
       101      16        41   0.01%   0               inf                  inf       11      3    461     1476k  1593.6s
       101      15        41   0.01%   0               inf                  inf       11      3    461     1476k  1608.1s
       109      15        42   0.01%   0               inf                  inf      776      4    473     1575k  1778.5s
       111      15        43   0.02%   0               inf                  inf      777      4    483     1611k  1805.9s
       113      15        44   0.02%   0               inf                  inf      778      4    487     1628k  1818.4s
       115      15        45   0.02%   0               inf                  inf      779      4    489     1650k  1834.8s
       117      15        46   0.02%   0               inf                  inf      780      4    491     1675k  1852.9s
       119      15        47   0.02%   0               inf                  inf      781      4    493     1695k  1866.2s
       121      15        48   0.02%   0               inf                  inf      782      4    495     1718k  1882.0s
       123      15        49   0.02%   0               inf                  inf      783      4    496     1745k  1899.2s
       125      15        50   0.02%   0               inf                  inf      784      4    498     1762k  1911.4s
       127      15        51   0.02%   0               inf                  inf      785      4    501     1778k  1921.8s
       129      15        52   0.02%   0               inf                  inf      786      4    503     1802k  1937.4s
       131      15        53   0.02%   0               inf                  inf      787      4    506     1823k  1950.5s
       132      15        54   0.02%   0               inf                  inf      788      4    507     1835k  1958.3s
       135      15        55   0.02%   0               inf                  inf      789      4    521     1867k  1984.2s
       137      15        56   0.02%   0               inf                  inf      790      4    535     1891k  1998.6s

        Nodes      |    B&B Tree     |            Objective Bounds              |  Dynamic Constraints |       Work      
Src  Proc. InQueue |  Leaves   Expl. | BestBound       BestSol              Gap |   Cuts   InLp Confl. | LpIters     Time

       139      15        57   0.02%   0               inf                  inf      791      4    539     1914k  2013.4s
       141      15        58   0.02%   0               inf                  inf      792      4    543     1931k  2025.1s
       143      15        59   0.02%   0               inf                  inf      793      4    545     1950k  2038.6s
       145      15        60   0.02%   0               inf                  inf      794      4    546     1968k  2050.6s
       146      15        61   0.02%   0               inf                  inf      795      4    547     1980k  2058.5s
       148      15        62   0.03%   0               inf                  inf      796      4    559     2004k  2077.3s
       151      15        63   0.03%   0               inf                  inf      797      4    563     2033k  2100.8s
       153      15        64   0.03%   0               inf                  inf      798      4    567     2056k  2117.8s
       155      15        65   0.03%   0               inf                  inf      799      4    571     2077k  2133.2s
       157      15        66   0.03%   0               inf                  inf      800      4    575     2099k  2149.3s
       159      15        67   0.03%   0               inf                  inf      801      4    576     2120k  2163.7s
       161      15        68   0.03%   0               inf                  inf      802      4    578     2143k  2180.1s
       162      15        69   0.03%   0               inf                  inf      803      4    581     2153k  2187.3s
       165      15        70   0.03%   0               inf                  inf      804      4    585     2212k  2230.6s
       167      15        71   0.03%   0               inf                  inf      805      4    589     2243k  2253.3s
       169      15        72   0.03%   0               inf                  inf      806      4    593     2270k  2271.8s
       171      15        73   0.03%   0               inf                  inf      807      4    597     2294k  2288.2s
       173      15        74   0.03%   0               inf                  inf      808      4    599     2324k  2308.5s
       175      15        75   0.03%   0               inf                  inf      809      4    601     2341k  2320.4s
       177      15        76   0.03%   0               inf                  inf      810      4    603     2364k  2336.0s

        Nodes      |    B&B Tree     |            Objective Bounds              |  Dynamic Constraints |       Work      
Src  Proc. InQueue |  Leaves   Expl. | BestBound       BestSol              Gap |   Cuts   InLp Confl. | LpIters     Time

       178      15        77   0.03%   0               inf                  inf      811      4    604     2375k  2342.8s
       180      15        78   0.03%   0               inf                  inf      812      4    615     2398k  2361.4s
       183      15        79   0.03%   0               inf                  inf      813      4    619     2431k  2386.4s
       185      15        80   0.03%   0               inf                  inf      814      4    623     2448k  2398.4s
       187      15        81   0.03%   0               inf                  inf      815      4    627     2469k  2412.6s
       189      15        82   0.03%   0               inf                  inf      816      4    631     2493k  2431.4s
       191      15        83   0.03%   0               inf                  inf      817      4    635     2510k  2444.2s
       192      15        84   0.03%   0               inf                  inf      818      4    636     2527k  2454.3s
       195      15        85   0.03%   0               inf                  inf      819      4    640     2560k  2479.0s
       197      15        86   0.03%   0               inf                  inf      820      4    644     2578k  2491.6s
       199      15        87   0.03%   0               inf                  inf      821      4    647     2606k  2508.7s
       203      22        89   0.03%   0               inf                  inf      823      4    654     2690k  2540.9s
       216      21        90   0.04%   0               inf                  inf      830      2    680     3123k  3259.9s
       219      21        91   0.05%   0               inf                  inf      831      2    706     3156k  3283.5s
       221      21        92   0.05%   0               inf                  inf      832      2    732     3175k  3297.0s
       223      21        93   0.05%   0               inf                  inf      833      2    736     3190k  3307.5s
       225      21        94   0.05%   0               inf                  inf      834      2    741     3213k  3322.8s
       227      21        95   0.05%   0               inf                  inf      835      2    742     3226k  3331.4s
       228      21        96   0.05%   0               inf                  inf      836      2    746     3235k  3336.6s
       231      21        97   0.05%   0               inf                  inf      836      2    772     3246k  3344.8s

        Nodes      |    B&B Tree     |            Objective Bounds              |  Dynamic Constraints |       Work      
Src  Proc. InQueue |  Leaves   Expl. | BestBound       BestSol              Gap |   Cuts   InLp Confl. | LpIters     Time

       235      21        99   0.05%   0               inf                  inf      836      2    779     3257k  3352.5s
       238      21       101   0.05%   0               inf                  inf      838      2    806     3281k  3369.0s
       240      21       102   0.05%   0               inf                  inf      839      2    807     3302k  3383.0s
       245      21       104   0.06%   0               inf                  inf      841      2    854     3354k  3424.6s
       247      21       105   0.06%   0               inf                  inf      842      2    880     3370k  3436.7s
       249      21       106   0.06%   0               inf                  inf      843      2    881     3387k  3448.9s
       251      21       107   0.06%   0               inf                  inf      844      2    907     3406k  3461.8s
       253      21       108   0.06%   0               inf                  inf      845      2    915     3433k  3479.0s
       255      21       109   0.06%   0               inf                  inf      846      2    923     3455k  3493.1s
       257      21       110   0.06%   0               inf                  inf      846      2    931     3465k  3500.2s
       259      21       111   0.06%   0               inf                  inf      846      2    939     3476k  3508.2s
       261      21       112   0.06%   0               inf                  inf      847      2    941     3504k  3526.4s
       263      21       113   0.06%   0               inf                  inf      848      2    943     3536k  3546.8s
       265      21       114   0.06%   0               inf                  inf      849      2    945     3553k  3558.2s
       266      21       115   0.06%   0               inf                  inf      850      2    946     3563k  3564.9s
       269      21       116   0.06%   0               inf                  inf      851      2    970     3632k  3617.3s
       272      21       117   0.06%   0               inf                  inf      852      2    978     3668k  3642.1s
       274      21       118   0.06%   0               inf                  inf      853      2    984     3688k  3657.4s
       276      21       119   0.06%   0               inf                  inf      854      2    985     3716k  3675.2s
       278      21       120   0.06%   0               inf                  inf      855      2    992     3742k  3692.9s

        Nodes      |    B&B Tree     |            Objective Bounds              |  Dynamic Constraints |       Work      
Src  Proc. InQueue |  Leaves   Expl. | BestBound       BestSol              Gap |   Cuts   InLp Confl. | LpIters     Time

       280      21       121   0.06%   0               inf                  inf      856      2    999     3765k  3706.5s
       282      21       122   0.06%   0               inf                  inf      857      2   1002     3787k  3720.6s
       284      21       123   0.06%   0               inf                  inf      858      2   1005     3811k  3735.7s
       286      21       124   0.06%   0               inf                  inf      859      2   1007     3837k  3752.2s
       288      21       125   0.06%   0               inf                  inf      860      2   1009     3860k  3766.9s
       290      21       126   0.06%   0               inf                  inf      861      2   1011     3880k  3780.8s
       292      21       127   0.06%   0               inf                  inf      862      2   1013     3904k  3796.0s
       293      21       128   0.06%   0               inf                  inf      863      2   1014     3915k  3803.1s
       294      21       129   0.06%   0               inf                  inf      864      2   1038     3934k  3815.1s
       298      21       130   0.06%   0               inf                  inf      865      2   1043     4028k  3892.4s
       300      21       131   0.06%   0               inf                  inf      866      2   1049     4045k  3903.8s
       302      21       132   0.06%   0               inf                  inf      867      2   1054     4059k  3914.0s
       304      35       133   0.06%   0               inf                  inf      868      2   1061     4231k  3923.5s
       304      34       133   0.06%   0               inf                  inf      868      2   1061     4231k  4025.8s
       314      34       134   0.07%   0               inf                  inf      901      3   1078     4555k  4612.9s
       315      34       135   0.07%   0               inf                  inf      902      3   1092     4579k  4630.6s
       318      35       136   0.07%   0               inf                  inf      903      3   1096     4646k  4683.8s
       319      35       137   0.07%   0               inf                  inf      904      3   1097     4690k  4711.4s
       323      35       138   0.07%   0               inf                  inf      905      3   1114     4788k  4798.5s
       325      35       139   0.07%   0               inf                  inf      906      3   1130     4824k  4822.5s

        Nodes      |    B&B Tree     |            Objective Bounds              |  Dynamic Constraints |       Work      
Src  Proc. InQueue |  Leaves   Expl. | BestBound       BestSol              Gap |   Cuts   InLp Confl. | LpIters     Time

       326      36       140   0.07%   0               inf                  inf      907      3   1146     4833k  4828.1s
       328      36       141   0.07%   0               inf                  inf      908      3   1160     4994k  4957.0s
       330      36       142   0.07%   0               inf                  inf      909      3   1174     5086k  5032.7s
       332      36       143   0.07%   0               inf                  inf      910      3   1176     5179k  5106.4s
       334      36       144   0.07%   0               inf                  inf      911      3   1178     5231k  5144.6s
       336      36       145   0.07%   0               inf                  inf      912      3   1180     5288k  5186.7s
       338      36       146   0.07%   0               inf                  inf      913      3   1182     5361k  5242.2s
       339      36       147   0.07%   0               inf                  inf      914      3   1183     5408k  5279.0s
       342      36       148   0.08%   0               inf                  inf      915      3   1197     5635k  5450.3s
       344      36       149   0.08%   0               inf                  inf      916      3   1198     5742k  5530.1s
       346      36       150   0.08%   0               inf                  inf      917      3   1211     5857k  5624.9s
       347      36       151   0.08%   0               inf                  inf      918      3   1225     5940k  5685.8s
       351      36       152   0.08%   0               inf                  inf      919      3   1230     6094k  5825.1s
       352      36       153   0.08%   0               inf                  inf      920      3   1231     6107k  5832.8s
       355      36       154   0.08%   0               inf                  inf      921      3   1236     6196k  5906.2s
       357      36       155   0.08%   0               inf                  inf      922      3   1241     6250k  5948.8s
       359      36       156   0.08%   0               inf                  inf      923      3   1245     6287k  5974.4s
       361      36       157   0.08%   0               inf                  inf      924      3   1249     6320k  5995.8s
       362      36       158   0.08%   0               inf                  inf      925      3   1254     6334k  6005.5s
       364      36       159   0.08%   0               inf                  inf      926      3   1257     6437k  6092.2s

        Nodes      |    B&B Tree     |            Objective Bounds              |  Dynamic Constraints |       Work      
Src  Proc. InQueue |  Leaves   Expl. | BestBound       BestSol              Gap |   Cuts   InLp Confl. | LpIters     Time

       366      36       160   0.08%   0               inf                  inf      927      3   1260     6523k  6158.4s
       368      36       161   0.08%   0               inf                  inf      928      3   1263     6589k  6208.7s
       369      36       162   0.08%   0               inf                  inf      929      3   1266     6627k  6234.1s
       371      36       163   0.09%   0               inf                  inf      930      3   1278     6729k  6320.8s
       373      36       164   0.09%   0               inf                  inf      931      3   1279     6846k  6416.1s
       375      36       165   0.09%   0               inf                  inf      932      3   1280     6950k  6501.5s
       378      36       166   0.09%   0               inf                  inf      933      3   1284     6994k  6537.3s
       379      36       167   0.09%   0               inf                  inf      934      3   1288     7014k  6550.3s
       380      36       168   0.09%   0               inf                  inf      935      3   1289     7041k  6570.9s
       384      36       169   0.09%   0               inf                  inf      936      3   1302     7160k  6684.6s
       386      36       170   0.09%   0               inf                  inf      937      3   1316     7184k  6703.0s
       388      36       171   0.09%   0               inf                  inf      938      3   1321     7285k  6786.5s
       389      36       172   0.09%   0               inf                  inf      939      3   1334     7357k  6840.8s
       393      36       173   0.09%   0               inf                  inf      940      3   1341     7403k  6880.7s
       394      36       174   0.09%   0               inf                  inf      941      3   1347     7417k  6890.9s
       398      36       175   0.09%   0               inf                  inf      942      3   1352     7507k  6968.2s
       400      36       176   0.09%   0               inf                  inf      943      3   1357     7535k  6988.3s
       402      36       177   0.09%   0               inf                  inf      944      3   1364     7550k  6999.4s
       404      45       178   0.09%   0               inf                  inf      945      3   1370     7806k  7021.0s
       404      44       178   0.09%   0               inf                  inf      945      3   1370     7806k  7065.8s

        Nodes      |    B&B Tree     |            Objective Bounds              |  Dynamic Constraints |       Work      
Src  Proc. InQueue |  Leaves   Expl. | BestBound       BestSol              Gap |   Cuts   InLp Confl. | LpIters     Time

       412      44       179   0.11%   0               inf                  inf      946      3   1374     8236k  7967.7s
       415      44       180   0.11%   0               inf                  inf      947      3   1390     8280k  8002.9s
       417      44       181   0.11%   0               inf                  inf      948      3   1406     8302k  8018.4s
       419      44       182   0.11%   0               inf                  inf      949      3   1422     8326k  8037.2s
       421      44       183   0.11%   0               inf                  inf      950      3   1423     8364k  8065.3s
       423      44       184   0.11%   0               inf                  inf      951      3   1439     8399k  8091.4s
       425      44       185   0.11%   0               inf                  inf      952      3   1456     8433k  8116.2s
       427      44       186   0.11%   0               inf                  inf      952      3   1460     8451k  8131.9s
       429      44       187   0.11%   0               inf                  inf      953      3   1463     8514k  8182.1s
       431      44       188   0.11%   0               inf                  inf      954      3   1464     8553k  8213.7s
       433      44       189   0.11%   0               inf                  inf      955      3   1469     8625k  8267.7s
       435      44       190   0.11%   0               inf                  inf      956      3   1475     8652k  8290.6s
       436      44       191   0.11%   0               inf                  inf      957      3   1476     8664k  8298.8s
       439      44       192   0.11%   0               inf                  inf      958      3   1490     8702k  8330.7s
       441      44       193   0.12%   0               inf                  inf      959      3   1506     8721k  8343.7s
       444      44       195   0.12%   0               inf                  inf      961      3   1508     8819k  8423.0s
       446      44       196   0.12%   0               inf                  inf      962      3   1523     8923k  8509.8s
       449      44       197   0.12%   0               inf                  inf      963      3   1528     8975k  8554.2s
       451      44       198   0.12%   0               inf                  inf      964      3   1533     9028k  8593.9s
       453      44       199   0.12%   0               inf                  inf      965      3   1537     9057k  8616.7s

        Nodes      |    B&B Tree     |            Objective Bounds              |  Dynamic Constraints |       Work      
Src  Proc. InQueue |  Leaves   Expl. | BestBound       BestSol              Gap |   Cuts   InLp Confl. | LpIters     Time

       455      44       200   0.12%   0               inf                  inf      966      3   1541     9110k  8654.1s
       457      44       201   0.12%   0               inf                  inf      967      3   1543     9132k  8672.9s
       459      44       202   0.12%   0               inf                  inf      968      3   1545     9156k  8692.3s
       461      44       203   0.12%   0               inf                  inf      969      3   1547     9190k  8715.7s
       463      44       204   0.12%   0               inf                  inf      970      3   1549     9213k  8734.6s
       465      44       205   0.12%   0               inf                  inf      971      3   1551     9251k  8763.1s
       467      44       206   0.12%   0               inf                  inf      972      3   1553     9276k  8782.4s
       469      44       207   0.12%   0               inf                  inf      973      3   1555     9311k  8812.9s
       471      44       208   0.12%   0               inf                  inf      974      3   1557     9329k  8826.9s
       473      44       209   0.12%   0               inf                  inf      975      3   1559     9346k  8840.3s
       475      44       210   0.12%   0               inf                  inf      976      3   1561     9373k  8859.9s
       477      44       211   0.12%   0               inf                  inf      976      3   1563     9385k  8872.9s
       479      44       212   0.12%   0               inf                  inf      977      3   1565     9437k  8915.2s
       481      44       213   0.12%   0               inf                  inf      978      3   1567     9482k  8947.4s
       483      44       214   0.12%   0               inf                  inf      979      3   1569     9519k  8973.1s
       485      44       215   0.12%   0               inf                  inf      980      3   1571     9563k  9004.7s
       487      44       216   0.12%   0               inf                  inf      981      3   1573     9591k  9024.0s
       488      44       217   0.12%   0               inf                  inf      982      3   1574     9606k  9035.2s
       491      44       218   0.12%   0               inf                  inf      983      3   1579     9650k  9070.9s
       493      44       219   0.12%   0               inf                  inf      984      3   1583     9677k  9088.7s

        Nodes      |    B&B Tree     |            Objective Bounds              |  Dynamic Constraints |       Work      
Src  Proc. InQueue |  Leaves   Expl. | BestBound       BestSol              Gap |   Cuts   InLp Confl. | LpIters     Time

       495      44       220   0.12%   0               inf                  inf      985      3   1588     9704k  9106.5s
       497      44       221   0.12%   0               inf                  inf      986      3   1593     9725k  9121.3s
       498      44       222   0.12%   0               inf                  inf      987      3   1597     9738k  9130.4s
       501      44       223   0.12%   0               inf                  inf      988      3   1601     9778k  9163.1s
       505      52       225   0.12%   0               inf                  inf      988      3   1609    10012k  9173.0s
       505      51       225   0.12%   0               inf                  inf      988      3   1609    10012k  9287.8s
       513      51       226   0.12%   0               inf                  inf     2189      4   1626    10454k 10376.9s
       515      51       227   0.12%   0               inf                  inf     2190      4   1639    10506k 10412.4s
       517      51       228   0.12%   0               inf                  inf     2191      4   1654    10519k 10420.4s
       518      51       229   0.13%   0               inf                  inf     2192      4   1667    10530k 10427.1s
       521      51       230   0.13%   0               inf                  inf     2193      4   1679    10563k 10453.5s
       523      51       231   0.13%   0               inf                  inf     2194      4   1693    10591k 10474.6s
       526      51       232   0.13%   0               inf                  inf     2195      4   1699    10635k 10506.4s
       527      51       233   0.13%   0               inf                  inf     2196      4   1713    10645k 10512.1s
       529      51       234   0.13%   0               inf                  inf     2197      4   1717    10706k 10560.8s
       531      51       235   0.13%   0               inf                  inf     2198      4   1721    10734k 10578.3s
       533      51       236   0.13%   0               inf                  inf     2199      4   1723    10761k 10595.8s
       535      51       237   0.13%   0               inf                  inf     2200      4   1726    10778k 10606.9s
       537      51       238   0.13%   0               inf                  inf     2201      4   1729    10795k 10617.5s
       539      51       239   0.13%   0               inf                  inf     2202      4   1730    10812k 10629.5s

        Nodes      |    B&B Tree     |            Objective Bounds              |  Dynamic Constraints |       Work      
Src  Proc. InQueue |  Leaves   Expl. | BestBound       BestSol              Gap |   Cuts   InLp Confl. | LpIters     Time

       541      51       240   0.13%   0               inf                  inf     2203      4   1735    10830k 10641.5s
       543      51       241   0.13%   0               inf                  inf     2204      4   1736    10846k 10651.7s
       545      51       242   0.13%   0               inf                  inf     2205      4   1741    10865k 10663.4s
       546      51       243   0.13%   0               inf                  inf     2206      4   1746    10875k 10670.1s
       549      51       244   0.13%   0               inf                  inf     2207      4   1759    10960k 10739.7s
       551      51       245   0.13%   0               inf                  inf     2208      4   1771    10973k 10748.2s
       555      51       247   0.13%   0               inf                  inf     2210      4   1795    11018k 10783.0s
       557      59       248   0.13%   0               inf                  inf     2210      4   1795    11317k 10800.0s
       557      59       248   0.13%   0               inf                  inf     2210      4   1795    11317k 10800.0s

Solving report
  Status            Time limit reached
  Primal bound      inf
  Dual bound        0
  Gap               inf
  P-D integral      0
  Solution status   -
  Timing            10800.01
                    63.90 (Presolve)
                        MIP    time [calls] = 4.03 [1]
                        subMIP time [calls] = 59.87 [210]
                    10736.05 (Solve)
                        MIP    time [calls] = 8831.36 [1]
                        subMIP time [calls] = 1904.69 [163]
                    0.00 (Postsolve)
                        MIP    time [calls] = 0.00 [1]
                        subMIP time [calls] = 0.00 [210]
  Max sub-MIP depth 16
  Nodes             557
  Repair LPs        0
  LP iterations     11317485
                    0 (strong br.)
                    18670 (separation)
                    1265187 (heuristics)
N=5040 T=7: 54 values, 19323 columns
status: Time limit reached
INDETERMINATE (time limit?)
