/home/ubuntu/repos/solving-math-problems/runs/P16/v2/continuous_opt.py:22: RuntimeWarning: overflow encountered in exp
  ns = np.exp(theta[:k])                     # cell sizes > 0
/home/ubuntu/repos/solving-math-problems/runs/P16/v2/continuous_opt.py:23: RuntimeWarning: overflow encountered in exp
  Svals = np.exp(theta[k:])                  # upper-tri incl diag of S, > 0
/home/ubuntu/repos/solving-math-problems/runs/P16/v2/continuous_opt.py:28: RuntimeWarning: invalid value encountered in divide
  B = S / ns[:, None]
/home/ubuntu/repos/solving-math-problems/runs/P16/v2/continuous_opt.py:41: RuntimeWarning: invalid value encountered in multiply
  Ls = (L * Dh[:, None]) / Dh[None, :]
/home/ubuntu/repos/solving-math-problems/runs/P16/v2/continuous_opt.py:41: RuntimeWarning: invalid value encountered in divide
  Ls = (L * Dh[:, None]) / Dh[None, :]
Traceback (most recent call last):
  File "/home/ubuntu/repos/solving-math-problems/runs/P16/v2/continuous_opt.py", line 78, in <module>
    main()
  File "/home/ubuntu/repos/solving-math-problems/runs/P16/v2/continuous_opt.py", line 63, in main
    res = minimize(gap, theta0, args=(k, edge_fn), method="Nelder-Mead",
  File "/home/ubuntu/.local/lib/python3.10/site-packages/scipy/optimize/_minimize.py", line 719, in minimize
    res = _minimize_neldermead(fun, x0, args, callback, bounds=bounds,
  File "/home/ubuntu/.local/lib/python3.10/site-packages/scipy/optimize/_optimize.py", line 849, in _minimize_neldermead
    fxe = func(xe)
  File "/home/ubuntu/.local/lib/python3.10/site-packages/scipy/optimize/_optimize.py", line 526, in function_wrapper
    fx = function(np.copy(x), *(wrapper_args + args))
  File "/home/ubuntu/repos/solving-math-problems/runs/P16/v2/continuous_opt.py", line 43, in gap
    lam = np.linalg.eigvalsh(Ls)[-1]
  File "/home/ubuntu/.local/lib/python3.10/site-packages/numpy/linalg/_linalg.py", line 1319, in eigvalsh
    w = gufunc(a, signature=signature)
  File "/home/ubuntu/.local/lib/python3.10/site-packages/numpy/linalg/_linalg.py", line 110, in _raise_linalgerror_eigenvalues_nonconvergence
    raise LinAlgError("Eigenvalues did not converge")
numpy.linalg.LinAlgError: Eigenvalues did not converge
