c PalSAT Yet Another Local Search Solver
c Parallel Simple Portfolio Version
c Version 1.0.1 a0fd39f072f2d4693dd5a1977de3c3d3f69c8850
c Copyright (C) 2021-2022 Armin Biere University of Freiburg
c Copyright (C) 2013-2021 Armin Biere, Johannes Kepler University Linz
c Released Wed Jul 22 23:42:09 UTC 2026
c Compiled Wed Jul 22 23:42:09 UTC 2026
c Linux devin-box 5.15.200 x86_64
c CC gcc (Ubuntu 11.4.0-1ubuntu1~22.04) 11.4.0
c CFLAGS -Wall -DNDEBUG -O3
c using 4 solver instances and 4 worker threads ('-t 4')
c creating 4 solver instances
c worker 0 uses specified seed 111
c worker 1 uses seed 122490204540
c worker 2 uses seed 6042599557091363333
c worker 3 uses seed 17114935795519126106
c no flips limit set (by default)
c no mems limit set (by default)
c parsing 'ycover_30240_7.cnf'
c parsed header 'p cnf 241044 405170'
c clause variable ratio 1.68
c finished parsing after 0.17 seconds
c allocated 65.0 MB after parsing
c created thread 0
c created thread 1
c created thread 2
c created thread 3
c
c UNKNOWN
c 
c 00 final worker 0 minimum of 10 unsatisfied clauses
c 
c 01 final worker 1 minimum of 11 unsatisfied clauses
c 
c 02 final worker 2 minimum of 11 unsatisfied clauses
c 
c 03 final worker 3 minimum of 51 unsatisfied clauses
c 
c total wall clock time of 1842.88 seconds
c total process time of 7325.78 seconds
c utilization 99.4% for 4 threads
c maximally allocated 240.8 MB
