c YalSAT Yet Another Local Search Solver
c Sequential Standalone Version
c Version 1.0.1 a0fd39f072f2d4693dd5a1977de3c3d3f69c8850
c Copyright (C) 2021-2022 Armin Biere University of Freiburg
c Copyright (C) 2013-2021 Armin Biere, Johannes Kepler University Linz
c Released Wed Jul 22 23:42:09 UTC 2026
c Compiled Wed Jul 22 23:42:09 UTC 2026
c Linux devin-box 5.15.200 x86_64
c CC gcc (Ubuntu 11.4.0-1ubuntu1~22.04) 11.4.0
c CFLAGS -Wall -DNDEBUG -O3
c --best=0
c --cached=1
c --cacheduni=0
c --cachemax=1024
c --cachemin=1
c --cb=0
c --correct=0
c --crit=1
c --defrag=1
c --eager=0
c --fixed=4
c --geomfreq=66
c --hitlim=-1
c --keep=0
c --minchunksize=256
c --pick=4
c --pol=0
c --prep=1
c --rbfsrate=10
c --reluctant=1
c --restart=100000
c --restartouter=0
c --restartouterfactor=100
c --setfpu=1
c --target=0
c --termint=1000
c --toggleuniform=0
c --unfairfreq=50
c --uni=0
c --unipick=-1
c --unirestarts=0
c --verbose=1
c --walk=0
c --walkprobability=50
c --weight=5
c --witness=1
c using specified seed 1234
c using specified flips limit 100000000
c no mems limit set (by default)
c parsing '/tmp/cover_1440_5_pw.cnf'
c parsed header 'p cnf 4904 1613768'
c clause variable ratio 329.07
c finished parsing after 0.20 seconds
c allocated 32.0 MB after parsing
c new flips limit 100000000
c set FPU mode to use double precision
c found 1612328 binary, 0 ternary and 1440 large clauses
c size of literal stack 4884504 (47520 for large clauses only)
c connecting 1613768 clauses
c 4904 variables used out of 4905, 1 do not occur 0%
c average clause length 2.03 (min 2, max 32)
c using standard non-uniform strategy
c clause variable ratio 329.072 = 1613768 / 4904
c average literal occurrence 666.82 (min 75, max 1440)
c picking clause by unfair BFS strategy
c using queue for unsat clauses
c 154 x 32-bit words per assignment (616 bytes = 0 KB)
c need 1 bytes per clause for counting satisfied literals
c dynamically computing break values on-the-fly using critical literals
c exponential base cb = 7.400000 for maxlen 32
c exp2(<= -1573) = 4.94066e-324
c pow(7.400000,(<= -545)) = 1.4822e-323
c search limited by 100000000 flips
c search not limited by the number of mems
c outer restarts disabled
c picking new random assignment
c forcing 0 initial phases
c minimum 375116 : best 375116 (tmp 375116), kflips 0, 0.08 sec, 0.00 kflips/sec
c restart 1 : best 375116 (tmp 375116), kflips 0, 0.08 sec, 0.00 kflips/sec
c minimum 187052 : best 187052 (tmp 187052), kflips 2, 0.12 sec, 14.45 kflips/sec
c minimum 93195 : best 93195 (tmp 93195), kflips 2, 0.12 sec, 15.21 kflips/sec
c minimum 46465 : best 46465 (tmp 46465), kflips 2, 0.13 sec, 16.00 kflips/sec
c minimum 23116 : best 23116 (tmp 23116), kflips 2, 0.13 sec, 16.46 kflips/sec
c minimum 11440 : best 11440 (tmp 11440), kflips 2, 0.13 sec, 16.79 kflips/sec
c minimum 5683 : best 5683 (tmp 5683), kflips 2, 0.13 sec, 17.03 kflips/sec
c minimum 2821 : best 2821 (tmp 2821), kflips 2, 0.13 sec, 17.21 kflips/sec
c minimum 1396 : best 1396 (tmp 1396), kflips 2, 0.13 sec, 17.34 kflips/sec
c minimum 683 : best 683 (tmp 683), kflips 2, 0.13 sec, 17.43 kflips/sec
c minimum 335 : best 335 (tmp 335), kflips 2, 0.13 sec, 17.50 kflips/sec
c minimum 161 : best 161 (tmp 161), kflips 2, 0.13 sec, 17.57 kflips/sec
c minimum 66 : best 66 (tmp 66), kflips 2, 0.13 sec, 17.85 kflips/sec
c minimum 32 : best 32 (tmp 32), kflips 2, 0.13 sec, 17.91 kflips/sec
c minimum 15 : best 15 (tmp 15), kflips 2, 0.13 sec, 18.01 kflips/sec
c minimum 7 : best 7 (tmp 7), kflips 3, 0.13 sec, 19.66 kflips/sec
c minimum 3 : best 3 (tmp 3), kflips 6, 0.14 sec, 39.45 kflips/sec
c minimum 1 : best 1 (tmp 1), kflips 17, 0.17 sec, 96.45 kflips/sec
c restart 3 : best 1 (tmp 1), kflips 200, 0.68 sec, 293.27 kflips/sec
c restart 7 : best 1 (tmp 1), kflips 800, 2.47 sec, 324.48 kflips/sec
c minimum 0 : best 0 (tmp 0), kflips 1497, 4.47 sec, 334.60 kflips/sec
c winning strategy: --cached=1 --correct=0 --eager=0 --pol=0 --uni=0 --walk=0 --weight=5 (default)
c most flipped literal -1 flipped 10039 times
c reset FPU to original double precision mode
c 
s SATISFIABLE
v -1 2 -3 -4 -5 -6 -7 -8 9 -10 -11 -12 -13 -14 -15 16 -17 -18 -19 -20 -21
v 22 -23 -24 -25 -26 -27 -28 -29 -30 -31 -32 -33 34 -35 -36 -37 -38 -39 -40
v -41 -42 -43 -44 45 -46 -47 -48 -49 -50 -51 -52 -53 -54 -55 -56 -57 -58
v -59 -60 -61 -62 -63 64 -65 66 -67 -68 -69 -70 -71 -72 -73 -74 -75 -76 -77
v -78 -79 -80 -81 -82 -83 -84 -85 -86 87 -88 -89 -90 -91 -92 -93 -94 -95
v -96 -97 -98 -99 -100 -101 -102 -103 -104 -105 -106 -107 -108 -109 -110
v -111 -112 -113 -114 -115 -116 -117 -118 119 -120 -121 -122 -123 -124 -125
v -126 -127 -128 -129 -130 -131 -132 -133 -134 -135 -136 -137 -138 -139
v -140 -141 142 -143 -144 -145 -146 -147 -148 -149 -150 151 -152 -153 -154
v -155 -156 -157 -158 -159 -160 -161 -162 -163 -164 -165 -166 -167 -168
v -169 -170 -171 -172 -173 -174 -175 -176 -177 -178 -179 -180 -181 -182
v -183 -184 -185 -186 -187 -188 -189 -190 -191 -192 -193 -194 -195 -196
v -197 198 -199 -200 -201 -202 -203 -204 -205 -206 -207 -208 -209 -210 -211
v -212 -213 -214 -215 -216 -217 -218 -219 220 -221 -222 -223 -224 -225 -226
v -227 -228 -229 -230 -231 -232 -233 -234 -235 -236 -237 -238 -239 -240
v -241 -242 -243 -244 -245 -246 -247 -248 -249 -250 -251 252 -253 -254 -255
v -256 -257 -258 -259 -260 -261 -262 -263 -264 -265 -266 -267 -268 -269
v -270 -271 -272 -273 -274 -275 -276 -277 -278 -279 -280 -281 -282 -283
v -284 -285 -286 -287 -288 -289 290 -291 -292 -293 -294 -295 -296 -297 -298
v -299 -300 -301 -302 -303 -304 -305 -306 -307 -308 -309 -310 -311 -312
v -313 -314 -315 -316 -317 -318 -319 -320 -321 -322 -323 -324 -325 -326
v -327 -328 -329 -330 -331 -332 -333 -334 -335 -336 -337 -338 -339 -340
v -341 -342 -343 -344 -345 -346 -347 -348 -349 -350 351 -352 -353 -354 -355
v -356 -357 -358 -359 -360 -361 -362 -363 -364 -365 -366 -367 -368 -369
v -370 -371 -372 -373 -374 -375 -376 -377 -378 -379 -380 -381 -382 -383
v -384 -385 -386 -387 -388 -389 -390 -391 -392 -393 -394 -395 -396 -397
v -398 -399 -400 -401 -402 -403 -404 -405 -406 -407 -408 -409 -410 -411
v -412 -413 -414 -415 -416 -417 -418 -419 -420 -421 -422 -423 424 -425 -426
v -427 -428 -429 -430 -431 -432 -433 -434 -435 -436 -437 -438 -439 -440
v -441 -442 -443 -444 -445 -446 -447 -448 -449 -450 -451 -452 -453 -454
v -455 -456 -457 -458 -459 -460 -461 -462 -463 -464 -465 -466 -467 -468
v -469 -470 -471 -472 -473 -474 -475 -476 -477 -478 -479 -480 -481 -482
v -483 -484 -485 -486 -487 -488 -489 -490 -491 -492 -493 -494 -495 -496 497
v -498 -499 -500 -501 -502 -503 -504 -505 -506 -507 -508 -509 -510 -511
v -512 -513 -514 -515 -516 -517 -518 -519 -520 -521 -522 -523 -524 -525
v -526 -527 -528 -529 -530 -531 -532 -533 -534 -535 -536 -537 -538 -539
v -540 -541 -542 -543 -544 -545 -546 -547 -548 549 -550 -551 -552 -553 -554
v -555 -556 -557 -558 -559 -560 -561 -562 -563 -564 -565 -566 -567 -568
v -569 -570 -571 -572 -573 -574 -575 -576 -577 -578 -579 -580 -581 -582
v -583 -584 -585 -586 -587 -588 -589 -590 -591 -592 -593 -594 -595 -596
v -597 -598 -599 -600 -601 -602 -603 604 -605 -606 -607 -608 -609 -610 -611
v -612 -613 -614 -615 -616 -617 -618 -619 -620 -621 -622 -623 -624 -625
v -626 -627 -628 -629 -630 -631 -632 -633 -634 -635 -636 -637 -638 -639
v -640 -641 -642 -643 -644 -645 -646 -647 -648 -649 -650 -651 -652 -653
v -654 -655 -656 -657 -658 -659 -660 -661 -662 -663 -664 -665 -666 -667
v -668 -669 -670 -671 -672 -673 -674 -675 -676 -677 -678 -679 -680 -681
v -682 -683 -684 -685 -686 -687 -688 -689 -690 -691 -692 -693 -694 -695
v -696 -697 -698 -699 -700 -701 -702 -703 -704 -705 -706 -707 -708 -709
v -710 -711 -712 -713 -714 -715 -716 717 -718 -719 -720 -721 -722 -723 -724
v -725 -726 -727 -728 -729 -730 -731 -732 -733 -734 -735 -736 -737 -738
v -739 -740 -741 -742 -743 -744 -745 -746 -747 -748 -749 -750 -751 -752
v -753 -754 -755 -756 -757 -758 -759 -760 -761 -762 -763 -764 -765 -766
v -767 -768 -769 -770 -771 -772 -773 -774 -775 -776 -777 -778 -779 -780
v -781 -782 -783 -784 -785 -786 -787 -788 -789 -790 -791 -792 -793 -794
v -795 -796 -797 -798 -799 -800 -801 -802 -803 -804 -805 -806 807 -808 -809
v -810 -811 -812 -813 -814 -815 -816 -817 -818 -819 -820 -821 -822 -823
v -824 -825 -826 -827 -828 -829 -830 -831 -832 -833 -834 -835 -836 -837
v -838 -839 -840 -841 -842 -843 -844 -845 -846 -847 -848 -849 -850 -851
v -852 -853 -854 -855 -856 -857 -858 -859 -860 -861 -862 -863 -864 -865
v -866 -867 -868 -869 -870 -871 -872 -873 -874 -875 -876 -877 -878 -879
v -880 -881 -882 -883 -884 -885 -886 -887 -888 -889 -890 -891 -892 -893
v -894 -895 -896 -897 -898 -899 -900 -901 -902 -903 -904 -905 -906 -907
v -908 -909 -910 -911 -912 -913 -914 -915 -916 -917 -918 -919 -920 -921
v -922 -923 -924 -925 -926 -927 -928 -929 -930 -931 -932 -933 -934 -935
v -936 -937 -938 -939 -940 -941 -942 -943 -944 -945 -946 -947 -948 -949
v -950 -951 -952 -953 -954 -955 -956 -957 -958 -959 -960 -961 -962 -963
v -964 -965 -966 -967 -968 -969 -970 -971 -972 -973 -974 -975 -976 -977
v -978 -979 -980 -981 -982 -983 -984 -985 -986 -987 -988 -989 -990 -991
v -992 -993 -994 -995 -996 997 -998 -999 -1000 -1001 -1002 -1003 -1004
v -1005 -1006 -1007 -1008 -1009 -1010 -1011 -1012 -1013 -1014 -1015 -1016
v -1017 -1018 -1019 -1020 -1021 -1022 -1023 -1024 -1025 -1026 -1027 -1028
v -1029 -1030 -1031 -1032 -1033 -1034 -1035 -1036 -1037 -1038 1039 -1040
v -1041 -1042 -1043 -1044 -1045 -1046 -1047 -1048 -1049 -1050 -1051 -1052
v -1053 -1054 -1055 -1056 -1057 -1058 -1059 -1060 -1061 -1062 -1063 -1064
v -1065 -1066 -1067 -1068 -1069 -1070 -1071 -1072 -1073 -1074 -1075 -1076
v -1077 -1078 -1079 -1080 -1081 -1082 -1083 -1084 -1085 -1086 -1087 -1088
v -1089 -1090 -1091 -1092 -1093 -1094 -1095 -1096 -1097 -1098 -1099 -1100
v -1101 -1102 -1103 -1104 -1105 -1106 -1107 -1108 -1109 -1110 -1111 -1112
v -1113 -1114 -1115 -1116 -1117 -1118 -1119 -1120 -1121 -1122 -1123 -1124
v -1125 -1126 -1127 -1128 -1129 -1130 -1131 -1132 -1133 -1134 -1135 -1136
v -1137 -1138 -1139 -1140 -1141 -1142 -1143 -1144 -1145 -1146 -1147 -1148
v -1149 -1150 -1151 -1152 -1153 -1154 -1155 -1156 -1157 -1158 -1159 -1160
v -1161 -1162 -1163 -1164 -1165 -1166 -1167 -1168 -1169 -1170 -1171 -1172
v -1173 -1174 -1175 -1176 -1177 -1178 -1179 -1180 -1181 -1182 -1183 -1184
v -1185 -1186 -1187 -1188 -1189 -1190 -1191 -1192 -1193 -1194 -1195 -1196
v -1197 -1198 -1199 -1200 -1201 -1202 -1203 -1204 -1205 -1206 -1207 -1208
v -1209 -1210 -1211 -1212 -1213 -1214 -1215 -1216 -1217 -1218 -1219 -1220
v -1221 -1222 -1223 -1224 -1225 -1226 -1227 -1228 -1229 -1230 -1231 -1232
v -1233 -1234 -1235 -1236 -1237 -1238 -1239 -1240 -1241 -1242 -1243 -1244
v -1245 -1246 -1247 -1248 -1249 -1250 -1251 -1252 -1253 -1254 -1255 -1256
v -1257 -1258 -1259 -1260 -1261 -1262 -1263 -1264 -1265 -1266 -1267 -1268
v -1269 -1270 -1271 -1272 -1273 -1274 -1275 -1276 -1277 -1278 -1279 -1280
v -1281 -1282 -1283 -1284 -1285 1286 -1287 -1288 -1289 -1290 -1291 -1292
v -1293 -1294 -1295 -1296 -1297 -1298 -1299 -1300 -1301 -1302 -1303 -1304
v -1305 -1306 -1307 -1308 -1309 -1310 -1311 -1312 -1313 -1314 -1315 -1316
v -1317 -1318 -1319 -1320 -1321 -1322 -1323 -1324 -1325 -1326 -1327 -1328
v -1329 -1330 -1331 -1332 -1333 -1334 -1335 -1336 -1337 -1338 -1339 -1340
v -1341 -1342 -1343 -1344 -1345 -1346 -1347 -1348 -1349 -1350 -1351 -1352
v -1353 -1354 -1355 -1356 -1357 -1358 -1359 -1360 -1361 -1362 -1363 -1364
v -1365 -1366 -1367 -1368 -1369 -1370 -1371 -1372 -1373 -1374 -1375 -1376
v -1377 -1378 -1379 -1380 -1381 -1382 -1383 -1384 -1385 -1386 -1387 -1388
v -1389 -1390 -1391 -1392 -1393 -1394 -1395 -1396 -1397 -1398 -1399 -1400
v -1401 -1402 -1403 -1404 -1405 -1406 -1407 -1408 -1409 -1410 -1411 -1412
v -1413 -1414 -1415 -1416 -1417 -1418 -1419 -1420 -1421 -1422 -1423 -1424
v -1425 -1426 -1427 -1428 -1429 -1430 -1431 -1432 -1433 -1434 -1435 -1436
v -1437 -1438 -1439 -1440 -1441 -1442 -1443 -1444 -1445 -1446 -1447 -1448
v -1449 -1450 -1451 -1452 -1453 -1454 -1455 -1456 -1457 -1458 1459 -1460
v -1461 -1462 -1463 -1464 -1465 -1466 -1467 -1468 -1469 -1470 -1471 -1472
v -1473 -1474 -1475 -1476 -1477 -1478 -1479 -1480 -1481 -1482 -1483 -1484
v -1485 -1486 -1487 -1488 -1489 -1490 -1491 -1492 -1493 -1494 -1495 -1496
v -1497 -1498 -1499 -1500 -1501 -1502 -1503 -1504 -1505 -1506 -1507 -1508
v -1509 -1510 -1511 -1512 -1513 -1514 -1515 -1516 -1517 -1518 -1519 -1520
v -1521 -1522 -1523 -1524 -1525 -1526 -1527 -1528 -1529 -1530 -1531 -1532
v -1533 -1534 -1535 -1536 -1537 -1538 -1539 -1540 -1541 -1542 -1543 -1544
v -1545 -1546 -1547 -1548 -1549 -1550 -1551 -1552 -1553 -1554 -1555 -1556
v -1557 -1558 -1559 -1560 -1561 -1562 -1563 -1564 -1565 -1566 -1567 -1568
v -1569 -1570 -1571 -1572 -1573 -1574 -1575 -1576 -1577 -1578 -1579 -1580
v -1581 -1582 -1583 -1584 -1585 -1586 -1587 -1588 -1589 -1590 -1591 -1592
v -1593 -1594 -1595 -1596 -1597 -1598 -1599 -1600 -1601 -1602 -1603 -1604
v -1605 -1606 -1607 -1608 -1609 -1610 -1611 -1612 -1613 -1614 -1615 -1616
v -1617 -1618 -1619 -1620 -1621 -1622 -1623 -1624 1625 -1626 -1627 -1628
v -1629 -1630 -1631 -1632 -1633 -1634 -1635 -1636 -1637 -1638 -1639 -1640
v -1641 -1642 -1643 -1644 -1645 -1646 -1647 -1648 -1649 -1650 -1651 -1652
v -1653 -1654 -1655 -1656 -1657 -1658 -1659 -1660 -1661 -1662 -1663 -1664
v -1665 -1666 -1667 -1668 -1669 -1670 -1671 -1672 -1673 -1674 -1675 -1676
v -1677 -1678 -1679 -1680 -1681 -1682 -1683 -1684 -1685 -1686 -1687 -1688
v -1689 -1690 -1691 -1692 -1693 -1694 -1695 -1696 -1697 -1698 -1699 -1700
v -1701 -1702 -1703 -1704 -1705 -1706 -1707 -1708 -1709 -1710 -1711 -1712
v -1713 -1714 -1715 -1716 -1717 -1718 -1719 -1720 -1721 -1722 -1723 -1724
v -1725 -1726 -1727 -1728 -1729 -1730 -1731 -1732 -1733 -1734 -1735 -1736
v -1737 -1738 -1739 -1740 -1741 -1742 -1743 -1744 -1745 -1746 -1747 -1748
v -1749 -1750 -1751 -1752 -1753 -1754 -1755 -1756 -1757 -1758 -1759 -1760
v -1761 -1762 -1763 -1764 -1765 -1766 -1767 -1768 -1769 -1770 -1771 -1772
v -1773 -1774 -1775 -1776 -1777 -1778 -1779 -1780 -1781 -1782 -1783 -1784
v -1785 -1786 -1787 -1788 -1789 -1790 -1791 -1792 -1793 -1794 -1795 -1796
v -1797 -1798 -1799 -1800 -1801 -1802 -1803 -1804 -1805 -1806 -1807 -1808
v -1809 -1810 -1811 -1812 -1813 -1814 -1815 -1816 -1817 -1818 -1819 -1820
v -1821 -1822 -1823 -1824 -1825 -1826 -1827 -1828 -1829 -1830 -1831 -1832
v -1833 -1834 -1835 -1836 -1837 -1838 -1839 -1840 -1841 -1842 -1843 -1844
v -1845 -1846 -1847 -1848 -1849 -1850 -1851 -1852 -1853 -1854 -1855 -1856
v -1857 -1858 -1859 -1860 -1861 -1862 -1863 -1864 -1865 -1866 -1867 -1868
v -1869 -1870 -1871 -1872 -1873 -1874 -1875 -1876 -1877 -1878 -1879 -1880
v -1881 -1882 -1883 -1884 -1885 -1886 -1887 -1888 -1889 -1890 -1891 -1892
v -1893 -1894 -1895 -1896 -1897 -1898 -1899 -1900 -1901 -1902 -1903 -1904
v -1905 -1906 -1907 -1908 -1909 -1910 -1911 -1912 -1913 -1914 -1915 -1916
v -1917 -1918 -1919 -1920 -1921 -1922 -1923 -1924 -1925 -1926 -1927 -1928
v -1929 -1930 -1931 -1932 -1933 -1934 -1935 -1936 -1937 -1938 -1939 -1940
v -1941 -1942 -1943 -1944 -1945 -1946 -1947 -1948 -1949 -1950 -1951 -1952
v -1953 -1954 -1955 -1956 -1957 -1958 -1959 -1960 -1961 -1962 -1963 -1964
v -1965 -1966 -1967 -1968 -1969 -1970 -1971 -1972 -1973 -1974 -1975 -1976
v -1977 -1978 -1979 -1980 -1981 -1982 -1983 -1984 -1985 -1986 -1987 -1988
v -1989 -1990 -1991 -1992 -1993 -1994 -1995 -1996 -1997 -1998 -1999 -2000
v -2001 -2002 -2003 -2004 -2005 -2006 -2007 -2008 -2009 -2010 -2011 -2012
v -2013 -2014 -2015 -2016 -2017 -2018 -2019 -2020 -2021 -2022 -2023 -2024
v -2025 -2026 -2027 -2028 -2029 -2030 -2031 -2032 -2033 -2034 -2035 -2036
v -2037 -2038 -2039 -2040 -2041 -2042 -2043 -2044 -2045 -2046 -2047 -2048
v -2049 -2050 -2051 -2052 -2053 -2054 -2055 -2056 -2057 -2058 -2059 -2060
v -2061 -2062 -2063 -2064 -2065 -2066 -2067 -2068 -2069 -2070 -2071 -2072
v -2073 -2074 -2075 -2076 -2077 -2078 -2079 -2080 -2081 -2082 -2083 -2084
v -2085 -2086 -2087 -2088 -2089 -2090 -2091 -2092 -2093 -2094 -2095 -2096
v -2097 -2098 -2099 -2100 -2101 -2102 -2103 -2104 -2105 -2106 -2107 -2108
v -2109 -2110 -2111 -2112 -2113 -2114 -2115 -2116 -2117 -2118 -2119 -2120
v -2121 -2122 -2123 -2124 -2125 -2126 -2127 -2128 -2129 -2130 -2131 -2132
v -2133 -2134 -2135 -2136 -2137 -2138 -2139 -2140 -2141 -2142 -2143 -2144
v -2145 -2146 -2147 -2148 -2149 -2150 -2151 -2152 -2153 -2154 -2155 -2156
v -2157 -2158 -2159 -2160 -2161 -2162 -2163 -2164 -2165 -2166 -2167 -2168
v -2169 -2170 -2171 -2172 -2173 -2174 -2175 -2176 -2177 -2178 -2179 -2180
v -2181 -2182 -2183 -2184 -2185 -2186 -2187 -2188 -2189 -2190 -2191 -2192
v -2193 -2194 -2195 -2196 -2197 -2198 -2199 -2200 -2201 -2202 -2203 -2204
v -2205 -2206 -2207 -2208 -2209 -2210 -2211 -2212 -2213 -2214 -2215 -2216
v -2217 -2218 2219 -2220 -2221 -2222 -2223 -2224 -2225 -2226 -2227 -2228
v -2229 -2230 -2231 -2232 -2233 -2234 -2235 -2236 -2237 -2238 -2239 -2240
v -2241 -2242 -2243 -2244 -2245 -2246 -2247 -2248 -2249 -2250 -2251 -2252
v -2253 -2254 -2255 -2256 -2257 -2258 -2259 -2260 -2261 -2262 -2263 -2264
v -2265 -2266 -2267 -2268 -2269 -2270 -2271 -2272 -2273 -2274 -2275 -2276
v -2277 -2278 -2279 -2280 -2281 -2282 -2283 -2284 -2285 -2286 -2287 -2288
v -2289 -2290 -2291 -2292 -2293 -2294 -2295 -2296 -2297 -2298 -2299 -2300
v -2301 -2302 -2303 -2304 -2305 -2306 -2307 -2308 -2309 -2310 -2311 -2312
v -2313 -2314 -2315 -2316 -2317 -2318 -2319 -2320 -2321 -2322 -2323 -2324
v -2325 -2326 -2327 -2328 -2329 -2330 -2331 -2332 -2333 -2334 -2335 -2336
v -2337 -2338 -2339 -2340 -2341 -2342 -2343 -2344 -2345 -2346 -2347 -2348
v -2349 -2350 -2351 -2352 -2353 -2354 -2355 -2356 -2357 -2358 -2359 -2360
v -2361 -2362 -2363 -2364 -2365 -2366 -2367 -2368 -2369 -2370 -2371 -2372
v -2373 -2374 -2375 -2376 -2377 -2378 -2379 -2380 -2381 -2382 -2383 -2384
v -2385 -2386 -2387 -2388 -2389 -2390 -2391 -2392 -2393 -2394 -2395 -2396
v -2397 -2398 -2399 -2400 -2401 -2402 -2403 -2404 -2405 -2406 -2407 -2408
v -2409 -2410 -2411 -2412 -2413 -2414 -2415 -2416 -2417 -2418 -2419 -2420
v -2421 -2422 -2423 -2424 -2425 -2426 -2427 -2428 -2429 -2430 -2431 -2432
v -2433 -2434 -2435 -2436 -2437 -2438 -2439 -2440 -2441 -2442 -2443 -2444
v -2445 -2446 -2447 -2448 -2449 -2450 -2451 -2452 -2453 -2454 -2455 -2456
v -2457 -2458 -2459 -2460 -2461 -2462 -2463 -2464 -2465 -2466 -2467 -2468
v -2469 -2470 -2471 -2472 -2473 -2474 -2475 -2476 -2477 -2478 -2479 -2480
v -2481 -2482 -2483 -2484 -2485 -2486 -2487 -2488 -2489 -2490 -2491 -2492
v -2493 -2494 -2495 -2496 -2497 -2498 -2499 -2500 -2501 -2502 -2503 -2504
v -2505 -2506 -2507 -2508 -2509 -2510 -2511 -2512 -2513 -2514 -2515 -2516
v -2517 -2518 -2519 -2520 -2521 -2522 -2523 -2524 -2525 -2526 -2527 -2528
v -2529 -2530 -2531 -2532 -2533 -2534 -2535 -2536 -2537 -2538 -2539 -2540
v -2541 -2542 -2543 -2544 -2545 -2546 -2547 -2548 -2549 -2550 -2551 -2552
v -2553 -2554 -2555 -2556 -2557 -2558 -2559 -2560 -2561 -2562 -2563 -2564
v -2565 -2566 -2567 -2568 -2569 -2570 -2571 -2572 -2573 -2574 -2575 -2576
v -2577 -2578 -2579 -2580 -2581 -2582 -2583 -2584 -2585 -2586 -2587 -2588
v -2589 -2590 -2591 -2592 -2593 -2594 -2595 -2596 -2597 -2598 -2599 -2600
v -2601 -2602 -2603 -2604 -2605 -2606 -2607 -2608 -2609 -2610 -2611 -2612
v -2613 -2614 -2615 -2616 -2617 -2618 -2619 -2620 -2621 -2622 -2623 -2624
v -2625 -2626 -2627 -2628 -2629 -2630 -2631 -2632 -2633 -2634 -2635 -2636
v -2637 -2638 -2639 -2640 -2641 -2642 -2643 -2644 -2645 -2646 -2647 -2648
v -2649 -2650 -2651 -2652 -2653 -2654 -2655 -2656 -2657 -2658 -2659 -2660
v -2661 -2662 -2663 -2664 -2665 -2666 -2667 -2668 -2669 -2670 -2671 -2672
v -2673 -2674 -2675 -2676 -2677 -2678 -2679 -2680 -2681 -2682 -2683 -2684
v -2685 -2686 -2687 -2688 -2689 -2690 -2691 -2692 -2693 -2694 -2695 -2696
v -2697 -2698 2699 -2700 -2701 -2702 -2703 -2704 -2705 -2706 -2707 -2708
v -2709 -2710 -2711 -2712 -2713 -2714 -2715 -2716 -2717 -2718 -2719 -2720
v -2721 -2722 -2723 -2724 -2725 -2726 -2727 -2728 -2729 -2730 -2731 -2732
v -2733 -2734 -2735 -2736 -2737 -2738 -2739 -2740 -2741 -2742 -2743 -2744
v -2745 -2746 -2747 -2748 -2749 -2750 -2751 -2752 -2753 -2754 -2755 -2756
v -2757 -2758 -2759 -2760 -2761 -2762 -2763 -2764 -2765 -2766 -2767 -2768
v -2769 -2770 -2771 -2772 -2773 -2774 -2775 -2776 -2777 -2778 -2779 -2780
v -2781 -2782 -2783 -2784 -2785 -2786 -2787 -2788 -2789 -2790 -2791 -2792
v -2793 -2794 -2795 -2796 -2797 -2798 -2799 -2800 -2801 -2802 -2803 -2804
v -2805 -2806 -2807 -2808 -2809 -2810 -2811 -2812 -2813 -2814 -2815 -2816
v -2817 -2818 -2819 -2820 -2821 -2822 -2823 -2824 -2825 -2826 -2827 -2828
v -2829 -2830 -2831 -2832 -2833 -2834 -2835 -2836 -2837 -2838 -2839 -2840
v -2841 -2842 -2843 -2844 -2845 -2846 -2847 -2848 -2849 -2850 -2851 -2852
v -2853 -2854 -2855 -2856 -2857 -2858 -2859 -2860 -2861 -2862 -2863 -2864
v -2865 -2866 -2867 -2868 -2869 -2870 -2871 -2872 -2873 -2874 -2875 -2876
v -2877 -2878 -2879 -2880 -2881 -2882 -2883 -2884 -2885 -2886 -2887 -2888
v -2889 -2890 -2891 -2892 -2893 -2894 -2895 -2896 -2897 -2898 -2899 -2900
v -2901 -2902 -2903 -2904 -2905 -2906 -2907 -2908 -2909 -2910 -2911 -2912
v -2913 -2914 -2915 -2916 -2917 -2918 -2919 -2920 -2921 -2922 -2923 -2924
v -2925 -2926 -2927 -2928 -2929 -2930 -2931 -2932 -2933 -2934 -2935 -2936
v -2937 -2938 -2939 -2940 -2941 -2942 -2943 -2944 -2945 -2946 -2947 -2948
v -2949 -2950 -2951 -2952 -2953 -2954 -2955 -2956 -2957 -2958 -2959 -2960
v -2961 -2962 -2963 -2964 -2965 -2966 -2967 -2968 -2969 -2970 -2971 -2972
v -2973 -2974 -2975 -2976 -2977 -2978 -2979 -2980 -2981 -2982 -2983 -2984
v -2985 -2986 -2987 -2988 -2989 -2990 -2991 -2992 2993 -2994 -2995 -2996
v -2997 -2998 -2999 -3000 -3001 -3002 -3003 -3004 -3005 -3006 -3007 -3008
v -3009 -3010 -3011 -3012 -3013 -3014 -3015 -3016 -3017 -3018 -3019 -3020
v -3021 -3022 -3023 -3024 -3025 -3026 -3027 -3028 -3029 -3030 -3031 -3032
v -3033 -3034 -3035 -3036 -3037 -3038 -3039 -3040 -3041 -3042 -3043 -3044
v -3045 -3046 -3047 -3048 -3049 -3050 -3051 -3052 -3053 -3054 -3055 -3056
v -3057 -3058 -3059 -3060 -3061 -3062 -3063 -3064 -3065 -3066 -3067 -3068
v -3069 -3070 -3071 -3072 -3073 -3074 -3075 -3076 -3077 -3078 -3079 -3080
v -3081 -3082 -3083 -3084 -3085 -3086 -3087 -3088 -3089 -3090 -3091 -3092
v -3093 -3094 -3095 -3096 -3097 -3098 -3099 -3100 -3101 -3102 -3103 -3104
v -3105 -3106 -3107 -3108 -3109 -3110 -3111 -3112 -3113 -3114 -3115 -3116
v -3117 -3118 -3119 -3120 -3121 -3122 -3123 -3124 -3125 -3126 -3127 -3128
v -3129 -3130 -3131 -3132 -3133 -3134 -3135 -3136 -3137 -3138 -3139 -3140
v -3141 -3142 -3143 -3144 -3145 -3146 -3147 -3148 -3149 -3150 -3151 -3152
v -3153 -3154 -3155 -3156 -3157 -3158 -3159 -3160 -3161 -3162 -3163 -3164
v -3165 -3166 -3167 -3168 -3169 -3170 -3171 -3172 -3173 -3174 -3175 -3176
v -3177 -3178 -3179 -3180 -3181 -3182 -3183 -3184 -3185 -3186 -3187 -3188
v -3189 -3190 -3191 -3192 -3193 -3194 -3195 -3196 -3197 -3198 -3199 -3200
v -3201 -3202 -3203 -3204 -3205 -3206 -3207 -3208 -3209 -3210 -3211 -3212
v -3213 -3214 -3215 -3216 -3217 -3218 -3219 -3220 -3221 -3222 -3223 -3224
v -3225 -3226 -3227 -3228 -3229 -3230 -3231 -3232 -3233 -3234 -3235 -3236
v -3237 -3238 -3239 -3240 -3241 -3242 -3243 -3244 -3245 -3246 -3247 -3248
v -3249 -3250 -3251 -3252 -3253 -3254 -3255 -3256 -3257 -3258 -3259 -3260
v -3261 -3262 -3263 -3264 -3265 -3266 -3267 -3268 -3269 -3270 -3271 -3272
v -3273 -3274 -3275 -3276 -3277 -3278 -3279 -3280 -3281 -3282 -3283 -3284
v -3285 -3286 -3287 -3288 -3289 -3290 -3291 -3292 -3293 -3294 -3295 -3296
v -3297 -3298 -3299 -3300 -3301 -3302 -3303 -3304 -3305 -3306 -3307 -3308
v -3309 -3310 -3311 -3312 -3313 -3314 -3315 -3316 -3317 -3318 -3319 -3320
v -3321 -3322 -3323 -3324 -3325 -3326 -3327 -3328 -3329 -3330 -3331 -3332
v -3333 -3334 -3335 -3336 -3337 -3338 -3339 -3340 -3341 -3342 -3343 -3344
v -3345 -3346 -3347 -3348 -3349 -3350 -3351 -3352 -3353 -3354 -3355 -3356
v -3357 -3358 -3359 -3360 -3361 -3362 -3363 -3364 -3365 -3366 -3367 -3368
v -3369 -3370 -3371 -3372 -3373 -3374 -3375 -3376 -3377 -3378 -3379 -3380
v -3381 -3382 -3383 -3384 -3385 -3386 -3387 -3388 -3389 -3390 -3391 -3392
v -3393 -3394 -3395 -3396 -3397 -3398 -3399 -3400 -3401 -3402 -3403 -3404
v -3405 -3406 -3407 -3408 -3409 -3410 -3411 -3412 -3413 -3414 -3415 -3416
v -3417 -3418 -3419 -3420 -3421 -3422 -3423 -3424 -3425 -3426 -3427 -3428
v -3429 -3430 -3431 -3432 -3433 -3434 -3435 -3436 -3437 -3438 -3439 -3440
v -3441 -3442 -3443 -3444 -3445 -3446 -3447 -3448 -3449 -3450 -3451 -3452
v -3453 -3454 -3455 -3456 -3457 -3458 -3459 -3460 -3461 -3462 -3463 -3464
v -3465 -3466 -3467 -3468 -3469 -3470 -3471 -3472 -3473 -3474 -3475 -3476
v -3477 -3478 -3479 -3480 -3481 -3482 -3483 -3484 -3485 -3486 -3487 -3488
v -3489 -3490 -3491 -3492 -3493 -3494 -3495 -3496 -3497 -3498 -3499 -3500
v -3501 -3502 -3503 -3504 -3505 -3506 -3507 -3508 -3509 -3510 -3511 -3512
v -3513 -3514 -3515 -3516 -3517 -3518 -3519 -3520 -3521 -3522 -3523 -3524
v -3525 -3526 -3527 -3528 -3529 -3530 -3531 -3532 -3533 -3534 -3535 -3536
v -3537 -3538 -3539 -3540 -3541 -3542 -3543 -3544 -3545 -3546 -3547 -3548
v -3549 -3550 -3551 -3552 -3553 -3554 -3555 -3556 -3557 -3558 -3559 -3560
v -3561 -3562 -3563 -3564 -3565 -3566 -3567 -3568 -3569 -3570 -3571 -3572
v -3573 -3574 -3575 -3576 -3577 -3578 -3579 -3580 -3581 -3582 -3583 -3584
v -3585 -3586 -3587 -3588 -3589 -3590 -3591 -3592 -3593 -3594 -3595 -3596
v -3597 -3598 -3599 -3600 -3601 -3602 -3603 -3604 -3605 -3606 -3607 -3608
v -3609 -3610 -3611 -3612 -3613 -3614 -3615 -3616 -3617 -3618 -3619 -3620
v -3621 -3622 -3623 -3624 -3625 -3626 -3627 -3628 -3629 -3630 -3631 -3632
v -3633 -3634 -3635 -3636 -3637 -3638 -3639 -3640 -3641 -3642 -3643 -3644
v -3645 -3646 -3647 -3648 -3649 -3650 -3651 -3652 -3653 -3654 -3655 -3656
v -3657 -3658 -3659 -3660 -3661 -3662 -3663 -3664 -3665 -3666 -3667 -3668
v -3669 -3670 -3671 -3672 -3673 -3674 -3675 -3676 -3677 -3678 -3679 -3680
v -3681 -3682 -3683 -3684 -3685 -3686 -3687 -3688 -3689 -3690 -3691 -3692
v -3693 -3694 -3695 -3696 -3697 -3698 -3699 -3700 -3701 -3702 -3703 -3704
v -3705 -3706 3707 -3708 -3709 -3710 -3711 -3712 -3713 -3714 -3715 -3716
v -3717 -3718 -3719 -3720 -3721 -3722 -3723 -3724 -3725 -3726 -3727 -3728
v -3729 -3730 -3731 -3732 -3733 -3734 -3735 -3736 -3737 -3738 -3739 -3740
v -3741 -3742 -3743 -3744 -3745 -3746 -3747 -3748 -3749 -3750 -3751 -3752
v -3753 -3754 -3755 -3756 -3757 -3758 -3759 -3760 -3761 -3762 -3763 -3764
v -3765 -3766 -3767 -3768 -3769 -3770 -3771 -3772 -3773 -3774 -3775 -3776
v -3777 -3778 -3779 -3780 -3781 -3782 -3783 -3784 -3785 -3786 -3787 -3788
v -3789 -3790 -3791 -3792 -3793 -3794 -3795 -3796 -3797 -3798 -3799 -3800
v -3801 -3802 -3803 -3804 -3805 -3806 -3807 -3808 -3809 -3810 -3811 -3812
v -3813 -3814 -3815 -3816 -3817 -3818 -3819 -3820 -3821 -3822 -3823 -3824
v -3825 -3826 -3827 -3828 -3829 -3830 -3831 -3832 -3833 -3834 -3835 -3836
v -3837 -3838 -3839 -3840 -3841 -3842 -3843 -3844 -3845 -3846 -3847 -3848
v -3849 -3850 -3851 -3852 -3853 -3854 -3855 -3856 -3857 -3858 -3859 -3860
v -3861 -3862 -3863 -3864 -3865 -3866 -3867 -3868 -3869 -3870 -3871 -3872
v -3873 -3874 -3875 -3876 -3877 -3878 -3879 -3880 -3881 -3882 -3883 -3884
v -3885 -3886 -3887 -3888 -3889 -3890 -3891 -3892 -3893 -3894 -3895 -3896
v -3897 -3898 -3899 -3900 -3901 -3902 -3903 -3904 -3905 -3906 -3907 -3908
v -3909 -3910 -3911 -3912 -3913 -3914 -3915 -3916 -3917 -3918 -3919 -3920
v -3921 -3922 -3923 -3924 -3925 -3926 -3927 -3928 -3929 -3930 -3931 -3932
v -3933 -3934 -3935 -3936 -3937 -3938 -3939 -3940 -3941 -3942 -3943 -3944
v -3945 -3946 -3947 -3948 -3949 -3950 -3951 -3952 -3953 -3954 -3955 -3956
v -3957 -3958 -3959 -3960 -3961 -3962 -3963 -3964 -3965 -3966 -3967 -3968
v -3969 -3970 -3971 -3972 -3973 -3974 -3975 -3976 -3977 -3978 -3979 -3980
v -3981 -3982 -3983 -3984 -3985 -3986 -3987 -3988 -3989 -3990 -3991 -3992
v -3993 -3994 -3995 -3996 -3997 -3998 -3999 -4000 -4001 -4002 -4003 -4004
v -4005 -4006 -4007 -4008 -4009 -4010 -4011 -4012 -4013 -4014 -4015 -4016
v -4017 -4018 -4019 -4020 -4021 -4022 -4023 -4024 -4025 -4026 -4027 -4028
v -4029 -4030 -4031 -4032 -4033 -4034 -4035 -4036 -4037 -4038 -4039 -4040
v -4041 -4042 -4043 -4044 -4045 -4046 -4047 -4048 -4049 -4050 -4051 -4052
v -4053 -4054 -4055 -4056 -4057 -4058 -4059 -4060 -4061 -4062 -4063 -4064
v -4065 -4066 -4067 -4068 -4069 -4070 -4071 -4072 -4073 -4074 -4075 -4076
v -4077 -4078 -4079 -4080 -4081 -4082 -4083 -4084 -4085 -4086 -4087 -4088
v -4089 -4090 -4091 -4092 -4093 -4094 -4095 -4096 -4097 -4098 -4099 -4100
v -4101 -4102 -4103 -4104 -4105 -4106 -4107 -4108 -4109 -4110 -4111 -4112
v -4113 -4114 -4115 -4116 -4117 -4118 -4119 -4120 -4121 -4122 -4123 -4124
v -4125 -4126 -4127 -4128 -4129 -4130 -4131 -4132 -4133 -4134 -4135 -4136
v -4137 -4138 -4139 -4140 -4141 -4142 -4143 -4144 -4145 -4146 -4147 -4148
v -4149 -4150 -4151 -4152 -4153 -4154 -4155 -4156 -4157 -4158 -4159 -4160
v -4161 -4162 -4163 -4164 -4165 -4166 -4167 -4168 -4169 -4170 -4171 -4172
v -4173 -4174 -4175 -4176 -4177 -4178 -4179 -4180 -4181 -4182 -4183 -4184
v -4185 -4186 -4187 -4188 -4189 -4190 -4191 -4192 -4193 -4194 -4195 -4196
v -4197 -4198 -4199 -4200 -4201 -4202 -4203 -4204 -4205 -4206 -4207 -4208
v -4209 -4210 -4211 -4212 -4213 -4214 -4215 -4216 -4217 -4218 -4219 -4220
v -4221 -4222 -4223 -4224 -4225 -4226 -4227 -4228 -4229 -4230 -4231 -4232
v -4233 -4234 -4235 -4236 -4237 -4238 -4239 -4240 -4241 -4242 -4243 -4244
v -4245 -4246 -4247 -4248 -4249 -4250 -4251 -4252 -4253 -4254 -4255 -4256
v -4257 -4258 -4259 -4260 -4261 -4262 -4263 -4264 -4265 -4266 -4267 -4268
v -4269 -4270 -4271 -4272 -4273 -4274 -4275 -4276 -4277 -4278 -4279 -4280
v -4281 -4282 -4283 -4284 -4285 -4286 -4287 -4288 -4289 -4290 -4291 -4292
v -4293 -4294 -4295 -4296 -4297 -4298 -4299 -4300 -4301 -4302 -4303 -4304
v -4305 -4306 -4307 -4308 -4309 -4310 -4311 -4312 -4313 -4314 -4315 -4316
v -4317 -4318 -4319 -4320 -4321 -4322 -4323 -4324 -4325 -4326 -4327 -4328
v -4329 -4330 -4331 -4332 -4333 -4334 -4335 -4336 -4337 -4338 -4339 -4340
v -4341 -4342 -4343 -4344 -4345 -4346 -4347 -4348 -4349 -4350 -4351 -4352
v -4353 -4354 -4355 -4356 -4357 -4358 -4359 -4360 -4361 -4362 -4363 -4364
v -4365 -4366 -4367 -4368 -4369 -4370 -4371 -4372 -4373 -4374 -4375 -4376
v -4377 -4378 -4379 -4380 -4381 -4382 -4383 -4384 -4385 -4386 -4387 -4388
v -4389 -4390 -4391 -4392 -4393 -4394 -4395 -4396 -4397 -4398 -4399 -4400
v -4401 -4402 -4403 -4404 -4405 -4406 -4407 -4408 -4409 -4410 -4411 -4412
v -4413 -4414 -4415 -4416 -4417 -4418 -4419 -4420 -4421 -4422 -4423 -4424
v -4425 -4426 -4427 -4428 -4429 -4430 -4431 -4432 -4433 -4434 -4435 -4436
v -4437 -4438 -4439 -4440 -4441 -4442 -4443 -4444 -4445 -4446 -4447 -4448
v -4449 -4450 -4451 -4452 -4453 -4454 -4455 -4456 -4457 -4458 -4459 -4460
v -4461 -4462 -4463 -4464 -4465 -4466 -4467 -4468 -4469 -4470 -4471 -4472
v -4473 -4474 -4475 -4476 -4477 -4478 -4479 -4480 -4481 -4482 -4483 -4484
v -4485 -4486 -4487 -4488 -4489 -4490 -4491 -4492 -4493 -4494 -4495 -4496
v -4497 -4498 -4499 -4500 -4501 -4502 -4503 -4504 -4505 -4506 -4507 -4508
v -4509 -4510 -4511 -4512 -4513 -4514 -4515 -4516 -4517 -4518 -4519 -4520
v -4521 -4522 -4523 -4524 -4525 -4526 -4527 -4528 -4529 -4530 -4531 -4532
v -4533 -4534 -4535 -4536 -4537 -4538 -4539 -4540 -4541 -4542 -4543 -4544
v -4545 -4546 -4547 -4548 -4549 -4550 -4551 -4552 -4553 -4554 -4555 -4556
v -4557 -4558 -4559 -4560 -4561 -4562 -4563 -4564 -4565 -4566 -4567 -4568
v -4569 -4570 -4571 -4572 -4573 -4574 -4575 -4576 -4577 -4578 -4579 -4580
v -4581 -4582 -4583 -4584 -4585 -4586 -4587 -4588 -4589 -4590 -4591 -4592
v -4593 -4594 -4595 -4596 -4597 -4598 -4599 -4600 -4601 -4602 -4603 -4604
v -4605 -4606 -4607 -4608 -4609 -4610 -4611 -4612 -4613 -4614 -4615 -4616
v -4617 -4618 -4619 -4620 -4621 -4622 -4623 -4624 -4625 -4626 -4627 -4628
v -4629 -4630 -4631 -4632 -4633 -4634 -4635 -4636 -4637 -4638 -4639 -4640
v -4641 -4642 -4643 -4644 -4645 -4646 -4647 -4648 -4649 -4650 -4651 -4652
v -4653 -4654 -4655 -4656 -4657 -4658 -4659 -4660 -4661 -4662 -4663 -4664
v -4665 -4666 -4667 -4668 -4669 -4670 -4671 -4672 -4673 -4674 -4675 -4676
v -4677 -4678 -4679 -4680 -4681 -4682 -4683 -4684 -4685 -4686 -4687 -4688
v -4689 -4690 -4691 -4692 -4693 -4694 -4695 -4696 -4697 -4698 -4699 -4700
v -4701 -4702 -4703 -4704 -4705 -4706 -4707 -4708 -4709 -4710 -4711 -4712
v -4713 -4714 -4715 -4716 -4717 -4718 -4719 -4720 -4721 -4722 -4723 -4724
v -4725 -4726 -4727 -4728 -4729 -4730 -4731 -4732 -4733 -4734 -4735 -4736
v -4737 -4738 -4739 -4740 -4741 -4742 -4743 -4744 -4745 -4746 -4747 -4748
v -4749 -4750 -4751 -4752 -4753 -4754 -4755 -4756 -4757 -4758 -4759 -4760
v -4761 -4762 -4763 -4764 -4765 -4766 -4767 -4768 -4769 -4770 -4771 -4772
v -4773 -4774 -4775 -4776 -4777 -4778 -4779 -4780 -4781 -4782 -4783 -4784
v -4785 -4786 -4787 -4788 -4789 -4790 -4791 -4792 -4793 -4794 -4795 -4796
v -4797 -4798 -4799 -4800 -4801 -4802 -4803 -4804 -4805 -4806 -4807 -4808
v -4809 -4810 -4811 -4812 -4813 -4814 -4815 -4816 -4817 -4818 -4819 -4820
v -4821 -4822 -4823 -4824 -4825 -4826 -4827 -4828 -4829 -4830 -4831 -4832
v -4833 -4834 -4835 -4836 -4837 -4838 -4839 -4840 -4841 -4842 -4843 -4844
v -4845 -4846 -4847 -4848 -4849 -4850 -4851 -4852 -4853 -4854 -4855 -4856
v -4857 -4858 -4859 -4860 -4861 -4862 -4863 -4864 -4865 -4866 -4867 -4868
v -4869 -4870 -4871 -4872 -4873 -4874 -4875 -4876 -4877 -4878 -4879 -4880
v -4881 -4882 -4883 -4884 -4885 -4886 -4887 -4888 -4889 -4890 -4891 -4892
v -4893 -4894 -4895 -4896 -4897 -4898 -4899 -4900 -4901 -4902 -4903 -4904 0
c 
c final minimum of 0 unsatisfied clauses
c restart time 0.178 seconds 4%
c 10 inner restarts, 400000 maximum interval
c 0 outer restarts, 0 maximum interval
c default strategy 4 40%, random strategy 6 60%
c picked best=0 cached=5 keep=1 pos=0 neg=1 rnd=4
c cached 6 assignments, 1 replaced 17%, 3 skipped, 5 size
c 14 sigchecks, 14 negative 100%, 0 positive 0%, 0 false 0%
c allocated max 11 chunks 524021 links 748689 unfair
c 174 defragmentations in 0.013 seconds 0%
c moved 712843 in total and 4096.8 on average per defragmentation
c 5759706 broken, 3.85 broken/flip, 7314356 made, 4.89 made/flip
c 1152 maximum 0 minimum sum of weighted breaks
c 171019.225 unsat clauses on average
c 163406838 incs 1.100 avg satcnt, 157192128 decs 2.118 avg satcnt
c inc0 4.89 4.48%, inc1 91.67 83.96%, inc2 9.79 8.97%, incl 2.83 2.59%
c dec1 3.85 3.66%, dec2 88.50 84.27%, dec3 9.80 9.33%, decl 2.88 2.74%
c megamems: 952 all 100%, 21 lits 2%, 321 crit 34%, 287 weight 30%
c megamems: 3 occs 0%, 0 read 0%, 321 update 34%
c 212.3 million mems per second, 636.0 mems per flip
c 4.5 seconds searching, 74.2 MB maximally allocated (77850803 bytes)
c 1496713 flips, 333.77 thousand flips per second
c 258290 eager best break flips 17.3%
c 247969 random walks 16.6%
c minimum 0 hit 1 times, maximum 394050
c total process time of 4.68 seconds
c maximally allocated 74.2 MB
c reset 5 cache lines
c 
c YalSAT returns with exit code 10
